[0.056s] Invoking command in '/home/sangjun/camel-amr-projects-V1/build/amr_msg_interfaces': CMAKE_PREFIX_PATH=/home/sangjun/ros2_test_ws/install/test:/home/sangjun/camel-amr-projects-V1/install/amr-main-pkg:/home/sangjun/camel-amr-projects-V1/install/amr_msg_interfaces:/home/sangjun/camel-amr-projects-V1/install/amr-obstacle-pkg:/home/sangjun/camel-amr-projects-V1/install/amr-gazebo-pkg:/opt/ros/foxy:/home/sangjun/catkin_ws/devel:/opt/ros/noetic /usr/local/bin/cmake --build /home/sangjun/camel-amr-projects-V1/build/amr_msg_interfaces -- -j6 -l6
[0.123s] [  2%] Built target amr_msg_interfaces__cpp
[0.184s] [ 12%] Built target amr_msg_interfaces__rosidl_generator_c
[0.184s] [ 23%] Built target amr_msg_interfaces__rosidl_typesupport_fastrtps_cpp
[0.207s] [ 33%] Built target amr_msg_interfaces__rosidl_typesupport_cpp
[0.208s] [ 43%] Built target amr_msg_interfaces__rosidl_typesupport_introspection_cpp
[0.268s] [ 53%] Built target amr_msg_interfaces__rosidl_typesupport_fastrtps_c
[0.283s] [ 64%] Built target amr_msg_interfaces__rosidl_typesupport_introspection_c
[0.286s] [ 74%] Built target amr_msg_interfaces__rosidl_typesupport_c
[0.294s] [ 74%] Built target amr_msg_interfaces
[0.307s] [ 76%] Built target amr_msg_interfaces__py
[0.321s] [ 84%] Built target amr_msg_interfaces__python
[0.331s] [ 89%] Built target amr_msg_interfaces__rosidl_typesupport_introspection_c__pyext
[0.331s] [ 94%] Built target amr_msg_interfaces__rosidl_typesupport_fastrtps_c__pyext
[0.338s] [100%] Built target amr_msg_interfaces__rosidl_typesupport_c__pyext
[0.346s] Invoked command in '/home/sangjun/camel-amr-projects-V1/build/amr_msg_interfaces' returned '0': CMAKE_PREFIX_PATH=/home/sangjun/ros2_test_ws/install/test:/home/sangjun/camel-amr-projects-V1/install/amr-main-pkg:/home/sangjun/camel-amr-projects-V1/install/amr_msg_interfaces:/home/sangjun/camel-amr-projects-V1/install/amr-obstacle-pkg:/home/sangjun/camel-amr-projects-V1/install/amr-gazebo-pkg:/opt/ros/foxy:/home/sangjun/catkin_ws/devel:/opt/ros/noetic /usr/local/bin/cmake --build /home/sangjun/camel-amr-projects-V1/build/amr_msg_interfaces -- -j6 -l6
[0.395s] Invoking command in '/home/sangjun/camel-amr-projects-V1/build/amr_msg_interfaces': CMAKE_PREFIX_PATH=/home/sangjun/ros2_test_ws/install/test:/home/sangjun/camel-amr-projects-V1/install/amr-main-pkg:/home/sangjun/camel-amr-projects-V1/install/amr_msg_interfaces:/home/sangjun/camel-amr-projects-V1/install/amr-obstacle-pkg:/home/sangjun/camel-amr-projects-V1/install/amr-gazebo-pkg:/opt/ros/foxy:/home/sangjun/catkin_ws/devel:/opt/ros/noetic /usr/local/bin/cmake --install /home/sangjun/camel-amr-projects-V1/build/amr_msg_interfaces
[0.399s] -- Install configuration: ""
[0.400s] -- Execute custom install script
[0.400s] -- Up-to-date symlink: /home/sangjun/camel-amr-projects-V1/install/amr_msg_interfaces/share/ament_index/resource_index/rosidl_interfaces/amr_msg_interfaces
[0.401s] -- Up-to-date symlink: /home/sangjun/camel-amr-projects-V1/install/amr_msg_interfaces/include/amr_msg_interfaces/msg/detail/grid_map_info__functions.h
[0.401s] -- Up-to-date symlink: /home/sangjun/camel-amr-projects-V1/install/amr_msg_interfaces/include/amr_msg_interfaces/msg/detail/grid_map_info__struct.h
[0.401s] -- Up-to-date symlink: /home/sangjun/camel-amr-projects-V1/install/amr_msg_interfaces/include/amr_msg_interfaces/msg/detail/grid_map_info__type_support.h
[0.401s] -- Up-to-date symlink: /home/sangjun/camel-amr-projects-V1/install/amr_msg_interfaces/include/amr_msg_interfaces/msg/detail/trajectory__functions.h
[0.401s] -- Up-to-date symlink: /home/sangjun/camel-amr-projects-V1/install/amr_msg_interfaces/include/amr_msg_interfaces/msg/detail/trajectory__struct.h
[0.401s] -- Up-to-date symlink: /home/sangjun/camel-amr-projects-V1/install/amr_msg_interfaces/include/amr_msg_interfaces/msg/detail/trajectory__type_support.h
[0.401s] -- Up-to-date symlink: /home/sangjun/camel-amr-projects-V1/install/amr_msg_interfaces/include/amr_msg_interfaces/msg/grid_map_info.h
[0.401s] -- Up-to-date symlink: /home/sangjun/camel-amr-projects-V1/install/amr_msg_interfaces/include/amr_msg_interfaces/msg/rosidl_generator_c__visibility_control.h
[0.401s] -- Up-to-date symlink: /home/sangjun/camel-amr-projects-V1/install/amr_msg_interfaces/include/amr_msg_interfaces/msg/trajectory.h
[0.402s] -- Up-to-date symlink: /home/sangjun/camel-amr-projects-V1/install/amr_msg_interfaces/share/amr_msg_interfaces/environment/library_path.sh
[0.402s] -- Up-to-date symlink: /home/sangjun/camel-amr-projects-V1/install/amr_msg_interfaces/share/amr_msg_interfaces/environment/library_path.dsv
[0.402s] -- Up-to-date symlink: /home/sangjun/camel-amr-projects-V1/install/amr_msg_interfaces/include/amr_msg_interfaces/msg/detail/grid_map_info__rosidl_typesupport_fastrtps_c.h
[0.402s] -- Up-to-date symlink: /home/sangjun/camel-amr-projects-V1/install/amr_msg_interfaces/include/amr_msg_interfaces/msg/detail/trajectory__rosidl_typesupport_fastrtps_c.h
[0.402s] -- Up-to-date symlink: /home/sangjun/camel-amr-projects-V1/install/amr_msg_interfaces/include/amr_msg_interfaces/msg/rosidl_typesupport_fastrtps_c__visibility_control.h
[0.402s] -- Up-to-date symlink: /home/sangjun/camel-amr-projects-V1/install/amr_msg_interfaces/lib/libamr_msg_interfaces__rosidl_typesupport_fastrtps_c.so
[0.403s] -- Up-to-date symlink: /home/sangjun/camel-amr-projects-V1/install/amr_msg_interfaces/include/amr_msg_interfaces/msg/detail/grid_map_info__rosidl_typesupport_fastrtps_cpp.hpp
[0.403s] -- Up-to-date symlink: /home/sangjun/camel-amr-projects-V1/install/amr_msg_interfaces/include/amr_msg_interfaces/msg/detail/trajectory__rosidl_typesupport_fastrtps_cpp.hpp
[0.403s] -- Up-to-date symlink: /home/sangjun/camel-amr-projects-V1/install/amr_msg_interfaces/include/amr_msg_interfaces/msg/rosidl_typesupport_fastrtps_cpp__visibility_control.h
[0.404s] -- Up-to-date symlink: /home/sangjun/camel-amr-projects-V1/install/amr_msg_interfaces/lib/libamr_msg_interfaces__rosidl_typesupport_fastrtps_cpp.so
[0.404s] -- Up-to-date symlink: /home/sangjun/camel-amr-projects-V1/install/amr_msg_interfaces/include/amr_msg_interfaces/msg/detail/grid_map_info__rosidl_typesupport_introspection_c.h
[0.404s] -- Up-to-date symlink: /home/sangjun/camel-amr-projects-V1/install/amr_msg_interfaces/include/amr_msg_interfaces/msg/detail/trajectory__rosidl_typesupport_introspection_c.h
[0.404s] -- Up-to-date symlink: /home/sangjun/camel-amr-projects-V1/install/amr_msg_interfaces/include/amr_msg_interfaces/msg/rosidl_typesupport_introspection_c__visibility_control.h
[0.404s] -- Up-to-date symlink: /home/sangjun/camel-amr-projects-V1/install/amr_msg_interfaces/include/amr_msg_interfaces/msg/detail/grid_map_info__builder.hpp
[0.405s] -- Up-to-date symlink: /home/sangjun/camel-amr-projects-V1/install/amr_msg_interfaces/include/amr_msg_interfaces/msg/detail/grid_map_info__struct.hpp
[0.405s] -- Up-to-date symlink: /home/sangjun/camel-amr-projects-V1/install/amr_msg_interfaces/include/amr_msg_interfaces/msg/detail/grid_map_info__traits.hpp
[0.405s] -- Up-to-date symlink: /home/sangjun/camel-amr-projects-V1/install/amr_msg_interfaces/include/amr_msg_interfaces/msg/detail/grid_map_info__type_support.hpp
[0.405s] -- Up-to-date symlink: /home/sangjun/camel-amr-projects-V1/install/amr_msg_interfaces/include/amr_msg_interfaces/msg/detail/trajectory__builder.hpp
[0.405s] -- Up-to-date symlink: /home/sangjun/camel-amr-projects-V1/install/amr_msg_interfaces/include/amr_msg_interfaces/msg/detail/trajectory__struct.hpp
[0.405s] -- Up-to-date symlink: /home/sangjun/camel-amr-projects-V1/install/amr_msg_interfaces/include/amr_msg_interfaces/msg/detail/trajectory__traits.hpp
[0.405s] -- Up-to-date symlink: /home/sangjun/camel-amr-projects-V1/install/amr_msg_interfaces/include/amr_msg_interfaces/msg/detail/trajectory__type_support.hpp
[0.405s] -- Up-to-date symlink: /home/sangjun/camel-amr-projects-V1/install/amr_msg_interfaces/include/amr_msg_interfaces/msg/grid_map_info.hpp
[0.405s] -- Up-to-date symlink: /home/sangjun/camel-amr-projects-V1/install/amr_msg_interfaces/include/amr_msg_interfaces/msg/rosidl_generator_cpp__visibility_control.hpp
[0.405s] -- Up-to-date symlink: /home/sangjun/camel-amr-projects-V1/install/amr_msg_interfaces/include/amr_msg_interfaces/msg/trajectory.hpp
[0.405s] -- Up-to-date symlink: /home/sangjun/camel-amr-projects-V1/install/amr_msg_interfaces/include/amr_msg_interfaces/msg/detail/grid_map_info__rosidl_typesupport_introspection_cpp.hpp
[0.407s] -- Up-to-date symlink: /home/sangjun/camel-amr-projects-V1/install/amr_msg_interfaces/include/amr_msg_interfaces/msg/detail/trajectory__rosidl_typesupport_introspection_cpp.hpp
[0.407s] -- Up-to-date symlink: /home/sangjun/camel-amr-projects-V1/install/amr_msg_interfaces/share/amr_msg_interfaces/environment/pythonpath.sh
[0.407s] -- Up-to-date symlink: /home/sangjun/camel-amr-projects-V1/install/amr_msg_interfaces/share/amr_msg_interfaces/environment/pythonpath.dsv
[0.407s] -- Up-to-date symlink: /home/sangjun/camel-amr-projects-V1/install/amr_msg_interfaces/lib/python3.8/site-packages/amr_msg_interfaces/__init__.py
[0.407s] -- Up-to-date symlink: /home/sangjun/camel-amr-projects-V1/install/amr_msg_interfaces/lib/python3.8/site-packages/amr_msg_interfaces/msg/__init__.py
[0.407s] -- Up-to-date symlink: /home/sangjun/camel-amr-projects-V1/install/amr_msg_interfaces/lib/python3.8/site-packages/amr_msg_interfaces/msg/_grid_map_info.py
[0.407s] -- Up-to-date symlink: /home/sangjun/camel-amr-projects-V1/install/amr_msg_interfaces/lib/python3.8/site-packages/amr_msg_interfaces/msg/_trajectory.py
[0.408s] -- Up-to-date symlink: /home/sangjun/camel-amr-projects-V1/install/amr_msg_interfaces/lib/python3.8/site-packages/amr_msg_interfaces/amr_msg_interfaces_s__rosidl_typesupport_fastrtps_c.cpython-38-x86_64-linux-gnu.so
[0.408s] -- Up-to-date symlink: /home/sangjun/camel-amr-projects-V1/install/amr_msg_interfaces/lib/python3.8/site-packages/amr_msg_interfaces/amr_msg_interfaces_s__rosidl_typesupport_introspection_c.cpython-38-x86_64-linux-gnu.so
[0.408s] -- Up-to-date symlink: /home/sangjun/camel-amr-projects-V1/install/amr_msg_interfaces/lib/python3.8/site-packages/amr_msg_interfaces/amr_msg_interfaces_s__rosidl_typesupport_c.cpython-38-x86_64-linux-gnu.so
[0.409s] -- Up-to-date symlink: /home/sangjun/camel-amr-projects-V1/install/amr_msg_interfaces/lib/libamr_msg_interfaces__python.so
[0.410s] -- Up-to-date symlink: /home/sangjun/camel-amr-projects-V1/install/amr_msg_interfaces/share/amr_msg_interfaces/msg/GridMapInfo.idl
[0.410s] -- Up-to-date symlink: /home/sangjun/camel-amr-projects-V1/install/amr_msg_interfaces/share/amr_msg_interfaces/msg/Trajectory.idl
[0.410s] -- Up-to-date symlink: /home/sangjun/camel-amr-projects-V1/install/amr_msg_interfaces/share/amr_msg_interfaces/msg/GridMapInfo.msg
[0.410s] -- Up-to-date symlink: /home/sangjun/camel-amr-projects-V1/install/amr_msg_interfaces/share/amr_msg_interfaces/msg/Trajectory.msg
[0.410s] -- Up-to-date symlink: /home/sangjun/camel-amr-projects-V1/install/amr_msg_interfaces/share/ament_index/resource_index/package_run_dependencies/amr_msg_interfaces
[0.410s] -- Up-to-date symlink: /home/sangjun/camel-amr-projects-V1/install/amr_msg_interfaces/share/ament_index/resource_index/parent_prefix_path/amr_msg_interfaces
[0.410s] -- Up-to-date symlink: /home/sangjun/camel-amr-projects-V1/install/amr_msg_interfaces/share/amr_msg_interfaces/environment/ament_prefix_path.sh
[0.410s] -- Up-to-date symlink: /home/sangjun/camel-amr-projects-V1/install/amr_msg_interfaces/share/amr_msg_interfaces/environment/ament_prefix_path.dsv
[0.411s] -- Up-to-date symlink: /home/sangjun/camel-amr-projects-V1/install/amr_msg_interfaces/share/amr_msg_interfaces/environment/path.sh
[0.411s] -- Up-to-date symlink: /home/sangjun/camel-amr-projects-V1/install/amr_msg_interfaces/share/amr_msg_interfaces/environment/path.dsv
[0.411s] -- Up-to-date symlink: /home/sangjun/camel-amr-projects-V1/install/amr_msg_interfaces/share/amr_msg_interfaces/local_setup.bash
[0.411s] -- Up-to-date symlink: /home/sangjun/camel-amr-projects-V1/install/amr_msg_interfaces/share/amr_msg_interfaces/local_setup.sh
[0.411s] -- Up-to-date symlink: /home/sangjun/camel-amr-projects-V1/install/amr_msg_interfaces/share/amr_msg_interfaces/local_setup.zsh
[0.411s] -- Up-to-date symlink: /home/sangjun/camel-amr-projects-V1/install/amr_msg_interfaces/share/amr_msg_interfaces/local_setup.dsv
[0.411s] -- Symlinking: /home/sangjun/camel-amr-projects-V1/install/amr_msg_interfaces/share/amr_msg_interfaces/package.dsv
[0.418s] -- Up-to-date symlink: /home/sangjun/camel-amr-projects-V1/install/amr_msg_interfaces/share/ament_index/resource_index/packages/amr_msg_interfaces
[0.419s] -- Up-to-date symlink: /home/sangjun/camel-amr-projects-V1/install/amr_msg_interfaces/share/amr_msg_interfaces/cmake/rosidl_cmake-extras.cmake
[0.419s] -- Up-to-date symlink: /home/sangjun/camel-amr-projects-V1/install/amr_msg_interfaces/share/amr_msg_interfaces/cmake/ament_cmake_export_dependencies-extras.cmake
[0.419s] -- Up-to-date symlink: /home/sangjun/camel-amr-projects-V1/install/amr_msg_interfaces/share/amr_msg_interfaces/cmake/ament_cmake_export_libraries-extras.cmake
[0.419s] -- Up-to-date symlink: /home/sangjun/camel-amr-projects-V1/install/amr_msg_interfaces/share/amr_msg_interfaces/cmake/ament_cmake_export_targets-extras.cmake
[0.419s] -- Up-to-date symlink: /home/sangjun/camel-amr-projects-V1/install/amr_msg_interfaces/share/amr_msg_interfaces/cmake/ament_cmake_export_include_directories-extras.cmake
[0.419s] -- Up-to-date symlink: /home/sangjun/camel-amr-projects-V1/install/amr_msg_interfaces/share/amr_msg_interfaces/cmake/rosidl_cmake_export_typesupport_libraries-extras.cmake
[0.419s] -- Up-to-date symlink: /home/sangjun/camel-amr-projects-V1/install/amr_msg_interfaces/share/amr_msg_interfaces/cmake/rosidl_cmake_export_typesupport_targets-extras.cmake
[0.419s] -- Up-to-date symlink: /home/sangjun/camel-amr-projects-V1/install/amr_msg_interfaces/share/amr_msg_interfaces/cmake/amr_msg_interfacesConfig.cmake
[0.419s] -- Up-to-date symlink: /home/sangjun/camel-amr-projects-V1/install/amr_msg_interfaces/share/amr_msg_interfaces/cmake/amr_msg_interfacesConfig-version.cmake
[0.419s] -- Up-to-date symlink: /home/sangjun/camel-amr-projects-V1/install/amr_msg_interfaces/share/amr_msg_interfaces/package.xml
[0.419s] -- Up-to-date: /home/sangjun/camel-amr-projects-V1/install/amr_msg_interfaces/lib/libamr_msg_interfaces__rosidl_generator_c.so
[0.420s] -- Up-to-date: /home/sangjun/camel-amr-projects-V1/install/amr_msg_interfaces/lib/libamr_msg_interfaces__rosidl_typesupport_introspection_c.so
[0.420s] -- Up-to-date: /home/sangjun/camel-amr-projects-V1/install/amr_msg_interfaces/lib/libamr_msg_interfaces__rosidl_typesupport_c.so
[0.420s] -- Up-to-date: /home/sangjun/camel-amr-projects-V1/install/amr_msg_interfaces/lib/libamr_msg_interfaces__rosidl_typesupport_introspection_cpp.so
[0.421s] -- Up-to-date: /home/sangjun/camel-amr-projects-V1/install/amr_msg_interfaces/lib/libamr_msg_interfaces__rosidl_typesupport_cpp.so
[0.451s] -- Up-to-date: /home/sangjun/camel-amr-projects-V1/install/amr_msg_interfaces/share/amr_msg_interfaces/cmake/amr_msg_interfaces__rosidl_generator_cExport.cmake
[0.451s] -- Up-to-date: /home/sangjun/camel-amr-projects-V1/install/amr_msg_interfaces/share/amr_msg_interfaces/cmake/amr_msg_interfaces__rosidl_generator_cExport-noconfig.cmake
[0.451s] -- Up-to-date: /home/sangjun/camel-amr-projects-V1/install/amr_msg_interfaces/share/amr_msg_interfaces/cmake/amr_msg_interfaces__rosidl_typesupport_introspection_cExport.cmake
[0.451s] -- Up-to-date: /home/sangjun/camel-amr-projects-V1/install/amr_msg_interfaces/share/amr_msg_interfaces/cmake/amr_msg_interfaces__rosidl_typesupport_introspection_cExport-noconfig.cmake
[0.451s] -- Up-to-date: /home/sangjun/camel-amr-projects-V1/install/amr_msg_interfaces/share/amr_msg_interfaces/cmake/amr_msg_interfaces__rosidl_typesupport_cExport.cmake
[0.451s] -- Up-to-date: /home/sangjun/camel-amr-projects-V1/install/amr_msg_interfaces/share/amr_msg_interfaces/cmake/amr_msg_interfaces__rosidl_typesupport_cExport-noconfig.cmake
[0.452s] -- Up-to-date: /home/sangjun/camel-amr-projects-V1/install/amr_msg_interfaces/share/amr_msg_interfaces/cmake/amr_msg_interfaces__rosidl_generator_cppExport.cmake
[0.452s] -- Up-to-date: /home/sangjun/camel-amr-projects-V1/install/amr_msg_interfaces/share/amr_msg_interfaces/cmake/amr_msg_interfaces__rosidl_typesupport_introspection_cppExport.cmake
[0.452s] -- Up-to-date: /home/sangjun/camel-amr-projects-V1/install/amr_msg_interfaces/share/amr_msg_interfaces/cmake/amr_msg_interfaces__rosidl_typesupport_introspection_cppExport-noconfig.cmake
[0.452s] -- Up-to-date: /home/sangjun/camel-amr-projects-V1/install/amr_msg_interfaces/share/amr_msg_interfaces/cmake/amr_msg_interfaces__rosidl_typesupport_cppExport.cmake
[0.452s] -- Up-to-date: /home/sangjun/camel-amr-projects-V1/install/amr_msg_interfaces/share/amr_msg_interfaces/cmake/amr_msg_interfaces__rosidl_typesupport_cppExport-noconfig.cmake
[0.456s] Invoked command in '/home/sangjun/camel-amr-projects-V1/build/amr_msg_interfaces' returned '0': CMAKE_PREFIX_PATH=/home/sangjun/ros2_test_ws/install/test:/home/sangjun/camel-amr-projects-V1/install/amr-main-pkg:/home/sangjun/camel-amr-projects-V1/install/amr_msg_interfaces:/home/sangjun/camel-amr-projects-V1/install/amr-obstacle-pkg:/home/sangjun/camel-amr-projects-V1/install/amr-gazebo-pkg:/opt/ros/foxy:/home/sangjun/catkin_ws/devel:/opt/ros/noetic /usr/local/bin/cmake --install /home/sangjun/camel-amr-projects-V1/build/amr_msg_interfaces
