[0.009s] Invoking command in '/home/dongju/camel-amr-projects/build/amr-main-pkg': CMAKE_PREFIX_PATH=/home/dongju/camel-amr-projects/install/amr_msg_interfaces:/home/dongju/camel-amr-projects/install/amr-main-pkg:/home/dongju/camel-amr-projects/install/amr-obstacle-pkg:/home/dongju/camel-amr-projects/install/amr-gazebo-pkg:/opt/ros/foxy LD_LIBRARY_PATH=/home/dongju/camel-amr-projects/install/amr_msg_interfaces/lib:/usr/lib/x86_64-linux-gnu/gazebo-11/plugins:/opt/ros/foxy/opt/yaml_cpp_vendor/lib:/opt/ros/foxy/opt/rviz_ogre_vendor/lib:/opt/ros/foxy/lib/x86_64-linux-gnu:/opt/ros/foxy/lib:home/dongju/raisimLib/install/lib PYTHONPATH=/home/dongju/camel-amr-projects/install/amr_msg_interfaces/lib/python3.8/site-packages:/opt/ros/foxy/lib/python3.8/site-packages:home/dongju/raisimLib/install/lib /usr/local/bin/cmake --build /home/dongju/camel-amr-projects/build/amr-main-pkg -- -j10 -l10
[0.025s] [ 15%] [34m[1mAutomatic MOC and UIC for target astar_lib[0m
[0.025s] [ 15%] [34m[1mAutomatic MOC and UIC for target obsDetection_lib[0m
[0.025s] [ 15%] [34m[1mAutomatic MOC and UIC for target dynamicObstacle_lib[0m
[0.025s] [ 19%] [34m[1mAutomatic MOC and UIC for target visualize_lib[0m
[0.025s] [ 19%] [34m[1mAutomatic MOC and UIC for target clusteringDynamicObs_lib[0m
[0.031s] [ 19%] Built target dynamicObstacle_lib_autogen
[0.031s] [ 19%] Built target visualize_lib_autogen
[0.031s] [ 19%] Built target clusteringDynamicObs_lib_autogen
[0.031s] [ 19%] Built target astar_lib_autogen
[0.031s] [ 19%] Built target obsDetection_lib_autogen
[0.038s] [ 30%] Built target dynamicObstacle_lib
[0.039s] [ 42%] Built target clusteringDynamicObs_lib
[0.045s] [ 76%] Built target astar_lib
[0.045s] [ 76%] Built target visualize_lib
[0.045s] [ 76%] Built target obsDetection_lib
[0.051s] [ 80%] [34m[1mAutomatic MOC and UIC for target simulmain[0m
[0.057s] [ 80%] Built target simulmain_autogen
[0.088s] [ 84%] [32mBuilding CXX object CMakeFiles/simulmain.dir/src/simulmain/mainwindow.cpp.o[0m
[2.247s] [ 88%] [32m[1mLinking CXX executable simulmain[0m
[2.983s] /usr/bin/ld: CMakeFiles/simulmain.dir/src/simulmain/simul_main.cpp.o: in function `ParkingNode::odom_callback(std::shared_ptr<nav_msgs::msg::Odometry_<std::allocator<void> > >)':
[2.983s] simul_main.cpp:(.text+0x1011): undefined reference to `ParkingNode::headingUpdated(double)'
[2.983s] collect2: error: ld returned 1 exit status
[2.983s] make[2]: *** [CMakeFiles/simulmain.dir/build.make:223: simulmain] Error 1
[2.984s] make[1]: *** [CMakeFiles/Makefile2:288: CMakeFiles/simulmain.dir/all] Error 2
[2.984s] make: *** [Makefile:146: all] Error 2
[2.985s] Invoked command in '/home/dongju/camel-amr-projects/build/amr-main-pkg' returned '2': CMAKE_PREFIX_PATH=/home/dongju/camel-amr-projects/install/amr_msg_interfaces:/home/dongju/camel-amr-projects/install/amr-main-pkg:/home/dongju/camel-amr-projects/install/amr-obstacle-pkg:/home/dongju/camel-amr-projects/install/amr-gazebo-pkg:/opt/ros/foxy LD_LIBRARY_PATH=/home/dongju/camel-amr-projects/install/amr_msg_interfaces/lib:/usr/lib/x86_64-linux-gnu/gazebo-11/plugins:/opt/ros/foxy/opt/yaml_cpp_vendor/lib:/opt/ros/foxy/opt/rviz_ogre_vendor/lib:/opt/ros/foxy/lib/x86_64-linux-gnu:/opt/ros/foxy/lib:home/dongju/raisimLib/install/lib PYTHONPATH=/home/dongju/camel-amr-projects/install/amr_msg_interfaces/lib/python3.8/site-packages:/opt/ros/foxy/lib/python3.8/site-packages:home/dongju/raisimLib/install/lib /usr/local/bin/cmake --build /home/dongju/camel-amr-projects/build/amr-main-pkg -- -j10 -l10
