Performing C SOURCE FILE Test CMAKE_HAVE_LIBC_PTHREAD failed with the following output:
Change Dir: /home/sangjun/camel-amr-projects-V1/build/amr-main-pkg/CMakeFiles/CMakeTmp

Run Build Command(s):/usr/bin/make -f Makefile cmTC_891db/fast && /usr/bin/make  -f CMakeFiles/cmTC_891db.dir/build.make CMakeFiles/cmTC_891db.dir/build
make[1]: Entering directory '/home/sangjun/camel-amr-projects-V1/build/amr-main-pkg/CMakeFiles/CMakeTmp'
Building C object CMakeFiles/cmTC_891db.dir/src.c.o
/usr/bin/cc -DCMAKE_HAVE_LIBC_PTHREAD   -o CMakeFiles/cmTC_891db.dir/src.c.o -c /home/sangjun/camel-amr-projects-V1/build/amr-main-pkg/CMakeFiles/CMakeTmp/src.c
Linking C executable cmTC_891db
/usr/local/bin/cmake -E cmake_link_script CMakeFiles/cmTC_891db.dir/link.txt --verbose=1
/usr/bin/cc CMakeFiles/cmTC_891db.dir/src.c.o -o cmTC_891db 
/usr/bin/ld: CMakeFiles/cmTC_891db.dir/src.c.o: in function `main':
src.c:(.text+0x46): undefined reference to `pthread_create'
/usr/bin/ld: src.c:(.text+0x52): undefined reference to `pthread_detach'
/usr/bin/ld: src.c:(.text+0x5e): undefined reference to `pthread_cancel'
/usr/bin/ld: src.c:(.text+0x6f): undefined reference to `pthread_join'
collect2: error: ld returned 1 exit status
make[1]: *** [CMakeFiles/cmTC_891db.dir/build.make:99: cmTC_891db] Error 1
make[1]: Leaving directory '/home/sangjun/camel-amr-projects-V1/build/amr-main-pkg/CMakeFiles/CMakeTmp'
make: *** [Makefile:127: cmTC_891db/fast] Error 2


Source file was:
#include <pthread.h>

static void* test_func(void* data)
{
  return data;
}

int main(void)
{
  pthread_t thread;
  pthread_create(&thread, NULL, test_func, NULL);
  pthread_detach(thread);
  pthread_cancel(thread);
  pthread_join(thread, NULL);
  pthread_atfork(NULL, NULL, NULL);
  pthread_exit(NULL);

  return 0;
}

Determining if the function pthread_create exists in the pthreads failed with the following output:
Change Dir: /home/sangjun/camel-amr-projects-V1/build/amr-main-pkg/CMakeFiles/CMakeTmp

Run Build Command(s):/usr/bin/make -f Makefile cmTC_26b4d/fast && /usr/bin/make  -f CMakeFiles/cmTC_26b4d.dir/build.make CMakeFiles/cmTC_26b4d.dir/build
make[1]: Entering directory '/home/sangjun/camel-amr-projects-V1/build/amr-main-pkg/CMakeFiles/CMakeTmp'
Building C object CMakeFiles/cmTC_26b4d.dir/CheckFunctionExists.c.o
/usr/bin/cc   -DCHECK_FUNCTION_EXISTS=pthread_create -o CMakeFiles/cmTC_26b4d.dir/CheckFunctionExists.c.o -c /usr/local/share/cmake-3.21/Modules/CheckFunctionExists.c
Linking C executable cmTC_26b4d
/usr/local/bin/cmake -E cmake_link_script CMakeFiles/cmTC_26b4d.dir/link.txt --verbose=1
/usr/bin/cc  -DCHECK_FUNCTION_EXISTS=pthread_create CMakeFiles/cmTC_26b4d.dir/CheckFunctionExists.c.o -o cmTC_26b4d  -lpthreads 
/usr/bin/ld: cannot find -lpthreads
collect2: error: ld returned 1 exit status
make[1]: *** [CMakeFiles/cmTC_26b4d.dir/build.make:99: cmTC_26b4d] Error 1
make[1]: Leaving directory '/home/sangjun/camel-amr-projects-V1/build/amr-main-pkg/CMakeFiles/CMakeTmp'
make: *** [Makefile:127: cmTC_26b4d/fast] Error 2



