-- Found ament_cmake: 0.9.12 (/opt/ros/foxy/share/ament_cmake/cmake)
-- Found PythonInterp: /usr/bin/python3 (found suitable version "3.8.10", minimum required is "3") 
-- Using PYTHON_EXECUTABLE: /usr/bin/python3
-- Override CMake install command with custom implementation using symlinks instead of copying resources
-- Found builtin_interfaces: 1.0.0 (/opt/ros/foxy/share/builtin_interfaces/cmake)
-- Using all available rosidl_typesupport_c: rosidl_typesupport_fastrtps_c;rosidl_typesupport_introspection_c
-- Found rosidl_adapter: 1.3.1 (/opt/ros/foxy/share/rosidl_adapter/cmake)
-- Using all available rosidl_typesupport_cpp: rosidl_typesupport_fastrtps_cpp;rosidl_typesupport_introspection_cpp
-- Found rosidl_default_generators: 1.0.1 (/opt/ros/foxy/share/rosidl_default_generators/cmake)
-- Found PythonInterp: /usr/bin/python3 (found version "3.8.10") 
-- Found ament_cmake_ros: 0.9.2 (/opt/ros/foxy/share/ament_cmake_ros/cmake)
-- Using all available rosidl_typesupport_c: rosidl_typesupport_fastrtps_c;rosidl_typesupport_introspection_c
-- Using all available rosidl_typesupport_cpp: rosidl_typesupport_fastrtps_cpp;rosidl_typesupport_introspection_cpp
-- Found PythonInterp: /usr/bin/python3 (found suitable version "3.8.10", minimum required is "3.5") 
-- Found python_cmake_module: 0.8.1 (/opt/ros/foxy/share/python_cmake_module/cmake)
-- Using PYTHON_EXECUTABLE: /usr/bin/python3
-- Using PYTHON_INCLUDE_DIRS: /usr/include/python3.8
-- Using PYTHON_LIBRARIES: /usr/lib/x86_64-linux-gnu/libpython3.8.so
-- Configuring done (0.7s)
-- Generating done (0.1s)
-- Build files have been written to: /home/dongju/camel-amr-projects/build/amr_msg_interfaces
[  2%] Built target amr_msg_interfaces__cpp
[ 12%] Built target amr_msg_interfaces__rosidl_generator_c
[ 23%] Built target amr_msg_interfaces__rosidl_typesupport_introspection_cpp
[ 33%] Built target amr_msg_interfaces__rosidl_typesupport_cpp
[ 35%] [32m[1mLinking CXX shared library libamr_msg_interfaces__rosidl_typesupport_fastrtps_cpp.so[0m
[ 46%] Built target amr_msg_interfaces__rosidl_typesupport_c
[ 56%] Built target amr_msg_interfaces__rosidl_typesupport_introspection_c
[ 64%] Built target amr_msg_interfaces__rosidl_typesupport_fastrtps_cpp
[ 66%] [32m[1mLinking CXX shared library libamr_msg_interfaces__rosidl_typesupport_fastrtps_c.so[0m
[ 74%] Built target amr_msg_interfaces__rosidl_typesupport_fastrtps_c
[ 74%] Built target amr_msg_interfaces
[ 76%] Built target amr_msg_interfaces__py
[ 79%] [32m[1mLinking C shared library rosidl_generator_py/amr_msg_interfaces/libamr_msg_interfaces__python.so[0m
[ 84%] Built target amr_msg_interfaces__python
[ 87%] [32m[1mLinking C shared library rosidl_generator_py/amr_msg_interfaces/amr_msg_interfaces_s__rosidl_typesupport_introspection_c.cpython-38-x86_64-linux-gnu.so[0m
[ 89%] [32m[1mLinking CXX shared library rosidl_generator_py/amr_msg_interfaces/amr_msg_interfaces_s__rosidl_typesupport_fastrtps_c.cpython-38-x86_64-linux-gnu.so[0m
[ 92%] [32m[1mLinking C shared library rosidl_generator_py/amr_msg_interfaces/amr_msg_interfaces_s__rosidl_typesupport_c.cpython-38-x86_64-linux-gnu.so[0m
[ 97%] Built target amr_msg_interfaces__rosidl_typesupport_c__pyext
[ 97%] Built target amr_msg_interfaces__rosidl_typesupport_introspection_c__pyext
[100%] Built target amr_msg_interfaces__rosidl_typesupport_fastrtps_c__pyext
-- Install configuration: ""
-- Execute custom install script
-- Symlinking: /home/dongju/camel-amr-projects/install/amr_msg_interfaces/share/ament_index/resource_index/rosidl_interfaces/amr_msg_interfaces
-- Symlinking: /home/dongju/camel-amr-projects/install/amr_msg_interfaces/include/amr_msg_interfaces/msg/detail/grid_map_info__functions.h
-- Symlinking: /home/dongju/camel-amr-projects/install/amr_msg_interfaces/include/amr_msg_interfaces/msg/detail/grid_map_info__struct.h
-- Symlinking: /home/dongju/camel-amr-projects/install/amr_msg_interfaces/include/amr_msg_interfaces/msg/detail/grid_map_info__type_support.h
-- Symlinking: /home/dongju/camel-amr-projects/install/amr_msg_interfaces/include/amr_msg_interfaces/msg/detail/trajectory__functions.h
-- Symlinking: /home/dongju/camel-amr-projects/install/amr_msg_interfaces/include/amr_msg_interfaces/msg/detail/trajectory__struct.h
-- Symlinking: /home/dongju/camel-amr-projects/install/amr_msg_interfaces/include/amr_msg_interfaces/msg/detail/trajectory__type_support.h
-- Symlinking: /home/dongju/camel-amr-projects/install/amr_msg_interfaces/include/amr_msg_interfaces/msg/grid_map_info.h
-- Symlinking: /home/dongju/camel-amr-projects/install/amr_msg_interfaces/include/amr_msg_interfaces/msg/rosidl_generator_c__visibility_control.h
-- Symlinking: /home/dongju/camel-amr-projects/install/amr_msg_interfaces/include/amr_msg_interfaces/msg/trajectory.h
-- Symlinking: /home/dongju/camel-amr-projects/install/amr_msg_interfaces/share/amr_msg_interfaces/environment/library_path.sh
-- Symlinking: /home/dongju/camel-amr-projects/install/amr_msg_interfaces/share/amr_msg_interfaces/environment/library_path.dsv
-- Symlinking: /home/dongju/camel-amr-projects/install/amr_msg_interfaces/include/amr_msg_interfaces/msg/detail/grid_map_info__rosidl_typesupport_fastrtps_c.h
-- Symlinking: /home/dongju/camel-amr-projects/install/amr_msg_interfaces/include/amr_msg_interfaces/msg/detail/trajectory__rosidl_typesupport_fastrtps_c.h
-- Symlinking: /home/dongju/camel-amr-projects/install/amr_msg_interfaces/include/amr_msg_interfaces/msg/rosidl_typesupport_fastrtps_c__visibility_control.h
-- Symlinking: /home/dongju/camel-amr-projects/install/amr_msg_interfaces/lib/libamr_msg_interfaces__rosidl_typesupport_fastrtps_c.so
-- Symlinking: /home/dongju/camel-amr-projects/install/amr_msg_interfaces/include/amr_msg_interfaces/msg/detail/grid_map_info__rosidl_typesupport_fastrtps_cpp.hpp
-- Symlinking: /home/dongju/camel-amr-projects/install/amr_msg_interfaces/include/amr_msg_interfaces/msg/detail/trajectory__rosidl_typesupport_fastrtps_cpp.hpp
-- Symlinking: /home/dongju/camel-amr-projects/install/amr_msg_interfaces/include/amr_msg_interfaces/msg/rosidl_typesupport_fastrtps_cpp__visibility_control.h
-- Symlinking: /home/dongju/camel-amr-projects/install/amr_msg_interfaces/lib/libamr_msg_interfaces__rosidl_typesupport_fastrtps_cpp.so
-- Symlinking: /home/dongju/camel-amr-projects/install/amr_msg_interfaces/include/amr_msg_interfaces/msg/detail/grid_map_info__rosidl_typesupport_introspection_c.h
-- Symlinking: /home/dongju/camel-amr-projects/install/amr_msg_interfaces/include/amr_msg_interfaces/msg/detail/trajectory__rosidl_typesupport_introspection_c.h
-- Symlinking: /home/dongju/camel-amr-projects/install/amr_msg_interfaces/include/amr_msg_interfaces/msg/rosidl_typesupport_introspection_c__visibility_control.h
-- Symlinking: /home/dongju/camel-amr-projects/install/amr_msg_interfaces/include/amr_msg_interfaces/msg/detail/grid_map_info__builder.hpp
-- Symlinking: /home/dongju/camel-amr-projects/install/amr_msg_interfaces/include/amr_msg_interfaces/msg/detail/grid_map_info__struct.hpp
-- Symlinking: /home/dongju/camel-amr-projects/install/amr_msg_interfaces/include/amr_msg_interfaces/msg/detail/grid_map_info__traits.hpp
-- Symlinking: /home/dongju/camel-amr-projects/install/amr_msg_interfaces/include/amr_msg_interfaces/msg/detail/grid_map_info__type_support.hpp
-- Symlinking: /home/dongju/camel-amr-projects/install/amr_msg_interfaces/include/amr_msg_interfaces/msg/detail/trajectory__builder.hpp
-- Symlinking: /home/dongju/camel-amr-projects/install/amr_msg_interfaces/include/amr_msg_interfaces/msg/detail/trajectory__struct.hpp
-- Symlinking: /home/dongju/camel-amr-projects/install/amr_msg_interfaces/include/amr_msg_interfaces/msg/detail/trajectory__traits.hpp
-- Symlinking: /home/dongju/camel-amr-projects/install/amr_msg_interfaces/include/amr_msg_interfaces/msg/detail/trajectory__type_support.hpp
-- Symlinking: /home/dongju/camel-amr-projects/install/amr_msg_interfaces/include/amr_msg_interfaces/msg/grid_map_info.hpp
-- Symlinking: /home/dongju/camel-amr-projects/install/amr_msg_interfaces/include/amr_msg_interfaces/msg/rosidl_generator_cpp__visibility_control.hpp
-- Symlinking: /home/dongju/camel-amr-projects/install/amr_msg_interfaces/include/amr_msg_interfaces/msg/trajectory.hpp
-- Symlinking: /home/dongju/camel-amr-projects/install/amr_msg_interfaces/include/amr_msg_interfaces/msg/detail/grid_map_info__rosidl_typesupport_introspection_cpp.hpp
-- Symlinking: /home/dongju/camel-amr-projects/install/amr_msg_interfaces/include/amr_msg_interfaces/msg/detail/trajectory__rosidl_typesupport_introspection_cpp.hpp
-- Symlinking: /home/dongju/camel-amr-projects/install/amr_msg_interfaces/share/amr_msg_interfaces/environment/pythonpath.sh
-- Symlinking: /home/dongju/camel-amr-projects/install/amr_msg_interfaces/share/amr_msg_interfaces/environment/pythonpath.dsv
-- Symlinking: /home/dongju/camel-amr-projects/install/amr_msg_interfaces/lib/python3.8/site-packages/amr_msg_interfaces/__init__.py
-- Symlinking: /home/dongju/camel-amr-projects/install/amr_msg_interfaces/lib/python3.8/site-packages/amr_msg_interfaces/msg/__init__.py
-- Symlinking: /home/dongju/camel-amr-projects/install/amr_msg_interfaces/lib/python3.8/site-packages/amr_msg_interfaces/msg/_grid_map_info.py
-- Symlinking: /home/dongju/camel-amr-projects/install/amr_msg_interfaces/lib/python3.8/site-packages/amr_msg_interfaces/msg/_trajectory.py
-- Symlinking: /home/dongju/camel-amr-projects/install/amr_msg_interfaces/lib/python3.8/site-packages/amr_msg_interfaces/amr_msg_interfaces_s__rosidl_typesupport_fastrtps_c.cpython-38-x86_64-linux-gnu.so
-- Symlinking: /home/dongju/camel-amr-projects/install/amr_msg_interfaces/lib/python3.8/site-packages/amr_msg_interfaces/amr_msg_interfaces_s__rosidl_typesupport_introspection_c.cpython-38-x86_64-linux-gnu.so
-- Symlinking: /home/dongju/camel-amr-projects/install/amr_msg_interfaces/lib/python3.8/site-packages/amr_msg_interfaces/amr_msg_interfaces_s__rosidl_typesupport_c.cpython-38-x86_64-linux-gnu.so
-- Symlinking: /home/dongju/camel-amr-projects/install/amr_msg_interfaces/lib/libamr_msg_interfaces__python.so
-- Symlinking: /home/dongju/camel-amr-projects/install/amr_msg_interfaces/share/amr_msg_interfaces/msg/GridMapInfo.idl
-- Symlinking: /home/dongju/camel-amr-projects/install/amr_msg_interfaces/share/amr_msg_interfaces/msg/Trajectory.idl
-- Symlinking: /home/dongju/camel-amr-projects/install/amr_msg_interfaces/share/amr_msg_interfaces/msg/GridMapInfo.msg
-- Symlinking: /home/dongju/camel-amr-projects/install/amr_msg_interfaces/share/amr_msg_interfaces/msg/Trajectory.msg
-- Symlinking: /home/dongju/camel-amr-projects/install/amr_msg_interfaces/share/ament_index/resource_index/package_run_dependencies/amr_msg_interfaces
-- Symlinking: /home/dongju/camel-amr-projects/install/amr_msg_interfaces/share/ament_index/resource_index/parent_prefix_path/amr_msg_interfaces
-- Symlinking: /home/dongju/camel-amr-projects/install/amr_msg_interfaces/share/amr_msg_interfaces/environment/ament_prefix_path.sh
-- Symlinking: /home/dongju/camel-amr-projects/install/amr_msg_interfaces/share/amr_msg_interfaces/environment/ament_prefix_path.dsv
-- Symlinking: /home/dongju/camel-amr-projects/install/amr_msg_interfaces/share/amr_msg_interfaces/environment/path.sh
-- Symlinking: /home/dongju/camel-amr-projects/install/amr_msg_interfaces/share/amr_msg_interfaces/environment/path.dsv
-- Symlinking: /home/dongju/camel-amr-projects/install/amr_msg_interfaces/share/amr_msg_interfaces/local_setup.bash
-- Symlinking: /home/dongju/camel-amr-projects/install/amr_msg_interfaces/share/amr_msg_interfaces/local_setup.sh
-- Symlinking: /home/dongju/camel-amr-projects/install/amr_msg_interfaces/share/amr_msg_interfaces/local_setup.zsh
-- Symlinking: /home/dongju/camel-amr-projects/install/amr_msg_interfaces/share/amr_msg_interfaces/local_setup.dsv
-- Symlinking: /home/dongju/camel-amr-projects/install/amr_msg_interfaces/share/amr_msg_interfaces/package.dsv
-- Symlinking: /home/dongju/camel-amr-projects/install/amr_msg_interfaces/share/ament_index/resource_index/packages/amr_msg_interfaces
-- Symlinking: /home/dongju/camel-amr-projects/install/amr_msg_interfaces/share/amr_msg_interfaces/cmake/rosidl_cmake-extras.cmake
-- Symlinking: /home/dongju/camel-amr-projects/install/amr_msg_interfaces/share/amr_msg_interfaces/cmake/ament_cmake_export_dependencies-extras.cmake
-- Symlinking: /home/dongju/camel-amr-projects/install/amr_msg_interfaces/share/amr_msg_interfaces/cmake/ament_cmake_export_libraries-extras.cmake
-- Symlinking: /home/dongju/camel-amr-projects/install/amr_msg_interfaces/share/amr_msg_interfaces/cmake/ament_cmake_export_targets-extras.cmake
-- Symlinking: /home/dongju/camel-amr-projects/install/amr_msg_interfaces/share/amr_msg_interfaces/cmake/ament_cmake_export_include_directories-extras.cmake
-- Symlinking: /home/dongju/camel-amr-projects/install/amr_msg_interfaces/share/amr_msg_interfaces/cmake/rosidl_cmake_export_typesupport_libraries-extras.cmake
-- Symlinking: /home/dongju/camel-amr-projects/install/amr_msg_interfaces/share/amr_msg_interfaces/cmake/rosidl_cmake_export_typesupport_targets-extras.cmake
-- Symlinking: /home/dongju/camel-amr-projects/install/amr_msg_interfaces/share/amr_msg_interfaces/cmake/amr_msg_interfacesConfig.cmake
-- Symlinking: /home/dongju/camel-amr-projects/install/amr_msg_interfaces/share/amr_msg_interfaces/cmake/amr_msg_interfacesConfig-version.cmake
-- Symlinking: /home/dongju/camel-amr-projects/install/amr_msg_interfaces/share/amr_msg_interfaces/package.xml
-- Up-to-date: /home/dongju/camel-amr-projects/install/amr_msg_interfaces/lib/libamr_msg_interfaces__rosidl_generator_c.so
-- Up-to-date: /home/dongju/camel-amr-projects/install/amr_msg_interfaces/lib/libamr_msg_interfaces__rosidl_typesupport_introspection_c.so
-- Up-to-date: /home/dongju/camel-amr-projects/install/amr_msg_interfaces/lib/libamr_msg_interfaces__rosidl_typesupport_c.so
-- Up-to-date: /home/dongju/camel-amr-projects/install/amr_msg_interfaces/lib/libamr_msg_interfaces__rosidl_typesupport_introspection_cpp.so
-- Up-to-date: /home/dongju/camel-amr-projects/install/amr_msg_interfaces/lib/libamr_msg_interfaces__rosidl_typesupport_cpp.so
Compiling '/home/dongju/camel-amr-projects/install/amr_msg_interfaces/lib/python3.8/site-packages/amr_msg_interfaces/__init__.py'...
-- Up-to-date: /home/dongju/camel-amr-projects/install/amr_msg_interfaces/share/amr_msg_interfaces/cmake/amr_msg_interfaces__rosidl_generator_cExport.cmake
-- Up-to-date: /home/dongju/camel-amr-projects/install/amr_msg_interfaces/share/amr_msg_interfaces/cmake/amr_msg_interfaces__rosidl_generator_cExport-noconfig.cmake
-- Up-to-date: /home/dongju/camel-amr-projects/install/amr_msg_interfaces/share/amr_msg_interfaces/cmake/amr_msg_interfaces__rosidl_typesupport_introspection_cExport.cmake
-- Up-to-date: /home/dongju/camel-amr-projects/install/amr_msg_interfaces/share/amr_msg_interfaces/cmake/amr_msg_interfaces__rosidl_typesupport_introspection_cExport-noconfig.cmake
-- Up-to-date: /home/dongju/camel-amr-projects/install/amr_msg_interfaces/share/amr_msg_interfaces/cmake/amr_msg_interfaces__rosidl_typesupport_cExport.cmake
-- Up-to-date: /home/dongju/camel-amr-projects/install/amr_msg_interfaces/share/amr_msg_interfaces/cmake/amr_msg_interfaces__rosidl_typesupport_cExport-noconfig.cmake
-- Up-to-date: /home/dongju/camel-amr-projects/install/amr_msg_interfaces/share/amr_msg_interfaces/cmake/amr_msg_interfaces__rosidl_generator_cppExport.cmake
-- Up-to-date: /home/dongju/camel-amr-projects/install/amr_msg_interfaces/share/amr_msg_interfaces/cmake/amr_msg_interfaces__rosidl_typesupport_introspection_cppExport.cmake
-- Up-to-date: /home/dongju/camel-amr-projects/install/amr_msg_interfaces/share/amr_msg_interfaces/cmake/amr_msg_interfaces__rosidl_typesupport_introspection_cppExport-noconfig.cmake
-- Up-to-date: /home/dongju/camel-amr-projects/install/amr_msg_interfaces/share/amr_msg_interfaces/cmake/amr_msg_interfaces__rosidl_typesupport_cppExport.cmake
-- Up-to-date: /home/dongju/camel-amr-projects/install/amr_msg_interfaces/share/amr_msg_interfaces/cmake/amr_msg_interfaces__rosidl_typesupport_cppExport-noconfig.cmake
