[0.259s] DEBUG:colcon:Command line arguments: ['/usr/bin/colcon', 'build', '--cmake-args', '-DCMAKE_EXPORT_COMPILE_COMMANDS=1']
[0.259s] DEBUG:colcon:Parsed command line arguments: Namespace(allow_overriding=[], ament_cmake_args=None, base_paths=['.'], build_base='build', catkin_cmake_args=None, catkin_skip_building_tests=False, cmake_args=['-DCMAKE_EXPORT_COMPILE_COMMANDS=1'], cmake_clean_cache=False, cmake_clean_first=False, cmake_force_configure=False, cmake_target=None, cmake_target_skip_unavailable=False, continue_on_error=False, event_handlers=None, executor='parallel', ignore_user_meta=False, install_base='install', log_base=None, log_level=None, main=<bound method BuildVerb.main of <colcon_core.verb.build.BuildVerb object at 0x7f5223bcd9d0>>, merge_install=False, metas=['./colcon.meta'], packages_above=None, packages_above_and_dependencies=None, packages_above_depth=None, packages_end=None, packages_ignore=None, packages_ignore_regex=None, packages_select=None, packages_select_build_failed=False, packages_select_by_dep=None, packages_select_regex=None, packages_select_test_failures=False, packages_skip=None, packages_skip_build_finished=False, packages_skip_by_dep=None, packages_skip_regex=None, packages_skip_test_passed=False, packages_skip_up_to=None, packages_start=None, packages_up_to=None, packages_up_to_regex=None, parallel_workers=10, paths=None, symlink_install=False, test_result_base=None, verb_extension=<colcon_core.verb.build.BuildVerb object at 0x7f5223bcd9d0>, verb_name='build', verb_parser=<colcon_defaults.argument_parser.defaults.DefaultArgumentsDecorator object at 0x7f5223bcdf40>)
[0.281s] Level 1:colcon.colcon_core.package_discovery:discover_packages(colcon_meta) check parameters
[0.281s] Level 1:colcon.colcon_core.package_discovery:discover_packages(recursive) check parameters
[0.282s] Level 1:colcon.colcon_core.package_discovery:discover_packages(ignore) check parameters
[0.282s] Level 1:colcon.colcon_core.package_discovery:discover_packages(path) check parameters
[0.282s] Level 1:colcon.colcon_core.package_discovery:discover_packages(colcon_meta) discover
[0.282s] Level 1:colcon.colcon_core.package_discovery:discover_packages(recursive) discover
[0.282s] INFO:colcon.colcon_core.package_discovery:Crawling recursively for packages in '/home/dongju/camel-amr-projects'
[0.282s] Level 1:colcon.colcon_core.package_identification:_identify(.) by extensions ['ignore', 'ignore_ament_install']
[0.282s] Level 1:colcon.colcon_core.package_identification:_identify(.) by extension 'ignore'
[0.282s] Level 1:colcon.colcon_core.package_identification:_identify(.) by extension 'ignore_ament_install'
[0.282s] Level 1:colcon.colcon_core.package_identification:_identify(.) by extensions ['colcon_pkg']
[0.282s] Level 1:colcon.colcon_core.package_identification:_identify(.) by extension 'colcon_pkg'
[0.282s] Level 1:colcon.colcon_core.package_identification:_identify(.) by extensions ['colcon_meta']
[0.282s] Level 1:colcon.colcon_core.package_identification:_identify(.) by extension 'colcon_meta'
[0.282s] Level 1:colcon.colcon_core.package_identification:_identify(.) by extensions ['ros']
[0.282s] Level 1:colcon.colcon_core.package_identification:_identify(.) by extension 'ros'
[0.298s] Level 1:colcon.colcon_core.package_identification:_identify(.) by extensions ['cmake', 'python']
[0.298s] Level 1:colcon.colcon_core.package_identification:_identify(.) by extension 'cmake'
[0.298s] Level 1:colcon.colcon_core.package_identification:_identify(.) by extension 'python'
[0.299s] Level 1:colcon.colcon_core.package_identification:_identify(.) by extensions ['python_setup_py']
[0.299s] Level 1:colcon.colcon_core.package_identification:_identify(.) by extension 'python_setup_py'
[0.299s] Level 1:colcon.colcon_core.package_identification:_identify(build) by extensions ['ignore', 'ignore_ament_install']
[0.299s] Level 1:colcon.colcon_core.package_identification:_identify(build) by extension 'ignore'
[0.299s] Level 1:colcon.colcon_core.package_identification:_identify(build) ignored
[0.299s] Level 1:colcon.colcon_core.package_identification:_identify(install) by extensions ['ignore', 'ignore_ament_install']
[0.299s] Level 1:colcon.colcon_core.package_identification:_identify(install) by extension 'ignore'
[0.299s] Level 1:colcon.colcon_core.package_identification:_identify(install) ignored
[0.299s] Level 1:colcon.colcon_core.package_identification:_identify(log) by extensions ['ignore', 'ignore_ament_install']
[0.299s] Level 1:colcon.colcon_core.package_identification:_identify(log) by extension 'ignore'
[0.299s] Level 1:colcon.colcon_core.package_identification:_identify(log) ignored
[0.299s] Level 1:colcon.colcon_core.package_identification:_identify(src) by extensions ['ignore', 'ignore_ament_install']
[0.299s] Level 1:colcon.colcon_core.package_identification:_identify(src) by extension 'ignore'
[0.299s] Level 1:colcon.colcon_core.package_identification:_identify(src) by extension 'ignore_ament_install'
[0.299s] Level 1:colcon.colcon_core.package_identification:_identify(src) by extensions ['colcon_pkg']
[0.299s] Level 1:colcon.colcon_core.package_identification:_identify(src) by extension 'colcon_pkg'
[0.300s] Level 1:colcon.colcon_core.package_identification:_identify(src) by extensions ['colcon_meta']
[0.300s] Level 1:colcon.colcon_core.package_identification:_identify(src) by extension 'colcon_meta'
[0.300s] Level 1:colcon.colcon_core.package_identification:_identify(src) by extensions ['ros']
[0.300s] Level 1:colcon.colcon_core.package_identification:_identify(src) by extension 'ros'
[0.300s] Level 1:colcon.colcon_core.package_identification:_identify(src) by extensions ['cmake', 'python']
[0.300s] Level 1:colcon.colcon_core.package_identification:_identify(src) by extension 'cmake'
[0.300s] Level 1:colcon.colcon_core.package_identification:_identify(src) by extension 'python'
[0.300s] Level 1:colcon.colcon_core.package_identification:_identify(src) by extensions ['python_setup_py']
[0.300s] Level 1:colcon.colcon_core.package_identification:_identify(src) by extension 'python_setup_py'
[0.300s] Level 1:colcon.colcon_core.package_identification:_identify(src/amr-gazebo-pkg) by extensions ['ignore', 'ignore_ament_install']
[0.300s] Level 1:colcon.colcon_core.package_identification:_identify(src/amr-gazebo-pkg) by extension 'ignore'
[0.300s] Level 1:colcon.colcon_core.package_identification:_identify(src/amr-gazebo-pkg) by extension 'ignore_ament_install'
[0.300s] Level 1:colcon.colcon_core.package_identification:_identify(src/amr-gazebo-pkg) by extensions ['colcon_pkg']
[0.300s] Level 1:colcon.colcon_core.package_identification:_identify(src/amr-gazebo-pkg) by extension 'colcon_pkg'
[0.300s] Level 1:colcon.colcon_core.package_identification:_identify(src/amr-gazebo-pkg) by extensions ['colcon_meta']
[0.300s] Level 1:colcon.colcon_core.package_identification:_identify(src/amr-gazebo-pkg) by extension 'colcon_meta'
[0.300s] Level 1:colcon.colcon_core.package_identification:_identify(src/amr-gazebo-pkg) by extensions ['ros']
[0.300s] Level 1:colcon.colcon_core.package_identification:_identify(src/amr-gazebo-pkg) by extension 'ros'
[0.302s] DEBUG:colcon.colcon_core.package_identification:Package 'src/amr-gazebo-pkg' with type 'ros.ament_cmake' and name 'amr-gazebo-pkg'
[0.302s] Level 1:colcon.colcon_core.package_identification:_identify(src/amr-main-pkg) by extensions ['ignore', 'ignore_ament_install']
[0.303s] Level 1:colcon.colcon_core.package_identification:_identify(src/amr-main-pkg) by extension 'ignore'
[0.303s] Level 1:colcon.colcon_core.package_identification:_identify(src/amr-main-pkg) by extension 'ignore_ament_install'
[0.303s] Level 1:colcon.colcon_core.package_identification:_identify(src/amr-main-pkg) by extensions ['colcon_pkg']
[0.303s] Level 1:colcon.colcon_core.package_identification:_identify(src/amr-main-pkg) by extension 'colcon_pkg'
[0.303s] Level 1:colcon.colcon_core.package_identification:_identify(src/amr-main-pkg) by extensions ['colcon_meta']
[0.303s] Level 1:colcon.colcon_core.package_identification:_identify(src/amr-main-pkg) by extension 'colcon_meta'
[0.303s] Level 1:colcon.colcon_core.package_identification:_identify(src/amr-main-pkg) by extensions ['ros']
[0.303s] Level 1:colcon.colcon_core.package_identification:_identify(src/amr-main-pkg) by extension 'ros'
[0.304s] DEBUG:colcon.colcon_core.package_identification:Package 'src/amr-main-pkg' with type 'ros.ament_cmake' and name 'amr-main-pkg'
[0.304s] Level 1:colcon.colcon_core.package_identification:_identify(src/amr-obstacle-pkg) by extensions ['ignore', 'ignore_ament_install']
[0.304s] Level 1:colcon.colcon_core.package_identification:_identify(src/amr-obstacle-pkg) by extension 'ignore'
[0.304s] Level 1:colcon.colcon_core.package_identification:_identify(src/amr-obstacle-pkg) by extension 'ignore_ament_install'
[0.304s] Level 1:colcon.colcon_core.package_identification:_identify(src/amr-obstacle-pkg) by extensions ['colcon_pkg']
[0.304s] Level 1:colcon.colcon_core.package_identification:_identify(src/amr-obstacle-pkg) by extension 'colcon_pkg'
[0.304s] Level 1:colcon.colcon_core.package_identification:_identify(src/amr-obstacle-pkg) by extensions ['colcon_meta']
[0.304s] Level 1:colcon.colcon_core.package_identification:_identify(src/amr-obstacle-pkg) by extension 'colcon_meta'
[0.304s] Level 1:colcon.colcon_core.package_identification:_identify(src/amr-obstacle-pkg) by extensions ['ros']
[0.304s] Level 1:colcon.colcon_core.package_identification:_identify(src/amr-obstacle-pkg) by extension 'ros'
[0.305s] DEBUG:colcon.colcon_core.package_identification:Package 'src/amr-obstacle-pkg' with type 'ros.ament_cmake' and name 'amr-obstacle-pkg'
[0.305s] Level 1:colcon.colcon_core.package_identification:_identify(src/amr_msg_interfaces) by extensions ['ignore', 'ignore_ament_install']
[0.305s] Level 1:colcon.colcon_core.package_identification:_identify(src/amr_msg_interfaces) by extension 'ignore'
[0.305s] Level 1:colcon.colcon_core.package_identification:_identify(src/amr_msg_interfaces) by extension 'ignore_ament_install'
[0.305s] Level 1:colcon.colcon_core.package_identification:_identify(src/amr_msg_interfaces) by extensions ['colcon_pkg']
[0.305s] Level 1:colcon.colcon_core.package_identification:_identify(src/amr_msg_interfaces) by extension 'colcon_pkg'
[0.305s] Level 1:colcon.colcon_core.package_identification:_identify(src/amr_msg_interfaces) by extensions ['colcon_meta']
[0.305s] Level 1:colcon.colcon_core.package_identification:_identify(src/amr_msg_interfaces) by extension 'colcon_meta'
[0.305s] Level 1:colcon.colcon_core.package_identification:_identify(src/amr_msg_interfaces) by extensions ['ros']
[0.305s] Level 1:colcon.colcon_core.package_identification:_identify(src/amr_msg_interfaces) by extension 'ros'
[0.305s] DEBUG:colcon.colcon_core.package_identification:Package 'src/amr_msg_interfaces' with type 'ros.ament_cmake' and name 'amr_msg_interfaces'
[0.306s] Level 1:colcon.colcon_core.package_discovery:discover_packages(recursive) using defaults
[0.306s] Level 1:colcon.colcon_core.package_discovery:discover_packages(ignore) discover
[0.306s] Level 1:colcon.colcon_core.package_discovery:discover_packages(ignore) using defaults
[0.306s] Level 1:colcon.colcon_core.package_discovery:discover_packages(path) discover
[0.306s] Level 1:colcon.colcon_core.package_discovery:discover_packages(path) using defaults
[0.323s] Level 1:colcon.colcon_core.package_discovery:discover_packages(prefix_path) check parameters
[0.323s] Level 1:colcon.colcon_core.package_discovery:discover_packages(prefix_path) discover
[0.326s] DEBUG:colcon.colcon_installed_package_information.package_discovery:Found 307 installed packages in /opt/ros/foxy
[0.327s] Level 1:colcon.colcon_core.package_discovery:discover_packages(prefix_path) using defaults
[0.393s] Level 5:colcon.colcon_core.verb:set package 'amr-gazebo-pkg' build argument 'cmake_args' from command line to '['-DCMAKE_EXPORT_COMPILE_COMMANDS=1']'
[0.393s] Level 5:colcon.colcon_core.verb:set package 'amr-gazebo-pkg' build argument 'cmake_target' from command line to 'None'
[0.393s] Level 5:colcon.colcon_core.verb:set package 'amr-gazebo-pkg' build argument 'cmake_target_skip_unavailable' from command line to 'False'
[0.393s] Level 5:colcon.colcon_core.verb:set package 'amr-gazebo-pkg' build argument 'cmake_clean_cache' from command line to 'False'
[0.393s] Level 5:colcon.colcon_core.verb:set package 'amr-gazebo-pkg' build argument 'cmake_clean_first' from command line to 'False'
[0.393s] Level 5:colcon.colcon_core.verb:set package 'amr-gazebo-pkg' build argument 'cmake_force_configure' from command line to 'False'
[0.393s] Level 5:colcon.colcon_core.verb:set package 'amr-gazebo-pkg' build argument 'ament_cmake_args' from command line to 'None'
[0.393s] Level 5:colcon.colcon_core.verb:set package 'amr-gazebo-pkg' build argument 'catkin_cmake_args' from command line to 'None'
[0.393s] Level 5:colcon.colcon_core.verb:set package 'amr-gazebo-pkg' build argument 'catkin_skip_building_tests' from command line to 'False'
[0.393s] DEBUG:colcon.colcon_core.verb:Building package 'amr-gazebo-pkg' with the following arguments: {'ament_cmake_args': None, 'build_base': '/home/dongju/camel-amr-projects/build/amr-gazebo-pkg', 'catkin_cmake_args': None, 'catkin_skip_building_tests': False, 'cmake_args': ['-DCMAKE_EXPORT_COMPILE_COMMANDS=1'], 'cmake_clean_cache': False, 'cmake_clean_first': False, 'cmake_force_configure': False, 'cmake_target': None, 'cmake_target_skip_unavailable': False, 'install_base': '/home/dongju/camel-amr-projects/install/amr-gazebo-pkg', 'merge_install': False, 'path': '/home/dongju/camel-amr-projects/src/amr-gazebo-pkg', 'symlink_install': False, 'test_result_base': None}
[0.394s] Level 5:colcon.colcon_core.verb:set package 'amr-obstacle-pkg' build argument 'cmake_args' from command line to '['-DCMAKE_EXPORT_COMPILE_COMMANDS=1']'
[0.394s] Level 5:colcon.colcon_core.verb:set package 'amr-obstacle-pkg' build argument 'cmake_target' from command line to 'None'
[0.394s] Level 5:colcon.colcon_core.verb:set package 'amr-obstacle-pkg' build argument 'cmake_target_skip_unavailable' from command line to 'False'
[0.394s] Level 5:colcon.colcon_core.verb:set package 'amr-obstacle-pkg' build argument 'cmake_clean_cache' from command line to 'False'
[0.394s] Level 5:colcon.colcon_core.verb:set package 'amr-obstacle-pkg' build argument 'cmake_clean_first' from command line to 'False'
[0.394s] Level 5:colcon.colcon_core.verb:set package 'amr-obstacle-pkg' build argument 'cmake_force_configure' from command line to 'False'
[0.394s] Level 5:colcon.colcon_core.verb:set package 'amr-obstacle-pkg' build argument 'ament_cmake_args' from command line to 'None'
[0.394s] Level 5:colcon.colcon_core.verb:set package 'amr-obstacle-pkg' build argument 'catkin_cmake_args' from command line to 'None'
[0.394s] Level 5:colcon.colcon_core.verb:set package 'amr-obstacle-pkg' build argument 'catkin_skip_building_tests' from command line to 'False'
[0.394s] DEBUG:colcon.colcon_core.verb:Building package 'amr-obstacle-pkg' with the following arguments: {'ament_cmake_args': None, 'build_base': '/home/dongju/camel-amr-projects/build/amr-obstacle-pkg', 'catkin_cmake_args': None, 'catkin_skip_building_tests': False, 'cmake_args': ['-DCMAKE_EXPORT_COMPILE_COMMANDS=1'], 'cmake_clean_cache': False, 'cmake_clean_first': False, 'cmake_force_configure': False, 'cmake_target': None, 'cmake_target_skip_unavailable': False, 'install_base': '/home/dongju/camel-amr-projects/install/amr-obstacle-pkg', 'merge_install': False, 'path': '/home/dongju/camel-amr-projects/src/amr-obstacle-pkg', 'symlink_install': False, 'test_result_base': None}
[0.395s] Level 5:colcon.colcon_core.verb:set package 'amr_msg_interfaces' build argument 'cmake_args' from command line to '['-DCMAKE_EXPORT_COMPILE_COMMANDS=1']'
[0.395s] Level 5:colcon.colcon_core.verb:set package 'amr_msg_interfaces' build argument 'cmake_target' from command line to 'None'
[0.395s] Level 5:colcon.colcon_core.verb:set package 'amr_msg_interfaces' build argument 'cmake_target_skip_unavailable' from command line to 'False'
[0.395s] Level 5:colcon.colcon_core.verb:set package 'amr_msg_interfaces' build argument 'cmake_clean_cache' from command line to 'False'
[0.395s] Level 5:colcon.colcon_core.verb:set package 'amr_msg_interfaces' build argument 'cmake_clean_first' from command line to 'False'
[0.395s] Level 5:colcon.colcon_core.verb:set package 'amr_msg_interfaces' build argument 'cmake_force_configure' from command line to 'False'
[0.395s] Level 5:colcon.colcon_core.verb:set package 'amr_msg_interfaces' build argument 'ament_cmake_args' from command line to 'None'
[0.395s] Level 5:colcon.colcon_core.verb:set package 'amr_msg_interfaces' build argument 'catkin_cmake_args' from command line to 'None'
[0.395s] Level 5:colcon.colcon_core.verb:set package 'amr_msg_interfaces' build argument 'catkin_skip_building_tests' from command line to 'False'
[0.395s] DEBUG:colcon.colcon_core.verb:Building package 'amr_msg_interfaces' with the following arguments: {'ament_cmake_args': None, 'build_base': '/home/dongju/camel-amr-projects/build/amr_msg_interfaces', 'catkin_cmake_args': None, 'catkin_skip_building_tests': False, 'cmake_args': ['-DCMAKE_EXPORT_COMPILE_COMMANDS=1'], 'cmake_clean_cache': False, 'cmake_clean_first': False, 'cmake_force_configure': False, 'cmake_target': None, 'cmake_target_skip_unavailable': False, 'install_base': '/home/dongju/camel-amr-projects/install/amr_msg_interfaces', 'merge_install': False, 'path': '/home/dongju/camel-amr-projects/src/amr_msg_interfaces', 'symlink_install': False, 'test_result_base': None}
[0.396s] Level 5:colcon.colcon_core.verb:set package 'amr-main-pkg' build argument 'cmake_args' from command line to '['-DCMAKE_EXPORT_COMPILE_COMMANDS=1']'
[0.396s] Level 5:colcon.colcon_core.verb:set package 'amr-main-pkg' build argument 'cmake_target' from command line to 'None'
[0.396s] Level 5:colcon.colcon_core.verb:set package 'amr-main-pkg' build argument 'cmake_target_skip_unavailable' from command line to 'False'
[0.396s] Level 5:colcon.colcon_core.verb:set package 'amr-main-pkg' build argument 'cmake_clean_cache' from command line to 'False'
[0.396s] Level 5:colcon.colcon_core.verb:set package 'amr-main-pkg' build argument 'cmake_clean_first' from command line to 'False'
[0.396s] Level 5:colcon.colcon_core.verb:set package 'amr-main-pkg' build argument 'cmake_force_configure' from command line to 'False'
[0.396s] Level 5:colcon.colcon_core.verb:set package 'amr-main-pkg' build argument 'ament_cmake_args' from command line to 'None'
[0.396s] Level 5:colcon.colcon_core.verb:set package 'amr-main-pkg' build argument 'catkin_cmake_args' from command line to 'None'
[0.396s] Level 5:colcon.colcon_core.verb:set package 'amr-main-pkg' build argument 'catkin_skip_building_tests' from command line to 'False'
[0.396s] DEBUG:colcon.colcon_core.verb:Building package 'amr-main-pkg' with the following arguments: {'ament_cmake_args': None, 'build_base': '/home/dongju/camel-amr-projects/build/amr-main-pkg', 'catkin_cmake_args': None, 'catkin_skip_building_tests': False, 'cmake_args': ['-DCMAKE_EXPORT_COMPILE_COMMANDS=1'], 'cmake_clean_cache': False, 'cmake_clean_first': False, 'cmake_force_configure': False, 'cmake_target': None, 'cmake_target_skip_unavailable': False, 'install_base': '/home/dongju/camel-amr-projects/install/amr-main-pkg', 'merge_install': False, 'path': '/home/dongju/camel-amr-projects/src/amr-main-pkg', 'symlink_install': False, 'test_result_base': None}
[0.397s] INFO:colcon.colcon_core.executor:Executing jobs using 'parallel' executor
[0.400s] DEBUG:colcon.colcon_parallel_executor.executor.parallel:run_until_complete
[0.400s] INFO:colcon.colcon_ros.task.ament_cmake.build:Building ROS package in '/home/dongju/camel-amr-projects/src/amr_msg_interfaces' with build type 'ament_cmake'
[0.400s] INFO:colcon.colcon_cmake.task.cmake.build:Building CMake package in '/home/dongju/camel-amr-projects/src/amr_msg_interfaces'
[0.404s] INFO:colcon.colcon_core.plugin_system:Skipping extension 'colcon_core.shell.bat': Not used on non-Windows systems
[0.404s] INFO:colcon.colcon_core.shell:Skip shell extension 'powershell' for command environment: Not usable outside of PowerShell
[0.404s] DEBUG:colcon.colcon_core.shell:Skip shell extension 'dsv' for command environment
[0.408s] INFO:colcon.colcon_ros.task.ament_cmake.build:Building ROS package in '/home/dongju/camel-amr-projects/src/amr-gazebo-pkg' with build type 'ament_cmake'
[0.408s] INFO:colcon.colcon_cmake.task.cmake.build:Building CMake package in '/home/dongju/camel-amr-projects/src/amr-gazebo-pkg'
[0.409s] INFO:colcon.colcon_core.shell:Skip shell extension 'powershell' for command environment: Not usable outside of PowerShell
[0.409s] DEBUG:colcon.colcon_core.shell:Skip shell extension 'dsv' for command environment
[0.413s] INFO:colcon.colcon_ros.task.ament_cmake.build:Building ROS package in '/home/dongju/camel-amr-projects/src/amr-obstacle-pkg' with build type 'ament_cmake'
[0.414s] INFO:colcon.colcon_cmake.task.cmake.build:Building CMake package in '/home/dongju/camel-amr-projects/src/amr-obstacle-pkg'
[0.415s] INFO:colcon.colcon_core.shell:Skip shell extension 'powershell' for command environment: Not usable outside of PowerShell
[0.415s] DEBUG:colcon.colcon_core.shell:Skip shell extension 'dsv' for command environment
[0.425s] DEBUG:colcon.colcon_core.event_handler.log_command:Invoking command in '/home/dongju/camel-amr-projects/build/amr_msg_interfaces': CMAKE_PREFIX_PATH=/opt/ros/foxy /usr/local/bin/cmake --build /home/dongju/camel-amr-projects/build/amr_msg_interfaces -- -j10 -l10
[0.428s] DEBUG:colcon.colcon_core.event_handler.log_command:Invoking command in '/home/dongju/camel-amr-projects/build/amr-gazebo-pkg': CMAKE_PREFIX_PATH=/opt/ros/foxy /usr/local/bin/cmake --build /home/dongju/camel-amr-projects/build/amr-gazebo-pkg -- -j10 -l10
[0.432s] DEBUG:colcon.colcon_core.event_handler.log_command:Invoking command in '/home/dongju/camel-amr-projects/build/amr-obstacle-pkg': CMAKE_PREFIX_PATH=/opt/ros/foxy /usr/local/bin/cmake --build /home/dongju/camel-amr-projects/build/amr-obstacle-pkg -- -j10 -l10
[0.443s] DEBUG:colcon.colcon_core.event_handler.log_command:Invoked command in '/home/dongju/camel-amr-projects/build/amr-gazebo-pkg' returned '0': CMAKE_PREFIX_PATH=/opt/ros/foxy /usr/local/bin/cmake --build /home/dongju/camel-amr-projects/build/amr-gazebo-pkg -- -j10 -l10
[0.462s] DEBUG:colcon.colcon_core.event_handler.log_command:Invoking command in '/home/dongju/camel-amr-projects/build/amr-gazebo-pkg': CMAKE_PREFIX_PATH=/opt/ros/foxy /usr/local/bin/cmake --install /home/dongju/camel-amr-projects/build/amr-gazebo-pkg
[0.465s] DEBUG:colcon.colcon_core.event_handler.log_command:Invoked command in '/home/dongju/camel-amr-projects/build/amr-obstacle-pkg' returned '0': CMAKE_PREFIX_PATH=/opt/ros/foxy /usr/local/bin/cmake --build /home/dongju/camel-amr-projects/build/amr-obstacle-pkg -- -j10 -l10
[0.466s] Level 1:colcon.colcon_core.environment:create_environment_scripts_only(amr-gazebo-pkg)
[0.470s] DEBUG:colcon.colcon_core.event_handler.log_command:Invoked command in '/home/dongju/camel-amr-projects/build/amr-gazebo-pkg' returned '0': CMAKE_PREFIX_PATH=/opt/ros/foxy /usr/local/bin/cmake --install /home/dongju/camel-amr-projects/build/amr-gazebo-pkg
[0.473s] Level 1:colcon.colcon_core.environment:checking '/home/dongju/camel-amr-projects/install/amr-gazebo-pkg' for CMake module files
[0.474s] Level 1:colcon.colcon_core.environment:checking '/home/dongju/camel-amr-projects/install/amr-gazebo-pkg' for CMake config files
[0.474s] Level 1:colcon.colcon_core.shell:create_environment_hook('amr-gazebo-pkg', 'cmake_prefix_path')
[0.475s] INFO:colcon.colcon_core.shell:Creating environment hook '/home/dongju/camel-amr-projects/install/amr-gazebo-pkg/share/amr-gazebo-pkg/hook/cmake_prefix_path.ps1'
[0.476s] INFO:colcon.colcon_core.shell:Creating environment descriptor '/home/dongju/camel-amr-projects/install/amr-gazebo-pkg/share/amr-gazebo-pkg/hook/cmake_prefix_path.dsv'
[0.476s] INFO:colcon.colcon_core.shell:Creating environment hook '/home/dongju/camel-amr-projects/install/amr-gazebo-pkg/share/amr-gazebo-pkg/hook/cmake_prefix_path.sh'
[0.477s] Level 1:colcon.colcon_core.environment:checking '/home/dongju/camel-amr-projects/install/amr-gazebo-pkg/bin'
[0.477s] Level 1:colcon.colcon_core.environment:checking '/home/dongju/camel-amr-projects/install/amr-gazebo-pkg/lib/pkgconfig/amr-gazebo-pkg.pc'
[0.477s] Level 1:colcon.colcon_core.environment:checking '/home/dongju/camel-amr-projects/install/amr-gazebo-pkg/lib/python3.8/site-packages'
[0.477s] Level 1:colcon.colcon_core.environment:checking '/home/dongju/camel-amr-projects/install/amr-gazebo-pkg/bin'
[0.479s] INFO:colcon.colcon_core.shell:Creating package script '/home/dongju/camel-amr-projects/install/amr-gazebo-pkg/share/amr-gazebo-pkg/package.ps1'
[0.480s] INFO:colcon.colcon_core.shell:Creating package descriptor '/home/dongju/camel-amr-projects/install/amr-gazebo-pkg/share/amr-gazebo-pkg/package.dsv'
[0.480s] INFO:colcon.colcon_core.shell:Creating package script '/home/dongju/camel-amr-projects/install/amr-gazebo-pkg/share/amr-gazebo-pkg/package.sh'
[0.481s] INFO:colcon.colcon_core.shell:Creating package script '/home/dongju/camel-amr-projects/install/amr-gazebo-pkg/share/amr-gazebo-pkg/package.bash'
[0.481s] INFO:colcon.colcon_core.shell:Creating package script '/home/dongju/camel-amr-projects/install/amr-gazebo-pkg/share/amr-gazebo-pkg/package.zsh'
[0.482s] Level 1:colcon.colcon_core.environment:create_file_with_runtime_dependencies(/home/dongju/camel-amr-projects/install/amr-gazebo-pkg/share/colcon-core/packages/amr-gazebo-pkg)
[0.485s] DEBUG:colcon.colcon_core.event_handler.log_command:Invoking command in '/home/dongju/camel-amr-projects/build/amr-obstacle-pkg': CMAKE_PREFIX_PATH=/opt/ros/foxy /usr/local/bin/cmake --install /home/dongju/camel-amr-projects/build/amr-obstacle-pkg
[0.492s] Level 1:colcon.colcon_core.environment:create_environment_scripts_only(amr-obstacle-pkg)
[0.496s] Level 1:colcon.colcon_core.environment:checking '/home/dongju/camel-amr-projects/install/amr-obstacle-pkg' for CMake module files
[0.497s] Level 1:colcon.colcon_core.environment:checking '/home/dongju/camel-amr-projects/install/amr-obstacle-pkg' for CMake config files
[0.497s] DEBUG:colcon.colcon_core.event_handler.log_command:Invoked command in '/home/dongju/camel-amr-projects/build/amr-obstacle-pkg' returned '0': CMAKE_PREFIX_PATH=/opt/ros/foxy /usr/local/bin/cmake --install /home/dongju/camel-amr-projects/build/amr-obstacle-pkg
[0.497s] Level 1:colcon.colcon_core.shell:create_environment_hook('amr-obstacle-pkg', 'cmake_prefix_path')
[0.499s] INFO:colcon.colcon_core.shell:Creating environment hook '/home/dongju/camel-amr-projects/install/amr-obstacle-pkg/share/amr-obstacle-pkg/hook/cmake_prefix_path.ps1'
[0.499s] INFO:colcon.colcon_core.shell:Creating environment descriptor '/home/dongju/camel-amr-projects/install/amr-obstacle-pkg/share/amr-obstacle-pkg/hook/cmake_prefix_path.dsv'
[0.499s] INFO:colcon.colcon_core.shell:Creating environment hook '/home/dongju/camel-amr-projects/install/amr-obstacle-pkg/share/amr-obstacle-pkg/hook/cmake_prefix_path.sh'
[0.500s] Level 1:colcon.colcon_core.environment:checking '/home/dongju/camel-amr-projects/install/amr-obstacle-pkg/lib'
[0.500s] Level 1:colcon.colcon_core.environment:checking '/home/dongju/camel-amr-projects/install/amr-obstacle-pkg/bin'
[0.500s] Level 1:colcon.colcon_core.environment:checking '/home/dongju/camel-amr-projects/install/amr-obstacle-pkg/lib/pkgconfig/amr-obstacle-pkg.pc'
[0.500s] Level 1:colcon.colcon_core.environment:checking '/home/dongju/camel-amr-projects/install/amr-obstacle-pkg/lib/python3.8/site-packages'
[0.501s] Level 1:colcon.colcon_core.environment:checking '/home/dongju/camel-amr-projects/install/amr-obstacle-pkg/bin'
[0.502s] INFO:colcon.colcon_core.shell:Creating package script '/home/dongju/camel-amr-projects/install/amr-obstacle-pkg/share/amr-obstacle-pkg/package.ps1'
[0.502s] INFO:colcon.colcon_core.shell:Creating package descriptor '/home/dongju/camel-amr-projects/install/amr-obstacle-pkg/share/amr-obstacle-pkg/package.dsv'
[0.502s] INFO:colcon.colcon_core.shell:Creating package script '/home/dongju/camel-amr-projects/install/amr-obstacle-pkg/share/amr-obstacle-pkg/package.sh'
[0.503s] INFO:colcon.colcon_core.shell:Creating package script '/home/dongju/camel-amr-projects/install/amr-obstacle-pkg/share/amr-obstacle-pkg/package.bash'
[0.503s] INFO:colcon.colcon_core.shell:Creating package script '/home/dongju/camel-amr-projects/install/amr-obstacle-pkg/share/amr-obstacle-pkg/package.zsh'
[0.503s] Level 1:colcon.colcon_core.environment:create_file_with_runtime_dependencies(/home/dongju/camel-amr-projects/install/amr-obstacle-pkg/share/colcon-core/packages/amr-obstacle-pkg)
[0.507s] Level 1:colcon.colcon_core.environment:create_environment_scripts_only(amr-gazebo-pkg)
[0.509s] Level 1:colcon.colcon_core.environment:checking '/home/dongju/camel-amr-projects/install/amr-gazebo-pkg' for CMake module files
[0.509s] Level 1:colcon.colcon_core.environment:checking '/home/dongju/camel-amr-projects/install/amr-gazebo-pkg' for CMake config files
[0.509s] Level 1:colcon.colcon_core.shell:create_environment_hook('amr-gazebo-pkg', 'cmake_prefix_path')
[0.511s] INFO:colcon.colcon_core.shell:Creating environment hook '/home/dongju/camel-amr-projects/install/amr-gazebo-pkg/share/amr-gazebo-pkg/hook/cmake_prefix_path.ps1'
[0.512s] INFO:colcon.colcon_core.shell:Creating environment descriptor '/home/dongju/camel-amr-projects/install/amr-gazebo-pkg/share/amr-gazebo-pkg/hook/cmake_prefix_path.dsv'
[0.512s] INFO:colcon.colcon_core.shell:Creating environment hook '/home/dongju/camel-amr-projects/install/amr-gazebo-pkg/share/amr-gazebo-pkg/hook/cmake_prefix_path.sh'
[0.513s] Level 1:colcon.colcon_core.environment:checking '/home/dongju/camel-amr-projects/install/amr-gazebo-pkg/bin'
[0.513s] Level 1:colcon.colcon_core.environment:checking '/home/dongju/camel-amr-projects/install/amr-gazebo-pkg/lib/pkgconfig/amr-gazebo-pkg.pc'
[0.513s] Level 1:colcon.colcon_core.environment:checking '/home/dongju/camel-amr-projects/install/amr-gazebo-pkg/lib/python3.8/site-packages'
[0.513s] Level 1:colcon.colcon_core.environment:checking '/home/dongju/camel-amr-projects/install/amr-gazebo-pkg/bin'
[0.514s] INFO:colcon.colcon_core.shell:Creating package script '/home/dongju/camel-amr-projects/install/amr-gazebo-pkg/share/amr-gazebo-pkg/package.ps1'
[0.515s] INFO:colcon.colcon_core.shell:Creating package descriptor '/home/dongju/camel-amr-projects/install/amr-gazebo-pkg/share/amr-gazebo-pkg/package.dsv'
[0.515s] INFO:colcon.colcon_core.shell:Creating package script '/home/dongju/camel-amr-projects/install/amr-gazebo-pkg/share/amr-gazebo-pkg/package.sh'
[0.515s] INFO:colcon.colcon_core.shell:Creating package script '/home/dongju/camel-amr-projects/install/amr-gazebo-pkg/share/amr-gazebo-pkg/package.bash'
[0.516s] INFO:colcon.colcon_core.shell:Creating package script '/home/dongju/camel-amr-projects/install/amr-gazebo-pkg/share/amr-gazebo-pkg/package.zsh'
[0.516s] Level 1:colcon.colcon_core.environment:create_file_with_runtime_dependencies(/home/dongju/camel-amr-projects/install/amr-gazebo-pkg/share/colcon-core/packages/amr-gazebo-pkg)
[0.519s] DEBUG:colcon.colcon_core.event_handler.log_command:Invoked command in '/home/dongju/camel-amr-projects/build/amr_msg_interfaces' returned '0': CMAKE_PREFIX_PATH=/opt/ros/foxy /usr/local/bin/cmake --build /home/dongju/camel-amr-projects/build/amr_msg_interfaces -- -j10 -l10
[0.522s] Level 1:colcon.colcon_core.environment:create_environment_scripts_only(amr-obstacle-pkg)
[0.524s] Level 1:colcon.colcon_core.environment:checking '/home/dongju/camel-amr-projects/install/amr-obstacle-pkg' for CMake module files
[0.524s] Level 1:colcon.colcon_core.environment:checking '/home/dongju/camel-amr-projects/install/amr-obstacle-pkg' for CMake config files
[0.524s] Level 1:colcon.colcon_core.shell:create_environment_hook('amr-obstacle-pkg', 'cmake_prefix_path')
[0.525s] INFO:colcon.colcon_core.shell:Creating environment hook '/home/dongju/camel-amr-projects/install/amr-obstacle-pkg/share/amr-obstacle-pkg/hook/cmake_prefix_path.ps1'
[0.526s] INFO:colcon.colcon_core.shell:Creating environment descriptor '/home/dongju/camel-amr-projects/install/amr-obstacle-pkg/share/amr-obstacle-pkg/hook/cmake_prefix_path.dsv'
[0.526s] INFO:colcon.colcon_core.shell:Creating environment hook '/home/dongju/camel-amr-projects/install/amr-obstacle-pkg/share/amr-obstacle-pkg/hook/cmake_prefix_path.sh'
[0.527s] Level 1:colcon.colcon_core.environment:checking '/home/dongju/camel-amr-projects/install/amr-obstacle-pkg/lib'
[0.527s] Level 1:colcon.colcon_core.environment:checking '/home/dongju/camel-amr-projects/install/amr-obstacle-pkg/bin'
[0.527s] Level 1:colcon.colcon_core.environment:checking '/home/dongju/camel-amr-projects/install/amr-obstacle-pkg/lib/pkgconfig/amr-obstacle-pkg.pc'
[0.527s] Level 1:colcon.colcon_core.environment:checking '/home/dongju/camel-amr-projects/install/amr-obstacle-pkg/lib/python3.8/site-packages'
[0.527s] Level 1:colcon.colcon_core.environment:checking '/home/dongju/camel-amr-projects/install/amr-obstacle-pkg/bin'
[0.529s] INFO:colcon.colcon_core.shell:Creating package script '/home/dongju/camel-amr-projects/install/amr-obstacle-pkg/share/amr-obstacle-pkg/package.ps1'
[0.529s] INFO:colcon.colcon_core.shell:Creating package descriptor '/home/dongju/camel-amr-projects/install/amr-obstacle-pkg/share/amr-obstacle-pkg/package.dsv'
[0.530s] INFO:colcon.colcon_core.shell:Creating package script '/home/dongju/camel-amr-projects/install/amr-obstacle-pkg/share/amr-obstacle-pkg/package.sh'
[0.530s] INFO:colcon.colcon_core.shell:Creating package script '/home/dongju/camel-amr-projects/install/amr-obstacle-pkg/share/amr-obstacle-pkg/package.bash'
[0.530s] INFO:colcon.colcon_core.shell:Creating package script '/home/dongju/camel-amr-projects/install/amr-obstacle-pkg/share/amr-obstacle-pkg/package.zsh'
[0.531s] Level 1:colcon.colcon_core.environment:create_file_with_runtime_dependencies(/home/dongju/camel-amr-projects/install/amr-obstacle-pkg/share/colcon-core/packages/amr-obstacle-pkg)
[0.555s] DEBUG:colcon.colcon_core.event_handler.log_command:Invoking command in '/home/dongju/camel-amr-projects/build/amr_msg_interfaces': CMAKE_PREFIX_PATH=/opt/ros/foxy /usr/local/bin/cmake --install /home/dongju/camel-amr-projects/build/amr_msg_interfaces
[0.592s] Level 1:colcon.colcon_core.environment:create_environment_scripts_only(amr_msg_interfaces)
[0.594s] Level 1:colcon.colcon_core.environment:checking '/home/dongju/camel-amr-projects/install/amr_msg_interfaces' for CMake module files
[0.595s] Level 1:colcon.colcon_core.environment:checking '/home/dongju/camel-amr-projects/install/amr_msg_interfaces' for CMake config files
[0.595s] DEBUG:colcon.colcon_core.event_handler.log_command:Invoked command in '/home/dongju/camel-amr-projects/build/amr_msg_interfaces' returned '0': CMAKE_PREFIX_PATH=/opt/ros/foxy /usr/local/bin/cmake --install /home/dongju/camel-amr-projects/build/amr_msg_interfaces
[0.595s] Level 1:colcon.colcon_core.shell:create_environment_hook('amr_msg_interfaces', 'cmake_prefix_path')
[0.596s] INFO:colcon.colcon_core.shell:Creating environment hook '/home/dongju/camel-amr-projects/install/amr_msg_interfaces/share/amr_msg_interfaces/hook/cmake_prefix_path.ps1'
[0.597s] INFO:colcon.colcon_core.shell:Creating environment descriptor '/home/dongju/camel-amr-projects/install/amr_msg_interfaces/share/amr_msg_interfaces/hook/cmake_prefix_path.dsv'
[0.597s] INFO:colcon.colcon_core.shell:Creating environment hook '/home/dongju/camel-amr-projects/install/amr_msg_interfaces/share/amr_msg_interfaces/hook/cmake_prefix_path.sh'
[0.597s] Level 1:colcon.colcon_core.environment:checking '/home/dongju/camel-amr-projects/install/amr_msg_interfaces/lib'
[0.598s] Level 1:colcon.colcon_core.shell:create_environment_hook('amr_msg_interfaces', 'ld_library_path_lib')
[0.599s] INFO:colcon.colcon_core.shell:Creating environment hook '/home/dongju/camel-amr-projects/install/amr_msg_interfaces/share/amr_msg_interfaces/hook/ld_library_path_lib.ps1'
[0.599s] INFO:colcon.colcon_core.shell:Creating environment descriptor '/home/dongju/camel-amr-projects/install/amr_msg_interfaces/share/amr_msg_interfaces/hook/ld_library_path_lib.dsv'
[0.600s] INFO:colcon.colcon_core.shell:Creating environment hook '/home/dongju/camel-amr-projects/install/amr_msg_interfaces/share/amr_msg_interfaces/hook/ld_library_path_lib.sh'
[0.600s] Level 1:colcon.colcon_core.environment:checking '/home/dongju/camel-amr-projects/install/amr_msg_interfaces/bin'
[0.600s] Level 1:colcon.colcon_core.environment:checking '/home/dongju/camel-amr-projects/install/amr_msg_interfaces/lib/pkgconfig/amr_msg_interfaces.pc'
[0.600s] Level 1:colcon.colcon_core.environment:checking '/home/dongju/camel-amr-projects/install/amr_msg_interfaces/lib/python3.8/site-packages'
[0.600s] Level 1:colcon.colcon_core.shell:create_environment_hook('amr_msg_interfaces', 'pythonpath')
[0.601s] INFO:colcon.colcon_core.shell:Creating environment hook '/home/dongju/camel-amr-projects/install/amr_msg_interfaces/share/amr_msg_interfaces/hook/pythonpath.ps1'
[0.602s] INFO:colcon.colcon_core.shell:Creating environment descriptor '/home/dongju/camel-amr-projects/install/amr_msg_interfaces/share/amr_msg_interfaces/hook/pythonpath.dsv'
[0.602s] INFO:colcon.colcon_core.shell:Creating environment hook '/home/dongju/camel-amr-projects/install/amr_msg_interfaces/share/amr_msg_interfaces/hook/pythonpath.sh'
[0.602s] Level 1:colcon.colcon_core.environment:checking '/home/dongju/camel-amr-projects/install/amr_msg_interfaces/bin'
[0.603s] INFO:colcon.colcon_core.shell:Creating package script '/home/dongju/camel-amr-projects/install/amr_msg_interfaces/share/amr_msg_interfaces/package.ps1'
[0.604s] INFO:colcon.colcon_core.shell:Creating package descriptor '/home/dongju/camel-amr-projects/install/amr_msg_interfaces/share/amr_msg_interfaces/package.dsv'
[0.604s] INFO:colcon.colcon_core.shell:Creating package script '/home/dongju/camel-amr-projects/install/amr_msg_interfaces/share/amr_msg_interfaces/package.sh'
[0.605s] INFO:colcon.colcon_core.shell:Creating package script '/home/dongju/camel-amr-projects/install/amr_msg_interfaces/share/amr_msg_interfaces/package.bash'
[0.605s] INFO:colcon.colcon_core.shell:Creating package script '/home/dongju/camel-amr-projects/install/amr_msg_interfaces/share/amr_msg_interfaces/package.zsh'
[0.605s] Level 1:colcon.colcon_core.environment:create_file_with_runtime_dependencies(/home/dongju/camel-amr-projects/install/amr_msg_interfaces/share/colcon-core/packages/amr_msg_interfaces)
[0.641s] Level 1:colcon.colcon_core.environment:create_environment_scripts_only(amr_msg_interfaces)
[0.643s] Level 1:colcon.colcon_core.environment:checking '/home/dongju/camel-amr-projects/install/amr_msg_interfaces' for CMake module files
[0.643s] Level 1:colcon.colcon_core.environment:checking '/home/dongju/camel-amr-projects/install/amr_msg_interfaces' for CMake config files
[0.644s] Level 1:colcon.colcon_core.shell:create_environment_hook('amr_msg_interfaces', 'cmake_prefix_path')
[0.645s] INFO:colcon.colcon_core.shell:Creating environment hook '/home/dongju/camel-amr-projects/install/amr_msg_interfaces/share/amr_msg_interfaces/hook/cmake_prefix_path.ps1'
[0.645s] INFO:colcon.colcon_core.shell:Creating environment descriptor '/home/dongju/camel-amr-projects/install/amr_msg_interfaces/share/amr_msg_interfaces/hook/cmake_prefix_path.dsv'
[0.645s] INFO:colcon.colcon_core.shell:Creating environment hook '/home/dongju/camel-amr-projects/install/amr_msg_interfaces/share/amr_msg_interfaces/hook/cmake_prefix_path.sh'
[0.646s] Level 1:colcon.colcon_core.environment:checking '/home/dongju/camel-amr-projects/install/amr_msg_interfaces/lib'
[0.646s] Level 1:colcon.colcon_core.shell:create_environment_hook('amr_msg_interfaces', 'ld_library_path_lib')
[0.647s] INFO:colcon.colcon_core.shell:Creating environment hook '/home/dongju/camel-amr-projects/install/amr_msg_interfaces/share/amr_msg_interfaces/hook/ld_library_path_lib.ps1'
[0.647s] INFO:colcon.colcon_core.shell:Creating environment descriptor '/home/dongju/camel-amr-projects/install/amr_msg_interfaces/share/amr_msg_interfaces/hook/ld_library_path_lib.dsv'
[0.648s] INFO:colcon.colcon_core.shell:Creating environment hook '/home/dongju/camel-amr-projects/install/amr_msg_interfaces/share/amr_msg_interfaces/hook/ld_library_path_lib.sh'
[0.648s] Level 1:colcon.colcon_core.environment:checking '/home/dongju/camel-amr-projects/install/amr_msg_interfaces/bin'
[0.648s] Level 1:colcon.colcon_core.environment:checking '/home/dongju/camel-amr-projects/install/amr_msg_interfaces/lib/pkgconfig/amr_msg_interfaces.pc'
[0.648s] Level 1:colcon.colcon_core.environment:checking '/home/dongju/camel-amr-projects/install/amr_msg_interfaces/lib/python3.8/site-packages'
[0.648s] Level 1:colcon.colcon_core.shell:create_environment_hook('amr_msg_interfaces', 'pythonpath')
[0.649s] INFO:colcon.colcon_core.shell:Creating environment hook '/home/dongju/camel-amr-projects/install/amr_msg_interfaces/share/amr_msg_interfaces/hook/pythonpath.ps1'
[0.650s] INFO:colcon.colcon_core.shell:Creating environment descriptor '/home/dongju/camel-amr-projects/install/amr_msg_interfaces/share/amr_msg_interfaces/hook/pythonpath.dsv'
[0.650s] INFO:colcon.colcon_core.shell:Creating environment hook '/home/dongju/camel-amr-projects/install/amr_msg_interfaces/share/amr_msg_interfaces/hook/pythonpath.sh'
[0.650s] Level 1:colcon.colcon_core.environment:checking '/home/dongju/camel-amr-projects/install/amr_msg_interfaces/bin'
[0.651s] INFO:colcon.colcon_core.shell:Creating package script '/home/dongju/camel-amr-projects/install/amr_msg_interfaces/share/amr_msg_interfaces/package.ps1'
[0.652s] INFO:colcon.colcon_core.shell:Creating package descriptor '/home/dongju/camel-amr-projects/install/amr_msg_interfaces/share/amr_msg_interfaces/package.dsv'
[0.652s] INFO:colcon.colcon_core.shell:Creating package script '/home/dongju/camel-amr-projects/install/amr_msg_interfaces/share/amr_msg_interfaces/package.sh'
[0.653s] INFO:colcon.colcon_core.shell:Creating package script '/home/dongju/camel-amr-projects/install/amr_msg_interfaces/share/amr_msg_interfaces/package.bash'
[0.653s] INFO:colcon.colcon_core.shell:Creating package script '/home/dongju/camel-amr-projects/install/amr_msg_interfaces/share/amr_msg_interfaces/package.zsh'
[0.653s] Level 1:colcon.colcon_core.environment:create_file_with_runtime_dependencies(/home/dongju/camel-amr-projects/install/amr_msg_interfaces/share/colcon-core/packages/amr_msg_interfaces)
[0.654s] INFO:colcon.colcon_ros.task.ament_cmake.build:Building ROS package in '/home/dongju/camel-amr-projects/src/amr-main-pkg' with build type 'ament_cmake'
[0.654s] INFO:colcon.colcon_cmake.task.cmake.build:Building CMake package in '/home/dongju/camel-amr-projects/src/amr-main-pkg'
[0.655s] INFO:colcon.colcon_core.shell:Skip shell extension 'powershell' for command environment: Not usable outside of PowerShell
[0.655s] DEBUG:colcon.colcon_core.shell:Skip shell extension 'dsv' for command environment
[0.665s] DEBUG:colcon.colcon_core.event_handler.log_command:Invoking command in '/home/dongju/camel-amr-projects/build/amr-main-pkg': AMENT_PREFIX_PATH=/home/dongju/camel-amr-projects/install/amr_msg_interfaces:${AMENT_PREFIX_PATH} CMAKE_PREFIX_PATH=/home/dongju/camel-amr-projects/install/amr_msg_interfaces:/opt/ros/foxy LD_LIBRARY_PATH=/home/dongju/camel-amr-projects/install/amr_msg_interfaces/lib:/usr/lib/x86_64-linux-gnu/gazebo-11/plugins:/opt/ros/foxy/opt/yaml_cpp_vendor/lib:/opt/ros/foxy/opt/rviz_ogre_vendor/lib:/opt/ros/foxy/lib/x86_64-linux-gnu:/opt/ros/foxy/lib:home/dongju/raisimLib/install/lib PYTHONPATH=/home/dongju/camel-amr-projects/install/amr_msg_interfaces/lib/python3.8/site-packages:/opt/ros/foxy/lib/python3.8/site-packages:home/dongju/raisimLib/install/lib /usr/local/bin/cmake --build /home/dongju/camel-amr-projects/build/amr-main-pkg -- -j10 -l10
[4.772s] DEBUG:colcon.colcon_core.event_handler.log_command:Invoked command in '/home/dongju/camel-amr-projects/build/amr-main-pkg' returned '0': AMENT_PREFIX_PATH=/home/dongju/camel-amr-projects/install/amr_msg_interfaces:${AMENT_PREFIX_PATH} CMAKE_PREFIX_PATH=/home/dongju/camel-amr-projects/install/amr_msg_interfaces:/opt/ros/foxy LD_LIBRARY_PATH=/home/dongju/camel-amr-projects/install/amr_msg_interfaces/lib:/usr/lib/x86_64-linux-gnu/gazebo-11/plugins:/opt/ros/foxy/opt/yaml_cpp_vendor/lib:/opt/ros/foxy/opt/rviz_ogre_vendor/lib:/opt/ros/foxy/lib/x86_64-linux-gnu:/opt/ros/foxy/lib:home/dongju/raisimLib/install/lib PYTHONPATH=/home/dongju/camel-amr-projects/install/amr_msg_interfaces/lib/python3.8/site-packages:/opt/ros/foxy/lib/python3.8/site-packages:home/dongju/raisimLib/install/lib /usr/local/bin/cmake --build /home/dongju/camel-amr-projects/build/amr-main-pkg -- -j10 -l10
[4.797s] DEBUG:colcon.colcon_core.event_handler.log_command:Invoking command in '/home/dongju/camel-amr-projects/build/amr-main-pkg': AMENT_PREFIX_PATH=/home/dongju/camel-amr-projects/install/amr_msg_interfaces:${AMENT_PREFIX_PATH} CMAKE_PREFIX_PATH=/home/dongju/camel-amr-projects/install/amr_msg_interfaces:/opt/ros/foxy LD_LIBRARY_PATH=/home/dongju/camel-amr-projects/install/amr_msg_interfaces/lib:/usr/lib/x86_64-linux-gnu/gazebo-11/plugins:/opt/ros/foxy/opt/yaml_cpp_vendor/lib:/opt/ros/foxy/opt/rviz_ogre_vendor/lib:/opt/ros/foxy/lib/x86_64-linux-gnu:/opt/ros/foxy/lib:home/dongju/raisimLib/install/lib PYTHONPATH=/home/dongju/camel-amr-projects/install/amr_msg_interfaces/lib/python3.8/site-packages:/opt/ros/foxy/lib/python3.8/site-packages:home/dongju/raisimLib/install/lib /usr/local/bin/cmake --install /home/dongju/camel-amr-projects/build/amr-main-pkg
[4.807s] Level 1:colcon.colcon_core.environment:create_environment_scripts_only(amr-main-pkg)
[4.809s] Level 1:colcon.colcon_core.environment:checking '/home/dongju/camel-amr-projects/install/amr-main-pkg' for CMake module files
[4.810s] Level 1:colcon.colcon_core.environment:checking '/home/dongju/camel-amr-projects/install/amr-main-pkg' for CMake config files
[4.810s] DEBUG:colcon.colcon_core.event_handler.log_command:Invoked command in '/home/dongju/camel-amr-projects/build/amr-main-pkg' returned '0': AMENT_PREFIX_PATH=/home/dongju/camel-amr-projects/install/amr_msg_interfaces:${AMENT_PREFIX_PATH} CMAKE_PREFIX_PATH=/home/dongju/camel-amr-projects/install/amr_msg_interfaces:/opt/ros/foxy LD_LIBRARY_PATH=/home/dongju/camel-amr-projects/install/amr_msg_interfaces/lib:/usr/lib/x86_64-linux-gnu/gazebo-11/plugins:/opt/ros/foxy/opt/yaml_cpp_vendor/lib:/opt/ros/foxy/opt/rviz_ogre_vendor/lib:/opt/ros/foxy/lib/x86_64-linux-gnu:/opt/ros/foxy/lib:home/dongju/raisimLib/install/lib PYTHONPATH=/home/dongju/camel-amr-projects/install/amr_msg_interfaces/lib/python3.8/site-packages:/opt/ros/foxy/lib/python3.8/site-packages:home/dongju/raisimLib/install/lib /usr/local/bin/cmake --install /home/dongju/camel-amr-projects/build/amr-main-pkg
[4.810s] Level 1:colcon.colcon_core.shell:create_environment_hook('amr-main-pkg', 'cmake_prefix_path')
[4.812s] INFO:colcon.colcon_core.shell:Creating environment hook '/home/dongju/camel-amr-projects/install/amr-main-pkg/share/amr-main-pkg/hook/cmake_prefix_path.ps1'
[4.812s] INFO:colcon.colcon_core.shell:Creating environment descriptor '/home/dongju/camel-amr-projects/install/amr-main-pkg/share/amr-main-pkg/hook/cmake_prefix_path.dsv'
[4.812s] INFO:colcon.colcon_core.shell:Creating environment hook '/home/dongju/camel-amr-projects/install/amr-main-pkg/share/amr-main-pkg/hook/cmake_prefix_path.sh'
[4.813s] Level 1:colcon.colcon_core.environment:checking '/home/dongju/camel-amr-projects/install/amr-main-pkg/lib'
[4.813s] Level 1:colcon.colcon_core.environment:checking '/home/dongju/camel-amr-projects/install/amr-main-pkg/bin'
[4.813s] Level 1:colcon.colcon_core.environment:checking '/home/dongju/camel-amr-projects/install/amr-main-pkg/lib/pkgconfig/amr-main-pkg.pc'
[4.813s] Level 1:colcon.colcon_core.environment:checking '/home/dongju/camel-amr-projects/install/amr-main-pkg/lib/python3.8/site-packages'
[4.813s] Level 1:colcon.colcon_core.environment:checking '/home/dongju/camel-amr-projects/install/amr-main-pkg/bin'
[4.814s] INFO:colcon.colcon_core.shell:Creating package script '/home/dongju/camel-amr-projects/install/amr-main-pkg/share/amr-main-pkg/package.ps1'
[4.815s] INFO:colcon.colcon_core.shell:Creating package descriptor '/home/dongju/camel-amr-projects/install/amr-main-pkg/share/amr-main-pkg/package.dsv'
[4.815s] INFO:colcon.colcon_core.shell:Creating package script '/home/dongju/camel-amr-projects/install/amr-main-pkg/share/amr-main-pkg/package.sh'
[4.816s] INFO:colcon.colcon_core.shell:Creating package script '/home/dongju/camel-amr-projects/install/amr-main-pkg/share/amr-main-pkg/package.bash'
[4.817s] INFO:colcon.colcon_core.shell:Creating package script '/home/dongju/camel-amr-projects/install/amr-main-pkg/share/amr-main-pkg/package.zsh'
[4.817s] Level 1:colcon.colcon_core.environment:create_file_with_runtime_dependencies(/home/dongju/camel-amr-projects/install/amr-main-pkg/share/colcon-core/packages/amr-main-pkg)
[4.841s] Level 1:colcon.colcon_core.environment:create_environment_scripts_only(amr-main-pkg)
[4.842s] Level 1:colcon.colcon_core.environment:checking '/home/dongju/camel-amr-projects/install/amr-main-pkg' for CMake module files
[4.843s] Level 1:colcon.colcon_core.environment:checking '/home/dongju/camel-amr-projects/install/amr-main-pkg' for CMake config files
[4.843s] Level 1:colcon.colcon_core.shell:create_environment_hook('amr-main-pkg', 'cmake_prefix_path')
[4.844s] INFO:colcon.colcon_core.shell:Creating environment hook '/home/dongju/camel-amr-projects/install/amr-main-pkg/share/amr-main-pkg/hook/cmake_prefix_path.ps1'
[4.845s] INFO:colcon.colcon_core.shell:Creating environment descriptor '/home/dongju/camel-amr-projects/install/amr-main-pkg/share/amr-main-pkg/hook/cmake_prefix_path.dsv'
[4.845s] INFO:colcon.colcon_core.shell:Creating environment hook '/home/dongju/camel-amr-projects/install/amr-main-pkg/share/amr-main-pkg/hook/cmake_prefix_path.sh'
[4.845s] Level 1:colcon.colcon_core.environment:checking '/home/dongju/camel-amr-projects/install/amr-main-pkg/lib'
[4.845s] Level 1:colcon.colcon_core.environment:checking '/home/dongju/camel-amr-projects/install/amr-main-pkg/bin'
[4.845s] Level 1:colcon.colcon_core.environment:checking '/home/dongju/camel-amr-projects/install/amr-main-pkg/lib/pkgconfig/amr-main-pkg.pc'
[4.846s] Level 1:colcon.colcon_core.environment:checking '/home/dongju/camel-amr-projects/install/amr-main-pkg/lib/python3.8/site-packages'
[4.846s] Level 1:colcon.colcon_core.environment:checking '/home/dongju/camel-amr-projects/install/amr-main-pkg/bin'
[4.847s] INFO:colcon.colcon_core.shell:Creating package script '/home/dongju/camel-amr-projects/install/amr-main-pkg/share/amr-main-pkg/package.ps1'
[4.848s] INFO:colcon.colcon_core.shell:Creating package descriptor '/home/dongju/camel-amr-projects/install/amr-main-pkg/share/amr-main-pkg/package.dsv'
[4.848s] INFO:colcon.colcon_core.shell:Creating package script '/home/dongju/camel-amr-projects/install/amr-main-pkg/share/amr-main-pkg/package.sh'
[4.848s] INFO:colcon.colcon_core.shell:Creating package script '/home/dongju/camel-amr-projects/install/amr-main-pkg/share/amr-main-pkg/package.bash'
[4.849s] INFO:colcon.colcon_core.shell:Creating package script '/home/dongju/camel-amr-projects/install/amr-main-pkg/share/amr-main-pkg/package.zsh'
[4.849s] Level 1:colcon.colcon_core.environment:create_file_with_runtime_dependencies(/home/dongju/camel-amr-projects/install/amr-main-pkg/share/colcon-core/packages/amr-main-pkg)
[4.849s] DEBUG:colcon.colcon_parallel_executor.executor.parallel:closing loop
[4.850s] DEBUG:colcon.colcon_parallel_executor.executor.parallel:loop closed
[4.850s] DEBUG:colcon.colcon_parallel_executor.executor.parallel:run_until_complete finished with '0'
[4.850s] DEBUG:colcon.colcon_core.event_reactor:joining thread
[4.855s] INFO:colcon.colcon_core.plugin_system:Skipping extension 'colcon_notification.desktop_notification.terminal_notifier': Not used on non-Darwin systems
[4.855s] INFO:colcon.colcon_core.plugin_system:Skipping extension 'colcon_notification.desktop_notification.win32': Not used on non-Windows systems
[4.856s] INFO:colcon.colcon_notification.desktop_notification:Sending desktop notification using 'notify2'
[4.869s] DEBUG:colcon.colcon_core.event_reactor:joined thread
[4.870s] INFO:colcon.colcon_core.shell:Creating prefix script '/home/dongju/camel-amr-projects/install/local_setup.ps1'
[4.871s] INFO:colcon.colcon_core.shell:Creating prefix util module '/home/dongju/camel-amr-projects/install/_local_setup_util_ps1.py'
[4.872s] INFO:colcon.colcon_core.shell:Creating prefix chain script '/home/dongju/camel-amr-projects/install/setup.ps1'
[4.873s] INFO:colcon.colcon_core.shell:Creating prefix script '/home/dongju/camel-amr-projects/install/local_setup.sh'
[4.874s] INFO:colcon.colcon_core.shell:Creating prefix util module '/home/dongju/camel-amr-projects/install/_local_setup_util_sh.py'
[4.874s] INFO:colcon.colcon_core.shell:Creating prefix chain script '/home/dongju/camel-amr-projects/install/setup.sh'
[4.875s] INFO:colcon.colcon_core.shell:Creating prefix script '/home/dongju/camel-amr-projects/install/local_setup.bash'
[4.875s] INFO:colcon.colcon_core.shell:Creating prefix chain script '/home/dongju/camel-amr-projects/install/setup.bash'
[4.876s] INFO:colcon.colcon_core.shell:Creating prefix script '/home/dongju/camel-amr-projects/install/local_setup.zsh'
[4.877s] INFO:colcon.colcon_core.shell:Creating prefix chain script '/home/dongju/camel-amr-projects/install/setup.zsh'
