[01m[K/home/sangjun/camel-amr-projects-V1/src/amr-main-pkg/src/simulmain/simul_main.cpp:[m[K In member function ‘[01m[Kvoid ParkingNode::sub_callback(sensor_msgs::msg::LaserScan_<std::allocator<void> >::SharedPtr)[m[K’:
[01m[K/home/sangjun/camel-amr-projects-V1/src/amr-main-pkg/src/simulmain/simul_main.cpp:37:39:[m[K [01;31m[Kerror: [m[K‘[01m[Kint Astar_planning::grid[m[K’ is private within this context
   37 |     int xAstar = int((xpos+10)*(ASTAR.[01;31m[Kgrid[m[K/20));
      |                                       [01;31m[K^~~~[m[K
In file included from [01m[K/home/sangjun/camel-amr-projects-V1/src/amr-main-pkg/include/simulmain/simul_main.hpp:23[m[K,
                 from [01m[K/home/sangjun/camel-amr-projects-V1/src/amr-main-pkg/src/simulmain/simul_main.cpp:4[m[K:
[01m[K/home/sangjun/camel-amr-projects-V1/src/amr-main-pkg/include/astar/Astar.hpp:37:9:[m[K [01;36m[Knote: [m[Kdeclared private here
   37 |     int [01;36m[Kgrid[m[K;
      |         [01;36m[K^~~~[m[K
[01m[K/home/sangjun/camel-amr-projects-V1/src/amr-main-pkg/src/simulmain/simul_main.cpp:38:39:[m[K [01;31m[Kerror: [m[K‘[01m[Kint Astar_planning::grid[m[K’ is private within this context
   38 |     int yAstar = int((ypos+10)*(ASTAR.[01;31m[Kgrid[m[K/20));
      |                                       [01;31m[K^~~~[m[K
In file included from [01m[K/home/sangjun/camel-amr-projects-V1/src/amr-main-pkg/include/simulmain/simul_main.hpp:23[m[K,
                 from [01m[K/home/sangjun/camel-amr-projects-V1/src/amr-main-pkg/src/simulmain/simul_main.cpp:4[m[K:
[01m[K/home/sangjun/camel-amr-projects-V1/src/amr-main-pkg/include/astar/Astar.hpp:37:9:[m[K [01;36m[Knote: [m[Kdeclared private here
   37 |     int [01;36m[Kgrid[m[K;
      |         [01;36m[K^~~~[m[K
[01m[K/home/sangjun/camel-amr-projects-V1/src/amr-main-pkg/src/simulmain/simul_main.cpp:40:25:[m[K [01;31m[Kerror: [m[K‘[01m[Kint Astar_planning::Destx [4][m[K’ is private within this context
   40 |     if(abs(xAstar-ASTAR.[01;31m[KDestx[m[K[count]) < 5 && abs(yAstar-ASTAR.Desty[count]) < 5)
      |                         [01;31m[K^~~~~[m[K
In file included from [01m[K/home/sangjun/camel-amr-projects-V1/src/amr-main-pkg/include/simulmain/simul_main.hpp:23[m[K,
                 from [01m[K/home/sangjun/camel-amr-projects-V1/src/amr-main-pkg/src/simulmain/simul_main.cpp:4[m[K:
[01m[K/home/sangjun/camel-amr-projects-V1/src/amr-main-pkg/include/astar/Astar.hpp:29:9:[m[K [01;36m[Knote: [m[Kdeclared private here
   29 |     int [01;36m[KDestx[m[K[4];
      |         [01;36m[K^~~~~[m[K
[01m[K/home/sangjun/camel-amr-projects-V1/src/amr-main-pkg/src/simulmain/simul_main.cpp:40:63:[m[K [01;31m[Kerror: [m[K‘[01m[Kint Astar_planning::Desty [4][m[K’ is private within this context
   40 | if(abs(xAstar-ASTAR.Destx[count]) < 5 && abs(yAstar-ASTAR.[01;31m[KDesty[m[K[count]) < 5)
      |                                                           [01;31m[K^~~~~[m[K

In file included from [01m[K/home/sangjun/camel-amr-projects-V1/src/amr-main-pkg/include/simulmain/simul_main.hpp:23[m[K,
                 from [01m[K/home/sangjun/camel-amr-projects-V1/src/amr-main-pkg/src/simulmain/simul_main.cpp:4[m[K:
[01m[K/home/sangjun/camel-amr-projects-V1/src/amr-main-pkg/include/astar/Astar.hpp:30:9:[m[K [01;36m[Knote: [m[Kdeclared private here
   30 |     int [01;36m[KDesty[m[K[4];
      |         [01;36m[K^~~~~[m[K
[01m[K/home/sangjun/camel-amr-projects-V1/src/amr-main-pkg/src/simulmain/simul_main.cpp:42:15:[m[K [01;31m[Kerror: [m[K‘[01m[Kstd::vector<std::vector<int> > Astar_planning::Mapmatrix[m[K’ is private within this context
   42 |         ASTAR.[01;31m[KMapmatrix[m[K[ASTAR.Destx[count]][ASTAR.Desty[count]] = 0;
      |               [01;31m[K^~~~~~~~~[m[K
In file included from [01m[K/home/sangjun/camel-amr-projects-V1/src/amr-main-pkg/include/simulmain/simul_main.hpp:23[m[K,
                 from [01m[K/home/sangjun/camel-amr-projects-V1/src/amr-main-pkg/src/simulmain/simul_main.cpp:4[m[K:
[01m[K/home/sangjun/camel-amr-projects-V1/src/amr-main-pkg/include/astar/Astar.hpp:33:35:[m[K [01;36m[Knote: [m[Kdeclared private here
   33 |     std::vector<std::vector<int>> [01;36m[KMapmatrix[m[K;
      |                                   [01;36m[K^~~~~~~~~[m[K
[01m[K/home/sangjun/camel-amr-projects-V1/src/amr-main-pkg/src/simulmain/simul_main.cpp:42:31:[m[K [01;31m[Kerror: [m[K‘[01m[Kint Astar_planning::Destx [4][m[K’ is private within this context
   42 |         ASTAR.Mapmatrix[ASTAR.[01;31m[KDestx[m[K[count]][ASTAR.Desty[count]] = 0;
      |                               [01;31m[K^~~~~[m[K
In file included from [01m[K/home/sangjun/camel-amr-projects-V1/src/amr-main-pkg/include/simulmain/simul_main.hpp:23[m[K,
                 from [01m[K/home/sangjun/camel-amr-projects-V1/src/amr-main-pkg/src/simulmain/simul_main.cpp:4[m[K:
[01m[K/home/sangjun/camel-amr-projects-V1/src/amr-main-pkg/include/astar/Astar.hpp:29:9:[m[K [01;36m[Knote: [m[Kdeclared private here
   29 |     int [01;36m[KDestx[m[K[4];
      |         [01;36m[K^~~~~[m[K
[01m[K/home/sangjun/camel-amr-projects-V1/src/amr-main-pkg/src/simulmain/simul_main.cpp:42:51:[m[K [01;31m[Kerror: [m[K‘[01m[Kint Astar_planning::Desty [4][m[K’ is private within this context
   42 |         ASTAR.Mapmatrix[ASTAR.Destx[count]][ASTAR.[01;31m[KDesty[m[K[count]] = 0;
      |                                                   [01;31m[K^~~~~[m[K
In file included from [01m[K/home/sangjun/camel-amr-projects-V1/src/amr-main-pkg/include/simulmain/simul_main.hpp:23[m[K,
                 from [01m[K/home/sangjun/camel-amr-projects-V1/src/amr-main-pkg/src/simulmain/simul_main.cpp:4[m[K:
[01m[K/home/sangjun/camel-amr-projects-V1/src/amr-main-pkg/include/astar/Astar.hpp:30:9:[m[K [01;36m[Knote: [m[Kdeclared private here
   30 |     int [01;36m[KDesty[m[K[4];
      |         [01;36m[K^~~~~[m[K
[01m[K/home/sangjun/camel-amr-projects-V1/src/amr-main-pkg/src/simulmain/simul_main.cpp:55:56:[m[K [01;31m[Kerror: [m[K‘[01m[Kgrid[m[K’ was not declared in this scope
   55 |     control_star_position(star_position(int((xpos+10)*([01;31m[Kgrid[m[K/20)), int((ypos+10)*(grid/20))));
      |                                                        [01;31m[K^~~~[m[K
[01m[K/home/sangjun/camel-amr-projects-V1/src/amr-main-pkg/src/simulmain/simul_main.cpp:35:59:[m[K [01;35m[Kwarning: [m[Kunused parameter ‘[01m[Kmsg[m[K’ [[01;35m[K-Wunused-parameter[m[K]
   35 | void ParkingNode::sub_callback([01;35m[Kconst LaserScan::SharedPtr msg[m[K)
      |                                [01;35m[K~~~~~~~~~~~~~~~~~~~~~~~~~~~^~~[m[K
make[2]: *** [CMakeFiles/simulmain.dir/build.make:76: CMakeFiles/simulmain.dir/src/simulmain/simul_main.cpp.o] Error 1
make[1]: *** [CMakeFiles/Makefile2:174: CMakeFiles/simulmain.dir/all] Error 2
make: *** [Makefile:146: all] Error 2
