[0.012s] Invoking command in '/home/percy/camel-amr-projects/build/amr-main-pkg': CMAKE_PREFIX_PATH=/home/percy/camel-amr-projects/install/amr_msg_interfaces:/home/percy/camel-amr-projects/install/amr-main-pkg:/home/percy/camel-amr-projects/install/amr-obstacle-pkg:/home/percy/camel-amr-projects/install/amr-gazebo-pkg:/opt/ros/foxy LD_LIBRARY_PATH=/home/percy/camel-amr-projects/install/amr_msg_interfaces/lib:/usr/lib/x86_64-linux-gnu/gazebo-11/plugins:/opt/ros/foxy/opt/yaml_cpp_vendor/lib:/opt/ros/foxy/opt/rviz_ogre_vendor/lib:/opt/ros/foxy/lib/x86_64-linux-gnu:/opt/ros/foxy/lib:home/percy/raisimLib/install/lib PYTHONPATH=/home/percy/camel-amr-projects/install/amr_msg_interfaces/lib/python3.8/site-packages:/opt/ros/foxy/lib/python3.8/site-packages:home/percy/raisimLib/install/lib /usr/local/bin/cmake --build /home/percy/camel-amr-projects/build/amr-main-pkg -- -j6 -l6
[0.040s] [  7%] [34m[1mAutomatic MOC and UIC for target clusteringDynamicObs_lib[0m
[0.040s] [  7%] [34m[1mAutomatic MOC and UIC for target astar_lib[0m
[0.040s] [ 11%] [34m[1mAutomatic MOC and UIC for target dynamicObstacle_lib[0m
[0.040s] [ 15%] [34m[1mAutomatic MOC and UIC for target visualize_lib[0m
[0.042s] [ 19%] [34m[1mAutomatic MOC and UIC for target obsDetection_lib[0m
[0.047s] [ 19%] Built target dynamicObstacle_lib_autogen
[0.047s] [ 19%] Built target astar_lib_autogen
[0.049s] [ 19%] Built target obsDetection_lib_autogen
[0.049s] [ 19%] Built target visualize_lib_autogen
[0.050s] [ 19%] Built target clusteringDynamicObs_lib_autogen
[0.057s] [ 30%] Built target astar_lib
[0.059s] [ 42%] Built target visualize_lib
[0.059s] [ 53%] Built target obsDetection_lib
[0.061s] [ 65%] Built target dynamicObstacle_lib
[0.066s] [ 76%] Built target clusteringDynamicObs_lib
[0.074s] [ 80%] [34m[1mAutomatic MOC and UIC for target simulmain[0m
[0.083s] [ 80%] Built target simulmain_autogen
[0.106s] [ 84%] [32mBuilding CXX object CMakeFiles/simulmain.dir/src/simulmain/simul_main.cpp.o[0m
[6.067s] [ 88%] [32m[1mLinking CXX executable simulmain[0m
[6.693s] [100%] Built target simulmain
[6.696s] Invoked command in '/home/percy/camel-amr-projects/build/amr-main-pkg' returned '0': CMAKE_PREFIX_PATH=/home/percy/camel-amr-projects/install/amr_msg_interfaces:/home/percy/camel-amr-projects/install/amr-main-pkg:/home/percy/camel-amr-projects/install/amr-obstacle-pkg:/home/percy/camel-amr-projects/install/amr-gazebo-pkg:/opt/ros/foxy LD_LIBRARY_PATH=/home/percy/camel-amr-projects/install/amr_msg_interfaces/lib:/usr/lib/x86_64-linux-gnu/gazebo-11/plugins:/opt/ros/foxy/opt/yaml_cpp_vendor/lib:/opt/ros/foxy/opt/rviz_ogre_vendor/lib:/opt/ros/foxy/lib/x86_64-linux-gnu:/opt/ros/foxy/lib:home/percy/raisimLib/install/lib PYTHONPATH=/home/percy/camel-amr-projects/install/amr_msg_interfaces/lib/python3.8/site-packages:/opt/ros/foxy/lib/python3.8/site-packages:home/percy/raisimLib/install/lib /usr/local/bin/cmake --build /home/percy/camel-amr-projects/build/amr-main-pkg -- -j6 -l6
[6.737s] Invoking command in '/home/percy/camel-amr-projects/build/amr-main-pkg': CMAKE_PREFIX_PATH=/home/percy/camel-amr-projects/install/amr_msg_interfaces:/home/percy/camel-amr-projects/install/amr-main-pkg:/home/percy/camel-amr-projects/install/amr-obstacle-pkg:/home/percy/camel-amr-projects/install/amr-gazebo-pkg:/opt/ros/foxy LD_LIBRARY_PATH=/home/percy/camel-amr-projects/install/amr_msg_interfaces/lib:/usr/lib/x86_64-linux-gnu/gazebo-11/plugins:/opt/ros/foxy/opt/yaml_cpp_vendor/lib:/opt/ros/foxy/opt/rviz_ogre_vendor/lib:/opt/ros/foxy/lib/x86_64-linux-gnu:/opt/ros/foxy/lib:home/percy/raisimLib/install/lib PYTHONPATH=/home/percy/camel-amr-projects/install/amr_msg_interfaces/lib/python3.8/site-packages:/opt/ros/foxy/lib/python3.8/site-packages:home/percy/raisimLib/install/lib /usr/local/bin/cmake --install /home/percy/camel-amr-projects/build/amr-main-pkg
[6.739s] -- Install configuration: ""
[6.740s] -- Execute custom install script
[6.740s] -- Up-to-date symlink: /home/percy/camel-amr-projects/install/amr-main-pkg/include/ClusteringDynamicObs/ClusteringDynamicObs.hpp
[6.740s] -- Up-to-date symlink: /home/percy/camel-amr-projects/install/amr-main-pkg/include/DynamicObstacle/DynamicObstacle.hpp
[6.740s] -- Up-to-date symlink: /home/percy/camel-amr-projects/install/amr-main-pkg/include/ObsDetection/ObsDetection.hpp
[6.740s] -- Up-to-date symlink: /home/percy/camel-amr-projects/install/amr-main-pkg/include/Variables/Variable.hpp
[6.741s] -- Up-to-date symlink: /home/percy/camel-amr-projects/install/amr-main-pkg/include/Variables/mapinfo.hpp
[6.741s] -- Up-to-date symlink: /home/percy/camel-amr-projects/install/amr-main-pkg/include/Visualize/Map_In_Out.hpp
[6.741s] -- Up-to-date symlink: /home/percy/camel-amr-projects/install/amr-main-pkg/include/astar/Astar.hpp
[6.741s] -- Up-to-date symlink: /home/percy/camel-amr-projects/install/amr-main-pkg/include/simulmain/simul_main.hpp
[6.741s] -- Up-to-date symlink: /home/percy/camel-amr-projects/install/amr-main-pkg/lib/libastar_lib.a
[6.741s] -- Up-to-date symlink: /home/percy/camel-amr-projects/install/amr-main-pkg/lib/libvisualize_lib.a
[6.741s] -- Up-to-date symlink: /home/percy/camel-amr-projects/install/amr-main-pkg/lib/libdynamicObstacle_lib.a
[6.741s] -- Up-to-date symlink: /home/percy/camel-amr-projects/install/amr-main-pkg/lib/libobsDetection_lib.a
[6.741s] -- Up-to-date symlink: /home/percy/camel-amr-projects/install/amr-main-pkg/lib/libclusteringDynamicObs_lib.a
[6.741s] -- Up-to-date symlink: /home/percy/camel-amr-projects/install/amr-main-pkg/lib/amr-main-pkg/simulmain
[6.742s] -- Up-to-date symlink: /home/percy/camel-amr-projects/install/amr-main-pkg/share/amr-main-pkg/launch/t
[6.742s] -- Up-to-date symlink: /home/percy/camel-amr-projects/install/amr-main-pkg/share/amr-main-pkg/param/amr_config.yaml
[6.742s] -- Up-to-date symlink: /home/percy/camel-amr-projects/install/amr-main-pkg/share/ament_index/resource_index/package_run_dependencies/amr-main-pkg
[6.742s] -- Up-to-date symlink: /home/percy/camel-amr-projects/install/amr-main-pkg/share/ament_index/resource_index/parent_prefix_path/amr-main-pkg
[6.743s] -- Up-to-date symlink: /home/percy/camel-amr-projects/install/amr-main-pkg/share/amr-main-pkg/environment/ament_prefix_path.sh
[6.743s] -- Up-to-date symlink: /home/percy/camel-amr-projects/install/amr-main-pkg/share/amr-main-pkg/environment/ament_prefix_path.dsv
[6.743s] -- Up-to-date symlink: /home/percy/camel-amr-projects/install/amr-main-pkg/share/amr-main-pkg/environment/path.sh
[6.743s] -- Up-to-date symlink: /home/percy/camel-amr-projects/install/amr-main-pkg/share/amr-main-pkg/environment/path.dsv
[6.744s] -- Up-to-date symlink: /home/percy/camel-amr-projects/install/amr-main-pkg/share/amr-main-pkg/local_setup.bash
[6.744s] -- Up-to-date symlink: /home/percy/camel-amr-projects/install/amr-main-pkg/share/amr-main-pkg/local_setup.sh
[6.744s] -- Up-to-date symlink: /home/percy/camel-amr-projects/install/amr-main-pkg/share/amr-main-pkg/local_setup.zsh
[6.744s] -- Up-to-date symlink: /home/percy/camel-amr-projects/install/amr-main-pkg/share/amr-main-pkg/local_setup.dsv
[6.744s] -- Symlinking: /home/percy/camel-amr-projects/install/amr-main-pkg/share/amr-main-pkg/package.dsv
[6.748s] -- Up-to-date symlink: /home/percy/camel-amr-projects/install/amr-main-pkg/share/ament_index/resource_index/packages/amr-main-pkg
[6.748s] -- Up-to-date symlink: /home/percy/camel-amr-projects/install/amr-main-pkg/share/amr-main-pkg/cmake/amr-main-pkgConfig.cmake
[6.748s] -- Up-to-date symlink: /home/percy/camel-amr-projects/install/amr-main-pkg/share/amr-main-pkg/cmake/amr-main-pkgConfig-version.cmake
[6.749s] -- Up-to-date symlink: /home/percy/camel-amr-projects/install/amr-main-pkg/share/amr-main-pkg/package.xml
[6.753s] Invoked command in '/home/percy/camel-amr-projects/build/amr-main-pkg' returned '0': CMAKE_PREFIX_PATH=/home/percy/camel-amr-projects/install/amr_msg_interfaces:/home/percy/camel-amr-projects/install/amr-main-pkg:/home/percy/camel-amr-projects/install/amr-obstacle-pkg:/home/percy/camel-amr-projects/install/amr-gazebo-pkg:/opt/ros/foxy LD_LIBRARY_PATH=/home/percy/camel-amr-projects/install/amr_msg_interfaces/lib:/usr/lib/x86_64-linux-gnu/gazebo-11/plugins:/opt/ros/foxy/opt/yaml_cpp_vendor/lib:/opt/ros/foxy/opt/rviz_ogre_vendor/lib:/opt/ros/foxy/lib/x86_64-linux-gnu:/opt/ros/foxy/lib:home/percy/raisimLib/install/lib PYTHONPATH=/home/percy/camel-amr-projects/install/amr_msg_interfaces/lib/python3.8/site-packages:/opt/ros/foxy/lib/python3.8/site-packages:home/percy/raisimLib/install/lib /usr/local/bin/cmake --install /home/percy/camel-amr-projects/build/amr-main-pkg
