[0.008s] Invoking command in '/home/sangjun/camel-amr-projects-V1/build/amr-main-pkg': AMENT_PREFIX_PATH=/home/sangjun/camel-amr-projects-V1/install/amr_msg_interfaces CMAKE_PREFIX_PATH=/home/sangjun/camel-amr-projects-V1/install/amr_msg_interfaces:${CMAKE_PREFIX_PATH} LD_LIBRARY_PATH=/home/sangjun/camel-amr-projects-V1/install/amr_msg_interfaces/lib:${LD_LIBRARY_PATH} PYTHONPATH=/home/sangjun/camel-amr-projects-V1/install/amr_msg_interfaces/lib/python3.8/site-packages:${PYTHONPATH} /usr/local/bin/cmake --build /home/sangjun/camel-amr-projects-V1/build/amr-main-pkg -- -j6 -l6
[0.026s] [35m[1mConsolidate compiler generated dependencies of target astar_lib[0m
[0.030s] [ 20%] Built target obsDetection_lib
[0.032s] [ 40%] [32mBuilding CXX object CMakeFiles/astar_lib.dir/src/astar/Astar.cpp.o[0m
[0.032s] [ 50%] Built target dynamicObstacle_lib
[0.032s] [ 70%] Built target visualize_lib
[0.427s] [ 80%] [32m[1mLinking CXX static library libastar_lib.a[0m
[0.438s] [ 80%] Built target astar_lib
[0.445s] [35m[1mConsolidate compiler generated dependencies of target simulmain[0m
[0.455s] [ 90%] [32m[1mLinking CXX executable simulmain[0m
[0.653s] [100%] Built target simulmain
[0.656s] Invoked command in '/home/sangjun/camel-amr-projects-V1/build/amr-main-pkg' returned '0': AMENT_PREFIX_PATH=/home/sangjun/camel-amr-projects-V1/install/amr_msg_interfaces CMAKE_PREFIX_PATH=/home/sangjun/camel-amr-projects-V1/install/amr_msg_interfaces:${CMAKE_PREFIX_PATH} LD_LIBRARY_PATH=/home/sangjun/camel-amr-projects-V1/install/amr_msg_interfaces/lib:${LD_LIBRARY_PATH} PYTHONPATH=/home/sangjun/camel-amr-projects-V1/install/amr_msg_interfaces/lib/python3.8/site-packages:${PYTHONPATH} /usr/local/bin/cmake --build /home/sangjun/camel-amr-projects-V1/build/amr-main-pkg -- -j6 -l6
[0.676s] Invoking command in '/home/sangjun/camel-amr-projects-V1/build/amr-main-pkg': AMENT_PREFIX_PATH=/home/sangjun/camel-amr-projects-V1/install/amr_msg_interfaces CMAKE_PREFIX_PATH=/home/sangjun/camel-amr-projects-V1/install/amr_msg_interfaces:${CMAKE_PREFIX_PATH} LD_LIBRARY_PATH=/home/sangjun/camel-amr-projects-V1/install/amr_msg_interfaces/lib:${LD_LIBRARY_PATH} PYTHONPATH=/home/sangjun/camel-amr-projects-V1/install/amr_msg_interfaces/lib/python3.8/site-packages:${PYTHONPATH} /usr/local/bin/cmake --install /home/sangjun/camel-amr-projects-V1/build/amr-main-pkg
[0.691s] -- Install configuration: ""
[0.699s] -- Execute custom install script
[0.700s] -- Up-to-date symlink: /home/sangjun/camel-amr-projects-V1/install/amr-main-pkg/include/DynamicObstacle/DynamicObstacle.hpp
[0.700s] -- Up-to-date symlink: /home/sangjun/camel-amr-projects-V1/install/amr-main-pkg/include/ObsDetection/ObsDetection.hpp
[0.700s] -- Up-to-date symlink: /home/sangjun/camel-amr-projects-V1/install/amr-main-pkg/include/Variables/Variable.hpp
[0.700s] -- Up-to-date symlink: /home/sangjun/camel-amr-projects-V1/install/amr-main-pkg/include/Variables/mapinfo.hpp
[0.700s] -- Up-to-date symlink: /home/sangjun/camel-amr-projects-V1/install/amr-main-pkg/include/Visualize/Map_In_Out.hpp
[0.700s] -- Up-to-date symlink: /home/sangjun/camel-amr-projects-V1/install/amr-main-pkg/include/astar/Astar.hpp
[0.701s] -- Up-to-date symlink: /home/sangjun/camel-amr-projects-V1/install/amr-main-pkg/include/simulmain/simul_main.hpp
[0.703s] -- Up-to-date symlink: /home/sangjun/camel-amr-projects-V1/install/amr-main-pkg/lib/libastar_lib.a
[0.703s] -- Up-to-date symlink: /home/sangjun/camel-amr-projects-V1/install/amr-main-pkg/lib/libvisualize_lib.a
[0.704s] -- Up-to-date symlink: /home/sangjun/camel-amr-projects-V1/install/amr-main-pkg/lib/libdynamicObstacle_lib.a
[0.704s] -- Up-to-date symlink: /home/sangjun/camel-amr-projects-V1/install/amr-main-pkg/lib/libobsDetection_lib.a
[0.720s] -- Up-to-date symlink: /home/sangjun/camel-amr-projects-V1/install/amr-main-pkg/lib/amr-main-pkg/simulmain
[0.721s] -- Up-to-date symlink: /home/sangjun/camel-amr-projects-V1/install/amr-main-pkg/share/amr-main-pkg/param/amr_config.yaml
[0.721s] -- Up-to-date symlink: /home/sangjun/camel-amr-projects-V1/install/amr-main-pkg/share/ament_index/resource_index/package_run_dependencies/amr-main-pkg
[0.721s] -- Up-to-date symlink: /home/sangjun/camel-amr-projects-V1/install/amr-main-pkg/share/ament_index/resource_index/parent_prefix_path/amr-main-pkg
[0.721s] -- Up-to-date symlink: /home/sangjun/camel-amr-projects-V1/install/amr-main-pkg/share/amr-main-pkg/environment/ament_prefix_path.sh
[0.722s] -- Up-to-date symlink: /home/sangjun/camel-amr-projects-V1/install/amr-main-pkg/share/amr-main-pkg/environment/ament_prefix_path.dsv
[0.722s] -- Up-to-date symlink: /home/sangjun/camel-amr-projects-V1/install/amr-main-pkg/share/amr-main-pkg/environment/path.sh
[0.722s] -- Up-to-date symlink: /home/sangjun/camel-amr-projects-V1/install/amr-main-pkg/share/amr-main-pkg/environment/path.dsv
[0.722s] -- Up-to-date symlink: /home/sangjun/camel-amr-projects-V1/install/amr-main-pkg/share/amr-main-pkg/local_setup.bash
[0.722s] -- Up-to-date symlink: /home/sangjun/camel-amr-projects-V1/install/amr-main-pkg/share/amr-main-pkg/local_setup.sh
[0.723s] -- Up-to-date symlink: /home/sangjun/camel-amr-projects-V1/install/amr-main-pkg/share/amr-main-pkg/local_setup.zsh
[0.723s] -- Up-to-date symlink: /home/sangjun/camel-amr-projects-V1/install/amr-main-pkg/share/amr-main-pkg/local_setup.dsv
[0.723s] -- Symlinking: /home/sangjun/camel-amr-projects-V1/install/amr-main-pkg/share/amr-main-pkg/package.dsv
[0.726s] -- Up-to-date symlink: /home/sangjun/camel-amr-projects-V1/install/amr-main-pkg/share/ament_index/resource_index/packages/amr-main-pkg
[0.727s] -- Up-to-date symlink: /home/sangjun/camel-amr-projects-V1/install/amr-main-pkg/share/amr-main-pkg/cmake/amr-main-pkgConfig.cmake
[0.727s] -- Up-to-date symlink: /home/sangjun/camel-amr-projects-V1/install/amr-main-pkg/share/amr-main-pkg/cmake/amr-main-pkgConfig-version.cmake
[0.727s] -- Up-to-date symlink: /home/sangjun/camel-amr-projects-V1/install/amr-main-pkg/share/amr-main-pkg/package.xml
[0.731s] Invoked command in '/home/sangjun/camel-amr-projects-V1/build/amr-main-pkg' returned '0': AMENT_PREFIX_PATH=/home/sangjun/camel-amr-projects-V1/install/amr_msg_interfaces CMAKE_PREFIX_PATH=/home/sangjun/camel-amr-projects-V1/install/amr_msg_interfaces:${CMAKE_PREFIX_PATH} LD_LIBRARY_PATH=/home/sangjun/camel-amr-projects-V1/install/amr_msg_interfaces/lib:${LD_LIBRARY_PATH} PYTHONPATH=/home/sangjun/camel-amr-projects-V1/install/amr_msg_interfaces/lib/python3.8/site-packages:${PYTHONPATH} /usr/local/bin/cmake --install /home/sangjun/camel-amr-projects-V1/build/amr-main-pkg
