[0.009s] Invoking command in '/home/sangjun/camel-amr-projects-V1/build/amr-main-pkg': AMENT_PREFIX_PATH=/home/sangjun/camel-amr-projects-V1/install/amr_msg_interfaces CMAKE_PREFIX_PATH=/home/sangjun/camel-amr-projects-V1/install/amr_msg_interfaces:${CMAKE_PREFIX_PATH} LD_LIBRARY_PATH=/home/sangjun/camel-amr-projects-V1/install/amr_msg_interfaces/lib:${LD_LIBRARY_PATH} PYTHONPATH=/home/sangjun/camel-amr-projects-V1/install/amr_msg_interfaces/lib/python3.8/site-packages:${PYTHONPATH} /usr/local/bin/cmake --build /home/sangjun/camel-amr-projects-V1/build/amr-main-pkg -- -j6 -l6
[0.028s] [35m[1mConsolidate compiler generated dependencies of target astar_lib[0m
[0.032s] [ 30%] Built target visualize_lib
[0.032s] [ 40%] Built target dynamicObstacle_lib
[0.032s] [ 60%] Built target obsDetection_lib
[0.034s] [ 70%] [32mBuilding CXX object CMakeFiles/astar_lib.dir/src/astar/Astar.cpp.o[0m
[0.245s] In file included from [01m[K/home/sangjun/camel-amr-projects-V1/src/amr-main-pkg/src/astar/Astar.cpp:4[m[K:
[0.245s] [01m[K/home/sangjun/camel-amr-projects-V1/src/amr-main-pkg/include/astar/Astar.hpp:38:5:[m[K [01;31m[Kerror: [m[Knon-static data member ‘[01m[KMAX[m[K’ declared ‘[01m[Kconstexpr[m[K’
[0.245s]    38 |     [01;31m[Kconstexpr[m[K int MAX;
[0.245s]       |     [01;31m[K^~~~~~~~~[m[K
[0.245s] [01m[K/home/sangjun/camel-amr-projects-V1/src/amr-main-pkg/include/astar/Astar.hpp:39:5:[m[K [01;31m[Kerror: [m[Knon-static data member ‘[01m[KINF[m[K’ declared ‘[01m[Kconstexpr[m[K’
[0.246s]    39 |     [01;31m[Kconstexpr[m[K double INF;
[0.246s]       |     [01;31m[K^~~~~~~~~[m[K
[0.246s] [01m[K/home/sangjun/camel-amr-projects-V1/src/amr-main-pkg/include/astar/Astar.hpp:40:15:[m[K [01;31m[Kerror: [m[Kinvalid use of non-static data member ‘[01m[KAstar_planning::MAX[m[K’
[0.246s]    40 |     char zmap[[01;31m[KMAX[m[K][MAX];
[0.246s]       |               [01;31m[K^~~[m[K
[0.246s] [01m[K/home/sangjun/camel-amr-projects-V1/src/amr-main-pkg/include/astar/Astar.hpp:38:19:[m[K [01;36m[Knote: [m[Kdeclared here
[0.246s]    38 |     constexpr int [01;36m[KMAX[m[K;
[0.247s]       |                   [01;36m[K^~~[m[K
[0.247s] [01m[K/home/sangjun/camel-amr-projects-V1/src/amr-main-pkg/include/astar/Astar.hpp:40:20:[m[K [01;31m[Kerror: [m[Kinvalid use of non-static data member ‘[01m[KAstar_planning::MAX[m[K’
[0.247s]    40 |     char zmap[MAX][[01;31m[KMAX[m[K];
[0.247s]       |                    [01;31m[K^~~[m[K
[0.247s] [01m[K/home/sangjun/camel-amr-projects-V1/src/amr-main-pkg/include/astar/Astar.hpp:38:19:[m[K [01;36m[Knote: [m[Kdeclared here
[0.247s]    38 |     constexpr int [01;36m[KMAX[m[K;
[0.247s]       |                   [01;36m[K^~~[m[K
[0.247s] [01m[K/home/sangjun/camel-amr-projects-V1/src/amr-main-pkg/include/astar/Astar.hpp:41:9:[m[K [01;31m[Kerror: [m[Kexpected ‘[01m[K;[m[K’ at end of member declaration
[0.247s]    41 |     int [01;31m[KROW[m[K
[0.247s]       |         [01;31m[K^~~[m[K
[0.247s]       |            [32m[K;[m[K
[0.247s] [01m[K/home/sangjun/camel-amr-projects-V1/src/amr-main-pkg/include/astar/Astar.hpp:45:10:[m[K [01;31m[Kerror: [m[Kextra qualification ‘[01m[KAstar_planning::[m[K’ on member ‘[01m[KisDestination[m[K’ [[01;31m[K-fpermissive[m[K]
[0.247s]    45 |     bool [01;31m[KAstar_planning[m[K::isDestination(int row, int col, Pair dst);
[0.248s]       |          [01;31m[K^~~~~~~~~~~~~~[m[K
[0.248s] [01m[K/home/sangjun/camel-amr-projects-V1/src/amr-main-pkg/include/astar/Astar.hpp:46:10:[m[K [01;31m[Kerror: [m[Kextra qualification ‘[01m[KAstar_planning::[m[K’ on member ‘[01m[KisInRange[m[K’ [[01;31m[K-fpermissive[m[K]
[0.248s]    46 |     bool [01;31m[KAstar_planning[m[K::isInRange(int row, int col);
[0.248s]       |          [01;31m[K^~~~~~~~~~~~~~[m[K
[0.248s] [01m[K/home/sangjun/camel-amr-projects-V1/src/amr-main-pkg/include/astar/Astar.hpp:47:10:[m[K [01;31m[Kerror: [m[Kextra qualification ‘[01m[KAstar_planning::[m[K’ on member ‘[01m[KisUnBlocked[m[K’ [[01;31m[K-fpermissive[m[K]
[0.248s]    47 |     bool [01;31m[KAstar_planning[m[K::isUnBlocked(std::vector<std::vector<int>>& map, int row, int col);
[0.248s]       |          [01;31m[K^~~~~~~~~~~~~~[m[K
[0.248s] [01m[K/home/sangjun/camel-amr-projects-V1/src/amr-main-pkg/include/astar/Astar.hpp:48:12:[m[K [01;31m[Kerror: [m[Kextra qualification ‘[01m[KAstar_planning::[m[K’ on member ‘[01m[KGethValue[m[K’ [[01;31m[K-fpermissive[m[K]
[0.248s]    48 |     double [01;31m[KAstar_planning[m[K::GethValue(int row, int col, Pair dst);
[0.248s]       |            [01;31m[K^~~~~~~~~~~~~~[m[K
[0.248s] [01m[K/home/sangjun/camel-amr-projects-V1/src/amr-main-pkg/include/astar/Astar.hpp:49:53:[m[K [01;31m[Kerror: [m[Kinvalid use of non-static data member ‘[01m[KAstar_planning::MAX[m[K’
[0.248s]    49 |     void Astar_planning::tracePath(Cell cellDetails[[01;31m[KMAX[m[K][MAX], Pair dst);
[0.248s]       |                                                     [01;31m[K^~~[m[K
[0.249s] [01m[K/home/sangjun/camel-amr-projects-V1/src/amr-main-pkg/include/astar/Astar.hpp:38:19:[m[K [01;36m[Knote: [m[Kdeclared here
[0.249s]    38 |     constexpr int [01;36m[KMAX[m[K;
[0.249s]       |                   [01;36m[K^~~[m[K
[0.249s] [01m[K/home/sangjun/camel-amr-projects-V1/src/amr-main-pkg/include/astar/Astar.hpp:49:58:[m[K [01;31m[Kerror: [m[Kinvalid use of non-static data member ‘[01m[KAstar_planning::MAX[m[K’
[0.249s]    49 |     void Astar_planning::tracePath(Cell cellDetails[MAX][[01;31m[KMAX[m[K], Pair dst);
[0.249s]       |                                                          [01;31m[K^~~[m[K
[0.249s] [01m[K/home/sangjun/camel-amr-projects-V1/src/amr-main-pkg/include/astar/Astar.hpp:38:19:[m[K [01;36m[Knote: [m[Kdeclared here
[0.249s]    38 |     constexpr int [01;36m[KMAX[m[K;
[0.249s]       |                   [01;36m[K^~~[m[K
[0.249s] [01m[K/home/sangjun/camel-amr-projects-V1/src/amr-main-pkg/include/astar/Astar.hpp:49:62:[m[K [01;31m[Kerror: [m[Kexpected ‘[01m[K)[m[K’ before ‘[01m[K,[m[K’ token
[0.249s]    49 |     void Astar_planning::tracePath[34m[K([m[KCell cellDetails[MAX][MAX][01;31m[K,[m[K Pair dst);
[0.249s]       |                                   [34m[K~[m[K                          [01;31m[K^[m[K
[0.249s]       |                                                              [32m[K)[m[K
[0.250s] [01m[K/home/sangjun/camel-amr-projects-V1/src/amr-main-pkg/include/astar/Astar.hpp:49:10:[m[K [01;31m[Kerror: [m[Kextra qualification ‘[01m[KAstar_planning::[m[K’ on member ‘[01m[KtracePath[m[K’ [[01;31m[K-fpermissive[m[K]
[0.250s]    49 |     void [01;31m[KAstar_planning[m[K::tracePath(Cell cellDetails[MAX][MAX], Pair dst);
[0.250s]       |          [01;31m[K^~~~~~~~~~~~~~[m[K
[0.250s] [01m[K/home/sangjun/camel-amr-projects-V1/src/amr-main-pkg/include/astar/Astar.hpp:49:64:[m[K [01;31m[Kerror: [m[Kvariable or field ‘[01m[KPair[m[K’ declared void
[0.250s]    49 |     void Astar_planning::tracePath(Cell cellDetails[MAX][MAX], [01;31m[KPair[m[K dst);
[0.250s]       |                                                                [01;31m[K^~~~[m[K
[0.250s] [01m[K/home/sangjun/camel-amr-projects-V1/src/amr-main-pkg/include/astar/Astar.hpp:49:64:[m[K [01;31m[Kerror: [m[Kexpected ‘[01m[K;[m[K’ at end of member declaration
[0.250s]    49 |     void Astar_planning::tracePath(Cell cellDetails[MAX][MAX], [01;31m[KPair[m[K dst);
[0.250s]       |                                                                [01;31m[K^~~~[m[K
[0.250s]       |                                                                    [32m[K;[m[K
[0.250s] [01m[K/home/sangjun/camel-amr-projects-V1/src/amr-main-pkg/include/astar/Astar.hpp:49:69:[m[K [01;31m[Kerror: [m[K‘[01m[Kdst[m[K’ does not name a type
[0.250s]    49 |     void Astar_planning::tracePath(Cell cellDetails[MAX][MAX], Pair [01;31m[Kdst[m[K);
[0.250s]       |                                                                     [01;31m[K^~~[m[K
[0.251s] [01m[K/home/sangjun/camel-amr-projects-V1/src/amr-main-pkg/include/astar/Astar.hpp:50:10:[m[K [01;31m[Kerror: [m[Kextra qualification ‘[01m[KAstar_planning::[m[K’ on member ‘[01m[KaStarSearch[m[K’ [[01;31m[K-fpermissive[m[K]
[0.251s]    50 |     bool [01;31m[KAstar_planning[m[K::aStarSearch(std::vector<std::vector<int>>& map, Pair src, Pair dst);
[0.251s]       |          [01;31m[K^~~~~~~~~~~~~~[m[K
[0.251s] [01m[K/home/sangjun/camel-amr-projects-V1/src/amr-main-pkg/include/astar/Astar.hpp:51:10:[m[K [01;31m[Kerror: [m[Kextra qualification ‘[01m[KAstar_planning::[m[K’ on member ‘[01m[KPrintMap[m[K’ [[01;31m[K-fpermissive[m[K]
[0.251s]    51 |     void [01;31m[KAstar_planning[m[K::PrintMap();
[0.251s]       |          [01;31m[K^~~~~~~~~~~~~~[m[K
[0.251s] [01m[K/home/sangjun/camel-amr-projects-V1/src/amr-main-pkg/include/astar/Astar.hpp:52:10:[m[K [01;31m[Kerror: [m[Kextra qualification ‘[01m[KAstar_planning::[m[K’ on member ‘[01m[KstartAstar[m[K’ [[01;31m[K-fpermissive[m[K]
[0.251s]    52 |     void [01;31m[KAstar_planning[m[K::startAstar(int Startx, int Starty);
[0.251s]       |          [01;31m[K^~~~~~~~~~~~~~[m[K
[0.251s] [01m[K/home/sangjun/camel-amr-projects-V1/src/amr-main-pkg/src/astar/Astar.cpp:[m[K In constructor ‘[01m[KAstar_planning::Astar_planning()[m[K’:
[0.251s] [01m[K/home/sangjun/camel-amr-projects-V1/src/amr-main-pkg/src/astar/Astar.cpp:6:1:[m[K [01;31m[Kerror: [m[Kuninitialized const member in ‘[01m[Kconst int [4][m[K’ [[01;31m[K-fpermissive[m[K]
[0.251s]     6 | [01;31m[KAstar_planning[m[K::Astar_planning()
[0.252s]       | [01;31m[K^~~~~~~~~~~~~~[m[K
[0.252s] In file included from [01m[K/home/sangjun/camel-amr-projects-V1/src/amr-main-pkg/src/astar/Astar.cpp:4[m[K:
[0.252s] [01m[K/home/sangjun/camel-amr-projects-V1/src/amr-main-pkg/include/astar/Astar.hpp:36:15:[m[K [01;36m[Knote: [m[K‘[01m[Kconst int Astar_planning::Destx [4][m[K’ should be initialized
[0.252s]    36 |     const int [01;36m[KDestx[m[K[4];
[0.252s]       |               [01;36m[K^~~~~[m[K
[0.252s] [01m[K/home/sangjun/camel-amr-projects-V1/src/amr-main-pkg/src/astar/Astar.cpp:6:1:[m[K [01;31m[Kerror: [m[Kuninitialized const member in ‘[01m[Kconst int [4][m[K’ [[01;31m[K-fpermissive[m[K]
[0.252s]     6 | [01;31m[KAstar_planning[m[K::Astar_planning()
[0.252s]       | [01;31m[K^~~~~~~~~~~~~~[m[K
[0.252s] In file included from [01m[K/home/sangjun/camel-amr-projects-V1/src/amr-main-pkg/src/astar/Astar.cpp:4[m[K:
[0.252s] [01m[K/home/sangjun/camel-amr-projects-V1/src/amr-main-pkg/include/astar/Astar.hpp:37:15:[m[K [01;36m[Knote: [m[K‘[01m[Kconst int Astar_planning::Desty [4][m[K’ should be initialized
[0.252s]    37 |     const int [01;36m[KDesty[m[K[4];
[0.252s]       |               [01;36m[K^~~~~[m[K
[0.253s] [01m[K/home/sangjun/camel-amr-projects-V1/src/amr-main-pkg/src/astar/Astar.cpp:6:1:[m[K [01;31m[Kerror: [m[Kuninitialized const member in ‘[01m[Kconst int[m[K’ [[01;31m[K-fpermissive[m[K]
[0.253s]     6 | [01;31m[KAstar_planning[m[K::Astar_planning()
[0.253s]       | [01;31m[K^~~~~~~~~~~~~~[m[K
[0.253s] In file included from [01m[K/home/sangjun/camel-amr-projects-V1/src/amr-main-pkg/src/astar/Astar.cpp:4[m[K:
[0.253s] [01m[K/home/sangjun/camel-amr-projects-V1/src/amr-main-pkg/include/astar/Astar.hpp:38:19:[m[K [01;36m[Knote: [m[K‘[01m[Kconst int Astar_planning::MAX[m[K’ should be initialized
[0.253s]    38 |     constexpr int [01;36m[KMAX[m[K;
[0.253s]       |                   [01;36m[K^~~[m[K
[0.253s] [01m[K/home/sangjun/camel-amr-projects-V1/src/amr-main-pkg/src/astar/Astar.cpp:6:1:[m[K [01;31m[Kerror: [m[Kuninitialized const member in ‘[01m[Kconst double[m[K’ [[01;31m[K-fpermissive[m[K]
[0.253s]     6 | [01;31m[KAstar_planning[m[K::Astar_planning()
[0.253s]       | [01;31m[K^~~~~~~~~~~~~~[m[K
[0.253s] In file included from [01m[K/home/sangjun/camel-amr-projects-V1/src/amr-main-pkg/src/astar/Astar.cpp:4[m[K:
[0.253s] [01m[K/home/sangjun/camel-amr-projects-V1/src/amr-main-pkg/include/astar/Astar.hpp:39:22:[m[K [01;36m[Knote: [m[K‘[01m[Kconst double Astar_planning::INF[m[K’ should be initialized
[0.253s]    39 |     constexpr double [01;36m[KINF[m[K;
[0.254s]       |                      [01;36m[K^~~[m[K
[0.254s] [01m[K/home/sangjun/camel-amr-projects-V1/src/amr-main-pkg/src/astar/Astar.cpp:8:11:[m[K [01;31m[Kerror: [m[Kassignment of read-only member ‘[01m[KAstar_planning::Destx[m[K’
[0.254s]     8 |     [01;31m[KDestx = {90, 10, 10, 90}[m[K;
[0.254s]       |     [01;31m[K~~~~~~^~~~~~~~~~~~~~~~~~[m[K
[0.254s] [01m[K/home/sangjun/camel-amr-projects-V1/src/amr-main-pkg/src/astar/Astar.cpp:9:11:[m[K [01;31m[Kerror: [m[Kassignment of read-only member ‘[01m[KAstar_planning::Desty[m[K’
[0.254s]     9 |     [01;31m[KDesty = {10, 10, 90, 90}[m[K;
[0.254s]       |     [01;31m[K~~~~~~^~~~~~~~~~~~~~~~~~[m[K
[0.254s] [01m[K/home/sangjun/camel-amr-projects-V1/src/amr-main-pkg/src/astar/Astar.cpp:10:9:[m[K [01;31m[Kerror: [m[Kassignment of read-only member ‘[01m[KAstar_planning::MAX[m[K’
[0.254s]    10 |     [01;31m[KMAX = grid + 1[m[K;
[0.254s]       |     [01;31m[K~~~~^~~~~~~~~~[m[K
[0.254s] [01m[K/home/sangjun/camel-amr-projects-V1/src/amr-main-pkg/src/astar/Astar.cpp:11:9:[m[K [01;31m[Kerror: [m[Kassignment of read-only member ‘[01m[KAstar_planning::INF[m[K’
[0.254s]    11 |     [01;31m[KINF = 1e9+7[m[K;
[0.254s]       |     [01;31m[K~~~~^~~~~~~[m[K
[0.254s] [01m[K/home/sangjun/camel-amr-projects-V1/src/amr-main-pkg/src/astar/Astar.cpp:12:5:[m[K [01;31m[Kerror: [m[K‘[01m[Kzmap[m[K’ was not declared in this scope
[0.255s]    12 |     [01;31m[Kzmap[m[K[MAX][MAX];
[0.255s]       |     [01;31m[K^~~~[m[K
[0.255s] [01m[K/home/sangjun/camel-amr-projects-V1/src/amr-main-pkg/src/astar/Astar.cpp:[m[K At global scope:
[0.255s] [01m[K/home/sangjun/camel-amr-projects-V1/src/amr-main-pkg/src/astar/Astar.cpp:35:49:[m[K [01;31m[Kerror: [m[Kinvalid use of non-static data member ‘[01m[KAstar_planning::MAX[m[K’
[0.255s]    35 | void Astar_planning::tracePath(Cell cellDetails[[01;31m[KMAX[m[K][MAX], Pair dst) {
[0.255s]       |                                                 [01;31m[K^~~[m[K
[0.255s] In file included from [01m[K/home/sangjun/camel-amr-projects-V1/src/amr-main-pkg/src/astar/Astar.cpp:4[m[K:
[0.255s] [01m[K/home/sangjun/camel-amr-projects-V1/src/amr-main-pkg/include/astar/Astar.hpp:38:19:[m[K [01;36m[Knote: [m[Kdeclared here
[0.255s]    38 |     constexpr int [01;36m[KMAX[m[K;
[0.255s]       |                   [01;36m[K^~~[m[K
[0.255s] [01m[K/home/sangjun/camel-amr-projects-V1/src/amr-main-pkg/src/astar/Astar.cpp:35:54:[m[K [01;31m[Kerror: [m[Kinvalid use of non-static data member ‘[01m[KAstar_planning::MAX[m[K’
[0.255s]    35 | void Astar_planning::tracePath(Cell cellDetails[MAX][[01;31m[KMAX[m[K], Pair dst) {
[0.255s]       |                                                      [01;31m[K^~~[m[K
[0.256s] In file included from [01m[K/home/sangjun/camel-amr-projects-V1/src/amr-main-pkg/src/astar/Astar.cpp:4[m[K:
[0.256s] [01m[K/home/sangjun/camel-amr-projects-V1/src/amr-main-pkg/include/astar/Astar.hpp:38:19:[m[K [01;36m[Knote: [m[Kdeclared here
[0.256s]    38 |     constexpr int [01;36m[KMAX[m[K;
[0.256s]       |                   [01;36m[K^~~[m[K
[0.256s] [01m[K/home/sangjun/camel-amr-projects-V1/src/amr-main-pkg/src/astar/Astar.cpp:35:58:[m[K [01;31m[Kerror: [m[Kexpected ‘[01m[K)[m[K’ before ‘[01m[K,[m[K’ token
[0.256s]    35 | void Astar_planning::tracePath[34m[K([m[KCell cellDetails[MAX][MAX][01;31m[K,[m[K Pair dst) {
[0.256s]       |                               [34m[K~[m[K                          [01;31m[K^[m[K
[0.256s]       |                                                          [32m[K)[m[K
[0.256s] [01m[K/home/sangjun/camel-amr-projects-V1/src/amr-main-pkg/src/astar/Astar.cpp:35:6:[m[K [01;31m[Kerror: [m[Kdeclaration of ‘[01m[Kvoid Astar_planning::tracePath(...)[m[K’ outside of class is not definition [[01;31m[K-fpermissive[m[K]
[0.256s]    35 | void [01;31m[KAstar_planning[m[K::tracePath(Cell cellDetails[MAX][MAX], Pair dst) {
[0.256s]       |      [01;31m[K^~~~~~~~~~~~~~[m[K
[0.256s] [01m[K/home/sangjun/camel-amr-projects-V1/src/amr-main-pkg/src/astar/Astar.cpp:35:65:[m[K [01;31m[Kerror: [m[Kexpected initializer before ‘[01m[Kdst[m[K’
[0.257s]    35 | void Astar_planning::tracePath(Cell cellDetails[MAX][MAX], Pair [01;31m[Kdst[m[K) {
[0.257s]       |                                                                 [01;31m[K^~~[m[K
[0.257s] [01m[K/home/sangjun/camel-amr-projects-V1/src/amr-main-pkg/src/astar/Astar.cpp:[m[K In member function ‘[01m[Kbool Astar_planning::aStarSearch(std::vector<std::vector<int> >&, Pair, Pair)[m[K’:
[0.257s] [01m[K/home/sangjun/camel-amr-projects-V1/src/amr-main-pkg/src/astar/Astar.cpp:60:10:[m[K [01;35m[Kwarning: [m[KISO C++ forbids variable length array ‘[01m[KclosedList[m[K’ [[01;35m[K-Wvla[m[K]
[0.257s]    60 |     bool [01;35m[KclosedList[m[K[MAX][MAX];
[0.257s]       |          [01;35m[K^~~~~~~~~~[m[K
[0.257s] [01m[K/home/sangjun/camel-amr-projects-V1/src/amr-main-pkg/src/astar/Astar.cpp:60:10:[m[K [01;35m[Kwarning: [m[KISO C++ forbids variable length array ‘[01m[KclosedList[m[K’ [[01;35m[K-Wvla[m[K]
[0.257s] [01m[K/home/sangjun/camel-amr-projects-V1/src/amr-main-pkg/src/astar/Astar.cpp:63:10:[m[K [01;35m[Kwarning: [m[KISO C++ forbids variable length array ‘[01m[KcellDetails[m[K’ [[01;35m[K-Wvla[m[K]
[0.257s]    63 |     Cell [01;35m[KcellDetails[m[K[MAX][MAX];
[0.257s]       |          [01;35m[K^~~~~~~~~~~[m[K
[0.257s] [01m[K/home/sangjun/camel-amr-projects-V1/src/amr-main-pkg/src/astar/Astar.cpp:63:10:[m[K [01;35m[Kwarning: [m[KISO C++ forbids variable length array ‘[01m[KcellDetails[m[K’ [[01;35m[K-Wvla[m[K]
[0.264s] [01m[K/home/sangjun/camel-amr-projects-V1/src/amr-main-pkg/src/astar/Astar.cpp:92:26:[m[K [01;31m[Kerror: [m[K‘[01m[Kdy1[m[K’ was not declared in this scope; did you mean ‘[01m[Ky1[m[K’?
[0.264s]    92 |             int ny = y + [01;31m[Kdy1[m[K[i];
[0.264s]       |                          [01;31m[K^~~[m[K
[0.264s]       |                          [32m[Ky1[m[K
[0.264s] [01m[K/home/sangjun/camel-amr-projects-V1/src/amr-main-pkg/src/astar/Astar.cpp:93:26:[m[K [01;31m[Kerror: [m[K‘[01m[Kdx1[m[K’ was not declared in this scope
[0.264s]    93 |             int nx = x + [01;31m[Kdx1[m[K[i];
[0.264s]       |                          [01;31m[K^~~[m[K
[0.266s] [01m[K/home/sangjun/camel-amr-projects-V1/src/amr-main-pkg/src/astar/Astar.cpp:121:26:[m[K [01;31m[Kerror: [m[K‘[01m[Kdy2[m[K’ was not declared in this scope
[0.266s]   121 |             int ny = y + [01;31m[Kdy2[m[K[i];
[0.266s]       |                          [01;31m[K^~~[m[K
[0.266s] [01m[K/home/sangjun/camel-amr-projects-V1/src/amr-main-pkg/src/astar/Astar.cpp:122:26:[m[K [01;31m[Kerror: [m[K‘[01m[Kdx2[m[K’ was not declared in this scope
[0.266s]   122 |             int nx = x + [01;31m[Kdx2[m[K[i];
[0.266s]       |                          [01;31m[K^~~[m[K
[0.268s] [01m[K/home/sangjun/camel-amr-projects-V1/src/amr-main-pkg/src/astar/Astar.cpp:[m[K In member function ‘[01m[Kvoid Astar_planning::PrintMap()[m[K’:
[0.268s] [01m[K/home/sangjun/camel-amr-projects-V1/src/amr-main-pkg/src/astar/Astar.cpp:156:26:[m[K [01;31m[Kerror: [m[K‘[01m[Kzmap[m[K’ was not declared in this scope
[0.268s]   156 |             std::cout << [01;31m[Kzmap[m[K[i][j];
[0.268s]       |                          [01;31m[K^~~~[m[K
[0.270s] [01m[K/home/sangjun/camel-amr-projects-V1/src/amr-main-pkg/src/astar/Astar.cpp:159:26:[m[K [01;31m[Kerror: [m[K‘[01m[KClusteringMatrix[m[K’ was not declared in this scope
[0.270s]   159 |             std::cout << [01;31m[KClusteringMatrix[m[K[i][j];
[0.270s]       |                          [01;31m[K^~~~~~~~~~~~~~~~[m[K
[0.271s] [01m[K/home/sangjun/camel-amr-projects-V1/src/amr-main-pkg/src/astar/Astar.cpp:[m[K In member function ‘[01m[Kvoid Astar_planning::startAstar(int, int)[m[K’:
[0.271s] [01m[K/home/sangjun/camel-amr-projects-V1/src/amr-main-pkg/src/astar/Astar.cpp:167:5:[m[K [01;31m[Kerror: [m[K‘[01m[KMapmatrix[m[K’ was not declared in this scope
[0.271s]   167 |     [01;31m[KMapmatrix[m[K[Startx][Starty] = 2;
[0.271s]       |     [01;31m[K^~~~~~~~~[m[K
[0.271s] [01m[K/home/sangjun/camel-amr-projects-V1/src/amr-main-pkg/src/astar/Astar.cpp:168:21:[m[K [01;31m[Kerror: [m[K‘[01m[Kcount[m[K’ was not declared in this scope
[0.271s]   168 |     Mapmatrix[Destx[[01;31m[Kcount[m[K]][Desty[count]] = 3;
[0.271s]       |                     [01;31m[K^~~~~[m[K
[0.273s] [01m[K/home/sangjun/camel-amr-projects-V1/src/amr-main-pkg/src/astar/Astar.cpp:184:13:[m[K [01;31m[Kerror: [m[K‘[01m[Kzmap[m[K’ was not declared in this scope
[0.273s]   184 |             [01;31m[Kzmap[m[K[i][j] = Mapmatrix[i][j] + '0';
[0.273s]       |             [01;31m[K^~~~[m[K
[0.312s] make[2]: *** [CMakeFiles/astar_lib.dir/build.make:76: CMakeFiles/astar_lib.dir/src/astar/Astar.cpp.o] Error 1
[0.312s] make[1]: *** [CMakeFiles/Makefile2:145: CMakeFiles/astar_lib.dir/all] Error 2
[0.312s] make: *** [Makefile:146: all] Error 2
[0.313s] Invoked command in '/home/sangjun/camel-amr-projects-V1/build/amr-main-pkg' returned '2': AMENT_PREFIX_PATH=/home/sangjun/camel-amr-projects-V1/install/amr_msg_interfaces CMAKE_PREFIX_PATH=/home/sangjun/camel-amr-projects-V1/install/amr_msg_interfaces:${CMAKE_PREFIX_PATH} LD_LIBRARY_PATH=/home/sangjun/camel-amr-projects-V1/install/amr_msg_interfaces/lib:${LD_LIBRARY_PATH} PYTHONPATH=/home/sangjun/camel-amr-projects-V1/install/amr_msg_interfaces/lib/python3.8/site-packages:${PYTHONPATH} /usr/local/bin/cmake --build /home/sangjun/camel-amr-projects-V1/build/amr-main-pkg -- -j6 -l6
