[35m[1mConsolidate compiler generated dependencies of target clusteringDynamicObs_lib[0m
[ 16%] Built target dynamicObstacle_lib
[ 33%] Built target obsDetection_lib
[ 50%] Built target astar_lib
[ 66%] Built target visualize_lib
[ 75%] [32mBuilding CXX object CMakeFiles/clusteringDynamicObs_lib.dir/src/ClusteringDynamicObs/ClusteringDynamicObs.cpp.o[0m
[ 83%] [32m[1mLinking CXX static library libclusteringDynamicObs_lib.a[0m
[ 83%] Built target clusteringDynamicObs_lib
[35m[1mConsolidate compiler generated dependencies of target simulmain[0m
[ 91%] [32mBuilding CXX object CMakeFiles/simulmain.dir/src/simulmain/simul_main.cpp.o[0m
[100%] [32m[1mLinking CXX executable simulmain[0m
[100%] Built target simulmain
-- Install configuration: ""
-- Execute custom install script
-- Symlinking: /home/sangjun/camel-amr-projects-V1/install/amr-main-pkg/include/ClusteringDynamicObs/ClusteringDynamicObs.hpp
-- Symlinking: /home/sangjun/camel-amr-projects-V1/install/amr-main-pkg/include/DynamicObstacle/DynamicObstacle.hpp
-- Symlinking: /home/sangjun/camel-amr-projects-V1/install/amr-main-pkg/include/ObsDetection/ObsDetection.hpp
-- Symlinking: /home/sangjun/camel-amr-projects-V1/install/amr-main-pkg/include/Variables/Variable.hpp
-- Symlinking: /home/sangjun/camel-amr-projects-V1/install/amr-main-pkg/include/Variables/mapinfo.hpp
-- Symlinking: /home/sangjun/camel-amr-projects-V1/install/amr-main-pkg/include/Visualize/Map_In_Out.hpp
-- Symlinking: /home/sangjun/camel-amr-projects-V1/install/amr-main-pkg/include/astar/Astar.hpp
-- Symlinking: /home/sangjun/camel-amr-projects-V1/install/amr-main-pkg/include/simulmain/simul_main.hpp
-- Symlinking: /home/sangjun/camel-amr-projects-V1/install/amr-main-pkg/lib/libastar_lib.a
-- Symlinking: /home/sangjun/camel-amr-projects-V1/install/amr-main-pkg/lib/libvisualize_lib.a
-- Symlinking: /home/sangjun/camel-amr-projects-V1/install/amr-main-pkg/lib/libdynamicObstacle_lib.a
-- Symlinking: /home/sangjun/camel-amr-projects-V1/install/amr-main-pkg/lib/libobsDetection_lib.a
-- Symlinking: /home/sangjun/camel-amr-projects-V1/install/amr-main-pkg/lib/libclusteringDynamicObs_lib.a
-- Symlinking: /home/sangjun/camel-amr-projects-V1/install/amr-main-pkg/lib/amr-main-pkg/simulmain
-- Symlinking: /home/sangjun/camel-amr-projects-V1/install/amr-main-pkg/share/amr-main-pkg/launch/t
-- Symlinking: /home/sangjun/camel-amr-projects-V1/install/amr-main-pkg/share/amr-main-pkg/param/amr_config.yaml
-- Symlinking: /home/sangjun/camel-amr-projects-V1/install/amr-main-pkg/share/ament_index/resource_index/package_run_dependencies/amr-main-pkg
-- Symlinking: /home/sangjun/camel-amr-projects-V1/install/amr-main-pkg/share/ament_index/resource_index/parent_prefix_path/amr-main-pkg
-- Symlinking: /home/sangjun/camel-amr-projects-V1/install/amr-main-pkg/share/amr-main-pkg/environment/ament_prefix_path.sh
-- Symlinking: /home/sangjun/camel-amr-projects-V1/install/amr-main-pkg/share/amr-main-pkg/environment/ament_prefix_path.dsv
-- Symlinking: /home/sangjun/camel-amr-projects-V1/install/amr-main-pkg/share/amr-main-pkg/environment/path.sh
-- Symlinking: /home/sangjun/camel-amr-projects-V1/install/amr-main-pkg/share/amr-main-pkg/environment/path.dsv
-- Symlinking: /home/sangjun/camel-amr-projects-V1/install/amr-main-pkg/share/amr-main-pkg/local_setup.bash
-- Symlinking: /home/sangjun/camel-amr-projects-V1/install/amr-main-pkg/share/amr-main-pkg/local_setup.sh
-- Symlinking: /home/sangjun/camel-amr-projects-V1/install/amr-main-pkg/share/amr-main-pkg/local_setup.zsh
-- Symlinking: /home/sangjun/camel-amr-projects-V1/install/amr-main-pkg/share/amr-main-pkg/local_setup.dsv
-- Symlinking: /home/sangjun/camel-amr-projects-V1/install/amr-main-pkg/share/amr-main-pkg/package.dsv
-- Symlinking: /home/sangjun/camel-amr-projects-V1/install/amr-main-pkg/share/ament_index/resource_index/packages/amr-main-pkg
-- Symlinking: /home/sangjun/camel-amr-projects-V1/install/amr-main-pkg/share/amr-main-pkg/cmake/amr-main-pkgConfig.cmake
-- Symlinking: /home/sangjun/camel-amr-projects-V1/install/amr-main-pkg/share/amr-main-pkg/cmake/amr-main-pkgConfig-version.cmake
-- Symlinking: /home/sangjun/camel-amr-projects-V1/install/amr-main-pkg/share/amr-main-pkg/package.xml
