[0.010s] Invoking command in '/home/dongju/camel-amr-projects/build/amr-main-pkg': CMAKE_PREFIX_PATH=/home/dongju/camel-amr-projects/install/amr_msg_interfaces:/home/dongju/camel-amr-projects/install/amr-main-pkg:/home/dongju/camel-amr-projects/install/amr-obstacle-pkg:/home/dongju/camel-amr-projects/install/amr-gazebo-pkg:/opt/ros/foxy LD_LIBRARY_PATH=/home/dongju/camel-amr-projects/install/amr_msg_interfaces/lib:/usr/lib/x86_64-linux-gnu/gazebo-11/plugins:/opt/ros/foxy/opt/yaml_cpp_vendor/lib:/opt/ros/foxy/opt/rviz_ogre_vendor/lib:/opt/ros/foxy/lib/x86_64-linux-gnu:/opt/ros/foxy/lib:home/dongju/raisimLib/install/lib PYTHONPATH=/home/dongju/camel-amr-projects/install/amr_msg_interfaces/lib/python3.8/site-packages:/opt/ros/foxy/lib/python3.8/site-packages:home/dongju/raisimLib/install/lib /usr/local/bin/cmake --build /home/dongju/camel-amr-projects/build/amr-main-pkg -- -j10 -l10
[0.025s] [ 11%] [34m[1mAutomatic MOC and UIC for target obsDetection_lib[0m
[0.025s] [ 11%] [34m[1mAutomatic MOC and UIC for target astar_lib[0m
[0.025s] [ 16%] [34m[1mAutomatic MOC and UIC for target clusteringDynamicObs_lib[0m
[0.031s] [ 16%] Built target astar_lib_autogen
[0.031s] [ 16%] Built target clusteringDynamicObs_lib_autogen
[0.032s] [ 16%] Built target obsDetection_lib_autogen
[0.038s] [ 22%] [32mBuilding CXX object CMakeFiles/astar_lib.dir/src/astar/Astar.cpp.o[0m
[0.038s] [ 27%] [32mBuilding CXX object CMakeFiles/clusteringDynamicObs_lib.dir/src/ClusteringDynamicObs/ClusteringDynamicObs.cpp.o[0m
[0.040s] [ 33%] [32mBuilding CXX object CMakeFiles/obsDetection_lib.dir/src/ObsDetection/ObsDetection.cpp.o[0m
[0.294s] In file included from [01m[K/home/dongju/camel-amr-projects/src/amr-main-pkg/src/astar/Astar.cpp:4[m[K:
[0.294s] [01m[K/home/dongju/camel-amr-projects/src/amr-main-pkg/include/astar/Astar.hpp:[m[K In constructor ‘[01m[KAstar_planning::Astar_planning()[m[K’:
[0.295s] [01m[K/home/dongju/camel-amr-projects/src/amr-main-pkg/include/astar/Astar.hpp:40:35:[m[K [01;35m[Kwarning: [m[K‘[01m[KAstar_planning::Mapmatrix[m[K’ will be initialized after [[01;35m[K-Wreorder[m[K]
[0.295s]    40 |     std::vector<std::vector<int>> [01;35m[KMapmatrix[m[K;
[0.295s]       |                                   [01;35m[K^~~~~~~~~[m[K
[0.295s] [01m[K/home/dongju/camel-amr-projects/src/amr-main-pkg/include/astar/Astar.hpp:31:9:[m[K [01;35m[Kwarning: [m[K  ‘[01m[Kint Astar_planning::dx1 [4][m[K’ [[01;35m[K-Wreorder[m[K]
[0.295s]    31 |     int [01;35m[Kdx1[m[K[4];
[0.295s]       |         [01;35m[K^~~[m[K
[0.295s] [01m[K/home/dongju/camel-amr-projects/src/amr-main-pkg/src/astar/Astar.cpp:16:1:[m[K [01;35m[Kwarning: [m[K  when initialized here [[01;35m[K-Wreorder[m[K]
[0.295s]    16 | [01;35m[KAstar_planning[m[K::Astar_planning()
[0.295s]       | [01;35m[K^~~~~~~~~~~~~~[m[K
[0.313s] [01m[K/home/dongju/camel-amr-projects/src/amr-main-pkg/src/astar/Astar.cpp:[m[K In member function ‘[01m[Kvoid Astar_planning::AmrFuturePath(std::stack<std::pair<int, int> >, double)[m[K’:
[0.313s] [01m[K/home/dongju/camel-amr-projects/src/amr-main-pkg/src/astar/Astar.cpp:198:19:[m[K [01;35m[Kwarning: [m[Kcomparison of integer expressions of different signedness: ‘[01m[Kint[m[K’ and ‘[01m[Kstd::vector<std::pair<int, int> >::size_type[m[K’ {aka ‘[01m[Klong unsigned int[m[K’} [[01;35m[K-Wsign-compare[m[K]
[0.313s]   198 |     for(int i=0; [01;35m[Ki<futuretraj.size()[m[K; i++){
[0.314s]       |                  [01;35m[K~^~~~~~~~~~~~~~~~~~[m[K
[0.314s] [01m[K/home/dongju/camel-amr-projects/src/amr-main-pkg/src/astar/Astar.cpp:232:19:[m[K [01;35m[Kwarning: [m[Kcomparison of integer expressions of different signedness: ‘[01m[Kint[m[K’ and ‘[01m[Kstd::vector<std::pair<int, int> >::size_type[m[K’ {aka ‘[01m[Klong unsigned int[m[K’} [[01;35m[K-Wsign-compare[m[K]
[0.314s]   232 |     for(int j=0; [01;35m[Kj<futuretraj.size()[m[K; j++){
[0.314s]       |                  [01;35m[K~^~~~~~~~~~~~~~~~~~[m[K
[0.578s] [ 38%] [32m[1mLinking CXX static library libastar_lib.a[0m
[0.592s] [ 44%] Built target astar_lib
[0.714s] [01m[K/home/dongju/camel-amr-projects/src/amr-main-pkg/src/ObsDetection/ObsDetection.cpp:[m[K In member function ‘[01m[Kvoid ObsDetection::SaveObsInfo(std::vector<std::pair<std::pair<int, int>, std::pair<int, int> > >&, double)[m[K’:
[0.714s] [01m[K/home/dongju/camel-amr-projects/src/amr-main-pkg/src/ObsDetection/ObsDetection.cpp:14:16:[m[K [01;35m[Kwarning: [m[Kcomparison of integer expressions of different signedness: ‘[01m[Kint[m[K’ and ‘[01m[Kstd::vector<std::pair<std::pair<int, int>, std::pair<int, int> > >::size_type[m[K’ {aka ‘[01m[Klong unsigned int[m[K’} [[01;35m[K-Wsign-compare[m[K]
[0.714s]    14 | for(int i=0; [01;35m[Ki < LidarData.size()[m[K; i++ ){
[0.715s]       |              [01;35m[K~~^~~~~~~~~~~~~~~~~~[m[K
[0.718s] [01m[K/home/dongju/camel-amr-projects/src/amr-main-pkg/src/ObsDetection/ObsDetection.cpp:24:15:[m[K [01;35m[Kwarning: [m[Kcomparison of integer expressions of different signedness: ‘[01m[Kint[m[K’ and ‘[01m[Kstd::vector<std::pair<std::pair<int, int>, std::pair<int, int> > >::size_type[m[K’ {aka ‘[01m[Klong unsigned int[m[K’} [[01;35m[K-Wsign-compare[m[K]
[0.718s]    24 | for(int i=0; [01;35m[Ki<LidarData.size()[m[K; i++ ){
[0.718s]       |              [01;35m[K~^~~~~~~~~~~~~~~~~[m[K
[0.718s] [01m[K/home/dongju/camel-amr-projects/src/amr-main-pkg/src/ObsDetection/ObsDetection.cpp:25:15:[m[K [01;35m[Kwarning: [m[Kcomparison of integer expressions of different signedness: ‘[01m[Kint[m[K’ and ‘[01m[Kstd::vector<ObsDetection::obs_info>::size_type[m[K’ {aka ‘[01m[Klong unsigned int[m[K’} [[01;35m[K-Wsign-compare[m[K]
[0.718s]    25 | for(int j=0; [01;35m[Kj<ObsLog.size()[m[K; j++){
[0.718s]       |              [01;35m[K~^~~~~~~~~~~~~~[m[K
[0.718s] [01m[K/home/dongju/camel-amr-projects/src/amr-main-pkg/src/ObsDetection/ObsDetection.cpp:44:15:[m[K [01;35m[Kwarning: [m[Kcomparison of integer expressions of different signedness: ‘[01m[Kint[m[K’ and ‘[01m[Kstd::vector<ObsDetection::obs_info>::size_type[m[K’ {aka ‘[01m[Klong unsigned int[m[K’} [[01;35m[K-Wsign-compare[m[K]
[0.718s]    44 | for(int i=0; [01;35m[Ki<ObsLog.size()[m[K; i++){
[0.718s]       |              [01;35m[K~^~~~~~~~~~~~~~[m[K
[0.719s] [01m[K/home/dongju/camel-amr-projects/src/amr-main-pkg/src/ObsDetection/ObsDetection.cpp:[m[K In member function ‘[01m[Kvoid ObsDetection::Print()[m[K’:
[0.719s] [01m[K/home/dongju/camel-amr-projects/src/amr-main-pkg/src/ObsDetection/ObsDetection.cpp:56:19:[m[K [01;35m[Kwarning: [m[Kcomparison of integer expressions of different signedness: ‘[01m[Kint[m[K’ and ‘[01m[Kstd::vector<ObsDetection::obs_info>::size_type[m[K’ {aka ‘[01m[Klong unsigned int[m[K’} [[01;35m[K-Wsign-compare[m[K]
[0.719s]    56 |     for(int i=0; [01;35m[Ki<ObsLog.size()[m[K; i++){
[0.719s]       |                  [01;35m[K~^~~~~~~~~~~~~~[m[K
[0.721s] [01m[K/home/dongju/camel-amr-projects/src/amr-main-pkg/src/ObsDetection/ObsDetection.cpp:[m[K In member function ‘[01m[Kvoid ObsDetection::LinearRegression()[m[K’:
[0.721s] [01m[K/home/dongju/camel-amr-projects/src/amr-main-pkg/src/ObsDetection/ObsDetection.cpp:80:23:[m[K [01;35m[Kwarning: [m[Kcomparison of integer expressions of different signedness: ‘[01m[Kint[m[K’ and ‘[01m[Kstd::vector<ObsDetection::obs_info>::size_type[m[K’ {aka ‘[01m[Klong unsigned int[m[K’} [[01;35m[K-Wsign-compare[m[K]
[0.721s]    80 |     for (int i = 0; [01;35m[Ki < ObsLog.size()[m[K; i++) {
[0.721s]       |                     [01;35m[K~~^~~~~~~~~~~~~~~[m[K
[0.735s] [01m[K/home/dongju/camel-amr-projects/src/amr-main-pkg/src/ClusteringDynamicObs/ClusteringDynamicObs.cpp:[m[K In member function ‘[01m[Kvoid ClusteringDynamicObs::UpdateDynamicObstacle(std::vector<float>&, std::vector<std::vector<int> >&, double, double, double, int)[m[K’:
[0.735s] [01m[K/home/dongju/camel-amr-projects/src/amr-main-pkg/src/ClusteringDynamicObs/ClusteringDynamicObs.cpp:17:112:[m[K [01;35m[Kwarning: [m[Kunused parameter ‘[01m[KMapmatrix[m[K’ [[01;35m[K-Wunused-parameter[m[K]
[0.735s]    17 | void ClusteringDynamicObs::UpdateDynamicObstacle(std::vector<float> &scanarray, [01;35m[Kstd::vector<std::vector<int>> &Mapmatrix[m[K, double heading, double xpos, double ypos, int MapCounter)
[0.735s]       |                                                                                 [01;35m[K~~~~~~~~~~~~~~~~~~~~~~~~~~~~~~~^~~~~~~~~[m[K
[0.739s] [01m[K/home/dongju/camel-amr-projects/src/amr-main-pkg/src/ClusteringDynamicObs/ClusteringDynamicObs.cpp:[m[K In member function ‘[01m[Kvoid ClusteringDynamicObs::ClusteringDynamicObstacle(int, int)[m[K’:
[0.739s] [01m[K/home/dongju/camel-amr-projects/src/amr-main-pkg/src/ClusteringDynamicObs/ClusteringDynamicObs.cpp:107:24:[m[K [01;35m[Kwarning: [m[Kcomparison of integer expressions of different signedness: ‘[01m[Kint[m[K’ and ‘[01m[Kstd::vector<int>::size_type[m[K’ {aka ‘[01m[Klong unsigned int[m[K’} [[01;35m[K-Wsign-compare[m[K]
[0.739s]   107 |     for (int i = 0 ; [01;35m[Ki < LabelingStack.size()[m[K ; i++)
[0.739s]       |                      [01;35m[K~~^~~~~~~~~~~~~~~~~~~~~~[m[K
[0.741s] [01m[K/home/dongju/camel-amr-projects/src/amr-main-pkg/src/ClusteringDynamicObs/ClusteringDynamicObs.cpp:115:24:[m[K [01;35m[Kwarning: [m[Kcomparison of integer expressions of different signedness: ‘[01m[Kint[m[K’ and ‘[01m[Kstd::vector<std::pair<std::pair<int, int>, std::pair<int, int> > >::size_type[m[K’ {aka ‘[01m[Klong unsigned int[m[K’} [[01;35m[K-Wsign-compare[m[K]
[0.741s]   115 |     for (int i = 0 ; [01;35m[Ki < LabelingArray.size()[m[K ; i++)
[0.741s]       |                      [01;35m[K~~^~~~~~~~~~~~~~~~~~~~~~[m[K
[0.742s] [01m[K/home/dongju/camel-amr-projects/src/amr-main-pkg/src/ClusteringDynamicObs/ClusteringDynamicObs.cpp:[m[K In member function ‘[01m[Kvoid ClusteringDynamicObs::ConnectObs(int, int)[m[K’:
[0.742s] [01m[K/home/dongju/camel-amr-projects/src/amr-main-pkg/src/ClusteringDynamicObs/ClusteringDynamicObs.cpp:144:24:[m[K [01;35m[Kwarning: [m[Kcomparison of integer expressions of different signedness: ‘[01m[Kint[m[K’ and ‘[01m[Kstd::vector<std::pair<std::pair<int, int>, std::pair<int, int> > >::size_type[m[K’ {aka ‘[01m[Klong unsigned int[m[K’} [[01;35m[K-Wsign-compare[m[K]
[0.742s]   144 |     for (int i = 0 ; [01;35m[Ki < LabelingArray.size()[m[K ; i++)
[0.742s]       |                      [01;35m[K~~^~~~~~~~~~~~~~~~~~~~~~[m[K
[0.784s] [01m[K/home/dongju/camel-amr-projects/src/amr-main-pkg/src/ObsDetection/ObsDetection.cpp:[m[K In member function ‘[01m[Kvoid ObsDetection::Prediction(int, int)[m[K’:
[0.784s] [01m[K/home/dongju/camel-amr-projects/src/amr-main-pkg/src/ObsDetection/ObsDetection.cpp:120:22:[m[K [01;35m[Kwarning: [m[Kcomparison of integer expressions of different signedness: ‘[01m[Kint[m[K’ and ‘[01m[Kstd::vector<ObsDetection::obs_info>::size_type[m[K’ {aka ‘[01m[Klong unsigned int[m[K’} [[01;35m[K-Wsign-compare[m[K]
[0.784s]   120 |     for(int i = 0; [01;35m[Ki < ObsPredPoint.size()[m[K; i++){
[0.785s]       |                    [01;35m[K~~^~~~~~~~~~~~~~~~~~~~~[m[K
[0.785s] [01m[K/home/dongju/camel-amr-projects/src/amr-main-pkg/src/ObsDetection/ObsDetection.cpp:[m[K In member function ‘[01m[Kvoid ObsDetection::Pred_Print()[m[K’:
[0.786s] [01m[K/home/dongju/camel-amr-projects/src/amr-main-pkg/src/ObsDetection/ObsDetection.cpp:143:19:[m[K [01;35m[Kwarning: [m[Kcomparison of integer expressions of different signedness: ‘[01m[Kint[m[K’ and ‘[01m[Kstd::vector<ObsDetection::obs_info>::size_type[m[K’ {aka ‘[01m[Klong unsigned int[m[K’} [[01;35m[K-Wsign-compare[m[K]
[0.786s]   143 |     for(int i=0; [01;35m[Ki<ObsPredPoint.size()[m[K; i++){
[0.786s]       |                  [01;35m[K~^~~~~~~~~~~~~~~~~~~~[m[K
[0.999s] [ 50%] [32m[1mLinking CXX static library libclusteringDynamicObs_lib.a[0m
[1.011s] [ 55%] Built target clusteringDynamicObs_lib
[4.806s] [ 61%] [32m[1mLinking CXX static library libobsDetection_lib.a[0m
[4.864s] [ 66%] Built target obsDetection_lib
[4.870s] [ 72%] [34m[1mAutomatic MOC and UIC for target simulmain[0m
[4.877s] [ 72%] Built target simulmain_autogen
[4.909s] [ 77%] [32mBuilding CXX object CMakeFiles/simulmain.dir/simulmain_autogen/mocs_compilation.cpp.o[0m
[4.909s] [ 83%] [32mBuilding CXX object CMakeFiles/simulmain.dir/src/simulmain/simul_main.cpp.o[0m
[4.910s] [ 88%] [32mBuilding CXX object CMakeFiles/simulmain.dir/src/Amr_UI/mainwindow.cpp.o[0m
[7.179s] [01m[K/home/dongju/camel-amr-projects/src/amr-main-pkg/src/simulmain/simul_main.cpp:[m[K In constructor ‘[01m[KParkingNode::ParkingNode()[m[K’:
[7.179s] [01m[K/home/dongju/camel-amr-projects/src/amr-main-pkg/src/simulmain/simul_main.cpp:15:5:[m[K [01;31m[Kerror: [m[K‘[01m[KStartTime[m[K’ was not declared in this scope; did you mean ‘[01m[KstartTime[m[K’?
[7.179s]    15 |     [01;31m[KStartTime[m[K = time(NULL);
[7.179s]       |     [01;31m[K^~~~~~~~~[m[K
[7.179s]       |     [32m[KstartTime[m[K
[7.198s] [01m[K/home/dongju/camel-amr-projects/src/amr-main-pkg/src/simulmain/simul_main.cpp:[m[K In member function ‘[01m[Kvoid ParkingNode::sub_callback(sensor_msgs::msg::LaserScan_<std::allocator<void> >::SharedPtr)[m[K’:
[7.198s] [01m[K/home/dongju/camel-amr-projects/src/amr-main-pkg/src/simulmain/simul_main.cpp:59:22:[m[K [01;35m[Kwarning: [m[Kcomparison of integer expressions of different signedness: ‘[01m[Kint[m[K’ and ‘[01m[Kstd::vector<std::pair<int, int> >::size_type[m[K’ {aka ‘[01m[Klong unsigned int[m[K’} [[01;35m[K-Wsign-compare[m[K]
[7.198s]    59 |     for(int i = 0; [01;35m[Ki < PATH.size()[m[K; i++){
[7.198s]       |                    [01;35m[K~~^~~~~~~~~~~~~[m[K
[7.203s] [01m[K/home/dongju/camel-amr-projects/src/amr-main-pkg/src/simulmain/simul_main.cpp:92:31:[m[K [01;35m[Kwarning: [m[Kcomparison of integer expressions of different signedness: ‘[01m[Kint[m[K’ and ‘[01m[Kstd::vector<std::pair<int, int> >::size_type[m[K’ {aka ‘[01m[Klong unsigned int[m[K’} [[01;35m[K-Wsign-compare[m[K]
[7.203s]    92 |             for (int i = 0; [01;35m[Ki < P_C.SafeLocation.size()[m[K; i++) {
[7.203s]       |                             [01;35m[K~~^~~~~~~~~~~~~~~~~~~~~~~~~[m[K
[9.065s] make[2]: *** [CMakeFiles/simulmain.dir/build.make:90: CMakeFiles/simulmain.dir/src/simulmain/simul_main.cpp.o] Error 1
[9.065s] make[2]: *** Waiting for unfinished jobs....
[10.192s] make[1]: *** [CMakeFiles/Makefile2:228: CMakeFiles/simulmain.dir/all] Error 2
[10.192s] make: *** [Makefile:146: all] Error 2
[10.193s] Invoked command in '/home/dongju/camel-amr-projects/build/amr-main-pkg' returned '2': CMAKE_PREFIX_PATH=/home/dongju/camel-amr-projects/install/amr_msg_interfaces:/home/dongju/camel-amr-projects/install/amr-main-pkg:/home/dongju/camel-amr-projects/install/amr-obstacle-pkg:/home/dongju/camel-amr-projects/install/amr-gazebo-pkg:/opt/ros/foxy LD_LIBRARY_PATH=/home/dongju/camel-amr-projects/install/amr_msg_interfaces/lib:/usr/lib/x86_64-linux-gnu/gazebo-11/plugins:/opt/ros/foxy/opt/yaml_cpp_vendor/lib:/opt/ros/foxy/opt/rviz_ogre_vendor/lib:/opt/ros/foxy/lib/x86_64-linux-gnu:/opt/ros/foxy/lib:home/dongju/raisimLib/install/lib PYTHONPATH=/home/dongju/camel-amr-projects/install/amr_msg_interfaces/lib/python3.8/site-packages:/opt/ros/foxy/lib/python3.8/site-packages:home/dongju/raisimLib/install/lib /usr/local/bin/cmake --build /home/dongju/camel-amr-projects/build/amr-main-pkg -- -j10 -l10
