[0.024s] Invoking command in '/home/percy/camel-amr-projects/build/amr_msg_interfaces': CMAKE_PREFIX_PATH=${CMAKE_PREFIX_PATH}:/opt/ros/foxy /usr/local/bin/cmake /home/percy/camel-amr-projects/src/amr_msg_interfaces -DAMENT_CMAKE_SYMLINK_INSTALL=1 -DCMAKE_INSTALL_PREFIX=/home/percy/camel-amr-projects/install/amr_msg_interfaces
[0.064s] -- The C compiler identification is GNU 9.4.0
[0.106s] -- The CXX compiler identification is GNU 9.4.0
[0.121s] -- Detecting C compiler ABI info
[0.167s] -- Detecting C compiler ABI info - done
[0.179s] -- Check for working C compiler: /usr/bin/cc - skipped
[0.180s] -- Detecting C compile features
[0.180s] -- Detecting C compile features - done
[0.191s] -- Detecting CXX compiler ABI info
[0.251s] -- Detecting CXX compiler ABI info - done
[0.263s] -- Check for working CXX compiler: /usr/bin/c++ - skipped
[0.263s] -- Detecting CXX compile features
[0.263s] -- Detecting CXX compile features - done
[0.265s] -- Found ament_cmake: 0.9.12 (/opt/ros/foxy/share/ament_cmake/cmake)
[0.268s] [33mCMake Warning (dev) at /opt/ros/foxy/share/ament_cmake_core/cmake/core/python.cmake:22 (find_package):
[0.268s]   Policy CMP0148 is not set: The FindPythonInterp and FindPythonLibs modules
[0.268s]   are removed.  Run "cmake --help-policy CMP0148" for policy details.  Use
[0.268s]   the cmake_policy command to set the policy and suppress this warning.
[0.268s] 
[0.268s] Call Stack (most recent call first):
[0.268s]   /opt/ros/foxy/share/ament_cmake_core/cmake/core/all.cmake:53 (include)
[0.268s]   /opt/ros/foxy/share/ament_cmake_core/cmake/ament_cmake_core-extras.cmake:17 (include)
[0.269s]   /opt/ros/foxy/share/ament_cmake_core/cmake/ament_cmake_coreConfig.cmake:41 (include)
[0.269s]   /opt/ros/foxy/share/ament_cmake/cmake/ament_cmake_export_dependencies-extras.cmake:15 (find_package)
[0.269s]   /opt/ros/foxy/share/ament_cmake/cmake/ament_cmakeConfig.cmake:41 (include)
[0.269s]   CMakeLists.txt:18 (find_package)
[0.269s] This warning is for project developers.  Use -Wno-dev to suppress it.
[0.269s] [0m
[0.287s] -- Found PythonInterp: /usr/bin/python3 (found suitable version "3.8.10", minimum required is "3") 
[0.287s] -- Using PYTHON_EXECUTABLE: /usr/bin/python3
[0.405s] -- Override CMake install command with custom implementation using symlinks instead of copying resources
[0.429s] -- Found builtin_interfaces: 1.0.0 (/opt/ros/foxy/share/builtin_interfaces/cmake)
[0.455s] -- Using all available rosidl_typesupport_c: rosidl_typesupport_fastrtps_c;rosidl_typesupport_introspection_c
[0.460s] -- Found rosidl_adapter: 1.3.1 (/opt/ros/foxy/share/rosidl_adapter/cmake)
[0.509s] -- Found OpenSSL: /usr/lib/x86_64-linux-gnu/libcrypto.so (found version "1.1.1f")  
[0.532s] -- Found FastRTPS: /opt/ros/foxy/include  
[0.606s] -- Using all available rosidl_typesupport_cpp: rosidl_typesupport_fastrtps_cpp;rosidl_typesupport_introspection_cpp
[0.628s] -- Found rosidl_default_generators: 1.0.1 (/opt/ros/foxy/share/rosidl_default_generators/cmake)
[0.637s] [33mCMake Warning (dev) at /opt/ros/foxy/share/rosidl_adapter/cmake/rosidl_adapt_interfaces.cmake:40 (find_package):
[0.637s]   Policy CMP0148 is not set: The FindPythonInterp and FindPythonLibs modules
[0.637s]   are removed.  Run "cmake --help-policy CMP0148" for policy details.  Use
[0.637s]   the cmake_policy command to set the policy and suppress this warning.
[0.637s] 
[0.637s] Call Stack (most recent call first):
[0.637s]   /opt/ros/foxy/share/rosidl_cmake/cmake/rosidl_generate_interfaces.cmake:130 (rosidl_adapt_interfaces)
[0.638s]   CMakeLists.txt:30 (rosidl_generate_interfaces)
[0.638s] This warning is for project developers.  Use -Wno-dev to suppress it.
[0.638s] [0m
[0.654s] -- Found PythonInterp: /usr/bin/python3 (found version "3.8.10") 
[0.749s] -- Found ament_cmake_ros: 0.9.2 (/opt/ros/foxy/share/ament_cmake_ros/cmake)
[0.836s] -- Using all available rosidl_typesupport_c: rosidl_typesupport_fastrtps_c;rosidl_typesupport_introspection_c
[0.847s] -- Using all available rosidl_typesupport_cpp: rosidl_typesupport_fastrtps_cpp;rosidl_typesupport_introspection_cpp
[0.849s] [33mCMake Warning (dev) at /opt/ros/foxy/share/rosidl_generator_py/cmake/rosidl_generator_py_generate_interfaces.cmake:20 (find_package):
[0.849s]   Policy CMP0148 is not set: The FindPythonInterp and FindPythonLibs modules
[0.849s]   are removed.  Run "cmake --help-policy CMP0148" for policy details.  Use
[0.849s]   the cmake_policy command to set the policy and suppress this warning.
[0.849s] 
[0.850s] Call Stack (most recent call first):
[0.850s]   /opt/ros/foxy/share/ament_cmake_core/cmake/core/ament_execute_extensions.cmake:48 (include)
[0.850s]   /opt/ros/foxy/share/rosidl_cmake/cmake/rosidl_generate_interfaces.cmake:286 (ament_execute_extensions)
[0.850s]   CMakeLists.txt:30 (rosidl_generate_interfaces)
[0.850s] This warning is for project developers.  Use -Wno-dev to suppress it.
[0.850s] [0m
[0.868s] -- Found PythonInterp: /usr/bin/python3 (found suitable version "3.8.10", minimum required is "3.5") 
[0.870s] -- Found python_cmake_module: 0.8.1 (/opt/ros/foxy/share/python_cmake_module/cmake)
[0.871s] [33mCMake Warning (dev) at /opt/ros/foxy/share/python_cmake_module/cmake/Modules/FindPythonExtra.cmake:45 (find_package):
[0.871s]   Policy CMP0148 is not set: The FindPythonInterp and FindPythonLibs modules
[0.871s]   are removed.  Run "cmake --help-policy CMP0148" for policy details.  Use
[0.872s]   the cmake_policy command to set the policy and suppress this warning.
[0.872s] 
[0.872s] Call Stack (most recent call first):
[0.872s]   /opt/ros/foxy/share/rosidl_generator_py/cmake/rosidl_generator_py_generate_interfaces.cmake:23 (find_package)
[0.872s]   /opt/ros/foxy/share/ament_cmake_core/cmake/core/ament_execute_extensions.cmake:48 (include)
[0.872s]   /opt/ros/foxy/share/rosidl_cmake/cmake/rosidl_generate_interfaces.cmake:286 (ament_execute_extensions)
[0.872s]   CMakeLists.txt:30 (rosidl_generate_interfaces)
[0.872s] This warning is for project developers.  Use -Wno-dev to suppress it.
[0.873s] [0m
[0.889s] [33mCMake Warning (dev) at /opt/ros/foxy/share/python_cmake_module/cmake/Modules/FindPythonExtra.cmake:133 (find_package):
[0.890s]   Policy CMP0148 is not set: The FindPythonInterp and FindPythonLibs modules
[0.890s]   are removed.  Run "cmake --help-policy CMP0148" for policy details.  Use
[0.890s]   the cmake_policy command to set the policy and suppress this warning.
[0.890s] 
[0.890s] Call Stack (most recent call first):
[0.890s]   /opt/ros/foxy/share/rosidl_generator_py/cmake/rosidl_generator_py_generate_interfaces.cmake:23 (find_package)
[0.890s]   /opt/ros/foxy/share/ament_cmake_core/cmake/core/ament_execute_extensions.cmake:48 (include)
[0.890s]   /opt/ros/foxy/share/rosidl_cmake/cmake/rosidl_generate_interfaces.cmake:286 (ament_execute_extensions)
[0.890s]   CMakeLists.txt:30 (rosidl_generate_interfaces)
[0.890s] This warning is for project developers.  Use -Wno-dev to suppress it.
[0.890s] [0m
[0.898s] -- Found PythonLibs: /usr/lib/x86_64-linux-gnu/libpython3.8.so (found suitable version "3.8.10", minimum required is "3.5") 
[0.898s] -- Using PYTHON_EXECUTABLE: /usr/bin/python3
[0.898s] -- Using PYTHON_INCLUDE_DIRS: /usr/include/python3.8
[0.898s] -- Using PYTHON_LIBRARIES: /usr/lib/x86_64-linux-gnu/libpython3.8.so
[0.919s] -- Found PythonExtra: .so  
[0.971s] -- Configuring done (0.9s)
[0.997s] -- Generating done (0.0s)
[0.999s] -- Build files have been written to: /home/percy/camel-amr-projects/build/amr_msg_interfaces
[1.004s] Invoked command in '/home/percy/camel-amr-projects/build/amr_msg_interfaces' returned '0': CMAKE_PREFIX_PATH=${CMAKE_PREFIX_PATH}:/opt/ros/foxy /usr/local/bin/cmake /home/percy/camel-amr-projects/src/amr_msg_interfaces -DAMENT_CMAKE_SYMLINK_INSTALL=1 -DCMAKE_INSTALL_PREFIX=/home/percy/camel-amr-projects/install/amr_msg_interfaces
[1.007s] Invoking command in '/home/percy/camel-amr-projects/build/amr_msg_interfaces': CMAKE_PREFIX_PATH=${CMAKE_PREFIX_PATH}:/opt/ros/foxy /usr/local/bin/cmake --build /home/percy/camel-amr-projects/build/amr_msg_interfaces -- -j6 -l6
[1.026s] [  2%] [34m[1mGenerating C code for ROS interfaces[0m
[1.030s] [  5%] [34m[1mGenerating C++ code for ROS interfaces[0m
[1.223s] [  5%] Built target amr_msg_interfaces__cpp
[1.227s] [  7%] [34m[1mGenerating C++ type support dispatch for ROS interfaces[0m
[1.227s] [ 10%] [34m[1mGenerating C++ introspection for ROS interfaces[0m
[1.228s] [ 12%] [34m[1mGenerating C++ type support for eProsima Fast-RTPS[0m
[1.243s] [ 15%] [32mBuilding C object CMakeFiles/amr_msg_interfaces__rosidl_generator_c.dir/rosidl_generator_c/amr_msg_interfaces/msg/detail/grid_map_info__functions.c.o[0m
[1.243s] [ 17%] [32mBuilding C object CMakeFiles/amr_msg_interfaces__rosidl_generator_c.dir/rosidl_generator_c/amr_msg_interfaces/msg/detail/trajectory__functions.c.o[0m
[1.287s] [ 20%] [32m[1mLinking C shared library libamr_msg_interfaces__rosidl_generator_c.so[0m
[1.312s] [ 20%] Built target amr_msg_interfaces__rosidl_generator_c
[1.317s] [ 23%] [34m[1mGenerating C type support dispatch for ROS interfaces[0m
[1.330s] [ 25%] [34m[1mGenerating C introspection for ROS interfaces[0m
[1.526s] [ 28%] [32mBuilding CXX object CMakeFiles/amr_msg_interfaces__rosidl_typesupport_c.dir/rosidl_typesupport_c/amr_msg_interfaces/msg/grid_map_info__type_support.cpp.o[0m
[1.532s] [ 30%] [32mBuilding CXX object CMakeFiles/amr_msg_interfaces__rosidl_typesupport_c.dir/rosidl_typesupport_c/amr_msg_interfaces/msg/trajectory__type_support.cpp.o[0m
[1.565s] [ 33%] [32mBuilding CXX object CMakeFiles/amr_msg_interfaces__rosidl_typesupport_cpp.dir/rosidl_typesupport_cpp/amr_msg_interfaces/msg/grid_map_info__type_support.cpp.o[0m
[1.566s] [ 35%] [32mBuilding CXX object CMakeFiles/amr_msg_interfaces__rosidl_typesupport_fastrtps_cpp.dir/rosidl_typesupport_fastrtps_cpp/amr_msg_interfaces/msg/detail/dds_fastrtps/grid_map_info__type_support.cpp.o[0m
[1.566s] [ 38%] [32mBuilding CXX object CMakeFiles/amr_msg_interfaces__rosidl_typesupport_introspection_cpp.dir/rosidl_typesupport_introspection_cpp/amr_msg_interfaces/msg/detail/grid_map_info__type_support.cpp.o[0m
[1.575s] [ 41%] [32m[1mLinking CXX shared library libamr_msg_interfaces__rosidl_typesupport_c.so[0m
[1.586s] [ 43%] [32mBuilding CXX object CMakeFiles/amr_msg_interfaces__rosidl_typesupport_cpp.dir/rosidl_typesupport_cpp/amr_msg_interfaces/msg/trajectory__type_support.cpp.o[0m
[1.684s] [ 43%] Built target amr_msg_interfaces__rosidl_typesupport_c
[1.703s] [ 46%] [32mBuilding CXX object CMakeFiles/amr_msg_interfaces__rosidl_typesupport_introspection_cpp.dir/rosidl_typesupport_introspection_cpp/amr_msg_interfaces/msg/detail/trajectory__type_support.cpp.o[0m
[1.792s] [ 48%] [32mBuilding C object CMakeFiles/amr_msg_interfaces__rosidl_typesupport_introspection_c.dir/rosidl_typesupport_introspection_c/amr_msg_interfaces/msg/detail/grid_map_info__type_support.c.o[0m
[1.859s] [ 51%] [32mBuilding C object CMakeFiles/amr_msg_interfaces__rosidl_typesupport_introspection_c.dir/rosidl_typesupport_introspection_c/amr_msg_interfaces/msg/detail/trajectory__type_support.c.o[0m
[1.863s] [ 53%] [32mBuilding CXX object CMakeFiles/amr_msg_interfaces__rosidl_typesupport_fastrtps_cpp.dir/rosidl_typesupport_fastrtps_cpp/amr_msg_interfaces/msg/detail/dds_fastrtps/trajectory__type_support.cpp.o[0m
[1.950s] [ 56%] [32m[1mLinking C shared library libamr_msg_interfaces__rosidl_typesupport_introspection_c.so[0m
[1.989s] [ 58%] [32m[1mLinking CXX shared library libamr_msg_interfaces__rosidl_typesupport_cpp.so[0m
[2.008s] [ 58%] Built target amr_msg_interfaces__rosidl_typesupport_introspection_c
[2.036s] [ 58%] Built target amr_msg_interfaces__rosidl_typesupport_cpp
[2.164s] [ 61%] [32m[1mLinking CXX shared library libamr_msg_interfaces__rosidl_typesupport_introspection_cpp.so[0m
[2.191s] [ 64%] [32m[1mLinking CXX shared library libamr_msg_interfaces__rosidl_typesupport_fastrtps_cpp.so[0m
[2.215s] [ 64%] Built target amr_msg_interfaces__rosidl_typesupport_introspection_cpp
[2.266s] [ 64%] Built target amr_msg_interfaces__rosidl_typesupport_fastrtps_cpp
[2.271s] [ 66%] [34m[1mGenerating C type support for eProsima Fast-RTPS[0m
[2.473s] [ 69%] [32mBuilding CXX object CMakeFiles/amr_msg_interfaces__rosidl_typesupport_fastrtps_c.dir/rosidl_typesupport_fastrtps_c/amr_msg_interfaces/msg/detail/grid_map_info__type_support_c.cpp.o[0m
[2.474s] [ 71%] [32mBuilding CXX object CMakeFiles/amr_msg_interfaces__rosidl_typesupport_fastrtps_c.dir/rosidl_typesupport_fastrtps_c/amr_msg_interfaces/msg/detail/trajectory__type_support_c.cpp.o[0m
[2.854s] [ 74%] [32m[1mLinking CXX shared library libamr_msg_interfaces__rosidl_typesupport_fastrtps_c.so[0m
[2.907s] [ 74%] Built target amr_msg_interfaces__rosidl_typesupport_fastrtps_c
[2.913s] [ 74%] Built target amr_msg_interfaces
[2.920s] [ 76%] [34m[1mGenerating Python code for ROS interfaces[0m
[3.273s] [ 76%] Built target amr_msg_interfaces__py
[3.280s] [ 82%] [32mBuilding C object CMakeFiles/amr_msg_interfaces__python.dir/rosidl_generator_py/amr_msg_interfaces/msg/_grid_map_info_s.c.o[0m
[3.280s] [ 82%] [32mBuilding C object CMakeFiles/amr_msg_interfaces__python.dir/rosidl_generator_py/amr_msg_interfaces/msg/_trajectory_s.c.o[0m
[3.355s] [ 84%] [32m[1mLinking C shared library rosidl_generator_py/amr_msg_interfaces/libamr_msg_interfaces__python.so[0m
[3.384s] [ 84%] Built target amr_msg_interfaces__python
[3.392s] [ 87%] [32mBuilding C object CMakeFiles/amr_msg_interfaces__rosidl_typesupport_c__pyext.dir/rosidl_generator_py/amr_msg_interfaces/_amr_msg_interfaces_s.ep.rosidl_typesupport_c.c.o[0m
[3.393s] [ 89%] [32mBuilding C object CMakeFiles/amr_msg_interfaces__rosidl_typesupport_fastrtps_c__pyext.dir/rosidl_generator_py/amr_msg_interfaces/_amr_msg_interfaces_s.ep.rosidl_typesupport_fastrtps_c.c.o[0m
[3.394s] [ 92%] [32mBuilding C object CMakeFiles/amr_msg_interfaces__rosidl_typesupport_introspection_c__pyext.dir/rosidl_generator_py/amr_msg_interfaces/_amr_msg_interfaces_s.ep.rosidl_typesupport_introspection_c.c.o[0m
[3.454s] [ 94%] [32m[1mLinking C shared library rosidl_generator_py/amr_msg_interfaces/amr_msg_interfaces_s__rosidl_typesupport_introspection_c.cpython-38-x86_64-linux-gnu.so[0m
[3.463s] [ 97%] [32m[1mLinking CXX shared library rosidl_generator_py/amr_msg_interfaces/amr_msg_interfaces_s__rosidl_typesupport_fastrtps_c.cpython-38-x86_64-linux-gnu.so[0m
[3.480s] [ 97%] Built target amr_msg_interfaces__rosidl_typesupport_introspection_c__pyext
[3.480s] [100%] [32m[1mLinking C shared library rosidl_generator_py/amr_msg_interfaces/amr_msg_interfaces_s__rosidl_typesupport_c.cpython-38-x86_64-linux-gnu.so[0m
[3.506s] [100%] Built target amr_msg_interfaces__rosidl_typesupport_c__pyext
[3.519s] [100%] Built target amr_msg_interfaces__rosidl_typesupport_fastrtps_c__pyext
[3.523s] Invoked command in '/home/percy/camel-amr-projects/build/amr_msg_interfaces' returned '0': CMAKE_PREFIX_PATH=${CMAKE_PREFIX_PATH}:/opt/ros/foxy /usr/local/bin/cmake --build /home/percy/camel-amr-projects/build/amr_msg_interfaces -- -j6 -l6
[3.568s] Invoking command in '/home/percy/camel-amr-projects/build/amr_msg_interfaces': CMAKE_PREFIX_PATH=${CMAKE_PREFIX_PATH}:/opt/ros/foxy /usr/local/bin/cmake --install /home/percy/camel-amr-projects/build/amr_msg_interfaces
[3.573s] -- Install configuration: ""
[3.573s] -- Execute custom install script
[3.574s] -- Symlinking: /home/percy/camel-amr-projects/install/amr_msg_interfaces/share/ament_index/resource_index/rosidl_interfaces/amr_msg_interfaces
[3.578s] -- Symlinking: /home/percy/camel-amr-projects/install/amr_msg_interfaces/include/amr_msg_interfaces/msg/detail/grid_map_info__functions.h
[3.581s] -- Symlinking: /home/percy/camel-amr-projects/install/amr_msg_interfaces/include/amr_msg_interfaces/msg/detail/grid_map_info__struct.h
[3.584s] -- Symlinking: /home/percy/camel-amr-projects/install/amr_msg_interfaces/include/amr_msg_interfaces/msg/detail/grid_map_info__type_support.h
[3.586s] -- Symlinking: /home/percy/camel-amr-projects/install/amr_msg_interfaces/include/amr_msg_interfaces/msg/detail/trajectory__functions.h
[3.587s] -- Symlinking: /home/percy/camel-amr-projects/install/amr_msg_interfaces/include/amr_msg_interfaces/msg/detail/trajectory__struct.h
[3.589s] -- Symlinking: /home/percy/camel-amr-projects/install/amr_msg_interfaces/include/amr_msg_interfaces/msg/detail/trajectory__type_support.h
[3.591s] -- Symlinking: /home/percy/camel-amr-projects/install/amr_msg_interfaces/include/amr_msg_interfaces/msg/grid_map_info.h
[3.593s] -- Symlinking: /home/percy/camel-amr-projects/install/amr_msg_interfaces/include/amr_msg_interfaces/msg/rosidl_generator_c__visibility_control.h
[3.595s] -- Symlinking: /home/percy/camel-amr-projects/install/amr_msg_interfaces/include/amr_msg_interfaces/msg/trajectory.h
[3.597s] -- Symlinking: /home/percy/camel-amr-projects/install/amr_msg_interfaces/share/amr_msg_interfaces/environment/library_path.sh
[3.599s] -- Symlinking: /home/percy/camel-amr-projects/install/amr_msg_interfaces/share/amr_msg_interfaces/environment/library_path.dsv
[3.601s] -- Symlinking: /home/percy/camel-amr-projects/install/amr_msg_interfaces/include/amr_msg_interfaces/msg/detail/grid_map_info__rosidl_typesupport_fastrtps_c.h
[3.603s] -- Symlinking: /home/percy/camel-amr-projects/install/amr_msg_interfaces/include/amr_msg_interfaces/msg/detail/trajectory__rosidl_typesupport_fastrtps_c.h
[3.605s] -- Symlinking: /home/percy/camel-amr-projects/install/amr_msg_interfaces/include/amr_msg_interfaces/msg/rosidl_typesupport_fastrtps_c__visibility_control.h
[3.607s] -- Symlinking: /home/percy/camel-amr-projects/install/amr_msg_interfaces/lib/libamr_msg_interfaces__rosidl_typesupport_fastrtps_c.so
[3.609s] -- Symlinking: /home/percy/camel-amr-projects/install/amr_msg_interfaces/include/amr_msg_interfaces/msg/detail/grid_map_info__rosidl_typesupport_fastrtps_cpp.hpp
[3.611s] -- Symlinking: /home/percy/camel-amr-projects/install/amr_msg_interfaces/include/amr_msg_interfaces/msg/detail/trajectory__rosidl_typesupport_fastrtps_cpp.hpp
[3.613s] -- Symlinking: /home/percy/camel-amr-projects/install/amr_msg_interfaces/include/amr_msg_interfaces/msg/rosidl_typesupport_fastrtps_cpp__visibility_control.h
[3.615s] -- Symlinking: /home/percy/camel-amr-projects/install/amr_msg_interfaces/lib/libamr_msg_interfaces__rosidl_typesupport_fastrtps_cpp.so
[3.617s] -- Symlinking: /home/percy/camel-amr-projects/install/amr_msg_interfaces/include/amr_msg_interfaces/msg/detail/grid_map_info__rosidl_typesupport_introspection_c.h
[3.620s] -- Symlinking: /home/percy/camel-amr-projects/install/amr_msg_interfaces/include/amr_msg_interfaces/msg/detail/trajectory__rosidl_typesupport_introspection_c.h
[3.621s] -- Symlinking: /home/percy/camel-amr-projects/install/amr_msg_interfaces/include/amr_msg_interfaces/msg/rosidl_typesupport_introspection_c__visibility_control.h
[3.624s] -- Symlinking: /home/percy/camel-amr-projects/install/amr_msg_interfaces/include/amr_msg_interfaces/msg/detail/grid_map_info__builder.hpp
[3.626s] -- Symlinking: /home/percy/camel-amr-projects/install/amr_msg_interfaces/include/amr_msg_interfaces/msg/detail/grid_map_info__struct.hpp
[3.627s] -- Symlinking: /home/percy/camel-amr-projects/install/amr_msg_interfaces/include/amr_msg_interfaces/msg/detail/grid_map_info__traits.hpp
[3.629s] -- Symlinking: /home/percy/camel-amr-projects/install/amr_msg_interfaces/include/amr_msg_interfaces/msg/detail/grid_map_info__type_support.hpp
[3.632s] -- Symlinking: /home/percy/camel-amr-projects/install/amr_msg_interfaces/include/amr_msg_interfaces/msg/detail/trajectory__builder.hpp
[3.634s] -- Symlinking: /home/percy/camel-amr-projects/install/amr_msg_interfaces/include/amr_msg_interfaces/msg/detail/trajectory__struct.hpp
[3.636s] -- Symlinking: /home/percy/camel-amr-projects/install/amr_msg_interfaces/include/amr_msg_interfaces/msg/detail/trajectory__traits.hpp
[3.638s] -- Symlinking: /home/percy/camel-amr-projects/install/amr_msg_interfaces/include/amr_msg_interfaces/msg/detail/trajectory__type_support.hpp
[3.640s] -- Symlinking: /home/percy/camel-amr-projects/install/amr_msg_interfaces/include/amr_msg_interfaces/msg/grid_map_info.hpp
[3.643s] -- Symlinking: /home/percy/camel-amr-projects/install/amr_msg_interfaces/include/amr_msg_interfaces/msg/rosidl_generator_cpp__visibility_control.hpp
[3.645s] -- Symlinking: /home/percy/camel-amr-projects/install/amr_msg_interfaces/include/amr_msg_interfaces/msg/trajectory.hpp
[3.647s] -- Symlinking: /home/percy/camel-amr-projects/install/amr_msg_interfaces/include/amr_msg_interfaces/msg/detail/grid_map_info__rosidl_typesupport_introspection_cpp.hpp
[3.650s] -- Symlinking: /home/percy/camel-amr-projects/install/amr_msg_interfaces/include/amr_msg_interfaces/msg/detail/trajectory__rosidl_typesupport_introspection_cpp.hpp
[3.652s] -- Symlinking: /home/percy/camel-amr-projects/install/amr_msg_interfaces/share/amr_msg_interfaces/environment/pythonpath.sh
[3.654s] -- Symlinking: /home/percy/camel-amr-projects/install/amr_msg_interfaces/share/amr_msg_interfaces/environment/pythonpath.dsv
[3.656s] -- Symlinking: /home/percy/camel-amr-projects/install/amr_msg_interfaces/lib/python3.8/site-packages/amr_msg_interfaces/__init__.py
[3.659s] -- Symlinking: /home/percy/camel-amr-projects/install/amr_msg_interfaces/lib/python3.8/site-packages/amr_msg_interfaces/msg/__init__.py
[3.662s] -- Symlinking: /home/percy/camel-amr-projects/install/amr_msg_interfaces/lib/python3.8/site-packages/amr_msg_interfaces/msg/_grid_map_info.py
[3.665s] -- Symlinking: /home/percy/camel-amr-projects/install/amr_msg_interfaces/lib/python3.8/site-packages/amr_msg_interfaces/msg/_trajectory.py
[3.669s] -- Symlinking: /home/percy/camel-amr-projects/install/amr_msg_interfaces/lib/python3.8/site-packages/amr_msg_interfaces/amr_msg_interfaces_s__rosidl_typesupport_fastrtps_c.cpython-38-x86_64-linux-gnu.so
[3.672s] -- Symlinking: /home/percy/camel-amr-projects/install/amr_msg_interfaces/lib/python3.8/site-packages/amr_msg_interfaces/amr_msg_interfaces_s__rosidl_typesupport_introspection_c.cpython-38-x86_64-linux-gnu.so
[3.676s] -- Symlinking: /home/percy/camel-amr-projects/install/amr_msg_interfaces/lib/python3.8/site-packages/amr_msg_interfaces/amr_msg_interfaces_s__rosidl_typesupport_c.cpython-38-x86_64-linux-gnu.so
[3.679s] -- Symlinking: /home/percy/camel-amr-projects/install/amr_msg_interfaces/lib/libamr_msg_interfaces__python.so
[3.682s] -- Symlinking: /home/percy/camel-amr-projects/install/amr_msg_interfaces/share/amr_msg_interfaces/msg/GridMapInfo.idl
[3.685s] -- Symlinking: /home/percy/camel-amr-projects/install/amr_msg_interfaces/share/amr_msg_interfaces/msg/Trajectory.idl
[3.689s] -- Symlinking: /home/percy/camel-amr-projects/install/amr_msg_interfaces/share/amr_msg_interfaces/msg/GridMapInfo.msg
[3.692s] -- Symlinking: /home/percy/camel-amr-projects/install/amr_msg_interfaces/share/amr_msg_interfaces/msg/Trajectory.msg
[3.696s] -- Symlinking: /home/percy/camel-amr-projects/install/amr_msg_interfaces/share/ament_index/resource_index/package_run_dependencies/amr_msg_interfaces
[3.699s] -- Symlinking: /home/percy/camel-amr-projects/install/amr_msg_interfaces/share/ament_index/resource_index/parent_prefix_path/amr_msg_interfaces
[3.702s] -- Symlinking: /home/percy/camel-amr-projects/install/amr_msg_interfaces/share/amr_msg_interfaces/environment/ament_prefix_path.sh
[3.706s] -- Symlinking: /home/percy/camel-amr-projects/install/amr_msg_interfaces/share/amr_msg_interfaces/environment/ament_prefix_path.dsv
[3.709s] -- Symlinking: /home/percy/camel-amr-projects/install/amr_msg_interfaces/share/amr_msg_interfaces/environment/path.sh
[3.712s] -- Symlinking: /home/percy/camel-amr-projects/install/amr_msg_interfaces/share/amr_msg_interfaces/environment/path.dsv
[3.715s] -- Symlinking: /home/percy/camel-amr-projects/install/amr_msg_interfaces/share/amr_msg_interfaces/local_setup.bash
[3.718s] -- Symlinking: /home/percy/camel-amr-projects/install/amr_msg_interfaces/share/amr_msg_interfaces/local_setup.sh
[3.722s] -- Symlinking: /home/percy/camel-amr-projects/install/amr_msg_interfaces/share/amr_msg_interfaces/local_setup.zsh
[3.725s] -- Symlinking: /home/percy/camel-amr-projects/install/amr_msg_interfaces/share/amr_msg_interfaces/local_setup.dsv
[3.728s] -- Symlinking: /home/percy/camel-amr-projects/install/amr_msg_interfaces/share/amr_msg_interfaces/package.dsv
[3.732s] -- Symlinking: /home/percy/camel-amr-projects/install/amr_msg_interfaces/share/ament_index/resource_index/packages/amr_msg_interfaces
[3.735s] -- Symlinking: /home/percy/camel-amr-projects/install/amr_msg_interfaces/share/amr_msg_interfaces/cmake/rosidl_cmake-extras.cmake
[3.744s] -- Symlinking: /home/percy/camel-amr-projects/install/amr_msg_interfaces/share/amr_msg_interfaces/cmake/ament_cmake_export_dependencies-extras.cmake
[3.748s] -- Symlinking: /home/percy/camel-amr-projects/install/amr_msg_interfaces/share/amr_msg_interfaces/cmake/ament_cmake_export_libraries-extras.cmake
[3.751s] -- Symlinking: /home/percy/camel-amr-projects/install/amr_msg_interfaces/share/amr_msg_interfaces/cmake/ament_cmake_export_targets-extras.cmake
[3.754s] -- Symlinking: /home/percy/camel-amr-projects/install/amr_msg_interfaces/share/amr_msg_interfaces/cmake/ament_cmake_export_include_directories-extras.cmake
[3.758s] -- Symlinking: /home/percy/camel-amr-projects/install/amr_msg_interfaces/share/amr_msg_interfaces/cmake/rosidl_cmake_export_typesupport_libraries-extras.cmake
[3.761s] -- Symlinking: /home/percy/camel-amr-projects/install/amr_msg_interfaces/share/amr_msg_interfaces/cmake/rosidl_cmake_export_typesupport_targets-extras.cmake
[3.763s] -- Symlinking: /home/percy/camel-amr-projects/install/amr_msg_interfaces/share/amr_msg_interfaces/cmake/amr_msg_interfacesConfig.cmake
[3.765s] -- Symlinking: /home/percy/camel-amr-projects/install/amr_msg_interfaces/share/amr_msg_interfaces/cmake/amr_msg_interfacesConfig-version.cmake
[3.767s] -- Symlinking: /home/percy/camel-amr-projects/install/amr_msg_interfaces/share/amr_msg_interfaces/package.xml
[3.769s] -- Installing: /home/percy/camel-amr-projects/install/amr_msg_interfaces/lib/libamr_msg_interfaces__rosidl_generator_c.so
[3.769s] -- Set runtime path of "/home/percy/camel-amr-projects/install/amr_msg_interfaces/lib/libamr_msg_interfaces__rosidl_generator_c.so" to ""
[3.769s] -- Installing: /home/percy/camel-amr-projects/install/amr_msg_interfaces/lib/libamr_msg_interfaces__rosidl_typesupport_introspection_c.so
[3.770s] -- Set runtime path of "/home/percy/camel-amr-projects/install/amr_msg_interfaces/lib/libamr_msg_interfaces__rosidl_typesupport_introspection_c.so" to ""
[3.770s] -- Installing: /home/percy/camel-amr-projects/install/amr_msg_interfaces/lib/libamr_msg_interfaces__rosidl_typesupport_c.so
[3.770s] -- Set runtime path of "/home/percy/camel-amr-projects/install/amr_msg_interfaces/lib/libamr_msg_interfaces__rosidl_typesupport_c.so" to ""
[3.770s] -- Installing: /home/percy/camel-amr-projects/install/amr_msg_interfaces/lib/libamr_msg_interfaces__rosidl_typesupport_introspection_cpp.so
[3.770s] -- Set runtime path of "/home/percy/camel-amr-projects/install/amr_msg_interfaces/lib/libamr_msg_interfaces__rosidl_typesupport_introspection_cpp.so" to ""
[3.770s] -- Installing: /home/percy/camel-amr-projects/install/amr_msg_interfaces/lib/libamr_msg_interfaces__rosidl_typesupport_cpp.so
[3.770s] -- Set runtime path of "/home/percy/camel-amr-projects/install/amr_msg_interfaces/lib/libamr_msg_interfaces__rosidl_typesupport_cpp.so" to ""
[3.790s] Compiling '/home/percy/camel-amr-projects/install/amr_msg_interfaces/lib/python3.8/site-packages/amr_msg_interfaces/__init__.py'...
[3.793s] -- Installing: /home/percy/camel-amr-projects/install/amr_msg_interfaces/share/amr_msg_interfaces/cmake/amr_msg_interfaces__rosidl_generator_cExport.cmake
[3.793s] -- Installing: /home/percy/camel-amr-projects/install/amr_msg_interfaces/share/amr_msg_interfaces/cmake/amr_msg_interfaces__rosidl_generator_cExport-noconfig.cmake
[3.793s] -- Installing: /home/percy/camel-amr-projects/install/amr_msg_interfaces/share/amr_msg_interfaces/cmake/amr_msg_interfaces__rosidl_typesupport_introspection_cExport.cmake
[3.793s] -- Installing: /home/percy/camel-amr-projects/install/amr_msg_interfaces/share/amr_msg_interfaces/cmake/amr_msg_interfaces__rosidl_typesupport_introspection_cExport-noconfig.cmake
[3.793s] -- Installing: /home/percy/camel-amr-projects/install/amr_msg_interfaces/share/amr_msg_interfaces/cmake/amr_msg_interfaces__rosidl_typesupport_cExport.cmake
[3.793s] -- Installing: /home/percy/camel-amr-projects/install/amr_msg_interfaces/share/amr_msg_interfaces/cmake/amr_msg_interfaces__rosidl_typesupport_cExport-noconfig.cmake
[3.794s] -- Installing: /home/percy/camel-amr-projects/install/amr_msg_interfaces/share/amr_msg_interfaces/cmake/amr_msg_interfaces__rosidl_generator_cppExport.cmake
[3.794s] -- Installing: /home/percy/camel-amr-projects/install/amr_msg_interfaces/share/amr_msg_interfaces/cmake/amr_msg_interfaces__rosidl_typesupport_introspection_cppExport.cmake
[3.794s] -- Installing: /home/percy/camel-amr-projects/install/amr_msg_interfaces/share/amr_msg_interfaces/cmake/amr_msg_interfaces__rosidl_typesupport_introspection_cppExport-noconfig.cmake
[3.794s] -- Installing: /home/percy/camel-amr-projects/install/amr_msg_interfaces/share/amr_msg_interfaces/cmake/amr_msg_interfaces__rosidl_typesupport_cppExport.cmake
[3.794s] -- Installing: /home/percy/camel-amr-projects/install/amr_msg_interfaces/share/amr_msg_interfaces/cmake/amr_msg_interfaces__rosidl_typesupport_cppExport-noconfig.cmake
[3.797s] Invoked command in '/home/percy/camel-amr-projects/build/amr_msg_interfaces' returned '0': CMAKE_PREFIX_PATH=${CMAKE_PREFIX_PATH}:/opt/ros/foxy /usr/local/bin/cmake --install /home/percy/camel-amr-projects/build/amr_msg_interfaces
