[0.275s] DEBUG:colcon:Command line arguments: ['/usr/bin/colcon', 'build', '--symlink-install']
[0.275s] DEBUG:colcon:Parsed command line arguments: Namespace(allow_overriding=[], ament_cmake_args=None, base_paths=['.'], build_base='build', catkin_cmake_args=None, catkin_skip_building_tests=False, cmake_args=None, cmake_clean_cache=False, cmake_clean_first=False, cmake_force_configure=False, cmake_target=None, cmake_target_skip_unavailable=False, continue_on_error=False, event_handlers=None, executor='parallel', ignore_user_meta=False, install_base='install', log_base=None, log_level=None, main=<bound method BuildVerb.main of <colcon_core.verb.build.BuildVerb object at 0x7f5859765dc0>>, merge_install=False, metas=['./colcon.meta'], packages_above=None, packages_above_and_dependencies=None, packages_above_depth=None, packages_end=None, packages_ignore=None, packages_ignore_regex=None, packages_select=None, packages_select_build_failed=False, packages_select_by_dep=None, packages_select_regex=None, packages_select_test_failures=False, packages_skip=None, packages_skip_build_finished=False, packages_skip_by_dep=None, packages_skip_regex=None, packages_skip_test_passed=False, packages_skip_up_to=None, packages_start=None, packages_up_to=None, packages_up_to_regex=None, parallel_workers=10, paths=None, symlink_install=True, test_result_base=None, verb_extension=<colcon_core.verb.build.BuildVerb object at 0x7f5859765dc0>, verb_name='build', verb_parser=<colcon_defaults.argument_parser.defaults.DefaultArgumentsDecorator object at 0x7f5859773370>)
[0.299s] Level 1:colcon.colcon_core.package_discovery:discover_packages(colcon_meta) check parameters
[0.299s] Level 1:colcon.colcon_core.package_discovery:discover_packages(recursive) check parameters
[0.299s] Level 1:colcon.colcon_core.package_discovery:discover_packages(ignore) check parameters
[0.299s] Level 1:colcon.colcon_core.package_discovery:discover_packages(path) check parameters
[0.299s] Level 1:colcon.colcon_core.package_discovery:discover_packages(colcon_meta) discover
[0.299s] Level 1:colcon.colcon_core.package_discovery:discover_packages(recursive) discover
[0.299s] INFO:colcon.colcon_core.package_discovery:Crawling recursively for packages in '/home/dongju/camel-amr-projects'
[0.299s] Level 1:colcon.colcon_core.package_identification:_identify(.) by extensions ['ignore', 'ignore_ament_install']
[0.299s] Level 1:colcon.colcon_core.package_identification:_identify(.) by extension 'ignore'
[0.299s] Level 1:colcon.colcon_core.package_identification:_identify(.) by extension 'ignore_ament_install'
[0.299s] Level 1:colcon.colcon_core.package_identification:_identify(.) by extensions ['colcon_pkg']
[0.299s] Level 1:colcon.colcon_core.package_identification:_identify(.) by extension 'colcon_pkg'
[0.299s] Level 1:colcon.colcon_core.package_identification:_identify(.) by extensions ['colcon_meta']
[0.299s] Level 1:colcon.colcon_core.package_identification:_identify(.) by extension 'colcon_meta'
[0.299s] Level 1:colcon.colcon_core.package_identification:_identify(.) by extensions ['ros']
[0.299s] Level 1:colcon.colcon_core.package_identification:_identify(.) by extension 'ros'
[0.317s] Level 1:colcon.colcon_core.package_identification:_identify(.) by extensions ['cmake', 'python']
[0.317s] Level 1:colcon.colcon_core.package_identification:_identify(.) by extension 'cmake'
[0.317s] Level 1:colcon.colcon_core.package_identification:_identify(.) by extension 'python'
[0.318s] Level 1:colcon.colcon_core.package_identification:_identify(.) by extensions ['python_setup_py']
[0.318s] Level 1:colcon.colcon_core.package_identification:_identify(.) by extension 'python_setup_py'
[0.318s] Level 1:colcon.colcon_core.package_identification:_identify(build) by extensions ['ignore', 'ignore_ament_install']
[0.318s] Level 1:colcon.colcon_core.package_identification:_identify(build) by extension 'ignore'
[0.318s] Level 1:colcon.colcon_core.package_identification:_identify(build) ignored
[0.318s] Level 1:colcon.colcon_core.package_identification:_identify(install) by extensions ['ignore', 'ignore_ament_install']
[0.318s] Level 1:colcon.colcon_core.package_identification:_identify(install) by extension 'ignore'
[0.318s] Level 1:colcon.colcon_core.package_identification:_identify(install) ignored
[0.318s] Level 1:colcon.colcon_core.package_identification:_identify(log) by extensions ['ignore', 'ignore_ament_install']
[0.318s] Level 1:colcon.colcon_core.package_identification:_identify(log) by extension 'ignore'
[0.319s] Level 1:colcon.colcon_core.package_identification:_identify(log) ignored
[0.319s] Level 1:colcon.colcon_core.package_identification:_identify(src) by extensions ['ignore', 'ignore_ament_install']
[0.319s] Level 1:colcon.colcon_core.package_identification:_identify(src) by extension 'ignore'
[0.319s] Level 1:colcon.colcon_core.package_identification:_identify(src) by extension 'ignore_ament_install'
[0.319s] Level 1:colcon.colcon_core.package_identification:_identify(src) by extensions ['colcon_pkg']
[0.319s] Level 1:colcon.colcon_core.package_identification:_identify(src) by extension 'colcon_pkg'
[0.319s] Level 1:colcon.colcon_core.package_identification:_identify(src) by extensions ['colcon_meta']
[0.319s] Level 1:colcon.colcon_core.package_identification:_identify(src) by extension 'colcon_meta'
[0.319s] Level 1:colcon.colcon_core.package_identification:_identify(src) by extensions ['ros']
[0.319s] Level 1:colcon.colcon_core.package_identification:_identify(src) by extension 'ros'
[0.319s] Level 1:colcon.colcon_core.package_identification:_identify(src) by extensions ['cmake', 'python']
[0.319s] Level 1:colcon.colcon_core.package_identification:_identify(src) by extension 'cmake'
[0.319s] Level 1:colcon.colcon_core.package_identification:_identify(src) by extension 'python'
[0.319s] Level 1:colcon.colcon_core.package_identification:_identify(src) by extensions ['python_setup_py']
[0.319s] Level 1:colcon.colcon_core.package_identification:_identify(src) by extension 'python_setup_py'
[0.319s] Level 1:colcon.colcon_core.package_identification:_identify(src/amr-gazebo-pkg) by extensions ['ignore', 'ignore_ament_install']
[0.319s] Level 1:colcon.colcon_core.package_identification:_identify(src/amr-gazebo-pkg) by extension 'ignore'
[0.319s] Level 1:colcon.colcon_core.package_identification:_identify(src/amr-gazebo-pkg) by extension 'ignore_ament_install'
[0.320s] Level 1:colcon.colcon_core.package_identification:_identify(src/amr-gazebo-pkg) by extensions ['colcon_pkg']
[0.320s] Level 1:colcon.colcon_core.package_identification:_identify(src/amr-gazebo-pkg) by extension 'colcon_pkg'
[0.320s] Level 1:colcon.colcon_core.package_identification:_identify(src/amr-gazebo-pkg) by extensions ['colcon_meta']
[0.320s] Level 1:colcon.colcon_core.package_identification:_identify(src/amr-gazebo-pkg) by extension 'colcon_meta'
[0.320s] Level 1:colcon.colcon_core.package_identification:_identify(src/amr-gazebo-pkg) by extensions ['ros']
[0.320s] Level 1:colcon.colcon_core.package_identification:_identify(src/amr-gazebo-pkg) by extension 'ros'
[0.323s] DEBUG:colcon.colcon_core.package_identification:Package 'src/amr-gazebo-pkg' with type 'ros.ament_cmake' and name 'amr-gazebo-pkg'
[0.323s] Level 1:colcon.colcon_core.package_identification:_identify(src/amr-main-pkg) by extensions ['ignore', 'ignore_ament_install']
[0.323s] Level 1:colcon.colcon_core.package_identification:_identify(src/amr-main-pkg) by extension 'ignore'
[0.323s] Level 1:colcon.colcon_core.package_identification:_identify(src/amr-main-pkg) by extension 'ignore_ament_install'
[0.323s] Level 1:colcon.colcon_core.package_identification:_identify(src/amr-main-pkg) by extensions ['colcon_pkg']
[0.323s] Level 1:colcon.colcon_core.package_identification:_identify(src/amr-main-pkg) by extension 'colcon_pkg'
[0.323s] Level 1:colcon.colcon_core.package_identification:_identify(src/amr-main-pkg) by extensions ['colcon_meta']
[0.323s] Level 1:colcon.colcon_core.package_identification:_identify(src/amr-main-pkg) by extension 'colcon_meta'
[0.323s] Level 1:colcon.colcon_core.package_identification:_identify(src/amr-main-pkg) by extensions ['ros']
[0.323s] Level 1:colcon.colcon_core.package_identification:_identify(src/amr-main-pkg) by extension 'ros'
[0.324s] DEBUG:colcon.colcon_core.package_identification:Package 'src/amr-main-pkg' with type 'ros.ament_cmake' and name 'amr-main-pkg'
[0.324s] Level 1:colcon.colcon_core.package_identification:_identify(src/amr-obstacle-pkg) by extensions ['ignore', 'ignore_ament_install']
[0.324s] Level 1:colcon.colcon_core.package_identification:_identify(src/amr-obstacle-pkg) by extension 'ignore'
[0.324s] Level 1:colcon.colcon_core.package_identification:_identify(src/amr-obstacle-pkg) by extension 'ignore_ament_install'
[0.324s] Level 1:colcon.colcon_core.package_identification:_identify(src/amr-obstacle-pkg) by extensions ['colcon_pkg']
[0.324s] Level 1:colcon.colcon_core.package_identification:_identify(src/amr-obstacle-pkg) by extension 'colcon_pkg'
[0.325s] Level 1:colcon.colcon_core.package_identification:_identify(src/amr-obstacle-pkg) by extensions ['colcon_meta']
[0.325s] Level 1:colcon.colcon_core.package_identification:_identify(src/amr-obstacle-pkg) by extension 'colcon_meta'
[0.325s] Level 1:colcon.colcon_core.package_identification:_identify(src/amr-obstacle-pkg) by extensions ['ros']
[0.325s] Level 1:colcon.colcon_core.package_identification:_identify(src/amr-obstacle-pkg) by extension 'ros'
[0.325s] DEBUG:colcon.colcon_core.package_identification:Package 'src/amr-obstacle-pkg' with type 'ros.ament_cmake' and name 'amr-obstacle-pkg'
[0.326s] Level 1:colcon.colcon_core.package_identification:_identify(src/amr_msg_interfaces) by extensions ['ignore', 'ignore_ament_install']
[0.326s] Level 1:colcon.colcon_core.package_identification:_identify(src/amr_msg_interfaces) by extension 'ignore'
[0.326s] Level 1:colcon.colcon_core.package_identification:_identify(src/amr_msg_interfaces) by extension 'ignore_ament_install'
[0.326s] Level 1:colcon.colcon_core.package_identification:_identify(src/amr_msg_interfaces) by extensions ['colcon_pkg']
[0.326s] Level 1:colcon.colcon_core.package_identification:_identify(src/amr_msg_interfaces) by extension 'colcon_pkg'
[0.326s] Level 1:colcon.colcon_core.package_identification:_identify(src/amr_msg_interfaces) by extensions ['colcon_meta']
[0.326s] Level 1:colcon.colcon_core.package_identification:_identify(src/amr_msg_interfaces) by extension 'colcon_meta'
[0.326s] Level 1:colcon.colcon_core.package_identification:_identify(src/amr_msg_interfaces) by extensions ['ros']
[0.326s] Level 1:colcon.colcon_core.package_identification:_identify(src/amr_msg_interfaces) by extension 'ros'
[0.326s] DEBUG:colcon.colcon_core.package_identification:Package 'src/amr_msg_interfaces' with type 'ros.ament_cmake' and name 'amr_msg_interfaces'
[0.326s] Level 1:colcon.colcon_core.package_discovery:discover_packages(recursive) using defaults
[0.326s] Level 1:colcon.colcon_core.package_discovery:discover_packages(ignore) discover
[0.326s] Level 1:colcon.colcon_core.package_discovery:discover_packages(ignore) using defaults
[0.326s] Level 1:colcon.colcon_core.package_discovery:discover_packages(path) discover
[0.326s] Level 1:colcon.colcon_core.package_discovery:discover_packages(path) using defaults
[0.348s] Level 1:colcon.colcon_core.package_discovery:discover_packages(prefix_path) check parameters
[0.348s] Level 1:colcon.colcon_core.package_discovery:discover_packages(prefix_path) discover
[0.351s] DEBUG:colcon.colcon_installed_package_information.package_discovery:Found 4 installed packages in /home/dongju/camel-amr-projects/install
[0.352s] DEBUG:colcon.colcon_installed_package_information.package_discovery:Found 307 installed packages in /opt/ros/foxy
[0.355s] Level 1:colcon.colcon_core.package_discovery:discover_packages(prefix_path) using defaults
[0.435s] Level 5:colcon.colcon_core.verb:set package 'amr-gazebo-pkg' build argument 'cmake_args' from command line to 'None'
[0.435s] Level 5:colcon.colcon_core.verb:set package 'amr-gazebo-pkg' build argument 'cmake_target' from command line to 'None'
[0.435s] Level 5:colcon.colcon_core.verb:set package 'amr-gazebo-pkg' build argument 'cmake_target_skip_unavailable' from command line to 'False'
[0.435s] Level 5:colcon.colcon_core.verb:set package 'amr-gazebo-pkg' build argument 'cmake_clean_cache' from command line to 'False'
[0.435s] Level 5:colcon.colcon_core.verb:set package 'amr-gazebo-pkg' build argument 'cmake_clean_first' from command line to 'False'
[0.435s] Level 5:colcon.colcon_core.verb:set package 'amr-gazebo-pkg' build argument 'cmake_force_configure' from command line to 'False'
[0.435s] Level 5:colcon.colcon_core.verb:set package 'amr-gazebo-pkg' build argument 'ament_cmake_args' from command line to 'None'
[0.435s] Level 5:colcon.colcon_core.verb:set package 'amr-gazebo-pkg' build argument 'catkin_cmake_args' from command line to 'None'
[0.435s] Level 5:colcon.colcon_core.verb:set package 'amr-gazebo-pkg' build argument 'catkin_skip_building_tests' from command line to 'False'
[0.435s] DEBUG:colcon.colcon_core.verb:Building package 'amr-gazebo-pkg' with the following arguments: {'ament_cmake_args': None, 'build_base': '/home/dongju/camel-amr-projects/build/amr-gazebo-pkg', 'catkin_cmake_args': None, 'catkin_skip_building_tests': False, 'cmake_args': None, 'cmake_clean_cache': False, 'cmake_clean_first': False, 'cmake_force_configure': False, 'cmake_target': None, 'cmake_target_skip_unavailable': False, 'install_base': '/home/dongju/camel-amr-projects/install/amr-gazebo-pkg', 'merge_install': False, 'path': '/home/dongju/camel-amr-projects/src/amr-gazebo-pkg', 'symlink_install': True, 'test_result_base': None}
[0.436s] Level 5:colcon.colcon_core.verb:set package 'amr-obstacle-pkg' build argument 'cmake_args' from command line to 'None'
[0.436s] Level 5:colcon.colcon_core.verb:set package 'amr-obstacle-pkg' build argument 'cmake_target' from command line to 'None'
[0.436s] Level 5:colcon.colcon_core.verb:set package 'amr-obstacle-pkg' build argument 'cmake_target_skip_unavailable' from command line to 'False'
[0.436s] Level 5:colcon.colcon_core.verb:set package 'amr-obstacle-pkg' build argument 'cmake_clean_cache' from command line to 'False'
[0.436s] Level 5:colcon.colcon_core.verb:set package 'amr-obstacle-pkg' build argument 'cmake_clean_first' from command line to 'False'
[0.436s] Level 5:colcon.colcon_core.verb:set package 'amr-obstacle-pkg' build argument 'cmake_force_configure' from command line to 'False'
[0.436s] Level 5:colcon.colcon_core.verb:set package 'amr-obstacle-pkg' build argument 'ament_cmake_args' from command line to 'None'
[0.436s] Level 5:colcon.colcon_core.verb:set package 'amr-obstacle-pkg' build argument 'catkin_cmake_args' from command line to 'None'
[0.436s] Level 5:colcon.colcon_core.verb:set package 'amr-obstacle-pkg' build argument 'catkin_skip_building_tests' from command line to 'False'
[0.436s] DEBUG:colcon.colcon_core.verb:Building package 'amr-obstacle-pkg' with the following arguments: {'ament_cmake_args': None, 'build_base': '/home/dongju/camel-amr-projects/build/amr-obstacle-pkg', 'catkin_cmake_args': None, 'catkin_skip_building_tests': False, 'cmake_args': None, 'cmake_clean_cache': False, 'cmake_clean_first': False, 'cmake_force_configure': False, 'cmake_target': None, 'cmake_target_skip_unavailable': False, 'install_base': '/home/dongju/camel-amr-projects/install/amr-obstacle-pkg', 'merge_install': False, 'path': '/home/dongju/camel-amr-projects/src/amr-obstacle-pkg', 'symlink_install': True, 'test_result_base': None}
[0.437s] Level 5:colcon.colcon_core.verb:set package 'amr_msg_interfaces' build argument 'cmake_args' from command line to 'None'
[0.437s] Level 5:colcon.colcon_core.verb:set package 'amr_msg_interfaces' build argument 'cmake_target' from command line to 'None'
[0.437s] Level 5:colcon.colcon_core.verb:set package 'amr_msg_interfaces' build argument 'cmake_target_skip_unavailable' from command line to 'False'
[0.437s] Level 5:colcon.colcon_core.verb:set package 'amr_msg_interfaces' build argument 'cmake_clean_cache' from command line to 'False'
[0.437s] Level 5:colcon.colcon_core.verb:set package 'amr_msg_interfaces' build argument 'cmake_clean_first' from command line to 'False'
[0.437s] Level 5:colcon.colcon_core.verb:set package 'amr_msg_interfaces' build argument 'cmake_force_configure' from command line to 'False'
[0.437s] Level 5:colcon.colcon_core.verb:set package 'amr_msg_interfaces' build argument 'ament_cmake_args' from command line to 'None'
[0.437s] Level 5:colcon.colcon_core.verb:set package 'amr_msg_interfaces' build argument 'catkin_cmake_args' from command line to 'None'
[0.438s] Level 5:colcon.colcon_core.verb:set package 'amr_msg_interfaces' build argument 'catkin_skip_building_tests' from command line to 'False'
[0.438s] DEBUG:colcon.colcon_core.verb:Building package 'amr_msg_interfaces' with the following arguments: {'ament_cmake_args': None, 'build_base': '/home/dongju/camel-amr-projects/build/amr_msg_interfaces', 'catkin_cmake_args': None, 'catkin_skip_building_tests': False, 'cmake_args': None, 'cmake_clean_cache': False, 'cmake_clean_first': False, 'cmake_force_configure': False, 'cmake_target': None, 'cmake_target_skip_unavailable': False, 'install_base': '/home/dongju/camel-amr-projects/install/amr_msg_interfaces', 'merge_install': False, 'path': '/home/dongju/camel-amr-projects/src/amr_msg_interfaces', 'symlink_install': True, 'test_result_base': None}
[0.438s] Level 5:colcon.colcon_core.verb:set package 'amr-main-pkg' build argument 'cmake_args' from command line to 'None'
[0.438s] Level 5:colcon.colcon_core.verb:set package 'amr-main-pkg' build argument 'cmake_target' from command line to 'None'
[0.438s] Level 5:colcon.colcon_core.verb:set package 'amr-main-pkg' build argument 'cmake_target_skip_unavailable' from command line to 'False'
[0.439s] Level 5:colcon.colcon_core.verb:set package 'amr-main-pkg' build argument 'cmake_clean_cache' from command line to 'False'
[0.439s] Level 5:colcon.colcon_core.verb:set package 'amr-main-pkg' build argument 'cmake_clean_first' from command line to 'False'
[0.439s] Level 5:colcon.colcon_core.verb:set package 'amr-main-pkg' build argument 'cmake_force_configure' from command line to 'False'
[0.439s] Level 5:colcon.colcon_core.verb:set package 'amr-main-pkg' build argument 'ament_cmake_args' from command line to 'None'
[0.439s] Level 5:colcon.colcon_core.verb:set package 'amr-main-pkg' build argument 'catkin_cmake_args' from command line to 'None'
[0.439s] Level 5:colcon.colcon_core.verb:set package 'amr-main-pkg' build argument 'catkin_skip_building_tests' from command line to 'False'
[0.439s] DEBUG:colcon.colcon_core.verb:Building package 'amr-main-pkg' with the following arguments: {'ament_cmake_args': None, 'build_base': '/home/dongju/camel-amr-projects/build/amr-main-pkg', 'catkin_cmake_args': None, 'catkin_skip_building_tests': False, 'cmake_args': None, 'cmake_clean_cache': False, 'cmake_clean_first': False, 'cmake_force_configure': False, 'cmake_target': None, 'cmake_target_skip_unavailable': False, 'install_base': '/home/dongju/camel-amr-projects/install/amr-main-pkg', 'merge_install': False, 'path': '/home/dongju/camel-amr-projects/src/amr-main-pkg', 'symlink_install': True, 'test_result_base': None}
[0.439s] INFO:colcon.colcon_core.executor:Executing jobs using 'parallel' executor
[0.442s] DEBUG:colcon.colcon_parallel_executor.executor.parallel:run_until_complete
[0.443s] INFO:colcon.colcon_ros.task.ament_cmake.build:Building ROS package in '/home/dongju/camel-amr-projects/src/amr_msg_interfaces' with build type 'ament_cmake'
[0.443s] INFO:colcon.colcon_cmake.task.cmake.build:Building CMake package in '/home/dongju/camel-amr-projects/src/amr_msg_interfaces'
[0.446s] INFO:colcon.colcon_core.plugin_system:Skipping extension 'colcon_core.shell.bat': Not used on non-Windows systems
[0.447s] INFO:colcon.colcon_core.shell:Skip shell extension 'powershell' for command environment: Not usable outside of PowerShell
[0.447s] DEBUG:colcon.colcon_core.shell:Skip shell extension 'dsv' for command environment
[0.452s] INFO:colcon.colcon_ros.task.ament_cmake.build:Building ROS package in '/home/dongju/camel-amr-projects/src/amr-gazebo-pkg' with build type 'ament_cmake'
[0.452s] INFO:colcon.colcon_cmake.task.cmake.build:Building CMake package in '/home/dongju/camel-amr-projects/src/amr-gazebo-pkg'
[0.455s] INFO:colcon.colcon_core.shell:Skip shell extension 'powershell' for command environment: Not usable outside of PowerShell
[0.455s] DEBUG:colcon.colcon_core.shell:Skip shell extension 'dsv' for command environment
[0.462s] INFO:colcon.colcon_ros.task.ament_cmake.build:Building ROS package in '/home/dongju/camel-amr-projects/src/amr-obstacle-pkg' with build type 'ament_cmake'
[0.463s] INFO:colcon.colcon_cmake.task.cmake.build:Building CMake package in '/home/dongju/camel-amr-projects/src/amr-obstacle-pkg'
[0.465s] INFO:colcon.colcon_core.shell:Skip shell extension 'powershell' for command environment: Not usable outside of PowerShell
[0.465s] DEBUG:colcon.colcon_core.shell:Skip shell extension 'dsv' for command environment
[0.477s] DEBUG:colcon.colcon_core.event_handler.log_command:Invoking command in '/home/dongju/camel-amr-projects/build/amr_msg_interfaces': CMAKE_PREFIX_PATH=${CMAKE_PREFIX_PATH}:/opt/ros/foxy /usr/local/bin/cmake --build /home/dongju/camel-amr-projects/build/amr_msg_interfaces -- -j10 -l10
[0.484s] DEBUG:colcon.colcon_core.event_handler.log_command:Invoking command in '/home/dongju/camel-amr-projects/build/amr-gazebo-pkg': CMAKE_PREFIX_PATH=${CMAKE_PREFIX_PATH}:/opt/ros/foxy /usr/local/bin/cmake --build /home/dongju/camel-amr-projects/build/amr-gazebo-pkg -- -j10 -l10
[0.488s] DEBUG:colcon.colcon_core.event_handler.log_command:Invoking command in '/home/dongju/camel-amr-projects/build/amr-obstacle-pkg': CMAKE_PREFIX_PATH=${CMAKE_PREFIX_PATH}:/opt/ros/foxy /usr/local/bin/cmake --build /home/dongju/camel-amr-projects/build/amr-obstacle-pkg -- -j10 -l10
[0.499s] DEBUG:colcon.colcon_core.event_handler.log_command:Invoked command in '/home/dongju/camel-amr-projects/build/amr-gazebo-pkg' returned '0': CMAKE_PREFIX_PATH=${CMAKE_PREFIX_PATH}:/opt/ros/foxy /usr/local/bin/cmake --build /home/dongju/camel-amr-projects/build/amr-gazebo-pkg -- -j10 -l10
[0.520s] DEBUG:colcon.colcon_core.event_handler.log_command:Invoking command in '/home/dongju/camel-amr-projects/build/amr-gazebo-pkg': CMAKE_PREFIX_PATH=${CMAKE_PREFIX_PATH}:/opt/ros/foxy /usr/local/bin/cmake --install /home/dongju/camel-amr-projects/build/amr-gazebo-pkg
[0.522s] DEBUG:colcon.colcon_core.event_handler.log_command:Invoked command in '/home/dongju/camel-amr-projects/build/amr-obstacle-pkg' returned '0': CMAKE_PREFIX_PATH=${CMAKE_PREFIX_PATH}:/opt/ros/foxy /usr/local/bin/cmake --build /home/dongju/camel-amr-projects/build/amr-obstacle-pkg -- -j10 -l10
[0.533s] Level 1:colcon.colcon_core.environment:create_environment_scripts_only(amr-gazebo-pkg)
[0.534s] DEBUG:colcon.colcon_core.event_handler.log_command:Invoked command in '/home/dongju/camel-amr-projects/build/amr-gazebo-pkg' returned '0': CMAKE_PREFIX_PATH=${CMAKE_PREFIX_PATH}:/opt/ros/foxy /usr/local/bin/cmake --install /home/dongju/camel-amr-projects/build/amr-gazebo-pkg
[0.539s] Level 1:colcon.colcon_core.environment:checking '/home/dongju/camel-amr-projects/install/amr-gazebo-pkg' for CMake module files
[0.540s] Level 1:colcon.colcon_core.environment:checking '/home/dongju/camel-amr-projects/install/amr-gazebo-pkg' for CMake config files
[0.540s] Level 1:colcon.colcon_core.shell:create_environment_hook('amr-gazebo-pkg', 'cmake_prefix_path')
[0.541s] INFO:colcon.colcon_core.shell:Creating environment hook '/home/dongju/camel-amr-projects/install/amr-gazebo-pkg/share/amr-gazebo-pkg/hook/cmake_prefix_path.ps1'
[0.542s] INFO:colcon.colcon_core.shell:Creating environment descriptor '/home/dongju/camel-amr-projects/install/amr-gazebo-pkg/share/amr-gazebo-pkg/hook/cmake_prefix_path.dsv'
[0.542s] INFO:colcon.colcon_core.shell:Creating environment hook '/home/dongju/camel-amr-projects/install/amr-gazebo-pkg/share/amr-gazebo-pkg/hook/cmake_prefix_path.sh'
[0.543s] Level 1:colcon.colcon_core.environment:checking '/home/dongju/camel-amr-projects/install/amr-gazebo-pkg/bin'
[0.543s] Level 1:colcon.colcon_core.environment:checking '/home/dongju/camel-amr-projects/install/amr-gazebo-pkg/lib/pkgconfig/amr-gazebo-pkg.pc'
[0.543s] Level 1:colcon.colcon_core.environment:checking '/home/dongju/camel-amr-projects/install/amr-gazebo-pkg/lib/python3.8/site-packages'
[0.544s] Level 1:colcon.colcon_core.environment:checking '/home/dongju/camel-amr-projects/install/amr-gazebo-pkg/bin'
[0.545s] INFO:colcon.colcon_core.shell:Creating package script '/home/dongju/camel-amr-projects/install/amr-gazebo-pkg/share/amr-gazebo-pkg/package.ps1'
[0.546s] INFO:colcon.colcon_core.shell:Creating package descriptor '/home/dongju/camel-amr-projects/install/amr-gazebo-pkg/share/amr-gazebo-pkg/package.dsv'
[0.546s] INFO:colcon.colcon_core.shell:Creating package script '/home/dongju/camel-amr-projects/install/amr-gazebo-pkg/share/amr-gazebo-pkg/package.sh'
[0.547s] INFO:colcon.colcon_core.shell:Creating package script '/home/dongju/camel-amr-projects/install/amr-gazebo-pkg/share/amr-gazebo-pkg/package.bash'
[0.548s] INFO:colcon.colcon_core.shell:Creating package script '/home/dongju/camel-amr-projects/install/amr-gazebo-pkg/share/amr-gazebo-pkg/package.zsh'
[0.548s] Level 1:colcon.colcon_core.environment:create_file_with_runtime_dependencies(/home/dongju/camel-amr-projects/install/amr-gazebo-pkg/share/colcon-core/packages/amr-gazebo-pkg)
[0.554s] DEBUG:colcon.colcon_core.event_handler.log_command:Invoking command in '/home/dongju/camel-amr-projects/build/amr-obstacle-pkg': CMAKE_PREFIX_PATH=${CMAKE_PREFIX_PATH}:/opt/ros/foxy /usr/local/bin/cmake --install /home/dongju/camel-amr-projects/build/amr-obstacle-pkg
[0.565s] Level 1:colcon.colcon_core.environment:create_environment_scripts_only(amr-gazebo-pkg)
[0.567s] Level 1:colcon.colcon_core.environment:checking '/home/dongju/camel-amr-projects/install/amr-gazebo-pkg' for CMake module files
[0.568s] Level 1:colcon.colcon_core.environment:checking '/home/dongju/camel-amr-projects/install/amr-gazebo-pkg' for CMake config files
[0.568s] Level 1:colcon.colcon_core.shell:create_environment_hook('amr-gazebo-pkg', 'cmake_prefix_path')
[0.569s] INFO:colcon.colcon_core.shell:Creating environment hook '/home/dongju/camel-amr-projects/install/amr-gazebo-pkg/share/amr-gazebo-pkg/hook/cmake_prefix_path.ps1'
[0.570s] INFO:colcon.colcon_core.shell:Creating environment descriptor '/home/dongju/camel-amr-projects/install/amr-gazebo-pkg/share/amr-gazebo-pkg/hook/cmake_prefix_path.dsv'
[0.570s] INFO:colcon.colcon_core.shell:Creating environment hook '/home/dongju/camel-amr-projects/install/amr-gazebo-pkg/share/amr-gazebo-pkg/hook/cmake_prefix_path.sh'
[0.570s] Level 1:colcon.colcon_core.environment:checking '/home/dongju/camel-amr-projects/install/amr-gazebo-pkg/bin'
[0.570s] Level 1:colcon.colcon_core.environment:checking '/home/dongju/camel-amr-projects/install/amr-gazebo-pkg/lib/pkgconfig/amr-gazebo-pkg.pc'
[0.570s] Level 1:colcon.colcon_core.environment:checking '/home/dongju/camel-amr-projects/install/amr-gazebo-pkg/lib/python3.8/site-packages'
[0.571s] Level 1:colcon.colcon_core.environment:checking '/home/dongju/camel-amr-projects/install/amr-gazebo-pkg/bin'
[0.572s] INFO:colcon.colcon_core.shell:Creating package script '/home/dongju/camel-amr-projects/install/amr-gazebo-pkg/share/amr-gazebo-pkg/package.ps1'
[0.572s] INFO:colcon.colcon_core.shell:Creating package descriptor '/home/dongju/camel-amr-projects/install/amr-gazebo-pkg/share/amr-gazebo-pkg/package.dsv'
[0.573s] INFO:colcon.colcon_core.shell:Creating package script '/home/dongju/camel-amr-projects/install/amr-gazebo-pkg/share/amr-gazebo-pkg/package.sh'
[0.573s] INFO:colcon.colcon_core.shell:Creating package script '/home/dongju/camel-amr-projects/install/amr-gazebo-pkg/share/amr-gazebo-pkg/package.bash'
[0.573s] INFO:colcon.colcon_core.shell:Creating package script '/home/dongju/camel-amr-projects/install/amr-gazebo-pkg/share/amr-gazebo-pkg/package.zsh'
[0.574s] Level 1:colcon.colcon_core.environment:create_file_with_runtime_dependencies(/home/dongju/camel-amr-projects/install/amr-gazebo-pkg/share/colcon-core/packages/amr-gazebo-pkg)
[0.575s] DEBUG:colcon.colcon_core.event_handler.log_command:Invoked command in '/home/dongju/camel-amr-projects/build/amr_msg_interfaces' returned '0': CMAKE_PREFIX_PATH=${CMAKE_PREFIX_PATH}:/opt/ros/foxy /usr/local/bin/cmake --build /home/dongju/camel-amr-projects/build/amr_msg_interfaces -- -j10 -l10
[0.577s] Level 1:colcon.colcon_core.environment:create_environment_scripts_only(amr-obstacle-pkg)
[0.579s] Level 1:colcon.colcon_core.environment:checking '/home/dongju/camel-amr-projects/install/amr-obstacle-pkg' for CMake module files
[0.579s] DEBUG:colcon.colcon_core.event_handler.log_command:Invoked command in '/home/dongju/camel-amr-projects/build/amr-obstacle-pkg' returned '0': CMAKE_PREFIX_PATH=${CMAKE_PREFIX_PATH}:/opt/ros/foxy /usr/local/bin/cmake --install /home/dongju/camel-amr-projects/build/amr-obstacle-pkg
[0.580s] Level 1:colcon.colcon_core.environment:checking '/home/dongju/camel-amr-projects/install/amr-obstacle-pkg' for CMake config files
[0.580s] Level 1:colcon.colcon_core.shell:create_environment_hook('amr-obstacle-pkg', 'cmake_prefix_path')
[0.581s] INFO:colcon.colcon_core.shell:Creating environment hook '/home/dongju/camel-amr-projects/install/amr-obstacle-pkg/share/amr-obstacle-pkg/hook/cmake_prefix_path.ps1'
[0.582s] INFO:colcon.colcon_core.shell:Creating environment descriptor '/home/dongju/camel-amr-projects/install/amr-obstacle-pkg/share/amr-obstacle-pkg/hook/cmake_prefix_path.dsv'
[0.582s] INFO:colcon.colcon_core.shell:Creating environment hook '/home/dongju/camel-amr-projects/install/amr-obstacle-pkg/share/amr-obstacle-pkg/hook/cmake_prefix_path.sh'
[0.582s] Level 1:colcon.colcon_core.environment:checking '/home/dongju/camel-amr-projects/install/amr-obstacle-pkg/lib'
[0.583s] Level 1:colcon.colcon_core.environment:checking '/home/dongju/camel-amr-projects/install/amr-obstacle-pkg/bin'
[0.583s] Level 1:colcon.colcon_core.environment:checking '/home/dongju/camel-amr-projects/install/amr-obstacle-pkg/lib/pkgconfig/amr-obstacle-pkg.pc'
[0.583s] Level 1:colcon.colcon_core.environment:checking '/home/dongju/camel-amr-projects/install/amr-obstacle-pkg/lib/python3.8/site-packages'
[0.583s] Level 1:colcon.colcon_core.environment:checking '/home/dongju/camel-amr-projects/install/amr-obstacle-pkg/bin'
[0.584s] INFO:colcon.colcon_core.shell:Creating package script '/home/dongju/camel-amr-projects/install/amr-obstacle-pkg/share/amr-obstacle-pkg/package.ps1'
[0.585s] INFO:colcon.colcon_core.shell:Creating package descriptor '/home/dongju/camel-amr-projects/install/amr-obstacle-pkg/share/amr-obstacle-pkg/package.dsv'
[0.585s] INFO:colcon.colcon_core.shell:Creating package script '/home/dongju/camel-amr-projects/install/amr-obstacle-pkg/share/amr-obstacle-pkg/package.sh'
[0.585s] INFO:colcon.colcon_core.shell:Creating package script '/home/dongju/camel-amr-projects/install/amr-obstacle-pkg/share/amr-obstacle-pkg/package.bash'
[0.585s] INFO:colcon.colcon_core.shell:Creating package script '/home/dongju/camel-amr-projects/install/amr-obstacle-pkg/share/amr-obstacle-pkg/package.zsh'
[0.586s] Level 1:colcon.colcon_core.environment:create_file_with_runtime_dependencies(/home/dongju/camel-amr-projects/install/amr-obstacle-pkg/share/colcon-core/packages/amr-obstacle-pkg)
[0.601s] Level 1:colcon.colcon_core.environment:create_environment_scripts_only(amr-obstacle-pkg)
[0.602s] Level 1:colcon.colcon_core.environment:checking '/home/dongju/camel-amr-projects/install/amr-obstacle-pkg' for CMake module files
[0.603s] Level 1:colcon.colcon_core.environment:checking '/home/dongju/camel-amr-projects/install/amr-obstacle-pkg' for CMake config files
[0.603s] Level 1:colcon.colcon_core.shell:create_environment_hook('amr-obstacle-pkg', 'cmake_prefix_path')
[0.604s] INFO:colcon.colcon_core.shell:Creating environment hook '/home/dongju/camel-amr-projects/install/amr-obstacle-pkg/share/amr-obstacle-pkg/hook/cmake_prefix_path.ps1'
[0.605s] INFO:colcon.colcon_core.shell:Creating environment descriptor '/home/dongju/camel-amr-projects/install/amr-obstacle-pkg/share/amr-obstacle-pkg/hook/cmake_prefix_path.dsv'
[0.605s] INFO:colcon.colcon_core.shell:Creating environment hook '/home/dongju/camel-amr-projects/install/amr-obstacle-pkg/share/amr-obstacle-pkg/hook/cmake_prefix_path.sh'
[0.605s] Level 1:colcon.colcon_core.environment:checking '/home/dongju/camel-amr-projects/install/amr-obstacle-pkg/lib'
[0.606s] Level 1:colcon.colcon_core.environment:checking '/home/dongju/camel-amr-projects/install/amr-obstacle-pkg/bin'
[0.606s] Level 1:colcon.colcon_core.environment:checking '/home/dongju/camel-amr-projects/install/amr-obstacle-pkg/lib/pkgconfig/amr-obstacle-pkg.pc'
[0.606s] Level 1:colcon.colcon_core.environment:checking '/home/dongju/camel-amr-projects/install/amr-obstacle-pkg/lib/python3.8/site-packages'
[0.606s] Level 1:colcon.colcon_core.environment:checking '/home/dongju/camel-amr-projects/install/amr-obstacle-pkg/bin'
[0.607s] INFO:colcon.colcon_core.shell:Creating package script '/home/dongju/camel-amr-projects/install/amr-obstacle-pkg/share/amr-obstacle-pkg/package.ps1'
[0.608s] INFO:colcon.colcon_core.shell:Creating package descriptor '/home/dongju/camel-amr-projects/install/amr-obstacle-pkg/share/amr-obstacle-pkg/package.dsv'
[0.608s] INFO:colcon.colcon_core.shell:Creating package script '/home/dongju/camel-amr-projects/install/amr-obstacle-pkg/share/amr-obstacle-pkg/package.sh'
[0.608s] INFO:colcon.colcon_core.shell:Creating package script '/home/dongju/camel-amr-projects/install/amr-obstacle-pkg/share/amr-obstacle-pkg/package.bash'
[0.609s] INFO:colcon.colcon_core.shell:Creating package script '/home/dongju/camel-amr-projects/install/amr-obstacle-pkg/share/amr-obstacle-pkg/package.zsh'
[0.609s] Level 1:colcon.colcon_core.environment:create_file_with_runtime_dependencies(/home/dongju/camel-amr-projects/install/amr-obstacle-pkg/share/colcon-core/packages/amr-obstacle-pkg)
[0.613s] DEBUG:colcon.colcon_core.event_handler.log_command:Invoking command in '/home/dongju/camel-amr-projects/build/amr_msg_interfaces': CMAKE_PREFIX_PATH=${CMAKE_PREFIX_PATH}:/opt/ros/foxy /usr/local/bin/cmake --install /home/dongju/camel-amr-projects/build/amr_msg_interfaces
[0.676s] Level 1:colcon.colcon_core.environment:create_environment_scripts_only(amr_msg_interfaces)
[0.678s] Level 1:colcon.colcon_core.environment:checking '/home/dongju/camel-amr-projects/install/amr_msg_interfaces' for CMake module files
[0.678s] DEBUG:colcon.colcon_core.event_handler.log_command:Invoked command in '/home/dongju/camel-amr-projects/build/amr_msg_interfaces' returned '0': CMAKE_PREFIX_PATH=${CMAKE_PREFIX_PATH}:/opt/ros/foxy /usr/local/bin/cmake --install /home/dongju/camel-amr-projects/build/amr_msg_interfaces
[0.679s] Level 1:colcon.colcon_core.environment:checking '/home/dongju/camel-amr-projects/install/amr_msg_interfaces' for CMake config files
[0.679s] Level 1:colcon.colcon_core.shell:create_environment_hook('amr_msg_interfaces', 'cmake_prefix_path')
[0.680s] INFO:colcon.colcon_core.shell:Creating environment hook '/home/dongju/camel-amr-projects/install/amr_msg_interfaces/share/amr_msg_interfaces/hook/cmake_prefix_path.ps1'
[0.681s] INFO:colcon.colcon_core.shell:Creating environment descriptor '/home/dongju/camel-amr-projects/install/amr_msg_interfaces/share/amr_msg_interfaces/hook/cmake_prefix_path.dsv'
[0.681s] INFO:colcon.colcon_core.shell:Creating environment hook '/home/dongju/camel-amr-projects/install/amr_msg_interfaces/share/amr_msg_interfaces/hook/cmake_prefix_path.sh'
[0.682s] Level 1:colcon.colcon_core.environment:checking '/home/dongju/camel-amr-projects/install/amr_msg_interfaces/lib'
[0.682s] Level 1:colcon.colcon_core.shell:create_environment_hook('amr_msg_interfaces', 'ld_library_path_lib')
[0.683s] INFO:colcon.colcon_core.shell:Creating environment hook '/home/dongju/camel-amr-projects/install/amr_msg_interfaces/share/amr_msg_interfaces/hook/ld_library_path_lib.ps1'
[0.683s] INFO:colcon.colcon_core.shell:Creating environment descriptor '/home/dongju/camel-amr-projects/install/amr_msg_interfaces/share/amr_msg_interfaces/hook/ld_library_path_lib.dsv'
[0.683s] INFO:colcon.colcon_core.shell:Creating environment hook '/home/dongju/camel-amr-projects/install/amr_msg_interfaces/share/amr_msg_interfaces/hook/ld_library_path_lib.sh'
[0.684s] Level 1:colcon.colcon_core.environment:checking '/home/dongju/camel-amr-projects/install/amr_msg_interfaces/bin'
[0.684s] Level 1:colcon.colcon_core.environment:checking '/home/dongju/camel-amr-projects/install/amr_msg_interfaces/lib/pkgconfig/amr_msg_interfaces.pc'
[0.684s] Level 1:colcon.colcon_core.environment:checking '/home/dongju/camel-amr-projects/install/amr_msg_interfaces/lib/python3.8/site-packages'
[0.684s] Level 1:colcon.colcon_core.shell:create_environment_hook('amr_msg_interfaces', 'pythonpath')
[0.685s] INFO:colcon.colcon_core.shell:Creating environment hook '/home/dongju/camel-amr-projects/install/amr_msg_interfaces/share/amr_msg_interfaces/hook/pythonpath.ps1'
[0.685s] INFO:colcon.colcon_core.shell:Creating environment descriptor '/home/dongju/camel-amr-projects/install/amr_msg_interfaces/share/amr_msg_interfaces/hook/pythonpath.dsv'
[0.685s] INFO:colcon.colcon_core.shell:Creating environment hook '/home/dongju/camel-amr-projects/install/amr_msg_interfaces/share/amr_msg_interfaces/hook/pythonpath.sh'
[0.686s] Level 1:colcon.colcon_core.environment:checking '/home/dongju/camel-amr-projects/install/amr_msg_interfaces/bin'
[0.687s] INFO:colcon.colcon_core.shell:Creating package script '/home/dongju/camel-amr-projects/install/amr_msg_interfaces/share/amr_msg_interfaces/package.ps1'
[0.687s] INFO:colcon.colcon_core.shell:Creating package descriptor '/home/dongju/camel-amr-projects/install/amr_msg_interfaces/share/amr_msg_interfaces/package.dsv'
[0.688s] INFO:colcon.colcon_core.shell:Creating package script '/home/dongju/camel-amr-projects/install/amr_msg_interfaces/share/amr_msg_interfaces/package.sh'
[0.688s] INFO:colcon.colcon_core.shell:Creating package script '/home/dongju/camel-amr-projects/install/amr_msg_interfaces/share/amr_msg_interfaces/package.bash'
[0.688s] INFO:colcon.colcon_core.shell:Creating package script '/home/dongju/camel-amr-projects/install/amr_msg_interfaces/share/amr_msg_interfaces/package.zsh'
[0.689s] Level 1:colcon.colcon_core.environment:create_file_with_runtime_dependencies(/home/dongju/camel-amr-projects/install/amr_msg_interfaces/share/colcon-core/packages/amr_msg_interfaces)
[0.725s] Level 1:colcon.colcon_core.environment:create_environment_scripts_only(amr_msg_interfaces)
[0.727s] Level 1:colcon.colcon_core.environment:checking '/home/dongju/camel-amr-projects/install/amr_msg_interfaces' for CMake module files
[0.728s] Level 1:colcon.colcon_core.environment:checking '/home/dongju/camel-amr-projects/install/amr_msg_interfaces' for CMake config files
[0.728s] Level 1:colcon.colcon_core.shell:create_environment_hook('amr_msg_interfaces', 'cmake_prefix_path')
[0.729s] INFO:colcon.colcon_core.shell:Creating environment hook '/home/dongju/camel-amr-projects/install/amr_msg_interfaces/share/amr_msg_interfaces/hook/cmake_prefix_path.ps1'
[0.730s] INFO:colcon.colcon_core.shell:Creating environment descriptor '/home/dongju/camel-amr-projects/install/amr_msg_interfaces/share/amr_msg_interfaces/hook/cmake_prefix_path.dsv'
[0.730s] INFO:colcon.colcon_core.shell:Creating environment hook '/home/dongju/camel-amr-projects/install/amr_msg_interfaces/share/amr_msg_interfaces/hook/cmake_prefix_path.sh'
[0.731s] Level 1:colcon.colcon_core.environment:checking '/home/dongju/camel-amr-projects/install/amr_msg_interfaces/lib'
[0.731s] Level 1:colcon.colcon_core.shell:create_environment_hook('amr_msg_interfaces', 'ld_library_path_lib')
[0.732s] INFO:colcon.colcon_core.shell:Creating environment hook '/home/dongju/camel-amr-projects/install/amr_msg_interfaces/share/amr_msg_interfaces/hook/ld_library_path_lib.ps1'
[0.732s] INFO:colcon.colcon_core.shell:Creating environment descriptor '/home/dongju/camel-amr-projects/install/amr_msg_interfaces/share/amr_msg_interfaces/hook/ld_library_path_lib.dsv'
[0.732s] INFO:colcon.colcon_core.shell:Creating environment hook '/home/dongju/camel-amr-projects/install/amr_msg_interfaces/share/amr_msg_interfaces/hook/ld_library_path_lib.sh'
[0.733s] Level 1:colcon.colcon_core.environment:checking '/home/dongju/camel-amr-projects/install/amr_msg_interfaces/bin'
[0.733s] Level 1:colcon.colcon_core.environment:checking '/home/dongju/camel-amr-projects/install/amr_msg_interfaces/lib/pkgconfig/amr_msg_interfaces.pc'
[0.733s] Level 1:colcon.colcon_core.environment:checking '/home/dongju/camel-amr-projects/install/amr_msg_interfaces/lib/python3.8/site-packages'
[0.733s] Level 1:colcon.colcon_core.shell:create_environment_hook('amr_msg_interfaces', 'pythonpath')
[0.734s] INFO:colcon.colcon_core.shell:Creating environment hook '/home/dongju/camel-amr-projects/install/amr_msg_interfaces/share/amr_msg_interfaces/hook/pythonpath.ps1'
[0.734s] INFO:colcon.colcon_core.shell:Creating environment descriptor '/home/dongju/camel-amr-projects/install/amr_msg_interfaces/share/amr_msg_interfaces/hook/pythonpath.dsv'
[0.735s] INFO:colcon.colcon_core.shell:Creating environment hook '/home/dongju/camel-amr-projects/install/amr_msg_interfaces/share/amr_msg_interfaces/hook/pythonpath.sh'
[0.735s] Level 1:colcon.colcon_core.environment:checking '/home/dongju/camel-amr-projects/install/amr_msg_interfaces/bin'
[0.736s] INFO:colcon.colcon_core.shell:Creating package script '/home/dongju/camel-amr-projects/install/amr_msg_interfaces/share/amr_msg_interfaces/package.ps1'
[0.737s] INFO:colcon.colcon_core.shell:Creating package descriptor '/home/dongju/camel-amr-projects/install/amr_msg_interfaces/share/amr_msg_interfaces/package.dsv'
[0.737s] INFO:colcon.colcon_core.shell:Creating package script '/home/dongju/camel-amr-projects/install/amr_msg_interfaces/share/amr_msg_interfaces/package.sh'
[0.738s] INFO:colcon.colcon_core.shell:Creating package script '/home/dongju/camel-amr-projects/install/amr_msg_interfaces/share/amr_msg_interfaces/package.bash'
[0.738s] INFO:colcon.colcon_core.shell:Creating package script '/home/dongju/camel-amr-projects/install/amr_msg_interfaces/share/amr_msg_interfaces/package.zsh'
[0.738s] Level 1:colcon.colcon_core.environment:create_file_with_runtime_dependencies(/home/dongju/camel-amr-projects/install/amr_msg_interfaces/share/colcon-core/packages/amr_msg_interfaces)
[0.738s] INFO:colcon.colcon_ros.task.ament_cmake.build:Building ROS package in '/home/dongju/camel-amr-projects/src/amr-main-pkg' with build type 'ament_cmake'
[0.739s] INFO:colcon.colcon_cmake.task.cmake.build:Building CMake package in '/home/dongju/camel-amr-projects/src/amr-main-pkg'
[0.740s] INFO:colcon.colcon_core.shell:Skip shell extension 'powershell' for command environment: Not usable outside of PowerShell
[0.740s] DEBUG:colcon.colcon_core.shell:Skip shell extension 'dsv' for command environment
[0.750s] DEBUG:colcon.colcon_core.event_handler.log_command:Invoking command in '/home/dongju/camel-amr-projects/build/amr-main-pkg': CMAKE_PREFIX_PATH=/home/dongju/camel-amr-projects/install/amr_msg_interfaces:/home/dongju/camel-amr-projects/install/amr-main-pkg:/home/dongju/camel-amr-projects/install/amr-obstacle-pkg:/home/dongju/camel-amr-projects/install/amr-gazebo-pkg:/opt/ros/foxy LD_LIBRARY_PATH=/home/dongju/camel-amr-projects/install/amr_msg_interfaces/lib:/usr/lib/x86_64-linux-gnu/gazebo-11/plugins:/opt/ros/foxy/opt/yaml_cpp_vendor/lib:/opt/ros/foxy/opt/rviz_ogre_vendor/lib:/opt/ros/foxy/lib/x86_64-linux-gnu:/opt/ros/foxy/lib:home/dongju/raisimLib/install/lib PYTHONPATH=/home/dongju/camel-amr-projects/install/amr_msg_interfaces/lib/python3.8/site-packages:/opt/ros/foxy/lib/python3.8/site-packages:home/dongju/raisimLib/install/lib /usr/local/bin/cmake --build /home/dongju/camel-amr-projects/build/amr-main-pkg -- -j10 -l10
[4.078s] DEBUG:colcon.colcon_core.event_handler.log_command:Invoked command in '/home/dongju/camel-amr-projects/build/amr-main-pkg' returned '2': CMAKE_PREFIX_PATH=/home/dongju/camel-amr-projects/install/amr_msg_interfaces:/home/dongju/camel-amr-projects/install/amr-main-pkg:/home/dongju/camel-amr-projects/install/amr-obstacle-pkg:/home/dongju/camel-amr-projects/install/amr-gazebo-pkg:/opt/ros/foxy LD_LIBRARY_PATH=/home/dongju/camel-amr-projects/install/amr_msg_interfaces/lib:/usr/lib/x86_64-linux-gnu/gazebo-11/plugins:/opt/ros/foxy/opt/yaml_cpp_vendor/lib:/opt/ros/foxy/opt/rviz_ogre_vendor/lib:/opt/ros/foxy/lib/x86_64-linux-gnu:/opt/ros/foxy/lib:home/dongju/raisimLib/install/lib PYTHONPATH=/home/dongju/camel-amr-projects/install/amr_msg_interfaces/lib/python3.8/site-packages:/opt/ros/foxy/lib/python3.8/site-packages:home/dongju/raisimLib/install/lib /usr/local/bin/cmake --build /home/dongju/camel-amr-projects/build/amr-main-pkg -- -j10 -l10
[4.107s] Level 1:colcon.colcon_core.environment:create_environment_scripts_only(amr-main-pkg)
[4.109s] Level 1:colcon.colcon_core.environment:checking '/home/dongju/camel-amr-projects/install/amr-main-pkg' for CMake module files
[4.109s] Level 1:colcon.colcon_core.environment:checking '/home/dongju/camel-amr-projects/install/amr-main-pkg' for CMake config files
[4.110s] Level 1:colcon.colcon_core.shell:create_environment_hook('amr-main-pkg', 'cmake_prefix_path')
[4.111s] INFO:colcon.colcon_core.shell:Creating environment hook '/home/dongju/camel-amr-projects/install/amr-main-pkg/share/amr-main-pkg/hook/cmake_prefix_path.ps1'
[4.111s] INFO:colcon.colcon_core.shell:Creating environment descriptor '/home/dongju/camel-amr-projects/install/amr-main-pkg/share/amr-main-pkg/hook/cmake_prefix_path.dsv'
[4.111s] INFO:colcon.colcon_core.shell:Creating environment hook '/home/dongju/camel-amr-projects/install/amr-main-pkg/share/amr-main-pkg/hook/cmake_prefix_path.sh'
[4.112s] Level 1:colcon.colcon_core.environment:checking '/home/dongju/camel-amr-projects/install/amr-main-pkg/lib'
[4.112s] Level 1:colcon.colcon_core.environment:checking '/home/dongju/camel-amr-projects/install/amr-main-pkg/bin'
[4.112s] Level 1:colcon.colcon_core.environment:checking '/home/dongju/camel-amr-projects/install/amr-main-pkg/lib/pkgconfig/amr-main-pkg.pc'
[4.112s] Level 1:colcon.colcon_core.environment:checking '/home/dongju/camel-amr-projects/install/amr-main-pkg/lib/python3.8/site-packages'
[4.112s] Level 1:colcon.colcon_core.environment:checking '/home/dongju/camel-amr-projects/install/amr-main-pkg/bin'
[4.113s] INFO:colcon.colcon_core.shell:Creating package script '/home/dongju/camel-amr-projects/install/amr-main-pkg/share/amr-main-pkg/package.ps1'
[4.114s] INFO:colcon.colcon_core.shell:Creating package descriptor '/home/dongju/camel-amr-projects/install/amr-main-pkg/share/amr-main-pkg/package.dsv'
[4.114s] INFO:colcon.colcon_core.shell:Creating package script '/home/dongju/camel-amr-projects/install/amr-main-pkg/share/amr-main-pkg/package.sh'
[4.114s] INFO:colcon.colcon_core.shell:Creating package script '/home/dongju/camel-amr-projects/install/amr-main-pkg/share/amr-main-pkg/package.bash'
[4.115s] INFO:colcon.colcon_core.shell:Creating package script '/home/dongju/camel-amr-projects/install/amr-main-pkg/share/amr-main-pkg/package.zsh'
[4.115s] Level 1:colcon.colcon_core.environment:create_file_with_runtime_dependencies(/home/dongju/camel-amr-projects/install/amr-main-pkg/share/colcon-core/packages/amr-main-pkg)
[4.125s] DEBUG:colcon.colcon_parallel_executor.executor.parallel:closing loop
[4.126s] DEBUG:colcon.colcon_parallel_executor.executor.parallel:loop closed
[4.126s] DEBUG:colcon.colcon_parallel_executor.executor.parallel:run_until_complete finished with '2'
[4.126s] DEBUG:colcon.colcon_core.event_reactor:joining thread
[4.131s] INFO:colcon.colcon_core.plugin_system:Skipping extension 'colcon_notification.desktop_notification.terminal_notifier': Not used on non-Darwin systems
[4.131s] INFO:colcon.colcon_core.plugin_system:Skipping extension 'colcon_notification.desktop_notification.win32': Not used on non-Windows systems
[4.131s] INFO:colcon.colcon_notification.desktop_notification:Sending desktop notification using 'notify2'
[4.147s] DEBUG:colcon.colcon_core.event_reactor:joined thread
[4.148s] INFO:colcon.colcon_core.shell:Creating prefix script '/home/dongju/camel-amr-projects/install/local_setup.ps1'
[4.149s] INFO:colcon.colcon_core.shell:Creating prefix util module '/home/dongju/camel-amr-projects/install/_local_setup_util_ps1.py'
[4.150s] INFO:colcon.colcon_core.shell:Creating prefix chain script '/home/dongju/camel-amr-projects/install/setup.ps1'
[4.151s] INFO:colcon.colcon_core.shell:Creating prefix script '/home/dongju/camel-amr-projects/install/local_setup.sh'
[4.151s] INFO:colcon.colcon_core.shell:Creating prefix util module '/home/dongju/camel-amr-projects/install/_local_setup_util_sh.py'
[4.152s] INFO:colcon.colcon_core.shell:Creating prefix chain script '/home/dongju/camel-amr-projects/install/setup.sh'
[4.153s] INFO:colcon.colcon_core.shell:Creating prefix script '/home/dongju/camel-amr-projects/install/local_setup.bash'
[4.153s] INFO:colcon.colcon_core.shell:Creating prefix chain script '/home/dongju/camel-amr-projects/install/setup.bash'
[4.154s] INFO:colcon.colcon_core.shell:Creating prefix script '/home/dongju/camel-amr-projects/install/local_setup.zsh'
[4.155s] INFO:colcon.colcon_core.shell:Creating prefix chain script '/home/dongju/camel-amr-projects/install/setup.zsh'
