-- Found ament_cmake: 0.9.12 (/opt/ros/foxy/share/ament_cmake/cmake)
-- Using PYTHON_EXECUTABLE: /usr/bin/python3
-- Override CMake install command with custom implementation using symlinks instead of copying resources
-- Found amr_msg_interfaces: 0.6.0 (/home/dongju/camel-amr-projects/install/amr_msg_interfaces/share/amr_msg_interfaces/cmake)
-- Using all available rosidl_typesupport_c: rosidl_typesupport_fastrtps_c;rosidl_typesupport_introspection_c
-- Found rosidl_adapter: 1.3.1 (/opt/ros/foxy/share/rosidl_adapter/cmake)
-- Using all available rosidl_typesupport_cpp: rosidl_typesupport_fastrtps_cpp;rosidl_typesupport_introspection_cpp
-- Found rclcpp: 2.4.3 (/opt/ros/foxy/share/rclcpp/cmake)
-- Found rmw_implementation_cmake: 1.0.4 (/opt/ros/foxy/share/rmw_implementation_cmake/cmake)
-- Using RMW implementation 'rmw_fastrtps_cpp' as default
-- Found sensor_msgs: 2.0.5 (/opt/ros/foxy/share/sensor_msgs/cmake)
-- Found nav_msgs: 2.0.5 (/opt/ros/foxy/share/nav_msgs/cmake)
-- Found ament_lint_auto: 0.9.8 (/opt/ros/foxy/share/ament_lint_auto/cmake)
-- Found ament_cmake_gtest: 0.9.12 (/opt/ros/foxy/share/ament_cmake_gtest/cmake)
-- Added test 'copyright' to check source files copyright and LICENSE
-- Added test 'cppcheck' to perform static code analysis on C / C++ code
-- Configured cppcheck include dirs: /home/dongju/camel-amr-projects/src/amr-main-pkg/include;/home/dongju/camel-amr-projects/src/amr-main-pkg/src/Amr_UI
-- Configured cppcheck exclude dirs and/or files: 
-- Added test 'cpplint' to check C / C++ code against the Google style
-- Configured cpplint exclude dirs and/or files: 
-- Added test 'lint_cmake' to check CMake code style
-- Added test 'uncrustify' to check C / C++ code style
-- Configured uncrustify additional arguments: 
-- Added test 'xmllint' to check XML markup files
-- Configuring done (0.6s)
-- Generating done (0.0s)
-- Build files have been written to: /home/dongju/camel-amr-projects/build/amr-main-pkg
[  8%] [34m[1mAutomatic MOC and UIC for target astar_lib[0m
[ 16%] [34m[1mAutomatic MOC and UIC for target dynamicObstacle_lib[0m
[ 16%] [34m[1mAutomatic MOC and UIC for target visualize_lib[0m
[ 20%] [34m[1mAutomatic MOC and UIC for target obsDetection_lib[0m
[ 20%] [34m[1mAutomatic MOC and UIC for target clusteringDynamicObs_lib[0m
[ 20%] Built target obsDetection_lib_autogen
[ 20%] Built target visualize_lib_autogen
[ 20%] Built target dynamicObstacle_lib_autogen
[ 20%] Built target astar_lib_autogen
[ 20%] Built target clusteringDynamicObs_lib_autogen
[ 24%] [32mBuilding CXX object CMakeFiles/dynamicObstacle_lib.dir/dynamicObstacle_lib_autogen/mocs_compilation.cpp.o[0m
[ 28%] [32mBuilding CXX object CMakeFiles/obsDetection_lib.dir/obsDetection_lib_autogen/mocs_compilation.cpp.o[0m
[ 32%] [32mBuilding CXX object CMakeFiles/visualize_lib.dir/visualize_lib_autogen/mocs_compilation.cpp.o[0m
[ 36%] [32mBuilding CXX object CMakeFiles/astar_lib.dir/astar_lib_autogen/mocs_compilation.cpp.o[0m
[ 40%] [32mBuilding CXX object CMakeFiles/dynamicObstacle_lib.dir/src/DynamicObstacle/DynamicObstacle.cpp.o[0m
[ 44%] [32mBuilding CXX object CMakeFiles/obsDetection_lib.dir/src/ObsDetection/ObsDetection.cpp.o[0m
[ 48%] [32mBuilding CXX object CMakeFiles/visualize_lib.dir/src/Visualize/Map_In_Out.cpp.o[0m
[ 52%] [32mBuilding CXX object CMakeFiles/astar_lib.dir/src/astar/Astar.cpp.o[0m
[ 56%] [32mBuilding CXX object CMakeFiles/clusteringDynamicObs_lib.dir/src/ClusteringDynamicObs/ClusteringDynamicObs.cpp.o[0m
[ 60%] [32mBuilding CXX object CMakeFiles/clusteringDynamicObs_lib.dir/clusteringDynamicObs_lib_autogen/mocs_compilation.cpp.o[0m
[ 64%] [32m[1mLinking CXX static library libvisualize_lib.a[0m
[ 64%] Built target visualize_lib
[ 68%] [32m[1mLinking CXX static library libdynamicObstacle_lib.a[0m
[ 68%] Built target dynamicObstacle_lib
[ 72%] [32m[1mLinking CXX static library libobsDetection_lib.a[0m
[ 72%] Built target obsDetection_lib
[ 76%] [32m[1mLinking CXX static library libastar_lib.a[0m
[ 76%] Built target astar_lib
[ 80%] [32m[1mLinking CXX static library libclusteringDynamicObs_lib.a[0m
[ 80%] Built target clusteringDynamicObs_lib
[ 84%] [34m[1mAutomatic MOC and UIC for target simulmain[0m
[ 84%] Built target simulmain_autogen
[ 88%] [32mBuilding CXX object CMakeFiles/simulmain.dir/simulmain_autogen/mocs_compilation.cpp.o[0m
[ 92%] [32mBuilding CXX object CMakeFiles/simulmain.dir/src/simulmain/simul_main.cpp.o[0m
[ 96%] [32mBuilding CXX object CMakeFiles/simulmain.dir/src/Amr_UI/qcustomplot.cpp.o[0m
