[0.009s] Invoking command in '/home/dongju/camel-amr-projects/build/amr-main-pkg': CMAKE_PREFIX_PATH=/home/dongju/camel-amr-projects/install/amr_msg_interfaces:/home/dongju/camel-amr-projects/install/amr-main-pkg:/home/dongju/camel-amr-projects/install/amr-obstacle-pkg:/home/dongju/camel-amr-projects/install/amr-gazebo-pkg:/opt/ros/foxy LD_LIBRARY_PATH=/home/dongju/camel-amr-projects/install/amr_msg_interfaces/lib:/usr/lib/x86_64-linux-gnu/gazebo-11/plugins:/opt/ros/foxy/opt/yaml_cpp_vendor/lib:/opt/ros/foxy/opt/rviz_ogre_vendor/lib:/opt/ros/foxy/lib/x86_64-linux-gnu:/opt/ros/foxy/lib:home/dongju/raisimLib/install/lib PYTHONPATH=/home/dongju/camel-amr-projects/install/amr_msg_interfaces/lib/python3.8/site-packages:/opt/ros/foxy/lib/python3.8/site-packages:home/dongju/raisimLib/install/lib /usr/local/bin/cmake --build /home/dongju/camel-amr-projects/build/amr-main-pkg -- -j10 -l10
[0.021s] -- Found ament_cmake: 0.9.12 (/opt/ros/foxy/share/ament_cmake/cmake)
[0.038s] -- Using PYTHON_EXECUTABLE: /usr/bin/python3
[0.176s] -- Override CMake install command with custom implementation using symlinks instead of copying resources
[0.182s] -- Found amr_msg_interfaces: 0.6.0 (/home/dongju/camel-amr-projects/install/amr_msg_interfaces/share/amr_msg_interfaces/cmake)
[0.198s] -- Using all available rosidl_typesupport_c: rosidl_typesupport_fastrtps_c;rosidl_typesupport_introspection_c
[0.200s] -- Found rosidl_adapter: 1.3.1 (/opt/ros/foxy/share/rosidl_adapter/cmake)
[0.290s] -- Using all available rosidl_typesupport_cpp: rosidl_typesupport_fastrtps_cpp;rosidl_typesupport_introspection_cpp
[0.319s] -- Found rclcpp: 2.4.3 (/opt/ros/foxy/share/rclcpp/cmake)
[0.344s] -- Found rmw_implementation_cmake: 1.0.4 (/opt/ros/foxy/share/rmw_implementation_cmake/cmake)
[0.345s] -- Using RMW implementation 'rmw_fastrtps_cpp' as default
[0.445s] -- Found sensor_msgs: 2.0.5 (/opt/ros/foxy/share/sensor_msgs/cmake)
[0.525s] -- Found nav_msgs: 2.0.5 (/opt/ros/foxy/share/nav_msgs/cmake)
[0.586s] -- Found ament_lint_auto: 0.9.8 (/opt/ros/foxy/share/ament_lint_auto/cmake)
[0.633s] -- Found ament_cmake_gtest: 0.9.12 (/opt/ros/foxy/share/ament_cmake_gtest/cmake)
[0.637s] -- Added test 'copyright' to check source files copyright and LICENSE
[0.638s] -- Added test 'cppcheck' to perform static code analysis on C / C++ code
[0.640s] -- Configured cppcheck include dirs: /home/dongju/camel-amr-projects/src/amr-main-pkg/include;/home/dongju/camel-amr-projects/src/amr-main-pkg/src/Amr_UI
[0.640s] -- Configured cppcheck exclude dirs and/or files: 
[0.641s] -- Added test 'cpplint' to check C / C++ code against the Google style
[0.641s] -- Configured cpplint exclude dirs and/or files: 
[0.642s] -- Added test 'lint_cmake' to check CMake code style
[0.643s] -- Added test 'uncrustify' to check C / C++ code style
[0.643s] -- Configured uncrustify additional arguments: 
[0.643s] -- Added test 'xmllint' to check XML markup files
[0.644s] -- Configuring done (0.6s)
[0.699s] -- Generating done (0.0s)
[0.701s] -- Build files have been written to: /home/dongju/camel-amr-projects/build/amr-main-pkg
[0.714s] [  8%] [34m[1mAutomatic MOC and UIC for target astar_lib[0m
[0.714s] [ 16%] [34m[1mAutomatic MOC and UIC for target dynamicObstacle_lib[0m
[0.714s] [ 16%] [34m[1mAutomatic MOC and UIC for target visualize_lib[0m
[0.715s] [ 20%] [34m[1mAutomatic MOC and UIC for target obsDetection_lib[0m
[0.715s] [ 20%] [34m[1mAutomatic MOC and UIC for target clusteringDynamicObs_lib[0m
[0.726s] [ 20%] Built target obsDetection_lib_autogen
[0.726s] [ 20%] Built target visualize_lib_autogen
[0.726s] [ 20%] Built target dynamicObstacle_lib_autogen
[0.726s] [ 20%] Built target astar_lib_autogen
[0.726s] [ 20%] Built target clusteringDynamicObs_lib_autogen
[0.734s] [ 24%] [32mBuilding CXX object CMakeFiles/dynamicObstacle_lib.dir/dynamicObstacle_lib_autogen/mocs_compilation.cpp.o[0m
[0.734s] [ 28%] [32mBuilding CXX object CMakeFiles/obsDetection_lib.dir/obsDetection_lib_autogen/mocs_compilation.cpp.o[0m
[0.734s] [ 32%] [32mBuilding CXX object CMakeFiles/visualize_lib.dir/visualize_lib_autogen/mocs_compilation.cpp.o[0m
[0.734s] [ 36%] [32mBuilding CXX object CMakeFiles/astar_lib.dir/astar_lib_autogen/mocs_compilation.cpp.o[0m
[0.735s] [ 40%] [32mBuilding CXX object CMakeFiles/dynamicObstacle_lib.dir/src/DynamicObstacle/DynamicObstacle.cpp.o[0m
[0.735s] [ 44%] [32mBuilding CXX object CMakeFiles/obsDetection_lib.dir/src/ObsDetection/ObsDetection.cpp.o[0m
[0.735s] [ 48%] [32mBuilding CXX object CMakeFiles/visualize_lib.dir/src/Visualize/Map_In_Out.cpp.o[0m
[0.735s] [ 52%] [32mBuilding CXX object CMakeFiles/astar_lib.dir/src/astar/Astar.cpp.o[0m
[0.735s] [ 56%] [32mBuilding CXX object CMakeFiles/clusteringDynamicObs_lib.dir/src/ClusteringDynamicObs/ClusteringDynamicObs.cpp.o[0m
[0.736s] [ 60%] [32mBuilding CXX object CMakeFiles/clusteringDynamicObs_lib.dir/clusteringDynamicObs_lib_autogen/mocs_compilation.cpp.o[0m
[0.907s] [01m[K/home/dongju/camel-amr-projects/src/amr-main-pkg/src/Visualize/Map_In_Out.cpp:[m[K In member function ‘[01m[Kvoid Map_In_Out::Map_Input(coordinate&, coordinate&, coordinate&, int (*)[100])[m[K’:
[0.907s] [01m[K/home/dongju/camel-amr-projects/src/amr-main-pkg/src/Visualize/Map_In_Out.cpp:8:88:[m[K [01;35m[Kwarning: [m[Kunused parameter ‘[01m[Kmap[m[K’ [[01;35m[K-Wunused-parameter[m[K]
[0.907s]     8 | void Map_In_Out::Map_Input(coordinate &start, coordinate &end,coordinate& mapsize, [01;35m[Kint map[][100][m[K){
[0.908s]       |                                                                                    [01;35m[K~~~~^~~~~~~~~~[m[K
[0.956s] [ 64%] [32m[1mLinking CXX static library libvisualize_lib.a[0m
[0.966s] [ 64%] Built target visualize_lib
[1.059s] [ 68%] [32m[1mLinking CXX static library libdynamicObstacle_lib.a[0m
[1.068s] [ 68%] Built target dynamicObstacle_lib
[1.096s] In file included from [01m[K/home/dongju/camel-amr-projects/src/amr-main-pkg/src/astar/Astar.cpp:4[m[K:
[1.096s] [01m[K/home/dongju/camel-amr-projects/src/amr-main-pkg/include/astar/Astar.hpp:[m[K In constructor ‘[01m[KAstar_planning::Astar_planning()[m[K’:
[1.096s] [01m[K/home/dongju/camel-amr-projects/src/amr-main-pkg/include/astar/Astar.hpp:38:35:[m[K [01;35m[Kwarning: [m[K‘[01m[KAstar_planning::Mapmatrix[m[K’ will be initialized after [[01;35m[K-Wreorder[m[K]
[1.096s]    38 |     std::vector<std::vector<int>> [01;35m[KMapmatrix[m[K;
[1.096s]       |                                   [01;35m[K^~~~~~~~~[m[K
[1.096s] [01m[K/home/dongju/camel-amr-projects/src/amr-main-pkg/include/astar/Astar.hpp:29:9:[m[K [01;35m[Kwarning: [m[K  ‘[01m[Kint Astar_planning::dx1 [4][m[K’ [[01;35m[K-Wreorder[m[K]
[1.096s]    29 |     int [01;35m[Kdx1[m[K[4];
[1.096s]       |         [01;35m[K^~~[m[K
[1.096s] [01m[K/home/dongju/camel-amr-projects/src/amr-main-pkg/src/astar/Astar.cpp:17:1:[m[K [01;35m[Kwarning: [m[K  when initialized here [[01;35m[K-Wreorder[m[K]
[1.096s]    17 | [01;35m[KAstar_planning[m[K::Astar_planning()
[1.096s]       | [01;35m[K^~~~~~~~~~~~~~[m[K
[1.145s] [ 72%] [32m[1mLinking CXX static library libobsDetection_lib.a[0m
[1.155s] [ 72%] Built target obsDetection_lib
[1.377s] [ 76%] [32m[1mLinking CXX static library libastar_lib.a[0m
[1.388s] [ 76%] Built target astar_lib
[1.541s] [01m[K/home/dongju/camel-amr-projects/src/amr-main-pkg/src/ClusteringDynamicObs/ClusteringDynamicObs.cpp:[m[K In member function ‘[01m[Kvoid ClusteringDynamicObs::ClusteringDynamicObstacle(int, int)[m[K’:
[1.541s] [01m[K/home/dongju/camel-amr-projects/src/amr-main-pkg/src/ClusteringDynamicObs/ClusteringDynamicObs.cpp:107:24:[m[K [01;35m[Kwarning: [m[Kcomparison of integer expressions of different signedness: ‘[01m[Kint[m[K’ and ‘[01m[Kstd::vector<int>::size_type[m[K’ {aka ‘[01m[Klong unsigned int[m[K’} [[01;35m[K-Wsign-compare[m[K]
[1.541s]   107 |     for (int i = 0 ; [01;35m[Ki < LabelingStack.size()[m[K ; i++)
[1.541s]       |                      [01;35m[K~~^~~~~~~~~~~~~~~~~~~~~~[m[K
[1.543s] [01m[K/home/dongju/camel-amr-projects/src/amr-main-pkg/src/ClusteringDynamicObs/ClusteringDynamicObs.cpp:115:24:[m[K [01;35m[Kwarning: [m[Kcomparison of integer expressions of different signedness: ‘[01m[Kint[m[K’ and ‘[01m[Kstd::vector<std::pair<std::pair<int, int>, std::pair<int, int> > >::size_type[m[K’ {aka ‘[01m[Klong unsigned int[m[K’} [[01;35m[K-Wsign-compare[m[K]
[1.543s]   115 |     for (int i = 0 ; [01;35m[Ki < LabelingArray.size()[m[K ; i++)
[1.543s]       |                      [01;35m[K~~^~~~~~~~~~~~~~~~~~~~~~[m[K
[1.543s] [01m[K/home/dongju/camel-amr-projects/src/amr-main-pkg/src/ClusteringDynamicObs/ClusteringDynamicObs.cpp:[m[K In member function ‘[01m[Kvoid ClusteringDynamicObs::ConnectObs(int, int)[m[K’:
[1.543s] [01m[K/home/dongju/camel-amr-projects/src/amr-main-pkg/src/ClusteringDynamicObs/ClusteringDynamicObs.cpp:144:24:[m[K [01;35m[Kwarning: [m[Kcomparison of integer expressions of different signedness: ‘[01m[Kint[m[K’ and ‘[01m[Kstd::vector<std::pair<std::pair<int, int>, std::pair<int, int> > >::size_type[m[K’ {aka ‘[01m[Klong unsigned int[m[K’} [[01;35m[K-Wsign-compare[m[K]
[1.544s]   144 |     for (int i = 0 ; [01;35m[Ki < LabelingArray.size()[m[K ; i++)
[1.544s]       |                      [01;35m[K~~^~~~~~~~~~~~~~~~~~~~~~[m[K
[1.789s] [ 80%] [32m[1mLinking CXX static library libclusteringDynamicObs_lib.a[0m
[1.799s] [ 80%] Built target clusteringDynamicObs_lib
[1.805s] [ 84%] [34m[1mAutomatic MOC and UIC for target simulmain[0m
[2.043s] [ 84%] Built target simulmain_autogen
[2.062s] [ 88%] [32mBuilding CXX object CMakeFiles/simulmain.dir/simulmain_autogen/mocs_compilation.cpp.o[0m
[2.063s] [ 92%] [32mBuilding CXX object CMakeFiles/simulmain.dir/src/simulmain/simul_main.cpp.o[0m
[2.063s] [ 96%] [32mBuilding CXX object CMakeFiles/simulmain.dir/src/Amr_UI/qcustomplot.cpp.o[0m
[2.189s] [01m[K/home/dongju/camel-amr-projects/src/amr-main-pkg/src/simulmain/simul_main.cpp:5:10:[m[K [01;31m[Kfatal error: [m[KAmr_UI/mainwindow.h: No such file or directory
[2.189s]     5 | #include [01;31m[K"Amr_UI/mainwindow.h"[m[K
[2.189s]       |          [01;31m[K^~~~~~~~~~~~~~~~~~~~~[m[K
[2.189s] compilation terminated.
[2.191s] make[2]: *** [CMakeFiles/simulmain.dir/build.make:90: CMakeFiles/simulmain.dir/src/simulmain/simul_main.cpp.o] Error 1
[2.191s] make[2]: *** Waiting for unfinished jobs....
[5.516s] [01m[K/home/dongju/camel-amr-projects/src/amr-main-pkg/src/Amr_UI/qcustomplot.cpp:[m[K In member function ‘[01m[KQPointF QCPLabelPainterPrivate::getAnchorPos(const QPointF&)[m[K’:
[5.516s] [01m[K/home/dongju/camel-amr-projects/src/amr-main-pkg/src/Amr_UI/qcustomplot.cpp:5752:13:[m[K [01;35m[Kwarning: [m[Kthis statement may fall through [[01;35m[K-Wimplicit-fallthrough=[m[K]
[5.516s]  5752 |             [01;35m[Kswitch[m[K (mAnchorSide)
[5.516s]       |             [01;35m[K^~~~~~[m[K
[5.516s] [01m[K/home/dongju/camel-amr-projects/src/amr-main-pkg/src/Amr_UI/qcustomplot.cpp:5764:9:[m[K [01;36m[Knote: [m[Khere
[5.516s]  5764 |         [01;36m[Kcase[m[K amSkewedUpright:
[5.516s]       |         [01;36m[K^~~~[m[K
[9.659s] make[1]: *** [CMakeFiles/Makefile2:288: CMakeFiles/simulmain.dir/all] Error 2
[9.659s] make: *** [Makefile:146: all] Error 2
[9.660s] Invoked command in '/home/dongju/camel-amr-projects/build/amr-main-pkg' returned '2': CMAKE_PREFIX_PATH=/home/dongju/camel-amr-projects/install/amr_msg_interfaces:/home/dongju/camel-amr-projects/install/amr-main-pkg:/home/dongju/camel-amr-projects/install/amr-obstacle-pkg:/home/dongju/camel-amr-projects/install/amr-gazebo-pkg:/opt/ros/foxy LD_LIBRARY_PATH=/home/dongju/camel-amr-projects/install/amr_msg_interfaces/lib:/usr/lib/x86_64-linux-gnu/gazebo-11/plugins:/opt/ros/foxy/opt/yaml_cpp_vendor/lib:/opt/ros/foxy/opt/rviz_ogre_vendor/lib:/opt/ros/foxy/lib/x86_64-linux-gnu:/opt/ros/foxy/lib:home/dongju/raisimLib/install/lib PYTHONPATH=/home/dongju/camel-amr-projects/install/amr_msg_interfaces/lib/python3.8/site-packages:/opt/ros/foxy/lib/python3.8/site-packages:home/dongju/raisimLib/install/lib /usr/local/bin/cmake --build /home/dongju/camel-amr-projects/build/amr-main-pkg -- -j10 -l10
