[0.009s] Invoking command in '/home/dongju/camel-amr-projects/build/amr-main-pkg': CMAKE_PREFIX_PATH=/home/dongju/camel-amr-projects/install/amr_msg_interfaces:/home/dongju/camel-amr-projects/install/amr-main-pkg:/home/dongju/camel-amr-projects/install/amr-obstacle-pkg:/home/dongju/camel-amr-projects/install/amr-gazebo-pkg:/opt/ros/foxy LD_LIBRARY_PATH=/home/dongju/camel-amr-projects/install/amr_msg_interfaces/lib:/usr/lib/x86_64-linux-gnu/gazebo-11/plugins:/opt/ros/foxy/opt/yaml_cpp_vendor/lib:/opt/ros/foxy/opt/rviz_ogre_vendor/lib:/opt/ros/foxy/lib/x86_64-linux-gnu:/opt/ros/foxy/lib:home/dongju/raisimLib/install/lib PYTHONPATH=/home/dongju/camel-amr-projects/install/amr_msg_interfaces/lib/python3.8/site-packages:/opt/ros/foxy/lib/python3.8/site-packages:home/dongju/raisimLib/install/lib /usr/local/bin/cmake --build /home/dongju/camel-amr-projects/build/amr-main-pkg -- -j10 -l10
[0.021s] -- Found ament_cmake: 0.9.12 (/opt/ros/foxy/share/ament_cmake/cmake)
[0.037s] -- Using PYTHON_EXECUTABLE: /usr/bin/python3
[0.174s] -- Override CMake install command with custom implementation using symlinks instead of copying resources
[0.180s] -- Found amr_msg_interfaces: 0.6.0 (/home/dongju/camel-amr-projects/install/amr_msg_interfaces/share/amr_msg_interfaces/cmake)
[0.195s] -- Using all available rosidl_typesupport_c: rosidl_typesupport_fastrtps_c;rosidl_typesupport_introspection_c
[0.198s] -- Found rosidl_adapter: 1.3.1 (/opt/ros/foxy/share/rosidl_adapter/cmake)
[0.287s] -- Using all available rosidl_typesupport_cpp: rosidl_typesupport_fastrtps_cpp;rosidl_typesupport_introspection_cpp
[0.316s] -- Found rclcpp: 2.4.3 (/opt/ros/foxy/share/rclcpp/cmake)
[0.341s] -- Found rmw_implementation_cmake: 1.0.4 (/opt/ros/foxy/share/rmw_implementation_cmake/cmake)
[0.342s] -- Using RMW implementation 'rmw_fastrtps_cpp' as default
[0.442s] -- Found sensor_msgs: 2.0.5 (/opt/ros/foxy/share/sensor_msgs/cmake)
[0.521s] -- Found nav_msgs: 2.0.5 (/opt/ros/foxy/share/nav_msgs/cmake)
[0.582s] -- Found ament_lint_auto: 0.9.8 (/opt/ros/foxy/share/ament_lint_auto/cmake)
[0.629s] -- Found ament_cmake_gtest: 0.9.12 (/opt/ros/foxy/share/ament_cmake_gtest/cmake)
[0.633s] -- Added test 'copyright' to check source files copyright and LICENSE
[0.634s] -- Added test 'cppcheck' to perform static code analysis on C / C++ code
[0.635s] -- Configured cppcheck include dirs: /home/dongju/camel-amr-projects/src/amr-main-pkg/include
[0.636s] -- Configured cppcheck exclude dirs and/or files: 
[0.637s] -- Added test 'cpplint' to check C / C++ code against the Google style
[0.637s] -- Configured cpplint exclude dirs and/or files: 
[0.637s] -- Added test 'lint_cmake' to check CMake code style
[0.639s] -- Added test 'uncrustify' to check C / C++ code style
[0.639s] -- Configured uncrustify additional arguments: 
[0.639s] -- Added test 'xmllint' to check XML markup files
[0.640s] -- Configuring done (0.6s)
[0.694s] -- Generating done (0.0s)
[0.696s] -- Build files have been written to: /home/dongju/camel-amr-projects/build/amr-main-pkg
[0.711s] [ 16%] [34m[1mAutomatic MOC and UIC for target astar_lib[0m
[0.711s] [ 16%] [34m[1mAutomatic MOC and UIC for target visualize_lib[0m
[0.711s] [ 16%] [34m[1mAutomatic MOC and UIC for target dynamicObstacle_lib[0m
[0.711s] [ 16%] [34m[1mAutomatic MOC and UIC for target obsDetection_lib[0m
[0.711s] [ 20%] [34m[1mAutomatic MOC and UIC for target mainwindow_lib[0m
[0.712s] [ 20%] [34m[1mAutomatic MOC and UIC for target clusteringDynamicObs_lib[0m
[0.717s] [ 20%] Built target mainwindow_lib_autogen
[0.717s] [ 20%] Built target dynamicObstacle_lib_autogen
[0.717s] [ 20%] Built target obsDetection_lib_autogen
[0.718s] [ 20%] Built target clusteringDynamicObs_lib_autogen
[0.718s] [ 20%] Built target astar_lib_autogen
[0.718s] [ 20%] Built target visualize_lib_autogen
[0.725s] [ 46%] Built target dynamicObstacle_lib
[0.726s] [ 50%] Built target obsDetection_lib
[0.726s] [ 50%] Built target astar_lib
[0.726s] [ 60%] Built target clusteringDynamicObs_lib
[0.733s] [ 70%] Built target visualize_lib
[0.737s] [ 73%] [32mBuilding CXX object CMakeFiles/mainwindow_lib.dir/mainwindow_lib_autogen/mocs_compilation.cpp.o[0m
[0.739s] [ 76%] [34m[1mAutomatic MOC and UIC for target simulmain[0m
[0.744s] [ 76%] Built target simulmain_autogen
[0.765s] [ 80%] [32mBuilding CXX object CMakeFiles/simulmain.dir/src/simulmain/simul_main.cpp.o[0m
[0.890s] [01m[K/home/dongju/camel-amr-projects/src/amr-main-pkg/src/simulmain/simul_main.cpp:5:10:[m[K [01;31m[Kfatal error: [m[KAmr_UI/mainwindow.h: No such file or directory
[0.890s]     5 | #include [01;31m[K"Amr_UI/mainwindow.h"[m[K
[0.890s]       |          [01;31m[K^~~~~~~~~~~~~~~~~~~~~[m[K
[0.890s] compilation terminated.
[0.892s] make[2]: *** [CMakeFiles/simulmain.dir/build.make:90: CMakeFiles/simulmain.dir/src/simulmain/simul_main.cpp.o] Error 1
[0.892s] make[1]: *** [CMakeFiles/Makefile2:317: CMakeFiles/simulmain.dir/all] Error 2
[0.892s] make[1]: *** Waiting for unfinished jobs....
[2.631s] In file included from [01m[K/usr/include/x86_64-linux-gnu/qt5/QtGui/qevent.h:50[m[K,
[2.631s]                  from [01m[K/usr/include/x86_64-linux-gnu/qt5/QtGui/QPaintEvent:1[m[K,
[2.631s]                  from [01m[K/home/dongju/camel-amr-projects/build/amr-main-pkg/mainwindow_lib_autogen/YFTHPEQBWW/../../../../src/amr-main-pkg/src/Amr_UI/qcustomplot.hpp:61[m[K,
[2.631s]                  from [01m[K/home/dongju/camel-amr-projects/build/amr-main-pkg/mainwindow_lib_autogen/YFTHPEQBWW/moc_qcustomplot.cpp:9[m[K,
[2.631s]                  from [01m[K/home/dongju/camel-amr-projects/build/amr-main-pkg/mainwindow_lib_autogen/mocs_compilation.cpp:3[m[K:
[2.632s] [01m[K/usr/include/x86_64-linux-gnu/qt5/QtCore/qvariant.h:[m[K In constructor ‘[01m[KQVariant::QVariant(QVariant&&)[m[K’:
[2.632s] [01m[K/usr/include/x86_64-linux-gnu/qt5/QtCore/qvariant.h:275:25:[m[K [01;35m[Kwarning: [m[Kimplicitly-declared ‘[01m[Kconstexpr QVariant::Private& QVariant::Private::operator=(const QVariant::Private&)[m[K’ is deprecated [[01;35m[K-Wdeprecated-copy[m[K]
[2.632s]   275 |     { other.d = Private([01;35m[K)[m[K; }
[2.632s]       |                         [01;35m[K^[m[K
[2.632s] [01m[K/usr/include/x86_64-linux-gnu/qt5/QtCore/qvariant.h:401:16:[m[K [01;36m[Knote: [m[Kbecause ‘[01m[KQVariant::Private[m[K’ has user-provided ‘[01m[KQVariant::Private::Private(const QVariant::Private&)[m[K’
[2.632s]   401 |         inline [01;36m[KPrivate[m[K(const Private &other) Q_DECL_NOTHROW
[2.632s]       |                [01;36m[K^~~~~~~[m[K
[3.179s] In file included from [01m[K/usr/include/x86_64-linux-gnu/qt5/QtWidgets/qabstractitemdelegate.h:45[m[K,
[3.179s]                  from [01m[K/usr/include/x86_64-linux-gnu/qt5/QtWidgets/QtWidgets:9[m[K,
[3.179s]                  from [01m[K/usr/include/x86_64-linux-gnu/qt5/QtPrintSupport/QtPrintSupportDepends:5[m[K,
[3.179s]                  from [01m[K/usr/include/x86_64-linux-gnu/qt5/QtPrintSupport/QtPrintSupport:3[m[K,
[3.179s]                  from [01m[K/home/dongju/camel-amr-projects/build/amr-main-pkg/mainwindow_lib_autogen/YFTHPEQBWW/../../../../src/amr-main-pkg/src/Amr_UI/qcustomplot.hpp:102[m[K,
[3.179s]                  from [01m[K/home/dongju/camel-amr-projects/build/amr-main-pkg/mainwindow_lib_autogen/YFTHPEQBWW/moc_qcustomplot.cpp:9[m[K,
[3.179s]                  from [01m[K/home/dongju/camel-amr-projects/build/amr-main-pkg/mainwindow_lib_autogen/mocs_compilation.cpp:3[m[K:
[3.179s] [01m[K/usr/include/x86_64-linux-gnu/qt5/QtWidgets/qstyleoption.h:[m[K In copy constructor ‘[01m[KQStyleOptionFocusRect::QStyleOptionFocusRect(const QStyleOptionFocusRect&)[m[K’:
[3.179s] [01m[K/usr/include/x86_64-linux-gnu/qt5/QtWidgets/qstyleoption.h:120:103:[m[K [01;35m[Kwarning: [m[Kimplicitly-declared ‘[01m[KQStyleOptionFocusRect& QStyleOptionFocusRect::operator=(const QStyleOptionFocusRect&)[m[K’ is deprecated [[01;35m[K-Wdeprecated-copy[m[K]
[3.179s]   120 |     QStyleOptionFocusRect(const QStyleOptionFocusRect &other) : QStyleOption(Version, Type) { *this = [01;35m[Kother[m[K; }
[3.179s]       |                                                                                                       [01;35m[K^~~~~[m[K
[3.179s] [01m[K/usr/include/x86_64-linux-gnu/qt5/QtWidgets/qstyleoption.h:120:5:[m[K [01;36m[Knote: [m[Kbecause ‘[01m[KQStyleOptionFocusRect[m[K’ has user-provided ‘[01m[KQStyleOptionFocusRect::QStyleOptionFocusRect(const QStyleOptionFocusRect&)[m[K’
[3.179s]   120 |     [01;36m[KQStyleOptionFocusRect[m[K(const QStyleOptionFocusRect &other) : QStyleOption(Version, Type) { *this = other; }
[3.180s]       |     [01;36m[K^~~~~~~~~~~~~~~~~~~~~[m[K
[3.180s] [01m[K/usr/include/x86_64-linux-gnu/qt5/QtWidgets/qstyleoption.h:[m[K In copy constructor ‘[01m[KQStyleOptionFrame::QStyleOptionFrame(const QStyleOptionFrame&)[m[K’:
[3.180s] [01m[K/usr/include/x86_64-linux-gnu/qt5/QtWidgets/qstyleoption.h:144:95:[m[K [01;35m[Kwarning: [m[Kimplicitly-declared ‘[01m[KQStyleOptionFrame& QStyleOptionFrame::operator=(const QStyleOptionFrame&)[m[K’ is deprecated [[01;35m[K-Wdeprecated-copy[m[K]
[3.180s]   144 |     QStyleOptionFrame(const QStyleOptionFrame &other) : QStyleOption(Version, Type) { *this = [01;35m[Kother[m[K; }
[3.180s]       |                                                                                               [01;35m[K^~~~~[m[K
[3.180s] [01m[K/usr/include/x86_64-linux-gnu/qt5/QtWidgets/qstyleoption.h:144:5:[m[K [01;36m[Knote: [m[Kbecause ‘[01m[KQStyleOptionFrame[m[K’ has user-provided ‘[01m[KQStyleOptionFrame::QStyleOptionFrame(const QStyleOptionFrame&)[m[K’
[3.180s]   144 |     [01;36m[KQStyleOptionFrame[m[K(const QStyleOptionFrame &other) : QStyleOption(Version, Type) { *this = other; }
[3.180s]       |     [01;36m[K^~~~~~~~~~~~~~~~~[m[K
[3.180s] [01m[K/usr/include/x86_64-linux-gnu/qt5/QtWidgets/qstyleoption.h:[m[K In copy constructor ‘[01m[KQStyleOptionTabWidgetFrame::QStyleOptionTabWidgetFrame(const QStyleOptionTabWidgetFrame&)[m[K’:
[3.180s] [01m[K/usr/include/x86_64-linux-gnu/qt5/QtWidgets/qstyleoption.h:173:49:[m[K [01;35m[Kwarning: [m[Kimplicitly-declared ‘[01m[KQStyleOptionTabWidgetFrame& QStyleOptionTabWidgetFrame::operator=(const QStyleOptionTabWidgetFrame&)[m[K’ is deprecated [[01;35m[K-Wdeprecated-copy[m[K]
[3.181s]   173 |         : QStyleOption(Version, Type) { *this = [01;35m[Kother[m[K; }
[3.181s]       |                                                 [01;35m[K^~~~~[m[K
[3.181s] [01m[K/usr/include/x86_64-linux-gnu/qt5/QtWidgets/qstyleoption.h:172:12:[m[K [01;36m[Knote: [m[Kbecause ‘[01m[KQStyleOptionTabWidgetFrame[m[K’ has user-provided ‘[01m[KQStyleOptionTabWidgetFrame::QStyleOptionTabWidgetFrame(const QStyleOptionTabWidgetFrame&)[m[K’
[3.181s]   172 |     inline [01;36m[KQStyleOptionTabWidgetFrame[m[K(const QStyleOptionTabWidgetFrame &other)
[3.181s]       |            [01;36m[K^~~~~~~~~~~~~~~~~~~~~~~~~~[m[K
[3.181s] [01m[K/usr/include/x86_64-linux-gnu/qt5/QtWidgets/qstyleoption.h:[m[K In copy constructor ‘[01m[KQStyleOptionTabBarBase::QStyleOptionTabBarBase(const QStyleOptionTabBarBase&)[m[K’:
[3.181s] [01m[K/usr/include/x86_64-linux-gnu/qt5/QtWidgets/qstyleoption.h:196:105:[m[K [01;35m[Kwarning: [m[Kimplicitly-declared ‘[01m[KQStyleOptionTabBarBase& QStyleOptionTabBarBase::operator=(const QStyleOptionTabBarBase&)[m[K’ is deprecated [[01;35m[K-Wdeprecated-copy[m[K]
[3.181s]   196 |     QStyleOptionTabBarBase(const QStyleOptionTabBarBase &other) : QStyleOption(Version, Type) { *this = [01;35m[Kother[m[K; }
[3.181s]       |                                                                                                         [01;35m[K^~~~~[m[K
[3.181s] [01m[K/usr/include/x86_64-linux-gnu/qt5/QtWidgets/qstyleoption.h:196:5:[m[K [01;36m[Knote: [m[Kbecause ‘[01m[KQStyleOptionTabBarBase[m[K’ has user-provided ‘[01m[KQStyleOptionTabBarBase::QStyleOptionTabBarBase(const QStyleOptionTabBarBase&)[m[K’
[3.181s]   196 |     [01;36m[KQStyleOptionTabBarBase[m[K(const QStyleOptionTabBarBase &other) : QStyleOption(Version, Type) { *this = other; }
[3.181s]       |     [01;36m[K^~~~~~~~~~~~~~~~~~~~~~[m[K
[3.181s] [01m[K/usr/include/x86_64-linux-gnu/qt5/QtWidgets/qstyleoption.h:[m[K In copy constructor ‘[01m[KQStyleOptionHeader::QStyleOptionHeader(const QStyleOptionHeader&)[m[K’:
[3.181s] [01m[K/usr/include/x86_64-linux-gnu/qt5/QtWidgets/qstyleoption.h:227:97:[m[K [01;35m[Kwarning: [m[Kimplicitly-declared ‘[01m[KQStyleOptionHeader& QStyleOptionHeader::operator=(const QStyleOptionHeader&)[m[K’ is deprecated [[01;35m[K-Wdeprecated-copy[m[K]
[3.181s]   227 |     QStyleOptionHeader(const QStyleOptionHeader &other) : QStyleOption(Version, Type) { *this = [01;35m[Kother[m[K; }
[3.181s]       |                                                                                                 [01;35m[K^~~~~[m[K
[3.182s] [01m[K/usr/include/x86_64-linux-gnu/qt5/QtWidgets/qstyleoption.h:227:5:[m[K [01;36m[Knote: [m[Kbecause ‘[01m[KQStyleOptionHeader[m[K’ has user-provided ‘[01m[KQStyleOptionHeader::QStyleOptionHeader(const QStyleOptionHeader&)[m[K’
[3.182s]   227 |     [01;36m[KQStyleOptionHeader[m[K(const QStyleOptionHeader &other) : QStyleOption(Version, Type) { *this = other; }
[3.182s]       |     [01;36m[K^~~~~~~~~~~~~~~~~~[m[K
[3.182s] [01m[K/usr/include/x86_64-linux-gnu/qt5/QtWidgets/qstyleoption.h:[m[K In copy constructor ‘[01m[KQStyleOptionButton::QStyleOptionButton(const QStyleOptionButton&)[m[K’:
[3.182s] [01m[K/usr/include/x86_64-linux-gnu/qt5/QtWidgets/qstyleoption.h:249:97:[m[K [01;35m[Kwarning: [m[Kimplicitly-declared ‘[01m[KQStyleOptionButton& QStyleOptionButton::operator=(const QStyleOptionButton&)[m[K’ is deprecated [[01;35m[K-Wdeprecated-copy[m[K]
[3.182s]   249 |     QStyleOptionButton(const QStyleOptionButton &other) : QStyleOption(Version, Type) { *this = [01;35m[Kother[m[K; }
[3.182s]       |                                                                                                 [01;35m[K^~~~~[m[K
[3.182s] [01m[K/usr/include/x86_64-linux-gnu/qt5/QtWidgets/qstyleoption.h:249:5:[m[K [01;36m[Knote: [m[Kbecause ‘[01m[KQStyleOptionButton[m[K’ has user-provided ‘[01m[KQStyleOptionButton::QStyleOptionButton(const QStyleOptionButton&)[m[K’
[3.182s]   249 |     [01;36m[KQStyleOptionButton[m[K(const QStyleOptionButton &other) : QStyleOption(Version, Type) { *this = other; }
[3.182s]       |     [01;36m[K^~~~~~~~~~~~~~~~~~[m[K
[3.184s] [01m[K/usr/include/x86_64-linux-gnu/qt5/QtWidgets/qstyleoption.h:[m[K In copy constructor ‘[01m[KQStyleOptionTab::QStyleOptionTab(const QStyleOptionTab&)[m[K’:
[3.184s] [01m[K/usr/include/x86_64-linux-gnu/qt5/QtWidgets/qstyleoption.h:286:91:[m[K [01;35m[Kwarning: [m[Kimplicitly-declared ‘[01m[KQStyleOptionTab& QStyleOptionTab::operator=(const QStyleOptionTab&)[m[K’ is deprecated [[01;35m[K-Wdeprecated-copy[m[K]
[3.184s]   286 |     QStyleOptionTab(const QStyleOptionTab &other) : QStyleOption(Version, Type) { *this = [01;35m[Kother[m[K; }
[3.184s]       |                                                                                           [01;35m[K^~~~~[m[K
[3.184s] [01m[K/usr/include/x86_64-linux-gnu/qt5/QtWidgets/qstyleoption.h:286:5:[m[K [01;36m[Knote: [m[Kbecause ‘[01m[KQStyleOptionTab[m[K’ has user-provided ‘[01m[KQStyleOptionTab::QStyleOptionTab(const QStyleOptionTab&)[m[K’
[3.184s]   286 |     [01;36m[KQStyleOptionTab[m[K(const QStyleOptionTab &other) : QStyleOption(Version, Type) { *this = other; }
[3.184s]       |     [01;36m[K^~~~~~~~~~~~~~~[m[K
[3.185s] [01m[K/usr/include/x86_64-linux-gnu/qt5/QtWidgets/qstyleoption.h:[m[K In copy constructor ‘[01m[KQStyleOptionToolBar::QStyleOptionToolBar(const QStyleOptionToolBar&)[m[K’:
[3.185s] [01m[K/usr/include/x86_64-linux-gnu/qt5/QtWidgets/qstyleoption.h:316:99:[m[K [01;35m[Kwarning: [m[Kimplicitly-declared ‘[01m[KQStyleOptionToolBar& QStyleOptionToolBar::operator=(const QStyleOptionToolBar&)[m[K’ is deprecated [[01;35m[K-Wdeprecated-copy[m[K]
[3.185s]   316 |     QStyleOptionToolBar(const QStyleOptionToolBar &other) : QStyleOption(Version, Type) { *this = [01;35m[Kother[m[K; }
[3.185s]       |                                                                                                   [01;35m[K^~~~~[m[K
[3.185s] [01m[K/usr/include/x86_64-linux-gnu/qt5/QtWidgets/qstyleoption.h:316:5:[m[K [01;36m[Knote: [m[Kbecause ‘[01m[KQStyleOptionToolBar[m[K’ has user-provided ‘[01m[KQStyleOptionToolBar::QStyleOptionToolBar(const QStyleOptionToolBar&)[m[K’
[3.186s]   316 |     [01;36m[KQStyleOptionToolBar[m[K(const QStyleOptionToolBar &other) : QStyleOption(Version, Type) { *this = other; }
[3.186s]       |     [01;36m[K^~~~~~~~~~~~~~~~~~~[m[K
[3.186s] [01m[K/usr/include/x86_64-linux-gnu/qt5/QtWidgets/qstyleoption.h:[m[K In copy constructor ‘[01m[KQStyleOptionProgressBar::QStyleOptionProgressBar(const QStyleOptionProgressBar&)[m[K’:
[3.186s] [01m[K/usr/include/x86_64-linux-gnu/qt5/QtWidgets/qstyleoption.h:343:107:[m[K [01;35m[Kwarning: [m[Kimplicitly-declared ‘[01m[KQStyleOptionProgressBar& QStyleOptionProgressBar::operator=(const QStyleOptionProgressBar&)[m[K’ is deprecated [[01;35m[K-Wdeprecated-copy[m[K]
[3.186s]   343 |     QStyleOptionProgressBar(const QStyleOptionProgressBar &other) : QStyleOption(Version, Type) { *this = [01;35m[Kother[m[K; }
[3.186s]       |                                                                                                           [01;35m[K^~~~~[m[K
[3.187s] [01m[K/usr/include/x86_64-linux-gnu/qt5/QtWidgets/qstyleoption.h:343:5:[m[K [01;36m[Knote: [m[Kbecause ‘[01m[KQStyleOptionProgressBar[m[K’ has user-provided ‘[01m[KQStyleOptionProgressBar::QStyleOptionProgressBar(const QStyleOptionProgressBar&)[m[K’
[3.187s]   343 |     [01;36m[KQStyleOptionProgressBar[m[K(const QStyleOptionProgressBar &other) : QStyleOption(Version, Type) { *this = other; }
[3.187s]       |     [01;36m[K^~~~~~~~~~~~~~~~~~~~~~~[m[K
[3.187s] [01m[K/usr/include/x86_64-linux-gnu/qt5/QtWidgets/qstyleoption.h:[m[K In copy constructor ‘[01m[KQStyleOptionMenuItem::QStyleOptionMenuItem(const QStyleOptionMenuItem&)[m[K’:
[3.187s] [01m[K/usr/include/x86_64-linux-gnu/qt5/QtWidgets/qstyleoption.h:373:101:[m[K [01;35m[Kwarning: [m[Kimplicitly-declared ‘[01m[KQStyleOptionMenuItem& QStyleOptionMenuItem::operator=(const QStyleOptionMenuItem&)[m[K’ is deprecated [[01;35m[K-Wdeprecated-copy[m[K]
[3.187s]   373 |     QStyleOptionMenuItem(const QStyleOptionMenuItem &other) : QStyleOption(Version, Type) { *this = [01;35m[Kother[m[K; }
[3.187s]       |                                                                                                     [01;35m[K^~~~~[m[K
[3.187s] [01m[K/usr/include/x86_64-linux-gnu/qt5/QtWidgets/qstyleoption.h:373:5:[m[K [01;36m[Knote: [m[Kbecause ‘[01m[KQStyleOptionMenuItem[m[K’ has user-provided ‘[01m[KQStyleOptionMenuItem::QStyleOptionMenuItem(const QStyleOptionMenuItem&)[m[K’
[3.187s]   373 |     [01;36m[KQStyleOptionMenuItem[m[K(const QStyleOptionMenuItem &other) : QStyleOption(Version, Type) { *this = other; }
[3.187s]       |     [01;36m[K^~~~~~~~~~~~~~~~~~~~[m[K
[3.187s] [01m[K/usr/include/x86_64-linux-gnu/qt5/QtWidgets/qstyleoption.h:[m[K In copy constructor ‘[01m[KQStyleOptionDockWidget::QStyleOptionDockWidget(const QStyleOptionDockWidget&)[m[K’:
[3.187s] [01m[K/usr/include/x86_64-linux-gnu/qt5/QtWidgets/qstyleoption.h:392:105:[m[K [01;35m[Kwarning: [m[Kimplicitly-declared ‘[01m[KQStyleOptionDockWidget& QStyleOptionDockWidget::operator=(const QStyleOptionDockWidget&)[m[K’ is deprecated [[01;35m[K-Wdeprecated-copy[m[K]
[3.187s]   392 |     QStyleOptionDockWidget(const QStyleOptionDockWidget &other) : QStyleOption(Version, Type) { *this = [01;35m[Kother[m[K; }
[3.187s]       |                                                                                                         [01;35m[K^~~~~[m[K
[3.187s] [01m[K/usr/include/x86_64-linux-gnu/qt5/QtWidgets/qstyleoption.h:392:5:[m[K [01;36m[Knote: [m[Kbecause ‘[01m[KQStyleOptionDockWidget[m[K’ has user-provided ‘[01m[KQStyleOptionDockWidget::QStyleOptionDockWidget(const QStyleOptionDockWidget&)[m[K’
[3.187s]   392 |     [01;36m[KQStyleOptionDockWidget[m[K(const QStyleOptionDockWidget &other) : QStyleOption(Version, Type) { *this = other; }
[3.188s]       |     [01;36m[K^~~~~~~~~~~~~~~~~~~~~~[m[K
[3.188s] [01m[K/usr/include/x86_64-linux-gnu/qt5/QtWidgets/qstyleoption.h:[m[K In copy constructor ‘[01m[KQStyleOptionViewItem::QStyleOptionViewItem(const QStyleOptionViewItem&)[m[K’:
[3.188s] [01m[K/usr/include/x86_64-linux-gnu/qt5/QtWidgets/qstyleoption.h:443:101:[m[K [01;35m[Kwarning: [m[Kimplicitly-declared ‘[01m[KQStyleOptionViewItem& QStyleOptionViewItem::operator=(const QStyleOptionViewItem&)[m[K’ is deprecated [[01;35m[K-Wdeprecated-copy[m[K]
[3.188s]   443 |     QStyleOptionViewItem(const QStyleOptionViewItem &other) : QStyleOption(Version, Type) { *this = [01;35m[Kother[m[K; }
[3.188s]       |                                                                                                     [01;35m[K^~~~~[m[K
[3.188s] [01m[K/usr/include/x86_64-linux-gnu/qt5/QtWidgets/qstyleoption.h:443:5:[m[K [01;36m[Knote: [m[Kbecause ‘[01m[KQStyleOptionViewItem[m[K’ has user-provided ‘[01m[KQStyleOptionViewItem::QStyleOptionViewItem(const QStyleOptionViewItem&)[m[K’
[3.188s]   443 |     [01;36m[KQStyleOptionViewItem[m[K(const QStyleOptionViewItem &other) : QStyleOption(Version, Type) { *this = other; }
[3.188s]       |     [01;36m[K^~~~~~~~~~~~~~~~~~~~[m[K
[3.189s] [01m[K/usr/include/x86_64-linux-gnu/qt5/QtWidgets/qstyleoption.h:[m[K In copy constructor ‘[01m[KQStyleOptionToolBox::QStyleOptionToolBox(const QStyleOptionToolBox&)[m[K’:
[3.189s] [01m[K/usr/include/x86_64-linux-gnu/qt5/QtWidgets/qstyleoption.h:473:99:[m[K [01;35m[Kwarning: [m[Kimplicitly-declared ‘[01m[KQStyleOptionToolBox& QStyleOptionToolBox::operator=(const QStyleOptionToolBox&)[m[K’ is deprecated [[01;35m[K-Wdeprecated-copy[m[K]
[3.189s]   473 |     QStyleOptionToolBox(const QStyleOptionToolBox &other) : QStyleOption(Version, Type) { *this = [01;35m[Kother[m[K; }
[3.189s]       |                                                                                                   [01;35m[K^~~~~[m[K
[3.190s] [01m[K/usr/include/x86_64-linux-gnu/qt5/QtWidgets/qstyleoption.h:473:5:[m[K [01;36m[Knote: [m[Kbecause ‘[01m[KQStyleOptionToolBox[m[K’ has user-provided ‘[01m[KQStyleOptionToolBox::QStyleOptionToolBox(const QStyleOptionToolBox&)[m[K’
[3.190s]   473 |     [01;36m[KQStyleOptionToolBox[m[K(const QStyleOptionToolBox &other) : QStyleOption(Version, Type) { *this = other; }
[3.190s]       |     [01;36m[K^~~~~~~~~~~~~~~~~~~[m[K
[3.190s] [01m[K/usr/include/x86_64-linux-gnu/qt5/QtWidgets/qstyleoption.h:[m[K In copy constructor ‘[01m[KQStyleOptionRubberBand::QStyleOptionRubberBand(const QStyleOptionRubberBand&)[m[K’:
[3.190s] [01m[K/usr/include/x86_64-linux-gnu/qt5/QtWidgets/qstyleoption.h:492:105:[m[K [01;35m[Kwarning: [m[Kimplicitly-declared ‘[01m[KQStyleOptionRubberBand& QStyleOptionRubberBand::operator=(const QStyleOptionRubberBand&)[m[K’ is deprecated [[01;35m[K-Wdeprecated-copy[m[K]
[3.190s]   492 |     QStyleOptionRubberBand(const QStyleOptionRubberBand &other) : QStyleOption(Version, Type) { *this = [01;35m[Kother[m[K; }
[3.190s]       |                                                                                                         [01;35m[K^~~~~[m[K
[3.190s] [01m[K/usr/include/x86_64-linux-gnu/qt5/QtWidgets/qstyleoption.h:492:5:[m[K [01;36m[Knote: [m[Kbecause ‘[01m[KQStyleOptionRubberBand[m[K’ has user-provided ‘[01m[KQStyleOptionRubberBand::QStyleOptionRubberBand(const QStyleOptionRubberBand&)[m[K’
[3.190s]   492 |     [01;36m[KQStyleOptionRubberBand[m[K(const QStyleOptionRubberBand &other) : QStyleOption(Version, Type) { *this = other; }
[3.190s]       |     [01;36m[K^~~~~~~~~~~~~~~~~~~~~~[m[K
[3.190s] [01m[K/usr/include/x86_64-linux-gnu/qt5/QtWidgets/qstyleoption.h:[m[K In copy constructor ‘[01m[KQStyleOptionComplex::QStyleOptionComplex(const QStyleOptionComplex&)[m[K’:
[3.190s] [01m[K/usr/include/x86_64-linux-gnu/qt5/QtWidgets/qstyleoption.h:510:99:[m[K [01;35m[Kwarning: [m[Kimplicitly-declared ‘[01m[KQStyleOptionComplex& QStyleOptionComplex::operator=(const QStyleOptionComplex&)[m[K’ is deprecated [[01;35m[K-Wdeprecated-copy[m[K]
[3.190s]   510 |     QStyleOptionComplex(const QStyleOptionComplex &other) : QStyleOption(Version, Type) { *this = [01;35m[Kother[m[K; }
[3.190s]       |                                                                                                   [01;35m[K^~~~~[m[K
[3.191s] [01m[K/usr/include/x86_64-linux-gnu/qt5/QtWidgets/qstyleoption.h:510:5:[m[K [01;36m[Knote: [m[Kbecause ‘[01m[KQStyleOptionComplex[m[K’ has user-provided ‘[01m[KQStyleOptionComplex::QStyleOptionComplex(const QStyleOptionComplex&)[m[K’
[3.191s]   510 |     [01;36m[KQStyleOptionComplex[m[K(const QStyleOptionComplex &other) : QStyleOption(Version, Type) { *this = other; }
[3.191s]       |     [01;36m[K^~~~~~~~~~~~~~~~~~~[m[K
[3.191s] [01m[K/usr/include/x86_64-linux-gnu/qt5/QtWidgets/qstyleoption.h:[m[K In copy constructor ‘[01m[KQStyleOptionSlider::QStyleOptionSlider(const QStyleOptionSlider&)[m[K’:
[3.191s] [01m[K/usr/include/x86_64-linux-gnu/qt5/QtWidgets/qstyleoption.h:534:104:[m[K [01;35m[Kwarning: [m[Kimplicitly-declared ‘[01m[KQStyleOptionSlider& QStyleOptionSlider::operator=(const QStyleOptionSlider&)[m[K’ is deprecated [[01;35m[K-Wdeprecated-copy[m[K]
[3.191s]   534 |     QStyleOptionSlider(const QStyleOptionSlider &other) : QStyleOptionComplex(Version, Type) { *this = [01;35m[Kother[m[K; }
[3.191s]       |                                                                                                        [01;35m[K^~~~~[m[K
[3.191s] [01m[K/usr/include/x86_64-linux-gnu/qt5/QtWidgets/qstyleoption.h:534:5:[m[K [01;36m[Knote: [m[Kbecause ‘[01m[KQStyleOptionSlider[m[K’ has user-provided ‘[01m[KQStyleOptionSlider::QStyleOptionSlider(const QStyleOptionSlider&)[m[K’
[3.191s]   534 |     [01;36m[KQStyleOptionSlider[m[K(const QStyleOptionSlider &other) : QStyleOptionComplex(Version, Type) { *this = other; }
[3.191s]       |     [01;36m[K^~~~~~~~~~~~~~~~~~[m[K
[3.191s] [01m[K/usr/include/x86_64-linux-gnu/qt5/QtWidgets/qstyleoption.h:[m[K In member function ‘[01m[KQStyleOptionSlider& QStyleOptionSlider::operator=(const QStyleOptionSlider&)[m[K’:
[3.191s] [01m[K/usr/include/x86_64-linux-gnu/qt5/QtWidgets/qstyleoption.h:514:24:[m[K [01;35m[Kwarning: [m[Kimplicitly-declared ‘[01m[KQStyleOptionComplex& QStyleOptionComplex::operator=(const QStyleOptionComplex&)[m[K’ is deprecated [[01;35m[K-Wdeprecated-copy[m[K]
[3.191s]   514 | class Q_WIDGETS_EXPORT [01;35m[KQStyleOptionSlider[m[K : public QStyleOptionComplex
[3.191s]       |                        [01;35m[K^~~~~~~~~~~~~~~~~~[m[K
[3.191s] [01m[K/usr/include/x86_64-linux-gnu/qt5/QtWidgets/qstyleoption.h:510:5:[m[K [01;36m[Knote: [m[Kbecause ‘[01m[KQStyleOptionComplex[m[K’ has user-provided ‘[01m[KQStyleOptionComplex::QStyleOptionComplex(const QStyleOptionComplex&)[m[K’
[3.192s]   510 |     [01;36m[KQStyleOptionComplex[m[K(const QStyleOptionComplex &other) : QStyleOption(Version, Type) { *this = other; }
[3.192s]       |     [01;36m[K^~~~~~~~~~~~~~~~~~~[m[K
[3.192s] [01m[K/usr/include/x86_64-linux-gnu/qt5/QtWidgets/qstyleoption.h:[m[K In copy constructor ‘[01m[KQStyleOptionSlider::QStyleOptionSlider(const QStyleOptionSlider&)[m[K’:
[3.192s] [01m[K/usr/include/x86_64-linux-gnu/qt5/QtWidgets/qstyleoption.h:534:104:[m[K [01;36m[Knote: [m[Ksynthesized method ‘[01m[KQStyleOptionSlider& QStyleOptionSlider::operator=(const QStyleOptionSlider&)[m[K’ first required here
[3.192s]   534 |     QStyleOptionSlider(const QStyleOptionSlider &other) : QStyleOptionComplex(Version, Type) { *this = [01;36m[Kother[m[K; }
[3.192s]       |                                                                                                        [01;36m[K^~~~~[m[K
[3.192s] [01m[K/usr/include/x86_64-linux-gnu/qt5/QtWidgets/qstyleoption.h:[m[K In copy constructor ‘[01m[KQStyleOptionSpinBox::QStyleOptionSpinBox(const QStyleOptionSpinBox&)[m[K’:
[3.192s] [01m[K/usr/include/x86_64-linux-gnu/qt5/QtWidgets/qstyleoption.h:553:106:[m[K [01;35m[Kwarning: [m[Kimplicitly-declared ‘[01m[KQStyleOptionSpinBox& QStyleOptionSpinBox::operator=(const QStyleOptionSpinBox&)[m[K’ is deprecated [[01;35m[K-Wdeprecated-copy[m[K]
[3.192s]   553 |     QStyleOptionSpinBox(const QStyleOptionSpinBox &other) : QStyleOptionComplex(Version, Type) { *this = [01;35m[Kother[m[K; }
[3.192s]       |                                                                                                          [01;35m[K^~~~~[m[K
[3.192s] [01m[K/usr/include/x86_64-linux-gnu/qt5/QtWidgets/qstyleoption.h:553:5:[m[K [01;36m[Knote: [m[Kbecause ‘[01m[KQStyleOptionSpinBox[m[K’ has user-provided ‘[01m[KQStyleOptionSpinBox::QStyleOptionSpinBox(const QStyleOptionSpinBox&)[m[K’
[3.192s]   553 |     [01;36m[KQStyleOptionSpinBox[m[K(const QStyleOptionSpinBox &other) : QStyleOptionComplex(Version, Type) { *this = other; }
[3.192s]       |     [01;36m[K^~~~~~~~~~~~~~~~~~~[m[K
[3.192s] [01m[K/usr/include/x86_64-linux-gnu/qt5/QtWidgets/qstyleoption.h:[m[K In member function ‘[01m[KQStyleOptionSpinBox& QStyleOptionSpinBox::operator=(const QStyleOptionSpinBox&)[m[K’:
[3.192s] [01m[K/usr/include/x86_64-linux-gnu/qt5/QtWidgets/qstyleoption.h:542:24:[m[K [01;35m[Kwarning: [m[Kimplicitly-declared ‘[01m[KQStyleOptionComplex& QStyleOptionComplex::operator=(const QStyleOptionComplex&)[m[K’ is deprecated [[01;35m[K-Wdeprecated-copy[m[K]
[3.192s]   542 | class Q_WIDGETS_EXPORT [01;35m[KQStyleOptionSpinBox[m[K : public QStyleOptionComplex
[3.193s]       |                        [01;35m[K^~~~~~~~~~~~~~~~~~~[m[K
[3.193s] [01m[K/usr/include/x86_64-linux-gnu/qt5/QtWidgets/qstyleoption.h:510:5:[m[K [01;36m[Knote: [m[Kbecause ‘[01m[KQStyleOptionComplex[m[K’ has user-provided ‘[01m[KQStyleOptionComplex::QStyleOptionComplex(const QStyleOptionComplex&)[m[K’
[3.193s]   510 |     [01;36m[KQStyleOptionComplex[m[K(const QStyleOptionComplex &other) : QStyleOption(Version, Type) { *this = other; }
[3.193s]       |     [01;36m[K^~~~~~~~~~~~~~~~~~~[m[K
[3.193s] [01m[K/usr/include/x86_64-linux-gnu/qt5/QtWidgets/qstyleoption.h:[m[K In copy constructor ‘[01m[KQStyleOptionSpinBox::QStyleOptionSpinBox(const QStyleOptionSpinBox&)[m[K’:
[3.193s] [01m[K/usr/include/x86_64-linux-gnu/qt5/QtWidgets/qstyleoption.h:553:106:[m[K [01;36m[Knote: [m[Ksynthesized method ‘[01m[KQStyleOptionSpinBox& QStyleOptionSpinBox::operator=(const QStyleOptionSpinBox&)[m[K’ first required here
[3.193s]   553 |     QStyleOptionSpinBox(const QStyleOptionSpinBox &other) : QStyleOptionComplex(Version, Type) { *this = [01;36m[Kother[m[K; }
[3.193s]       |                                                                                                          [01;36m[K^~~~~[m[K
[3.193s] [01m[K/usr/include/x86_64-linux-gnu/qt5/QtWidgets/qstyleoption.h:[m[K In copy constructor ‘[01m[KQStyleOptionToolButton::QStyleOptionToolButton(const QStyleOptionToolButton&)[m[K’:
[3.193s] [01m[K/usr/include/x86_64-linux-gnu/qt5/QtWidgets/qstyleoption.h:580:112:[m[K [01;35m[Kwarning: [m[Kimplicitly-declared ‘[01m[KQStyleOptionToolButton& QStyleOptionToolButton::operator=(const QStyleOptionToolButton&)[m[K’ is deprecated [[01;35m[K-Wdeprecated-copy[m[K]
[3.193s]   580 |     QStyleOptionToolButton(const QStyleOptionToolButton &other) : QStyleOptionComplex(Version, Type) { *this = [01;35m[Kother[m[K; }
[3.193s]       |                                                                                                                [01;35m[K^~~~~[m[K
[3.193s] [01m[K/usr/include/x86_64-linux-gnu/qt5/QtWidgets/qstyleoption.h:580:5:[m[K [01;36m[Knote: [m[Kbecause ‘[01m[KQStyleOptionToolButton[m[K’ has user-provided ‘[01m[KQStyleOptionToolButton::QStyleOptionToolButton(const QStyleOptionToolButton&)[m[K’
[3.194s]   580 |     [01;36m[KQStyleOptionToolButton[m[K(const QStyleOptionToolButton &other) : QStyleOptionComplex(Version, Type) { *this = other; }
[3.194s]       |     [01;36m[K^~~~~~~~~~~~~~~~~~~~~~[m[K
[3.194s] [01m[K/usr/include/x86_64-linux-gnu/qt5/QtWidgets/qstyleoption.h:[m[K In member function ‘[01m[KQStyleOptionToolButton& QStyleOptionToolButton::operator=(const QStyleOptionToolButton&)[m[K’:
[3.194s] [01m[K/usr/include/x86_64-linux-gnu/qt5/QtWidgets/qstyleoption.h:560:24:[m[K [01;35m[Kwarning: [m[Kimplicitly-declared ‘[01m[KQStyleOptionComplex& QStyleOptionComplex::operator=(const QStyleOptionComplex&)[m[K’ is deprecated [[01;35m[K-Wdeprecated-copy[m[K]
[3.194s]   560 | class Q_WIDGETS_EXPORT [01;35m[KQStyleOptionToolButton[m[K : public QStyleOptionComplex
[3.194s]       |                        [01;35m[K^~~~~~~~~~~~~~~~~~~~~~[m[K
[3.194s] [01m[K/usr/include/x86_64-linux-gnu/qt5/QtWidgets/qstyleoption.h:510:5:[m[K [01;36m[Knote: [m[Kbecause ‘[01m[KQStyleOptionComplex[m[K’ has user-provided ‘[01m[KQStyleOptionComplex::QStyleOptionComplex(const QStyleOptionComplex&)[m[K’
[3.194s]   510 |     [01;36m[KQStyleOptionComplex[m[K(const QStyleOptionComplex &other) : QStyleOption(Version, Type) { *this = other; }
[3.194s]       |     [01;36m[K^~~~~~~~~~~~~~~~~~~[m[K
[3.194s] [01m[K/usr/include/x86_64-linux-gnu/qt5/QtWidgets/qstyleoption.h:[m[K In copy constructor ‘[01m[KQStyleOptionToolButton::QStyleOptionToolButton(const QStyleOptionToolButton&)[m[K’:
[3.194s] [01m[K/usr/include/x86_64-linux-gnu/qt5/QtWidgets/qstyleoption.h:580:112:[m[K [01;36m[Knote: [m[Ksynthesized method ‘[01m[KQStyleOptionToolButton& QStyleOptionToolButton::operator=(const QStyleOptionToolButton&)[m[K’ first required here
[3.194s]   580 |     QStyleOptionToolButton(const QStyleOptionToolButton &other) : QStyleOptionComplex(Version, Type) { *this = [01;36m[Kother[m[K; }
[3.195s]       |                                                                                                                [01;36m[K^~~~~[m[K
[3.195s] [01m[K/usr/include/x86_64-linux-gnu/qt5/QtWidgets/qstyleoption.h:[m[K In copy constructor ‘[01m[KQStyleOptionComboBox::QStyleOptionComboBox(const QStyleOptionComboBox&)[m[K’:
[3.195s] [01m[K/usr/include/x86_64-linux-gnu/qt5/QtWidgets/qstyleoption.h:602:108:[m[K [01;35m[Kwarning: [m[Kimplicitly-declared ‘[01m[KQStyleOptionComboBox& QStyleOptionComboBox::operator=(const QStyleOptionComboBox&)[m[K’ is deprecated [[01;35m[K-Wdeprecated-copy[m[K]
[3.195s]   602 |     QStyleOptionComboBox(const QStyleOptionComboBox &other) : QStyleOptionComplex(Version, Type) { *this = [01;35m[Kother[m[K; }
[3.195s]       |                                                                                                            [01;35m[K^~~~~[m[K
[3.195s] [01m[K/usr/include/x86_64-linux-gnu/qt5/QtWidgets/qstyleoption.h:602:5:[m[K [01;36m[Knote: [m[Kbecause ‘[01m[KQStyleOptionComboBox[m[K’ has user-provided ‘[01m[KQStyleOptionComboBox::QStyleOptionComboBox(const QStyleOptionComboBox&)[m[K’
[3.195s]   602 |     [01;36m[KQStyleOptionComboBox[m[K(const QStyleOptionComboBox &other) : QStyleOptionComplex(Version, Type) { *this = other; }
[3.195s]       |     [01;36m[K^~~~~~~~~~~~~~~~~~~~[m[K
[3.195s] [01m[K/usr/include/x86_64-linux-gnu/qt5/QtWidgets/qstyleoption.h:[m[K In member function ‘[01m[KQStyleOptionComboBox& QStyleOptionComboBox::operator=(const QStyleOptionComboBox&)[m[K’:
[3.195s] [01m[K/usr/include/x86_64-linux-gnu/qt5/QtWidgets/qstyleoption.h:588:24:[m[K [01;35m[Kwarning: [m[Kimplicitly-declared ‘[01m[KQStyleOptionComplex& QStyleOptionComplex::operator=(const QStyleOptionComplex&)[m[K’ is deprecated [[01;35m[K-Wdeprecated-copy[m[K]
[3.195s]   588 | class Q_WIDGETS_EXPORT [01;35m[KQStyleOptionComboBox[m[K : public QStyleOptionComplex
[3.195s]       |                        [01;35m[K^~~~~~~~~~~~~~~~~~~~[m[K
[3.195s] [01m[K/usr/include/x86_64-linux-gnu/qt5/QtWidgets/qstyleoption.h:510:5:[m[K [01;36m[Knote: [m[Kbecause ‘[01m[KQStyleOptionComplex[m[K’ has user-provided ‘[01m[KQStyleOptionComplex::QStyleOptionComplex(const QStyleOptionComplex&)[m[K’
[3.195s]   510 |     [01;36m[KQStyleOptionComplex[m[K(const QStyleOptionComplex &other) : QStyleOption(Version, Type) { *this = other; }
[3.195s]       |     [01;36m[K^~~~~~~~~~~~~~~~~~~[m[K
[3.195s] [01m[K/usr/include/x86_64-linux-gnu/qt5/QtWidgets/qstyleoption.h:[m[K In copy constructor ‘[01m[KQStyleOptionComboBox::QStyleOptionComboBox(const QStyleOptionComboBox&)[m[K’:
[3.196s] [01m[K/usr/include/x86_64-linux-gnu/qt5/QtWidgets/qstyleoption.h:602:108:[m[K [01;36m[Knote: [m[Ksynthesized method ‘[01m[KQStyleOptionComboBox& QStyleOptionComboBox::operator=(const QStyleOptionComboBox&)[m[K’ first required here
[3.196s]   602 |     QStyleOptionComboBox(const QStyleOptionComboBox &other) : QStyleOptionComplex(Version, Type) { *this = [01;36m[Kother[m[K; }
[3.196s]       |                                                                                                            [01;36m[K^~~~~[m[K
[3.196s] [01m[K/usr/include/x86_64-linux-gnu/qt5/QtWidgets/qstyleoption.h:[m[K In copy constructor ‘[01m[KQStyleOptionTitleBar::QStyleOptionTitleBar(const QStyleOptionTitleBar&)[m[K’:
[3.196s] [01m[K/usr/include/x86_64-linux-gnu/qt5/QtWidgets/qstyleoption.h:620:108:[m[K [01;35m[Kwarning: [m[Kimplicitly-declared ‘[01m[KQStyleOptionTitleBar& QStyleOptionTitleBar::operator=(const QStyleOptionTitleBar&)[m[K’ is deprecated [[01;35m[K-Wdeprecated-copy[m[K]
[3.196s]   620 |     QStyleOptionTitleBar(const QStyleOptionTitleBar &other) : QStyleOptionComplex(Version, Type) { *this = [01;35m[Kother[m[K; }
[3.196s]       |                                                                                                            [01;35m[K^~~~~[m[K
[3.196s] [01m[K/usr/include/x86_64-linux-gnu/qt5/QtWidgets/qstyleoption.h:620:5:[m[K [01;36m[Knote: [m[Kbecause ‘[01m[KQStyleOptionTitleBar[m[K’ has user-provided ‘[01m[KQStyleOptionTitleBar::QStyleOptionTitleBar(const QStyleOptionTitleBar&)[m[K’
[3.196s]   620 |     [01;36m[KQStyleOptionTitleBar[m[K(const QStyleOptionTitleBar &other) : QStyleOptionComplex(Version, Type) { *this = other; }
[3.196s]       |     [01;36m[K^~~~~~~~~~~~~~~~~~~~[m[K
[3.196s] [01m[K/usr/include/x86_64-linux-gnu/qt5/QtWidgets/qstyleoption.h:[m[K In member function ‘[01m[KQStyleOptionTitleBar& QStyleOptionTitleBar::operator=(const QStyleOptionTitleBar&)[m[K’:
[3.196s] [01m[K/usr/include/x86_64-linux-gnu/qt5/QtWidgets/qstyleoption.h:608:24:[m[K [01;35m[Kwarning: [m[Kimplicitly-declared ‘[01m[KQStyleOptionComplex& QStyleOptionComplex::operator=(const QStyleOptionComplex&)[m[K’ is deprecated [[01;35m[K-Wdeprecated-copy[m[K]
[3.196s]   608 | class Q_WIDGETS_EXPORT [01;35m[KQStyleOptionTitleBar[m[K : public QStyleOptionComplex
[3.196s]       |                        [01;35m[K^~~~~~~~~~~~~~~~~~~~[m[K
[3.196s] [01m[K/usr/include/x86_64-linux-gnu/qt5/QtWidgets/qstyleoption.h:510:5:[m[K [01;36m[Knote: [m[Kbecause ‘[01m[KQStyleOptionComplex[m[K’ has user-provided ‘[01m[KQStyleOptionComplex::QStyleOptionComplex(const QStyleOptionComplex&)[m[K’
[3.196s]   510 |     [01;36m[KQStyleOptionComplex[m[K(const QStyleOptionComplex &other) : QStyleOption(Version, Type) { *this = other; }
[3.196s]       |     [01;36m[K^~~~~~~~~~~~~~~~~~~[m[K
[3.196s] [01m[K/usr/include/x86_64-linux-gnu/qt5/QtWidgets/qstyleoption.h:[m[K In copy constructor ‘[01m[KQStyleOptionTitleBar::QStyleOptionTitleBar(const QStyleOptionTitleBar&)[m[K’:
[3.196s] [01m[K/usr/include/x86_64-linux-gnu/qt5/QtWidgets/qstyleoption.h:620:108:[m[K [01;36m[Knote: [m[Ksynthesized method ‘[01m[KQStyleOptionTitleBar& QStyleOptionTitleBar::operator=(const QStyleOptionTitleBar&)[m[K’ first required here
[3.197s]   620 |     QStyleOptionTitleBar(const QStyleOptionTitleBar &other) : QStyleOptionComplex(Version, Type) { *this = [01;36m[Kother[m[K; }
[3.197s]       |                                                                                                            [01;36m[K^~~~~[m[K
[3.197s] [01m[K/usr/include/x86_64-linux-gnu/qt5/QtWidgets/qstyleoption.h:[m[K In copy constructor ‘[01m[KQStyleOptionGroupBox::QStyleOptionGroupBox(const QStyleOptionGroupBox&)[m[K’:
[3.197s] [01m[K/usr/include/x86_64-linux-gnu/qt5/QtWidgets/qstyleoption.h:640:108:[m[K [01;35m[Kwarning: [m[Kimplicitly-declared ‘[01m[KQStyleOptionGroupBox& QStyleOptionGroupBox::operator=(const QStyleOptionGroupBox&)[m[K’ is deprecated [[01;35m[K-Wdeprecated-copy[m[K]
[3.197s]   640 |     QStyleOptionGroupBox(const QStyleOptionGroupBox &other) : QStyleOptionComplex(Version, Type) { *this = [01;35m[Kother[m[K; }
[3.197s]       |                                                                                                            [01;35m[K^~~~~[m[K
[3.197s] [01m[K/usr/include/x86_64-linux-gnu/qt5/QtWidgets/qstyleoption.h:640:5:[m[K [01;36m[Knote: [m[Kbecause ‘[01m[KQStyleOptionGroupBox[m[K’ has user-provided ‘[01m[KQStyleOptionGroupBox::QStyleOptionGroupBox(const QStyleOptionGroupBox&)[m[K’
[3.197s]   640 |     [01;36m[KQStyleOptionGroupBox[m[K(const QStyleOptionGroupBox &other) : QStyleOptionComplex(Version, Type) { *this = other; }
[3.197s]       |     [01;36m[K^~~~~~~~~~~~~~~~~~~~[m[K
[3.197s] [01m[K/usr/include/x86_64-linux-gnu/qt5/QtWidgets/qstyleoption.h:[m[K In member function ‘[01m[KQStyleOptionGroupBox& QStyleOptionGroupBox::operator=(const QStyleOptionGroupBox&)[m[K’:
[3.197s] [01m[K/usr/include/x86_64-linux-gnu/qt5/QtWidgets/qstyleoption.h:626:24:[m[K [01;35m[Kwarning: [m[Kimplicitly-declared ‘[01m[KQStyleOptionComplex& QStyleOptionComplex::operator=(const QStyleOptionComplex&)[m[K’ is deprecated [[01;35m[K-Wdeprecated-copy[m[K]
[3.197s]   626 | class Q_WIDGETS_EXPORT [01;35m[KQStyleOptionGroupBox[m[K : public QStyleOptionComplex
[3.197s]       |                        [01;35m[K^~~~~~~~~~~~~~~~~~~~[m[K
[3.197s] [01m[K/usr/include/x86_64-linux-gnu/qt5/QtWidgets/qstyleoption.h:510:5:[m[K [01;36m[Knote: [m[Kbecause ‘[01m[KQStyleOptionComplex[m[K’ has user-provided ‘[01m[KQStyleOptionComplex::QStyleOptionComplex(const QStyleOptionComplex&)[m[K’
[3.197s]   510 |     [01;36m[KQStyleOptionComplex[m[K(const QStyleOptionComplex &other) : QStyleOption(Version, Type) { *this = other; }
[3.197s]       |     [01;36m[K^~~~~~~~~~~~~~~~~~~[m[K
[3.197s] [01m[K/usr/include/x86_64-linux-gnu/qt5/QtWidgets/qstyleoption.h:[m[K In copy constructor ‘[01m[KQStyleOptionGroupBox::QStyleOptionGroupBox(const QStyleOptionGroupBox&)[m[K’:
[3.197s] [01m[K/usr/include/x86_64-linux-gnu/qt5/QtWidgets/qstyleoption.h:640:108:[m[K [01;36m[Knote: [m[Ksynthesized method ‘[01m[KQStyleOptionGroupBox& QStyleOptionGroupBox::operator=(const QStyleOptionGroupBox&)[m[K’ first required here
[3.197s]   640 |     QStyleOptionGroupBox(const QStyleOptionGroupBox &other) : QStyleOptionComplex(Version, Type) { *this = [01;36m[Kother[m[K; }
[3.198s]       |                                                                                                            [01;36m[K^~~~~[m[K
[3.198s] [01m[K/usr/include/x86_64-linux-gnu/qt5/QtWidgets/qstyleoption.h:[m[K In copy constructor ‘[01m[KQStyleOptionSizeGrip::QStyleOptionSizeGrip(const QStyleOptionSizeGrip&)[m[K’:
[3.198s] [01m[K/usr/include/x86_64-linux-gnu/qt5/QtWidgets/qstyleoption.h:654:108:[m[K [01;35m[Kwarning: [m[Kimplicitly-declared ‘[01m[KQStyleOptionSizeGrip& QStyleOptionSizeGrip::operator=(const QStyleOptionSizeGrip&)[m[K’ is deprecated [[01;35m[K-Wdeprecated-copy[m[K]
[3.198s]   654 |     QStyleOptionSizeGrip(const QStyleOptionSizeGrip &other) : QStyleOptionComplex(Version, Type) { *this = [01;35m[Kother[m[K; }
[3.198s]       |                                                                                                            [01;35m[K^~~~~[m[K
[3.198s] [01m[K/usr/include/x86_64-linux-gnu/qt5/QtWidgets/qstyleoption.h:654:5:[m[K [01;36m[Knote: [m[Kbecause ‘[01m[KQStyleOptionSizeGrip[m[K’ has user-provided ‘[01m[KQStyleOptionSizeGrip::QStyleOptionSizeGrip(const QStyleOptionSizeGrip&)[m[K’
[3.198s]   654 |     [01;36m[KQStyleOptionSizeGrip[m[K(const QStyleOptionSizeGrip &other) : QStyleOptionComplex(Version, Type) { *this = other; }
[3.198s]       |     [01;36m[K^~~~~~~~~~~~~~~~~~~~[m[K
[3.198s] [01m[K/usr/include/x86_64-linux-gnu/qt5/QtWidgets/qstyleoption.h:[m[K In member function ‘[01m[KQStyleOptionSizeGrip& QStyleOptionSizeGrip::operator=(const QStyleOptionSizeGrip&)[m[K’:
[3.198s] [01m[K/usr/include/x86_64-linux-gnu/qt5/QtWidgets/qstyleoption.h:645:24:[m[K [01;35m[Kwarning: [m[Kimplicitly-declared ‘[01m[KQStyleOptionComplex& QStyleOptionComplex::operator=(const QStyleOptionComplex&)[m[K’ is deprecated [[01;35m[K-Wdeprecated-copy[m[K]
[3.198s]   645 | class Q_WIDGETS_EXPORT [01;35m[KQStyleOptionSizeGrip[m[K : public QStyleOptionComplex
[3.198s]       |                        [01;35m[K^~~~~~~~~~~~~~~~~~~~[m[K
[3.198s] [01m[K/usr/include/x86_64-linux-gnu/qt5/QtWidgets/qstyleoption.h:510:5:[m[K [01;36m[Knote: [m[Kbecause ‘[01m[KQStyleOptionComplex[m[K’ has user-provided ‘[01m[KQStyleOptionComplex::QStyleOptionComplex(const QStyleOptionComplex&)[m[K’
[3.198s]   510 |     [01;36m[KQStyleOptionComplex[m[K(const QStyleOptionComplex &other) : QStyleOption(Version, Type) { *this = other; }
[3.198s]       |     [01;36m[K^~~~~~~~~~~~~~~~~~~[m[K
[3.198s] [01m[K/usr/include/x86_64-linux-gnu/qt5/QtWidgets/qstyleoption.h:[m[K In copy constructor ‘[01m[KQStyleOptionSizeGrip::QStyleOptionSizeGrip(const QStyleOptionSizeGrip&)[m[K’:
[3.198s] [01m[K/usr/include/x86_64-linux-gnu/qt5/QtWidgets/qstyleoption.h:654:108:[m[K [01;36m[Knote: [m[Ksynthesized method ‘[01m[KQStyleOptionSizeGrip& QStyleOptionSizeGrip::operator=(const QStyleOptionSizeGrip&)[m[K’ first required here
[3.198s]   654 |     QStyleOptionSizeGrip(const QStyleOptionSizeGrip &other) : QStyleOptionComplex(Version, Type) { *this = [01;36m[Kother[m[K; }
[3.199s]       |                                                                                                            [01;36m[K^~~~~[m[K
[3.199s] [01m[K/usr/include/x86_64-linux-gnu/qt5/QtWidgets/qstyleoption.h:[m[K In copy constructor ‘[01m[KQStyleOptionGraphicsItem::QStyleOptionGraphicsItem(const QStyleOptionGraphicsItem&)[m[K’:
[3.199s] [01m[K/usr/include/x86_64-linux-gnu/qt5/QtWidgets/qstyleoption.h:670:109:[m[K [01;35m[Kwarning: [m[Kimplicitly-declared ‘[01m[KQStyleOptionGraphicsItem& QStyleOptionGraphicsItem::operator=(const QStyleOptionGraphicsItem&)[m[K’ is deprecated [[01;35m[K-Wdeprecated-copy[m[K]
[3.199s]   670 |     QStyleOptionGraphicsItem(const QStyleOptionGraphicsItem &other) : QStyleOption(Version, Type) { *this = [01;35m[Kother[m[K; }
[3.199s]       |                                                                                                             [01;35m[K^~~~~[m[K
[3.199s] [01m[K/usr/include/x86_64-linux-gnu/qt5/QtWidgets/qstyleoption.h:670:5:[m[K [01;36m[Knote: [m[Kbecause ‘[01m[KQStyleOptionGraphicsItem[m[K’ has user-provided ‘[01m[KQStyleOptionGraphicsItem::QStyleOptionGraphicsItem(const QStyleOptionGraphicsItem&)[m[K’
[3.199s]   670 |     [01;36m[KQStyleOptionGraphicsItem[m[K(const QStyleOptionGraphicsItem &other) : QStyleOption(Version, Type) { *this = other; }
[3.199s]       |     [01;36m[K^~~~~~~~~~~~~~~~~~~~~~~~[m[K
[5.348s] [ 83%] [32m[1mLinking CXX static library libmainwindow_lib.a[0m
[5.390s] [ 90%] Built target mainwindow_lib
[5.390s] make: *** [Makefile:146: all] Error 2
[5.391s] Invoked command in '/home/dongju/camel-amr-projects/build/amr-main-pkg' returned '2': CMAKE_PREFIX_PATH=/home/dongju/camel-amr-projects/install/amr_msg_interfaces:/home/dongju/camel-amr-projects/install/amr-main-pkg:/home/dongju/camel-amr-projects/install/amr-obstacle-pkg:/home/dongju/camel-amr-projects/install/amr-gazebo-pkg:/opt/ros/foxy LD_LIBRARY_PATH=/home/dongju/camel-amr-projects/install/amr_msg_interfaces/lib:/usr/lib/x86_64-linux-gnu/gazebo-11/plugins:/opt/ros/foxy/opt/yaml_cpp_vendor/lib:/opt/ros/foxy/opt/rviz_ogre_vendor/lib:/opt/ros/foxy/lib/x86_64-linux-gnu:/opt/ros/foxy/lib:home/dongju/raisimLib/install/lib PYTHONPATH=/home/dongju/camel-amr-projects/install/amr_msg_interfaces/lib/python3.8/site-packages:/opt/ros/foxy/lib/python3.8/site-packages:home/dongju/raisimLib/install/lib /usr/local/bin/cmake --build /home/dongju/camel-amr-projects/build/amr-main-pkg -- -j10 -l10
