[35m[1mConsolidate compiler generated dependencies of target astar_lib[0m
[35m[1mConsolidate compiler generated dependencies of target clusteringDynamicObs_lib[0m
[35m[1mConsolidate compiler generated dependencies of target dynamicObstacle_lib[0m
[35m[1mConsolidate compiler generated dependencies of target obsDetection_lib[0m
[35m[1mConsolidate compiler generated dependencies of target visualize_lib[0m
[ 25%] Built target astar_lib
[ 25%] [32mBuilding CXX object CMakeFiles/clusteringDynamicObs_lib.dir/src/ClusteringDynamicObs/ClusteringDynamicObs.cpp.o[0m
[ 41%] Built target obsDetection_lib
[ 58%] Built target dynamicObstacle_lib
[ 75%] Built target visualize_lib
[01m[K/home/sangjun/camel-amr-projects-V1/src/amr-main-pkg/src/ClusteringDynamicObs/ClusteringDynamicObs.cpp:[m[K In member function ‘[01m[Kvoid ClusteringDynamicObs::UpdateDynamicObstacle(std::vector<float>&, std::vector<std::vector<int> >&, double, double, double, int)[m[K’:
[01m[K/home/sangjun/camel-amr-projects-V1/src/amr-main-pkg/src/ClusteringDynamicObs/ClusteringDynamicObs.cpp:57:5:[m[K [01;31m[Kerror: [m[K‘[01m[KdurationInMillis[m[K’ was not declared in this scope; did you mean ‘[01m[KdurationInt[m[K’?
   57 |     [01;31m[KdurationInMillis[m[K = duration.count();
      |     [01;31m[K^~~~~~~~~~~~~~~~[m[K
      |     [32m[KdurationInt[m[K
[01m[K/home/sangjun/camel-amr-projects-V1/src/amr-main-pkg/src/ClusteringDynamicObs/ClusteringDynamicObs.cpp:[m[K In member function ‘[01m[Kvoid ClusteringDynamicObs::ClusteringDynamicObstacle()[m[K’:
[01m[K/home/sangjun/camel-amr-projects-V1/src/amr-main-pkg/src/ClusteringDynamicObs/ClusteringDynamicObs.cpp:94:24:[m[K [01;35m[Kwarning: [m[Kcomparison of integer expressions of different signedness: ‘[01m[Kint[m[K’ and ‘[01m[Kstd::vector<int>::size_type[m[K’ {aka ‘[01m[Klong unsigned int[m[K’} [[01;35m[K-Wsign-compare[m[K]
   94 |     for (int i = 0 ; [01;35m[Ki < LabelingStack.size()[m[K ; i++)
      |                      [01;35m[K~~^~~~~~~~~~~~~~~~~~~~~~[m[K
[01m[K/home/sangjun/camel-amr-projects-V1/src/amr-main-pkg/src/ClusteringDynamicObs/ClusteringDynamicObs.cpp:102:24:[m[K [01;35m[Kwarning: [m[Kcomparison of integer expressions of different signedness: ‘[01m[Kint[m[K’ and ‘[01m[Kstd::vector<std::pair<std::pair<int, int>, std::pair<int, int> > >::size_type[m[K’ {aka ‘[01m[Klong unsigned int[m[K’} [[01;35m[K-Wsign-compare[m[K]
  102 |     for (int i = 0 ; [01;35m[Ki < LabelingArray.size()[m[K ; i++)
      |                      [01;35m[K~~^~~~~~~~~~~~~~~~~~~~~~[m[K
[01m[K/home/sangjun/camel-amr-projects-V1/src/amr-main-pkg/src/ClusteringDynamicObs/ClusteringDynamicObs.cpp:[m[K In member function ‘[01m[Kvoid ClusteringDynamicObs::ConnectObs(int, int)[m[K’:
[01m[K/home/sangjun/camel-amr-projects-V1/src/amr-main-pkg/src/ClusteringDynamicObs/ClusteringDynamicObs.cpp:131:24:[m[K [01;35m[Kwarning: [m[Kcomparison of integer expressions of different signedness: ‘[01m[Kint[m[K’ and ‘[01m[Kstd::vector<std::pair<std::pair<int, int>, std::pair<int, int> > >::size_type[m[K’ {aka ‘[01m[Klong unsigned int[m[K’} [[01;35m[K-Wsign-compare[m[K]
  131 |     for (int i = 0 ; [01;35m[Ki < LabelingArray.size()[m[K ; i++)
      |                      [01;35m[K~~^~~~~~~~~~~~~~~~~~~~~~[m[K
make[2]: *** [CMakeFiles/clusteringDynamicObs_lib.dir/build.make:76: CMakeFiles/clusteringDynamicObs_lib.dir/src/ClusteringDynamicObs/ClusteringDynamicObs.cpp.o] Error 1
make[1]: *** [CMakeFiles/Makefile2:255: CMakeFiles/clusteringDynamicObs_lib.dir/all] Error 2
make: *** [Makefile:146: all] Error 2
