[0.013s] Invoking command in '/home/sangjun/camel-amr-projects-V1/build/amr-main-pkg': CMAKE_PREFIX_PATH=/home/sangjun/camel-amr-projects-V1/install/amr_msg_interfaces:/home/sangjun/camel-amr-projects-V1/install/amr-main-pkg:/home/sangjun/camel-amr-projects-V1/install/amr-obstacle-pkg:/home/sangjun/camel-amr-projects-V1/install/amr-gazebo-pkg:/opt/ros/foxy:/home/sangjun/catkin_ws/devel:/opt/ros/noetic /usr/local/bin/cmake --build /home/sangjun/camel-amr-projects-V1/build/amr-main-pkg -- -j6 -l6
[0.032s] [35m[1mConsolidate compiler generated dependencies of target astar_lib[0m
[0.032s] [35m[1mConsolidate compiler generated dependencies of target clusteringDynamicObs_lib[0m
[0.032s] [35m[1mConsolidate compiler generated dependencies of target dynamicObstacle_lib[0m
[0.033s] [35m[1mConsolidate compiler generated dependencies of target obsDetection_lib[0m
[0.036s] [35m[1mConsolidate compiler generated dependencies of target visualize_lib[0m
[0.040s] [ 25%] Built target astar_lib
[0.040s] [ 25%] [32mBuilding CXX object CMakeFiles/clusteringDynamicObs_lib.dir/src/ClusteringDynamicObs/ClusteringDynamicObs.cpp.o[0m
[0.041s] [ 41%] Built target obsDetection_lib
[0.041s] [ 58%] Built target dynamicObstacle_lib
[0.043s] [ 75%] Built target visualize_lib
[0.682s] [01m[K/home/sangjun/camel-amr-projects-V1/src/amr-main-pkg/src/ClusteringDynamicObs/ClusteringDynamicObs.cpp:[m[K In member function ‘[01m[Kvoid ClusteringDynamicObs::UpdateDynamicObstacle(std::vector<float>&, std::vector<std::vector<int> >&, double, double, double, int)[m[K’:
[0.682s] [01m[K/home/sangjun/camel-amr-projects-V1/src/amr-main-pkg/src/ClusteringDynamicObs/ClusteringDynamicObs.cpp:57:5:[m[K [01;31m[Kerror: [m[K‘[01m[KdurationInMillis[m[K’ was not declared in this scope; did you mean ‘[01m[KdurationInt[m[K’?
[0.682s]    57 |     [01;31m[KdurationInMillis[m[K = duration.count();
[0.682s]       |     [01;31m[K^~~~~~~~~~~~~~~~[m[K
[0.682s]       |     [32m[KdurationInt[m[K
[0.685s] [01m[K/home/sangjun/camel-amr-projects-V1/src/amr-main-pkg/src/ClusteringDynamicObs/ClusteringDynamicObs.cpp:[m[K In member function ‘[01m[Kvoid ClusteringDynamicObs::ClusteringDynamicObstacle()[m[K’:
[0.685s] [01m[K/home/sangjun/camel-amr-projects-V1/src/amr-main-pkg/src/ClusteringDynamicObs/ClusteringDynamicObs.cpp:94:24:[m[K [01;35m[Kwarning: [m[Kcomparison of integer expressions of different signedness: ‘[01m[Kint[m[K’ and ‘[01m[Kstd::vector<int>::size_type[m[K’ {aka ‘[01m[Klong unsigned int[m[K’} [[01;35m[K-Wsign-compare[m[K]
[0.685s]    94 |     for (int i = 0 ; [01;35m[Ki < LabelingStack.size()[m[K ; i++)
[0.685s]       |                      [01;35m[K~~^~~~~~~~~~~~~~~~~~~~~~[m[K
[0.688s] [01m[K/home/sangjun/camel-amr-projects-V1/src/amr-main-pkg/src/ClusteringDynamicObs/ClusteringDynamicObs.cpp:102:24:[m[K [01;35m[Kwarning: [m[Kcomparison of integer expressions of different signedness: ‘[01m[Kint[m[K’ and ‘[01m[Kstd::vector<std::pair<std::pair<int, int>, std::pair<int, int> > >::size_type[m[K’ {aka ‘[01m[Klong unsigned int[m[K’} [[01;35m[K-Wsign-compare[m[K]
[0.688s]   102 |     for (int i = 0 ; [01;35m[Ki < LabelingArray.size()[m[K ; i++)
[0.688s]       |                      [01;35m[K~~^~~~~~~~~~~~~~~~~~~~~~[m[K
[0.688s] [01m[K/home/sangjun/camel-amr-projects-V1/src/amr-main-pkg/src/ClusteringDynamicObs/ClusteringDynamicObs.cpp:[m[K In member function ‘[01m[Kvoid ClusteringDynamicObs::ConnectObs(int, int)[m[K’:
[0.688s] [01m[K/home/sangjun/camel-amr-projects-V1/src/amr-main-pkg/src/ClusteringDynamicObs/ClusteringDynamicObs.cpp:131:24:[m[K [01;35m[Kwarning: [m[Kcomparison of integer expressions of different signedness: ‘[01m[Kint[m[K’ and ‘[01m[Kstd::vector<std::pair<std::pair<int, int>, std::pair<int, int> > >::size_type[m[K’ {aka ‘[01m[Klong unsigned int[m[K’} [[01;35m[K-Wsign-compare[m[K]
[0.688s]   131 |     for (int i = 0 ; [01;35m[Ki < LabelingArray.size()[m[K ; i++)
[0.688s]       |                      [01;35m[K~~^~~~~~~~~~~~~~~~~~~~~~[m[K
[0.797s] make[2]: *** [CMakeFiles/clusteringDynamicObs_lib.dir/build.make:76: CMakeFiles/clusteringDynamicObs_lib.dir/src/ClusteringDynamicObs/ClusteringDynamicObs.cpp.o] Error 1
[0.797s] make[1]: *** [CMakeFiles/Makefile2:255: CMakeFiles/clusteringDynamicObs_lib.dir/all] Error 2
[0.797s] make: *** [Makefile:146: all] Error 2
[0.799s] Invoked command in '/home/sangjun/camel-amr-projects-V1/build/amr-main-pkg' returned '2': CMAKE_PREFIX_PATH=/home/sangjun/camel-amr-projects-V1/install/amr_msg_interfaces:/home/sangjun/camel-amr-projects-V1/install/amr-main-pkg:/home/sangjun/camel-amr-projects-V1/install/amr-obstacle-pkg:/home/sangjun/camel-amr-projects-V1/install/amr-gazebo-pkg:/opt/ros/foxy:/home/sangjun/catkin_ws/devel:/opt/ros/noetic /usr/local/bin/cmake --build /home/sangjun/camel-amr-projects-V1/build/amr-main-pkg -- -j6 -l6
