-- Found ament_cmake: 0.9.12 (/opt/ros/foxy/share/ament_cmake/cmake)
-- Using PYTHON_EXECUTABLE: /usr/bin/python3
-- Override CMake install command with custom implementation using symlinks instead of copying resources
-- Found rclcpp: 2.4.3 (/opt/ros/foxy/share/rclcpp/cmake)
-- Using all available rosidl_typesupport_c: rosidl_typesupport_fastrtps_c;rosidl_typesupport_introspection_c
-- Found rosidl_adapter: 1.3.1 (/opt/ros/foxy/share/rosidl_adapter/cmake)
-- Using all available rosidl_typesupport_cpp: rosidl_typesupport_fastrtps_cpp;rosidl_typesupport_introspection_cpp
-- Found rmw_implementation_cmake: 1.0.4 (/opt/ros/foxy/share/rmw_implementation_cmake/cmake)
-- Using RMW implementation 'rmw_fastrtps_cpp' as default
-- Found gazebo_msgs: 3.5.3 (/opt/ros/foxy/share/gazebo_msgs/cmake)
-- Found nav_msgs: 2.0.5 (/opt/ros/foxy/share/nav_msgs/cmake)
-- Found sensor_msgs: 2.0.5 (/opt/ros/foxy/share/sensor_msgs/cmake)
-- Found ament_index_cpp: 1.1.0 (/opt/ros/foxy/share/ament_index_cpp/cmake)
-- Found ament_lint_auto: 0.9.8 (/opt/ros/foxy/share/ament_lint_auto/cmake)
-- Added test 'copyright' to check source files copyright and LICENSE
-- Added test 'cppcheck' to perform static code analysis on C / C++ code
-- Configured cppcheck include dirs: 
-- Configured cppcheck exclude dirs and/or files: 
-- Added test 'cpplint' to check C / C++ code against the Google style
-- Configured cpplint exclude dirs and/or files: 
-- Added test 'flake8' to check Python code syntax and style conventions
-- Added test 'lint_cmake' to check CMake code style
-- Added test 'pep257' to check Python code against some of the style conventions in PEP 257
-- Added test 'uncrustify' to check C / C++ code style
-- Configured uncrustify additional arguments: 
-- Added test 'xmllint' to check XML markup files
-- Configuring done (0.9s)
-- Generating done (0.0s)
-- Build files have been written to: /home/dongju/camel-amr-projects/build/amr-obstacle-pkg
[ 25%] [32m[1mLinking CXX executable operate_dynamic_obstacle_node[0m
[ 50%] [32m[1mLinking CXX executable spawn_dynamic_obstacle_node[0m
[ 75%] Built target spawn_dynamic_obstacle_node
[100%] Built target operate_dynamic_obstacle_node
-- Install configuration: ""
-- Execute custom install script
-- Symlinking: /home/dongju/camel-amr-projects/install/amr-obstacle-pkg/lib/amr-obstacle-pkg/operate_dynamic_obstacle_node
-- Symlinking: /home/dongju/camel-amr-projects/install/amr-obstacle-pkg/lib/amr-obstacle-pkg/spawn_dynamic_obstacle_node
-- Symlinking: /home/dongju/camel-amr-projects/install/amr-obstacle-pkg/share/amr-obstacle-pkg/launch/dynamic_obstacle.launch.py
-- Symlinking: /home/dongju/camel-amr-projects/install/amr-obstacle-pkg/share/ament_index/resource_index/package_run_dependencies/amr-obstacle-pkg
-- Symlinking: /home/dongju/camel-amr-projects/install/amr-obstacle-pkg/share/ament_index/resource_index/parent_prefix_path/amr-obstacle-pkg
-- Symlinking: /home/dongju/camel-amr-projects/install/amr-obstacle-pkg/share/amr-obstacle-pkg/environment/ament_prefix_path.sh
-- Symlinking: /home/dongju/camel-amr-projects/install/amr-obstacle-pkg/share/amr-obstacle-pkg/environment/ament_prefix_path.dsv
-- Symlinking: /home/dongju/camel-amr-projects/install/amr-obstacle-pkg/share/amr-obstacle-pkg/environment/path.sh
-- Symlinking: /home/dongju/camel-amr-projects/install/amr-obstacle-pkg/share/amr-obstacle-pkg/environment/path.dsv
-- Symlinking: /home/dongju/camel-amr-projects/install/amr-obstacle-pkg/share/amr-obstacle-pkg/local_setup.bash
-- Symlinking: /home/dongju/camel-amr-projects/install/amr-obstacle-pkg/share/amr-obstacle-pkg/local_setup.sh
-- Symlinking: /home/dongju/camel-amr-projects/install/amr-obstacle-pkg/share/amr-obstacle-pkg/local_setup.zsh
-- Symlinking: /home/dongju/camel-amr-projects/install/amr-obstacle-pkg/share/amr-obstacle-pkg/local_setup.dsv
-- Symlinking: /home/dongju/camel-amr-projects/install/amr-obstacle-pkg/share/amr-obstacle-pkg/package.dsv
-- Symlinking: /home/dongju/camel-amr-projects/install/amr-obstacle-pkg/share/ament_index/resource_index/packages/amr-obstacle-pkg
-- Symlinking: /home/dongju/camel-amr-projects/install/amr-obstacle-pkg/share/amr-obstacle-pkg/cmake/amr-obstacle-pkgConfig.cmake
-- Symlinking: /home/dongju/camel-amr-projects/install/amr-obstacle-pkg/share/amr-obstacle-pkg/cmake/amr-obstacle-pkgConfig-version.cmake
-- Symlinking: /home/dongju/camel-amr-projects/install/amr-obstacle-pkg/share/amr-obstacle-pkg/package.xml
