[0.066s] Invoking command in '/home/sangjun/camel-amr-projects-V1/build/amr_msg_interfaces': CMAKE_PREFIX_PATH=/home/sangjun/camel-amr-projects-V1/install/amr-main-pkg:/home/sangjun/camel-amr-projects-V1/install/amr_msg_interfaces:/home/sangjun/camel-amr-projects-V1/install/amr-obstacle-pkg:/home/sangjun/camel-amr-projects-V1/install/amr-gazebo-pkg:/opt/ros/foxy:/home/sangjun/catkin_ws/devel:/opt/ros/noetic /usr/local/bin/cmake --build /home/sangjun/camel-amr-projects-V1/build/amr_msg_interfaces -- -j6 -l6
[0.085s] [35m[1mConsolidate compiler generated dependencies of target amr_msg_interfaces__rosidl_generator_c[0m
[0.090s] [ 10%] Built target amr_msg_interfaces__cpp
[0.090s] [ 12%] Built target amr_msg_interfaces__rosidl_generator_c
[0.095s] [35m[1mConsolidate compiler generated dependencies of target amr_msg_interfaces__rosidl_typesupport_c[0m
[0.097s] [35m[1mConsolidate compiler generated dependencies of target amr_msg_interfaces__rosidl_typesupport_cpp[0m
[0.097s] [35m[1mConsolidate compiler generated dependencies of target amr_msg_interfaces__rosidl_typesupport_fastrtps_cpp[0m
[0.098s] [35m[1mConsolidate compiler generated dependencies of target amr_msg_interfaces__rosidl_typesupport_introspection_cpp[0m
[0.106s] [ 23%] Built target amr_msg_interfaces__rosidl_typesupport_cpp
[0.106s] [ 33%] Built target amr_msg_interfaces__rosidl_typesupport_introspection_cpp
[0.106s] [ 43%] Built target amr_msg_interfaces__rosidl_typesupport_fastrtps_cpp
[0.107s] [35m[1mConsolidate compiler generated dependencies of target amr_msg_interfaces__rosidl_typesupport_introspection_c[0m
[0.113s] [ 53%] Built target amr_msg_interfaces__rosidl_typesupport_c
[0.118s] [35m[1mConsolidate compiler generated dependencies of target amr_msg_interfaces__rosidl_typesupport_fastrtps_c[0m
[0.119s] [ 64%] Built target amr_msg_interfaces__rosidl_typesupport_introspection_c
[0.124s] [ 74%] Built target amr_msg_interfaces__rosidl_typesupport_fastrtps_c
[0.133s] [ 74%] Built target amr_msg_interfaces
[0.143s] [ 76%] Built target amr_msg_interfaces__py
[0.149s] [35m[1mConsolidate compiler generated dependencies of target amr_msg_interfaces__python[0m
[0.158s] [ 84%] Built target amr_msg_interfaces__python
[0.162s] [35m[1mConsolidate compiler generated dependencies of target amr_msg_interfaces__rosidl_typesupport_fastrtps_c__pyext[0m
[0.162s] [35m[1mConsolidate compiler generated dependencies of target amr_msg_interfaces__rosidl_typesupport_c__pyext[0m
[0.167s] [35m[1mConsolidate compiler generated dependencies of target amr_msg_interfaces__rosidl_typesupport_introspection_c__pyext[0m
[0.168s] [ 94%] Built target amr_msg_interfaces__rosidl_typesupport_fastrtps_c__pyext
[0.168s] [ 94%] Built target amr_msg_interfaces__rosidl_typesupport_c__pyext
[0.172s] [100%] Built target amr_msg_interfaces__rosidl_typesupport_introspection_c__pyext
[0.175s] Invoked command in '/home/sangjun/camel-amr-projects-V1/build/amr_msg_interfaces' returned '0': CMAKE_PREFIX_PATH=/home/sangjun/camel-amr-projects-V1/install/amr-main-pkg:/home/sangjun/camel-amr-projects-V1/install/amr_msg_interfaces:/home/sangjun/camel-amr-projects-V1/install/amr-obstacle-pkg:/home/sangjun/camel-amr-projects-V1/install/amr-gazebo-pkg:/opt/ros/foxy:/home/sangjun/catkin_ws/devel:/opt/ros/noetic /usr/local/bin/cmake --build /home/sangjun/camel-amr-projects-V1/build/amr_msg_interfaces -- -j6 -l6
[0.224s] Invoking command in '/home/sangjun/camel-amr-projects-V1/build/amr_msg_interfaces': CMAKE_PREFIX_PATH=/home/sangjun/camel-amr-projects-V1/install/amr-main-pkg:/home/sangjun/camel-amr-projects-V1/install/amr_msg_interfaces:/home/sangjun/camel-amr-projects-V1/install/amr-obstacle-pkg:/home/sangjun/camel-amr-projects-V1/install/amr-gazebo-pkg:/opt/ros/foxy:/home/sangjun/catkin_ws/devel:/opt/ros/noetic /usr/local/bin/cmake --install /home/sangjun/camel-amr-projects-V1/build/amr_msg_interfaces
[0.228s] -- Install configuration: ""
[0.230s] -- Execute custom install script
[0.230s] -- Up-to-date symlink: /home/sangjun/camel-amr-projects-V1/install/amr_msg_interfaces/share/ament_index/resource_index/rosidl_interfaces/amr_msg_interfaces
[0.231s] -- Up-to-date symlink: /home/sangjun/camel-amr-projects-V1/install/amr_msg_interfaces/include/amr_msg_interfaces/msg/detail/grid_map_info__functions.h
[0.231s] -- Up-to-date symlink: /home/sangjun/camel-amr-projects-V1/install/amr_msg_interfaces/include/amr_msg_interfaces/msg/detail/grid_map_info__struct.h
[0.231s] -- Up-to-date symlink: /home/sangjun/camel-amr-projects-V1/install/amr_msg_interfaces/include/amr_msg_interfaces/msg/detail/grid_map_info__type_support.h
[0.231s] -- Up-to-date symlink: /home/sangjun/camel-amr-projects-V1/install/amr_msg_interfaces/include/amr_msg_interfaces/msg/detail/trajectory__functions.h
[0.231s] -- Up-to-date symlink: /home/sangjun/camel-amr-projects-V1/install/amr_msg_interfaces/include/amr_msg_interfaces/msg/detail/trajectory__struct.h
[0.231s] -- Up-to-date symlink: /home/sangjun/camel-amr-projects-V1/install/amr_msg_interfaces/include/amr_msg_interfaces/msg/detail/trajectory__type_support.h
[0.231s] -- Up-to-date symlink: /home/sangjun/camel-amr-projects-V1/install/amr_msg_interfaces/include/amr_msg_interfaces/msg/grid_map_info.h
[0.231s] -- Up-to-date symlink: /home/sangjun/camel-amr-projects-V1/install/amr_msg_interfaces/include/amr_msg_interfaces/msg/rosidl_generator_c__visibility_control.h
[0.231s] -- Up-to-date symlink: /home/sangjun/camel-amr-projects-V1/install/amr_msg_interfaces/include/amr_msg_interfaces/msg/trajectory.h
[0.231s] -- Up-to-date symlink: /home/sangjun/camel-amr-projects-V1/install/amr_msg_interfaces/share/amr_msg_interfaces/environment/library_path.sh
[0.231s] -- Up-to-date symlink: /home/sangjun/camel-amr-projects-V1/install/amr_msg_interfaces/share/amr_msg_interfaces/environment/library_path.dsv
[0.232s] -- Up-to-date symlink: /home/sangjun/camel-amr-projects-V1/install/amr_msg_interfaces/include/amr_msg_interfaces/msg/detail/grid_map_info__rosidl_typesupport_fastrtps_c.h
[0.232s] -- Up-to-date symlink: /home/sangjun/camel-amr-projects-V1/install/amr_msg_interfaces/include/amr_msg_interfaces/msg/detail/trajectory__rosidl_typesupport_fastrtps_c.h
[0.233s] -- Up-to-date symlink: /home/sangjun/camel-amr-projects-V1/install/amr_msg_interfaces/include/amr_msg_interfaces/msg/rosidl_typesupport_fastrtps_c__visibility_control.h
[0.233s] -- Up-to-date symlink: /home/sangjun/camel-amr-projects-V1/install/amr_msg_interfaces/lib/libamr_msg_interfaces__rosidl_typesupport_fastrtps_c.so
[0.234s] -- Up-to-date symlink: /home/sangjun/camel-amr-projects-V1/install/amr_msg_interfaces/include/amr_msg_interfaces/msg/detail/grid_map_info__rosidl_typesupport_fastrtps_cpp.hpp
[0.234s] -- Up-to-date symlink: /home/sangjun/camel-amr-projects-V1/install/amr_msg_interfaces/include/amr_msg_interfaces/msg/detail/trajectory__rosidl_typesupport_fastrtps_cpp.hpp
[0.234s] -- Up-to-date symlink: /home/sangjun/camel-amr-projects-V1/install/amr_msg_interfaces/include/amr_msg_interfaces/msg/rosidl_typesupport_fastrtps_cpp__visibility_control.h
[0.234s] -- Up-to-date symlink: /home/sangjun/camel-amr-projects-V1/install/amr_msg_interfaces/lib/libamr_msg_interfaces__rosidl_typesupport_fastrtps_cpp.so
[0.234s] -- Up-to-date symlink: /home/sangjun/camel-amr-projects-V1/install/amr_msg_interfaces/include/amr_msg_interfaces/msg/detail/grid_map_info__rosidl_typesupport_introspection_c.h
[0.234s] -- Up-to-date symlink: /home/sangjun/camel-amr-projects-V1/install/amr_msg_interfaces/include/amr_msg_interfaces/msg/detail/trajectory__rosidl_typesupport_introspection_c.h
[0.234s] -- Up-to-date symlink: /home/sangjun/camel-amr-projects-V1/install/amr_msg_interfaces/include/amr_msg_interfaces/msg/rosidl_typesupport_introspection_c__visibility_control.h
[0.235s] -- Up-to-date symlink: /home/sangjun/camel-amr-projects-V1/install/amr_msg_interfaces/include/amr_msg_interfaces/msg/detail/grid_map_info__builder.hpp
[0.235s] -- Up-to-date symlink: /home/sangjun/camel-amr-projects-V1/install/amr_msg_interfaces/include/amr_msg_interfaces/msg/detail/grid_map_info__struct.hpp
[0.235s] -- Up-to-date symlink: /home/sangjun/camel-amr-projects-V1/install/amr_msg_interfaces/include/amr_msg_interfaces/msg/detail/grid_map_info__traits.hpp
[0.235s] -- Up-to-date symlink: /home/sangjun/camel-amr-projects-V1/install/amr_msg_interfaces/include/amr_msg_interfaces/msg/detail/grid_map_info__type_support.hpp
[0.235s] -- Up-to-date symlink: /home/sangjun/camel-amr-projects-V1/install/amr_msg_interfaces/include/amr_msg_interfaces/msg/detail/trajectory__builder.hpp
[0.236s] -- Up-to-date symlink: /home/sangjun/camel-amr-projects-V1/install/amr_msg_interfaces/include/amr_msg_interfaces/msg/detail/trajectory__struct.hpp
[0.236s] -- Up-to-date symlink: /home/sangjun/camel-amr-projects-V1/install/amr_msg_interfaces/include/amr_msg_interfaces/msg/detail/trajectory__traits.hpp
[0.236s] -- Up-to-date symlink: /home/sangjun/camel-amr-projects-V1/install/amr_msg_interfaces/include/amr_msg_interfaces/msg/detail/trajectory__type_support.hpp
[0.236s] -- Up-to-date symlink: /home/sangjun/camel-amr-projects-V1/install/amr_msg_interfaces/include/amr_msg_interfaces/msg/grid_map_info.hpp
[0.236s] -- Up-to-date symlink: /home/sangjun/camel-amr-projects-V1/install/amr_msg_interfaces/include/amr_msg_interfaces/msg/rosidl_generator_cpp__visibility_control.hpp
[0.236s] -- Up-to-date symlink: /home/sangjun/camel-amr-projects-V1/install/amr_msg_interfaces/include/amr_msg_interfaces/msg/trajectory.hpp
[0.236s] -- Up-to-date symlink: /home/sangjun/camel-amr-projects-V1/install/amr_msg_interfaces/include/amr_msg_interfaces/msg/detail/grid_map_info__rosidl_typesupport_introspection_cpp.hpp
[0.237s] -- Up-to-date symlink: /home/sangjun/camel-amr-projects-V1/install/amr_msg_interfaces/include/amr_msg_interfaces/msg/detail/trajectory__rosidl_typesupport_introspection_cpp.hpp
[0.237s] -- Up-to-date symlink: /home/sangjun/camel-amr-projects-V1/install/amr_msg_interfaces/share/amr_msg_interfaces/environment/pythonpath.sh
[0.237s] -- Up-to-date symlink: /home/sangjun/camel-amr-projects-V1/install/amr_msg_interfaces/share/amr_msg_interfaces/environment/pythonpath.dsv
[0.237s] -- Up-to-date symlink: /home/sangjun/camel-amr-projects-V1/install/amr_msg_interfaces/lib/python3.8/site-packages/amr_msg_interfaces/__init__.py
[0.237s] -- Up-to-date symlink: /home/sangjun/camel-amr-projects-V1/install/amr_msg_interfaces/lib/python3.8/site-packages/amr_msg_interfaces/msg/__init__.py
[0.237s] -- Up-to-date symlink: /home/sangjun/camel-amr-projects-V1/install/amr_msg_interfaces/lib/python3.8/site-packages/amr_msg_interfaces/msg/_grid_map_info.py
[0.237s] -- Up-to-date symlink: /home/sangjun/camel-amr-projects-V1/install/amr_msg_interfaces/lib/python3.8/site-packages/amr_msg_interfaces/msg/_trajectory.py
[0.242s] -- Up-to-date symlink: /home/sangjun/camel-amr-projects-V1/install/amr_msg_interfaces/lib/python3.8/site-packages/amr_msg_interfaces/amr_msg_interfaces_s__rosidl_typesupport_fastrtps_c.cpython-38-x86_64-linux-gnu.so
[0.242s] -- Up-to-date symlink: /home/sangjun/camel-amr-projects-V1/install/amr_msg_interfaces/lib/python3.8/site-packages/amr_msg_interfaces/amr_msg_interfaces_s__rosidl_typesupport_introspection_c.cpython-38-x86_64-linux-gnu.so
[0.243s] -- Up-to-date symlink: /home/sangjun/camel-amr-projects-V1/install/amr_msg_interfaces/lib/python3.8/site-packages/amr_msg_interfaces/amr_msg_interfaces_s__rosidl_typesupport_c.cpython-38-x86_64-linux-gnu.so
[0.243s] -- Up-to-date symlink: /home/sangjun/camel-amr-projects-V1/install/amr_msg_interfaces/lib/libamr_msg_interfaces__python.so
[0.243s] -- Up-to-date symlink: /home/sangjun/camel-amr-projects-V1/install/amr_msg_interfaces/share/amr_msg_interfaces/msg/GridMapInfo.idl
[0.243s] -- Up-to-date symlink: /home/sangjun/camel-amr-projects-V1/install/amr_msg_interfaces/share/amr_msg_interfaces/msg/Trajectory.idl
[0.243s] -- Up-to-date symlink: /home/sangjun/camel-amr-projects-V1/install/amr_msg_interfaces/share/amr_msg_interfaces/msg/GridMapInfo.msg
[0.243s] -- Up-to-date symlink: /home/sangjun/camel-amr-projects-V1/install/amr_msg_interfaces/share/amr_msg_interfaces/msg/Trajectory.msg
[0.244s] -- Up-to-date symlink: /home/sangjun/camel-amr-projects-V1/install/amr_msg_interfaces/share/ament_index/resource_index/package_run_dependencies/amr_msg_interfaces
[0.244s] -- Up-to-date symlink: /home/sangjun/camel-amr-projects-V1/install/amr_msg_interfaces/share/ament_index/resource_index/parent_prefix_path/amr_msg_interfaces
[0.244s] -- Up-to-date symlink: /home/sangjun/camel-amr-projects-V1/install/amr_msg_interfaces/share/amr_msg_interfaces/environment/ament_prefix_path.sh
[0.245s] -- Up-to-date symlink: /home/sangjun/camel-amr-projects-V1/install/amr_msg_interfaces/share/amr_msg_interfaces/environment/ament_prefix_path.dsv
[0.245s] -- Up-to-date symlink: /home/sangjun/camel-amr-projects-V1/install/amr_msg_interfaces/share/amr_msg_interfaces/environment/path.sh
[0.245s] -- Up-to-date symlink: /home/sangjun/camel-amr-projects-V1/install/amr_msg_interfaces/share/amr_msg_interfaces/environment/path.dsv
[0.247s] -- Up-to-date symlink: /home/sangjun/camel-amr-projects-V1/install/amr_msg_interfaces/share/amr_msg_interfaces/local_setup.bash
[0.247s] -- Up-to-date symlink: /home/sangjun/camel-amr-projects-V1/install/amr_msg_interfaces/share/amr_msg_interfaces/local_setup.sh
[0.247s] -- Up-to-date symlink: /home/sangjun/camel-amr-projects-V1/install/amr_msg_interfaces/share/amr_msg_interfaces/local_setup.zsh
[0.248s] -- Up-to-date symlink: /home/sangjun/camel-amr-projects-V1/install/amr_msg_interfaces/share/amr_msg_interfaces/local_setup.dsv
[0.248s] -- Symlinking: /home/sangjun/camel-amr-projects-V1/install/amr_msg_interfaces/share/amr_msg_interfaces/package.dsv
[0.248s] -- Up-to-date symlink: /home/sangjun/camel-amr-projects-V1/install/amr_msg_interfaces/share/ament_index/resource_index/packages/amr_msg_interfaces
[0.248s] -- Up-to-date symlink: /home/sangjun/camel-amr-projects-V1/install/amr_msg_interfaces/share/amr_msg_interfaces/cmake/rosidl_cmake-extras.cmake
[0.249s] -- Up-to-date symlink: /home/sangjun/camel-amr-projects-V1/install/amr_msg_interfaces/share/amr_msg_interfaces/cmake/ament_cmake_export_dependencies-extras.cmake
[0.249s] -- Up-to-date symlink: /home/sangjun/camel-amr-projects-V1/install/amr_msg_interfaces/share/amr_msg_interfaces/cmake/ament_cmake_export_libraries-extras.cmake
[0.249s] -- Up-to-date symlink: /home/sangjun/camel-amr-projects-V1/install/amr_msg_interfaces/share/amr_msg_interfaces/cmake/ament_cmake_export_targets-extras.cmake
[0.251s] -- Up-to-date symlink: /home/sangjun/camel-amr-projects-V1/install/amr_msg_interfaces/share/amr_msg_interfaces/cmake/ament_cmake_export_include_directories-extras.cmake
[0.251s] -- Up-to-date symlink: /home/sangjun/camel-amr-projects-V1/install/amr_msg_interfaces/share/amr_msg_interfaces/cmake/rosidl_cmake_export_typesupport_libraries-extras.cmake
[0.252s] -- Up-to-date symlink: /home/sangjun/camel-amr-projects-V1/install/amr_msg_interfaces/share/amr_msg_interfaces/cmake/rosidl_cmake_export_typesupport_targets-extras.cmake
[0.252s] -- Up-to-date symlink: /home/sangjun/camel-amr-projects-V1/install/amr_msg_interfaces/share/amr_msg_interfaces/cmake/amr_msg_interfacesConfig.cmake
[0.252s] -- Up-to-date symlink: /home/sangjun/camel-amr-projects-V1/install/amr_msg_interfaces/share/amr_msg_interfaces/cmake/amr_msg_interfacesConfig-version.cmake
[0.252s] -- Up-to-date symlink: /home/sangjun/camel-amr-projects-V1/install/amr_msg_interfaces/share/amr_msg_interfaces/package.xml
[0.252s] -- Up-to-date: /home/sangjun/camel-amr-projects-V1/install/amr_msg_interfaces/lib/libamr_msg_interfaces__rosidl_generator_c.so
[0.253s] -- Up-to-date: /home/sangjun/camel-amr-projects-V1/install/amr_msg_interfaces/lib/libamr_msg_interfaces__rosidl_typesupport_introspection_c.so
[0.253s] -- Up-to-date: /home/sangjun/camel-amr-projects-V1/install/amr_msg_interfaces/lib/libamr_msg_interfaces__rosidl_typesupport_c.so
[0.253s] -- Up-to-date: /home/sangjun/camel-amr-projects-V1/install/amr_msg_interfaces/lib/libamr_msg_interfaces__rosidl_typesupport_introspection_cpp.so
[0.253s] -- Up-to-date: /home/sangjun/camel-amr-projects-V1/install/amr_msg_interfaces/lib/libamr_msg_interfaces__rosidl_typesupport_cpp.so
[0.278s] -- Up-to-date: /home/sangjun/camel-amr-projects-V1/install/amr_msg_interfaces/share/amr_msg_interfaces/cmake/amr_msg_interfaces__rosidl_generator_cExport.cmake
[0.278s] -- Up-to-date: /home/sangjun/camel-amr-projects-V1/install/amr_msg_interfaces/share/amr_msg_interfaces/cmake/amr_msg_interfaces__rosidl_generator_cExport-noconfig.cmake
[0.278s] -- Up-to-date: /home/sangjun/camel-amr-projects-V1/install/amr_msg_interfaces/share/amr_msg_interfaces/cmake/amr_msg_interfaces__rosidl_typesupport_introspection_cExport.cmake
[0.278s] -- Up-to-date: /home/sangjun/camel-amr-projects-V1/install/amr_msg_interfaces/share/amr_msg_interfaces/cmake/amr_msg_interfaces__rosidl_typesupport_introspection_cExport-noconfig.cmake
[0.278s] -- Up-to-date: /home/sangjun/camel-amr-projects-V1/install/amr_msg_interfaces/share/amr_msg_interfaces/cmake/amr_msg_interfaces__rosidl_typesupport_cExport.cmake
[0.278s] -- Up-to-date: /home/sangjun/camel-amr-projects-V1/install/amr_msg_interfaces/share/amr_msg_interfaces/cmake/amr_msg_interfaces__rosidl_typesupport_cExport-noconfig.cmake
[0.278s] -- Up-to-date: /home/sangjun/camel-amr-projects-V1/install/amr_msg_interfaces/share/amr_msg_interfaces/cmake/amr_msg_interfaces__rosidl_generator_cppExport.cmake
[0.278s] -- Up-to-date: /home/sangjun/camel-amr-projects-V1/install/amr_msg_interfaces/share/amr_msg_interfaces/cmake/amr_msg_interfaces__rosidl_typesupport_introspection_cppExport.cmake
[0.279s] -- Up-to-date: /home/sangjun/camel-amr-projects-V1/install/amr_msg_interfaces/share/amr_msg_interfaces/cmake/amr_msg_interfaces__rosidl_typesupport_introspection_cppExport-noconfig.cmake
[0.279s] -- Up-to-date: /home/sangjun/camel-amr-projects-V1/install/amr_msg_interfaces/share/amr_msg_interfaces/cmake/amr_msg_interfaces__rosidl_typesupport_cppExport.cmake
[0.279s] -- Up-to-date: /home/sangjun/camel-amr-projects-V1/install/amr_msg_interfaces/share/amr_msg_interfaces/cmake/amr_msg_interfaces__rosidl_typesupport_cppExport-noconfig.cmake
[0.282s] Invoked command in '/home/sangjun/camel-amr-projects-V1/build/amr_msg_interfaces' returned '0': CMAKE_PREFIX_PATH=/home/sangjun/camel-amr-projects-V1/install/amr-main-pkg:/home/sangjun/camel-amr-projects-V1/install/amr_msg_interfaces:/home/sangjun/camel-amr-projects-V1/install/amr-obstacle-pkg:/home/sangjun/camel-amr-projects-V1/install/amr-gazebo-pkg:/opt/ros/foxy:/home/sangjun/catkin_ws/devel:/opt/ros/noetic /usr/local/bin/cmake --install /home/sangjun/camel-amr-projects-V1/build/amr_msg_interfaces
