[0.012s] Invoking command in '/home/sangjun/camel-amr-projects-V1/build/amr-main-pkg': CMAKE_PREFIX_PATH=/home/sangjun/camel-amr-projects-V1/install/amr_msg_interfaces:/home/sangjun/camel-amr-projects-V1/install/amr-obstacle-pkg:/home/sangjun/camel-amr-projects-V1/install/amr-gazebo-pkg:/opt/ros/foxy:/home/sangjun/catkin_ws/devel:/opt/ros/noetic /usr/local/bin/cmake /home/sangjun/camel-amr-projects-V1/src/amr-main-pkg -DAMENT_CMAKE_SYMLINK_INSTALL=1 -DCMAKE_INSTALL_PREFIX=/home/sangjun/camel-amr-projects-V1/install/amr-main-pkg
[0.055s] -- The C compiler identification is GNU 9.4.0
[0.097s] -- The CXX compiler identification is GNU 9.4.0
[0.108s] -- Detecting C compiler ABI info
[0.153s] -- Detecting C compiler ABI info - done
[0.164s] -- Check for working C compiler: /usr/bin/cc - skipped
[0.164s] -- Detecting C compile features
[0.165s] -- Detecting C compile features - done
[0.167s] -- Detecting CXX compiler ABI info
[0.258s] -- Detecting CXX compiler ABI info - done
[0.268s] -- Check for working CXX compiler: /usr/bin/c++ - skipped
[0.268s] -- Detecting CXX compile features
[0.269s] -- Detecting CXX compile features - done
[0.271s] -- Found ament_cmake: 0.9.12 (/opt/ros/foxy/share/ament_cmake/cmake)
[0.294s] -- Found PythonInterp: /usr/bin/python3 (found suitable version "3.8.10", minimum required is "3") 
[0.294s] -- Using PYTHON_EXECUTABLE: /usr/bin/python3
[0.491s] -- Override CMake install command with custom implementation using symlinks instead of copying resources
[0.537s] -- Found amr_msg_interfaces: 0.6.0 (/home/sangjun/camel-amr-projects-V1/install/amr_msg_interfaces/share/amr_msg_interfaces/cmake)
[0.590s] -- Using all available rosidl_typesupport_c: rosidl_typesupport_fastrtps_c;rosidl_typesupport_introspection_c
[0.598s] -- Found rosidl_adapter: 1.3.1 (/opt/ros/foxy/share/rosidl_adapter/cmake)
[0.807s] -- Found OpenSSL: /usr/lib/x86_64-linux-gnu/libcrypto.so (found version "1.1.1f")  
[0.838s] -- Found FastRTPS: /opt/ros/foxy/include  
[0.970s] -- Using all available rosidl_typesupport_cpp: rosidl_typesupport_fastrtps_cpp;rosidl_typesupport_introspection_cpp
[1.052s] -- Found rclcpp: 2.4.3 (/opt/ros/foxy/share/rclcpp/cmake)
[1.098s] -- Found rmw_implementation_cmake: 1.0.4 (/opt/ros/foxy/share/rmw_implementation_cmake/cmake)
[1.100s] -- Using RMW implementation 'rmw_fastrtps_cpp' as default
[1.101s] -- Looking for pthread.h
[1.214s] -- Looking for pthread.h - found
[1.215s] -- Performing Test CMAKE_HAVE_LIBC_PTHREAD
[1.271s] -- Performing Test CMAKE_HAVE_LIBC_PTHREAD - Failed
[1.271s] -- Looking for pthread_create in pthreads
[1.374s] -- Looking for pthread_create in pthreads - not found
[1.375s] -- Looking for pthread_create in pthread
[1.475s] -- Looking for pthread_create in pthread - found
[1.476s] -- Found Threads: TRUE  
[1.586s] -- Found sensor_msgs: 2.0.5 (/opt/ros/foxy/share/sensor_msgs/cmake)
[1.668s] -- Found nav_msgs: 2.0.5 (/opt/ros/foxy/share/nav_msgs/cmake)
[1.721s] -- Found ament_lint_auto: 0.9.8 (/opt/ros/foxy/share/ament_lint_auto/cmake)
[1.784s] -- Found ament_cmake_gtest: 0.9.12 (/opt/ros/foxy/share/ament_cmake_gtest/cmake)
[1.787s] -- Added test 'copyright' to check source files copyright and LICENSE
[1.788s] -- Added test 'cppcheck' to perform static code analysis on C / C++ code
[1.788s] -- Configured cppcheck include dirs: /home/sangjun/camel-amr-projects-V1/src/amr-main-pkg/include
[1.788s] -- Configured cppcheck exclude dirs and/or files: 
[1.789s] -- Added test 'cpplint' to check C / C++ code against the Google style
[1.789s] -- Configured cpplint exclude dirs and/or files: 
[1.789s] -- Added test 'lint_cmake' to check CMake code style
[1.790s] -- Added test 'uncrustify' to check C / C++ code style
[1.790s] -- Configured uncrustify additional arguments: 
[1.790s] -- Added test 'xmllint' to check XML markup files
[1.791s] -- Configuring done
[1.794s] [31mCMake Error at CMakeLists.txt:31 (add_library):
[1.795s]   Cannot find source file:
[1.795s] 
[1.795s]     src/DynamicObstacle/DynamicObstacle.cpp
[1.795s] 
[1.795s]   Tried extensions .c .C .c++ .cc .cpp .cxx .cu .mpp .m .M .mm .ixx .cppm .h
[1.795s]   .hh .h++ .hm .hpp .hxx .in .txx .f .F .for .f77 .f90 .f95 .f03 .hip .ispc
[1.795s] 
[1.795s] [0m
[1.795s] [31mCMake Error at CMakeLists.txt:31 (add_library):
[1.795s]   No SOURCES given to target: AMR_library
[1.796s] 
[1.796s] [0m
[1.796s] [0mCMake Generate step failed.  Build files cannot be regenerated correctly.[0m
[1.801s] Invoked command in '/home/sangjun/camel-amr-projects-V1/build/amr-main-pkg' returned '1': CMAKE_PREFIX_PATH=/home/sangjun/camel-amr-projects-V1/install/amr_msg_interfaces:/home/sangjun/camel-amr-projects-V1/install/amr-obstacle-pkg:/home/sangjun/camel-amr-projects-V1/install/amr-gazebo-pkg:/opt/ros/foxy:/home/sangjun/catkin_ws/devel:/opt/ros/noetic /usr/local/bin/cmake /home/sangjun/camel-amr-projects-V1/src/amr-main-pkg -DAMENT_CMAKE_SYMLINK_INSTALL=1 -DCMAKE_INSTALL_PREFIX=/home/sangjun/camel-amr-projects-V1/install/amr-main-pkg
