[01m[K/home/percy/camel-amr-projects/src/amr-main-pkg/src/simulmain/simul_main.cpp:113:36:[m[K [01;31m[Kerror: [m[Kinvalid use of incomplete type ‘[01m[Kclass QThread[m[K’
  113 | class CommunicationThread : public [01;31m[KQThread[m[K
      |                                    [01;31m[K^~~~~~~[m[K
In file included from [01m[K/usr/include/x86_64-linux-gnu/qt5/QtWidgets/qwidget.h:45[m[K,
                 from [01m[K/usr/include/x86_64-linux-gnu/qt5/QtWidgets/qmainwindow.h:44[m[K,
                 from [01m[K/usr/include/x86_64-linux-gnu/qt5/QtWidgets/QMainWindow:1[m[K,
                 from [01m[K/home/percy/camel-amr-projects/src/amr-main-pkg/src/simulmain/mainwindow.h:4[m[K,
                 from [01m[K/home/percy/camel-amr-projects/src/amr-main-pkg/src/simulmain/simul_main.cpp:5[m[K:
[01m[K/usr/include/x86_64-linux-gnu/qt5/QtCore/qobject.h:72:7:[m[K [01;36m[Knote: [m[Kforward declaration of ‘[01m[Kclass QThread[m[K’
   72 | class [01;36m[KQThread[m[K;
      |       [01;36m[K^~~~~~~[m[K
[01m[K/home/percy/camel-amr-projects/src/amr-main-pkg/src/simulmain/simul_main.cpp:116:10:[m[K [01;31m[Kerror: [m[K‘[01m[Kvoid CommunicationThread::run()[m[K’ marked ‘[01m[Koverride[m[K’, but does not override
  116 |     void [01;31m[Krun[m[K() override
      |          [01;31m[K^~~[m[K
[01m[K/home/percy/camel-amr-projects/src/amr-main-pkg/src/simulmain/simul_main.cpp:[m[K In member function ‘[01m[Kvoid CommunicationThread::run()[m[K’:
[01m[K/home/percy/camel-amr-projects/src/amr-main-pkg/src/simulmain/simul_main.cpp:118:22:[m[K [01;31m[Kerror: [m[K‘[01m[Kargc[m[K’ was not declared in this scope
  118 |         rclcpp::init([01;31m[Kargc[m[K, argv);
      |                      [01;31m[K^~~~[m[K
[01m[K/home/percy/camel-amr-projects/src/amr-main-pkg/src/simulmain/simul_main.cpp:118:28:[m[K [01;31m[Kerror: [m[K‘[01m[Kargv[m[K’ was not declared in this scope
  118 |         rclcpp::init(argc, [01;31m[Kargv[m[K);
      |                            [01;31m[K^~~~[m[K
[01m[K/home/percy/camel-amr-projects/src/amr-main-pkg/src/simulmain/simul_main.cpp:[m[K In function ‘[01m[Kint main(int, char**)[m[K’:
[01m[K/home/percy/camel-amr-projects/src/amr-main-pkg/src/simulmain/simul_main.cpp:130:25:[m[K [01;31m[Kerror: [m[K‘[01m[Kclass CommunicationThread[m[K’ has no member named ‘[01m[Kstart[m[K’
  130 |     communicationThread.[01;31m[Kstart[m[K();
      |                         [01;31m[K^~~~~[m[K
make[2]: *** [CMakeFiles/simulmain.dir/build.make:90: CMakeFiles/simulmain.dir/src/simulmain/simul_main.cpp.o] Error 1
make[1]: *** [CMakeFiles/Makefile2:288: CMakeFiles/simulmain.dir/all] Error 2
make: *** [Makefile:146: all] Error 2
