[0.201s] DEBUG:colcon:Command line arguments: ['/usr/bin/colcon', 'build', '--symlink-install']
[0.201s] DEBUG:colcon:Parsed command line arguments: Namespace(allow_overriding=[], ament_cmake_args=None, base_paths=['.'], build_base='build', catkin_cmake_args=None, catkin_skip_building_tests=False, cmake_args=None, cmake_clean_cache=False, cmake_clean_first=False, cmake_force_configure=False, cmake_target=None, cmake_target_skip_unavailable=False, continue_on_error=False, event_handlers=None, executor='parallel', ignore_user_meta=False, install_base='install', log_base=None, log_level=None, main=<bound method BuildVerb.main of <colcon_core.verb.build.BuildVerb object at 0x7f5ef45b1dc0>>, merge_install=False, metas=['./colcon.meta'], packages_above=None, packages_above_and_dependencies=None, packages_above_depth=None, packages_end=None, packages_ignore=None, packages_ignore_regex=None, packages_select=None, packages_select_build_failed=False, packages_select_by_dep=None, packages_select_regex=None, packages_select_test_failures=False, packages_skip=None, packages_skip_build_finished=False, packages_skip_by_dep=None, packages_skip_regex=None, packages_skip_test_passed=False, packages_skip_up_to=None, packages_start=None, packages_up_to=None, packages_up_to_regex=None, parallel_workers=6, paths=None, symlink_install=True, test_result_base=None, verb_extension=<colcon_core.verb.build.BuildVerb object at 0x7f5ef45b1dc0>, verb_name='build', verb_parser=<colcon_defaults.argument_parser.defaults.DefaultArgumentsDecorator object at 0x7f5ef45bc370>)
[0.220s] Level 1:colcon.colcon_core.package_discovery:discover_packages(colcon_meta) check parameters
[0.220s] Level 1:colcon.colcon_core.package_discovery:discover_packages(recursive) check parameters
[0.220s] Level 1:colcon.colcon_core.package_discovery:discover_packages(ignore) check parameters
[0.220s] Level 1:colcon.colcon_core.package_discovery:discover_packages(path) check parameters
[0.220s] Level 1:colcon.colcon_core.package_discovery:discover_packages(colcon_meta) discover
[0.220s] Level 1:colcon.colcon_core.package_discovery:discover_packages(recursive) discover
[0.220s] INFO:colcon.colcon_core.package_discovery:Crawling recursively for packages in '/home/percy/camel-amr-projects'
[0.220s] Level 1:colcon.colcon_core.package_identification:_identify(.) by extensions ['ignore', 'ignore_ament_install']
[0.220s] Level 1:colcon.colcon_core.package_identification:_identify(.) by extension 'ignore'
[0.220s] Level 1:colcon.colcon_core.package_identification:_identify(.) by extension 'ignore_ament_install'
[0.220s] Level 1:colcon.colcon_core.package_identification:_identify(.) by extensions ['colcon_pkg']
[0.220s] Level 1:colcon.colcon_core.package_identification:_identify(.) by extension 'colcon_pkg'
[0.220s] Level 1:colcon.colcon_core.package_identification:_identify(.) by extensions ['colcon_meta']
[0.220s] Level 1:colcon.colcon_core.package_identification:_identify(.) by extension 'colcon_meta'
[0.220s] Level 1:colcon.colcon_core.package_identification:_identify(.) by extensions ['ros']
[0.220s] Level 1:colcon.colcon_core.package_identification:_identify(.) by extension 'ros'
[0.232s] Level 1:colcon.colcon_core.package_identification:_identify(.) by extensions ['cmake', 'python']
[0.232s] Level 1:colcon.colcon_core.package_identification:_identify(.) by extension 'cmake'
[0.232s] Level 1:colcon.colcon_core.package_identification:_identify(.) by extension 'python'
[0.233s] Level 1:colcon.colcon_core.package_identification:_identify(.) by extensions ['python_setup_py']
[0.233s] Level 1:colcon.colcon_core.package_identification:_identify(.) by extension 'python_setup_py'
[0.233s] Level 1:colcon.colcon_core.package_identification:_identify(build) by extensions ['ignore', 'ignore_ament_install']
[0.233s] Level 1:colcon.colcon_core.package_identification:_identify(build) by extension 'ignore'
[0.233s] Level 1:colcon.colcon_core.package_identification:_identify(build) ignored
[0.233s] Level 1:colcon.colcon_core.package_identification:_identify(install) by extensions ['ignore', 'ignore_ament_install']
[0.233s] Level 1:colcon.colcon_core.package_identification:_identify(install) by extension 'ignore'
[0.233s] Level 1:colcon.colcon_core.package_identification:_identify(install) ignored
[0.233s] Level 1:colcon.colcon_core.package_identification:_identify(log) by extensions ['ignore', 'ignore_ament_install']
[0.233s] Level 1:colcon.colcon_core.package_identification:_identify(log) by extension 'ignore'
[0.233s] Level 1:colcon.colcon_core.package_identification:_identify(log) ignored
[0.233s] Level 1:colcon.colcon_core.package_identification:_identify(src) by extensions ['ignore', 'ignore_ament_install']
[0.233s] Level 1:colcon.colcon_core.package_identification:_identify(src) by extension 'ignore'
[0.233s] Level 1:colcon.colcon_core.package_identification:_identify(src) by extension 'ignore_ament_install'
[0.233s] Level 1:colcon.colcon_core.package_identification:_identify(src) by extensions ['colcon_pkg']
[0.233s] Level 1:colcon.colcon_core.package_identification:_identify(src) by extension 'colcon_pkg'
[0.233s] Level 1:colcon.colcon_core.package_identification:_identify(src) by extensions ['colcon_meta']
[0.233s] Level 1:colcon.colcon_core.package_identification:_identify(src) by extension 'colcon_meta'
[0.233s] Level 1:colcon.colcon_core.package_identification:_identify(src) by extensions ['ros']
[0.233s] Level 1:colcon.colcon_core.package_identification:_identify(src) by extension 'ros'
[0.233s] Level 1:colcon.colcon_core.package_identification:_identify(src) by extensions ['cmake', 'python']
[0.233s] Level 1:colcon.colcon_core.package_identification:_identify(src) by extension 'cmake'
[0.233s] Level 1:colcon.colcon_core.package_identification:_identify(src) by extension 'python'
[0.233s] Level 1:colcon.colcon_core.package_identification:_identify(src) by extensions ['python_setup_py']
[0.234s] Level 1:colcon.colcon_core.package_identification:_identify(src) by extension 'python_setup_py'
[0.234s] Level 1:colcon.colcon_core.package_identification:_identify(src/amr-gazebo-pkg) by extensions ['ignore', 'ignore_ament_install']
[0.234s] Level 1:colcon.colcon_core.package_identification:_identify(src/amr-gazebo-pkg) by extension 'ignore'
[0.234s] Level 1:colcon.colcon_core.package_identification:_identify(src/amr-gazebo-pkg) by extension 'ignore_ament_install'
[0.234s] Level 1:colcon.colcon_core.package_identification:_identify(src/amr-gazebo-pkg) by extensions ['colcon_pkg']
[0.234s] Level 1:colcon.colcon_core.package_identification:_identify(src/amr-gazebo-pkg) by extension 'colcon_pkg'
[0.234s] Level 1:colcon.colcon_core.package_identification:_identify(src/amr-gazebo-pkg) by extensions ['colcon_meta']
[0.234s] Level 1:colcon.colcon_core.package_identification:_identify(src/amr-gazebo-pkg) by extension 'colcon_meta'
[0.234s] Level 1:colcon.colcon_core.package_identification:_identify(src/amr-gazebo-pkg) by extensions ['ros']
[0.234s] Level 1:colcon.colcon_core.package_identification:_identify(src/amr-gazebo-pkg) by extension 'ros'
[0.235s] DEBUG:colcon.colcon_core.package_identification:Package 'src/amr-gazebo-pkg' with type 'ros.ament_cmake' and name 'amr-gazebo-pkg'
[0.235s] Level 1:colcon.colcon_core.package_identification:_identify(src/amr-main-pkg) by extensions ['ignore', 'ignore_ament_install']
[0.236s] Level 1:colcon.colcon_core.package_identification:_identify(src/amr-main-pkg) by extension 'ignore'
[0.236s] Level 1:colcon.colcon_core.package_identification:_identify(src/amr-main-pkg) by extension 'ignore_ament_install'
[0.236s] Level 1:colcon.colcon_core.package_identification:_identify(src/amr-main-pkg) by extensions ['colcon_pkg']
[0.236s] Level 1:colcon.colcon_core.package_identification:_identify(src/amr-main-pkg) by extension 'colcon_pkg'
[0.236s] Level 1:colcon.colcon_core.package_identification:_identify(src/amr-main-pkg) by extensions ['colcon_meta']
[0.236s] Level 1:colcon.colcon_core.package_identification:_identify(src/amr-main-pkg) by extension 'colcon_meta'
[0.236s] Level 1:colcon.colcon_core.package_identification:_identify(src/amr-main-pkg) by extensions ['ros']
[0.236s] Level 1:colcon.colcon_core.package_identification:_identify(src/amr-main-pkg) by extension 'ros'
[0.236s] DEBUG:colcon.colcon_core.package_identification:Package 'src/amr-main-pkg' with type 'ros.ament_cmake' and name 'amr-main-pkg'
[0.236s] Level 1:colcon.colcon_core.package_identification:_identify(src/amr-obstacle-pkg) by extensions ['ignore', 'ignore_ament_install']
[0.237s] Level 1:colcon.colcon_core.package_identification:_identify(src/amr-obstacle-pkg) by extension 'ignore'
[0.237s] Level 1:colcon.colcon_core.package_identification:_identify(src/amr-obstacle-pkg) by extension 'ignore_ament_install'
[0.237s] Level 1:colcon.colcon_core.package_identification:_identify(src/amr-obstacle-pkg) by extensions ['colcon_pkg']
[0.237s] Level 1:colcon.colcon_core.package_identification:_identify(src/amr-obstacle-pkg) by extension 'colcon_pkg'
[0.237s] Level 1:colcon.colcon_core.package_identification:_identify(src/amr-obstacle-pkg) by extensions ['colcon_meta']
[0.237s] Level 1:colcon.colcon_core.package_identification:_identify(src/amr-obstacle-pkg) by extension 'colcon_meta'
[0.237s] Level 1:colcon.colcon_core.package_identification:_identify(src/amr-obstacle-pkg) by extensions ['ros']
[0.237s] Level 1:colcon.colcon_core.package_identification:_identify(src/amr-obstacle-pkg) by extension 'ros'
[0.237s] DEBUG:colcon.colcon_core.package_identification:Package 'src/amr-obstacle-pkg' with type 'ros.ament_cmake' and name 'amr-obstacle-pkg'
[0.237s] Level 1:colcon.colcon_core.package_identification:_identify(src/amr_msg_interfaces) by extensions ['ignore', 'ignore_ament_install']
[0.237s] Level 1:colcon.colcon_core.package_identification:_identify(src/amr_msg_interfaces) by extension 'ignore'
[0.237s] Level 1:colcon.colcon_core.package_identification:_identify(src/amr_msg_interfaces) by extension 'ignore_ament_install'
[0.237s] Level 1:colcon.colcon_core.package_identification:_identify(src/amr_msg_interfaces) by extensions ['colcon_pkg']
[0.237s] Level 1:colcon.colcon_core.package_identification:_identify(src/amr_msg_interfaces) by extension 'colcon_pkg'
[0.237s] Level 1:colcon.colcon_core.package_identification:_identify(src/amr_msg_interfaces) by extensions ['colcon_meta']
[0.238s] Level 1:colcon.colcon_core.package_identification:_identify(src/amr_msg_interfaces) by extension 'colcon_meta'
[0.238s] Level 1:colcon.colcon_core.package_identification:_identify(src/amr_msg_interfaces) by extensions ['ros']
[0.238s] Level 1:colcon.colcon_core.package_identification:_identify(src/amr_msg_interfaces) by extension 'ros'
[0.238s] DEBUG:colcon.colcon_core.package_identification:Package 'src/amr_msg_interfaces' with type 'ros.ament_cmake' and name 'amr_msg_interfaces'
[0.238s] Level 1:colcon.colcon_core.package_discovery:discover_packages(recursive) using defaults
[0.238s] Level 1:colcon.colcon_core.package_discovery:discover_packages(ignore) discover
[0.238s] Level 1:colcon.colcon_core.package_discovery:discover_packages(ignore) using defaults
[0.238s] Level 1:colcon.colcon_core.package_discovery:discover_packages(path) discover
[0.238s] Level 1:colcon.colcon_core.package_discovery:discover_packages(path) using defaults
[0.251s] Level 1:colcon.colcon_core.package_discovery:discover_packages(prefix_path) check parameters
[0.251s] Level 1:colcon.colcon_core.package_discovery:discover_packages(prefix_path) discover
[0.253s] DEBUG:colcon.colcon_installed_package_information.package_discovery:Found 4 installed packages in /home/percy/camel-amr-projects/install
[0.254s] DEBUG:colcon.colcon_installed_package_information.package_discovery:Found 307 installed packages in /opt/ros/foxy
[0.255s] Level 1:colcon.colcon_core.package_discovery:discover_packages(prefix_path) using defaults
[0.309s] Level 5:colcon.colcon_core.verb:set package 'amr-gazebo-pkg' build argument 'cmake_args' from command line to 'None'
[0.309s] Level 5:colcon.colcon_core.verb:set package 'amr-gazebo-pkg' build argument 'cmake_target' from command line to 'None'
[0.309s] Level 5:colcon.colcon_core.verb:set package 'amr-gazebo-pkg' build argument 'cmake_target_skip_unavailable' from command line to 'False'
[0.309s] Level 5:colcon.colcon_core.verb:set package 'amr-gazebo-pkg' build argument 'cmake_clean_cache' from command line to 'False'
[0.309s] Level 5:colcon.colcon_core.verb:set package 'amr-gazebo-pkg' build argument 'cmake_clean_first' from command line to 'False'
[0.309s] Level 5:colcon.colcon_core.verb:set package 'amr-gazebo-pkg' build argument 'cmake_force_configure' from command line to 'False'
[0.309s] Level 5:colcon.colcon_core.verb:set package 'amr-gazebo-pkg' build argument 'ament_cmake_args' from command line to 'None'
[0.309s] Level 5:colcon.colcon_core.verb:set package 'amr-gazebo-pkg' build argument 'catkin_cmake_args' from command line to 'None'
[0.309s] Level 5:colcon.colcon_core.verb:set package 'amr-gazebo-pkg' build argument 'catkin_skip_building_tests' from command line to 'False'
[0.309s] DEBUG:colcon.colcon_core.verb:Building package 'amr-gazebo-pkg' with the following arguments: {'ament_cmake_args': None, 'build_base': '/home/percy/camel-amr-projects/build/amr-gazebo-pkg', 'catkin_cmake_args': None, 'catkin_skip_building_tests': False, 'cmake_args': None, 'cmake_clean_cache': False, 'cmake_clean_first': False, 'cmake_force_configure': False, 'cmake_target': None, 'cmake_target_skip_unavailable': False, 'install_base': '/home/percy/camel-amr-projects/install/amr-gazebo-pkg', 'merge_install': False, 'path': '/home/percy/camel-amr-projects/src/amr-gazebo-pkg', 'symlink_install': True, 'test_result_base': None}
[0.310s] Level 5:colcon.colcon_core.verb:set package 'amr-obstacle-pkg' build argument 'cmake_args' from command line to 'None'
[0.310s] Level 5:colcon.colcon_core.verb:set package 'amr-obstacle-pkg' build argument 'cmake_target' from command line to 'None'
[0.310s] Level 5:colcon.colcon_core.verb:set package 'amr-obstacle-pkg' build argument 'cmake_target_skip_unavailable' from command line to 'False'
[0.310s] Level 5:colcon.colcon_core.verb:set package 'amr-obstacle-pkg' build argument 'cmake_clean_cache' from command line to 'False'
[0.310s] Level 5:colcon.colcon_core.verb:set package 'amr-obstacle-pkg' build argument 'cmake_clean_first' from command line to 'False'
[0.310s] Level 5:colcon.colcon_core.verb:set package 'amr-obstacle-pkg' build argument 'cmake_force_configure' from command line to 'False'
[0.310s] Level 5:colcon.colcon_core.verb:set package 'amr-obstacle-pkg' build argument 'ament_cmake_args' from command line to 'None'
[0.310s] Level 5:colcon.colcon_core.verb:set package 'amr-obstacle-pkg' build argument 'catkin_cmake_args' from command line to 'None'
[0.310s] Level 5:colcon.colcon_core.verb:set package 'amr-obstacle-pkg' build argument 'catkin_skip_building_tests' from command line to 'False'
[0.310s] DEBUG:colcon.colcon_core.verb:Building package 'amr-obstacle-pkg' with the following arguments: {'ament_cmake_args': None, 'build_base': '/home/percy/camel-amr-projects/build/amr-obstacle-pkg', 'catkin_cmake_args': None, 'catkin_skip_building_tests': False, 'cmake_args': None, 'cmake_clean_cache': False, 'cmake_clean_first': False, 'cmake_force_configure': False, 'cmake_target': None, 'cmake_target_skip_unavailable': False, 'install_base': '/home/percy/camel-amr-projects/install/amr-obstacle-pkg', 'merge_install': False, 'path': '/home/percy/camel-amr-projects/src/amr-obstacle-pkg', 'symlink_install': True, 'test_result_base': None}
[0.310s] Level 5:colcon.colcon_core.verb:set package 'amr_msg_interfaces' build argument 'cmake_args' from command line to 'None'
[0.310s] Level 5:colcon.colcon_core.verb:set package 'amr_msg_interfaces' build argument 'cmake_target' from command line to 'None'
[0.311s] Level 5:colcon.colcon_core.verb:set package 'amr_msg_interfaces' build argument 'cmake_target_skip_unavailable' from command line to 'False'
[0.311s] Level 5:colcon.colcon_core.verb:set package 'amr_msg_interfaces' build argument 'cmake_clean_cache' from command line to 'False'
[0.311s] Level 5:colcon.colcon_core.verb:set package 'amr_msg_interfaces' build argument 'cmake_clean_first' from command line to 'False'
[0.311s] Level 5:colcon.colcon_core.verb:set package 'amr_msg_interfaces' build argument 'cmake_force_configure' from command line to 'False'
[0.311s] Level 5:colcon.colcon_core.verb:set package 'amr_msg_interfaces' build argument 'ament_cmake_args' from command line to 'None'
[0.311s] Level 5:colcon.colcon_core.verb:set package 'amr_msg_interfaces' build argument 'catkin_cmake_args' from command line to 'None'
[0.311s] Level 5:colcon.colcon_core.verb:set package 'amr_msg_interfaces' build argument 'catkin_skip_building_tests' from command line to 'False'
[0.311s] DEBUG:colcon.colcon_core.verb:Building package 'amr_msg_interfaces' with the following arguments: {'ament_cmake_args': None, 'build_base': '/home/percy/camel-amr-projects/build/amr_msg_interfaces', 'catkin_cmake_args': None, 'catkin_skip_building_tests': False, 'cmake_args': None, 'cmake_clean_cache': False, 'cmake_clean_first': False, 'cmake_force_configure': False, 'cmake_target': None, 'cmake_target_skip_unavailable': False, 'install_base': '/home/percy/camel-amr-projects/install/amr_msg_interfaces', 'merge_install': False, 'path': '/home/percy/camel-amr-projects/src/amr_msg_interfaces', 'symlink_install': True, 'test_result_base': None}
[0.311s] Level 5:colcon.colcon_core.verb:set package 'amr-main-pkg' build argument 'cmake_args' from command line to 'None'
[0.311s] Level 5:colcon.colcon_core.verb:set package 'amr-main-pkg' build argument 'cmake_target' from command line to 'None'
[0.312s] Level 5:colcon.colcon_core.verb:set package 'amr-main-pkg' build argument 'cmake_target_skip_unavailable' from command line to 'False'
[0.312s] Level 5:colcon.colcon_core.verb:set package 'amr-main-pkg' build argument 'cmake_clean_cache' from command line to 'False'
[0.312s] Level 5:colcon.colcon_core.verb:set package 'amr-main-pkg' build argument 'cmake_clean_first' from command line to 'False'
[0.312s] Level 5:colcon.colcon_core.verb:set package 'amr-main-pkg' build argument 'cmake_force_configure' from command line to 'False'
[0.312s] Level 5:colcon.colcon_core.verb:set package 'amr-main-pkg' build argument 'ament_cmake_args' from command line to 'None'
[0.312s] Level 5:colcon.colcon_core.verb:set package 'amr-main-pkg' build argument 'catkin_cmake_args' from command line to 'None'
[0.312s] Level 5:colcon.colcon_core.verb:set package 'amr-main-pkg' build argument 'catkin_skip_building_tests' from command line to 'False'
[0.312s] DEBUG:colcon.colcon_core.verb:Building package 'amr-main-pkg' with the following arguments: {'ament_cmake_args': None, 'build_base': '/home/percy/camel-amr-projects/build/amr-main-pkg', 'catkin_cmake_args': None, 'catkin_skip_building_tests': False, 'cmake_args': None, 'cmake_clean_cache': False, 'cmake_clean_first': False, 'cmake_force_configure': False, 'cmake_target': None, 'cmake_target_skip_unavailable': False, 'install_base': '/home/percy/camel-amr-projects/install/amr-main-pkg', 'merge_install': False, 'path': '/home/percy/camel-amr-projects/src/amr-main-pkg', 'symlink_install': True, 'test_result_base': None}
[0.313s] INFO:colcon.colcon_core.executor:Executing jobs using 'parallel' executor
[0.316s] DEBUG:colcon.colcon_parallel_executor.executor.parallel:run_until_complete
[0.316s] INFO:colcon.colcon_ros.task.ament_cmake.build:Building ROS package in '/home/percy/camel-amr-projects/src/amr_msg_interfaces' with build type 'ament_cmake'
[0.316s] INFO:colcon.colcon_cmake.task.cmake.build:Building CMake package in '/home/percy/camel-amr-projects/src/amr_msg_interfaces'
[0.319s] INFO:colcon.colcon_core.plugin_system:Skipping extension 'colcon_core.shell.bat': Not used on non-Windows systems
[0.319s] INFO:colcon.colcon_core.shell:Skip shell extension 'powershell' for command environment: Not usable outside of PowerShell
[0.320s] DEBUG:colcon.colcon_core.shell:Skip shell extension 'dsv' for command environment
[0.324s] INFO:colcon.colcon_ros.task.ament_cmake.build:Building ROS package in '/home/percy/camel-amr-projects/src/amr-gazebo-pkg' with build type 'ament_cmake'
[0.324s] INFO:colcon.colcon_cmake.task.cmake.build:Building CMake package in '/home/percy/camel-amr-projects/src/amr-gazebo-pkg'
[0.325s] INFO:colcon.colcon_core.shell:Skip shell extension 'powershell' for command environment: Not usable outside of PowerShell
[0.325s] DEBUG:colcon.colcon_core.shell:Skip shell extension 'dsv' for command environment
[0.329s] INFO:colcon.colcon_ros.task.ament_cmake.build:Building ROS package in '/home/percy/camel-amr-projects/src/amr-obstacle-pkg' with build type 'ament_cmake'
[0.329s] INFO:colcon.colcon_cmake.task.cmake.build:Building CMake package in '/home/percy/camel-amr-projects/src/amr-obstacle-pkg'
[0.330s] INFO:colcon.colcon_core.shell:Skip shell extension 'powershell' for command environment: Not usable outside of PowerShell
[0.330s] DEBUG:colcon.colcon_core.shell:Skip shell extension 'dsv' for command environment
[0.340s] DEBUG:colcon.colcon_core.event_handler.log_command:Invoking command in '/home/percy/camel-amr-projects/build/amr_msg_interfaces': CMAKE_PREFIX_PATH=${CMAKE_PREFIX_PATH}:/opt/ros/foxy /usr/local/bin/cmake --build /home/percy/camel-amr-projects/build/amr_msg_interfaces -- -j6 -l6
[0.343s] DEBUG:colcon.colcon_core.event_handler.log_command:Invoking command in '/home/percy/camel-amr-projects/build/amr-gazebo-pkg': CMAKE_PREFIX_PATH=${CMAKE_PREFIX_PATH}:/opt/ros/foxy /usr/local/bin/cmake --build /home/percy/camel-amr-projects/build/amr-gazebo-pkg -- -j6 -l6
[0.348s] DEBUG:colcon.colcon_core.event_handler.log_command:Invoking command in '/home/percy/camel-amr-projects/build/amr-obstacle-pkg': CMAKE_PREFIX_PATH=${CMAKE_PREFIX_PATH}:/opt/ros/foxy /usr/local/bin/cmake --build /home/percy/camel-amr-projects/build/amr-obstacle-pkg -- -j6 -l6
[0.362s] DEBUG:colcon.colcon_core.event_handler.log_command:Invoked command in '/home/percy/camel-amr-projects/build/amr-gazebo-pkg' returned '0': CMAKE_PREFIX_PATH=${CMAKE_PREFIX_PATH}:/opt/ros/foxy /usr/local/bin/cmake --build /home/percy/camel-amr-projects/build/amr-gazebo-pkg -- -j6 -l6
[0.382s] DEBUG:colcon.colcon_core.event_handler.log_command:Invoking command in '/home/percy/camel-amr-projects/build/amr-gazebo-pkg': CMAKE_PREFIX_PATH=${CMAKE_PREFIX_PATH}:/opt/ros/foxy /usr/local/bin/cmake --install /home/percy/camel-amr-projects/build/amr-gazebo-pkg
[0.384s] DEBUG:colcon.colcon_core.event_handler.log_command:Invoked command in '/home/percy/camel-amr-projects/build/amr-obstacle-pkg' returned '0': CMAKE_PREFIX_PATH=${CMAKE_PREFIX_PATH}:/opt/ros/foxy /usr/local/bin/cmake --build /home/percy/camel-amr-projects/build/amr-obstacle-pkg -- -j6 -l6
[0.393s] Level 1:colcon.colcon_core.environment:create_environment_scripts_only(amr-gazebo-pkg)
[0.393s] DEBUG:colcon.colcon_core.event_handler.log_command:Invoked command in '/home/percy/camel-amr-projects/build/amr-gazebo-pkg' returned '0': CMAKE_PREFIX_PATH=${CMAKE_PREFIX_PATH}:/opt/ros/foxy /usr/local/bin/cmake --install /home/percy/camel-amr-projects/build/amr-gazebo-pkg
[0.398s] Level 1:colcon.colcon_core.environment:checking '/home/percy/camel-amr-projects/install/amr-gazebo-pkg' for CMake module files
[0.399s] Level 1:colcon.colcon_core.environment:checking '/home/percy/camel-amr-projects/install/amr-gazebo-pkg' for CMake config files
[0.399s] Level 1:colcon.colcon_core.shell:create_environment_hook('amr-gazebo-pkg', 'cmake_prefix_path')
[0.401s] INFO:colcon.colcon_core.shell:Creating environment hook '/home/percy/camel-amr-projects/install/amr-gazebo-pkg/share/amr-gazebo-pkg/hook/cmake_prefix_path.ps1'
[0.401s] INFO:colcon.colcon_core.shell:Creating environment descriptor '/home/percy/camel-amr-projects/install/amr-gazebo-pkg/share/amr-gazebo-pkg/hook/cmake_prefix_path.dsv'
[0.402s] INFO:colcon.colcon_core.shell:Creating environment hook '/home/percy/camel-amr-projects/install/amr-gazebo-pkg/share/amr-gazebo-pkg/hook/cmake_prefix_path.sh'
[0.403s] Level 1:colcon.colcon_core.environment:checking '/home/percy/camel-amr-projects/install/amr-gazebo-pkg/bin'
[0.403s] Level 1:colcon.colcon_core.environment:checking '/home/percy/camel-amr-projects/install/amr-gazebo-pkg/lib/pkgconfig/amr-gazebo-pkg.pc'
[0.403s] Level 1:colcon.colcon_core.environment:checking '/home/percy/camel-amr-projects/install/amr-gazebo-pkg/lib/python3.8/site-packages'
[0.403s] Level 1:colcon.colcon_core.environment:checking '/home/percy/camel-amr-projects/install/amr-gazebo-pkg/bin'
[0.404s] INFO:colcon.colcon_core.shell:Creating package script '/home/percy/camel-amr-projects/install/amr-gazebo-pkg/share/amr-gazebo-pkg/package.ps1'
[0.405s] INFO:colcon.colcon_core.shell:Creating package descriptor '/home/percy/camel-amr-projects/install/amr-gazebo-pkg/share/amr-gazebo-pkg/package.dsv'
[0.405s] INFO:colcon.colcon_core.shell:Creating package script '/home/percy/camel-amr-projects/install/amr-gazebo-pkg/share/amr-gazebo-pkg/package.sh'
[0.405s] INFO:colcon.colcon_core.shell:Creating package script '/home/percy/camel-amr-projects/install/amr-gazebo-pkg/share/amr-gazebo-pkg/package.bash'
[0.406s] INFO:colcon.colcon_core.shell:Creating package script '/home/percy/camel-amr-projects/install/amr-gazebo-pkg/share/amr-gazebo-pkg/package.zsh'
[0.407s] Level 1:colcon.colcon_core.environment:create_file_with_runtime_dependencies(/home/percy/camel-amr-projects/install/amr-gazebo-pkg/share/colcon-core/packages/amr-gazebo-pkg)
[0.412s] DEBUG:colcon.colcon_core.event_handler.log_command:Invoking command in '/home/percy/camel-amr-projects/build/amr-obstacle-pkg': CMAKE_PREFIX_PATH=${CMAKE_PREFIX_PATH}:/opt/ros/foxy /usr/local/bin/cmake --install /home/percy/camel-amr-projects/build/amr-obstacle-pkg
[0.420s] Level 1:colcon.colcon_core.environment:create_environment_scripts_only(amr-gazebo-pkg)
[0.422s] Level 1:colcon.colcon_core.environment:checking '/home/percy/camel-amr-projects/install/amr-gazebo-pkg' for CMake module files
[0.422s] Level 1:colcon.colcon_core.environment:checking '/home/percy/camel-amr-projects/install/amr-gazebo-pkg' for CMake config files
[0.423s] Level 1:colcon.colcon_core.shell:create_environment_hook('amr-gazebo-pkg', 'cmake_prefix_path')
[0.423s] INFO:colcon.colcon_core.shell:Creating environment hook '/home/percy/camel-amr-projects/install/amr-gazebo-pkg/share/amr-gazebo-pkg/hook/cmake_prefix_path.ps1'
[0.424s] INFO:colcon.colcon_core.shell:Creating environment descriptor '/home/percy/camel-amr-projects/install/amr-gazebo-pkg/share/amr-gazebo-pkg/hook/cmake_prefix_path.dsv'
[0.424s] INFO:colcon.colcon_core.shell:Creating environment hook '/home/percy/camel-amr-projects/install/amr-gazebo-pkg/share/amr-gazebo-pkg/hook/cmake_prefix_path.sh'
[0.424s] Level 1:colcon.colcon_core.environment:checking '/home/percy/camel-amr-projects/install/amr-gazebo-pkg/bin'
[0.424s] Level 1:colcon.colcon_core.environment:checking '/home/percy/camel-amr-projects/install/amr-gazebo-pkg/lib/pkgconfig/amr-gazebo-pkg.pc'
[0.424s] Level 1:colcon.colcon_core.environment:checking '/home/percy/camel-amr-projects/install/amr-gazebo-pkg/lib/python3.8/site-packages'
[0.425s] Level 1:colcon.colcon_core.environment:checking '/home/percy/camel-amr-projects/install/amr-gazebo-pkg/bin'
[0.426s] INFO:colcon.colcon_core.shell:Creating package script '/home/percy/camel-amr-projects/install/amr-gazebo-pkg/share/amr-gazebo-pkg/package.ps1'
[0.426s] INFO:colcon.colcon_core.shell:Creating package descriptor '/home/percy/camel-amr-projects/install/amr-gazebo-pkg/share/amr-gazebo-pkg/package.dsv'
[0.426s] INFO:colcon.colcon_core.shell:Creating package script '/home/percy/camel-amr-projects/install/amr-gazebo-pkg/share/amr-gazebo-pkg/package.sh'
[0.426s] INFO:colcon.colcon_core.shell:Creating package script '/home/percy/camel-amr-projects/install/amr-gazebo-pkg/share/amr-gazebo-pkg/package.bash'
[0.427s] INFO:colcon.colcon_core.shell:Creating package script '/home/percy/camel-amr-projects/install/amr-gazebo-pkg/share/amr-gazebo-pkg/package.zsh'
[0.427s] Level 1:colcon.colcon_core.environment:create_file_with_runtime_dependencies(/home/percy/camel-amr-projects/install/amr-gazebo-pkg/share/colcon-core/packages/amr-gazebo-pkg)
[0.428s] Level 1:colcon.colcon_core.environment:create_environment_scripts_only(amr-obstacle-pkg)
[0.430s] Level 1:colcon.colcon_core.environment:checking '/home/percy/camel-amr-projects/install/amr-obstacle-pkg' for CMake module files
[0.431s] DEBUG:colcon.colcon_core.event_handler.log_command:Invoked command in '/home/percy/camel-amr-projects/build/amr-obstacle-pkg' returned '0': CMAKE_PREFIX_PATH=${CMAKE_PREFIX_PATH}:/opt/ros/foxy /usr/local/bin/cmake --install /home/percy/camel-amr-projects/build/amr-obstacle-pkg
[0.431s] Level 1:colcon.colcon_core.environment:checking '/home/percy/camel-amr-projects/install/amr-obstacle-pkg' for CMake config files
[0.431s] Level 1:colcon.colcon_core.shell:create_environment_hook('amr-obstacle-pkg', 'cmake_prefix_path')
[0.433s] INFO:colcon.colcon_core.shell:Creating environment hook '/home/percy/camel-amr-projects/install/amr-obstacle-pkg/share/amr-obstacle-pkg/hook/cmake_prefix_path.ps1'
[0.433s] INFO:colcon.colcon_core.shell:Creating environment descriptor '/home/percy/camel-amr-projects/install/amr-obstacle-pkg/share/amr-obstacle-pkg/hook/cmake_prefix_path.dsv'
[0.433s] INFO:colcon.colcon_core.shell:Creating environment hook '/home/percy/camel-amr-projects/install/amr-obstacle-pkg/share/amr-obstacle-pkg/hook/cmake_prefix_path.sh'
[0.434s] Level 1:colcon.colcon_core.environment:checking '/home/percy/camel-amr-projects/install/amr-obstacle-pkg/lib'
[0.434s] Level 1:colcon.colcon_core.environment:checking '/home/percy/camel-amr-projects/install/amr-obstacle-pkg/bin'
[0.434s] Level 1:colcon.colcon_core.environment:checking '/home/percy/camel-amr-projects/install/amr-obstacle-pkg/lib/pkgconfig/amr-obstacle-pkg.pc'
[0.434s] Level 1:colcon.colcon_core.environment:checking '/home/percy/camel-amr-projects/install/amr-obstacle-pkg/lib/python3.8/site-packages'
[0.434s] Level 1:colcon.colcon_core.environment:checking '/home/percy/camel-amr-projects/install/amr-obstacle-pkg/bin'
[0.436s] INFO:colcon.colcon_core.shell:Creating package script '/home/percy/camel-amr-projects/install/amr-obstacle-pkg/share/amr-obstacle-pkg/package.ps1'
[0.436s] INFO:colcon.colcon_core.shell:Creating package descriptor '/home/percy/camel-amr-projects/install/amr-obstacle-pkg/share/amr-obstacle-pkg/package.dsv'
[0.437s] INFO:colcon.colcon_core.shell:Creating package script '/home/percy/camel-amr-projects/install/amr-obstacle-pkg/share/amr-obstacle-pkg/package.sh'
[0.437s] INFO:colcon.colcon_core.shell:Creating package script '/home/percy/camel-amr-projects/install/amr-obstacle-pkg/share/amr-obstacle-pkg/package.bash'
[0.437s] INFO:colcon.colcon_core.shell:Creating package script '/home/percy/camel-amr-projects/install/amr-obstacle-pkg/share/amr-obstacle-pkg/package.zsh'
[0.438s] Level 1:colcon.colcon_core.environment:create_file_with_runtime_dependencies(/home/percy/camel-amr-projects/install/amr-obstacle-pkg/share/colcon-core/packages/amr-obstacle-pkg)
[0.440s] DEBUG:colcon.colcon_core.event_handler.log_command:Invoked command in '/home/percy/camel-amr-projects/build/amr_msg_interfaces' returned '0': CMAKE_PREFIX_PATH=${CMAKE_PREFIX_PATH}:/opt/ros/foxy /usr/local/bin/cmake --build /home/percy/camel-amr-projects/build/amr_msg_interfaces -- -j6 -l6
[0.460s] Level 1:colcon.colcon_core.environment:create_environment_scripts_only(amr-obstacle-pkg)
[0.462s] Level 1:colcon.colcon_core.environment:checking '/home/percy/camel-amr-projects/install/amr-obstacle-pkg' for CMake module files
[0.463s] Level 1:colcon.colcon_core.environment:checking '/home/percy/camel-amr-projects/install/amr-obstacle-pkg' for CMake config files
[0.463s] Level 1:colcon.colcon_core.shell:create_environment_hook('amr-obstacle-pkg', 'cmake_prefix_path')
[0.464s] INFO:colcon.colcon_core.shell:Creating environment hook '/home/percy/camel-amr-projects/install/amr-obstacle-pkg/share/amr-obstacle-pkg/hook/cmake_prefix_path.ps1'
[0.464s] INFO:colcon.colcon_core.shell:Creating environment descriptor '/home/percy/camel-amr-projects/install/amr-obstacle-pkg/share/amr-obstacle-pkg/hook/cmake_prefix_path.dsv'
[0.465s] INFO:colcon.colcon_core.shell:Creating environment hook '/home/percy/camel-amr-projects/install/amr-obstacle-pkg/share/amr-obstacle-pkg/hook/cmake_prefix_path.sh'
[0.465s] Level 1:colcon.colcon_core.environment:checking '/home/percy/camel-amr-projects/install/amr-obstacle-pkg/lib'
[0.465s] Level 1:colcon.colcon_core.environment:checking '/home/percy/camel-amr-projects/install/amr-obstacle-pkg/bin'
[0.465s] Level 1:colcon.colcon_core.environment:checking '/home/percy/camel-amr-projects/install/amr-obstacle-pkg/lib/pkgconfig/amr-obstacle-pkg.pc'
[0.465s] Level 1:colcon.colcon_core.environment:checking '/home/percy/camel-amr-projects/install/amr-obstacle-pkg/lib/python3.8/site-packages'
[0.465s] Level 1:colcon.colcon_core.environment:checking '/home/percy/camel-amr-projects/install/amr-obstacle-pkg/bin'
[0.466s] INFO:colcon.colcon_core.shell:Creating package script '/home/percy/camel-amr-projects/install/amr-obstacle-pkg/share/amr-obstacle-pkg/package.ps1'
[0.466s] INFO:colcon.colcon_core.shell:Creating package descriptor '/home/percy/camel-amr-projects/install/amr-obstacle-pkg/share/amr-obstacle-pkg/package.dsv'
[0.467s] INFO:colcon.colcon_core.shell:Creating package script '/home/percy/camel-amr-projects/install/amr-obstacle-pkg/share/amr-obstacle-pkg/package.sh'
[0.467s] INFO:colcon.colcon_core.shell:Creating package script '/home/percy/camel-amr-projects/install/amr-obstacle-pkg/share/amr-obstacle-pkg/package.bash'
[0.467s] INFO:colcon.colcon_core.shell:Creating package script '/home/percy/camel-amr-projects/install/amr-obstacle-pkg/share/amr-obstacle-pkg/package.zsh'
[0.467s] Level 1:colcon.colcon_core.environment:create_file_with_runtime_dependencies(/home/percy/camel-amr-projects/install/amr-obstacle-pkg/share/colcon-core/packages/amr-obstacle-pkg)
[0.483s] DEBUG:colcon.colcon_core.event_handler.log_command:Invoking command in '/home/percy/camel-amr-projects/build/amr_msg_interfaces': CMAKE_PREFIX_PATH=${CMAKE_PREFIX_PATH}:/opt/ros/foxy /usr/local/bin/cmake --install /home/percy/camel-amr-projects/build/amr_msg_interfaces
[0.529s] Level 1:colcon.colcon_core.environment:create_environment_scripts_only(amr_msg_interfaces)
[0.533s] Level 1:colcon.colcon_core.environment:checking '/home/percy/camel-amr-projects/install/amr_msg_interfaces' for CMake module files
[0.533s] DEBUG:colcon.colcon_core.event_handler.log_command:Invoked command in '/home/percy/camel-amr-projects/build/amr_msg_interfaces' returned '0': CMAKE_PREFIX_PATH=${CMAKE_PREFIX_PATH}:/opt/ros/foxy /usr/local/bin/cmake --install /home/percy/camel-amr-projects/build/amr_msg_interfaces
[0.534s] Level 1:colcon.colcon_core.environment:checking '/home/percy/camel-amr-projects/install/amr_msg_interfaces' for CMake config files
[0.534s] Level 1:colcon.colcon_core.shell:create_environment_hook('amr_msg_interfaces', 'cmake_prefix_path')
[0.536s] INFO:colcon.colcon_core.shell:Creating environment hook '/home/percy/camel-amr-projects/install/amr_msg_interfaces/share/amr_msg_interfaces/hook/cmake_prefix_path.ps1'
[0.537s] INFO:colcon.colcon_core.shell:Creating environment descriptor '/home/percy/camel-amr-projects/install/amr_msg_interfaces/share/amr_msg_interfaces/hook/cmake_prefix_path.dsv'
[0.537s] INFO:colcon.colcon_core.shell:Creating environment hook '/home/percy/camel-amr-projects/install/amr_msg_interfaces/share/amr_msg_interfaces/hook/cmake_prefix_path.sh'
[0.538s] Level 1:colcon.colcon_core.environment:checking '/home/percy/camel-amr-projects/install/amr_msg_interfaces/lib'
[0.538s] Level 1:colcon.colcon_core.shell:create_environment_hook('amr_msg_interfaces', 'ld_library_path_lib')
[0.540s] INFO:colcon.colcon_core.shell:Creating environment hook '/home/percy/camel-amr-projects/install/amr_msg_interfaces/share/amr_msg_interfaces/hook/ld_library_path_lib.ps1'
[0.540s] INFO:colcon.colcon_core.shell:Creating environment descriptor '/home/percy/camel-amr-projects/install/amr_msg_interfaces/share/amr_msg_interfaces/hook/ld_library_path_lib.dsv'
[0.540s] INFO:colcon.colcon_core.shell:Creating environment hook '/home/percy/camel-amr-projects/install/amr_msg_interfaces/share/amr_msg_interfaces/hook/ld_library_path_lib.sh'
[0.540s] Level 1:colcon.colcon_core.environment:checking '/home/percy/camel-amr-projects/install/amr_msg_interfaces/bin'
[0.540s] Level 1:colcon.colcon_core.environment:checking '/home/percy/camel-amr-projects/install/amr_msg_interfaces/lib/pkgconfig/amr_msg_interfaces.pc'
[0.541s] Level 1:colcon.colcon_core.environment:checking '/home/percy/camel-amr-projects/install/amr_msg_interfaces/lib/python3.8/site-packages'
[0.541s] Level 1:colcon.colcon_core.shell:create_environment_hook('amr_msg_interfaces', 'pythonpath')
[0.542s] INFO:colcon.colcon_core.shell:Creating environment hook '/home/percy/camel-amr-projects/install/amr_msg_interfaces/share/amr_msg_interfaces/hook/pythonpath.ps1'
[0.542s] INFO:colcon.colcon_core.shell:Creating environment descriptor '/home/percy/camel-amr-projects/install/amr_msg_interfaces/share/amr_msg_interfaces/hook/pythonpath.dsv'
[0.542s] INFO:colcon.colcon_core.shell:Creating environment hook '/home/percy/camel-amr-projects/install/amr_msg_interfaces/share/amr_msg_interfaces/hook/pythonpath.sh'
[0.542s] Level 1:colcon.colcon_core.environment:checking '/home/percy/camel-amr-projects/install/amr_msg_interfaces/bin'
[0.543s] INFO:colcon.colcon_core.shell:Creating package script '/home/percy/camel-amr-projects/install/amr_msg_interfaces/share/amr_msg_interfaces/package.ps1'
[0.544s] INFO:colcon.colcon_core.shell:Creating package descriptor '/home/percy/camel-amr-projects/install/amr_msg_interfaces/share/amr_msg_interfaces/package.dsv'
[0.544s] INFO:colcon.colcon_core.shell:Creating package script '/home/percy/camel-amr-projects/install/amr_msg_interfaces/share/amr_msg_interfaces/package.sh'
[0.544s] INFO:colcon.colcon_core.shell:Creating package script '/home/percy/camel-amr-projects/install/amr_msg_interfaces/share/amr_msg_interfaces/package.bash'
[0.544s] INFO:colcon.colcon_core.shell:Creating package script '/home/percy/camel-amr-projects/install/amr_msg_interfaces/share/amr_msg_interfaces/package.zsh'
[0.544s] Level 1:colcon.colcon_core.environment:create_file_with_runtime_dependencies(/home/percy/camel-amr-projects/install/amr_msg_interfaces/share/colcon-core/packages/amr_msg_interfaces)
[0.586s] Level 1:colcon.colcon_core.environment:create_environment_scripts_only(amr_msg_interfaces)
[0.588s] Level 1:colcon.colcon_core.environment:checking '/home/percy/camel-amr-projects/install/amr_msg_interfaces' for CMake module files
[0.589s] Level 1:colcon.colcon_core.environment:checking '/home/percy/camel-amr-projects/install/amr_msg_interfaces' for CMake config files
[0.589s] Level 1:colcon.colcon_core.shell:create_environment_hook('amr_msg_interfaces', 'cmake_prefix_path')
[0.590s] INFO:colcon.colcon_core.shell:Creating environment hook '/home/percy/camel-amr-projects/install/amr_msg_interfaces/share/amr_msg_interfaces/hook/cmake_prefix_path.ps1'
[0.590s] INFO:colcon.colcon_core.shell:Creating environment descriptor '/home/percy/camel-amr-projects/install/amr_msg_interfaces/share/amr_msg_interfaces/hook/cmake_prefix_path.dsv'
[0.590s] INFO:colcon.colcon_core.shell:Creating environment hook '/home/percy/camel-amr-projects/install/amr_msg_interfaces/share/amr_msg_interfaces/hook/cmake_prefix_path.sh'
[0.591s] Level 1:colcon.colcon_core.environment:checking '/home/percy/camel-amr-projects/install/amr_msg_interfaces/lib'
[0.591s] Level 1:colcon.colcon_core.shell:create_environment_hook('amr_msg_interfaces', 'ld_library_path_lib')
[0.592s] INFO:colcon.colcon_core.shell:Creating environment hook '/home/percy/camel-amr-projects/install/amr_msg_interfaces/share/amr_msg_interfaces/hook/ld_library_path_lib.ps1'
[0.592s] INFO:colcon.colcon_core.shell:Creating environment descriptor '/home/percy/camel-amr-projects/install/amr_msg_interfaces/share/amr_msg_interfaces/hook/ld_library_path_lib.dsv'
[0.592s] INFO:colcon.colcon_core.shell:Creating environment hook '/home/percy/camel-amr-projects/install/amr_msg_interfaces/share/amr_msg_interfaces/hook/ld_library_path_lib.sh'
[0.593s] Level 1:colcon.colcon_core.environment:checking '/home/percy/camel-amr-projects/install/amr_msg_interfaces/bin'
[0.593s] Level 1:colcon.colcon_core.environment:checking '/home/percy/camel-amr-projects/install/amr_msg_interfaces/lib/pkgconfig/amr_msg_interfaces.pc'
[0.593s] Level 1:colcon.colcon_core.environment:checking '/home/percy/camel-amr-projects/install/amr_msg_interfaces/lib/python3.8/site-packages'
[0.593s] Level 1:colcon.colcon_core.shell:create_environment_hook('amr_msg_interfaces', 'pythonpath')
[0.594s] INFO:colcon.colcon_core.shell:Creating environment hook '/home/percy/camel-amr-projects/install/amr_msg_interfaces/share/amr_msg_interfaces/hook/pythonpath.ps1'
[0.594s] INFO:colcon.colcon_core.shell:Creating environment descriptor '/home/percy/camel-amr-projects/install/amr_msg_interfaces/share/amr_msg_interfaces/hook/pythonpath.dsv'
[0.594s] INFO:colcon.colcon_core.shell:Creating environment hook '/home/percy/camel-amr-projects/install/amr_msg_interfaces/share/amr_msg_interfaces/hook/pythonpath.sh'
[0.594s] Level 1:colcon.colcon_core.environment:checking '/home/percy/camel-amr-projects/install/amr_msg_interfaces/bin'
[0.595s] INFO:colcon.colcon_core.shell:Creating package script '/home/percy/camel-amr-projects/install/amr_msg_interfaces/share/amr_msg_interfaces/package.ps1'
[0.596s] INFO:colcon.colcon_core.shell:Creating package descriptor '/home/percy/camel-amr-projects/install/amr_msg_interfaces/share/amr_msg_interfaces/package.dsv'
[0.596s] INFO:colcon.colcon_core.shell:Creating package script '/home/percy/camel-amr-projects/install/amr_msg_interfaces/share/amr_msg_interfaces/package.sh'
[0.596s] INFO:colcon.colcon_core.shell:Creating package script '/home/percy/camel-amr-projects/install/amr_msg_interfaces/share/amr_msg_interfaces/package.bash'
[0.596s] INFO:colcon.colcon_core.shell:Creating package script '/home/percy/camel-amr-projects/install/amr_msg_interfaces/share/amr_msg_interfaces/package.zsh'
[0.597s] Level 1:colcon.colcon_core.environment:create_file_with_runtime_dependencies(/home/percy/camel-amr-projects/install/amr_msg_interfaces/share/colcon-core/packages/amr_msg_interfaces)
[0.597s] INFO:colcon.colcon_ros.task.ament_cmake.build:Building ROS package in '/home/percy/camel-amr-projects/src/amr-main-pkg' with build type 'ament_cmake'
[0.597s] INFO:colcon.colcon_cmake.task.cmake.build:Building CMake package in '/home/percy/camel-amr-projects/src/amr-main-pkg'
[0.598s] INFO:colcon.colcon_core.shell:Skip shell extension 'powershell' for command environment: Not usable outside of PowerShell
[0.598s] DEBUG:colcon.colcon_core.shell:Skip shell extension 'dsv' for command environment
[0.610s] DEBUG:colcon.colcon_core.event_handler.log_command:Invoking command in '/home/percy/camel-amr-projects/build/amr-main-pkg': CMAKE_PREFIX_PATH=/home/percy/camel-amr-projects/install/amr_msg_interfaces:/home/percy/camel-amr-projects/install/amr-main-pkg:/home/percy/camel-amr-projects/install/amr-obstacle-pkg:/home/percy/camel-amr-projects/install/amr-gazebo-pkg:/opt/ros/foxy LD_LIBRARY_PATH=/home/percy/camel-amr-projects/install/amr_msg_interfaces/lib:/usr/lib/x86_64-linux-gnu/gazebo-11/plugins:/opt/ros/foxy/opt/yaml_cpp_vendor/lib:/opt/ros/foxy/opt/rviz_ogre_vendor/lib:/opt/ros/foxy/lib/x86_64-linux-gnu:/opt/ros/foxy/lib:home/percy/raisimLib/install/lib PYTHONPATH=/home/percy/camel-amr-projects/install/amr_msg_interfaces/lib/python3.8/site-packages:/opt/ros/foxy/lib/python3.8/site-packages:home/percy/raisimLib/install/lib /usr/local/bin/cmake --build /home/percy/camel-amr-projects/build/amr-main-pkg -- -j6 -l6
[3.882s] DEBUG:colcon.colcon_core.event_handler.log_command:Invoked command in '/home/percy/camel-amr-projects/build/amr-main-pkg' returned '2': CMAKE_PREFIX_PATH=/home/percy/camel-amr-projects/install/amr_msg_interfaces:/home/percy/camel-amr-projects/install/amr-main-pkg:/home/percy/camel-amr-projects/install/amr-obstacle-pkg:/home/percy/camel-amr-projects/install/amr-gazebo-pkg:/opt/ros/foxy LD_LIBRARY_PATH=/home/percy/camel-amr-projects/install/amr_msg_interfaces/lib:/usr/lib/x86_64-linux-gnu/gazebo-11/plugins:/opt/ros/foxy/opt/yaml_cpp_vendor/lib:/opt/ros/foxy/opt/rviz_ogre_vendor/lib:/opt/ros/foxy/lib/x86_64-linux-gnu:/opt/ros/foxy/lib:home/percy/raisimLib/install/lib PYTHONPATH=/home/percy/camel-amr-projects/install/amr_msg_interfaces/lib/python3.8/site-packages:/opt/ros/foxy/lib/python3.8/site-packages:home/percy/raisimLib/install/lib /usr/local/bin/cmake --build /home/percy/camel-amr-projects/build/amr-main-pkg -- -j6 -l6
[3.918s] Level 1:colcon.colcon_core.environment:create_environment_scripts_only(amr-main-pkg)
[3.921s] Level 1:colcon.colcon_core.environment:checking '/home/percy/camel-amr-projects/install/amr-main-pkg' for CMake module files
[3.921s] Level 1:colcon.colcon_core.environment:checking '/home/percy/camel-amr-projects/install/amr-main-pkg' for CMake config files
[3.922s] Level 1:colcon.colcon_core.shell:create_environment_hook('amr-main-pkg', 'cmake_prefix_path')
[3.923s] INFO:colcon.colcon_core.shell:Creating environment hook '/home/percy/camel-amr-projects/install/amr-main-pkg/share/amr-main-pkg/hook/cmake_prefix_path.ps1'
[3.924s] INFO:colcon.colcon_core.shell:Creating environment descriptor '/home/percy/camel-amr-projects/install/amr-main-pkg/share/amr-main-pkg/hook/cmake_prefix_path.dsv'
[3.924s] INFO:colcon.colcon_core.shell:Creating environment hook '/home/percy/camel-amr-projects/install/amr-main-pkg/share/amr-main-pkg/hook/cmake_prefix_path.sh'
[3.925s] Level 1:colcon.colcon_core.environment:checking '/home/percy/camel-amr-projects/install/amr-main-pkg/lib'
[3.925s] Level 1:colcon.colcon_core.environment:checking '/home/percy/camel-amr-projects/install/amr-main-pkg/bin'
[3.925s] Level 1:colcon.colcon_core.environment:checking '/home/percy/camel-amr-projects/install/amr-main-pkg/lib/pkgconfig/amr-main-pkg.pc'
[3.925s] Level 1:colcon.colcon_core.environment:checking '/home/percy/camel-amr-projects/install/amr-main-pkg/lib/python3.8/site-packages'
[3.925s] Level 1:colcon.colcon_core.environment:checking '/home/percy/camel-amr-projects/install/amr-main-pkg/bin'
[3.927s] INFO:colcon.colcon_core.shell:Creating package script '/home/percy/camel-amr-projects/install/amr-main-pkg/share/amr-main-pkg/package.ps1'
[3.927s] INFO:colcon.colcon_core.shell:Creating package descriptor '/home/percy/camel-amr-projects/install/amr-main-pkg/share/amr-main-pkg/package.dsv'
[3.928s] INFO:colcon.colcon_core.shell:Creating package script '/home/percy/camel-amr-projects/install/amr-main-pkg/share/amr-main-pkg/package.sh'
[3.928s] INFO:colcon.colcon_core.shell:Creating package script '/home/percy/camel-amr-projects/install/amr-main-pkg/share/amr-main-pkg/package.bash'
[3.928s] INFO:colcon.colcon_core.shell:Creating package script '/home/percy/camel-amr-projects/install/amr-main-pkg/share/amr-main-pkg/package.zsh'
[3.928s] Level 1:colcon.colcon_core.environment:create_file_with_runtime_dependencies(/home/percy/camel-amr-projects/install/amr-main-pkg/share/colcon-core/packages/amr-main-pkg)
[3.939s] DEBUG:colcon.colcon_parallel_executor.executor.parallel:closing loop
[3.939s] DEBUG:colcon.colcon_parallel_executor.executor.parallel:loop closed
[3.939s] DEBUG:colcon.colcon_parallel_executor.executor.parallel:run_until_complete finished with '2'
[3.939s] DEBUG:colcon.colcon_core.event_reactor:joining thread
[3.946s] INFO:colcon.colcon_core.plugin_system:Skipping extension 'colcon_notification.desktop_notification.terminal_notifier': Not used on non-Darwin systems
[3.946s] INFO:colcon.colcon_core.plugin_system:Skipping extension 'colcon_notification.desktop_notification.win32': Not used on non-Windows systems
[3.946s] INFO:colcon.colcon_notification.desktop_notification:Sending desktop notification using 'notify2'
[3.959s] DEBUG:colcon.colcon_core.event_reactor:joined thread
[3.961s] INFO:colcon.colcon_core.shell:Creating prefix script '/home/percy/camel-amr-projects/install/local_setup.ps1'
[3.962s] INFO:colcon.colcon_core.shell:Creating prefix util module '/home/percy/camel-amr-projects/install/_local_setup_util_ps1.py'
[3.963s] INFO:colcon.colcon_core.shell:Creating prefix chain script '/home/percy/camel-amr-projects/install/setup.ps1'
[3.965s] INFO:colcon.colcon_core.shell:Creating prefix script '/home/percy/camel-amr-projects/install/local_setup.sh'
[3.965s] INFO:colcon.colcon_core.shell:Creating prefix util module '/home/percy/camel-amr-projects/install/_local_setup_util_sh.py'
[3.966s] INFO:colcon.colcon_core.shell:Creating prefix chain script '/home/percy/camel-amr-projects/install/setup.sh'
[3.967s] INFO:colcon.colcon_core.shell:Creating prefix script '/home/percy/camel-amr-projects/install/local_setup.bash'
[3.968s] INFO:colcon.colcon_core.shell:Creating prefix chain script '/home/percy/camel-amr-projects/install/setup.bash'
[3.968s] INFO:colcon.colcon_core.shell:Creating prefix script '/home/percy/camel-amr-projects/install/local_setup.zsh'
[3.969s] INFO:colcon.colcon_core.shell:Creating prefix chain script '/home/percy/camel-amr-projects/install/setup.zsh'
