[ 16%] [34m[1mAutomatic MOC and UIC for target astar_lib[0m
[ 16%] [34m[1mAutomatic MOC and UIC for target dynamicObstacle_lib[0m
[ 16%] [34m[1mAutomatic MOC and UIC for target visualize_lib[0m
[ 16%] [34m[1mAutomatic MOC and UIC for target obsDetection_lib[0m
[ 16%] [34m[1mAutomatic MOC and UIC for target clusteringDynamicObs_lib[0m
[ 20%] [34m[1mAutomatic MOC and UIC for target mainwindow_lib[0m
[ 20%] Built target clusteringDynamicObs_lib_autogen
[ 20%] Built target mainwindow_lib_autogen
[ 20%] Built target visualize_lib_autogen
[ 20%] Built target astar_lib_autogen
[ 20%] Built target obsDetection_lib_autogen
[ 20%] Built target dynamicObstacle_lib_autogen
[ 30%] Built target visualize_lib
[ 46%] Built target astar_lib
[ 50%] Built target clusteringDynamicObs_lib
[ 60%] Built target obsDetection_lib
[ 70%] Built target dynamicObstacle_lib
[ 83%] Built target mainwindow_lib
[ 86%] [34m[1mAutomatic MOC and UIC for target simulmain[0m
[ 86%] Built target simulmain_autogen
[ 90%] [32mBuilding CXX object CMakeFiles/simulmain.dir/src/simulmain/simul_main.cpp.o[0m
