[0.009s] Invoking command in '/home/dongju/camel-amr-projects/build/amr-main-pkg': CMAKE_PREFIX_PATH=/home/dongju/camel-amr-projects/install/amr_msg_interfaces:/home/dongju/camel-amr-projects/install/amr-main-pkg:/home/dongju/camel-amr-projects/install/amr-obstacle-pkg:/home/dongju/camel-amr-projects/install/amr-gazebo-pkg:/opt/ros/foxy LD_LIBRARY_PATH=/home/dongju/camel-amr-projects/install/amr_msg_interfaces/lib:/usr/lib/x86_64-linux-gnu/gazebo-11/plugins:/opt/ros/foxy/opt/yaml_cpp_vendor/lib:/opt/ros/foxy/opt/rviz_ogre_vendor/lib:/opt/ros/foxy/lib/x86_64-linux-gnu:/opt/ros/foxy/lib:home/dongju/raisimLib/install/lib PYTHONPATH=/home/dongju/camel-amr-projects/install/amr_msg_interfaces/lib/python3.8/site-packages:/opt/ros/foxy/lib/python3.8/site-packages:home/dongju/raisimLib/install/lib /usr/local/bin/cmake --build /home/dongju/camel-amr-projects/build/amr-main-pkg -- -j10 -l10
[0.025s] [ 19%] [34m[1mAutomatic MOC and UIC for target dynamicObstacle_lib[0m
[0.025s] [ 19%] [34m[1mAutomatic MOC and UIC for target obsDetection_lib[0m
[0.025s] [ 19%] [34m[1mAutomatic MOC and UIC for target clusteringDynamicObs_lib[0m
[0.025s] [ 19%] [34m[1mAutomatic MOC and UIC for target astar_lib[0m
[0.025s] [ 19%] [34m[1mAutomatic MOC and UIC for target visualize_lib[0m
[0.031s] [ 19%] Built target clusteringDynamicObs_lib_autogen
[0.031s] [ 19%] Built target obsDetection_lib_autogen
[0.031s] [ 19%] Built target visualize_lib_autogen
[0.031s] [ 19%] Built target astar_lib_autogen
[0.031s] [ 19%] Built target dynamicObstacle_lib_autogen
[0.038s] [ 42%] Built target obsDetection_lib
[0.039s] [ 42%] Built target visualize_lib
[0.039s] [ 53%] Built target astar_lib
[0.039s] [ 65%] Built target dynamicObstacle_lib
[0.039s] [ 76%] Built target clusteringDynamicObs_lib
[0.044s] [ 80%] [34m[1mAutomatic MOC and UIC for target simulmain[0m
[0.205s] [ 80%] Built target simulmain_autogen
[0.232s] [ 84%] [32mBuilding CXX object CMakeFiles/simulmain.dir/simulmain_autogen/mocs_compilation.cpp.o[0m
[0.232s] [ 88%] [32mBuilding CXX object CMakeFiles/simulmain.dir/src/simulmain/simul_main.cpp.o[0m
[0.232s] [ 92%] [32mBuilding CXX object CMakeFiles/simulmain.dir/src/simulmain/mainwindow.cpp.o[0m
[3.132s] [01m[K/home/dongju/camel-amr-projects/src/amr-main-pkg/src/simulmain/mainwindow.cpp:[m[K In member function ‘[01m[Kvoid MainWindow::updateHeading(double)[m[K’:
[3.132s] [01m[K/home/dongju/camel-amr-projects/src/amr-main-pkg/src/simulmain/mainwindow.cpp:37:9:[m[K [01;31m[Kerror: [m[K‘[01m[Kclass Ui::MainWindow[m[K’ has no member named ‘[01m[Klabel[m[K’
[3.132s]    37 |     ui->[01;31m[Klabel[m[K->setText(QString("바뀐 값: %1").arg(newHeading));
[3.132s]       |         [01;31m[K^~~~~[m[K
[3.980s] make[2]: *** [CMakeFiles/simulmain.dir/build.make:104: CMakeFiles/simulmain.dir/src/simulmain/mainwindow.cpp.o] Error 1
[3.980s] make[2]: *** Waiting for unfinished jobs....
[6.244s] make[1]: *** [CMakeFiles/Makefile2:288: CMakeFiles/simulmain.dir/all] Error 2
[6.244s] make: *** [Makefile:146: all] Error 2
[6.245s] Invoked command in '/home/dongju/camel-amr-projects/build/amr-main-pkg' returned '2': CMAKE_PREFIX_PATH=/home/dongju/camel-amr-projects/install/amr_msg_interfaces:/home/dongju/camel-amr-projects/install/amr-main-pkg:/home/dongju/camel-amr-projects/install/amr-obstacle-pkg:/home/dongju/camel-amr-projects/install/amr-gazebo-pkg:/opt/ros/foxy LD_LIBRARY_PATH=/home/dongju/camel-amr-projects/install/amr_msg_interfaces/lib:/usr/lib/x86_64-linux-gnu/gazebo-11/plugins:/opt/ros/foxy/opt/yaml_cpp_vendor/lib:/opt/ros/foxy/opt/rviz_ogre_vendor/lib:/opt/ros/foxy/lib/x86_64-linux-gnu:/opt/ros/foxy/lib:home/dongju/raisimLib/install/lib PYTHONPATH=/home/dongju/camel-amr-projects/install/amr_msg_interfaces/lib/python3.8/site-packages:/opt/ros/foxy/lib/python3.8/site-packages:home/dongju/raisimLib/install/lib /usr/local/bin/cmake --build /home/dongju/camel-amr-projects/build/amr-main-pkg -- -j10 -l10
