[0.445s] DEBUG:colcon:Command line arguments: ['/usr/bin/colcon', 'build', '--cmake-args', '-DCMAKE_EXPORT_COMPILE_COMMANDS=1']
[0.445s] DEBUG:colcon:Parsed command line arguments: Namespace(allow_overriding=[], ament_cmake_args=None, base_paths=['.'], build_base='build', catkin_cmake_args=None, catkin_skip_building_tests=False, cmake_args=['-DCMAKE_EXPORT_COMPILE_COMMANDS=1'], cmake_clean_cache=False, cmake_clean_first=False, cmake_force_configure=False, cmake_target=None, cmake_target_skip_unavailable=False, continue_on_error=False, event_handlers=None, executor='parallel', ignore_user_meta=False, install_base='install', log_base=None, log_level=None, main=<bound method BuildVerb.main of <colcon_core.verb.build.BuildVerb object at 0x7f5c23382c70>>, merge_install=False, metas=['./colcon.meta'], packages_above=None, packages_above_and_dependencies=None, packages_above_depth=None, packages_end=None, packages_ignore=None, packages_ignore_regex=None, packages_select=None, packages_select_build_failed=False, packages_select_by_dep=None, packages_select_regex=None, packages_select_test_failures=False, packages_skip=None, packages_skip_build_finished=False, packages_skip_by_dep=None, packages_skip_regex=None, packages_skip_test_passed=False, packages_skip_up_to=None, packages_start=None, packages_up_to=None, packages_up_to_regex=None, parallel_workers=10, paths=None, symlink_install=False, test_result_base=None, verb_extension=<colcon_core.verb.build.BuildVerb object at 0x7f5c23382c70>, verb_name='build', verb_parser=<colcon_defaults.argument_parser.defaults.DefaultArgumentsDecorator object at 0x7f5c23390220>)
[0.489s] Level 1:colcon.colcon_core.package_discovery:discover_packages(colcon_meta) check parameters
[0.490s] Level 1:colcon.colcon_core.package_discovery:discover_packages(recursive) check parameters
[0.490s] Level 1:colcon.colcon_core.package_discovery:discover_packages(ignore) check parameters
[0.490s] Level 1:colcon.colcon_core.package_discovery:discover_packages(path) check parameters
[0.490s] Level 1:colcon.colcon_core.package_discovery:discover_packages(colcon_meta) discover
[0.490s] Level 1:colcon.colcon_core.package_discovery:discover_packages(recursive) discover
[0.490s] INFO:colcon.colcon_core.package_discovery:Crawling recursively for packages in '/home/dongju/camel-amr-projects'
[0.490s] Level 1:colcon.colcon_core.package_identification:_identify(.) by extensions ['ignore', 'ignore_ament_install']
[0.490s] Level 1:colcon.colcon_core.package_identification:_identify(.) by extension 'ignore'
[0.490s] Level 1:colcon.colcon_core.package_identification:_identify(.) by extension 'ignore_ament_install'
[0.490s] Level 1:colcon.colcon_core.package_identification:_identify(.) by extensions ['colcon_pkg']
[0.490s] Level 1:colcon.colcon_core.package_identification:_identify(.) by extension 'colcon_pkg'
[0.490s] Level 1:colcon.colcon_core.package_identification:_identify(.) by extensions ['colcon_meta']
[0.490s] Level 1:colcon.colcon_core.package_identification:_identify(.) by extension 'colcon_meta'
[0.490s] Level 1:colcon.colcon_core.package_identification:_identify(.) by extensions ['ros']
[0.490s] Level 1:colcon.colcon_core.package_identification:_identify(.) by extension 'ros'
[0.507s] Level 1:colcon.colcon_core.package_identification:_identify(.) by extensions ['cmake', 'python']
[0.507s] Level 1:colcon.colcon_core.package_identification:_identify(.) by extension 'cmake'
[0.507s] Level 1:colcon.colcon_core.package_identification:_identify(.) by extension 'python'
[0.507s] Level 1:colcon.colcon_core.package_identification:_identify(.) by extensions ['python_setup_py']
[0.508s] Level 1:colcon.colcon_core.package_identification:_identify(.) by extension 'python_setup_py'
[0.508s] Level 1:colcon.colcon_core.package_identification:_identify(build) by extensions ['ignore', 'ignore_ament_install']
[0.508s] Level 1:colcon.colcon_core.package_identification:_identify(build) by extension 'ignore'
[0.508s] Level 1:colcon.colcon_core.package_identification:_identify(build) ignored
[0.508s] Level 1:colcon.colcon_core.package_identification:_identify(install) by extensions ['ignore', 'ignore_ament_install']
[0.508s] Level 1:colcon.colcon_core.package_identification:_identify(install) by extension 'ignore'
[0.508s] Level 1:colcon.colcon_core.package_identification:_identify(install) ignored
[0.508s] Level 1:colcon.colcon_core.package_identification:_identify(log) by extensions ['ignore', 'ignore_ament_install']
[0.508s] Level 1:colcon.colcon_core.package_identification:_identify(log) by extension 'ignore'
[0.508s] Level 1:colcon.colcon_core.package_identification:_identify(log) ignored
[0.508s] Level 1:colcon.colcon_core.package_identification:_identify(src) by extensions ['ignore', 'ignore_ament_install']
[0.508s] Level 1:colcon.colcon_core.package_identification:_identify(src) by extension 'ignore'
[0.508s] Level 1:colcon.colcon_core.package_identification:_identify(src) by extension 'ignore_ament_install'
[0.508s] Level 1:colcon.colcon_core.package_identification:_identify(src) by extensions ['colcon_pkg']
[0.508s] Level 1:colcon.colcon_core.package_identification:_identify(src) by extension 'colcon_pkg'
[0.508s] Level 1:colcon.colcon_core.package_identification:_identify(src) by extensions ['colcon_meta']
[0.508s] Level 1:colcon.colcon_core.package_identification:_identify(src) by extension 'colcon_meta'
[0.509s] Level 1:colcon.colcon_core.package_identification:_identify(src) by extensions ['ros']
[0.509s] Level 1:colcon.colcon_core.package_identification:_identify(src) by extension 'ros'
[0.509s] Level 1:colcon.colcon_core.package_identification:_identify(src) by extensions ['cmake', 'python']
[0.509s] Level 1:colcon.colcon_core.package_identification:_identify(src) by extension 'cmake'
[0.509s] Level 1:colcon.colcon_core.package_identification:_identify(src) by extension 'python'
[0.509s] Level 1:colcon.colcon_core.package_identification:_identify(src) by extensions ['python_setup_py']
[0.509s] Level 1:colcon.colcon_core.package_identification:_identify(src) by extension 'python_setup_py'
[0.509s] Level 1:colcon.colcon_core.package_identification:_identify(src/amr-gazebo-pkg) by extensions ['ignore', 'ignore_ament_install']
[0.509s] Level 1:colcon.colcon_core.package_identification:_identify(src/amr-gazebo-pkg) by extension 'ignore'
[0.509s] Level 1:colcon.colcon_core.package_identification:_identify(src/amr-gazebo-pkg) by extension 'ignore_ament_install'
[0.509s] Level 1:colcon.colcon_core.package_identification:_identify(src/amr-gazebo-pkg) by extensions ['colcon_pkg']
[0.509s] Level 1:colcon.colcon_core.package_identification:_identify(src/amr-gazebo-pkg) by extension 'colcon_pkg'
[0.509s] Level 1:colcon.colcon_core.package_identification:_identify(src/amr-gazebo-pkg) by extensions ['colcon_meta']
[0.509s] Level 1:colcon.colcon_core.package_identification:_identify(src/amr-gazebo-pkg) by extension 'colcon_meta'
[0.509s] Level 1:colcon.colcon_core.package_identification:_identify(src/amr-gazebo-pkg) by extensions ['ros']
[0.509s] Level 1:colcon.colcon_core.package_identification:_identify(src/amr-gazebo-pkg) by extension 'ros'
[0.512s] DEBUG:colcon.colcon_core.package_identification:Package 'src/amr-gazebo-pkg' with type 'ros.ament_cmake' and name 'amr-gazebo-pkg'
[0.512s] Level 1:colcon.colcon_core.package_identification:_identify(src/amr-main-pkg) by extensions ['ignore', 'ignore_ament_install']
[0.513s] Level 1:colcon.colcon_core.package_identification:_identify(src/amr-main-pkg) by extension 'ignore'
[0.513s] Level 1:colcon.colcon_core.package_identification:_identify(src/amr-main-pkg) by extension 'ignore_ament_install'
[0.513s] Level 1:colcon.colcon_core.package_identification:_identify(src/amr-main-pkg) by extensions ['colcon_pkg']
[0.513s] Level 1:colcon.colcon_core.package_identification:_identify(src/amr-main-pkg) by extension 'colcon_pkg'
[0.513s] Level 1:colcon.colcon_core.package_identification:_identify(src/amr-main-pkg) by extensions ['colcon_meta']
[0.513s] Level 1:colcon.colcon_core.package_identification:_identify(src/amr-main-pkg) by extension 'colcon_meta'
[0.513s] Level 1:colcon.colcon_core.package_identification:_identify(src/amr-main-pkg) by extensions ['ros']
[0.513s] Level 1:colcon.colcon_core.package_identification:_identify(src/amr-main-pkg) by extension 'ros'
[0.514s] DEBUG:colcon.colcon_core.package_identification:Package 'src/amr-main-pkg' with type 'ros.ament_cmake' and name 'amr-main-pkg'
[0.514s] Level 1:colcon.colcon_core.package_identification:_identify(src/amr-obstacle-pkg) by extensions ['ignore', 'ignore_ament_install']
[0.514s] Level 1:colcon.colcon_core.package_identification:_identify(src/amr-obstacle-pkg) by extension 'ignore'
[0.514s] Level 1:colcon.colcon_core.package_identification:_identify(src/amr-obstacle-pkg) by extension 'ignore_ament_install'
[0.514s] Level 1:colcon.colcon_core.package_identification:_identify(src/amr-obstacle-pkg) by extensions ['colcon_pkg']
[0.514s] Level 1:colcon.colcon_core.package_identification:_identify(src/amr-obstacle-pkg) by extension 'colcon_pkg'
[0.514s] Level 1:colcon.colcon_core.package_identification:_identify(src/amr-obstacle-pkg) by extensions ['colcon_meta']
[0.514s] Level 1:colcon.colcon_core.package_identification:_identify(src/amr-obstacle-pkg) by extension 'colcon_meta'
[0.514s] Level 1:colcon.colcon_core.package_identification:_identify(src/amr-obstacle-pkg) by extensions ['ros']
[0.514s] Level 1:colcon.colcon_core.package_identification:_identify(src/amr-obstacle-pkg) by extension 'ros'
[0.515s] DEBUG:colcon.colcon_core.package_identification:Package 'src/amr-obstacle-pkg' with type 'ros.ament_cmake' and name 'amr-obstacle-pkg'
[0.515s] Level 1:colcon.colcon_core.package_identification:_identify(src/amr_msg_interfaces) by extensions ['ignore', 'ignore_ament_install']
[0.515s] Level 1:colcon.colcon_core.package_identification:_identify(src/amr_msg_interfaces) by extension 'ignore'
[0.515s] Level 1:colcon.colcon_core.package_identification:_identify(src/amr_msg_interfaces) by extension 'ignore_ament_install'
[0.515s] Level 1:colcon.colcon_core.package_identification:_identify(src/amr_msg_interfaces) by extensions ['colcon_pkg']
[0.515s] Level 1:colcon.colcon_core.package_identification:_identify(src/amr_msg_interfaces) by extension 'colcon_pkg'
[0.515s] Level 1:colcon.colcon_core.package_identification:_identify(src/amr_msg_interfaces) by extensions ['colcon_meta']
[0.515s] Level 1:colcon.colcon_core.package_identification:_identify(src/amr_msg_interfaces) by extension 'colcon_meta'
[0.515s] Level 1:colcon.colcon_core.package_identification:_identify(src/amr_msg_interfaces) by extensions ['ros']
[0.515s] Level 1:colcon.colcon_core.package_identification:_identify(src/amr_msg_interfaces) by extension 'ros'
[0.516s] DEBUG:colcon.colcon_core.package_identification:Package 'src/amr_msg_interfaces' with type 'ros.ament_cmake' and name 'amr_msg_interfaces'
[0.516s] Level 1:colcon.colcon_core.package_discovery:discover_packages(recursive) using defaults
[0.516s] Level 1:colcon.colcon_core.package_discovery:discover_packages(ignore) discover
[0.516s] Level 1:colcon.colcon_core.package_discovery:discover_packages(ignore) using defaults
[0.516s] Level 1:colcon.colcon_core.package_discovery:discover_packages(path) discover
[0.516s] Level 1:colcon.colcon_core.package_discovery:discover_packages(path) using defaults
[0.539s] Level 1:colcon.colcon_core.package_discovery:discover_packages(prefix_path) check parameters
[0.539s] Level 1:colcon.colcon_core.package_discovery:discover_packages(prefix_path) discover
[0.543s] DEBUG:colcon.colcon_installed_package_information.package_discovery:Found 4 installed packages in /home/dongju/camel-amr-projects/install
[0.544s] DEBUG:colcon.colcon_installed_package_information.package_discovery:Found 307 installed packages in /opt/ros/foxy
[0.546s] Level 1:colcon.colcon_core.package_discovery:discover_packages(prefix_path) using defaults
[0.624s] Level 5:colcon.colcon_core.verb:set package 'amr-gazebo-pkg' build argument 'cmake_args' from command line to '['-DCMAKE_EXPORT_COMPILE_COMMANDS=1']'
[0.624s] Level 5:colcon.colcon_core.verb:set package 'amr-gazebo-pkg' build argument 'cmake_target' from command line to 'None'
[0.624s] Level 5:colcon.colcon_core.verb:set package 'amr-gazebo-pkg' build argument 'cmake_target_skip_unavailable' from command line to 'False'
[0.624s] Level 5:colcon.colcon_core.verb:set package 'amr-gazebo-pkg' build argument 'cmake_clean_cache' from command line to 'False'
[0.624s] Level 5:colcon.colcon_core.verb:set package 'amr-gazebo-pkg' build argument 'cmake_clean_first' from command line to 'False'
[0.624s] Level 5:colcon.colcon_core.verb:set package 'amr-gazebo-pkg' build argument 'cmake_force_configure' from command line to 'False'
[0.624s] Level 5:colcon.colcon_core.verb:set package 'amr-gazebo-pkg' build argument 'ament_cmake_args' from command line to 'None'
[0.624s] Level 5:colcon.colcon_core.verb:set package 'amr-gazebo-pkg' build argument 'catkin_cmake_args' from command line to 'None'
[0.624s] Level 5:colcon.colcon_core.verb:set package 'amr-gazebo-pkg' build argument 'catkin_skip_building_tests' from command line to 'False'
[0.624s] DEBUG:colcon.colcon_core.verb:Building package 'amr-gazebo-pkg' with the following arguments: {'ament_cmake_args': None, 'build_base': '/home/dongju/camel-amr-projects/build/amr-gazebo-pkg', 'catkin_cmake_args': None, 'catkin_skip_building_tests': False, 'cmake_args': ['-DCMAKE_EXPORT_COMPILE_COMMANDS=1'], 'cmake_clean_cache': False, 'cmake_clean_first': False, 'cmake_force_configure': False, 'cmake_target': None, 'cmake_target_skip_unavailable': False, 'install_base': '/home/dongju/camel-amr-projects/install/amr-gazebo-pkg', 'merge_install': False, 'path': '/home/dongju/camel-amr-projects/src/amr-gazebo-pkg', 'symlink_install': False, 'test_result_base': None}
[0.625s] Level 5:colcon.colcon_core.verb:set package 'amr-obstacle-pkg' build argument 'cmake_args' from command line to '['-DCMAKE_EXPORT_COMPILE_COMMANDS=1']'
[0.625s] Level 5:colcon.colcon_core.verb:set package 'amr-obstacle-pkg' build argument 'cmake_target' from command line to 'None'
[0.625s] Level 5:colcon.colcon_core.verb:set package 'amr-obstacle-pkg' build argument 'cmake_target_skip_unavailable' from command line to 'False'
[0.625s] Level 5:colcon.colcon_core.verb:set package 'amr-obstacle-pkg' build argument 'cmake_clean_cache' from command line to 'False'
[0.625s] Level 5:colcon.colcon_core.verb:set package 'amr-obstacle-pkg' build argument 'cmake_clean_first' from command line to 'False'
[0.625s] Level 5:colcon.colcon_core.verb:set package 'amr-obstacle-pkg' build argument 'cmake_force_configure' from command line to 'False'
[0.625s] Level 5:colcon.colcon_core.verb:set package 'amr-obstacle-pkg' build argument 'ament_cmake_args' from command line to 'None'
[0.625s] Level 5:colcon.colcon_core.verb:set package 'amr-obstacle-pkg' build argument 'catkin_cmake_args' from command line to 'None'
[0.625s] Level 5:colcon.colcon_core.verb:set package 'amr-obstacle-pkg' build argument 'catkin_skip_building_tests' from command line to 'False'
[0.625s] DEBUG:colcon.colcon_core.verb:Building package 'amr-obstacle-pkg' with the following arguments: {'ament_cmake_args': None, 'build_base': '/home/dongju/camel-amr-projects/build/amr-obstacle-pkg', 'catkin_cmake_args': None, 'catkin_skip_building_tests': False, 'cmake_args': ['-DCMAKE_EXPORT_COMPILE_COMMANDS=1'], 'cmake_clean_cache': False, 'cmake_clean_first': False, 'cmake_force_configure': False, 'cmake_target': None, 'cmake_target_skip_unavailable': False, 'install_base': '/home/dongju/camel-amr-projects/install/amr-obstacle-pkg', 'merge_install': False, 'path': '/home/dongju/camel-amr-projects/src/amr-obstacle-pkg', 'symlink_install': False, 'test_result_base': None}
[0.626s] Level 5:colcon.colcon_core.verb:set package 'amr_msg_interfaces' build argument 'cmake_args' from command line to '['-DCMAKE_EXPORT_COMPILE_COMMANDS=1']'
[0.626s] Level 5:colcon.colcon_core.verb:set package 'amr_msg_interfaces' build argument 'cmake_target' from command line to 'None'
[0.626s] Level 5:colcon.colcon_core.verb:set package 'amr_msg_interfaces' build argument 'cmake_target_skip_unavailable' from command line to 'False'
[0.626s] Level 5:colcon.colcon_core.verb:set package 'amr_msg_interfaces' build argument 'cmake_clean_cache' from command line to 'False'
[0.626s] Level 5:colcon.colcon_core.verb:set package 'amr_msg_interfaces' build argument 'cmake_clean_first' from command line to 'False'
[0.626s] Level 5:colcon.colcon_core.verb:set package 'amr_msg_interfaces' build argument 'cmake_force_configure' from command line to 'False'
[0.626s] Level 5:colcon.colcon_core.verb:set package 'amr_msg_interfaces' build argument 'ament_cmake_args' from command line to 'None'
[0.626s] Level 5:colcon.colcon_core.verb:set package 'amr_msg_interfaces' build argument 'catkin_cmake_args' from command line to 'None'
[0.626s] Level 5:colcon.colcon_core.verb:set package 'amr_msg_interfaces' build argument 'catkin_skip_building_tests' from command line to 'False'
[0.626s] DEBUG:colcon.colcon_core.verb:Building package 'amr_msg_interfaces' with the following arguments: {'ament_cmake_args': None, 'build_base': '/home/dongju/camel-amr-projects/build/amr_msg_interfaces', 'catkin_cmake_args': None, 'catkin_skip_building_tests': False, 'cmake_args': ['-DCMAKE_EXPORT_COMPILE_COMMANDS=1'], 'cmake_clean_cache': False, 'cmake_clean_first': False, 'cmake_force_configure': False, 'cmake_target': None, 'cmake_target_skip_unavailable': False, 'install_base': '/home/dongju/camel-amr-projects/install/amr_msg_interfaces', 'merge_install': False, 'path': '/home/dongju/camel-amr-projects/src/amr_msg_interfaces', 'symlink_install': False, 'test_result_base': None}
[0.627s] Level 5:colcon.colcon_core.verb:set package 'amr-main-pkg' build argument 'cmake_args' from command line to '['-DCMAKE_EXPORT_COMPILE_COMMANDS=1']'
[0.627s] Level 5:colcon.colcon_core.verb:set package 'amr-main-pkg' build argument 'cmake_target' from command line to 'None'
[0.627s] Level 5:colcon.colcon_core.verb:set package 'amr-main-pkg' build argument 'cmake_target_skip_unavailable' from command line to 'False'
[0.627s] Level 5:colcon.colcon_core.verb:set package 'amr-main-pkg' build argument 'cmake_clean_cache' from command line to 'False'
[0.627s] Level 5:colcon.colcon_core.verb:set package 'amr-main-pkg' build argument 'cmake_clean_first' from command line to 'False'
[0.627s] Level 5:colcon.colcon_core.verb:set package 'amr-main-pkg' build argument 'cmake_force_configure' from command line to 'False'
[0.627s] Level 5:colcon.colcon_core.verb:set package 'amr-main-pkg' build argument 'ament_cmake_args' from command line to 'None'
[0.627s] Level 5:colcon.colcon_core.verb:set package 'amr-main-pkg' build argument 'catkin_cmake_args' from command line to 'None'
[0.627s] Level 5:colcon.colcon_core.verb:set package 'amr-main-pkg' build argument 'catkin_skip_building_tests' from command line to 'False'
[0.627s] DEBUG:colcon.colcon_core.verb:Building package 'amr-main-pkg' with the following arguments: {'ament_cmake_args': None, 'build_base': '/home/dongju/camel-amr-projects/build/amr-main-pkg', 'catkin_cmake_args': None, 'catkin_skip_building_tests': False, 'cmake_args': ['-DCMAKE_EXPORT_COMPILE_COMMANDS=1'], 'cmake_clean_cache': False, 'cmake_clean_first': False, 'cmake_force_configure': False, 'cmake_target': None, 'cmake_target_skip_unavailable': False, 'install_base': '/home/dongju/camel-amr-projects/install/amr-main-pkg', 'merge_install': False, 'path': '/home/dongju/camel-amr-projects/src/amr-main-pkg', 'symlink_install': False, 'test_result_base': None}
[0.628s] INFO:colcon.colcon_core.executor:Executing jobs using 'parallel' executor
[0.631s] DEBUG:colcon.colcon_parallel_executor.executor.parallel:run_until_complete
[0.631s] INFO:colcon.colcon_ros.task.ament_cmake.build:Building ROS package in '/home/dongju/camel-amr-projects/src/amr_msg_interfaces' with build type 'ament_cmake'
[0.631s] INFO:colcon.colcon_cmake.task.cmake.build:Building CMake package in '/home/dongju/camel-amr-projects/src/amr_msg_interfaces'
[0.637s] INFO:colcon.colcon_core.plugin_system:Skipping extension 'colcon_core.shell.bat': Not used on non-Windows systems
[0.637s] INFO:colcon.colcon_core.shell:Skip shell extension 'powershell' for command environment: Not usable outside of PowerShell
[0.637s] DEBUG:colcon.colcon_core.shell:Skip shell extension 'dsv' for command environment
[0.642s] INFO:colcon.colcon_ros.task.ament_cmake.build:Building ROS package in '/home/dongju/camel-amr-projects/src/amr-gazebo-pkg' with build type 'ament_cmake'
[0.643s] INFO:colcon.colcon_cmake.task.cmake.build:Building CMake package in '/home/dongju/camel-amr-projects/src/amr-gazebo-pkg'
[0.644s] INFO:colcon.colcon_core.shell:Skip shell extension 'powershell' for command environment: Not usable outside of PowerShell
[0.644s] DEBUG:colcon.colcon_core.shell:Skip shell extension 'dsv' for command environment
[0.649s] INFO:colcon.colcon_ros.task.ament_cmake.build:Building ROS package in '/home/dongju/camel-amr-projects/src/amr-obstacle-pkg' with build type 'ament_cmake'
[0.649s] INFO:colcon.colcon_cmake.task.cmake.build:Building CMake package in '/home/dongju/camel-amr-projects/src/amr-obstacle-pkg'
[0.650s] INFO:colcon.colcon_core.shell:Skip shell extension 'powershell' for command environment: Not usable outside of PowerShell
[0.650s] DEBUG:colcon.colcon_core.shell:Skip shell extension 'dsv' for command environment
[0.658s] DEBUG:colcon.colcon_core.event_handler.log_command:Invoking command in '/home/dongju/camel-amr-projects/build/amr_msg_interfaces': CMAKE_PREFIX_PATH=${CMAKE_PREFIX_PATH}:/opt/ros/foxy /usr/local/bin/cmake --build /home/dongju/camel-amr-projects/build/amr_msg_interfaces -- -j10 -l10
[0.666s] DEBUG:colcon.colcon_core.event_handler.log_command:Invoking command in '/home/dongju/camel-amr-projects/build/amr-gazebo-pkg': CMAKE_PREFIX_PATH=${CMAKE_PREFIX_PATH}:/opt/ros/foxy /usr/local/bin/cmake --build /home/dongju/camel-amr-projects/build/amr-gazebo-pkg -- -j10 -l10
[0.670s] DEBUG:colcon.colcon_core.event_handler.log_command:Invoking command in '/home/dongju/camel-amr-projects/build/amr-obstacle-pkg': CMAKE_PREFIX_PATH=${CMAKE_PREFIX_PATH}:/opt/ros/foxy /usr/local/bin/cmake --build /home/dongju/camel-amr-projects/build/amr-obstacle-pkg -- -j10 -l10
[0.692s] DEBUG:colcon.colcon_core.event_handler.log_command:Invoked command in '/home/dongju/camel-amr-projects/build/amr-gazebo-pkg' returned '0': CMAKE_PREFIX_PATH=${CMAKE_PREFIX_PATH}:/opt/ros/foxy /usr/local/bin/cmake --build /home/dongju/camel-amr-projects/build/amr-gazebo-pkg -- -j10 -l10
[0.710s] DEBUG:colcon.colcon_core.event_handler.log_command:Invoking command in '/home/dongju/camel-amr-projects/build/amr-gazebo-pkg': CMAKE_PREFIX_PATH=${CMAKE_PREFIX_PATH}:/opt/ros/foxy /usr/local/bin/cmake --install /home/dongju/camel-amr-projects/build/amr-gazebo-pkg
[0.717s] Level 1:colcon.colcon_core.environment:create_environment_scripts_only(amr-gazebo-pkg)
[0.719s] DEBUG:colcon.colcon_core.event_handler.log_command:Invoked command in '/home/dongju/camel-amr-projects/build/amr-obstacle-pkg' returned '0': CMAKE_PREFIX_PATH=${CMAKE_PREFIX_PATH}:/opt/ros/foxy /usr/local/bin/cmake --build /home/dongju/camel-amr-projects/build/amr-obstacle-pkg -- -j10 -l10
[0.719s] DEBUG:colcon.colcon_core.event_handler.log_command:Invoked command in '/home/dongju/camel-amr-projects/build/amr-gazebo-pkg' returned '0': CMAKE_PREFIX_PATH=${CMAKE_PREFIX_PATH}:/opt/ros/foxy /usr/local/bin/cmake --install /home/dongju/camel-amr-projects/build/amr-gazebo-pkg
[0.726s] Level 1:colcon.colcon_core.environment:checking '/home/dongju/camel-amr-projects/install/amr-gazebo-pkg' for CMake module files
[0.727s] Level 1:colcon.colcon_core.environment:checking '/home/dongju/camel-amr-projects/install/amr-gazebo-pkg' for CMake config files
[0.727s] Level 1:colcon.colcon_core.shell:create_environment_hook('amr-gazebo-pkg', 'cmake_prefix_path')
[0.728s] INFO:colcon.colcon_core.shell:Creating environment hook '/home/dongju/camel-amr-projects/install/amr-gazebo-pkg/share/amr-gazebo-pkg/hook/cmake_prefix_path.ps1'
[0.729s] INFO:colcon.colcon_core.shell:Creating environment descriptor '/home/dongju/camel-amr-projects/install/amr-gazebo-pkg/share/amr-gazebo-pkg/hook/cmake_prefix_path.dsv'
[0.729s] INFO:colcon.colcon_core.shell:Creating environment hook '/home/dongju/camel-amr-projects/install/amr-gazebo-pkg/share/amr-gazebo-pkg/hook/cmake_prefix_path.sh'
[0.731s] Level 1:colcon.colcon_core.environment:checking '/home/dongju/camel-amr-projects/install/amr-gazebo-pkg/bin'
[0.731s] Level 1:colcon.colcon_core.environment:checking '/home/dongju/camel-amr-projects/install/amr-gazebo-pkg/lib/pkgconfig/amr-gazebo-pkg.pc'
[0.731s] Level 1:colcon.colcon_core.environment:checking '/home/dongju/camel-amr-projects/install/amr-gazebo-pkg/lib/python3.8/site-packages'
[0.731s] Level 1:colcon.colcon_core.environment:checking '/home/dongju/camel-amr-projects/install/amr-gazebo-pkg/bin'
[0.732s] INFO:colcon.colcon_core.shell:Creating package script '/home/dongju/camel-amr-projects/install/amr-gazebo-pkg/share/amr-gazebo-pkg/package.ps1'
[0.733s] INFO:colcon.colcon_core.shell:Creating package descriptor '/home/dongju/camel-amr-projects/install/amr-gazebo-pkg/share/amr-gazebo-pkg/package.dsv'
[0.734s] INFO:colcon.colcon_core.shell:Creating package script '/home/dongju/camel-amr-projects/install/amr-gazebo-pkg/share/amr-gazebo-pkg/package.sh'
[0.734s] INFO:colcon.colcon_core.shell:Creating package script '/home/dongju/camel-amr-projects/install/amr-gazebo-pkg/share/amr-gazebo-pkg/package.bash'
[0.735s] INFO:colcon.colcon_core.shell:Creating package script '/home/dongju/camel-amr-projects/install/amr-gazebo-pkg/share/amr-gazebo-pkg/package.zsh'
[0.736s] Level 1:colcon.colcon_core.environment:create_file_with_runtime_dependencies(/home/dongju/camel-amr-projects/install/amr-gazebo-pkg/share/colcon-core/packages/amr-gazebo-pkg)
[0.740s] DEBUG:colcon.colcon_core.event_handler.log_command:Invoking command in '/home/dongju/camel-amr-projects/build/amr-obstacle-pkg': CMAKE_PREFIX_PATH=${CMAKE_PREFIX_PATH}:/opt/ros/foxy /usr/local/bin/cmake --install /home/dongju/camel-amr-projects/build/amr-obstacle-pkg
[0.746s] Level 1:colcon.colcon_core.environment:create_environment_scripts_only(amr-obstacle-pkg)
[0.749s] Level 1:colcon.colcon_core.environment:checking '/home/dongju/camel-amr-projects/install/amr-obstacle-pkg' for CMake module files
[0.750s] DEBUG:colcon.colcon_core.event_handler.log_command:Invoked command in '/home/dongju/camel-amr-projects/build/amr-obstacle-pkg' returned '0': CMAKE_PREFIX_PATH=${CMAKE_PREFIX_PATH}:/opt/ros/foxy /usr/local/bin/cmake --install /home/dongju/camel-amr-projects/build/amr-obstacle-pkg
[0.750s] Level 1:colcon.colcon_core.environment:checking '/home/dongju/camel-amr-projects/install/amr-obstacle-pkg' for CMake config files
[0.750s] Level 1:colcon.colcon_core.shell:create_environment_hook('amr-obstacle-pkg', 'cmake_prefix_path')
[0.751s] INFO:colcon.colcon_core.shell:Creating environment hook '/home/dongju/camel-amr-projects/install/amr-obstacle-pkg/share/amr-obstacle-pkg/hook/cmake_prefix_path.ps1'
[0.752s] INFO:colcon.colcon_core.shell:Creating environment descriptor '/home/dongju/camel-amr-projects/install/amr-obstacle-pkg/share/amr-obstacle-pkg/hook/cmake_prefix_path.dsv'
[0.752s] INFO:colcon.colcon_core.shell:Creating environment hook '/home/dongju/camel-amr-projects/install/amr-obstacle-pkg/share/amr-obstacle-pkg/hook/cmake_prefix_path.sh'
[0.752s] Level 1:colcon.colcon_core.environment:checking '/home/dongju/camel-amr-projects/install/amr-obstacle-pkg/lib'
[0.753s] Level 1:colcon.colcon_core.environment:checking '/home/dongju/camel-amr-projects/install/amr-obstacle-pkg/bin'
[0.753s] Level 1:colcon.colcon_core.environment:checking '/home/dongju/camel-amr-projects/install/amr-obstacle-pkg/lib/pkgconfig/amr-obstacle-pkg.pc'
[0.753s] Level 1:colcon.colcon_core.environment:checking '/home/dongju/camel-amr-projects/install/amr-obstacle-pkg/lib/python3.8/site-packages'
[0.753s] Level 1:colcon.colcon_core.environment:checking '/home/dongju/camel-amr-projects/install/amr-obstacle-pkg/bin'
[0.754s] INFO:colcon.colcon_core.shell:Creating package script '/home/dongju/camel-amr-projects/install/amr-obstacle-pkg/share/amr-obstacle-pkg/package.ps1'
[0.755s] INFO:colcon.colcon_core.shell:Creating package descriptor '/home/dongju/camel-amr-projects/install/amr-obstacle-pkg/share/amr-obstacle-pkg/package.dsv'
[0.755s] INFO:colcon.colcon_core.shell:Creating package script '/home/dongju/camel-amr-projects/install/amr-obstacle-pkg/share/amr-obstacle-pkg/package.sh'
[0.755s] INFO:colcon.colcon_core.shell:Creating package script '/home/dongju/camel-amr-projects/install/amr-obstacle-pkg/share/amr-obstacle-pkg/package.bash'
[0.755s] INFO:colcon.colcon_core.shell:Creating package script '/home/dongju/camel-amr-projects/install/amr-obstacle-pkg/share/amr-obstacle-pkg/package.zsh'
[0.756s] Level 1:colcon.colcon_core.environment:create_file_with_runtime_dependencies(/home/dongju/camel-amr-projects/install/amr-obstacle-pkg/share/colcon-core/packages/amr-obstacle-pkg)
[0.759s] Level 1:colcon.colcon_core.environment:create_environment_scripts_only(amr-gazebo-pkg)
[0.761s] Level 1:colcon.colcon_core.environment:checking '/home/dongju/camel-amr-projects/install/amr-gazebo-pkg' for CMake module files
[0.762s] Level 1:colcon.colcon_core.environment:checking '/home/dongju/camel-amr-projects/install/amr-gazebo-pkg' for CMake config files
[0.762s] Level 1:colcon.colcon_core.shell:create_environment_hook('amr-gazebo-pkg', 'cmake_prefix_path')
[0.764s] INFO:colcon.colcon_core.shell:Creating environment hook '/home/dongju/camel-amr-projects/install/amr-gazebo-pkg/share/amr-gazebo-pkg/hook/cmake_prefix_path.ps1'
[0.764s] INFO:colcon.colcon_core.shell:Creating environment descriptor '/home/dongju/camel-amr-projects/install/amr-gazebo-pkg/share/amr-gazebo-pkg/hook/cmake_prefix_path.dsv'
[0.764s] INFO:colcon.colcon_core.shell:Creating environment hook '/home/dongju/camel-amr-projects/install/amr-gazebo-pkg/share/amr-gazebo-pkg/hook/cmake_prefix_path.sh'
[0.765s] Level 1:colcon.colcon_core.environment:checking '/home/dongju/camel-amr-projects/install/amr-gazebo-pkg/bin'
[0.765s] Level 1:colcon.colcon_core.environment:checking '/home/dongju/camel-amr-projects/install/amr-gazebo-pkg/lib/pkgconfig/amr-gazebo-pkg.pc'
[0.765s] Level 1:colcon.colcon_core.environment:checking '/home/dongju/camel-amr-projects/install/amr-gazebo-pkg/lib/python3.8/site-packages'
[0.765s] Level 1:colcon.colcon_core.environment:checking '/home/dongju/camel-amr-projects/install/amr-gazebo-pkg/bin'
[0.766s] INFO:colcon.colcon_core.shell:Creating package script '/home/dongju/camel-amr-projects/install/amr-gazebo-pkg/share/amr-gazebo-pkg/package.ps1'
[0.767s] INFO:colcon.colcon_core.shell:Creating package descriptor '/home/dongju/camel-amr-projects/install/amr-gazebo-pkg/share/amr-gazebo-pkg/package.dsv'
[0.767s] INFO:colcon.colcon_core.shell:Creating package script '/home/dongju/camel-amr-projects/install/amr-gazebo-pkg/share/amr-gazebo-pkg/package.sh'
[0.767s] INFO:colcon.colcon_core.shell:Creating package script '/home/dongju/camel-amr-projects/install/amr-gazebo-pkg/share/amr-gazebo-pkg/package.bash'
[0.768s] INFO:colcon.colcon_core.shell:Creating package script '/home/dongju/camel-amr-projects/install/amr-gazebo-pkg/share/amr-gazebo-pkg/package.zsh'
[0.768s] Level 1:colcon.colcon_core.environment:create_file_with_runtime_dependencies(/home/dongju/camel-amr-projects/install/amr-gazebo-pkg/share/colcon-core/packages/amr-gazebo-pkg)
[0.769s] DEBUG:colcon.colcon_core.event_handler.log_command:Invoked command in '/home/dongju/camel-amr-projects/build/amr_msg_interfaces' returned '0': CMAKE_PREFIX_PATH=${CMAKE_PREFIX_PATH}:/opt/ros/foxy /usr/local/bin/cmake --build /home/dongju/camel-amr-projects/build/amr_msg_interfaces -- -j10 -l10
[0.773s] Level 1:colcon.colcon_core.environment:create_environment_scripts_only(amr-obstacle-pkg)
[0.775s] Level 1:colcon.colcon_core.environment:checking '/home/dongju/camel-amr-projects/install/amr-obstacle-pkg' for CMake module files
[0.775s] Level 1:colcon.colcon_core.environment:checking '/home/dongju/camel-amr-projects/install/amr-obstacle-pkg' for CMake config files
[0.775s] Level 1:colcon.colcon_core.shell:create_environment_hook('amr-obstacle-pkg', 'cmake_prefix_path')
[0.776s] INFO:colcon.colcon_core.shell:Creating environment hook '/home/dongju/camel-amr-projects/install/amr-obstacle-pkg/share/amr-obstacle-pkg/hook/cmake_prefix_path.ps1'
[0.777s] INFO:colcon.colcon_core.shell:Creating environment descriptor '/home/dongju/camel-amr-projects/install/amr-obstacle-pkg/share/amr-obstacle-pkg/hook/cmake_prefix_path.dsv'
[0.777s] INFO:colcon.colcon_core.shell:Creating environment hook '/home/dongju/camel-amr-projects/install/amr-obstacle-pkg/share/amr-obstacle-pkg/hook/cmake_prefix_path.sh'
[0.777s] Level 1:colcon.colcon_core.environment:checking '/home/dongju/camel-amr-projects/install/amr-obstacle-pkg/lib'
[0.777s] Level 1:colcon.colcon_core.environment:checking '/home/dongju/camel-amr-projects/install/amr-obstacle-pkg/bin'
[0.777s] Level 1:colcon.colcon_core.environment:checking '/home/dongju/camel-amr-projects/install/amr-obstacle-pkg/lib/pkgconfig/amr-obstacle-pkg.pc'
[0.778s] Level 1:colcon.colcon_core.environment:checking '/home/dongju/camel-amr-projects/install/amr-obstacle-pkg/lib/python3.8/site-packages'
[0.778s] Level 1:colcon.colcon_core.environment:checking '/home/dongju/camel-amr-projects/install/amr-obstacle-pkg/bin'
[0.779s] INFO:colcon.colcon_core.shell:Creating package script '/home/dongju/camel-amr-projects/install/amr-obstacle-pkg/share/amr-obstacle-pkg/package.ps1'
[0.779s] INFO:colcon.colcon_core.shell:Creating package descriptor '/home/dongju/camel-amr-projects/install/amr-obstacle-pkg/share/amr-obstacle-pkg/package.dsv'
[0.780s] INFO:colcon.colcon_core.shell:Creating package script '/home/dongju/camel-amr-projects/install/amr-obstacle-pkg/share/amr-obstacle-pkg/package.sh'
[0.780s] INFO:colcon.colcon_core.shell:Creating package script '/home/dongju/camel-amr-projects/install/amr-obstacle-pkg/share/amr-obstacle-pkg/package.bash'
[0.780s] INFO:colcon.colcon_core.shell:Creating package script '/home/dongju/camel-amr-projects/install/amr-obstacle-pkg/share/amr-obstacle-pkg/package.zsh'
[0.781s] Level 1:colcon.colcon_core.environment:create_file_with_runtime_dependencies(/home/dongju/camel-amr-projects/install/amr-obstacle-pkg/share/colcon-core/packages/amr-obstacle-pkg)
[0.805s] DEBUG:colcon.colcon_core.event_handler.log_command:Invoking command in '/home/dongju/camel-amr-projects/build/amr_msg_interfaces': CMAKE_PREFIX_PATH=${CMAKE_PREFIX_PATH}:/opt/ros/foxy /usr/local/bin/cmake --install /home/dongju/camel-amr-projects/build/amr_msg_interfaces
[0.848s] Level 1:colcon.colcon_core.environment:create_environment_scripts_only(amr_msg_interfaces)
[0.850s] Level 1:colcon.colcon_core.environment:checking '/home/dongju/camel-amr-projects/install/amr_msg_interfaces' for CMake module files
[0.850s] DEBUG:colcon.colcon_core.event_handler.log_command:Invoked command in '/home/dongju/camel-amr-projects/build/amr_msg_interfaces' returned '0': CMAKE_PREFIX_PATH=${CMAKE_PREFIX_PATH}:/opt/ros/foxy /usr/local/bin/cmake --install /home/dongju/camel-amr-projects/build/amr_msg_interfaces
[0.851s] Level 1:colcon.colcon_core.environment:checking '/home/dongju/camel-amr-projects/install/amr_msg_interfaces' for CMake config files
[0.851s] Level 1:colcon.colcon_core.shell:create_environment_hook('amr_msg_interfaces', 'cmake_prefix_path')
[0.852s] INFO:colcon.colcon_core.shell:Creating environment hook '/home/dongju/camel-amr-projects/install/amr_msg_interfaces/share/amr_msg_interfaces/hook/cmake_prefix_path.ps1'
[0.852s] INFO:colcon.colcon_core.shell:Creating environment descriptor '/home/dongju/camel-amr-projects/install/amr_msg_interfaces/share/amr_msg_interfaces/hook/cmake_prefix_path.dsv'
[0.853s] INFO:colcon.colcon_core.shell:Creating environment hook '/home/dongju/camel-amr-projects/install/amr_msg_interfaces/share/amr_msg_interfaces/hook/cmake_prefix_path.sh'
[0.853s] Level 1:colcon.colcon_core.environment:checking '/home/dongju/camel-amr-projects/install/amr_msg_interfaces/lib'
[0.853s] Level 1:colcon.colcon_core.shell:create_environment_hook('amr_msg_interfaces', 'ld_library_path_lib')
[0.854s] INFO:colcon.colcon_core.shell:Creating environment hook '/home/dongju/camel-amr-projects/install/amr_msg_interfaces/share/amr_msg_interfaces/hook/ld_library_path_lib.ps1'
[0.855s] INFO:colcon.colcon_core.shell:Creating environment descriptor '/home/dongju/camel-amr-projects/install/amr_msg_interfaces/share/amr_msg_interfaces/hook/ld_library_path_lib.dsv'
[0.855s] INFO:colcon.colcon_core.shell:Creating environment hook '/home/dongju/camel-amr-projects/install/amr_msg_interfaces/share/amr_msg_interfaces/hook/ld_library_path_lib.sh'
[0.855s] Level 1:colcon.colcon_core.environment:checking '/home/dongju/camel-amr-projects/install/amr_msg_interfaces/bin'
[0.855s] Level 1:colcon.colcon_core.environment:checking '/home/dongju/camel-amr-projects/install/amr_msg_interfaces/lib/pkgconfig/amr_msg_interfaces.pc'
[0.855s] Level 1:colcon.colcon_core.environment:checking '/home/dongju/camel-amr-projects/install/amr_msg_interfaces/lib/python3.8/site-packages'
[0.855s] Level 1:colcon.colcon_core.shell:create_environment_hook('amr_msg_interfaces', 'pythonpath')
[0.856s] INFO:colcon.colcon_core.shell:Creating environment hook '/home/dongju/camel-amr-projects/install/amr_msg_interfaces/share/amr_msg_interfaces/hook/pythonpath.ps1'
[0.857s] INFO:colcon.colcon_core.shell:Creating environment descriptor '/home/dongju/camel-amr-projects/install/amr_msg_interfaces/share/amr_msg_interfaces/hook/pythonpath.dsv'
[0.857s] INFO:colcon.colcon_core.shell:Creating environment hook '/home/dongju/camel-amr-projects/install/amr_msg_interfaces/share/amr_msg_interfaces/hook/pythonpath.sh'
[0.857s] Level 1:colcon.colcon_core.environment:checking '/home/dongju/camel-amr-projects/install/amr_msg_interfaces/bin'
[0.859s] INFO:colcon.colcon_core.shell:Creating package script '/home/dongju/camel-amr-projects/install/amr_msg_interfaces/share/amr_msg_interfaces/package.ps1'
[0.859s] INFO:colcon.colcon_core.shell:Creating package descriptor '/home/dongju/camel-amr-projects/install/amr_msg_interfaces/share/amr_msg_interfaces/package.dsv'
[0.859s] INFO:colcon.colcon_core.shell:Creating package script '/home/dongju/camel-amr-projects/install/amr_msg_interfaces/share/amr_msg_interfaces/package.sh'
[0.860s] INFO:colcon.colcon_core.shell:Creating package script '/home/dongju/camel-amr-projects/install/amr_msg_interfaces/share/amr_msg_interfaces/package.bash'
[0.860s] INFO:colcon.colcon_core.shell:Creating package script '/home/dongju/camel-amr-projects/install/amr_msg_interfaces/share/amr_msg_interfaces/package.zsh'
[0.860s] Level 1:colcon.colcon_core.environment:create_file_with_runtime_dependencies(/home/dongju/camel-amr-projects/install/amr_msg_interfaces/share/colcon-core/packages/amr_msg_interfaces)
[0.895s] Level 1:colcon.colcon_core.environment:create_environment_scripts_only(amr_msg_interfaces)
[0.897s] Level 1:colcon.colcon_core.environment:checking '/home/dongju/camel-amr-projects/install/amr_msg_interfaces' for CMake module files
[0.898s] Level 1:colcon.colcon_core.environment:checking '/home/dongju/camel-amr-projects/install/amr_msg_interfaces' for CMake config files
[0.898s] Level 1:colcon.colcon_core.shell:create_environment_hook('amr_msg_interfaces', 'cmake_prefix_path')
[0.899s] INFO:colcon.colcon_core.shell:Creating environment hook '/home/dongju/camel-amr-projects/install/amr_msg_interfaces/share/amr_msg_interfaces/hook/cmake_prefix_path.ps1'
[0.900s] INFO:colcon.colcon_core.shell:Creating environment descriptor '/home/dongju/camel-amr-projects/install/amr_msg_interfaces/share/amr_msg_interfaces/hook/cmake_prefix_path.dsv'
[0.900s] INFO:colcon.colcon_core.shell:Creating environment hook '/home/dongju/camel-amr-projects/install/amr_msg_interfaces/share/amr_msg_interfaces/hook/cmake_prefix_path.sh'
[0.900s] Level 1:colcon.colcon_core.environment:checking '/home/dongju/camel-amr-projects/install/amr_msg_interfaces/lib'
[0.900s] Level 1:colcon.colcon_core.shell:create_environment_hook('amr_msg_interfaces', 'ld_library_path_lib')
[0.901s] INFO:colcon.colcon_core.shell:Creating environment hook '/home/dongju/camel-amr-projects/install/amr_msg_interfaces/share/amr_msg_interfaces/hook/ld_library_path_lib.ps1'
[0.902s] INFO:colcon.colcon_core.shell:Creating environment descriptor '/home/dongju/camel-amr-projects/install/amr_msg_interfaces/share/amr_msg_interfaces/hook/ld_library_path_lib.dsv'
[0.902s] INFO:colcon.colcon_core.shell:Creating environment hook '/home/dongju/camel-amr-projects/install/amr_msg_interfaces/share/amr_msg_interfaces/hook/ld_library_path_lib.sh'
[0.902s] Level 1:colcon.colcon_core.environment:checking '/home/dongju/camel-amr-projects/install/amr_msg_interfaces/bin'
[0.902s] Level 1:colcon.colcon_core.environment:checking '/home/dongju/camel-amr-projects/install/amr_msg_interfaces/lib/pkgconfig/amr_msg_interfaces.pc'
[0.902s] Level 1:colcon.colcon_core.environment:checking '/home/dongju/camel-amr-projects/install/amr_msg_interfaces/lib/python3.8/site-packages'
[0.902s] Level 1:colcon.colcon_core.shell:create_environment_hook('amr_msg_interfaces', 'pythonpath')
[0.904s] INFO:colcon.colcon_core.shell:Creating environment hook '/home/dongju/camel-amr-projects/install/amr_msg_interfaces/share/amr_msg_interfaces/hook/pythonpath.ps1'
[0.904s] INFO:colcon.colcon_core.shell:Creating environment descriptor '/home/dongju/camel-amr-projects/install/amr_msg_interfaces/share/amr_msg_interfaces/hook/pythonpath.dsv'
[0.904s] INFO:colcon.colcon_core.shell:Creating environment hook '/home/dongju/camel-amr-projects/install/amr_msg_interfaces/share/amr_msg_interfaces/hook/pythonpath.sh'
[0.904s] Level 1:colcon.colcon_core.environment:checking '/home/dongju/camel-amr-projects/install/amr_msg_interfaces/bin'
[0.906s] INFO:colcon.colcon_core.shell:Creating package script '/home/dongju/camel-amr-projects/install/amr_msg_interfaces/share/amr_msg_interfaces/package.ps1'
[0.906s] INFO:colcon.colcon_core.shell:Creating package descriptor '/home/dongju/camel-amr-projects/install/amr_msg_interfaces/share/amr_msg_interfaces/package.dsv'
[0.907s] INFO:colcon.colcon_core.shell:Creating package script '/home/dongju/camel-amr-projects/install/amr_msg_interfaces/share/amr_msg_interfaces/package.sh'
[0.907s] INFO:colcon.colcon_core.shell:Creating package script '/home/dongju/camel-amr-projects/install/amr_msg_interfaces/share/amr_msg_interfaces/package.bash'
[0.907s] INFO:colcon.colcon_core.shell:Creating package script '/home/dongju/camel-amr-projects/install/amr_msg_interfaces/share/amr_msg_interfaces/package.zsh'
[0.907s] Level 1:colcon.colcon_core.environment:create_file_with_runtime_dependencies(/home/dongju/camel-amr-projects/install/amr_msg_interfaces/share/colcon-core/packages/amr_msg_interfaces)
[0.908s] INFO:colcon.colcon_ros.task.ament_cmake.build:Building ROS package in '/home/dongju/camel-amr-projects/src/amr-main-pkg' with build type 'ament_cmake'
[0.908s] INFO:colcon.colcon_cmake.task.cmake.build:Building CMake package in '/home/dongju/camel-amr-projects/src/amr-main-pkg'
[0.909s] INFO:colcon.colcon_core.shell:Skip shell extension 'powershell' for command environment: Not usable outside of PowerShell
[0.909s] DEBUG:colcon.colcon_core.shell:Skip shell extension 'dsv' for command environment
[0.921s] DEBUG:colcon.colcon_core.event_handler.log_command:Invoking command in '/home/dongju/camel-amr-projects/build/amr-main-pkg': CMAKE_PREFIX_PATH=/home/dongju/camel-amr-projects/install/amr_msg_interfaces:/home/dongju/camel-amr-projects/install/amr-main-pkg:/home/dongju/camel-amr-projects/install/amr-obstacle-pkg:/home/dongju/camel-amr-projects/install/amr-gazebo-pkg:/opt/ros/foxy LD_LIBRARY_PATH=/home/dongju/camel-amr-projects/install/amr_msg_interfaces/lib:/usr/lib/x86_64-linux-gnu/gazebo-11/plugins:/opt/ros/foxy/opt/yaml_cpp_vendor/lib:/opt/ros/foxy/opt/rviz_ogre_vendor/lib:/opt/ros/foxy/lib/x86_64-linux-gnu:/opt/ros/foxy/lib:home/dongju/raisimLib/install/lib PYTHONPATH=/home/dongju/camel-amr-projects/install/amr_msg_interfaces/lib/python3.8/site-packages:/opt/ros/foxy/lib/python3.8/site-packages:home/dongju/raisimLib/install/lib /usr/local/bin/cmake --build /home/dongju/camel-amr-projects/build/amr-main-pkg -- -j10 -l10
[8.044s] DEBUG:colcon.colcon_core.event_handler.log_command:Invoked command in '/home/dongju/camel-amr-projects/build/amr-main-pkg' returned '2': CMAKE_PREFIX_PATH=/home/dongju/camel-amr-projects/install/amr_msg_interfaces:/home/dongju/camel-amr-projects/install/amr-main-pkg:/home/dongju/camel-amr-projects/install/amr-obstacle-pkg:/home/dongju/camel-amr-projects/install/amr-gazebo-pkg:/opt/ros/foxy LD_LIBRARY_PATH=/home/dongju/camel-amr-projects/install/amr_msg_interfaces/lib:/usr/lib/x86_64-linux-gnu/gazebo-11/plugins:/opt/ros/foxy/opt/yaml_cpp_vendor/lib:/opt/ros/foxy/opt/rviz_ogre_vendor/lib:/opt/ros/foxy/lib/x86_64-linux-gnu:/opt/ros/foxy/lib:home/dongju/raisimLib/install/lib PYTHONPATH=/home/dongju/camel-amr-projects/install/amr_msg_interfaces/lib/python3.8/site-packages:/opt/ros/foxy/lib/python3.8/site-packages:home/dongju/raisimLib/install/lib /usr/local/bin/cmake --build /home/dongju/camel-amr-projects/build/amr-main-pkg -- -j10 -l10
[8.071s] Level 1:colcon.colcon_core.environment:create_environment_scripts_only(amr-main-pkg)
[8.073s] Level 1:colcon.colcon_core.environment:checking '/home/dongju/camel-amr-projects/install/amr-main-pkg' for CMake module files
[8.073s] Level 1:colcon.colcon_core.environment:checking '/home/dongju/camel-amr-projects/install/amr-main-pkg' for CMake config files
[8.073s] Level 1:colcon.colcon_core.shell:create_environment_hook('amr-main-pkg', 'cmake_prefix_path')
[8.075s] INFO:colcon.colcon_core.shell:Creating environment hook '/home/dongju/camel-amr-projects/install/amr-main-pkg/share/amr-main-pkg/hook/cmake_prefix_path.ps1'
[8.075s] INFO:colcon.colcon_core.shell:Creating environment descriptor '/home/dongju/camel-amr-projects/install/amr-main-pkg/share/amr-main-pkg/hook/cmake_prefix_path.dsv'
[8.075s] INFO:colcon.colcon_core.shell:Creating environment hook '/home/dongju/camel-amr-projects/install/amr-main-pkg/share/amr-main-pkg/hook/cmake_prefix_path.sh'
[8.076s] Level 1:colcon.colcon_core.environment:checking '/home/dongju/camel-amr-projects/install/amr-main-pkg/lib'
[8.076s] Level 1:colcon.colcon_core.environment:checking '/home/dongju/camel-amr-projects/install/amr-main-pkg/bin'
[8.076s] Level 1:colcon.colcon_core.environment:checking '/home/dongju/camel-amr-projects/install/amr-main-pkg/lib/pkgconfig/amr-main-pkg.pc'
[8.076s] Level 1:colcon.colcon_core.environment:checking '/home/dongju/camel-amr-projects/install/amr-main-pkg/lib/python3.8/site-packages'
[8.076s] Level 1:colcon.colcon_core.environment:checking '/home/dongju/camel-amr-projects/install/amr-main-pkg/bin'
[8.077s] INFO:colcon.colcon_core.shell:Creating package script '/home/dongju/camel-amr-projects/install/amr-main-pkg/share/amr-main-pkg/package.ps1'
[8.078s] INFO:colcon.colcon_core.shell:Creating package descriptor '/home/dongju/camel-amr-projects/install/amr-main-pkg/share/amr-main-pkg/package.dsv'
[8.079s] INFO:colcon.colcon_core.shell:Creating package script '/home/dongju/camel-amr-projects/install/amr-main-pkg/share/amr-main-pkg/package.sh'
[8.079s] INFO:colcon.colcon_core.shell:Creating package script '/home/dongju/camel-amr-projects/install/amr-main-pkg/share/amr-main-pkg/package.bash'
[8.079s] INFO:colcon.colcon_core.shell:Creating package script '/home/dongju/camel-amr-projects/install/amr-main-pkg/share/amr-main-pkg/package.zsh'
[8.080s] Level 1:colcon.colcon_core.environment:create_file_with_runtime_dependencies(/home/dongju/camel-amr-projects/install/amr-main-pkg/share/colcon-core/packages/amr-main-pkg)
[8.090s] DEBUG:colcon.colcon_parallel_executor.executor.parallel:closing loop
[8.090s] DEBUG:colcon.colcon_parallel_executor.executor.parallel:loop closed
[8.090s] DEBUG:colcon.colcon_parallel_executor.executor.parallel:run_until_complete finished with '2'
[8.090s] DEBUG:colcon.colcon_core.event_reactor:joining thread
[8.096s] INFO:colcon.colcon_core.plugin_system:Skipping extension 'colcon_notification.desktop_notification.terminal_notifier': Not used on non-Darwin systems
[8.096s] INFO:colcon.colcon_core.plugin_system:Skipping extension 'colcon_notification.desktop_notification.win32': Not used on non-Windows systems
[8.096s] INFO:colcon.colcon_notification.desktop_notification:Sending desktop notification using 'notify2'
[8.109s] DEBUG:colcon.colcon_core.event_reactor:joined thread
[8.112s] INFO:colcon.colcon_core.shell:Creating prefix script '/home/dongju/camel-amr-projects/install/local_setup.ps1'
[8.113s] INFO:colcon.colcon_core.shell:Creating prefix util module '/home/dongju/camel-amr-projects/install/_local_setup_util_ps1.py'
[8.116s] INFO:colcon.colcon_core.shell:Creating prefix chain script '/home/dongju/camel-amr-projects/install/setup.ps1'
[8.118s] INFO:colcon.colcon_core.shell:Creating prefix script '/home/dongju/camel-amr-projects/install/local_setup.sh'
[8.119s] INFO:colcon.colcon_core.shell:Creating prefix util module '/home/dongju/camel-amr-projects/install/_local_setup_util_sh.py'
[8.120s] INFO:colcon.colcon_core.shell:Creating prefix chain script '/home/dongju/camel-amr-projects/install/setup.sh'
[8.122s] INFO:colcon.colcon_core.shell:Creating prefix script '/home/dongju/camel-amr-projects/install/local_setup.bash'
[8.122s] INFO:colcon.colcon_core.shell:Creating prefix chain script '/home/dongju/camel-amr-projects/install/setup.bash'
[8.124s] INFO:colcon.colcon_core.shell:Creating prefix script '/home/dongju/camel-amr-projects/install/local_setup.zsh'
[8.124s] INFO:colcon.colcon_core.shell:Creating prefix chain script '/home/dongju/camel-amr-projects/install/setup.zsh'
