[35m[1mConsolidate compiler generated dependencies of target clusteringDynamicObs_lib[0m
[ 16%] Built target visualize_lib
[ 33%] Built target dynamicObstacle_lib
[ 50%] Built target obsDetection_lib
[ 66%] Built target astar_lib
[ 75%] [32mBuilding CXX object CMakeFiles/clusteringDynamicObs_lib.dir/src/ClusteringDynamicObs/ClusteringDynamicObs.cpp.o[0m
[01m[K/home/sangjun/camel-amr-projects-V1/src/amr-main-pkg/src/ClusteringDynamicObs/ClusteringDynamicObs.cpp:[m[K In member function ‘[01m[Kvoid ClusteringDynamicObs::ClusteringDynamicObstacle()[m[K’:
[01m[K/home/sangjun/camel-amr-projects-V1/src/amr-main-pkg/src/ClusteringDynamicObs/ClusteringDynamicObs.cpp:94:24:[m[K [01;35m[Kwarning: [m[Kcomparison of integer expressions of different signedness: ‘[01m[Kint[m[K’ and ‘[01m[Kstd::vector<int>::size_type[m[K’ {aka ‘[01m[Klong unsigned int[m[K’} [[01;35m[K-Wsign-compare[m[K]
   94 |     for (int i = 0 ; [01;35m[Ki < LabelingStack.size()[m[K ; i++)
      |                      [01;35m[K~~^~~~~~~~~~~~~~~~~~~~~~[m[K
[01m[K/home/sangjun/camel-amr-projects-V1/src/amr-main-pkg/src/ClusteringDynamicObs/ClusteringDynamicObs.cpp:102:24:[m[K [01;35m[Kwarning: [m[Kcomparison of integer expressions of different signedness: ‘[01m[Kint[m[K’ and ‘[01m[Kstd::vector<std::pair<std::pair<int, int>, std::pair<int, int> > >::size_type[m[K’ {aka ‘[01m[Klong unsigned int[m[K’} [[01;35m[K-Wsign-compare[m[K]
  102 |     for (int i = 0 ; [01;35m[Ki < LabelingArray.size()[m[K ; i++)
      |                      [01;35m[K~~^~~~~~~~~~~~~~~~~~~~~~[m[K
[01m[K/home/sangjun/camel-amr-projects-V1/src/amr-main-pkg/src/ClusteringDynamicObs/ClusteringDynamicObs.cpp:[m[K In member function ‘[01m[Kvoid ClusteringDynamicObs::ConnectObs(int, int)[m[K’:
[01m[K/home/sangjun/camel-amr-projects-V1/src/amr-main-pkg/src/ClusteringDynamicObs/ClusteringDynamicObs.cpp:131:24:[m[K [01;35m[Kwarning: [m[Kcomparison of integer expressions of different signedness: ‘[01m[Kint[m[K’ and ‘[01m[Kstd::vector<std::pair<std::pair<int, int>, std::pair<int, int> > >::size_type[m[K’ {aka ‘[01m[Klong unsigned int[m[K’} [[01;35m[K-Wsign-compare[m[K]
  131 |     for (int i = 0 ; [01;35m[Ki < LabelingArray.size()[m[K ; i++)
      |                      [01;35m[K~~^~~~~~~~~~~~~~~~~~~~~~[m[K
[ 83%] [32m[1mLinking CXX static library libclusteringDynamicObs_lib.a[0m
[ 83%] Built target clusteringDynamicObs_lib
[ 91%] [32mBuilding CXX object CMakeFiles/simulmain.dir/src/simulmain/simul_main.cpp.o[0m
[01m[K/home/sangjun/camel-amr-projects-V1/src/amr-main-pkg/src/simulmain/simul_main.cpp:[m[K In member function ‘[01m[Kvoid ParkingNode::sub_callback(sensor_msgs::msg::LaserScan_<std::allocator<void> >::SharedPtr)[m[K’:
[01m[K/home/sangjun/camel-amr-projects-V1/src/amr-main-pkg/src/simulmain/simul_main.cpp:53:43:[m[K [01;31m[Kerror: [m[K‘[01m[Klong long int ClusteringDynamicObs::durationInt[m[K’ is private within this context
   53 |     std::cout << "Cycle time: "<< Cluster.[01;31m[KdurationInt[m[K << std::endl;
      |                                           [01;31m[K^~~~~~~~~~~[m[K
In file included from [01m[K/home/sangjun/camel-amr-projects-V1/src/amr-main-pkg/include/simulmain/simul_main.hpp:25[m[K,
                 from [01m[K/home/sangjun/camel-amr-projects-V1/src/amr-main-pkg/src/simulmain/simul_main.cpp:4[m[K:
[01m[K/home/sangjun/camel-amr-projects-V1/src/amr-main-pkg/include/ClusteringDynamicObs/ClusteringDynamicObs.hpp:31:15:[m[K [01;36m[Knote: [m[Kdeclared private here
   31 |     long long [01;36m[KdurationInt[m[K;
      |               [01;36m[K^~~~~~~~~~~[m[K
make[2]: *** [CMakeFiles/simulmain.dir/build.make:76: CMakeFiles/simulmain.dir/src/simulmain/simul_main.cpp.o] Error 1
make[1]: *** [CMakeFiles/Makefile2:177: CMakeFiles/simulmain.dir/all] Error 2
make: *** [Makefile:146: all] Error 2
