In file included from [01m[K/home/dongju/camel-amr-projects/src/amr-main-pkg/src/simulmain/simul_main.cpp:4[m[K:
[01m[K/home/dongju/camel-amr-projects/src/amr-main-pkg/include/simulmain/simul_main.hpp:29:10:[m[K [01;31m[Kfatal error: [m[K../../simulmain/SharedMemory.h: No such file or directory
   29 | #include [01;31m[K"../../simulmain/SharedMemory.h"[m[K
      |          [01;31m[K^~~~~~~~~~~~~~~~~~~~~~~~~~~~~~~~[m[K
compilation terminated.
make[2]: *** [CMakeFiles/simulmain.dir/build.make:90: CMakeFiles/simulmain.dir/src/simulmain/simul_main.cpp.o] Error 1
make[2]: *** Waiting for unfinished jobs....
In file included from [01m[K/home/dongju/camel-amr-projects/build/amr-main-pkg/simulmain_autogen/ITIM7IFCI6/../../../../src/amr-main-pkg/src/simulmain/mainwindow.h:5[m[K,
                 from [01m[K/home/dongju/camel-amr-projects/build/amr-main-pkg/simulmain_autogen/ITIM7IFCI6/moc_mainwindow.cpp:9[m[K,
                 from [01m[K/home/dongju/camel-amr-projects/build/amr-main-pkg/simulmain_autogen/mocs_compilation.cpp:2[m[K:
[01m[K/home/dongju/camel-amr-projects/src/amr-main-pkg/include/simulmain/simul_main.hpp:29:10:[m[K [01;31m[Kfatal error: [m[K../../simulmain/SharedMemory.h: No such file or directory
   29 | #include [01;31m[K"../../simulmain/SharedMemory.h"[m[K
      |          [01;31m[K^~~~~~~~~~~~~~~~~~~~~~~~~~~~~~~~[m[K
In file included from [01m[K/home/dongju/camel-amr-projects/src/amr-main-pkg/src/simulmain/mainwindow.h:5[m[K,
                 from [01m[K/home/dongju/camel-amr-projects/src/amr-main-pkg/src/simulmain/mainwindow.cpp:1[m[K:
[01m[K/home/dongju/camel-amr-projects/src/amr-main-pkg/include/simulmain/simul_main.hpp:29:10:[m[K [01;31m[Kfatal error: [m[K../../simulmain/SharedMemory.h: No such file or directory
   29 | #include [01;31m[K"../../simulmain/SharedMemory.h"[m[K
      |          [01;31m[K^~~~~~~~~~~~~~~~~~~~~~~~~~~~~~~~[m[K
compilation terminated.
compilation terminated.
make[2]: *** [CMakeFiles/simulmain.dir/build.make:104: CMakeFiles/simulmain.dir/src/simulmain/mainwindow.cpp.o] Error 1
make[2]: *** [CMakeFiles/simulmain.dir/build.make:76: CMakeFiles/simulmain.dir/simulmain_autogen/mocs_compilation.cpp.o] Error 1
make[1]: *** [CMakeFiles/Makefile2:288: CMakeFiles/simulmain.dir/all] Error 2
make: *** [Makefile:146: all] Error 2
