[35m[1mConsolidate compiler generated dependencies of target astar_lib[0m
[ 20%] Built target dynamicObstacle_lib
[ 40%] Built target obsDetection_lib
[ 50%] [32mBuilding CXX object CMakeFiles/astar_lib.dir/src/astar/Astar.cpp.o[0m
[ 70%] Built target visualize_lib
[01m[K/home/sangjun/camel-amr-projects-V1/src/amr-main-pkg/src/astar/Astar.cpp:[m[K In constructor ‘[01m[KAstar_planning::Astar_planning()[m[K’:
[01m[K/home/sangjun/camel-amr-projects-V1/src/amr-main-pkg/src/astar/Astar.cpp:8:28:[m[K [01;31m[Kerror: [m[Kassigning to an array from an initializer list
    8 |     Destx = {90, 10, 10, 90[01;31m[K}[m[K;
      |                            [01;31m[K^[m[K
[01m[K/home/sangjun/camel-amr-projects-V1/src/amr-main-pkg/src/astar/Astar.cpp:9:28:[m[K [01;31m[Kerror: [m[Kassigning to an array from an initializer list
    9 |     Desty = {10, 10, 90, 90[01;31m[K}[m[K;
      |                            [01;31m[K^[m[K
[01m[K/home/sangjun/camel-amr-projects-V1/src/amr-main-pkg/src/astar/Astar.cpp:12:18:[m[K [01;35m[Kwarning: [m[Kstatement has no effect [[01;35m[K-Wunused-value[m[K]
   12 |     [01;35m[Kzmap[MAX][MAX][m[K;
      |     [01;35m[K~~~~~~~~~~~~~^[m[K
[01m[K/home/sangjun/camel-amr-projects-V1/src/amr-main-pkg/src/astar/Astar.cpp:[m[K At global scope:
[01m[K/home/sangjun/camel-amr-projects-V1/src/amr-main-pkg/src/astar/Astar.cpp:35:49:[m[K [01;31m[Kerror: [m[Kinvalid use of non-static data member ‘[01m[KAstar_planning::MAX[m[K’
   35 | void Astar_planning::tracePath(Cell cellDetails[[01;31m[KMAX[m[K][MAX], Pair dst) {
      |                                                 [01;31m[K^~~[m[K
In file included from [01m[K/home/sangjun/camel-amr-projects-V1/src/amr-main-pkg/src/astar/Astar.cpp:4[m[K:
[01m[K/home/sangjun/camel-amr-projects-V1/src/amr-main-pkg/include/astar/Astar.hpp:37:9:[m[K [01;36m[Knote: [m[Kdeclared here
   37 |     int [01;36m[KMAX[m[K;
      |         [01;36m[K^~~[m[K
[01m[K/home/sangjun/camel-amr-projects-V1/src/amr-main-pkg/src/astar/Astar.cpp:35:54:[m[K [01;31m[Kerror: [m[Kinvalid use of non-static data member ‘[01m[KAstar_planning::MAX[m[K’
   35 | void Astar_planning::tracePath(Cell cellDetails[MAX][[01;31m[KMAX[m[K], Pair dst) {
      |                                                      [01;31m[K^~~[m[K
In file included from [01m[K/home/sangjun/camel-amr-projects-V1/src/amr-main-pkg/src/astar/Astar.cpp:4[m[K:
[01m[K/home/sangjun/camel-amr-projects-V1/src/amr-main-pkg/include/astar/Astar.hpp:37:9:[m[K [01;36m[Knote: [m[Kdeclared here
   37 |     int [01;36m[KMAX[m[K;
      |         [01;36m[K^~~[m[K
[01m[K/home/sangjun/camel-amr-projects-V1/src/amr-main-pkg/src/astar/Astar.cpp:35:58:[m[K [01;31m[Kerror: [m[Kexpected ‘[01m[K)[m[K’ before ‘[01m[K,[m[K’ token
   35 | void Astar_planning::tracePath[34m[K([m[KCell cellDetails[MAX][MAX][01;31m[K,[m[K Pair dst) {
      |                               [34m[K~[m[K                          [01;31m[K^[m[K
      |                                                          [32m[K)[m[K
[01m[K/home/sangjun/camel-amr-projects-V1/src/amr-main-pkg/src/astar/Astar.cpp:35:6:[m[K [01;31m[Kerror: [m[Kno declaration matches ‘[01m[Kvoid Astar_planning::tracePath(...)[m[K’
   35 | void [01;31m[KAstar_planning[m[K::tracePath(Cell cellDetails[MAX][MAX], Pair dst) {
      |      [01;31m[K^~~~~~~~~~~~~~[m[K
In file included from [01m[K/home/sangjun/camel-amr-projects-V1/src/amr-main-pkg/src/astar/Astar.cpp:4[m[K:
[01m[K/home/sangjun/camel-amr-projects-V1/src/amr-main-pkg/include/astar/Astar.hpp:48:10:[m[K [01;36m[Knote: [m[Kcandidate is: ‘[01m[Kvoid Astar_planning::tracePath(Cell (*)[201], Pair)[m[K’
   48 |     void [01;36m[KtracePath[m[K(Cell cellDetails[201][201], Pair dst);
      |          [01;36m[K^~~~~~~~~[m[K
[01m[K/home/sangjun/camel-amr-projects-V1/src/amr-main-pkg/include/astar/Astar.hpp:32:7:[m[K [01;36m[Knote: [m[K‘[01m[Kclass Astar_planning[m[K’ defined here
   32 | class [01;36m[KAstar_planning[m[K {
      |       [01;36m[K^~~~~~~~~~~~~~[m[K
[01m[K/home/sangjun/camel-amr-projects-V1/src/amr-main-pkg/src/astar/Astar.cpp:35:49:[m[K [01;31m[Kerror: [m[K‘[01m[Kint Astar_planning::MAX[m[K’ is private within this context
   35 | void Astar_planning::tracePath(Cell cellDetails[[01;31m[KMAX[m[K][MAX], Pair dst) {
      |                                                 [01;31m[K^~~[m[K
In file included from [01m[K/home/sangjun/camel-amr-projects-V1/src/amr-main-pkg/src/astar/Astar.cpp:4[m[K:
[01m[K/home/sangjun/camel-amr-projects-V1/src/amr-main-pkg/include/astar/Astar.hpp:37:9:[m[K [01;36m[Knote: [m[Kdeclared private here
   37 |     int [01;36m[KMAX[m[K;
      |         [01;36m[K^~~[m[K
[01m[K/home/sangjun/camel-amr-projects-V1/src/amr-main-pkg/src/astar/Astar.cpp:35:65:[m[K [01;31m[Kerror: [m[Kexpected initializer before ‘[01m[Kdst[m[K’
   35 | void Astar_planning::tracePath(Cell cellDetails[MAX][MAX], Pair [01;31m[Kdst[m[K) {
      |                                                                 [01;31m[K^~~[m[K
[01m[K/home/sangjun/camel-amr-projects-V1/src/amr-main-pkg/src/astar/Astar.cpp:[m[K In member function ‘[01m[Kbool Astar_planning::aStarSearch(std::vector<std::vector<int> >&, Pair, Pair)[m[K’:
[01m[K/home/sangjun/camel-amr-projects-V1/src/amr-main-pkg/src/astar/Astar.cpp:60:10:[m[K [01;35m[Kwarning: [m[KISO C++ forbids variable length array ‘[01m[KclosedList[m[K’ [[01;35m[K-Wvla[m[K]
   60 |     bool [01;35m[KclosedList[m[K[MAX][MAX];
      |          [01;35m[K^~~~~~~~~~[m[K
[01m[K/home/sangjun/camel-amr-projects-V1/src/amr-main-pkg/src/astar/Astar.cpp:60:10:[m[K [01;35m[Kwarning: [m[KISO C++ forbids variable length array ‘[01m[KclosedList[m[K’ [[01;35m[K-Wvla[m[K]
[01m[K/home/sangjun/camel-amr-projects-V1/src/amr-main-pkg/src/astar/Astar.cpp:63:10:[m[K [01;35m[Kwarning: [m[KISO C++ forbids variable length array ‘[01m[KcellDetails[m[K’ [[01;35m[K-Wvla[m[K]
   63 |     Cell [01;35m[KcellDetails[m[K[MAX][MAX];
      |          [01;35m[K^~~~~~~~~~~[m[K
[01m[K/home/sangjun/camel-amr-projects-V1/src/amr-main-pkg/src/astar/Astar.cpp:63:10:[m[K [01;35m[Kwarning: [m[KISO C++ forbids variable length array ‘[01m[KcellDetails[m[K’ [[01;35m[K-Wvla[m[K]
[01m[K/home/sangjun/camel-amr-projects-V1/src/amr-main-pkg/src/astar/Astar.cpp:92:26:[m[K [01;31m[Kerror: [m[K‘[01m[Kdy1[m[K’ was not declared in this scope; did you mean ‘[01m[Ky1[m[K’?
   92 |             int ny = y + [01;31m[Kdy1[m[K[i];
      |                          [01;31m[K^~~[m[K
      |                          [32m[Ky1[m[K
[01m[K/home/sangjun/camel-amr-projects-V1/src/amr-main-pkg/src/astar/Astar.cpp:93:26:[m[K [01;31m[Kerror: [m[K‘[01m[Kdx1[m[K’ was not declared in this scope
   93 |             int nx = x + [01;31m[Kdx1[m[K[i];
      |                          [01;31m[K^~~[m[K
[01m[K/home/sangjun/camel-amr-projects-V1/src/amr-main-pkg/src/astar/Astar.cpp:99:31:[m[K [01;31m[Kerror: [m[Kcannot convert ‘[01m[KCell [((Astar_planning*)this)->Astar_planning::MAX][((Astar_planning*)this)->Astar_planning::MAX][m[K’ to ‘[01m[KCell (*)[201][m[K’
   99 |                     tracePath([01;31m[KcellDetails[m[K, dst);
      |                               [01;31m[K^~~~~~~~~~~[m[K
      |                               [01;31m[K|[m[K
      |                               [01;31m[KCell [((Astar_planning*)this)->Astar_planning::MAX][((Astar_planning*)this)->Astar_planning::MAX][m[K
In file included from [01m[K/home/sangjun/camel-amr-projects-V1/src/amr-main-pkg/src/astar/Astar.cpp:4[m[K:
[01m[K/home/sangjun/camel-amr-projects-V1/src/amr-main-pkg/include/astar/Astar.hpp:48:25:[m[K [01;36m[Knote: [m[K  initializing argument 1 of ‘[01m[Kvoid Astar_planning::tracePath(Cell (*)[201], Pair)[m[K’
   48 |     void tracePath([01;36m[KCell cellDetails[201][201][m[K, Pair dst);
      |                    [01;36m[K~~~~~^~~~~~~~~~~~~~~~~~~~~[m[K
[01m[K/home/sangjun/camel-amr-projects-V1/src/amr-main-pkg/src/astar/Astar.cpp:121:26:[m[K [01;31m[Kerror: [m[K‘[01m[Kdy2[m[K’ was not declared in this scope
  121 |             int ny = y + [01;31m[Kdy2[m[K[i];
      |                          [01;31m[K^~~[m[K
[01m[K/home/sangjun/camel-amr-projects-V1/src/amr-main-pkg/src/astar/Astar.cpp:122:26:[m[K [01;31m[Kerror: [m[K‘[01m[Kdx2[m[K’ was not declared in this scope
  122 |             int nx = x + [01;31m[Kdx2[m[K[i];
      |                          [01;31m[K^~~[m[K
[01m[K/home/sangjun/camel-amr-projects-V1/src/amr-main-pkg/src/astar/Astar.cpp:128:31:[m[K [01;31m[Kerror: [m[Kcannot convert ‘[01m[KCell [((Astar_planning*)this)->Astar_planning::MAX][((Astar_planning*)this)->Astar_planning::MAX][m[K’ to ‘[01m[KCell (*)[201][m[K’
  128 |                     tracePath([01;31m[KcellDetails[m[K, dst);
      |                               [01;31m[K^~~~~~~~~~~[m[K
      |                               [01;31m[K|[m[K
      |                               [01;31m[KCell [((Astar_planning*)this)->Astar_planning::MAX][((Astar_planning*)this)->Astar_planning::MAX][m[K
In file included from [01m[K/home/sangjun/camel-amr-projects-V1/src/amr-main-pkg/src/astar/Astar.cpp:4[m[K:
[01m[K/home/sangjun/camel-amr-projects-V1/src/amr-main-pkg/include/astar/Astar.hpp:48:25:[m[K [01;36m[Knote: [m[K  initializing argument 1 of ‘[01m[Kvoid Astar_planning::tracePath(Cell (*)[201], Pair)[m[K’
   48 |     void tracePath([01;36m[KCell cellDetails[201][201][m[K, Pair dst);
      |                    [01;36m[K~~~~~^~~~~~~~~~~~~~~~~~~~~[m[K
[01m[K/home/sangjun/camel-amr-projects-V1/src/amr-main-pkg/src/astar/Astar.cpp:[m[K In member function ‘[01m[Kvoid Astar_planning::PrintMap()[m[K’:
[01m[K/home/sangjun/camel-amr-projects-V1/src/amr-main-pkg/src/astar/Astar.cpp:159:26:[m[K [01;31m[Kerror: [m[K‘[01m[KClusteringMatrix[m[K’ was not declared in this scope
  159 |             std::cout << [01;31m[KClusteringMatrix[m[K[i][j];
      |                          [01;31m[K^~~~~~~~~~~~~~~~[m[K
[01m[K/home/sangjun/camel-amr-projects-V1/src/amr-main-pkg/src/astar/Astar.cpp:[m[K In member function ‘[01m[Kvoid Astar_planning::startAstar(int, int)[m[K’:
[01m[K/home/sangjun/camel-amr-projects-V1/src/amr-main-pkg/src/astar/Astar.cpp:167:5:[m[K [01;31m[Kerror: [m[K‘[01m[KMapmatrix[m[K’ was not declared in this scope
  167 |     [01;31m[KMapmatrix[m[K[Startx][Starty] = 2;
      |     [01;31m[K^~~~~~~~~[m[K
[01m[K/home/sangjun/camel-amr-projects-V1/src/amr-main-pkg/src/astar/Astar.cpp:168:21:[m[K [01;31m[Kerror: [m[K‘[01m[Kcount[m[K’ was not declared in this scope
  168 |     Mapmatrix[Destx[[01;31m[Kcount[m[K]][Desty[count]] = 3;
      |                     [01;31m[K^~~~~[m[K
make[2]: *** [CMakeFiles/astar_lib.dir/build.make:76: CMakeFiles/astar_lib.dir/src/astar/Astar.cpp.o] Error 1
make[1]: *** [CMakeFiles/Makefile2:145: CMakeFiles/astar_lib.dir/all] Error 2
make: *** [Makefile:146: all] Error 2
