[0.012s] Invoking command in '/home/sangjun/camel-amr-projects-V1/build/amr-main-pkg': AMENT_PREFIX_PATH=/home/sangjun/camel-amr-projects-V1/install/amr_msg_interfaces CMAKE_PREFIX_PATH=/home/sangjun/camel-amr-projects-V1/install/amr_msg_interfaces:${CMAKE_PREFIX_PATH} LD_LIBRARY_PATH=/home/sangjun/camel-amr-projects-V1/install/amr_msg_interfaces/lib:${LD_LIBRARY_PATH} PYTHONPATH=/home/sangjun/camel-amr-projects-V1/install/amr_msg_interfaces/lib/python3.8/site-packages:${PYTHONPATH} /usr/local/bin/cmake --build /home/sangjun/camel-amr-projects-V1/build/amr-main-pkg -- -j6 -l6
[0.030s] [35m[1mConsolidate compiler generated dependencies of target astar_lib[0m
[0.032s] [ 20%] Built target dynamicObstacle_lib
[0.034s] [ 40%] Built target obsDetection_lib
[0.035s] [ 50%] [32mBuilding CXX object CMakeFiles/astar_lib.dir/src/astar/Astar.cpp.o[0m
[0.035s] [ 70%] Built target visualize_lib
[0.242s] [01m[K/home/sangjun/camel-amr-projects-V1/src/amr-main-pkg/src/astar/Astar.cpp:[m[K In constructor ‘[01m[KAstar_planning::Astar_planning()[m[K’:
[0.242s] [01m[K/home/sangjun/camel-amr-projects-V1/src/amr-main-pkg/src/astar/Astar.cpp:8:28:[m[K [01;31m[Kerror: [m[Kassigning to an array from an initializer list
[0.242s]     8 |     Destx = {90, 10, 10, 90[01;31m[K}[m[K;
[0.243s]       |                            [01;31m[K^[m[K
[0.243s] [01m[K/home/sangjun/camel-amr-projects-V1/src/amr-main-pkg/src/astar/Astar.cpp:9:28:[m[K [01;31m[Kerror: [m[Kassigning to an array from an initializer list
[0.243s]     9 |     Desty = {10, 10, 90, 90[01;31m[K}[m[K;
[0.243s]       |                            [01;31m[K^[m[K
[0.243s] [01m[K/home/sangjun/camel-amr-projects-V1/src/amr-main-pkg/src/astar/Astar.cpp:12:18:[m[K [01;35m[Kwarning: [m[Kstatement has no effect [[01;35m[K-Wunused-value[m[K]
[0.243s]    12 |     [01;35m[Kzmap[MAX][MAX][m[K;
[0.243s]       |     [01;35m[K~~~~~~~~~~~~~^[m[K
[0.246s] [01m[K/home/sangjun/camel-amr-projects-V1/src/amr-main-pkg/src/astar/Astar.cpp:[m[K At global scope:
[0.246s] [01m[K/home/sangjun/camel-amr-projects-V1/src/amr-main-pkg/src/astar/Astar.cpp:35:49:[m[K [01;31m[Kerror: [m[Kinvalid use of non-static data member ‘[01m[KAstar_planning::MAX[m[K’
[0.246s]    35 | void Astar_planning::tracePath(Cell cellDetails[[01;31m[KMAX[m[K][MAX], Pair dst) {
[0.246s]       |                                                 [01;31m[K^~~[m[K
[0.246s] In file included from [01m[K/home/sangjun/camel-amr-projects-V1/src/amr-main-pkg/src/astar/Astar.cpp:4[m[K:
[0.246s] [01m[K/home/sangjun/camel-amr-projects-V1/src/amr-main-pkg/include/astar/Astar.hpp:37:9:[m[K [01;36m[Knote: [m[Kdeclared here
[0.246s]    37 |     int [01;36m[KMAX[m[K;
[0.246s]       |         [01;36m[K^~~[m[K
[0.246s] [01m[K/home/sangjun/camel-amr-projects-V1/src/amr-main-pkg/src/astar/Astar.cpp:35:54:[m[K [01;31m[Kerror: [m[Kinvalid use of non-static data member ‘[01m[KAstar_planning::MAX[m[K’
[0.246s]    35 | void Astar_planning::tracePath(Cell cellDetails[MAX][[01;31m[KMAX[m[K], Pair dst) {
[0.246s]       |                                                      [01;31m[K^~~[m[K
[0.247s] In file included from [01m[K/home/sangjun/camel-amr-projects-V1/src/amr-main-pkg/src/astar/Astar.cpp:4[m[K:
[0.247s] [01m[K/home/sangjun/camel-amr-projects-V1/src/amr-main-pkg/include/astar/Astar.hpp:37:9:[m[K [01;36m[Knote: [m[Kdeclared here
[0.247s]    37 |     int [01;36m[KMAX[m[K;
[0.247s]       |         [01;36m[K^~~[m[K
[0.247s] [01m[K/home/sangjun/camel-amr-projects-V1/src/amr-main-pkg/src/astar/Astar.cpp:35:58:[m[K [01;31m[Kerror: [m[Kexpected ‘[01m[K)[m[K’ before ‘[01m[K,[m[K’ token
[0.247s]    35 | void Astar_planning::tracePath[34m[K([m[KCell cellDetails[MAX][MAX][01;31m[K,[m[K Pair dst) {
[0.247s]       |                               [34m[K~[m[K                          [01;31m[K^[m[K
[0.247s]       |                                                          [32m[K)[m[K
[0.247s] [01m[K/home/sangjun/camel-amr-projects-V1/src/amr-main-pkg/src/astar/Astar.cpp:35:6:[m[K [01;31m[Kerror: [m[Kno declaration matches ‘[01m[Kvoid Astar_planning::tracePath(...)[m[K’
[0.247s]    35 | void [01;31m[KAstar_planning[m[K::tracePath(Cell cellDetails[MAX][MAX], Pair dst) {
[0.247s]       |      [01;31m[K^~~~~~~~~~~~~~[m[K
[0.247s] In file included from [01m[K/home/sangjun/camel-amr-projects-V1/src/amr-main-pkg/src/astar/Astar.cpp:4[m[K:
[0.247s] [01m[K/home/sangjun/camel-amr-projects-V1/src/amr-main-pkg/include/astar/Astar.hpp:48:10:[m[K [01;36m[Knote: [m[Kcandidate is: ‘[01m[Kvoid Astar_planning::tracePath(Cell (*)[201], Pair)[m[K’
[0.248s]    48 |     void [01;36m[KtracePath[m[K(Cell cellDetails[201][201], Pair dst);
[0.248s]       |          [01;36m[K^~~~~~~~~[m[K
[0.248s] [01m[K/home/sangjun/camel-amr-projects-V1/src/amr-main-pkg/include/astar/Astar.hpp:32:7:[m[K [01;36m[Knote: [m[K‘[01m[Kclass Astar_planning[m[K’ defined here
[0.248s]    32 | class [01;36m[KAstar_planning[m[K {
[0.248s]       |       [01;36m[K^~~~~~~~~~~~~~[m[K
[0.248s] [01m[K/home/sangjun/camel-amr-projects-V1/src/amr-main-pkg/src/astar/Astar.cpp:35:49:[m[K [01;31m[Kerror: [m[K‘[01m[Kint Astar_planning::MAX[m[K’ is private within this context
[0.248s]    35 | void Astar_planning::tracePath(Cell cellDetails[[01;31m[KMAX[m[K][MAX], Pair dst) {
[0.248s]       |                                                 [01;31m[K^~~[m[K
[0.248s] In file included from [01m[K/home/sangjun/camel-amr-projects-V1/src/amr-main-pkg/src/astar/Astar.cpp:4[m[K:
[0.248s] [01m[K/home/sangjun/camel-amr-projects-V1/src/amr-main-pkg/include/astar/Astar.hpp:37:9:[m[K [01;36m[Knote: [m[Kdeclared private here
[0.248s]    37 |     int [01;36m[KMAX[m[K;
[0.248s]       |         [01;36m[K^~~[m[K
[0.248s] [01m[K/home/sangjun/camel-amr-projects-V1/src/amr-main-pkg/src/astar/Astar.cpp:35:65:[m[K [01;31m[Kerror: [m[Kexpected initializer before ‘[01m[Kdst[m[K’
[0.248s]    35 | void Astar_planning::tracePath(Cell cellDetails[MAX][MAX], Pair [01;31m[Kdst[m[K) {
[0.249s]       |                                                                 [01;31m[K^~~[m[K
[0.249s] [01m[K/home/sangjun/camel-amr-projects-V1/src/amr-main-pkg/src/astar/Astar.cpp:[m[K In member function ‘[01m[Kbool Astar_planning::aStarSearch(std::vector<std::vector<int> >&, Pair, Pair)[m[K’:
[0.249s] [01m[K/home/sangjun/camel-amr-projects-V1/src/amr-main-pkg/src/astar/Astar.cpp:60:10:[m[K [01;35m[Kwarning: [m[KISO C++ forbids variable length array ‘[01m[KclosedList[m[K’ [[01;35m[K-Wvla[m[K]
[0.249s]    60 |     bool [01;35m[KclosedList[m[K[MAX][MAX];
[0.249s]       |          [01;35m[K^~~~~~~~~~[m[K
[0.249s] [01m[K/home/sangjun/camel-amr-projects-V1/src/amr-main-pkg/src/astar/Astar.cpp:60:10:[m[K [01;35m[Kwarning: [m[KISO C++ forbids variable length array ‘[01m[KclosedList[m[K’ [[01;35m[K-Wvla[m[K]
[0.249s] [01m[K/home/sangjun/camel-amr-projects-V1/src/amr-main-pkg/src/astar/Astar.cpp:63:10:[m[K [01;35m[Kwarning: [m[KISO C++ forbids variable length array ‘[01m[KcellDetails[m[K’ [[01;35m[K-Wvla[m[K]
[0.249s]    63 |     Cell [01;35m[KcellDetails[m[K[MAX][MAX];
[0.249s]       |          [01;35m[K^~~~~~~~~~~[m[K
[0.249s] [01m[K/home/sangjun/camel-amr-projects-V1/src/amr-main-pkg/src/astar/Astar.cpp:63:10:[m[K [01;35m[Kwarning: [m[KISO C++ forbids variable length array ‘[01m[KcellDetails[m[K’ [[01;35m[K-Wvla[m[K]
[0.257s] [01m[K/home/sangjun/camel-amr-projects-V1/src/amr-main-pkg/src/astar/Astar.cpp:92:26:[m[K [01;31m[Kerror: [m[K‘[01m[Kdy1[m[K’ was not declared in this scope; did you mean ‘[01m[Ky1[m[K’?
[0.257s]    92 |             int ny = y + [01;31m[Kdy1[m[K[i];
[0.258s]       |                          [01;31m[K^~~[m[K
[0.258s]       |                          [32m[Ky1[m[K
[0.258s] [01m[K/home/sangjun/camel-amr-projects-V1/src/amr-main-pkg/src/astar/Astar.cpp:93:26:[m[K [01;31m[Kerror: [m[K‘[01m[Kdx1[m[K’ was not declared in this scope
[0.258s]    93 |             int nx = x + [01;31m[Kdx1[m[K[i];
[0.258s]       |                          [01;31m[K^~~[m[K
[0.258s] [01m[K/home/sangjun/camel-amr-projects-V1/src/amr-main-pkg/src/astar/Astar.cpp:99:31:[m[K [01;31m[Kerror: [m[Kcannot convert ‘[01m[KCell [((Astar_planning*)this)->Astar_planning::MAX][((Astar_planning*)this)->Astar_planning::MAX][m[K’ to ‘[01m[KCell (*)[201][m[K’
[0.258s]    99 |                     tracePath([01;31m[KcellDetails[m[K, dst);
[0.258s]       |                               [01;31m[K^~~~~~~~~~~[m[K
[0.258s]       |                               [01;31m[K|[m[K
[0.258s]       |                               [01;31m[KCell [((Astar_planning*)this)->Astar_planning::MAX][((Astar_planning*)this)->Astar_planning::MAX][m[K
[0.258s] In file included from [01m[K/home/sangjun/camel-amr-projects-V1/src/amr-main-pkg/src/astar/Astar.cpp:4[m[K:
[0.258s] [01m[K/home/sangjun/camel-amr-projects-V1/src/amr-main-pkg/include/astar/Astar.hpp:48:25:[m[K [01;36m[Knote: [m[K  initializing argument 1 of ‘[01m[Kvoid Astar_planning::tracePath(Cell (*)[201], Pair)[m[K’
[0.259s]    48 |     void tracePath([01;36m[KCell cellDetails[201][201][m[K, Pair dst);
[0.259s]       |                    [01;36m[K~~~~~^~~~~~~~~~~~~~~~~~~~~[m[K
[0.260s] [01m[K/home/sangjun/camel-amr-projects-V1/src/amr-main-pkg/src/astar/Astar.cpp:121:26:[m[K [01;31m[Kerror: [m[K‘[01m[Kdy2[m[K’ was not declared in this scope
[0.260s]   121 |             int ny = y + [01;31m[Kdy2[m[K[i];
[0.260s]       |                          [01;31m[K^~~[m[K
[0.260s] [01m[K/home/sangjun/camel-amr-projects-V1/src/amr-main-pkg/src/astar/Astar.cpp:122:26:[m[K [01;31m[Kerror: [m[K‘[01m[Kdx2[m[K’ was not declared in this scope
[0.260s]   122 |             int nx = x + [01;31m[Kdx2[m[K[i];
[0.260s]       |                          [01;31m[K^~~[m[K
[0.260s] [01m[K/home/sangjun/camel-amr-projects-V1/src/amr-main-pkg/src/astar/Astar.cpp:128:31:[m[K [01;31m[Kerror: [m[Kcannot convert ‘[01m[KCell [((Astar_planning*)this)->Astar_planning::MAX][((Astar_planning*)this)->Astar_planning::MAX][m[K’ to ‘[01m[KCell (*)[201][m[K’
[0.260s]   128 |                     tracePath([01;31m[KcellDetails[m[K, dst);
[0.261s]       |                               [01;31m[K^~~~~~~~~~~[m[K
[0.261s]       |                               [01;31m[K|[m[K
[0.261s]       |                               [01;31m[KCell [((Astar_planning*)this)->Astar_planning::MAX][((Astar_planning*)this)->Astar_planning::MAX][m[K
[0.261s] In file included from [01m[K/home/sangjun/camel-amr-projects-V1/src/amr-main-pkg/src/astar/Astar.cpp:4[m[K:
[0.261s] [01m[K/home/sangjun/camel-amr-projects-V1/src/amr-main-pkg/include/astar/Astar.hpp:48:25:[m[K [01;36m[Knote: [m[K  initializing argument 1 of ‘[01m[Kvoid Astar_planning::tracePath(Cell (*)[201], Pair)[m[K’
[0.261s]    48 |     void tracePath([01;36m[KCell cellDetails[201][201][m[K, Pair dst);
[0.261s]       |                    [01;36m[K~~~~~^~~~~~~~~~~~~~~~~~~~~[m[K
[0.263s] [01m[K/home/sangjun/camel-amr-projects-V1/src/amr-main-pkg/src/astar/Astar.cpp:[m[K In member function ‘[01m[Kvoid Astar_planning::PrintMap()[m[K’:
[0.264s] [01m[K/home/sangjun/camel-amr-projects-V1/src/amr-main-pkg/src/astar/Astar.cpp:159:26:[m[K [01;31m[Kerror: [m[K‘[01m[KClusteringMatrix[m[K’ was not declared in this scope
[0.264s]   159 |             std::cout << [01;31m[KClusteringMatrix[m[K[i][j];
[0.264s]       |                          [01;31m[K^~~~~~~~~~~~~~~~[m[K
[0.265s] [01m[K/home/sangjun/camel-amr-projects-V1/src/amr-main-pkg/src/astar/Astar.cpp:[m[K In member function ‘[01m[Kvoid Astar_planning::startAstar(int, int)[m[K’:
[0.265s] [01m[K/home/sangjun/camel-amr-projects-V1/src/amr-main-pkg/src/astar/Astar.cpp:167:5:[m[K [01;31m[Kerror: [m[K‘[01m[KMapmatrix[m[K’ was not declared in this scope
[0.265s]   167 |     [01;31m[KMapmatrix[m[K[Startx][Starty] = 2;
[0.265s]       |     [01;31m[K^~~~~~~~~[m[K
[0.265s] [01m[K/home/sangjun/camel-amr-projects-V1/src/amr-main-pkg/src/astar/Astar.cpp:168:21:[m[K [01;31m[Kerror: [m[K‘[01m[Kcount[m[K’ was not declared in this scope
[0.265s]   168 |     Mapmatrix[Destx[[01;31m[Kcount[m[K]][Desty[count]] = 3;
[0.265s]       |                     [01;31m[K^~~~~[m[K
[0.305s] make[2]: *** [CMakeFiles/astar_lib.dir/build.make:76: CMakeFiles/astar_lib.dir/src/astar/Astar.cpp.o] Error 1
[0.305s] make[1]: *** [CMakeFiles/Makefile2:145: CMakeFiles/astar_lib.dir/all] Error 2
[0.305s] make: *** [Makefile:146: all] Error 2
[0.306s] Invoked command in '/home/sangjun/camel-amr-projects-V1/build/amr-main-pkg' returned '2': AMENT_PREFIX_PATH=/home/sangjun/camel-amr-projects-V1/install/amr_msg_interfaces CMAKE_PREFIX_PATH=/home/sangjun/camel-amr-projects-V1/install/amr_msg_interfaces:${CMAKE_PREFIX_PATH} LD_LIBRARY_PATH=/home/sangjun/camel-amr-projects-V1/install/amr_msg_interfaces/lib:${LD_LIBRARY_PATH} PYTHONPATH=/home/sangjun/camel-amr-projects-V1/install/amr_msg_interfaces/lib/python3.8/site-packages:${PYTHONPATH} /usr/local/bin/cmake --build /home/sangjun/camel-amr-projects-V1/build/amr-main-pkg -- -j6 -l6
