[ 16%] [34m[1mAutomatic MOC and UIC for target obsDetection_lib[0m
[ 16%] [34m[1mAutomatic MOC and UIC for target visualize_lib[0m
[ 16%] [34m[1mAutomatic MOC and UIC for target astar_lib[0m
[ 20%] [34m[1mAutomatic MOC and UIC for target dynamicObstacle_lib[0m
[ 20%] [34m[1mAutomatic MOC and UIC for target clusteringDynamicObs_lib[0m
[ 20%] Built target clusteringDynamicObs_lib_autogen
[ 20%] Built target visualize_lib_autogen
[ 20%] Built target obsDetection_lib_autogen
[ 20%] Built target astar_lib_autogen
[ 20%] Built target dynamicObstacle_lib_autogen
[ 33%] Built target obsDetection_lib
[ 45%] Built target visualize_lib
[ 58%] Built target clusteringDynamicObs_lib
[ 75%] Built target dynamicObstacle_lib
[ 83%] Built target astar_lib
[ 87%] [34m[1mAutomatic MOC and UIC for target simulmain[0m
[ 87%] Built target simulmain_autogen
[ 91%] [32mBuilding CXX object CMakeFiles/simulmain.dir/src/simulmain/simul_main.cpp.o[0m
[ 95%] [32m[1mLinking CXX executable simulmain[0m
/usr/bin/ld: CMakeFiles/simulmain.dir/src/simulmain/simul_main.cpp.o: in function `main':
simul_main.cpp:(.text+0x14db): undefined reference to `MainWindow::MainWindow(QWidget*)'
/usr/bin/ld: simul_main.cpp:(.text+0x158c): undefined reference to `MainWindow::~MainWindow()'
/usr/bin/ld: simul_main.cpp:(.text+0x15f1): undefined reference to `MainWindow::~MainWindow()'
collect2: error: ld returned 1 exit status
make[2]: *** [CMakeFiles/simulmain.dir/build.make:191: simulmain] Error 1
make[1]: *** [CMakeFiles/Makefile2:288: CMakeFiles/simulmain.dir/all] Error 2
make: *** [Makefile:146: all] Error 2
