[0.010s] Invoking command in '/home/dongju/camel-amr-projects/build/amr-main-pkg': AMENT_PREFIX_PATH=/home/dongju/camel-amr-projects/install/amr_msg_interfaces:${AMENT_PREFIX_PATH} CMAKE_PREFIX_PATH=/home/dongju/camel-amr-projects/install/amr_msg_interfaces:/opt/ros/foxy LD_LIBRARY_PATH=/home/dongju/camel-amr-projects/install/amr_msg_interfaces/lib:/usr/lib/x86_64-linux-gnu/gazebo-11/plugins:/opt/ros/foxy/opt/yaml_cpp_vendor/lib:/opt/ros/foxy/opt/rviz_ogre_vendor/lib:/opt/ros/foxy/lib/x86_64-linux-gnu:/opt/ros/foxy/lib:home/dongju/raisimLib/install/lib PYTHONPATH=/home/dongju/camel-amr-projects/install/amr_msg_interfaces/lib/python3.8/site-packages:/opt/ros/foxy/lib/python3.8/site-packages:home/dongju/raisimLib/install/lib /usr/local/bin/cmake --build /home/dongju/camel-amr-projects/build/amr-main-pkg -- -j10 -l10
[0.029s] [  7%] [34m[1mAutomatic MOC and UIC for target astar_lib[0m
[0.029s] [  7%] [34m[1mAutomatic MOC and UIC for target obsDetection_lib[0m
[0.030s] [ 11%] [34m[1mAutomatic MOC and UIC for target visualize_lib[0m
[0.030s] [ 15%] [34m[1mAutomatic MOC and UIC for target clusteringDynamicObs_lib[0m
[0.030s] [ 19%] [34m[1mAutomatic MOC and UIC for target dynamicObstacle_lib[0m
[0.037s] [ 19%] Built target visualize_lib_autogen
[0.038s] [ 19%] Built target clusteringDynamicObs_lib_autogen
[0.038s] [ 19%] Built target astar_lib_autogen
[0.038s] [ 19%] Built target obsDetection_lib_autogen
[0.038s] [ 19%] Built target dynamicObstacle_lib_autogen
[0.047s] [ 30%] Built target visualize_lib
[0.047s] [ 42%] Built target astar_lib
[0.047s] [ 53%] Built target obsDetection_lib
[0.048s] [ 65%] Built target clusteringDynamicObs_lib
[0.048s] [ 76%] Built target dynamicObstacle_lib
[0.055s] [ 80%] [34m[1mAutomatic MOC and UIC for target simulmain[0m
[0.062s] [ 80%] Built target simulmain_autogen
[0.094s] [100%] Built target simulmain
[0.098s] Invoked command in '/home/dongju/camel-amr-projects/build/amr-main-pkg' returned '0': AMENT_PREFIX_PATH=/home/dongju/camel-amr-projects/install/amr_msg_interfaces:${AMENT_PREFIX_PATH} CMAKE_PREFIX_PATH=/home/dongju/camel-amr-projects/install/amr_msg_interfaces:/opt/ros/foxy LD_LIBRARY_PATH=/home/dongju/camel-amr-projects/install/amr_msg_interfaces/lib:/usr/lib/x86_64-linux-gnu/gazebo-11/plugins:/opt/ros/foxy/opt/yaml_cpp_vendor/lib:/opt/ros/foxy/opt/rviz_ogre_vendor/lib:/opt/ros/foxy/lib/x86_64-linux-gnu:/opt/ros/foxy/lib:home/dongju/raisimLib/install/lib PYTHONPATH=/home/dongju/camel-amr-projects/install/amr_msg_interfaces/lib/python3.8/site-packages:/opt/ros/foxy/lib/python3.8/site-packages:home/dongju/raisimLib/install/lib /usr/local/bin/cmake --build /home/dongju/camel-amr-projects/build/amr-main-pkg -- -j10 -l10
[0.126s] Invoking command in '/home/dongju/camel-amr-projects/build/amr-main-pkg': AMENT_PREFIX_PATH=/home/dongju/camel-amr-projects/install/amr_msg_interfaces:${AMENT_PREFIX_PATH} CMAKE_PREFIX_PATH=/home/dongju/camel-amr-projects/install/amr_msg_interfaces:/opt/ros/foxy LD_LIBRARY_PATH=/home/dongju/camel-amr-projects/install/amr_msg_interfaces/lib:/usr/lib/x86_64-linux-gnu/gazebo-11/plugins:/opt/ros/foxy/opt/yaml_cpp_vendor/lib:/opt/ros/foxy/opt/rviz_ogre_vendor/lib:/opt/ros/foxy/lib/x86_64-linux-gnu:/opt/ros/foxy/lib:home/dongju/raisimLib/install/lib PYTHONPATH=/home/dongju/camel-amr-projects/install/amr_msg_interfaces/lib/python3.8/site-packages:/opt/ros/foxy/lib/python3.8/site-packages:home/dongju/raisimLib/install/lib /usr/local/bin/cmake --install /home/dongju/camel-amr-projects/build/amr-main-pkg
[0.129s] -- Install configuration: ""
[0.130s] -- Execute custom install script
[0.130s] -- Up-to-date symlink: /home/dongju/camel-amr-projects/install/amr-main-pkg/include/ClusteringDynamicObs/ClusteringDynamicObs.hpp
[0.130s] -- Up-to-date symlink: /home/dongju/camel-amr-projects/install/amr-main-pkg/include/DynamicObstacle/DynamicObstacle.hpp
[0.130s] -- Up-to-date symlink: /home/dongju/camel-amr-projects/install/amr-main-pkg/include/ObsDetection/ObsDetection.hpp
[0.130s] -- Up-to-date symlink: /home/dongju/camel-amr-projects/install/amr-main-pkg/include/Variables/SharedMemory.h
[0.130s] -- Up-to-date symlink: /home/dongju/camel-amr-projects/install/amr-main-pkg/include/Variables/Variable.hpp
[0.130s] -- Up-to-date symlink: /home/dongju/camel-amr-projects/install/amr-main-pkg/include/Variables/mapinfo.hpp
[0.130s] -- Up-to-date symlink: /home/dongju/camel-amr-projects/install/amr-main-pkg/include/Visualize/Map_In_Out.hpp
[0.131s] -- Up-to-date symlink: /home/dongju/camel-amr-projects/install/amr-main-pkg/include/astar/Astar.hpp
[0.131s] -- Up-to-date symlink: /home/dongju/camel-amr-projects/install/amr-main-pkg/include/simulmain/simul_main.hpp
[0.131s] -- Up-to-date symlink: /home/dongju/camel-amr-projects/install/amr-main-pkg/lib/libastar_lib.a
[0.131s] -- Up-to-date symlink: /home/dongju/camel-amr-projects/install/amr-main-pkg/lib/libvisualize_lib.a
[0.131s] -- Up-to-date symlink: /home/dongju/camel-amr-projects/install/amr-main-pkg/lib/libdynamicObstacle_lib.a
[0.131s] -- Up-to-date symlink: /home/dongju/camel-amr-projects/install/amr-main-pkg/lib/libobsDetection_lib.a
[0.131s] -- Up-to-date symlink: /home/dongju/camel-amr-projects/install/amr-main-pkg/lib/libclusteringDynamicObs_lib.a
[0.132s] -- Up-to-date symlink: /home/dongju/camel-amr-projects/install/amr-main-pkg/lib/amr-main-pkg/simulmain
[0.132s] -- Up-to-date symlink: /home/dongju/camel-amr-projects/install/amr-main-pkg/share/amr-main-pkg/launch/t
[0.132s] -- Up-to-date symlink: /home/dongju/camel-amr-projects/install/amr-main-pkg/share/amr-main-pkg/param/amr_config.yaml
[0.133s] -- Up-to-date symlink: /home/dongju/camel-amr-projects/install/amr-main-pkg/share/ament_index/resource_index/package_run_dependencies/amr-main-pkg
[0.133s] -- Up-to-date symlink: /home/dongju/camel-amr-projects/install/amr-main-pkg/share/ament_index/resource_index/parent_prefix_path/amr-main-pkg
[0.133s] -- Up-to-date symlink: /home/dongju/camel-amr-projects/install/amr-main-pkg/share/amr-main-pkg/environment/ament_prefix_path.sh
[0.133s] -- Up-to-date symlink: /home/dongju/camel-amr-projects/install/amr-main-pkg/share/amr-main-pkg/environment/ament_prefix_path.dsv
[0.133s] -- Up-to-date symlink: /home/dongju/camel-amr-projects/install/amr-main-pkg/share/amr-main-pkg/environment/path.sh
[0.133s] -- Up-to-date symlink: /home/dongju/camel-amr-projects/install/amr-main-pkg/share/amr-main-pkg/environment/path.dsv
[0.133s] -- Up-to-date symlink: /home/dongju/camel-amr-projects/install/amr-main-pkg/share/amr-main-pkg/local_setup.bash
[0.133s] -- Up-to-date symlink: /home/dongju/camel-amr-projects/install/amr-main-pkg/share/amr-main-pkg/local_setup.sh
[0.134s] -- Up-to-date symlink: /home/dongju/camel-amr-projects/install/amr-main-pkg/share/amr-main-pkg/local_setup.zsh
[0.134s] -- Up-to-date symlink: /home/dongju/camel-amr-projects/install/amr-main-pkg/share/amr-main-pkg/local_setup.dsv
[0.134s] -- Symlinking: /home/dongju/camel-amr-projects/install/amr-main-pkg/share/amr-main-pkg/package.dsv
[0.136s] -- Up-to-date symlink: /home/dongju/camel-amr-projects/install/amr-main-pkg/share/ament_index/resource_index/packages/amr-main-pkg
[0.136s] -- Up-to-date symlink: /home/dongju/camel-amr-projects/install/amr-main-pkg/share/amr-main-pkg/cmake/amr-main-pkgConfig.cmake
[0.136s] -- Up-to-date symlink: /home/dongju/camel-amr-projects/install/amr-main-pkg/share/amr-main-pkg/cmake/amr-main-pkgConfig-version.cmake
[0.136s] -- Up-to-date symlink: /home/dongju/camel-amr-projects/install/amr-main-pkg/share/amr-main-pkg/package.xml
[0.139s] Invoked command in '/home/dongju/camel-amr-projects/build/amr-main-pkg' returned '0': AMENT_PREFIX_PATH=/home/dongju/camel-amr-projects/install/amr_msg_interfaces:${AMENT_PREFIX_PATH} CMAKE_PREFIX_PATH=/home/dongju/camel-amr-projects/install/amr_msg_interfaces:/opt/ros/foxy LD_LIBRARY_PATH=/home/dongju/camel-amr-projects/install/amr_msg_interfaces/lib:/usr/lib/x86_64-linux-gnu/gazebo-11/plugins:/opt/ros/foxy/opt/yaml_cpp_vendor/lib:/opt/ros/foxy/opt/rviz_ogre_vendor/lib:/opt/ros/foxy/lib/x86_64-linux-gnu:/opt/ros/foxy/lib:home/dongju/raisimLib/install/lib PYTHONPATH=/home/dongju/camel-amr-projects/install/amr_msg_interfaces/lib/python3.8/site-packages:/opt/ros/foxy/lib/python3.8/site-packages:home/dongju/raisimLib/install/lib /usr/local/bin/cmake --install /home/dongju/camel-amr-projects/build/amr-main-pkg
