[0.048s] Invoking command in '/home/sangjun/camel-amr-projects-V1/build/amr-obstacle-pkg': CMAKE_PREFIX_PATH=/home/sangjun/camel-amr-projects-V1/install/amr-main-pkg:/home/sangjun/camel-amr-projects-V1/install/amr_msg_interfaces:/home/sangjun/camel-amr-projects-V1/install/amr-obstacle-pkg:/home/sangjun/camel-amr-projects-V1/install/amr-gazebo-pkg:/home/sangjun/ros2_test_ws/install/test:/opt/ros/foxy:/home/sangjun/catkin_ws/devel:/opt/ros/noetic /usr/local/bin/cmake --build /home/sangjun/camel-amr-projects-V1/build/amr-obstacle-pkg -- -j6 -l6
[2.018s] [ 50%] Built target operate_dynamic_obstacle_node
[2.038s] [100%] Built target spawn_dynamic_obstacle_node
[2.043s] Invoked command in '/home/sangjun/camel-amr-projects-V1/build/amr-obstacle-pkg' returned '0': CMAKE_PREFIX_PATH=/home/sangjun/camel-amr-projects-V1/install/amr-main-pkg:/home/sangjun/camel-amr-projects-V1/install/amr_msg_interfaces:/home/sangjun/camel-amr-projects-V1/install/amr-obstacle-pkg:/home/sangjun/camel-amr-projects-V1/install/amr-gazebo-pkg:/home/sangjun/ros2_test_ws/install/test:/opt/ros/foxy:/home/sangjun/catkin_ws/devel:/opt/ros/noetic /usr/local/bin/cmake --build /home/sangjun/camel-amr-projects-V1/build/amr-obstacle-pkg -- -j6 -l6
[2.066s] Invoking command in '/home/sangjun/camel-amr-projects-V1/build/amr-obstacle-pkg': CMAKE_PREFIX_PATH=/home/sangjun/camel-amr-projects-V1/install/amr-main-pkg:/home/sangjun/camel-amr-projects-V1/install/amr_msg_interfaces:/home/sangjun/camel-amr-projects-V1/install/amr-obstacle-pkg:/home/sangjun/camel-amr-projects-V1/install/amr-gazebo-pkg:/home/sangjun/ros2_test_ws/install/test:/opt/ros/foxy:/home/sangjun/catkin_ws/devel:/opt/ros/noetic /usr/local/bin/cmake --install /home/sangjun/camel-amr-projects-V1/build/amr-obstacle-pkg
[2.069s] -- Install configuration: ""
[2.069s] -- Execute custom install script
[2.069s] -- Up-to-date symlink: /home/sangjun/camel-amr-projects-V1/install/amr-obstacle-pkg/lib/amr-obstacle-pkg/operate_dynamic_obstacle_node
[2.069s] -- Up-to-date symlink: /home/sangjun/camel-amr-projects-V1/install/amr-obstacle-pkg/lib/amr-obstacle-pkg/spawn_dynamic_obstacle_node
[2.069s] -- Up-to-date symlink: /home/sangjun/camel-amr-projects-V1/install/amr-obstacle-pkg/share/amr-obstacle-pkg/launch/dynamic_obstacle.launch.py
[2.069s] -- Up-to-date symlink: /home/sangjun/camel-amr-projects-V1/install/amr-obstacle-pkg/share/ament_index/resource_index/package_run_dependencies/amr-obstacle-pkg
[2.070s] -- Up-to-date symlink: /home/sangjun/camel-amr-projects-V1/install/amr-obstacle-pkg/share/ament_index/resource_index/parent_prefix_path/amr-obstacle-pkg
[2.070s] -- Up-to-date symlink: /home/sangjun/camel-amr-projects-V1/install/amr-obstacle-pkg/share/amr-obstacle-pkg/environment/ament_prefix_path.sh
[2.070s] -- Up-to-date symlink: /home/sangjun/camel-amr-projects-V1/install/amr-obstacle-pkg/share/amr-obstacle-pkg/environment/ament_prefix_path.dsv
[2.070s] -- Up-to-date symlink: /home/sangjun/camel-amr-projects-V1/install/amr-obstacle-pkg/share/amr-obstacle-pkg/environment/path.sh
[2.070s] -- Up-to-date symlink: /home/sangjun/camel-amr-projects-V1/install/amr-obstacle-pkg/share/amr-obstacle-pkg/environment/path.dsv
[2.070s] -- Up-to-date symlink: /home/sangjun/camel-amr-projects-V1/install/amr-obstacle-pkg/share/amr-obstacle-pkg/local_setup.bash
[2.070s] -- Up-to-date symlink: /home/sangjun/camel-amr-projects-V1/install/amr-obstacle-pkg/share/amr-obstacle-pkg/local_setup.sh
[2.070s] -- Up-to-date symlink: /home/sangjun/camel-amr-projects-V1/install/amr-obstacle-pkg/share/amr-obstacle-pkg/local_setup.zsh
[2.071s] -- Up-to-date symlink: /home/sangjun/camel-amr-projects-V1/install/amr-obstacle-pkg/share/amr-obstacle-pkg/local_setup.dsv
[2.071s] -- Symlinking: /home/sangjun/camel-amr-projects-V1/install/amr-obstacle-pkg/share/amr-obstacle-pkg/package.dsv
[2.073s] -- Up-to-date symlink: /home/sangjun/camel-amr-projects-V1/install/amr-obstacle-pkg/share/ament_index/resource_index/packages/amr-obstacle-pkg
[2.073s] -- Up-to-date symlink: /home/sangjun/camel-amr-projects-V1/install/amr-obstacle-pkg/share/amr-obstacle-pkg/cmake/amr-obstacle-pkgConfig.cmake
[2.073s] -- Up-to-date symlink: /home/sangjun/camel-amr-projects-V1/install/amr-obstacle-pkg/share/amr-obstacle-pkg/cmake/amr-obstacle-pkgConfig-version.cmake
[2.074s] -- Up-to-date symlink: /home/sangjun/camel-amr-projects-V1/install/amr-obstacle-pkg/share/amr-obstacle-pkg/package.xml
[2.078s] Invoked command in '/home/sangjun/camel-amr-projects-V1/build/amr-obstacle-pkg' returned '0': CMAKE_PREFIX_PATH=/home/sangjun/camel-amr-projects-V1/install/amr-main-pkg:/home/sangjun/camel-amr-projects-V1/install/amr_msg_interfaces:/home/sangjun/camel-amr-projects-V1/install/amr-obstacle-pkg:/home/sangjun/camel-amr-projects-V1/install/amr-gazebo-pkg:/home/sangjun/ros2_test_ws/install/test:/opt/ros/foxy:/home/sangjun/catkin_ws/devel:/opt/ros/noetic /usr/local/bin/cmake --install /home/sangjun/camel-amr-projects-V1/build/amr-obstacle-pkg
