[ 19%] [34m[1mAutomatic MOC and UIC for target dynamicObstacle_lib[0m
[ 19%] [34m[1mAutomatic MOC and UIC for target visualize_lib[0m
[ 19%] [34m[1mAutomatic MOC and UIC for target obsDetection_lib[0m
[ 19%] [34m[1mAutomatic MOC and UIC for target astar_lib[0m
[ 19%] [34m[1mAutomatic MOC and UIC for target clusteringDynamicObs_lib[0m
[ 19%] Built target visualize_lib_autogen
[ 19%] Built target obsDetection_lib_autogen
[ 19%] Built target clusteringDynamicObs_lib_autogen
[ 19%] Built target astar_lib_autogen
[ 19%] Built target dynamicObstacle_lib_autogen
[ 65%] Built target dynamicObstacle_lib
[ 65%] Built target visualize_lib
[ 65%] Built target astar_lib
[ 65%] Built target obsDetection_lib
[ 76%] Built target clusteringDynamicObs_lib
[ 80%] [34m[1mAutomatic MOC and UIC for target simulmain[0m
[ 80%] Built target simulmain_autogen
[ 84%] [32mBuilding CXX object CMakeFiles/simulmain.dir/src/simulmain/mainwindow.cpp.o[0m
[01m[K/home/dongju/camel-amr-projects/src/amr-main-pkg/src/simulmain/mainwindow.cpp:4:10:[m[K [01;31m[Kfatal error: [m[Ksimulmain/simulmain.hpp: No such file or directory
    4 | #include [01;31m[K"simulmain/simulmain.hpp"[m[K
      |          [01;31m[K^~~~~~~~~~~~~~~~~~~~~~~~~[m[K
compilation terminated.
make[2]: *** [CMakeFiles/simulmain.dir/build.make:104: CMakeFiles/simulmain.dir/src/simulmain/mainwindow.cpp.o] Error 1
make[1]: *** [CMakeFiles/Makefile2:288: CMakeFiles/simulmain.dir/all] Error 2
make: *** [Makefile:146: all] Error 2
