[0.326s] DEBUG:colcon:Command line arguments: ['/usr/bin/colcon', 'build', '--symlink-install']
[0.326s] DEBUG:colcon:Parsed command line arguments: Namespace(allow_overriding=[], ament_cmake_args=None, base_paths=['.'], build_base='build', catkin_cmake_args=None, catkin_skip_building_tests=False, cmake_args=None, cmake_clean_cache=False, cmake_clean_first=False, cmake_force_configure=False, cmake_target=None, cmake_target_skip_unavailable=False, continue_on_error=False, event_handlers=None, executor='parallel', ignore_user_meta=False, install_base='install', log_base=None, log_level=None, main=<bound method BuildVerb.main of <colcon_core.verb.build.BuildVerb object at 0x7f4a847ad430>>, merge_install=False, metas=['./colcon.meta'], packages_above=None, packages_above_and_dependencies=None, packages_above_depth=None, packages_end=None, packages_ignore=None, packages_ignore_regex=None, packages_select=None, packages_select_build_failed=False, packages_select_by_dep=None, packages_select_regex=None, packages_select_test_failures=False, packages_skip=None, packages_skip_build_finished=False, packages_skip_by_dep=None, packages_skip_regex=None, packages_skip_test_passed=False, packages_skip_up_to=None, packages_start=None, packages_up_to=None, packages_up_to_regex=None, parallel_workers=6, paths=None, symlink_install=True, test_result_base=None, verb_extension=<colcon_core.verb.build.BuildVerb object at 0x7f4a847ad430>, verb_name='build', verb_parser=<colcon_defaults.argument_parser.defaults.DefaultArgumentsDecorator object at 0x7f4a847ad970>)
[0.352s] Level 1:colcon.colcon_core.package_discovery:discover_packages(colcon_meta) check parameters
[0.352s] Level 1:colcon.colcon_core.package_discovery:discover_packages(recursive) check parameters
[0.352s] Level 1:colcon.colcon_core.package_discovery:discover_packages(ignore) check parameters
[0.352s] Level 1:colcon.colcon_core.package_discovery:discover_packages(path) check parameters
[0.352s] Level 1:colcon.colcon_core.package_discovery:discover_packages(colcon_meta) discover
[0.353s] Level 1:colcon.colcon_core.package_discovery:discover_packages(recursive) discover
[0.353s] INFO:colcon.colcon_core.package_discovery:Crawling recursively for packages in '/home/sangjun/camel-amr-projects-V1'
[0.353s] Level 1:colcon.colcon_core.package_identification:_identify(.) by extensions ['ignore', 'ignore_ament_install']
[0.353s] Level 1:colcon.colcon_core.package_identification:_identify(.) by extension 'ignore'
[0.353s] Level 1:colcon.colcon_core.package_identification:_identify(.) by extension 'ignore_ament_install'
[0.353s] Level 1:colcon.colcon_core.package_identification:_identify(.) by extensions ['colcon_pkg']
[0.353s] Level 1:colcon.colcon_core.package_identification:_identify(.) by extension 'colcon_pkg'
[0.353s] Level 1:colcon.colcon_core.package_identification:_identify(.) by extensions ['colcon_meta']
[0.353s] Level 1:colcon.colcon_core.package_identification:_identify(.) by extension 'colcon_meta'
[0.353s] Level 1:colcon.colcon_core.package_identification:_identify(.) by extensions ['ros']
[0.353s] Level 1:colcon.colcon_core.package_identification:_identify(.) by extension 'ros'
[0.374s] Level 1:colcon.colcon_core.package_identification:_identify(.) by extensions ['cmake', 'python']
[0.374s] Level 1:colcon.colcon_core.package_identification:_identify(.) by extension 'cmake'
[0.374s] Level 1:colcon.colcon_core.package_identification:_identify(.) by extension 'python'
[0.374s] Level 1:colcon.colcon_core.package_identification:_identify(.) by extensions ['python_setup_py']
[0.374s] Level 1:colcon.colcon_core.package_identification:_identify(.) by extension 'python_setup_py'
[0.374s] Level 1:colcon.colcon_core.package_identification:_identify(build) by extensions ['ignore', 'ignore_ament_install']
[0.374s] Level 1:colcon.colcon_core.package_identification:_identify(build) by extension 'ignore'
[0.374s] Level 1:colcon.colcon_core.package_identification:_identify(build) ignored
[0.374s] Level 1:colcon.colcon_core.package_identification:_identify(install) by extensions ['ignore', 'ignore_ament_install']
[0.375s] Level 1:colcon.colcon_core.package_identification:_identify(install) by extension 'ignore'
[0.375s] Level 1:colcon.colcon_core.package_identification:_identify(install) ignored
[0.375s] Level 1:colcon.colcon_core.package_identification:_identify(log) by extensions ['ignore', 'ignore_ament_install']
[0.375s] Level 1:colcon.colcon_core.package_identification:_identify(log) by extension 'ignore'
[0.375s] Level 1:colcon.colcon_core.package_identification:_identify(log) ignored
[0.375s] Level 1:colcon.colcon_core.package_identification:_identify(src) by extensions ['ignore', 'ignore_ament_install']
[0.375s] Level 1:colcon.colcon_core.package_identification:_identify(src) by extension 'ignore'
[0.375s] Level 1:colcon.colcon_core.package_identification:_identify(src) by extension 'ignore_ament_install'
[0.375s] Level 1:colcon.colcon_core.package_identification:_identify(src) by extensions ['colcon_pkg']
[0.375s] Level 1:colcon.colcon_core.package_identification:_identify(src) by extension 'colcon_pkg'
[0.375s] Level 1:colcon.colcon_core.package_identification:_identify(src) by extensions ['colcon_meta']
[0.375s] Level 1:colcon.colcon_core.package_identification:_identify(src) by extension 'colcon_meta'
[0.375s] Level 1:colcon.colcon_core.package_identification:_identify(src) by extensions ['ros']
[0.375s] Level 1:colcon.colcon_core.package_identification:_identify(src) by extension 'ros'
[0.375s] Level 1:colcon.colcon_core.package_identification:_identify(src) by extensions ['cmake', 'python']
[0.375s] Level 1:colcon.colcon_core.package_identification:_identify(src) by extension 'cmake'
[0.375s] Level 1:colcon.colcon_core.package_identification:_identify(src) by extension 'python'
[0.375s] Level 1:colcon.colcon_core.package_identification:_identify(src) by extensions ['python_setup_py']
[0.375s] Level 1:colcon.colcon_core.package_identification:_identify(src) by extension 'python_setup_py'
[0.375s] Level 1:colcon.colcon_core.package_identification:_identify(src/amr-gazebo-pkg) by extensions ['ignore', 'ignore_ament_install']
[0.376s] Level 1:colcon.colcon_core.package_identification:_identify(src/amr-gazebo-pkg) by extension 'ignore'
[0.376s] Level 1:colcon.colcon_core.package_identification:_identify(src/amr-gazebo-pkg) by extension 'ignore_ament_install'
[0.376s] Level 1:colcon.colcon_core.package_identification:_identify(src/amr-gazebo-pkg) by extensions ['colcon_pkg']
[0.376s] Level 1:colcon.colcon_core.package_identification:_identify(src/amr-gazebo-pkg) by extension 'colcon_pkg'
[0.376s] Level 1:colcon.colcon_core.package_identification:_identify(src/amr-gazebo-pkg) by extensions ['colcon_meta']
[0.376s] Level 1:colcon.colcon_core.package_identification:_identify(src/amr-gazebo-pkg) by extension 'colcon_meta'
[0.376s] Level 1:colcon.colcon_core.package_identification:_identify(src/amr-gazebo-pkg) by extensions ['ros']
[0.376s] Level 1:colcon.colcon_core.package_identification:_identify(src/amr-gazebo-pkg) by extension 'ros'
[0.378s] DEBUG:colcon.colcon_core.package_identification:Package 'src/amr-gazebo-pkg' with type 'ros.ament_cmake' and name 'amr-gazebo-pkg'
[0.379s] Level 1:colcon.colcon_core.package_identification:_identify(src/amr-main-pkg) by extensions ['ignore', 'ignore_ament_install']
[0.379s] Level 1:colcon.colcon_core.package_identification:_identify(src/amr-main-pkg) by extension 'ignore'
[0.379s] Level 1:colcon.colcon_core.package_identification:_identify(src/amr-main-pkg) by extension 'ignore_ament_install'
[0.379s] Level 1:colcon.colcon_core.package_identification:_identify(src/amr-main-pkg) by extensions ['colcon_pkg']
[0.379s] Level 1:colcon.colcon_core.package_identification:_identify(src/amr-main-pkg) by extension 'colcon_pkg'
[0.379s] Level 1:colcon.colcon_core.package_identification:_identify(src/amr-main-pkg) by extensions ['colcon_meta']
[0.379s] Level 1:colcon.colcon_core.package_identification:_identify(src/amr-main-pkg) by extension 'colcon_meta'
[0.379s] Level 1:colcon.colcon_core.package_identification:_identify(src/amr-main-pkg) by extensions ['ros']
[0.379s] Level 1:colcon.colcon_core.package_identification:_identify(src/amr-main-pkg) by extension 'ros'
[0.380s] DEBUG:colcon.colcon_core.package_identification:Package 'src/amr-main-pkg' with type 'ros.ament_cmake' and name 'amr-main-pkg'
[0.380s] Level 1:colcon.colcon_core.package_identification:_identify(src/amr-obstacle-pkg) by extensions ['ignore', 'ignore_ament_install']
[0.380s] Level 1:colcon.colcon_core.package_identification:_identify(src/amr-obstacle-pkg) by extension 'ignore'
[0.380s] Level 1:colcon.colcon_core.package_identification:_identify(src/amr-obstacle-pkg) by extension 'ignore_ament_install'
[0.380s] Level 1:colcon.colcon_core.package_identification:_identify(src/amr-obstacle-pkg) by extensions ['colcon_pkg']
[0.380s] Level 1:colcon.colcon_core.package_identification:_identify(src/amr-obstacle-pkg) by extension 'colcon_pkg'
[0.380s] Level 1:colcon.colcon_core.package_identification:_identify(src/amr-obstacle-pkg) by extensions ['colcon_meta']
[0.380s] Level 1:colcon.colcon_core.package_identification:_identify(src/amr-obstacle-pkg) by extension 'colcon_meta'
[0.380s] Level 1:colcon.colcon_core.package_identification:_identify(src/amr-obstacle-pkg) by extensions ['ros']
[0.380s] Level 1:colcon.colcon_core.package_identification:_identify(src/amr-obstacle-pkg) by extension 'ros'
[0.381s] DEBUG:colcon.colcon_core.package_identification:Package 'src/amr-obstacle-pkg' with type 'ros.ament_cmake' and name 'amr-obstacle-pkg'
[0.381s] Level 1:colcon.colcon_core.package_identification:_identify(src/amr_msg_interfaces) by extensions ['ignore', 'ignore_ament_install']
[0.381s] Level 1:colcon.colcon_core.package_identification:_identify(src/amr_msg_interfaces) by extension 'ignore'
[0.381s] Level 1:colcon.colcon_core.package_identification:_identify(src/amr_msg_interfaces) by extension 'ignore_ament_install'
[0.381s] Level 1:colcon.colcon_core.package_identification:_identify(src/amr_msg_interfaces) by extensions ['colcon_pkg']
[0.381s] Level 1:colcon.colcon_core.package_identification:_identify(src/amr_msg_interfaces) by extension 'colcon_pkg'
[0.382s] Level 1:colcon.colcon_core.package_identification:_identify(src/amr_msg_interfaces) by extensions ['colcon_meta']
[0.382s] Level 1:colcon.colcon_core.package_identification:_identify(src/amr_msg_interfaces) by extension 'colcon_meta'
[0.382s] Level 1:colcon.colcon_core.package_identification:_identify(src/amr_msg_interfaces) by extensions ['ros']
[0.382s] Level 1:colcon.colcon_core.package_identification:_identify(src/amr_msg_interfaces) by extension 'ros'
[0.382s] DEBUG:colcon.colcon_core.package_identification:Package 'src/amr_msg_interfaces' with type 'ros.ament_cmake' and name 'amr_msg_interfaces'
[0.382s] Level 1:colcon.colcon_core.package_discovery:discover_packages(recursive) using defaults
[0.382s] Level 1:colcon.colcon_core.package_discovery:discover_packages(ignore) discover
[0.382s] Level 1:colcon.colcon_core.package_discovery:discover_packages(ignore) using defaults
[0.382s] Level 1:colcon.colcon_core.package_discovery:discover_packages(path) discover
[0.382s] Level 1:colcon.colcon_core.package_discovery:discover_packages(path) using defaults
[0.403s] Level 1:colcon.colcon_core.package_discovery:discover_packages(prefix_path) check parameters
[0.403s] Level 1:colcon.colcon_core.package_discovery:discover_packages(prefix_path) discover
[0.406s] DEBUG:colcon.colcon_installed_package_information.package_discovery:Found 4 installed packages in /home/sangjun/camel-amr-projects-V1/install
[0.408s] DEBUG:colcon.colcon_installed_package_information.package_discovery:Found 344 installed packages in /opt/ros/foxy
[0.412s] Level 1:colcon.colcon_core.package_discovery:discover_packages(prefix_path) using defaults
[0.488s] Level 5:colcon.colcon_core.verb:set package 'amr-gazebo-pkg' build argument 'cmake_args' from command line to 'None'
[0.488s] Level 5:colcon.colcon_core.verb:set package 'amr-gazebo-pkg' build argument 'cmake_target' from command line to 'None'
[0.488s] Level 5:colcon.colcon_core.verb:set package 'amr-gazebo-pkg' build argument 'cmake_target_skip_unavailable' from command line to 'False'
[0.488s] Level 5:colcon.colcon_core.verb:set package 'amr-gazebo-pkg' build argument 'cmake_clean_cache' from command line to 'False'
[0.488s] Level 5:colcon.colcon_core.verb:set package 'amr-gazebo-pkg' build argument 'cmake_clean_first' from command line to 'False'
[0.488s] Level 5:colcon.colcon_core.verb:set package 'amr-gazebo-pkg' build argument 'cmake_force_configure' from command line to 'False'
[0.488s] Level 5:colcon.colcon_core.verb:set package 'amr-gazebo-pkg' build argument 'ament_cmake_args' from command line to 'None'
[0.488s] Level 5:colcon.colcon_core.verb:set package 'amr-gazebo-pkg' build argument 'catkin_cmake_args' from command line to 'None'
[0.488s] Level 5:colcon.colcon_core.verb:set package 'amr-gazebo-pkg' build argument 'catkin_skip_building_tests' from command line to 'False'
[0.488s] DEBUG:colcon.colcon_core.verb:Building package 'amr-gazebo-pkg' with the following arguments: {'ament_cmake_args': None, 'build_base': '/home/sangjun/camel-amr-projects-V1/build/amr-gazebo-pkg', 'catkin_cmake_args': None, 'catkin_skip_building_tests': False, 'cmake_args': None, 'cmake_clean_cache': False, 'cmake_clean_first': False, 'cmake_force_configure': False, 'cmake_target': None, 'cmake_target_skip_unavailable': False, 'install_base': '/home/sangjun/camel-amr-projects-V1/install/amr-gazebo-pkg', 'merge_install': False, 'path': '/home/sangjun/camel-amr-projects-V1/src/amr-gazebo-pkg', 'symlink_install': True, 'test_result_base': None}
[0.489s] Level 5:colcon.colcon_core.verb:set package 'amr-obstacle-pkg' build argument 'cmake_args' from command line to 'None'
[0.489s] Level 5:colcon.colcon_core.verb:set package 'amr-obstacle-pkg' build argument 'cmake_target' from command line to 'None'
[0.489s] Level 5:colcon.colcon_core.verb:set package 'amr-obstacle-pkg' build argument 'cmake_target_skip_unavailable' from command line to 'False'
[0.489s] Level 5:colcon.colcon_core.verb:set package 'amr-obstacle-pkg' build argument 'cmake_clean_cache' from command line to 'False'
[0.489s] Level 5:colcon.colcon_core.verb:set package 'amr-obstacle-pkg' build argument 'cmake_clean_first' from command line to 'False'
[0.489s] Level 5:colcon.colcon_core.verb:set package 'amr-obstacle-pkg' build argument 'cmake_force_configure' from command line to 'False'
[0.489s] Level 5:colcon.colcon_core.verb:set package 'amr-obstacle-pkg' build argument 'ament_cmake_args' from command line to 'None'
[0.489s] Level 5:colcon.colcon_core.verb:set package 'amr-obstacle-pkg' build argument 'catkin_cmake_args' from command line to 'None'
[0.489s] Level 5:colcon.colcon_core.verb:set package 'amr-obstacle-pkg' build argument 'catkin_skip_building_tests' from command line to 'False'
[0.489s] DEBUG:colcon.colcon_core.verb:Building package 'amr-obstacle-pkg' with the following arguments: {'ament_cmake_args': None, 'build_base': '/home/sangjun/camel-amr-projects-V1/build/amr-obstacle-pkg', 'catkin_cmake_args': None, 'catkin_skip_building_tests': False, 'cmake_args': None, 'cmake_clean_cache': False, 'cmake_clean_first': False, 'cmake_force_configure': False, 'cmake_target': None, 'cmake_target_skip_unavailable': False, 'install_base': '/home/sangjun/camel-amr-projects-V1/install/amr-obstacle-pkg', 'merge_install': False, 'path': '/home/sangjun/camel-amr-projects-V1/src/amr-obstacle-pkg', 'symlink_install': True, 'test_result_base': None}
[0.490s] Level 5:colcon.colcon_core.verb:set package 'amr_msg_interfaces' build argument 'cmake_args' from command line to 'None'
[0.490s] Level 5:colcon.colcon_core.verb:set package 'amr_msg_interfaces' build argument 'cmake_target' from command line to 'None'
[0.490s] Level 5:colcon.colcon_core.verb:set package 'amr_msg_interfaces' build argument 'cmake_target_skip_unavailable' from command line to 'False'
[0.490s] Level 5:colcon.colcon_core.verb:set package 'amr_msg_interfaces' build argument 'cmake_clean_cache' from command line to 'False'
[0.490s] Level 5:colcon.colcon_core.verb:set package 'amr_msg_interfaces' build argument 'cmake_clean_first' from command line to 'False'
[0.490s] Level 5:colcon.colcon_core.verb:set package 'amr_msg_interfaces' build argument 'cmake_force_configure' from command line to 'False'
[0.490s] Level 5:colcon.colcon_core.verb:set package 'amr_msg_interfaces' build argument 'ament_cmake_args' from command line to 'None'
[0.490s] Level 5:colcon.colcon_core.verb:set package 'amr_msg_interfaces' build argument 'catkin_cmake_args' from command line to 'None'
[0.490s] Level 5:colcon.colcon_core.verb:set package 'amr_msg_interfaces' build argument 'catkin_skip_building_tests' from command line to 'False'
[0.490s] DEBUG:colcon.colcon_core.verb:Building package 'amr_msg_interfaces' with the following arguments: {'ament_cmake_args': None, 'build_base': '/home/sangjun/camel-amr-projects-V1/build/amr_msg_interfaces', 'catkin_cmake_args': None, 'catkin_skip_building_tests': False, 'cmake_args': None, 'cmake_clean_cache': False, 'cmake_clean_first': False, 'cmake_force_configure': False, 'cmake_target': None, 'cmake_target_skip_unavailable': False, 'install_base': '/home/sangjun/camel-amr-projects-V1/install/amr_msg_interfaces', 'merge_install': False, 'path': '/home/sangjun/camel-amr-projects-V1/src/amr_msg_interfaces', 'symlink_install': True, 'test_result_base': None}
[0.491s] Level 5:colcon.colcon_core.verb:set package 'amr-main-pkg' build argument 'cmake_args' from command line to 'None'
[0.491s] Level 5:colcon.colcon_core.verb:set package 'amr-main-pkg' build argument 'cmake_target' from command line to 'None'
[0.491s] Level 5:colcon.colcon_core.verb:set package 'amr-main-pkg' build argument 'cmake_target_skip_unavailable' from command line to 'False'
[0.491s] Level 5:colcon.colcon_core.verb:set package 'amr-main-pkg' build argument 'cmake_clean_cache' from command line to 'False'
[0.491s] Level 5:colcon.colcon_core.verb:set package 'amr-main-pkg' build argument 'cmake_clean_first' from command line to 'False'
[0.491s] Level 5:colcon.colcon_core.verb:set package 'amr-main-pkg' build argument 'cmake_force_configure' from command line to 'False'
[0.491s] Level 5:colcon.colcon_core.verb:set package 'amr-main-pkg' build argument 'ament_cmake_args' from command line to 'None'
[0.491s] Level 5:colcon.colcon_core.verb:set package 'amr-main-pkg' build argument 'catkin_cmake_args' from command line to 'None'
[0.491s] Level 5:colcon.colcon_core.verb:set package 'amr-main-pkg' build argument 'catkin_skip_building_tests' from command line to 'False'
[0.491s] DEBUG:colcon.colcon_core.verb:Building package 'amr-main-pkg' with the following arguments: {'ament_cmake_args': None, 'build_base': '/home/sangjun/camel-amr-projects-V1/build/amr-main-pkg', 'catkin_cmake_args': None, 'catkin_skip_building_tests': False, 'cmake_args': None, 'cmake_clean_cache': False, 'cmake_clean_first': False, 'cmake_force_configure': False, 'cmake_target': None, 'cmake_target_skip_unavailable': False, 'install_base': '/home/sangjun/camel-amr-projects-V1/install/amr-main-pkg', 'merge_install': False, 'path': '/home/sangjun/camel-amr-projects-V1/src/amr-main-pkg', 'symlink_install': True, 'test_result_base': None}
[0.492s] INFO:colcon.colcon_core.executor:Executing jobs using 'parallel' executor
[0.494s] DEBUG:colcon.colcon_parallel_executor.executor.parallel:run_until_complete
[0.495s] INFO:colcon.colcon_ros.task.ament_cmake.build:Building ROS package in '/home/sangjun/camel-amr-projects-V1/src/amr_msg_interfaces' with build type 'ament_cmake'
[0.495s] INFO:colcon.colcon_cmake.task.cmake.build:Building CMake package in '/home/sangjun/camel-amr-projects-V1/src/amr_msg_interfaces'
[0.498s] INFO:colcon.colcon_core.plugin_system:Skipping extension 'colcon_core.shell.bat': Not used on non-Windows systems
[0.498s] INFO:colcon.colcon_core.shell:Skip shell extension 'powershell' for command environment: Not usable outside of PowerShell
[0.498s] DEBUG:colcon.colcon_core.shell:Skip shell extension 'dsv' for command environment
[0.502s] DEBUG:colcon.colcon_core.shell:Ignoring prefix path '/home/sangjun/catkin_ws/devel'
[0.502s] DEBUG:colcon.colcon_core.shell:Ignoring prefix path '/opt/ros/noetic'
[0.504s] INFO:colcon.colcon_ros.task.ament_cmake.build:Building ROS package in '/home/sangjun/camel-amr-projects-V1/src/amr-gazebo-pkg' with build type 'ament_cmake'
[0.505s] INFO:colcon.colcon_cmake.task.cmake.build:Building CMake package in '/home/sangjun/camel-amr-projects-V1/src/amr-gazebo-pkg'
[0.508s] INFO:colcon.colcon_core.shell:Skip shell extension 'powershell' for command environment: Not usable outside of PowerShell
[0.508s] DEBUG:colcon.colcon_core.shell:Skip shell extension 'dsv' for command environment
[0.514s] DEBUG:colcon.colcon_core.shell:Ignoring prefix path '/home/sangjun/catkin_ws/devel'
[0.515s] DEBUG:colcon.colcon_core.shell:Ignoring prefix path '/opt/ros/noetic'
[0.518s] INFO:colcon.colcon_ros.task.ament_cmake.build:Building ROS package in '/home/sangjun/camel-amr-projects-V1/src/amr-obstacle-pkg' with build type 'ament_cmake'
[0.518s] INFO:colcon.colcon_cmake.task.cmake.build:Building CMake package in '/home/sangjun/camel-amr-projects-V1/src/amr-obstacle-pkg'
[0.520s] INFO:colcon.colcon_core.shell:Skip shell extension 'powershell' for command environment: Not usable outside of PowerShell
[0.520s] DEBUG:colcon.colcon_core.shell:Skip shell extension 'dsv' for command environment
[0.524s] DEBUG:colcon.colcon_core.shell:Ignoring prefix path '/home/sangjun/catkin_ws/devel'
[0.525s] DEBUG:colcon.colcon_core.shell:Ignoring prefix path '/opt/ros/noetic'
[0.532s] DEBUG:colcon.colcon_core.event_handler.log_command:Invoking command in '/home/sangjun/camel-amr-projects-V1/build/amr_msg_interfaces': CMAKE_PREFIX_PATH=/home/sangjun/camel-amr-projects-V1/install/amr-main-pkg:/home/sangjun/camel-amr-projects-V1/install/amr_msg_interfaces:/home/sangjun/camel-amr-projects-V1/install/amr-obstacle-pkg:/home/sangjun/camel-amr-projects-V1/install/amr-gazebo-pkg:/opt/ros/foxy:/home/sangjun/catkin_ws/devel:/opt/ros/noetic /usr/local/bin/cmake --build /home/sangjun/camel-amr-projects-V1/build/amr_msg_interfaces -- -j6 -l6
[0.537s] DEBUG:colcon.colcon_core.event_handler.log_command:Invoking command in '/home/sangjun/camel-amr-projects-V1/build/amr-gazebo-pkg': CMAKE_PREFIX_PATH=/home/sangjun/camel-amr-projects-V1/install/amr-main-pkg:/home/sangjun/camel-amr-projects-V1/install/amr_msg_interfaces:/home/sangjun/camel-amr-projects-V1/install/amr-obstacle-pkg:/home/sangjun/camel-amr-projects-V1/install/amr-gazebo-pkg:/opt/ros/foxy:/home/sangjun/catkin_ws/devel:/opt/ros/noetic /usr/local/bin/cmake --build /home/sangjun/camel-amr-projects-V1/build/amr-gazebo-pkg -- -j6 -l6
[0.542s] DEBUG:colcon.colcon_core.event_handler.log_command:Invoking command in '/home/sangjun/camel-amr-projects-V1/build/amr-obstacle-pkg': CMAKE_PREFIX_PATH=/home/sangjun/camel-amr-projects-V1/install/amr-main-pkg:/home/sangjun/camel-amr-projects-V1/install/amr_msg_interfaces:/home/sangjun/camel-amr-projects-V1/install/amr-obstacle-pkg:/home/sangjun/camel-amr-projects-V1/install/amr-gazebo-pkg:/opt/ros/foxy:/home/sangjun/catkin_ws/devel:/opt/ros/noetic /usr/local/bin/cmake --build /home/sangjun/camel-amr-projects-V1/build/amr-obstacle-pkg -- -j6 -l6
[0.554s] DEBUG:colcon.colcon_core.event_handler.log_command:Invoked command in '/home/sangjun/camel-amr-projects-V1/build/amr-gazebo-pkg' returned '0': CMAKE_PREFIX_PATH=/home/sangjun/camel-amr-projects-V1/install/amr-main-pkg:/home/sangjun/camel-amr-projects-V1/install/amr_msg_interfaces:/home/sangjun/camel-amr-projects-V1/install/amr-obstacle-pkg:/home/sangjun/camel-amr-projects-V1/install/amr-gazebo-pkg:/opt/ros/foxy:/home/sangjun/catkin_ws/devel:/opt/ros/noetic /usr/local/bin/cmake --build /home/sangjun/camel-amr-projects-V1/build/amr-gazebo-pkg -- -j6 -l6
[0.586s] DEBUG:colcon.colcon_core.event_handler.log_command:Invoking command in '/home/sangjun/camel-amr-projects-V1/build/amr-gazebo-pkg': CMAKE_PREFIX_PATH=/home/sangjun/camel-amr-projects-V1/install/amr-main-pkg:/home/sangjun/camel-amr-projects-V1/install/amr_msg_interfaces:/home/sangjun/camel-amr-projects-V1/install/amr-obstacle-pkg:/home/sangjun/camel-amr-projects-V1/install/amr-gazebo-pkg:/opt/ros/foxy:/home/sangjun/catkin_ws/devel:/opt/ros/noetic /usr/local/bin/cmake --install /home/sangjun/camel-amr-projects-V1/build/amr-gazebo-pkg
[0.599s] Level 1:colcon.colcon_core.environment:create_environment_scripts_only(amr-gazebo-pkg)
[0.599s] DEBUG:colcon.colcon_core.event_handler.log_command:Invoked command in '/home/sangjun/camel-amr-projects-V1/build/amr-gazebo-pkg' returned '0': CMAKE_PREFIX_PATH=/home/sangjun/camel-amr-projects-V1/install/amr-main-pkg:/home/sangjun/camel-amr-projects-V1/install/amr_msg_interfaces:/home/sangjun/camel-amr-projects-V1/install/amr-obstacle-pkg:/home/sangjun/camel-amr-projects-V1/install/amr-gazebo-pkg:/opt/ros/foxy:/home/sangjun/catkin_ws/devel:/opt/ros/noetic /usr/local/bin/cmake --install /home/sangjun/camel-amr-projects-V1/build/amr-gazebo-pkg
[0.603s] Level 1:colcon.colcon_core.environment:checking '/home/sangjun/camel-amr-projects-V1/install/amr-gazebo-pkg' for CMake module files
[0.604s] Level 1:colcon.colcon_core.environment:checking '/home/sangjun/camel-amr-projects-V1/install/amr-gazebo-pkg' for CMake config files
[0.604s] Level 1:colcon.colcon_core.shell:create_environment_hook('amr-gazebo-pkg', 'cmake_prefix_path')
[0.605s] INFO:colcon.colcon_core.shell:Creating environment hook '/home/sangjun/camel-amr-projects-V1/install/amr-gazebo-pkg/share/amr-gazebo-pkg/hook/cmake_prefix_path.ps1'
[0.606s] INFO:colcon.colcon_core.shell:Creating environment descriptor '/home/sangjun/camel-amr-projects-V1/install/amr-gazebo-pkg/share/amr-gazebo-pkg/hook/cmake_prefix_path.dsv'
[0.606s] INFO:colcon.colcon_core.shell:Creating environment hook '/home/sangjun/camel-amr-projects-V1/install/amr-gazebo-pkg/share/amr-gazebo-pkg/hook/cmake_prefix_path.sh'
[0.607s] Level 1:colcon.colcon_core.environment:checking '/home/sangjun/camel-amr-projects-V1/install/amr-gazebo-pkg/bin'
[0.607s] Level 1:colcon.colcon_core.environment:checking '/home/sangjun/camel-amr-projects-V1/install/amr-gazebo-pkg/lib/pkgconfig/amr-gazebo-pkg.pc'
[0.607s] Level 1:colcon.colcon_core.environment:checking '/home/sangjun/camel-amr-projects-V1/install/amr-gazebo-pkg/lib/python3.8/site-packages'
[0.607s] Level 1:colcon.colcon_core.environment:checking '/home/sangjun/camel-amr-projects-V1/install/amr-gazebo-pkg/bin'
[0.609s] INFO:colcon.colcon_core.shell:Creating package script '/home/sangjun/camel-amr-projects-V1/install/amr-gazebo-pkg/share/amr-gazebo-pkg/package.ps1'
[0.610s] INFO:colcon.colcon_core.shell:Creating package descriptor '/home/sangjun/camel-amr-projects-V1/install/amr-gazebo-pkg/share/amr-gazebo-pkg/package.dsv'
[0.611s] INFO:colcon.colcon_core.shell:Creating package script '/home/sangjun/camel-amr-projects-V1/install/amr-gazebo-pkg/share/amr-gazebo-pkg/package.sh'
[0.611s] INFO:colcon.colcon_core.shell:Creating package script '/home/sangjun/camel-amr-projects-V1/install/amr-gazebo-pkg/share/amr-gazebo-pkg/package.bash'
[0.612s] INFO:colcon.colcon_core.shell:Creating package script '/home/sangjun/camel-amr-projects-V1/install/amr-gazebo-pkg/share/amr-gazebo-pkg/package.zsh'
[0.612s] Level 1:colcon.colcon_core.environment:create_file_with_runtime_dependencies(/home/sangjun/camel-amr-projects-V1/install/amr-gazebo-pkg/share/colcon-core/packages/amr-gazebo-pkg)
[0.616s] DEBUG:colcon.colcon_core.event_handler.log_command:Invoked command in '/home/sangjun/camel-amr-projects-V1/build/amr-obstacle-pkg' returned '0': CMAKE_PREFIX_PATH=/home/sangjun/camel-amr-projects-V1/install/amr-main-pkg:/home/sangjun/camel-amr-projects-V1/install/amr_msg_interfaces:/home/sangjun/camel-amr-projects-V1/install/amr-obstacle-pkg:/home/sangjun/camel-amr-projects-V1/install/amr-gazebo-pkg:/opt/ros/foxy:/home/sangjun/catkin_ws/devel:/opt/ros/noetic /usr/local/bin/cmake --build /home/sangjun/camel-amr-projects-V1/build/amr-obstacle-pkg -- -j6 -l6
[0.630s] Level 1:colcon.colcon_core.environment:create_environment_scripts_only(amr-gazebo-pkg)
[0.632s] Level 1:colcon.colcon_core.environment:checking '/home/sangjun/camel-amr-projects-V1/install/amr-gazebo-pkg' for CMake module files
[0.633s] Level 1:colcon.colcon_core.environment:checking '/home/sangjun/camel-amr-projects-V1/install/amr-gazebo-pkg' for CMake config files
[0.633s] Level 1:colcon.colcon_core.shell:create_environment_hook('amr-gazebo-pkg', 'cmake_prefix_path')
[0.634s] INFO:colcon.colcon_core.shell:Creating environment hook '/home/sangjun/camel-amr-projects-V1/install/amr-gazebo-pkg/share/amr-gazebo-pkg/hook/cmake_prefix_path.ps1'
[0.635s] INFO:colcon.colcon_core.shell:Creating environment descriptor '/home/sangjun/camel-amr-projects-V1/install/amr-gazebo-pkg/share/amr-gazebo-pkg/hook/cmake_prefix_path.dsv'
[0.635s] INFO:colcon.colcon_core.shell:Creating environment hook '/home/sangjun/camel-amr-projects-V1/install/amr-gazebo-pkg/share/amr-gazebo-pkg/hook/cmake_prefix_path.sh'
[0.635s] Level 1:colcon.colcon_core.environment:checking '/home/sangjun/camel-amr-projects-V1/install/amr-gazebo-pkg/bin'
[0.635s] Level 1:colcon.colcon_core.environment:checking '/home/sangjun/camel-amr-projects-V1/install/amr-gazebo-pkg/lib/pkgconfig/amr-gazebo-pkg.pc'
[0.635s] Level 1:colcon.colcon_core.environment:checking '/home/sangjun/camel-amr-projects-V1/install/amr-gazebo-pkg/lib/python3.8/site-packages'
[0.636s] Level 1:colcon.colcon_core.environment:checking '/home/sangjun/camel-amr-projects-V1/install/amr-gazebo-pkg/bin'
[0.637s] INFO:colcon.colcon_core.shell:Creating package script '/home/sangjun/camel-amr-projects-V1/install/amr-gazebo-pkg/share/amr-gazebo-pkg/package.ps1'
[0.637s] INFO:colcon.colcon_core.shell:Creating package descriptor '/home/sangjun/camel-amr-projects-V1/install/amr-gazebo-pkg/share/amr-gazebo-pkg/package.dsv'
[0.638s] INFO:colcon.colcon_core.shell:Creating package script '/home/sangjun/camel-amr-projects-V1/install/amr-gazebo-pkg/share/amr-gazebo-pkg/package.sh'
[0.638s] INFO:colcon.colcon_core.shell:Creating package script '/home/sangjun/camel-amr-projects-V1/install/amr-gazebo-pkg/share/amr-gazebo-pkg/package.bash'
[0.638s] INFO:colcon.colcon_core.shell:Creating package script '/home/sangjun/camel-amr-projects-V1/install/amr-gazebo-pkg/share/amr-gazebo-pkg/package.zsh'
[0.638s] Level 1:colcon.colcon_core.environment:create_file_with_runtime_dependencies(/home/sangjun/camel-amr-projects-V1/install/amr-gazebo-pkg/share/colcon-core/packages/amr-gazebo-pkg)
[0.641s] DEBUG:colcon.colcon_core.event_handler.log_command:Invoking command in '/home/sangjun/camel-amr-projects-V1/build/amr-obstacle-pkg': CMAKE_PREFIX_PATH=/home/sangjun/camel-amr-projects-V1/install/amr-main-pkg:/home/sangjun/camel-amr-projects-V1/install/amr_msg_interfaces:/home/sangjun/camel-amr-projects-V1/install/amr-obstacle-pkg:/home/sangjun/camel-amr-projects-V1/install/amr-gazebo-pkg:/opt/ros/foxy:/home/sangjun/catkin_ws/devel:/opt/ros/noetic /usr/local/bin/cmake --install /home/sangjun/camel-amr-projects-V1/build/amr-obstacle-pkg
[0.645s] DEBUG:colcon.colcon_core.event_handler.log_command:Invoked command in '/home/sangjun/camel-amr-projects-V1/build/amr_msg_interfaces' returned '0': CMAKE_PREFIX_PATH=/home/sangjun/camel-amr-projects-V1/install/amr-main-pkg:/home/sangjun/camel-amr-projects-V1/install/amr_msg_interfaces:/home/sangjun/camel-amr-projects-V1/install/amr-obstacle-pkg:/home/sangjun/camel-amr-projects-V1/install/amr-gazebo-pkg:/opt/ros/foxy:/home/sangjun/catkin_ws/devel:/opt/ros/noetic /usr/local/bin/cmake --build /home/sangjun/camel-amr-projects-V1/build/amr_msg_interfaces -- -j6 -l6
[0.651s] Level 1:colcon.colcon_core.environment:create_environment_scripts_only(amr-obstacle-pkg)
[0.653s] Level 1:colcon.colcon_core.environment:checking '/home/sangjun/camel-amr-projects-V1/install/amr-obstacle-pkg' for CMake module files
[0.655s] DEBUG:colcon.colcon_core.event_handler.log_command:Invoked command in '/home/sangjun/camel-amr-projects-V1/build/amr-obstacle-pkg' returned '0': CMAKE_PREFIX_PATH=/home/sangjun/camel-amr-projects-V1/install/amr-main-pkg:/home/sangjun/camel-amr-projects-V1/install/amr_msg_interfaces:/home/sangjun/camel-amr-projects-V1/install/amr-obstacle-pkg:/home/sangjun/camel-amr-projects-V1/install/amr-gazebo-pkg:/opt/ros/foxy:/home/sangjun/catkin_ws/devel:/opt/ros/noetic /usr/local/bin/cmake --install /home/sangjun/camel-amr-projects-V1/build/amr-obstacle-pkg
[0.655s] Level 1:colcon.colcon_core.environment:checking '/home/sangjun/camel-amr-projects-V1/install/amr-obstacle-pkg' for CMake config files
[0.655s] Level 1:colcon.colcon_core.shell:create_environment_hook('amr-obstacle-pkg', 'cmake_prefix_path')
[0.657s] INFO:colcon.colcon_core.shell:Creating environment hook '/home/sangjun/camel-amr-projects-V1/install/amr-obstacle-pkg/share/amr-obstacle-pkg/hook/cmake_prefix_path.ps1'
[0.657s] INFO:colcon.colcon_core.shell:Creating environment descriptor '/home/sangjun/camel-amr-projects-V1/install/amr-obstacle-pkg/share/amr-obstacle-pkg/hook/cmake_prefix_path.dsv'
[0.658s] INFO:colcon.colcon_core.shell:Creating environment hook '/home/sangjun/camel-amr-projects-V1/install/amr-obstacle-pkg/share/amr-obstacle-pkg/hook/cmake_prefix_path.sh'
[0.658s] Level 1:colcon.colcon_core.environment:checking '/home/sangjun/camel-amr-projects-V1/install/amr-obstacle-pkg/lib'
[0.659s] Level 1:colcon.colcon_core.environment:checking '/home/sangjun/camel-amr-projects-V1/install/amr-obstacle-pkg/bin'
[0.659s] Level 1:colcon.colcon_core.environment:checking '/home/sangjun/camel-amr-projects-V1/install/amr-obstacle-pkg/lib/pkgconfig/amr-obstacle-pkg.pc'
[0.659s] Level 1:colcon.colcon_core.environment:checking '/home/sangjun/camel-amr-projects-V1/install/amr-obstacle-pkg/lib/python3.8/site-packages'
[0.659s] Level 1:colcon.colcon_core.environment:checking '/home/sangjun/camel-amr-projects-V1/install/amr-obstacle-pkg/bin'
[0.660s] INFO:colcon.colcon_core.shell:Creating package script '/home/sangjun/camel-amr-projects-V1/install/amr-obstacle-pkg/share/amr-obstacle-pkg/package.ps1'
[0.661s] INFO:colcon.colcon_core.shell:Creating package descriptor '/home/sangjun/camel-amr-projects-V1/install/amr-obstacle-pkg/share/amr-obstacle-pkg/package.dsv'
[0.661s] INFO:colcon.colcon_core.shell:Creating package script '/home/sangjun/camel-amr-projects-V1/install/amr-obstacle-pkg/share/amr-obstacle-pkg/package.sh'
[0.661s] INFO:colcon.colcon_core.shell:Creating package script '/home/sangjun/camel-amr-projects-V1/install/amr-obstacle-pkg/share/amr-obstacle-pkg/package.bash'
[0.661s] INFO:colcon.colcon_core.shell:Creating package script '/home/sangjun/camel-amr-projects-V1/install/amr-obstacle-pkg/share/amr-obstacle-pkg/package.zsh'
[0.662s] Level 1:colcon.colcon_core.environment:create_file_with_runtime_dependencies(/home/sangjun/camel-amr-projects-V1/install/amr-obstacle-pkg/share/colcon-core/packages/amr-obstacle-pkg)
[0.681s] Level 1:colcon.colcon_core.environment:create_environment_scripts_only(amr-obstacle-pkg)
[0.683s] Level 1:colcon.colcon_core.environment:checking '/home/sangjun/camel-amr-projects-V1/install/amr-obstacle-pkg' for CMake module files
[0.684s] Level 1:colcon.colcon_core.environment:checking '/home/sangjun/camel-amr-projects-V1/install/amr-obstacle-pkg' for CMake config files
[0.684s] Level 1:colcon.colcon_core.shell:create_environment_hook('amr-obstacle-pkg', 'cmake_prefix_path')
[0.686s] INFO:colcon.colcon_core.shell:Creating environment hook '/home/sangjun/camel-amr-projects-V1/install/amr-obstacle-pkg/share/amr-obstacle-pkg/hook/cmake_prefix_path.ps1'
[0.686s] INFO:colcon.colcon_core.shell:Creating environment descriptor '/home/sangjun/camel-amr-projects-V1/install/amr-obstacle-pkg/share/amr-obstacle-pkg/hook/cmake_prefix_path.dsv'
[0.687s] INFO:colcon.colcon_core.shell:Creating environment hook '/home/sangjun/camel-amr-projects-V1/install/amr-obstacle-pkg/share/amr-obstacle-pkg/hook/cmake_prefix_path.sh'
[0.687s] Level 1:colcon.colcon_core.environment:checking '/home/sangjun/camel-amr-projects-V1/install/amr-obstacle-pkg/lib'
[0.687s] Level 1:colcon.colcon_core.environment:checking '/home/sangjun/camel-amr-projects-V1/install/amr-obstacle-pkg/bin'
[0.687s] Level 1:colcon.colcon_core.environment:checking '/home/sangjun/camel-amr-projects-V1/install/amr-obstacle-pkg/lib/pkgconfig/amr-obstacle-pkg.pc'
[0.687s] Level 1:colcon.colcon_core.environment:checking '/home/sangjun/camel-amr-projects-V1/install/amr-obstacle-pkg/lib/python3.8/site-packages'
[0.687s] Level 1:colcon.colcon_core.environment:checking '/home/sangjun/camel-amr-projects-V1/install/amr-obstacle-pkg/bin'
[0.689s] INFO:colcon.colcon_core.shell:Creating package script '/home/sangjun/camel-amr-projects-V1/install/amr-obstacle-pkg/share/amr-obstacle-pkg/package.ps1'
[0.689s] INFO:colcon.colcon_core.shell:Creating package descriptor '/home/sangjun/camel-amr-projects-V1/install/amr-obstacle-pkg/share/amr-obstacle-pkg/package.dsv'
[0.689s] INFO:colcon.colcon_core.shell:Creating package script '/home/sangjun/camel-amr-projects-V1/install/amr-obstacle-pkg/share/amr-obstacle-pkg/package.sh'
[0.690s] INFO:colcon.colcon_core.shell:Creating package script '/home/sangjun/camel-amr-projects-V1/install/amr-obstacle-pkg/share/amr-obstacle-pkg/package.bash'
[0.690s] INFO:colcon.colcon_core.shell:Creating package script '/home/sangjun/camel-amr-projects-V1/install/amr-obstacle-pkg/share/amr-obstacle-pkg/package.zsh'
[0.690s] Level 1:colcon.colcon_core.environment:create_file_with_runtime_dependencies(/home/sangjun/camel-amr-projects-V1/install/amr-obstacle-pkg/share/colcon-core/packages/amr-obstacle-pkg)
[0.693s] DEBUG:colcon.colcon_core.event_handler.log_command:Invoking command in '/home/sangjun/camel-amr-projects-V1/build/amr_msg_interfaces': CMAKE_PREFIX_PATH=/home/sangjun/camel-amr-projects-V1/install/amr-main-pkg:/home/sangjun/camel-amr-projects-V1/install/amr_msg_interfaces:/home/sangjun/camel-amr-projects-V1/install/amr-obstacle-pkg:/home/sangjun/camel-amr-projects-V1/install/amr-gazebo-pkg:/opt/ros/foxy:/home/sangjun/catkin_ws/devel:/opt/ros/noetic /usr/local/bin/cmake --install /home/sangjun/camel-amr-projects-V1/build/amr_msg_interfaces
[0.746s] Level 1:colcon.colcon_core.environment:create_environment_scripts_only(amr_msg_interfaces)
[0.749s] Level 1:colcon.colcon_core.environment:checking '/home/sangjun/camel-amr-projects-V1/install/amr_msg_interfaces' for CMake module files
[0.749s] DEBUG:colcon.colcon_core.event_handler.log_command:Invoked command in '/home/sangjun/camel-amr-projects-V1/build/amr_msg_interfaces' returned '0': CMAKE_PREFIX_PATH=/home/sangjun/camel-amr-projects-V1/install/amr-main-pkg:/home/sangjun/camel-amr-projects-V1/install/amr_msg_interfaces:/home/sangjun/camel-amr-projects-V1/install/amr-obstacle-pkg:/home/sangjun/camel-amr-projects-V1/install/amr-gazebo-pkg:/opt/ros/foxy:/home/sangjun/catkin_ws/devel:/opt/ros/noetic /usr/local/bin/cmake --install /home/sangjun/camel-amr-projects-V1/build/amr_msg_interfaces
[0.750s] Level 1:colcon.colcon_core.environment:checking '/home/sangjun/camel-amr-projects-V1/install/amr_msg_interfaces' for CMake config files
[0.750s] Level 1:colcon.colcon_core.shell:create_environment_hook('amr_msg_interfaces', 'cmake_prefix_path')
[0.752s] INFO:colcon.colcon_core.shell:Creating environment hook '/home/sangjun/camel-amr-projects-V1/install/amr_msg_interfaces/share/amr_msg_interfaces/hook/cmake_prefix_path.ps1'
[0.753s] INFO:colcon.colcon_core.shell:Creating environment descriptor '/home/sangjun/camel-amr-projects-V1/install/amr_msg_interfaces/share/amr_msg_interfaces/hook/cmake_prefix_path.dsv'
[0.753s] INFO:colcon.colcon_core.shell:Creating environment hook '/home/sangjun/camel-amr-projects-V1/install/amr_msg_interfaces/share/amr_msg_interfaces/hook/cmake_prefix_path.sh'
[0.754s] Level 1:colcon.colcon_core.environment:checking '/home/sangjun/camel-amr-projects-V1/install/amr_msg_interfaces/lib'
[0.754s] Level 1:colcon.colcon_core.shell:create_environment_hook('amr_msg_interfaces', 'ld_library_path_lib')
[0.755s] INFO:colcon.colcon_core.shell:Creating environment hook '/home/sangjun/camel-amr-projects-V1/install/amr_msg_interfaces/share/amr_msg_interfaces/hook/ld_library_path_lib.ps1'
[0.756s] INFO:colcon.colcon_core.shell:Creating environment descriptor '/home/sangjun/camel-amr-projects-V1/install/amr_msg_interfaces/share/amr_msg_interfaces/hook/ld_library_path_lib.dsv'
[0.756s] INFO:colcon.colcon_core.shell:Creating environment hook '/home/sangjun/camel-amr-projects-V1/install/amr_msg_interfaces/share/amr_msg_interfaces/hook/ld_library_path_lib.sh'
[0.756s] Level 1:colcon.colcon_core.environment:checking '/home/sangjun/camel-amr-projects-V1/install/amr_msg_interfaces/bin'
[0.756s] Level 1:colcon.colcon_core.environment:checking '/home/sangjun/camel-amr-projects-V1/install/amr_msg_interfaces/lib/pkgconfig/amr_msg_interfaces.pc'
[0.756s] Level 1:colcon.colcon_core.environment:checking '/home/sangjun/camel-amr-projects-V1/install/amr_msg_interfaces/lib/python3.8/site-packages'
[0.756s] Level 1:colcon.colcon_core.shell:create_environment_hook('amr_msg_interfaces', 'pythonpath')
[0.758s] INFO:colcon.colcon_core.shell:Creating environment hook '/home/sangjun/camel-amr-projects-V1/install/amr_msg_interfaces/share/amr_msg_interfaces/hook/pythonpath.ps1'
[0.758s] INFO:colcon.colcon_core.shell:Creating environment descriptor '/home/sangjun/camel-amr-projects-V1/install/amr_msg_interfaces/share/amr_msg_interfaces/hook/pythonpath.dsv'
[0.758s] INFO:colcon.colcon_core.shell:Creating environment hook '/home/sangjun/camel-amr-projects-V1/install/amr_msg_interfaces/share/amr_msg_interfaces/hook/pythonpath.sh'
[0.758s] Level 1:colcon.colcon_core.environment:checking '/home/sangjun/camel-amr-projects-V1/install/amr_msg_interfaces/bin'
[0.759s] INFO:colcon.colcon_core.shell:Creating package script '/home/sangjun/camel-amr-projects-V1/install/amr_msg_interfaces/share/amr_msg_interfaces/package.ps1'
[0.760s] INFO:colcon.colcon_core.shell:Creating package descriptor '/home/sangjun/camel-amr-projects-V1/install/amr_msg_interfaces/share/amr_msg_interfaces/package.dsv'
[0.760s] INFO:colcon.colcon_core.shell:Creating package script '/home/sangjun/camel-amr-projects-V1/install/amr_msg_interfaces/share/amr_msg_interfaces/package.sh'
[0.760s] INFO:colcon.colcon_core.shell:Creating package script '/home/sangjun/camel-amr-projects-V1/install/amr_msg_interfaces/share/amr_msg_interfaces/package.bash'
[0.760s] INFO:colcon.colcon_core.shell:Creating package script '/home/sangjun/camel-amr-projects-V1/install/amr_msg_interfaces/share/amr_msg_interfaces/package.zsh'
[0.761s] Level 1:colcon.colcon_core.environment:create_file_with_runtime_dependencies(/home/sangjun/camel-amr-projects-V1/install/amr_msg_interfaces/share/colcon-core/packages/amr_msg_interfaces)
[0.814s] Level 1:colcon.colcon_core.environment:create_environment_scripts_only(amr_msg_interfaces)
[0.816s] Level 1:colcon.colcon_core.environment:checking '/home/sangjun/camel-amr-projects-V1/install/amr_msg_interfaces' for CMake module files
[0.817s] Level 1:colcon.colcon_core.environment:checking '/home/sangjun/camel-amr-projects-V1/install/amr_msg_interfaces' for CMake config files
[0.817s] Level 1:colcon.colcon_core.shell:create_environment_hook('amr_msg_interfaces', 'cmake_prefix_path')
[0.819s] INFO:colcon.colcon_core.shell:Creating environment hook '/home/sangjun/camel-amr-projects-V1/install/amr_msg_interfaces/share/amr_msg_interfaces/hook/cmake_prefix_path.ps1'
[0.820s] INFO:colcon.colcon_core.shell:Creating environment descriptor '/home/sangjun/camel-amr-projects-V1/install/amr_msg_interfaces/share/amr_msg_interfaces/hook/cmake_prefix_path.dsv'
[0.820s] INFO:colcon.colcon_core.shell:Creating environment hook '/home/sangjun/camel-amr-projects-V1/install/amr_msg_interfaces/share/amr_msg_interfaces/hook/cmake_prefix_path.sh'
[0.820s] Level 1:colcon.colcon_core.environment:checking '/home/sangjun/camel-amr-projects-V1/install/amr_msg_interfaces/lib'
[0.820s] Level 1:colcon.colcon_core.shell:create_environment_hook('amr_msg_interfaces', 'ld_library_path_lib')
[0.822s] INFO:colcon.colcon_core.shell:Creating environment hook '/home/sangjun/camel-amr-projects-V1/install/amr_msg_interfaces/share/amr_msg_interfaces/hook/ld_library_path_lib.ps1'
[0.822s] INFO:colcon.colcon_core.shell:Creating environment descriptor '/home/sangjun/camel-amr-projects-V1/install/amr_msg_interfaces/share/amr_msg_interfaces/hook/ld_library_path_lib.dsv'
[0.823s] INFO:colcon.colcon_core.shell:Creating environment hook '/home/sangjun/camel-amr-projects-V1/install/amr_msg_interfaces/share/amr_msg_interfaces/hook/ld_library_path_lib.sh'
[0.823s] Level 1:colcon.colcon_core.environment:checking '/home/sangjun/camel-amr-projects-V1/install/amr_msg_interfaces/bin'
[0.823s] Level 1:colcon.colcon_core.environment:checking '/home/sangjun/camel-amr-projects-V1/install/amr_msg_interfaces/lib/pkgconfig/amr_msg_interfaces.pc'
[0.823s] Level 1:colcon.colcon_core.environment:checking '/home/sangjun/camel-amr-projects-V1/install/amr_msg_interfaces/lib/python3.8/site-packages'
[0.823s] Level 1:colcon.colcon_core.shell:create_environment_hook('amr_msg_interfaces', 'pythonpath')
[0.825s] INFO:colcon.colcon_core.shell:Creating environment hook '/home/sangjun/camel-amr-projects-V1/install/amr_msg_interfaces/share/amr_msg_interfaces/hook/pythonpath.ps1'
[0.825s] INFO:colcon.colcon_core.shell:Creating environment descriptor '/home/sangjun/camel-amr-projects-V1/install/amr_msg_interfaces/share/amr_msg_interfaces/hook/pythonpath.dsv'
[0.825s] INFO:colcon.colcon_core.shell:Creating environment hook '/home/sangjun/camel-amr-projects-V1/install/amr_msg_interfaces/share/amr_msg_interfaces/hook/pythonpath.sh'
[0.826s] Level 1:colcon.colcon_core.environment:checking '/home/sangjun/camel-amr-projects-V1/install/amr_msg_interfaces/bin'
[0.827s] INFO:colcon.colcon_core.shell:Creating package script '/home/sangjun/camel-amr-projects-V1/install/amr_msg_interfaces/share/amr_msg_interfaces/package.ps1'
[0.828s] INFO:colcon.colcon_core.shell:Creating package descriptor '/home/sangjun/camel-amr-projects-V1/install/amr_msg_interfaces/share/amr_msg_interfaces/package.dsv'
[0.828s] INFO:colcon.colcon_core.shell:Creating package script '/home/sangjun/camel-amr-projects-V1/install/amr_msg_interfaces/share/amr_msg_interfaces/package.sh'
[0.829s] INFO:colcon.colcon_core.shell:Creating package script '/home/sangjun/camel-amr-projects-V1/install/amr_msg_interfaces/share/amr_msg_interfaces/package.bash'
[0.829s] INFO:colcon.colcon_core.shell:Creating package script '/home/sangjun/camel-amr-projects-V1/install/amr_msg_interfaces/share/amr_msg_interfaces/package.zsh'
[0.829s] Level 1:colcon.colcon_core.environment:create_file_with_runtime_dependencies(/home/sangjun/camel-amr-projects-V1/install/amr_msg_interfaces/share/colcon-core/packages/amr_msg_interfaces)
[0.830s] INFO:colcon.colcon_ros.task.ament_cmake.build:Building ROS package in '/home/sangjun/camel-amr-projects-V1/src/amr-main-pkg' with build type 'ament_cmake'
[0.830s] INFO:colcon.colcon_cmake.task.cmake.build:Building CMake package in '/home/sangjun/camel-amr-projects-V1/src/amr-main-pkg'
[0.831s] INFO:colcon.colcon_core.shell:Skip shell extension 'powershell' for command environment: Not usable outside of PowerShell
[0.832s] DEBUG:colcon.colcon_core.shell:Skip shell extension 'dsv' for command environment
[0.837s] DEBUG:colcon.colcon_core.shell:Ignoring prefix path '/home/sangjun/catkin_ws/devel'
[0.838s] DEBUG:colcon.colcon_core.shell:Ignoring prefix path '/opt/ros/noetic'
[0.847s] DEBUG:colcon.colcon_core.event_handler.log_command:Invoking command in '/home/sangjun/camel-amr-projects-V1/build/amr-main-pkg': CMAKE_PREFIX_PATH=/home/sangjun/camel-amr-projects-V1/install/amr_msg_interfaces:/home/sangjun/camel-amr-projects-V1/install/amr-main-pkg:/home/sangjun/camel-amr-projects-V1/install/amr-obstacle-pkg:/home/sangjun/camel-amr-projects-V1/install/amr-gazebo-pkg:/opt/ros/foxy:/home/sangjun/catkin_ws/devel:/opt/ros/noetic /usr/local/bin/cmake --build /home/sangjun/camel-amr-projects-V1/build/amr-main-pkg -- -j6 -l6
[6.596s] DEBUG:colcon.colcon_core.event_handler.log_command:Invoked command in '/home/sangjun/camel-amr-projects-V1/build/amr-main-pkg' returned '0': CMAKE_PREFIX_PATH=/home/sangjun/camel-amr-projects-V1/install/amr_msg_interfaces:/home/sangjun/camel-amr-projects-V1/install/amr-main-pkg:/home/sangjun/camel-amr-projects-V1/install/amr-obstacle-pkg:/home/sangjun/camel-amr-projects-V1/install/amr-gazebo-pkg:/opt/ros/foxy:/home/sangjun/catkin_ws/devel:/opt/ros/noetic /usr/local/bin/cmake --build /home/sangjun/camel-amr-projects-V1/build/amr-main-pkg -- -j6 -l6
[6.624s] DEBUG:colcon.colcon_core.event_handler.log_command:Invoking command in '/home/sangjun/camel-amr-projects-V1/build/amr-main-pkg': CMAKE_PREFIX_PATH=/home/sangjun/camel-amr-projects-V1/install/amr_msg_interfaces:/home/sangjun/camel-amr-projects-V1/install/amr-main-pkg:/home/sangjun/camel-amr-projects-V1/install/amr-obstacle-pkg:/home/sangjun/camel-amr-projects-V1/install/amr-gazebo-pkg:/opt/ros/foxy:/home/sangjun/catkin_ws/devel:/opt/ros/noetic /usr/local/bin/cmake --install /home/sangjun/camel-amr-projects-V1/build/amr-main-pkg
[6.638s] Level 1:colcon.colcon_core.environment:create_environment_scripts_only(amr-main-pkg)
[6.641s] Level 1:colcon.colcon_core.environment:checking '/home/sangjun/camel-amr-projects-V1/install/amr-main-pkg' for CMake module files
[6.642s] DEBUG:colcon.colcon_core.event_handler.log_command:Invoked command in '/home/sangjun/camel-amr-projects-V1/build/amr-main-pkg' returned '0': CMAKE_PREFIX_PATH=/home/sangjun/camel-amr-projects-V1/install/amr_msg_interfaces:/home/sangjun/camel-amr-projects-V1/install/amr-main-pkg:/home/sangjun/camel-amr-projects-V1/install/amr-obstacle-pkg:/home/sangjun/camel-amr-projects-V1/install/amr-gazebo-pkg:/opt/ros/foxy:/home/sangjun/catkin_ws/devel:/opt/ros/noetic /usr/local/bin/cmake --install /home/sangjun/camel-amr-projects-V1/build/amr-main-pkg
[6.642s] Level 1:colcon.colcon_core.environment:checking '/home/sangjun/camel-amr-projects-V1/install/amr-main-pkg' for CMake config files
[6.643s] Level 1:colcon.colcon_core.shell:create_environment_hook('amr-main-pkg', 'cmake_prefix_path')
[6.644s] INFO:colcon.colcon_core.shell:Creating environment hook '/home/sangjun/camel-amr-projects-V1/install/amr-main-pkg/share/amr-main-pkg/hook/cmake_prefix_path.ps1'
[6.645s] INFO:colcon.colcon_core.shell:Creating environment descriptor '/home/sangjun/camel-amr-projects-V1/install/amr-main-pkg/share/amr-main-pkg/hook/cmake_prefix_path.dsv'
[6.645s] INFO:colcon.colcon_core.shell:Creating environment hook '/home/sangjun/camel-amr-projects-V1/install/amr-main-pkg/share/amr-main-pkg/hook/cmake_prefix_path.sh'
[6.645s] Level 1:colcon.colcon_core.environment:checking '/home/sangjun/camel-amr-projects-V1/install/amr-main-pkg/lib'
[6.645s] Level 1:colcon.colcon_core.environment:checking '/home/sangjun/camel-amr-projects-V1/install/amr-main-pkg/bin'
[6.645s] Level 1:colcon.colcon_core.environment:checking '/home/sangjun/camel-amr-projects-V1/install/amr-main-pkg/lib/pkgconfig/amr-main-pkg.pc'
[6.646s] Level 1:colcon.colcon_core.environment:checking '/home/sangjun/camel-amr-projects-V1/install/amr-main-pkg/lib/python3.8/site-packages'
[6.646s] Level 1:colcon.colcon_core.environment:checking '/home/sangjun/camel-amr-projects-V1/install/amr-main-pkg/bin'
[6.647s] INFO:colcon.colcon_core.shell:Creating package script '/home/sangjun/camel-amr-projects-V1/install/amr-main-pkg/share/amr-main-pkg/package.ps1'
[6.647s] INFO:colcon.colcon_core.shell:Creating package descriptor '/home/sangjun/camel-amr-projects-V1/install/amr-main-pkg/share/amr-main-pkg/package.dsv'
[6.647s] INFO:colcon.colcon_core.shell:Creating package script '/home/sangjun/camel-amr-projects-V1/install/amr-main-pkg/share/amr-main-pkg/package.sh'
[6.647s] INFO:colcon.colcon_core.shell:Creating package script '/home/sangjun/camel-amr-projects-V1/install/amr-main-pkg/share/amr-main-pkg/package.bash'
[6.648s] INFO:colcon.colcon_core.shell:Creating package script '/home/sangjun/camel-amr-projects-V1/install/amr-main-pkg/share/amr-main-pkg/package.zsh'
[6.648s] Level 1:colcon.colcon_core.environment:create_file_with_runtime_dependencies(/home/sangjun/camel-amr-projects-V1/install/amr-main-pkg/share/colcon-core/packages/amr-main-pkg)
[6.677s] Level 1:colcon.colcon_core.environment:create_environment_scripts_only(amr-main-pkg)
[6.679s] Level 1:colcon.colcon_core.environment:checking '/home/sangjun/camel-amr-projects-V1/install/amr-main-pkg' for CMake module files
[6.679s] Level 1:colcon.colcon_core.environment:checking '/home/sangjun/camel-amr-projects-V1/install/amr-main-pkg' for CMake config files
[6.680s] Level 1:colcon.colcon_core.shell:create_environment_hook('amr-main-pkg', 'cmake_prefix_path')
[6.681s] INFO:colcon.colcon_core.shell:Creating environment hook '/home/sangjun/camel-amr-projects-V1/install/amr-main-pkg/share/amr-main-pkg/hook/cmake_prefix_path.ps1'
[6.682s] INFO:colcon.colcon_core.shell:Creating environment descriptor '/home/sangjun/camel-amr-projects-V1/install/amr-main-pkg/share/amr-main-pkg/hook/cmake_prefix_path.dsv'
[6.682s] INFO:colcon.colcon_core.shell:Creating environment hook '/home/sangjun/camel-amr-projects-V1/install/amr-main-pkg/share/amr-main-pkg/hook/cmake_prefix_path.sh'
[6.683s] Level 1:colcon.colcon_core.environment:checking '/home/sangjun/camel-amr-projects-V1/install/amr-main-pkg/lib'
[6.683s] Level 1:colcon.colcon_core.environment:checking '/home/sangjun/camel-amr-projects-V1/install/amr-main-pkg/bin'
[6.683s] Level 1:colcon.colcon_core.environment:checking '/home/sangjun/camel-amr-projects-V1/install/amr-main-pkg/lib/pkgconfig/amr-main-pkg.pc'
[6.683s] Level 1:colcon.colcon_core.environment:checking '/home/sangjun/camel-amr-projects-V1/install/amr-main-pkg/lib/python3.8/site-packages'
[6.683s] Level 1:colcon.colcon_core.environment:checking '/home/sangjun/camel-amr-projects-V1/install/amr-main-pkg/bin'
[6.685s] INFO:colcon.colcon_core.shell:Creating package script '/home/sangjun/camel-amr-projects-V1/install/amr-main-pkg/share/amr-main-pkg/package.ps1'
[6.685s] INFO:colcon.colcon_core.shell:Creating package descriptor '/home/sangjun/camel-amr-projects-V1/install/amr-main-pkg/share/amr-main-pkg/package.dsv'
[6.685s] INFO:colcon.colcon_core.shell:Creating package script '/home/sangjun/camel-amr-projects-V1/install/amr-main-pkg/share/amr-main-pkg/package.sh'
[6.686s] INFO:colcon.colcon_core.shell:Creating package script '/home/sangjun/camel-amr-projects-V1/install/amr-main-pkg/share/amr-main-pkg/package.bash'
[6.686s] INFO:colcon.colcon_core.shell:Creating package script '/home/sangjun/camel-amr-projects-V1/install/amr-main-pkg/share/amr-main-pkg/package.zsh'
[6.687s] Level 1:colcon.colcon_core.environment:create_file_with_runtime_dependencies(/home/sangjun/camel-amr-projects-V1/install/amr-main-pkg/share/colcon-core/packages/amr-main-pkg)
[6.687s] DEBUG:colcon.colcon_parallel_executor.executor.parallel:closing loop
[6.687s] DEBUG:colcon.colcon_parallel_executor.executor.parallel:loop closed
[6.687s] DEBUG:colcon.colcon_parallel_executor.executor.parallel:run_until_complete finished with '0'
[6.687s] DEBUG:colcon.colcon_core.event_reactor:joining thread
[6.696s] INFO:colcon.colcon_core.plugin_system:Skipping extension 'colcon_notification.desktop_notification.terminal_notifier': Not used on non-Darwin systems
[6.696s] INFO:colcon.colcon_core.plugin_system:Skipping extension 'colcon_notification.desktop_notification.win32': Not used on non-Windows systems
[6.696s] INFO:colcon.colcon_notification.desktop_notification:Sending desktop notification using 'notify2'
[6.737s] DEBUG:colcon.colcon_core.event_reactor:joined thread
[6.739s] INFO:colcon.colcon_core.shell:Creating prefix script '/home/sangjun/camel-amr-projects-V1/install/local_setup.ps1'
[6.741s] INFO:colcon.colcon_core.shell:Creating prefix util module '/home/sangjun/camel-amr-projects-V1/install/_local_setup_util_ps1.py'
[6.742s] INFO:colcon.colcon_core.shell:Creating prefix chain script '/home/sangjun/camel-amr-projects-V1/install/setup.ps1'
[6.744s] INFO:colcon.colcon_core.shell:Creating prefix script '/home/sangjun/camel-amr-projects-V1/install/local_setup.sh'
[6.745s] INFO:colcon.colcon_core.shell:Creating prefix util module '/home/sangjun/camel-amr-projects-V1/install/_local_setup_util_sh.py'
[6.746s] INFO:colcon.colcon_core.shell:Creating prefix chain script '/home/sangjun/camel-amr-projects-V1/install/setup.sh'
[6.747s] INFO:colcon.colcon_core.shell:Creating prefix script '/home/sangjun/camel-amr-projects-V1/install/local_setup.bash'
[6.747s] INFO:colcon.colcon_core.shell:Creating prefix chain script '/home/sangjun/camel-amr-projects-V1/install/setup.bash'
[6.748s] INFO:colcon.colcon_core.shell:Creating prefix script '/home/sangjun/camel-amr-projects-V1/install/local_setup.zsh'
[6.748s] INFO:colcon.colcon_core.shell:Creating prefix chain script '/home/sangjun/camel-amr-projects-V1/install/setup.zsh'
