-- The C compiler identification is GNU 9.4.0
-- The CXX compiler identification is GNU 9.4.0
-- Detecting C compiler ABI info
-- Detecting C compiler ABI info - done
-- Check for working C compiler: /usr/bin/cc - skipped
-- Detecting C compile features
-- Detecting C compile features - done
-- Detecting CXX compiler ABI info
-- Detecting CXX compiler ABI info - done
-- Check for working CXX compiler: /usr/bin/c++ - skipped
-- Detecting CXX compile features
-- Detecting CXX compile features - done
-- Found ament_cmake: 0.9.12 (/opt/ros/foxy/share/ament_cmake/cmake)
[33mCMake Warning (dev) at /opt/ros/foxy/share/ament_cmake_core/cmake/core/python.cmake:22 (find_package):
  Policy CMP0148 is not set: The FindPythonInterp and FindPythonLibs modules
  are removed.  Run "cmake --help-policy CMP0148" for policy details.  Use
  the cmake_policy command to set the policy and suppress this warning.

Call Stack (most recent call first):
  /opt/ros/foxy/share/ament_cmake_core/cmake/core/all.cmake:53 (include)
  /opt/ros/foxy/share/ament_cmake_core/cmake/ament_cmake_core-extras.cmake:17 (include)
  /opt/ros/foxy/share/ament_cmake_core/cmake/ament_cmake_coreConfig.cmake:41 (include)
  /opt/ros/foxy/share/ament_cmake/cmake/ament_cmake_export_dependencies-extras.cmake:15 (find_package)
  /opt/ros/foxy/share/ament_cmake/cmake/ament_cmakeConfig.cmake:41 (include)
  CMakeLists.txt:19 (find_package)
This warning is for project developers.  Use -Wno-dev to suppress it.
[0m
-- Found PythonInterp: /usr/bin/python3 (found suitable version "3.8.10", minimum required is "3") 
-- Using PYTHON_EXECUTABLE: /usr/bin/python3
-- Override CMake install command with custom implementation using symlinks instead of copying resources
-- Found rclcpp: 2.4.3 (/opt/ros/foxy/share/rclcpp/cmake)
-- Using all available rosidl_typesupport_c: rosidl_typesupport_fastrtps_c;rosidl_typesupport_introspection_c
-- Found rosidl_adapter: 1.3.1 (/opt/ros/foxy/share/rosidl_adapter/cmake)
-- Found OpenSSL: /usr/lib/x86_64-linux-gnu/libcrypto.so (found version "1.1.1f")  
-- Found FastRTPS: /opt/ros/foxy/include  
-- Using all available rosidl_typesupport_cpp: rosidl_typesupport_fastrtps_cpp;rosidl_typesupport_introspection_cpp
-- Found rmw_implementation_cmake: 1.0.4 (/opt/ros/foxy/share/rmw_implementation_cmake/cmake)
-- Using RMW implementation 'rmw_fastrtps_cpp' as default
-- Performing Test CMAKE_HAVE_LIBC_PTHREAD
-- Performing Test CMAKE_HAVE_LIBC_PTHREAD - Failed
-- Looking for pthread_create in pthreads
-- Looking for pthread_create in pthreads - not found
-- Looking for pthread_create in pthread
-- Looking for pthread_create in pthread - found
-- Found Threads: TRUE  
-- Found ament_lint_auto: 0.9.8 (/opt/ros/foxy/share/ament_lint_auto/cmake)
-- Added test 'copyright' to check source files copyright and LICENSE
-- Added test 'flake8' to check Python code syntax and style conventions
-- Added test 'lint_cmake' to check CMake code style
-- Added test 'pep257' to check Python code against some of the style conventions in PEP 257
-- Added test 'xmllint' to check XML markup files
-- Configuring done (1.0s)
-- Generating done (0.0s)
-- Build files have been written to: /home/percy/camel-amr-projects/build/amr-gazebo-pkg
-- Install configuration: ""
-- Execute custom install script
-- Symlinking: /home/percy/camel-amr-projects/install/amr-gazebo-pkg/share/amr-gazebo-pkg/launch/maze_world.launch.py
-- Symlinking: /home/percy/camel-amr-projects/install/amr-gazebo-pkg/share/amr-gazebo-pkg/worlds/AMR_factory.world
-- Symlinking: /home/percy/camel-amr-projects/install/amr-gazebo-pkg/share/amr-gazebo-pkg/worlds/Factory.world
-- Symlinking: /home/percy/camel-amr-projects/install/amr-gazebo-pkg/share/amr-gazebo-pkg/worlds/simplemap.world
-- Symlinking: /home/percy/camel-amr-projects/install/amr-gazebo-pkg/share/amr-gazebo-pkg/urdf/diffbot.gazebo
-- Symlinking: /home/percy/camel-amr-projects/install/amr-gazebo-pkg/share/amr-gazebo-pkg/urdf/diffbot.urdf
-- Symlinking: /home/percy/camel-amr-projects/install/amr-gazebo-pkg/share/amr-gazebo-pkg/urdf/diffbot.urdf.xacro
-- Symlinking: /home/percy/camel-amr-projects/install/amr-gazebo-pkg/share/amr-gazebo-pkg/urdf/diffbot_amr.urdf
-- Symlinking: /home/percy/camel-amr-projects/install/amr-gazebo-pkg/share/amr-gazebo-pkg/urdf/diffbot_amr_obstacle.urdf
-- Symlinking: /home/percy/camel-amr-projects/install/amr-gazebo-pkg/share/amr-gazebo-pkg/rviz/diffbot.rviz
-- Symlinking: /home/percy/camel-amr-projects/install/amr-gazebo-pkg/share/amr-gazebo-pkg/rviz/diffbot_amr.rviz
-- Symlinking: /home/percy/camel-amr-projects/install/amr-gazebo-pkg/share/ament_index/resource_index/package_run_dependencies/amr-gazebo-pkg
-- Symlinking: /home/percy/camel-amr-projects/install/amr-gazebo-pkg/share/ament_index/resource_index/parent_prefix_path/amr-gazebo-pkg
-- Symlinking: /home/percy/camel-amr-projects/install/amr-gazebo-pkg/share/amr-gazebo-pkg/environment/ament_prefix_path.sh
-- Symlinking: /home/percy/camel-amr-projects/install/amr-gazebo-pkg/share/amr-gazebo-pkg/environment/ament_prefix_path.dsv
-- Symlinking: /home/percy/camel-amr-projects/install/amr-gazebo-pkg/share/amr-gazebo-pkg/environment/path.sh
-- Symlinking: /home/percy/camel-amr-projects/install/amr-gazebo-pkg/share/amr-gazebo-pkg/environment/path.dsv
-- Symlinking: /home/percy/camel-amr-projects/install/amr-gazebo-pkg/share/amr-gazebo-pkg/local_setup.bash
-- Symlinking: /home/percy/camel-amr-projects/install/amr-gazebo-pkg/share/amr-gazebo-pkg/local_setup.sh
-- Symlinking: /home/percy/camel-amr-projects/install/amr-gazebo-pkg/share/amr-gazebo-pkg/local_setup.zsh
-- Symlinking: /home/percy/camel-amr-projects/install/amr-gazebo-pkg/share/amr-gazebo-pkg/local_setup.dsv
-- Symlinking: /home/percy/camel-amr-projects/install/amr-gazebo-pkg/share/amr-gazebo-pkg/package.dsv
-- Symlinking: /home/percy/camel-amr-projects/install/amr-gazebo-pkg/share/ament_index/resource_index/packages/amr-gazebo-pkg
-- Symlinking: /home/percy/camel-amr-projects/install/amr-gazebo-pkg/share/amr-gazebo-pkg/cmake/amr-gazebo-pkgConfig.cmake
-- Symlinking: /home/percy/camel-amr-projects/install/amr-gazebo-pkg/share/amr-gazebo-pkg/cmake/amr-gazebo-pkgConfig-version.cmake
-- Symlinking: /home/percy/camel-amr-projects/install/amr-gazebo-pkg/share/amr-gazebo-pkg/package.xml
