[0.016s] Invoking command in '/home/sangjun/camel-amr-projects-UI/build/amr-main-pkg': CMAKE_PREFIX_PATH=/home/sangjun/camel-amr-projects-UI/install/amr_msg_interfaces:/home/sangjun/camel-amr-projects-UI/install/amr-main-pkg:/home/sangjun/camel-amr-projects-UI/install/amr-obstacle-pkg:/home/sangjun/camel-amr-projects-UI/install/amr-gazebo-pkg:/opt/ros/foxy:/home/sangjun/catkin_ws/devel:/opt/ros/noetic /usr/local/bin/cmake --build /home/sangjun/camel-amr-projects-UI/build/amr-main-pkg -- -j6 -l6
[0.038s] [  3%] [34m[1mAutomatic MOC and UIC for target obsDetection_lib[0m
[0.038s] [  7%] [34m[1mAutomatic MOC and UIC for target clusteringDynamicObs_lib[0m
[0.038s] [ 11%] [34m[1mAutomatic MOC and UIC for target visualize_lib[0m
[0.038s] [ 15%] [34m[1mAutomatic MOC and UIC for target astar_lib[0m
[0.040s] [ 19%] [34m[1mAutomatic MOC and UIC for target dynamicObstacle_lib[0m
[0.046s] [ 19%] Built target dynamicObstacle_lib_autogen
[0.046s] [ 19%] Built target clusteringDynamicObs_lib_autogen
[0.047s] [ 19%] Built target astar_lib_autogen
[0.051s] [ 19%] Built target obsDetection_lib_autogen
[0.056s] [ 30%] Built target astar_lib
[0.057s] [ 30%] Built target visualize_lib_autogen
[0.057s] [ 42%] Built target dynamicObstacle_lib
[0.060s] [ 53%] Built target obsDetection_lib
[0.064s] [ 65%] Built target visualize_lib
[0.065s] [ 76%] Built target clusteringDynamicObs_lib
[0.074s] [ 80%] [34m[1mAutomatic MOC and UIC for target simulmain[0m
[0.083s] [ 80%] Built target simulmain_autogen
[0.092s] [35m[1mConsolidate compiler generated dependencies of target simulmain[0m
[0.108s] [ 84%] [32mBuilding CXX object CMakeFiles/simulmain.dir/src/simulmain/mainwindow.cpp.o[0m
[0.815s] In file included from [01m[K/home/sangjun/camel-amr-projects-UI/src/amr-main-pkg/src/simulmain/mainwindow.cpp:2[m[K:
[0.815s] [01m[K/home/sangjun/camel-amr-projects-UI/src/amr-main-pkg/src/simulmain/ui_mainwindow.h:32:5:[m[K [01;31m[Kerror: [m[K‘[01m[KQLabel[m[K’ does not name a type
[0.815s]    32 |     [01;31m[KQLabel[m[K *DistanceInfo;
[0.815s]       |     [01;31m[K^~~~~~[m[K
[0.818s] [01m[K/home/sangjun/camel-amr-projects-UI/src/amr-main-pkg/src/simulmain/ui_mainwindow.h:[m[K In member function ‘[01m[Kvoid Ui_MainWindow::setupUi(QMainWindow*)[m[K’:
[0.818s] [01m[K/home/sangjun/camel-amr-projects-UI/src/amr-main-pkg/src/simulmain/ui_mainwindow.h:45:9:[m[K [01;31m[Kerror: [m[K‘[01m[KDistanceInfo[m[K’ was not declared in this scope
[0.818s]    45 |         [01;31m[KDistanceInfo[m[K = new QLabel(groupBox_Info);
[0.818s]       |         [01;31m[K^~~~~~~~~~~~[m[K
[0.818s] [01m[K/home/sangjun/camel-amr-projects-UI/src/amr-main-pkg/src/simulmain/ui_mainwindow.h:45:28:[m[K [01;31m[Kerror: [m[Kexpected type-specifier before ‘[01m[KQLabel[m[K’
[0.818s]    45 |         DistanceInfo = new [01;31m[KQLabel[m[K(groupBox_Info);
[0.818s]       |                            [01;31m[K^~~~~~[m[K
[0.819s] [01m[K/home/sangjun/camel-amr-projects-UI/src/amr-main-pkg/src/simulmain/ui_mainwindow.h:48:31:[m[K [01;31m[Kerror: [m[K‘[01m[Kfont1[m[K’ was not declared in this scope
[0.819s]    48 |         DistanceInfo->setFont([01;31m[Kfont1[m[K);
[0.819s]       |                               [01;31m[K^~~~~[m[K
[0.938s] make[2]: *** [CMakeFiles/simulmain.dir/build.make:118: CMakeFiles/simulmain.dir/src/simulmain/mainwindow.cpp.o] Error 1
[0.938s] make[1]: *** [CMakeFiles/Makefile2:184: CMakeFiles/simulmain.dir/all] Error 2
[0.938s] make: *** [Makefile:146: all] Error 2
[0.939s] Invoked command in '/home/sangjun/camel-amr-projects-UI/build/amr-main-pkg' returned '2': CMAKE_PREFIX_PATH=/home/sangjun/camel-amr-projects-UI/install/amr_msg_interfaces:/home/sangjun/camel-amr-projects-UI/install/amr-main-pkg:/home/sangjun/camel-amr-projects-UI/install/amr-obstacle-pkg:/home/sangjun/camel-amr-projects-UI/install/amr-gazebo-pkg:/opt/ros/foxy:/home/sangjun/catkin_ws/devel:/opt/ros/noetic /usr/local/bin/cmake --build /home/sangjun/camel-amr-projects-UI/build/amr-main-pkg -- -j6 -l6
