[ 50%] Built target operate_dynamic_obstacle_node
[100%] Built target spawn_dynamic_obstacle_node
-- Install configuration: ""
-- Up-to-date: /home/dongju/camel-amr-projects/install/amr-obstacle-pkg/lib/amr-obstacle-pkg/operate_dynamic_obstacle_node
-- Up-to-date: /home/dongju/camel-amr-projects/install/amr-obstacle-pkg/lib/amr-obstacle-pkg/spawn_dynamic_obstacle_node
-- Up-to-date: /home/dongju/camel-amr-projects/install/amr-obstacle-pkg/share/amr-obstacle-pkg/launch
-- Up-to-date: /home/dongju/camel-amr-projects/install/amr-obstacle-pkg/share/amr-obstacle-pkg/launch/dynamic_obstacle.launch.py
-- Up-to-date: /home/dongju/camel-amr-projects/install/amr-obstacle-pkg/share/ament_index/resource_index/package_run_dependencies/amr-obstacle-pkg
-- Up-to-date: /home/dongju/camel-amr-projects/install/amr-obstacle-pkg/share/ament_index/resource_index/parent_prefix_path/amr-obstacle-pkg
-- Up-to-date: /home/dongju/camel-amr-projects/install/amr-obstacle-pkg/share/amr-obstacle-pkg/environment/ament_prefix_path.sh
-- Up-to-date: /home/dongju/camel-amr-projects/install/amr-obstacle-pkg/share/amr-obstacle-pkg/environment/ament_prefix_path.dsv
-- Up-to-date: /home/dongju/camel-amr-projects/install/amr-obstacle-pkg/share/amr-obstacle-pkg/environment/path.sh
-- Up-to-date: /home/dongju/camel-amr-projects/install/amr-obstacle-pkg/share/amr-obstacle-pkg/environment/path.dsv
-- Up-to-date: /home/dongju/camel-amr-projects/install/amr-obstacle-pkg/share/amr-obstacle-pkg/local_setup.bash
-- Up-to-date: /home/dongju/camel-amr-projects/install/amr-obstacle-pkg/share/amr-obstacle-pkg/local_setup.sh
-- Up-to-date: /home/dongju/camel-amr-projects/install/amr-obstacle-pkg/share/amr-obstacle-pkg/local_setup.zsh
-- Up-to-date: /home/dongju/camel-amr-projects/install/amr-obstacle-pkg/share/amr-obstacle-pkg/local_setup.dsv
-- Installing: /home/dongju/camel-amr-projects/install/amr-obstacle-pkg/share/amr-obstacle-pkg/package.dsv
-- Up-to-date: /home/dongju/camel-amr-projects/install/amr-obstacle-pkg/share/ament_index/resource_index/packages/amr-obstacle-pkg
-- Up-to-date: /home/dongju/camel-amr-projects/install/amr-obstacle-pkg/share/amr-obstacle-pkg/cmake/amr-obstacle-pkgConfig.cmake
-- Up-to-date: /home/dongju/camel-amr-projects/install/amr-obstacle-pkg/share/amr-obstacle-pkg/cmake/amr-obstacle-pkgConfig-version.cmake
-- Up-to-date: /home/dongju/camel-amr-projects/install/amr-obstacle-pkg/share/amr-obstacle-pkg/package.xml
