[0.022s] Invoking command in '/home/dongju/camel-amr-projects/build/amr-gazebo-pkg': CMAKE_PREFIX_PATH=${CMAKE_PREFIX_PATH}:/opt/ros/foxy /usr/local/bin/cmake --build /home/dongju/camel-amr-projects/build/amr-gazebo-pkg -- -j10 -l10
[0.036s] Invoked command in '/home/dongju/camel-amr-projects/build/amr-gazebo-pkg' returned '0': CMAKE_PREFIX_PATH=${CMAKE_PREFIX_PATH}:/opt/ros/foxy /usr/local/bin/cmake --build /home/dongju/camel-amr-projects/build/amr-gazebo-pkg -- -j10 -l10
[0.057s] Invoking command in '/home/dongju/camel-amr-projects/build/amr-gazebo-pkg': CMAKE_PREFIX_PATH=${CMAKE_PREFIX_PATH}:/opt/ros/foxy /usr/local/bin/cmake --install /home/dongju/camel-amr-projects/build/amr-gazebo-pkg
[0.061s] -- Install configuration: ""
[0.061s] -- Up-to-date: /home/dongju/camel-amr-projects/install/amr-gazebo-pkg/share/amr-gazebo-pkg/launch
[0.061s] -- Up-to-date: /home/dongju/camel-amr-projects/install/amr-gazebo-pkg/share/amr-gazebo-pkg/launch/maze_world.launch.py
[0.062s] -- Up-to-date: /home/dongju/camel-amr-projects/install/amr-gazebo-pkg/share/amr-gazebo-pkg/worlds
[0.063s] -- Up-to-date: /home/dongju/camel-amr-projects/install/amr-gazebo-pkg/share/amr-gazebo-pkg/worlds/Factory.world
[0.063s] -- Up-to-date: /home/dongju/camel-amr-projects/install/amr-gazebo-pkg/share/amr-gazebo-pkg/worlds/simplemap.world
[0.063s] -- Up-to-date: /home/dongju/camel-amr-projects/install/amr-gazebo-pkg/share/amr-gazebo-pkg/worlds/AMR_factory.world
[0.064s] -- Up-to-date: /home/dongju/camel-amr-projects/install/amr-gazebo-pkg/share/amr-gazebo-pkg/urdf
[0.064s] -- Up-to-date: /home/dongju/camel-amr-projects/install/amr-gazebo-pkg/share/amr-gazebo-pkg/urdf/diffbot.gazebo
[0.065s] -- Up-to-date: /home/dongju/camel-amr-projects/install/amr-gazebo-pkg/share/amr-gazebo-pkg/urdf/diffbot_amr.urdf
[0.065s] -- Up-to-date: /home/dongju/camel-amr-projects/install/amr-gazebo-pkg/share/amr-gazebo-pkg/urdf/diffbot.urdf.xacro
[0.065s] -- Up-to-date: /home/dongju/camel-amr-projects/install/amr-gazebo-pkg/share/amr-gazebo-pkg/urdf/diffbot.urdf
[0.065s] -- Up-to-date: /home/dongju/camel-amr-projects/install/amr-gazebo-pkg/share/amr-gazebo-pkg/urdf/diffbot_amr_obstacle.urdf
[0.065s] -- Up-to-date: /home/dongju/camel-amr-projects/install/amr-gazebo-pkg/share/amr-gazebo-pkg/rviz
[0.065s] -- Up-to-date: /home/dongju/camel-amr-projects/install/amr-gazebo-pkg/share/amr-gazebo-pkg/rviz/diffbot_amr.rviz
[0.066s] -- Up-to-date: /home/dongju/camel-amr-projects/install/amr-gazebo-pkg/share/amr-gazebo-pkg/rviz/diffbot.rviz
[0.066s] -- Up-to-date: /home/dongju/camel-amr-projects/install/amr-gazebo-pkg/share/ament_index/resource_index/package_run_dependencies/amr-gazebo-pkg
[0.066s] -- Up-to-date: /home/dongju/camel-amr-projects/install/amr-gazebo-pkg/share/ament_index/resource_index/parent_prefix_path/amr-gazebo-pkg
[0.067s] -- Up-to-date: /home/dongju/camel-amr-projects/install/amr-gazebo-pkg/share/amr-gazebo-pkg/environment/ament_prefix_path.sh
[0.067s] -- Up-to-date: /home/dongju/camel-amr-projects/install/amr-gazebo-pkg/share/amr-gazebo-pkg/environment/ament_prefix_path.dsv
[0.067s] -- Up-to-date: /home/dongju/camel-amr-projects/install/amr-gazebo-pkg/share/amr-gazebo-pkg/environment/path.sh
[0.068s] -- Up-to-date: /home/dongju/camel-amr-projects/install/amr-gazebo-pkg/share/amr-gazebo-pkg/environment/path.dsv
[0.068s] -- Up-to-date: /home/dongju/camel-amr-projects/install/amr-gazebo-pkg/share/amr-gazebo-pkg/local_setup.bash
[0.069s] -- Up-to-date: /home/dongju/camel-amr-projects/install/amr-gazebo-pkg/share/amr-gazebo-pkg/local_setup.sh
[0.069s] -- Up-to-date: /home/dongju/camel-amr-projects/install/amr-gazebo-pkg/share/amr-gazebo-pkg/local_setup.zsh
[0.069s] -- Up-to-date: /home/dongju/camel-amr-projects/install/amr-gazebo-pkg/share/amr-gazebo-pkg/local_setup.dsv
[0.069s] -- Installing: /home/dongju/camel-amr-projects/install/amr-gazebo-pkg/share/amr-gazebo-pkg/package.dsv
[0.069s] -- Up-to-date: /home/dongju/camel-amr-projects/install/amr-gazebo-pkg/share/ament_index/resource_index/packages/amr-gazebo-pkg
[0.069s] -- Up-to-date: /home/dongju/camel-amr-projects/install/amr-gazebo-pkg/share/amr-gazebo-pkg/cmake/amr-gazebo-pkgConfig.cmake
[0.069s] -- Up-to-date: /home/dongju/camel-amr-projects/install/amr-gazebo-pkg/share/amr-gazebo-pkg/cmake/amr-gazebo-pkgConfig-version.cmake
[0.069s] -- Up-to-date: /home/dongju/camel-amr-projects/install/amr-gazebo-pkg/share/amr-gazebo-pkg/package.xml
[0.070s] Invoked command in '/home/dongju/camel-amr-projects/build/amr-gazebo-pkg' returned '0': CMAKE_PREFIX_PATH=${CMAKE_PREFIX_PATH}:/opt/ros/foxy /usr/local/bin/cmake --install /home/dongju/camel-amr-projects/build/amr-gazebo-pkg
