[0.017s] Invoking command in '/home/dongju/camel-amr-projects/build/amr-obstacle-pkg': CMAKE_PREFIX_PATH=${CMAKE_PREFIX_PATH}:/opt/ros/foxy /usr/local/bin/cmake --build /home/dongju/camel-amr-projects/build/amr-obstacle-pkg -- -j10 -l10
[0.039s] [ 50%] Built target operate_dynamic_obstacle_node
[0.041s] [100%] Built target spawn_dynamic_obstacle_node
[0.046s] Invoked command in '/home/dongju/camel-amr-projects/build/amr-obstacle-pkg' returned '0': CMAKE_PREFIX_PATH=${CMAKE_PREFIX_PATH}:/opt/ros/foxy /usr/local/bin/cmake --build /home/dongju/camel-amr-projects/build/amr-obstacle-pkg -- -j10 -l10
[0.071s] Invoking command in '/home/dongju/camel-amr-projects/build/amr-obstacle-pkg': CMAKE_PREFIX_PATH=${CMAKE_PREFIX_PATH}:/opt/ros/foxy /usr/local/bin/cmake --install /home/dongju/camel-amr-projects/build/amr-obstacle-pkg
[0.076s] -- Install configuration: ""
[0.076s] -- Execute custom install script
[0.076s] -- Up-to-date symlink: /home/dongju/camel-amr-projects/install/amr-obstacle-pkg/lib/amr-obstacle-pkg/operate_dynamic_obstacle_node
[0.076s] -- Up-to-date symlink: /home/dongju/camel-amr-projects/install/amr-obstacle-pkg/lib/amr-obstacle-pkg/spawn_dynamic_obstacle_node
[0.077s] -- Up-to-date symlink: /home/dongju/camel-amr-projects/install/amr-obstacle-pkg/share/amr-obstacle-pkg/launch/dynamic_obstacle.launch.py
[0.077s] -- Up-to-date symlink: /home/dongju/camel-amr-projects/install/amr-obstacle-pkg/share/ament_index/resource_index/package_run_dependencies/amr-obstacle-pkg
[0.077s] -- Up-to-date symlink: /home/dongju/camel-amr-projects/install/amr-obstacle-pkg/share/ament_index/resource_index/parent_prefix_path/amr-obstacle-pkg
[0.077s] -- Up-to-date symlink: /home/dongju/camel-amr-projects/install/amr-obstacle-pkg/share/amr-obstacle-pkg/environment/ament_prefix_path.sh
[0.077s] -- Up-to-date symlink: /home/dongju/camel-amr-projects/install/amr-obstacle-pkg/share/amr-obstacle-pkg/environment/ament_prefix_path.dsv
[0.077s] -- Up-to-date symlink: /home/dongju/camel-amr-projects/install/amr-obstacle-pkg/share/amr-obstacle-pkg/environment/path.sh
[0.077s] -- Up-to-date symlink: /home/dongju/camel-amr-projects/install/amr-obstacle-pkg/share/amr-obstacle-pkg/environment/path.dsv
[0.078s] -- Up-to-date symlink: /home/dongju/camel-amr-projects/install/amr-obstacle-pkg/share/amr-obstacle-pkg/local_setup.bash
[0.078s] -- Up-to-date symlink: /home/dongju/camel-amr-projects/install/amr-obstacle-pkg/share/amr-obstacle-pkg/local_setup.sh
[0.078s] -- Up-to-date symlink: /home/dongju/camel-amr-projects/install/amr-obstacle-pkg/share/amr-obstacle-pkg/local_setup.zsh
[0.080s] -- Up-to-date symlink: /home/dongju/camel-amr-projects/install/amr-obstacle-pkg/share/amr-obstacle-pkg/local_setup.dsv
[0.082s] -- Symlinking: /home/dongju/camel-amr-projects/install/amr-obstacle-pkg/share/amr-obstacle-pkg/package.dsv
[0.082s] -- Up-to-date symlink: /home/dongju/camel-amr-projects/install/amr-obstacle-pkg/share/ament_index/resource_index/packages/amr-obstacle-pkg
[0.082s] -- Up-to-date symlink: /home/dongju/camel-amr-projects/install/amr-obstacle-pkg/share/amr-obstacle-pkg/cmake/amr-obstacle-pkgConfig.cmake
[0.082s] -- Up-to-date symlink: /home/dongju/camel-amr-projects/install/amr-obstacle-pkg/share/amr-obstacle-pkg/cmake/amr-obstacle-pkgConfig-version.cmake
[0.082s] -- Up-to-date symlink: /home/dongju/camel-amr-projects/install/amr-obstacle-pkg/share/amr-obstacle-pkg/package.xml
[0.093s] Invoked command in '/home/dongju/camel-amr-projects/build/amr-obstacle-pkg' returned '0': CMAKE_PREFIX_PATH=${CMAKE_PREFIX_PATH}:/opt/ros/foxy /usr/local/bin/cmake --install /home/dongju/camel-amr-projects/build/amr-obstacle-pkg
