[0.010s] Invoking command in '/home/dongju/camel-amr-projects/build/amr-main-pkg': CMAKE_PREFIX_PATH=/home/dongju/camel-amr-projects/install/amr_msg_interfaces:/home/dongju/camel-amr-projects/install/amr-main-pkg:/home/dongju/camel-amr-projects/install/amr-obstacle-pkg:/home/dongju/camel-amr-projects/install/amr-gazebo-pkg:/opt/ros/foxy LD_LIBRARY_PATH=/home/dongju/camel-amr-projects/install/amr_msg_interfaces/lib:/usr/lib/x86_64-linux-gnu/gazebo-11/plugins:/opt/ros/foxy/opt/yaml_cpp_vendor/lib:/opt/ros/foxy/opt/rviz_ogre_vendor/lib:/opt/ros/foxy/lib/x86_64-linux-gnu:/opt/ros/foxy/lib:home/dongju/raisimLib/install/lib PYTHONPATH=/home/dongju/camel-amr-projects/install/amr_msg_interfaces/lib/python3.8/site-packages:/opt/ros/foxy/lib/python3.8/site-packages:home/dongju/raisimLib/install/lib /usr/local/bin/cmake --build /home/dongju/camel-amr-projects/build/amr-main-pkg -- -j10 -l10
[0.026s] [ 16%] [34m[1mAutomatic MOC and UIC for target astar_lib[0m
[0.026s] [ 16%] [34m[1mAutomatic MOC and UIC for target clusteringDynamicObs_lib[0m
[0.026s] [ 16%] [34m[1mAutomatic MOC and UIC for target obsDetection_lib[0m
[0.032s] [ 16%] Built target obsDetection_lib_autogen
[0.032s] [ 16%] Built target astar_lib_autogen
[0.032s] [ 16%] Built target clusteringDynamicObs_lib_autogen
[0.040s] [ 33%] Built target astar_lib
[0.040s] [ 50%] Built target clusteringDynamicObs_lib
[0.040s] [ 66%] Built target obsDetection_lib
[0.046s] [ 72%] [34m[1mAutomatic MOC and UIC for target simulmain[0m
[0.052s] [ 72%] Built target simulmain_autogen
[0.084s] [ 77%] [32mBuilding CXX object CMakeFiles/simulmain.dir/src/Amr_UI/mainwindow.cpp.o[0m
[2.364s] [01m[K/home/dongju/camel-amr-projects/src/amr-main-pkg/src/Amr_UI/mainwindow.cpp:74:6:[m[K [01;31m[Kerror: [m[Kno declaration matches ‘[01m[Kvoid MainWindow::updateLabel()[m[K’
[2.364s]    74 | void [01;31m[KMainWindow[m[K::updateLabel()
[2.364s]       |      [01;31m[K^~~~~~~~~~[m[K
[2.364s] [01m[K/home/dongju/camel-amr-projects/src/amr-main-pkg/src/Amr_UI/mainwindow.cpp:74:6:[m[K [01;36m[Knote: [m[Kno functions named ‘[01m[Kvoid MainWindow::updateLabel()[m[K’
[2.364s] In file included from [01m[K/home/dongju/camel-amr-projects/src/amr-main-pkg/src/Amr_UI/mainwindow.cpp:5[m[K:
[2.364s] [01m[K/home/dongju/camel-amr-projects/src/amr-main-pkg/src/Amr_UI/mainwindow.h:25:7:[m[K [01;36m[Knote: [m[K‘[01m[Kclass MainWindow[m[K’ defined here
[2.365s]    25 | class [01;36m[KMainWindow[m[K : public QMainWindow
[2.365s]       |       [01;36m[K^~~~~~~~~~[m[K
[2.758s] make[2]: *** [CMakeFiles/simulmain.dir/build.make:104: CMakeFiles/simulmain.dir/src/Amr_UI/mainwindow.cpp.o] Error 1
[2.759s] make[1]: *** [CMakeFiles/Makefile2:228: CMakeFiles/simulmain.dir/all] Error 2
[2.759s] make: *** [Makefile:146: all] Error 2
[2.760s] Invoked command in '/home/dongju/camel-amr-projects/build/amr-main-pkg' returned '2': CMAKE_PREFIX_PATH=/home/dongju/camel-amr-projects/install/amr_msg_interfaces:/home/dongju/camel-amr-projects/install/amr-main-pkg:/home/dongju/camel-amr-projects/install/amr-obstacle-pkg:/home/dongju/camel-amr-projects/install/amr-gazebo-pkg:/opt/ros/foxy LD_LIBRARY_PATH=/home/dongju/camel-amr-projects/install/amr_msg_interfaces/lib:/usr/lib/x86_64-linux-gnu/gazebo-11/plugins:/opt/ros/foxy/opt/yaml_cpp_vendor/lib:/opt/ros/foxy/opt/rviz_ogre_vendor/lib:/opt/ros/foxy/lib/x86_64-linux-gnu:/opt/ros/foxy/lib:home/dongju/raisimLib/install/lib PYTHONPATH=/home/dongju/camel-amr-projects/install/amr_msg_interfaces/lib/python3.8/site-packages:/opt/ros/foxy/lib/python3.8/site-packages:home/dongju/raisimLib/install/lib /usr/local/bin/cmake --build /home/dongju/camel-amr-projects/build/amr-main-pkg -- -j10 -l10
