[0.008s] Invoking command in '/home/sangjun/camel-amr-projects-V1/build/amr-main-pkg': AMENT_PREFIX_PATH=/home/sangjun/camel-amr-projects-V1/install/amr_msg_interfaces CMAKE_PREFIX_PATH=/home/sangjun/camel-amr-projects-V1/install/amr_msg_interfaces:${CMAKE_PREFIX_PATH} LD_LIBRARY_PATH=/home/sangjun/camel-amr-projects-V1/install/amr_msg_interfaces/lib:${LD_LIBRARY_PATH} PYTHONPATH=/home/sangjun/camel-amr-projects-V1/install/amr_msg_interfaces/lib/python3.8/site-packages:${PYTHONPATH} /usr/local/bin/cmake --build /home/sangjun/camel-amr-projects-V1/build/amr-main-pkg -- -j6 -l6
[0.024s] [35m[1mConsolidate compiler generated dependencies of target astar_lib[0m
[0.028s] [ 10%] [32mBuilding CXX object CMakeFiles/astar_lib.dir/src/astar/Astar.cpp.o[0m
[0.030s] [ 30%] Built target dynamicObstacle_lib
[0.031s] [ 50%] Built target obsDetection_lib
[0.032s] [ 70%] Built target visualize_lib
[0.235s] [01m[K/home/sangjun/camel-amr-projects-V1/src/amr-main-pkg/src/astar/Astar.cpp:46:49:[m[K [01;31m[Kerror: [m[Kinvalid use of non-static data member ‘[01m[KAstar_planning::MAX[m[K’
[0.235s]    46 | void Astar_planning::tracePath(Cell cellDetails[[01;31m[KMAX[m[K][MAX], Pair dst) {
[0.235s]       |                                                 [01;31m[K^~~[m[K
[0.235s] In file included from [01m[K/home/sangjun/camel-amr-projects-V1/src/amr-main-pkg/src/astar/Astar.cpp:4[m[K:
[0.236s] [01m[K/home/sangjun/camel-amr-projects-V1/src/amr-main-pkg/include/astar/Astar.hpp:39:9:[m[K [01;36m[Knote: [m[Kdeclared here
[0.236s]    39 |     int [01;36m[KMAX[m[K;
[0.236s]       |         [01;36m[K^~~[m[K
[0.236s] [01m[K/home/sangjun/camel-amr-projects-V1/src/amr-main-pkg/src/astar/Astar.cpp:46:54:[m[K [01;31m[Kerror: [m[Kinvalid use of non-static data member ‘[01m[KAstar_planning::MAX[m[K’
[0.236s]    46 | void Astar_planning::tracePath(Cell cellDetails[MAX][[01;31m[KMAX[m[K], Pair dst) {
[0.236s]       |                                                      [01;31m[K^~~[m[K
[0.236s] In file included from [01m[K/home/sangjun/camel-amr-projects-V1/src/amr-main-pkg/src/astar/Astar.cpp:4[m[K:
[0.236s] [01m[K/home/sangjun/camel-amr-projects-V1/src/amr-main-pkg/include/astar/Astar.hpp:39:9:[m[K [01;36m[Knote: [m[Kdeclared here
[0.236s]    39 |     int [01;36m[KMAX[m[K;
[0.236s]       |         [01;36m[K^~~[m[K
[0.236s] [01m[K/home/sangjun/camel-amr-projects-V1/src/amr-main-pkg/src/astar/Astar.cpp:46:58:[m[K [01;31m[Kerror: [m[Kexpected ‘[01m[K)[m[K’ before ‘[01m[K,[m[K’ token
[0.237s]    46 | void Astar_planning::tracePath[34m[K([m[KCell cellDetails[MAX][MAX][01;31m[K,[m[K Pair dst) {
[0.237s]       |                               [34m[K~[m[K                          [01;31m[K^[m[K
[0.237s]       |                                                          [32m[K)[m[K
[0.237s] [01m[K/home/sangjun/camel-amr-projects-V1/src/amr-main-pkg/src/astar/Astar.cpp:46:6:[m[K [01;31m[Kerror: [m[Kno declaration matches ‘[01m[Kvoid Astar_planning::tracePath(...)[m[K’
[0.237s]    46 | void [01;31m[KAstar_planning[m[K::tracePath(Cell cellDetails[MAX][MAX], Pair dst) {
[0.237s]       |      [01;31m[K^~~~~~~~~~~~~~[m[K
[0.237s] In file included from [01m[K/home/sangjun/camel-amr-projects-V1/src/amr-main-pkg/src/astar/Astar.cpp:4[m[K:
[0.237s] [01m[K/home/sangjun/camel-amr-projects-V1/src/amr-main-pkg/include/astar/Astar.hpp:50:10:[m[K [01;36m[Knote: [m[Kcandidate is: ‘[01m[Kvoid Astar_planning::tracePath(Cell (*)[201], Pair)[m[K’
[0.237s]    50 |     void [01;36m[KtracePath[m[K(Cell cellDetails[201][201], Pair dst);
[0.237s]       |          [01;36m[K^~~~~~~~~[m[K
[0.237s] [01m[K/home/sangjun/camel-amr-projects-V1/src/amr-main-pkg/include/astar/Astar.hpp:34:7:[m[K [01;36m[Knote: [m[K‘[01m[Kclass Astar_planning[m[K’ defined here
[0.237s]    34 | class [01;36m[KAstar_planning[m[K {
[0.238s]       |       [01;36m[K^~~~~~~~~~~~~~[m[K
[0.238s] [01m[K/home/sangjun/camel-amr-projects-V1/src/amr-main-pkg/src/astar/Astar.cpp:46:49:[m[K [01;31m[Kerror: [m[K‘[01m[Kint Astar_planning::MAX[m[K’ is private within this context
[0.238s]    46 | void Astar_planning::tracePath(Cell cellDetails[[01;31m[KMAX[m[K][MAX], Pair dst) {
[0.238s]       |                                                 [01;31m[K^~~[m[K
[0.238s] In file included from [01m[K/home/sangjun/camel-amr-projects-V1/src/amr-main-pkg/src/astar/Astar.cpp:4[m[K:
[0.238s] [01m[K/home/sangjun/camel-amr-projects-V1/src/amr-main-pkg/include/astar/Astar.hpp:39:9:[m[K [01;36m[Knote: [m[Kdeclared private here
[0.238s]    39 |     int [01;36m[KMAX[m[K;
[0.238s]       |         [01;36m[K^~~[m[K
[0.238s] [01m[K/home/sangjun/camel-amr-projects-V1/src/amr-main-pkg/src/astar/Astar.cpp:46:65:[m[K [01;31m[Kerror: [m[Kexpected initializer before ‘[01m[Kdst[m[K’
[0.238s]    46 | void Astar_planning::tracePath(Cell cellDetails[MAX][MAX], Pair [01;31m[Kdst[m[K) {
[0.238s]       |                                                                 [01;31m[K^~~[m[K
[0.238s] [01m[K/home/sangjun/camel-amr-projects-V1/src/amr-main-pkg/src/astar/Astar.cpp:[m[K In member function ‘[01m[Kbool Astar_planning::aStarSearch(std::vector<std::vector<int> >&, Pair, Pair)[m[K’:
[0.239s] [01m[K/home/sangjun/camel-amr-projects-V1/src/amr-main-pkg/src/astar/Astar.cpp:71:10:[m[K [01;35m[Kwarning: [m[KISO C++ forbids variable length array ‘[01m[KclosedList[m[K’ [[01;35m[K-Wvla[m[K]
[0.239s]    71 |     bool [01;35m[KclosedList[m[K[MAX][MAX];
[0.239s]       |          [01;35m[K^~~~~~~~~~[m[K
[0.239s] [01m[K/home/sangjun/camel-amr-projects-V1/src/amr-main-pkg/src/astar/Astar.cpp:71:10:[m[K [01;35m[Kwarning: [m[KISO C++ forbids variable length array ‘[01m[KclosedList[m[K’ [[01;35m[K-Wvla[m[K]
[0.239s] [01m[K/home/sangjun/camel-amr-projects-V1/src/amr-main-pkg/src/astar/Astar.cpp:74:10:[m[K [01;35m[Kwarning: [m[KISO C++ forbids variable length array ‘[01m[KcellDetails[m[K’ [[01;35m[K-Wvla[m[K]
[0.239s]    74 |     Cell [01;35m[KcellDetails[m[K[MAX][MAX];
[0.239s]       |          [01;35m[K^~~~~~~~~~~[m[K
[0.239s] [01m[K/home/sangjun/camel-amr-projects-V1/src/amr-main-pkg/src/astar/Astar.cpp:74:10:[m[K [01;35m[Kwarning: [m[KISO C++ forbids variable length array ‘[01m[KcellDetails[m[K’ [[01;35m[K-Wvla[m[K]
[0.244s] [01m[K/home/sangjun/camel-amr-projects-V1/src/amr-main-pkg/src/astar/Astar.cpp:110:31:[m[K [01;31m[Kerror: [m[Kcannot convert ‘[01m[KCell [((Astar_planning*)this)->Astar_planning::MAX][((Astar_planning*)this)->Astar_planning::MAX][m[K’ to ‘[01m[KCell (*)[201][m[K’
[0.244s]   110 |                     tracePath([01;31m[KcellDetails[m[K, dst);
[0.245s]       |                               [01;31m[K^~~~~~~~~~~[m[K
[0.245s]       |                               [01;31m[K|[m[K
[0.245s]       |                               [01;31m[KCell [((Astar_planning*)this)->Astar_planning::MAX][((Astar_planning*)this)->Astar_planning::MAX][m[K
[0.245s] In file included from [01m[K/home/sangjun/camel-amr-projects-V1/src/amr-main-pkg/src/astar/Astar.cpp:4[m[K:
[0.245s] [01m[K/home/sangjun/camel-amr-projects-V1/src/amr-main-pkg/include/astar/Astar.hpp:50:25:[m[K [01;36m[Knote: [m[K  initializing argument 1 of ‘[01m[Kvoid Astar_planning::tracePath(Cell (*)[201], Pair)[m[K’
[0.245s]    50 |     void tracePath([01;36m[KCell cellDetails[201][201][m[K, Pair dst);
[0.245s]       |                    [01;36m[K~~~~~^~~~~~~~~~~~~~~~~~~~~[m[K
[0.246s] [01m[K/home/sangjun/camel-amr-projects-V1/src/amr-main-pkg/src/astar/Astar.cpp:139:31:[m[K [01;31m[Kerror: [m[Kcannot convert ‘[01m[KCell [((Astar_planning*)this)->Astar_planning::MAX][((Astar_planning*)this)->Astar_planning::MAX][m[K’ to ‘[01m[KCell (*)[201][m[K’
[0.246s]   139 |                     tracePath([01;31m[KcellDetails[m[K, dst);
[0.246s]       |                               [01;31m[K^~~~~~~~~~~[m[K
[0.246s]       |                               [01;31m[K|[m[K
[0.246s]       |                               [01;31m[KCell [((Astar_planning*)this)->Astar_planning::MAX][((Astar_planning*)this)->Astar_planning::MAX][m[K
[0.246s] In file included from [01m[K/home/sangjun/camel-amr-projects-V1/src/amr-main-pkg/src/astar/Astar.cpp:4[m[K:
[0.246s] [01m[K/home/sangjun/camel-amr-projects-V1/src/amr-main-pkg/include/astar/Astar.hpp:50:25:[m[K [01;36m[Knote: [m[K  initializing argument 1 of ‘[01m[Kvoid Astar_planning::tracePath(Cell (*)[201], Pair)[m[K’
[0.246s]    50 |     void tracePath([01;36m[KCell cellDetails[201][201][m[K, Pair dst);
[0.246s]       |                    [01;36m[K~~~~~^~~~~~~~~~~~~~~~~~~~~[m[K
[0.249s] [01m[K/home/sangjun/camel-amr-projects-V1/src/amr-main-pkg/src/astar/Astar.cpp:[m[K In member function ‘[01m[Kvoid Astar_planning::PrintMap()[m[K’:
[0.249s] [01m[K/home/sangjun/camel-amr-projects-V1/src/amr-main-pkg/src/astar/Astar.cpp:170:26:[m[K [01;31m[Kerror: [m[K‘[01m[KClusteringMatrix[m[K’ was not declared in this scope
[0.249s]   170 |             std::cout << [01;31m[KClusteringMatrix[m[K[i][j];
[0.249s]       |                          [01;31m[K^~~~~~~~~~~~~~~~[m[K
[0.250s] [01m[K/home/sangjun/camel-amr-projects-V1/src/amr-main-pkg/src/astar/Astar.cpp:[m[K In member function ‘[01m[Kvoid Astar_planning::startAstar(int, int)[m[K’:
[0.250s] [01m[K/home/sangjun/camel-amr-projects-V1/src/amr-main-pkg/src/astar/Astar.cpp:178:5:[m[K [01;31m[Kerror: [m[K‘[01m[KMapmatrix[m[K’ was not declared in this scope
[0.250s]   178 |     [01;31m[KMapmatrix[m[K[Startx][Starty] = 2;
[0.250s]       |     [01;31m[K^~~~~~~~~[m[K
[0.250s] [01m[K/home/sangjun/camel-amr-projects-V1/src/amr-main-pkg/src/astar/Astar.cpp:179:21:[m[K [01;31m[Kerror: [m[K‘[01m[Kcount[m[K’ was not declared in this scope
[0.250s]   179 |     Mapmatrix[Destx[[01;31m[Kcount[m[K]][Desty[count]] = 3;
[0.250s]       |                     [01;31m[K^~~~~[m[K
[0.290s] make[2]: *** [CMakeFiles/astar_lib.dir/build.make:76: CMakeFiles/astar_lib.dir/src/astar/Astar.cpp.o] Error 1
[0.290s] make[1]: *** [CMakeFiles/Makefile2:145: CMakeFiles/astar_lib.dir/all] Error 2
[0.290s] make: *** [Makefile:146: all] Error 2
[0.292s] Invoked command in '/home/sangjun/camel-amr-projects-V1/build/amr-main-pkg' returned '2': AMENT_PREFIX_PATH=/home/sangjun/camel-amr-projects-V1/install/amr_msg_interfaces CMAKE_PREFIX_PATH=/home/sangjun/camel-amr-projects-V1/install/amr_msg_interfaces:${CMAKE_PREFIX_PATH} LD_LIBRARY_PATH=/home/sangjun/camel-amr-projects-V1/install/amr_msg_interfaces/lib:${LD_LIBRARY_PATH} PYTHONPATH=/home/sangjun/camel-amr-projects-V1/install/amr_msg_interfaces/lib/python3.8/site-packages:${PYTHONPATH} /usr/local/bin/cmake --build /home/sangjun/camel-amr-projects-V1/build/amr-main-pkg -- -j6 -l6
