[0.012s] Invoking command in '/home/sangjun/camel-amr-projects-V1/build/amr-main-pkg': CMAKE_PREFIX_PATH=/home/sangjun/camel-amr-projects-V1/install/amr_msg_interfaces:/home/sangjun/camel-amr-projects-V1/install/amr-main-pkg:/home/sangjun/camel-amr-projects-V1/install/amr-obstacle-pkg:/home/sangjun/camel-amr-projects-V1/install/amr-gazebo-pkg:/opt/ros/foxy:/home/sangjun/catkin_ws/devel:/opt/ros/noetic /usr/local/bin/cmake --build /home/sangjun/camel-amr-projects-V1/build/amr-main-pkg -- -j6 -l6
[0.026s] -- Found ament_cmake: 0.9.12 (/opt/ros/foxy/share/ament_cmake/cmake)
[0.046s] -- Using PYTHON_EXECUTABLE: /usr/bin/python3
[0.196s] -- Override CMake install command with custom implementation using symlinks instead of copying resources
[0.205s] -- Found amr_msg_interfaces: 0.6.0 (/home/sangjun/camel-amr-projects-V1/install/amr_msg_interfaces/share/amr_msg_interfaces/cmake)
[0.220s] -- Using all available rosidl_typesupport_c: rosidl_typesupport_fastrtps_c;rosidl_typesupport_introspection_c
[0.223s] -- Found rosidl_adapter: 1.3.1 (/opt/ros/foxy/share/rosidl_adapter/cmake)
[0.312s] -- Using all available rosidl_typesupport_cpp: rosidl_typesupport_fastrtps_cpp;rosidl_typesupport_introspection_cpp
[0.338s] -- Found rclcpp: 2.4.3 (/opt/ros/foxy/share/rclcpp/cmake)
[0.361s] -- Found rmw_implementation_cmake: 1.0.4 (/opt/ros/foxy/share/rmw_implementation_cmake/cmake)
[0.362s] -- Using RMW implementation 'rmw_fastrtps_cpp' as default
[0.458s] -- Found sensor_msgs: 2.0.5 (/opt/ros/foxy/share/sensor_msgs/cmake)
[0.538s] -- Found nav_msgs: 2.0.5 (/opt/ros/foxy/share/nav_msgs/cmake)
[0.588s] -- Found ament_lint_auto: 0.9.8 (/opt/ros/foxy/share/ament_lint_auto/cmake)
[0.635s] -- Found ament_cmake_gtest: 0.9.12 (/opt/ros/foxy/share/ament_cmake_gtest/cmake)
[0.639s] -- Added test 'copyright' to check source files copyright and LICENSE
[0.640s] -- Added test 'cppcheck' to perform static code analysis on C / C++ code
[0.640s] -- Configured cppcheck include dirs: /home/sangjun/camel-amr-projects-V1/src/amr-main-pkg/include
[0.640s] -- Configured cppcheck exclude dirs and/or files: 
[0.641s] -- Added test 'cpplint' to check C / C++ code against the Google style
[0.641s] -- Configured cpplint exclude dirs and/or files: 
[0.641s] -- Added test 'lint_cmake' to check CMake code style
[0.642s] -- Added test 'uncrustify' to check C / C++ code style
[0.642s] -- Configured uncrustify additional arguments: 
[0.642s] -- Added test 'xmllint' to check XML markup files
[0.643s] -- Configuring done
[0.651s] -- Generating done
[0.666s] -- Build files have been written to: /home/sangjun/camel-amr-projects-V1/build/amr-main-pkg
[0.680s] [35m[1mConsolidate compiler generated dependencies of target simulmain[0m
[0.680s] [ 25%] [32mBuilding CXX object CMakeFiles/astar_lib.dir/src/astar/Astar.cpp.o[0m
[0.691s] [ 75%] Built target simulmain
[0.903s] [01m[K/home/sangjun/camel-amr-projects-V1/src/amr-main-pkg/src/astar/Astar.cpp:[m[K In member function ‘[01m[Kstd::stack<std::pair<int, int> > Astar_planning::Astar(coordinate&, coordinate&, coordinate&, int (*)[100])[m[K’:
[0.903s] [01m[K/home/sangjun/camel-amr-projects-V1/src/amr-main-pkg/src/astar/Astar.cpp:40:10:[m[K [01;35m[Kwarning: [m[KISO C++ forbids variable length array ‘[01m[KclosedList[m[K’ [[01;35m[K-Wvla[m[K]
[0.903s]    40 |     bool [01;35m[KclosedList[m[K[row][column];
[0.903s]       |          [01;35m[K^~~~~~~~~~[m[K
[0.903s] [01m[K/home/sangjun/camel-amr-projects-V1/src/amr-main-pkg/src/astar/Astar.cpp:40:10:[m[K [01;35m[Kwarning: [m[KISO C++ forbids variable length array ‘[01m[KclosedList[m[K’ [[01;35m[K-Wvla[m[K]
[0.956s] [01m[K/home/sangjun/camel-amr-projects-V1/src/amr-main-pkg/src/astar/Astar.cpp:93:1:[m[K [01;35m[Kwarning: [m[Kcontrol reaches end of non-void function [[01;35m[K-Wreturn-type[m[K]
[0.956s]    93 | [01;35m[K}[m[K
[0.956s]       | [01;35m[K^[m[K
[1.048s] [100%] [32m[1mLinking CXX static library libastar_lib.a[0m
[1.061s] [100%] Built target astar_lib
[1.065s] Invoked command in '/home/sangjun/camel-amr-projects-V1/build/amr-main-pkg' returned '0': CMAKE_PREFIX_PATH=/home/sangjun/camel-amr-projects-V1/install/amr_msg_interfaces:/home/sangjun/camel-amr-projects-V1/install/amr-main-pkg:/home/sangjun/camel-amr-projects-V1/install/amr-obstacle-pkg:/home/sangjun/camel-amr-projects-V1/install/amr-gazebo-pkg:/opt/ros/foxy:/home/sangjun/catkin_ws/devel:/opt/ros/noetic /usr/local/bin/cmake --build /home/sangjun/camel-amr-projects-V1/build/amr-main-pkg -- -j6 -l6
[1.083s] Invoking command in '/home/sangjun/camel-amr-projects-V1/build/amr-main-pkg': CMAKE_PREFIX_PATH=/home/sangjun/camel-amr-projects-V1/install/amr_msg_interfaces:/home/sangjun/camel-amr-projects-V1/install/amr-main-pkg:/home/sangjun/camel-amr-projects-V1/install/amr-obstacle-pkg:/home/sangjun/camel-amr-projects-V1/install/amr-gazebo-pkg:/opt/ros/foxy:/home/sangjun/catkin_ws/devel:/opt/ros/noetic /usr/local/bin/cmake --install /home/sangjun/camel-amr-projects-V1/build/amr-main-pkg
[1.085s] -- Install configuration: ""
[1.085s] -- Execute custom install script
[1.086s] -- Symlinking: /home/sangjun/camel-amr-projects-V1/install/amr-main-pkg/include/Variables/Variable.hpp
[1.088s] -- Symlinking: /home/sangjun/camel-amr-projects-V1/install/amr-main-pkg/include/Variables/mapinfo.hpp
[1.089s] -- Symlinking: /home/sangjun/camel-amr-projects-V1/install/amr-main-pkg/include/astar/Astar.hpp
[1.091s] -- Symlinking: /home/sangjun/camel-amr-projects-V1/install/amr-main-pkg/include/simulmain/simul_main.hpp
[1.093s] -- Symlinking: /home/sangjun/camel-amr-projects-V1/install/amr-main-pkg/lib/libastar_lib.a
[1.095s] -- Up-to-date symlink: /home/sangjun/camel-amr-projects-V1/install/amr-main-pkg/lib/amr-main-pkg/simulmain
[1.095s] -- Up-to-date symlink: /home/sangjun/camel-amr-projects-V1/install/amr-main-pkg/share/amr-main-pkg/param/amr_config.yaml
[1.095s] -- Up-to-date symlink: /home/sangjun/camel-amr-projects-V1/install/amr-main-pkg/share/ament_index/resource_index/package_run_dependencies/amr-main-pkg
[1.095s] -- Up-to-date symlink: /home/sangjun/camel-amr-projects-V1/install/amr-main-pkg/share/ament_index/resource_index/parent_prefix_path/amr-main-pkg
[1.095s] -- Up-to-date symlink: /home/sangjun/camel-amr-projects-V1/install/amr-main-pkg/share/amr-main-pkg/environment/ament_prefix_path.sh
[1.096s] -- Up-to-date symlink: /home/sangjun/camel-amr-projects-V1/install/amr-main-pkg/share/amr-main-pkg/environment/ament_prefix_path.dsv
[1.096s] -- Up-to-date symlink: /home/sangjun/camel-amr-projects-V1/install/amr-main-pkg/share/amr-main-pkg/environment/path.sh
[1.096s] -- Up-to-date symlink: /home/sangjun/camel-amr-projects-V1/install/amr-main-pkg/share/amr-main-pkg/environment/path.dsv
[1.096s] -- Up-to-date symlink: /home/sangjun/camel-amr-projects-V1/install/amr-main-pkg/share/amr-main-pkg/local_setup.bash
[1.096s] -- Up-to-date symlink: /home/sangjun/camel-amr-projects-V1/install/amr-main-pkg/share/amr-main-pkg/local_setup.sh
[1.096s] -- Up-to-date symlink: /home/sangjun/camel-amr-projects-V1/install/amr-main-pkg/share/amr-main-pkg/local_setup.zsh
[1.097s] -- Up-to-date symlink: /home/sangjun/camel-amr-projects-V1/install/amr-main-pkg/share/amr-main-pkg/local_setup.dsv
[1.097s] -- Symlinking: /home/sangjun/camel-amr-projects-V1/install/amr-main-pkg/share/amr-main-pkg/package.dsv
[1.100s] -- Up-to-date symlink: /home/sangjun/camel-amr-projects-V1/install/amr-main-pkg/share/ament_index/resource_index/packages/amr-main-pkg
[1.100s] -- Up-to-date symlink: /home/sangjun/camel-amr-projects-V1/install/amr-main-pkg/share/amr-main-pkg/cmake/amr-main-pkgConfig.cmake
[1.100s] -- Up-to-date symlink: /home/sangjun/camel-amr-projects-V1/install/amr-main-pkg/share/amr-main-pkg/cmake/amr-main-pkgConfig-version.cmake
[1.100s] -- Up-to-date symlink: /home/sangjun/camel-amr-projects-V1/install/amr-main-pkg/share/amr-main-pkg/package.xml
[1.105s] Invoked command in '/home/sangjun/camel-amr-projects-V1/build/amr-main-pkg' returned '0': CMAKE_PREFIX_PATH=/home/sangjun/camel-amr-projects-V1/install/amr_msg_interfaces:/home/sangjun/camel-amr-projects-V1/install/amr-main-pkg:/home/sangjun/camel-amr-projects-V1/install/amr-obstacle-pkg:/home/sangjun/camel-amr-projects-V1/install/amr-gazebo-pkg:/opt/ros/foxy:/home/sangjun/catkin_ws/devel:/opt/ros/noetic /usr/local/bin/cmake --install /home/sangjun/camel-amr-projects-V1/build/amr-main-pkg
