[0.016s] Invoking command in '/home/sangjun/camel-amr-projects-UI/build/amr-main-pkg': CMAKE_PREFIX_PATH=/home/sangjun/camel-amr-projects-UI/install/amr_msg_interfaces:/home/sangjun/camel-amr-projects-UI/install/amr-main-pkg:/home/sangjun/camel-amr-projects-UI/install/amr-obstacle-pkg:/home/sangjun/camel-amr-projects-UI/install/amr-gazebo-pkg:/opt/ros/foxy:/home/sangjun/catkin_ws/devel:/opt/ros/noetic /usr/local/bin/cmake --build /home/sangjun/camel-amr-projects-UI/build/amr-main-pkg -- -j6 -l6
[0.042s] [  3%] [34m[1mAutomatic MOC and UIC for target obsDetection_lib[0m
[0.043s] [  7%] [34m[1mAutomatic MOC and UIC for target astar_lib[0m
[0.043s] [ 11%] [34m[1mAutomatic MOC and UIC for target dynamicObstacle_lib[0m
[0.045s] [ 14%] [34m[1mAutomatic MOC and UIC for target clusteringDynamicObs_lib[0m
[0.046s] [ 18%] [34m[1mAutomatic MOC and UIC for target visualize_lib[0m
[0.050s] [ 18%] Built target obsDetection_lib_autogen
[0.052s] [ 18%] Built target dynamicObstacle_lib_autogen
[0.053s] [ 18%] Built target astar_lib_autogen
[0.056s] [ 18%] Built target clusteringDynamicObs_lib_autogen
[0.061s] [ 29%] Built target visualize_lib_autogen
[0.061s] [ 40%] Built target dynamicObstacle_lib
[0.061s] [ 29%] Built target obsDetection_lib
[0.066s] [ 51%] Built target astar_lib
[0.068s] [ 62%] Built target clusteringDynamicObs_lib
[0.068s] [ 74%] Built target visualize_lib
[0.076s] [ 77%] [34m[1mAutomatic MOC and UIC for target simulmain[0m
[0.083s] [ 77%] Built target simulmain_autogen
[0.093s] [35m[1mConsolidate compiler generated dependencies of target simulmain[0m
[0.115s] [ 81%] [32mBuilding CXX object CMakeFiles/simulmain.dir/src/simulmain/mainwindow.cpp.o[0m
[0.115s] [ 85%] [32mBuilding CXX object CMakeFiles/simulmain.dir/src/simulmain/simul_main.cpp.o[0m
[6.094s] [ 88%] [32m[1mLinking CXX executable simulmain[0m
[7.113s] [100%] Built target simulmain
[7.117s] Invoked command in '/home/sangjun/camel-amr-projects-UI/build/amr-main-pkg' returned '0': CMAKE_PREFIX_PATH=/home/sangjun/camel-amr-projects-UI/install/amr_msg_interfaces:/home/sangjun/camel-amr-projects-UI/install/amr-main-pkg:/home/sangjun/camel-amr-projects-UI/install/amr-obstacle-pkg:/home/sangjun/camel-amr-projects-UI/install/amr-gazebo-pkg:/opt/ros/foxy:/home/sangjun/catkin_ws/devel:/opt/ros/noetic /usr/local/bin/cmake --build /home/sangjun/camel-amr-projects-UI/build/amr-main-pkg -- -j6 -l6
[7.161s] Invoking command in '/home/sangjun/camel-amr-projects-UI/build/amr-main-pkg': CMAKE_PREFIX_PATH=/home/sangjun/camel-amr-projects-UI/install/amr_msg_interfaces:/home/sangjun/camel-amr-projects-UI/install/amr-main-pkg:/home/sangjun/camel-amr-projects-UI/install/amr-obstacle-pkg:/home/sangjun/camel-amr-projects-UI/install/amr-gazebo-pkg:/opt/ros/foxy:/home/sangjun/catkin_ws/devel:/opt/ros/noetic /usr/local/bin/cmake --install /home/sangjun/camel-amr-projects-UI/build/amr-main-pkg
[7.164s] -- Install configuration: ""
[7.164s] -- Execute custom install script
[7.165s] -- Up-to-date symlink: /home/sangjun/camel-amr-projects-UI/install/amr-main-pkg/include/ClusteringDynamicObs/ClusteringDynamicObs.hpp
[7.165s] -- Up-to-date symlink: /home/sangjun/camel-amr-projects-UI/install/amr-main-pkg/include/DynamicObstacle/DynamicObstacle.hpp
[7.165s] -- Up-to-date symlink: /home/sangjun/camel-amr-projects-UI/install/amr-main-pkg/include/ObsDetection/ObsDetection.hpp
[7.165s] -- Up-to-date symlink: /home/sangjun/camel-amr-projects-UI/install/amr-main-pkg/include/Variables/Variable.hpp
[7.165s] -- Up-to-date symlink: /home/sangjun/camel-amr-projects-UI/install/amr-main-pkg/include/Variables/mapinfo.hpp
[7.165s] -- Up-to-date symlink: /home/sangjun/camel-amr-projects-UI/install/amr-main-pkg/include/Visualize/Map_In_Out.hpp
[7.165s] -- Up-to-date symlink: /home/sangjun/camel-amr-projects-UI/install/amr-main-pkg/include/astar/Astar.hpp
[7.165s] -- Up-to-date symlink: /home/sangjun/camel-amr-projects-UI/install/amr-main-pkg/include/simulmain/simul_main.hpp
[7.166s] -- Up-to-date symlink: /home/sangjun/camel-amr-projects-UI/install/amr-main-pkg/lib/libastar_lib.a
[7.166s] -- Up-to-date symlink: /home/sangjun/camel-amr-projects-UI/install/amr-main-pkg/lib/libvisualize_lib.a
[7.166s] -- Up-to-date symlink: /home/sangjun/camel-amr-projects-UI/install/amr-main-pkg/lib/libdynamicObstacle_lib.a
[7.166s] -- Up-to-date symlink: /home/sangjun/camel-amr-projects-UI/install/amr-main-pkg/lib/libobsDetection_lib.a
[7.166s] -- Up-to-date symlink: /home/sangjun/camel-amr-projects-UI/install/amr-main-pkg/lib/libclusteringDynamicObs_lib.a
[7.166s] -- Up-to-date symlink: /home/sangjun/camel-amr-projects-UI/install/amr-main-pkg/lib/amr-main-pkg/simulmain
[7.168s] -- Up-to-date symlink: /home/sangjun/camel-amr-projects-UI/install/amr-main-pkg/share/amr-main-pkg/launch/t
[7.168s] -- Up-to-date symlink: /home/sangjun/camel-amr-projects-UI/install/amr-main-pkg/share/amr-main-pkg/param/amr_config.yaml
[7.168s] -- Up-to-date symlink: /home/sangjun/camel-amr-projects-UI/install/amr-main-pkg/share/ament_index/resource_index/package_run_dependencies/amr-main-pkg
[7.168s] -- Up-to-date symlink: /home/sangjun/camel-amr-projects-UI/install/amr-main-pkg/share/ament_index/resource_index/parent_prefix_path/amr-main-pkg
[7.168s] -- Up-to-date symlink: /home/sangjun/camel-amr-projects-UI/install/amr-main-pkg/share/amr-main-pkg/environment/ament_prefix_path.sh
[7.168s] -- Up-to-date symlink: /home/sangjun/camel-amr-projects-UI/install/amr-main-pkg/share/amr-main-pkg/environment/ament_prefix_path.dsv
[7.169s] -- Up-to-date symlink: /home/sangjun/camel-amr-projects-UI/install/amr-main-pkg/share/amr-main-pkg/environment/path.sh
[7.169s] -- Up-to-date symlink: /home/sangjun/camel-amr-projects-UI/install/amr-main-pkg/share/amr-main-pkg/environment/path.dsv
[7.169s] -- Up-to-date symlink: /home/sangjun/camel-amr-projects-UI/install/amr-main-pkg/share/amr-main-pkg/local_setup.bash
[7.169s] -- Up-to-date symlink: /home/sangjun/camel-amr-projects-UI/install/amr-main-pkg/share/amr-main-pkg/local_setup.sh
[7.169s] -- Up-to-date symlink: /home/sangjun/camel-amr-projects-UI/install/amr-main-pkg/share/amr-main-pkg/local_setup.zsh
[7.169s] -- Up-to-date symlink: /home/sangjun/camel-amr-projects-UI/install/amr-main-pkg/share/amr-main-pkg/local_setup.dsv
[7.169s] -- Symlinking: /home/sangjun/camel-amr-projects-UI/install/amr-main-pkg/share/amr-main-pkg/package.dsv
[7.173s] -- Up-to-date symlink: /home/sangjun/camel-amr-projects-UI/install/amr-main-pkg/share/ament_index/resource_index/packages/amr-main-pkg
[7.173s] -- Up-to-date symlink: /home/sangjun/camel-amr-projects-UI/install/amr-main-pkg/share/amr-main-pkg/cmake/amr-main-pkgConfig.cmake
[7.173s] -- Up-to-date symlink: /home/sangjun/camel-amr-projects-UI/install/amr-main-pkg/share/amr-main-pkg/cmake/amr-main-pkgConfig-version.cmake
[7.173s] -- Up-to-date symlink: /home/sangjun/camel-amr-projects-UI/install/amr-main-pkg/share/amr-main-pkg/package.xml
[7.177s] Invoked command in '/home/sangjun/camel-amr-projects-UI/build/amr-main-pkg' returned '0': CMAKE_PREFIX_PATH=/home/sangjun/camel-amr-projects-UI/install/amr_msg_interfaces:/home/sangjun/camel-amr-projects-UI/install/amr-main-pkg:/home/sangjun/camel-amr-projects-UI/install/amr-obstacle-pkg:/home/sangjun/camel-amr-projects-UI/install/amr-gazebo-pkg:/opt/ros/foxy:/home/sangjun/catkin_ws/devel:/opt/ros/noetic /usr/local/bin/cmake --install /home/sangjun/camel-amr-projects-UI/build/amr-main-pkg
