[ 20%] [34m[1mAutomatic MOC and UIC for target obsDetection_lib[0m
[ 20%] [34m[1mAutomatic MOC and UIC for target dynamicObstacle_lib[0m
[ 20%] [34m[1mAutomatic MOC and UIC for target visualize_lib[0m
[ 20%] [34m[1mAutomatic MOC and UIC for target clusteringDynamicObs_lib[0m
[ 20%] [34m[1mAutomatic MOC and UIC for target astar_lib[0m
[ 20%] Built target clusteringDynamicObs_lib_autogen
[ 20%] Built target visualize_lib_autogen
[ 20%] Built target dynamicObstacle_lib_autogen
[ 20%] Built target obsDetection_lib_autogen
[ 20%] Built target astar_lib_autogen
[ 68%] Built target dynamicObstacle_lib
[ 68%] Built target visualize_lib
[ 68%] Built target astar_lib
[ 68%] Built target obsDetection_lib
[ 80%] Built target clusteringDynamicObs_lib
[ 84%] [34m[1mAutomatic MOC and UIC for target simulmain[0m
[ 84%] Built target simulmain_autogen
[ 88%] [32mBuilding CXX object CMakeFiles/simulmain.dir/src/simulmain/simul_main.cpp.o[0m
[01m[K/home/dongju/camel-amr-projects/src/amr-main-pkg/src/simulmain/simul_main.cpp:5:10:[m[K [01;31m[Kfatal error: [m[KAmr_UI/mainwindow.h: No such file or directory
    5 | #include [01;31m[K"Amr_UI/mainwindow.h"[m[K
      |          [01;31m[K^~~~~~~~~~~~~~~~~~~~~[m[K
compilation terminated.
make[2]: *** [CMakeFiles/simulmain.dir/build.make:90: CMakeFiles/simulmain.dir/src/simulmain/simul_main.cpp.o] Error 1
make[1]: *** [CMakeFiles/Makefile2:288: CMakeFiles/simulmain.dir/all] Error 2
make: *** [Makefile:146: all] Error 2
