[0.009s] Invoking command in '/home/dongju/camel-amr-projects/build/amr-main-pkg': CMAKE_PREFIX_PATH=/home/dongju/camel-amr-projects/install/amr_msg_interfaces:/home/dongju/camel-amr-projects/install/amr-main-pkg:/home/dongju/camel-amr-projects/install/amr-obstacle-pkg:/home/dongju/camel-amr-projects/install/amr-gazebo-pkg:/opt/ros/foxy LD_LIBRARY_PATH=/home/dongju/camel-amr-projects/install/amr_msg_interfaces/lib:/usr/lib/x86_64-linux-gnu/gazebo-11/plugins:/opt/ros/foxy/opt/yaml_cpp_vendor/lib:/opt/ros/foxy/opt/rviz_ogre_vendor/lib:/opt/ros/foxy/lib/x86_64-linux-gnu:/opt/ros/foxy/lib:home/dongju/raisimLib/install/lib PYTHONPATH=/home/dongju/camel-amr-projects/install/amr_msg_interfaces/lib/python3.8/site-packages:/opt/ros/foxy/lib/python3.8/site-packages:home/dongju/raisimLib/install/lib /usr/local/bin/cmake --build /home/dongju/camel-amr-projects/build/amr-main-pkg -- -j10 -l10
[0.026s] [ 20%] [34m[1mAutomatic MOC and UIC for target obsDetection_lib[0m
[0.026s] [ 20%] [34m[1mAutomatic MOC and UIC for target dynamicObstacle_lib[0m
[0.026s] [ 20%] [34m[1mAutomatic MOC and UIC for target visualize_lib[0m
[0.026s] [ 20%] [34m[1mAutomatic MOC and UIC for target clusteringDynamicObs_lib[0m
[0.026s] [ 20%] [34m[1mAutomatic MOC and UIC for target astar_lib[0m
[0.032s] [ 20%] Built target clusteringDynamicObs_lib_autogen
[0.032s] [ 20%] Built target visualize_lib_autogen
[0.032s] [ 20%] Built target dynamicObstacle_lib_autogen
[0.032s] [ 20%] Built target obsDetection_lib_autogen
[0.032s] [ 20%] Built target astar_lib_autogen
[0.039s] [ 68%] Built target dynamicObstacle_lib
[0.039s] [ 68%] Built target visualize_lib
[0.039s] [ 68%] Built target astar_lib
[0.039s] [ 68%] Built target obsDetection_lib
[0.039s] [ 80%] Built target clusteringDynamicObs_lib
[0.045s] [ 84%] [34m[1mAutomatic MOC and UIC for target simulmain[0m
[0.050s] [ 84%] Built target simulmain_autogen
[0.066s] [ 88%] [32mBuilding CXX object CMakeFiles/simulmain.dir/src/simulmain/simul_main.cpp.o[0m
[0.189s] [01m[K/home/dongju/camel-amr-projects/src/amr-main-pkg/src/simulmain/simul_main.cpp:5:10:[m[K [01;31m[Kfatal error: [m[KAmr_UI/mainwindow.h: No such file or directory
[0.189s]     5 | #include [01;31m[K"Amr_UI/mainwindow.h"[m[K
[0.189s]       |          [01;31m[K^~~~~~~~~~~~~~~~~~~~~[m[K
[0.189s] compilation terminated.
[0.191s] make[2]: *** [CMakeFiles/simulmain.dir/build.make:90: CMakeFiles/simulmain.dir/src/simulmain/simul_main.cpp.o] Error 1
[0.191s] make[1]: *** [CMakeFiles/Makefile2:288: CMakeFiles/simulmain.dir/all] Error 2
[0.191s] make: *** [Makefile:146: all] Error 2
[0.192s] Invoked command in '/home/dongju/camel-amr-projects/build/amr-main-pkg' returned '2': CMAKE_PREFIX_PATH=/home/dongju/camel-amr-projects/install/amr_msg_interfaces:/home/dongju/camel-amr-projects/install/amr-main-pkg:/home/dongju/camel-amr-projects/install/amr-obstacle-pkg:/home/dongju/camel-amr-projects/install/amr-gazebo-pkg:/opt/ros/foxy LD_LIBRARY_PATH=/home/dongju/camel-amr-projects/install/amr_msg_interfaces/lib:/usr/lib/x86_64-linux-gnu/gazebo-11/plugins:/opt/ros/foxy/opt/yaml_cpp_vendor/lib:/opt/ros/foxy/opt/rviz_ogre_vendor/lib:/opt/ros/foxy/lib/x86_64-linux-gnu:/opt/ros/foxy/lib:home/dongju/raisimLib/install/lib PYTHONPATH=/home/dongju/camel-amr-projects/install/amr_msg_interfaces/lib/python3.8/site-packages:/opt/ros/foxy/lib/python3.8/site-packages:home/dongju/raisimLib/install/lib /usr/local/bin/cmake --build /home/dongju/camel-amr-projects/build/amr-main-pkg -- -j10 -l10
