[0.357s] DEBUG:colcon:Command line arguments: ['/usr/bin/colcon', 'build', '--symlink-install']
[0.357s] DEBUG:colcon:Parsed command line arguments: Namespace(allow_overriding=[], ament_cmake_args=None, base_paths=['.'], build_base='build', catkin_cmake_args=None, catkin_skip_building_tests=False, cmake_args=None, cmake_clean_cache=False, cmake_clean_first=False, cmake_force_configure=False, cmake_target=None, cmake_target_skip_unavailable=False, continue_on_error=False, event_handlers=None, executor='parallel', ignore_user_meta=False, install_base='install', log_base=None, log_level=None, main=<bound method BuildVerb.main of <colcon_core.verb.build.BuildVerb object at 0x7f17e38a0fd0>>, merge_install=False, metas=['./colcon.meta'], packages_above=None, packages_above_and_dependencies=None, packages_above_depth=None, packages_end=None, packages_ignore=None, packages_ignore_regex=None, packages_select=None, packages_select_build_failed=False, packages_select_by_dep=None, packages_select_regex=None, packages_select_test_failures=False, packages_skip=None, packages_skip_build_finished=False, packages_skip_by_dep=None, packages_skip_regex=None, packages_skip_test_passed=False, packages_skip_up_to=None, packages_start=None, packages_up_to=None, packages_up_to_regex=None, parallel_workers=6, paths=None, symlink_install=True, test_result_base=None, verb_extension=<colcon_core.verb.build.BuildVerb object at 0x7f17e38a0fd0>, verb_name='build', verb_parser=<colcon_defaults.argument_parser.defaults.DefaultArgumentsDecorator object at 0x7f17e382a520>)
[0.376s] Level 1:colcon.colcon_core.package_discovery:discover_packages(colcon_meta) check parameters
[0.376s] Level 1:colcon.colcon_core.package_discovery:discover_packages(recursive) check parameters
[0.376s] Level 1:colcon.colcon_core.package_discovery:discover_packages(ignore) check parameters
[0.376s] Level 1:colcon.colcon_core.package_discovery:discover_packages(path) check parameters
[0.376s] Level 1:colcon.colcon_core.package_discovery:discover_packages(colcon_meta) discover
[0.376s] Level 1:colcon.colcon_core.package_discovery:discover_packages(recursive) discover
[0.377s] INFO:colcon.colcon_core.package_discovery:Crawling recursively for packages in '/home/sangjun/camel-amr-projects-UI'
[0.377s] Level 1:colcon.colcon_core.package_identification:_identify(.) by extensions ['ignore', 'ignore_ament_install']
[0.377s] Level 1:colcon.colcon_core.package_identification:_identify(.) by extension 'ignore'
[0.377s] Level 1:colcon.colcon_core.package_identification:_identify(.) by extension 'ignore_ament_install'
[0.377s] Level 1:colcon.colcon_core.package_identification:_identify(.) by extensions ['colcon_pkg']
[0.377s] Level 1:colcon.colcon_core.package_identification:_identify(.) by extension 'colcon_pkg'
[0.377s] Level 1:colcon.colcon_core.package_identification:_identify(.) by extensions ['colcon_meta']
[0.377s] Level 1:colcon.colcon_core.package_identification:_identify(.) by extension 'colcon_meta'
[0.377s] Level 1:colcon.colcon_core.package_identification:_identify(.) by extensions ['ros']
[0.377s] Level 1:colcon.colcon_core.package_identification:_identify(.) by extension 'ros'
[0.425s] Level 1:colcon.colcon_core.package_identification:_identify(.) by extensions ['cmake', 'python']
[0.425s] Level 1:colcon.colcon_core.package_identification:_identify(.) by extension 'cmake'
[0.425s] Level 1:colcon.colcon_core.package_identification:_identify(.) by extension 'python'
[0.425s] Level 1:colcon.colcon_core.package_identification:_identify(.) by extensions ['python_setup_py']
[0.425s] Level 1:colcon.colcon_core.package_identification:_identify(.) by extension 'python_setup_py'
[0.425s] Level 1:colcon.colcon_core.package_identification:_identify(build) by extensions ['ignore', 'ignore_ament_install']
[0.425s] Level 1:colcon.colcon_core.package_identification:_identify(build) by extension 'ignore'
[0.425s] Level 1:colcon.colcon_core.package_identification:_identify(build) ignored
[0.426s] Level 1:colcon.colcon_core.package_identification:_identify(install) by extensions ['ignore', 'ignore_ament_install']
[0.426s] Level 1:colcon.colcon_core.package_identification:_identify(install) by extension 'ignore'
[0.426s] Level 1:colcon.colcon_core.package_identification:_identify(install) ignored
[0.426s] Level 1:colcon.colcon_core.package_identification:_identify(log) by extensions ['ignore', 'ignore_ament_install']
[0.426s] Level 1:colcon.colcon_core.package_identification:_identify(log) by extension 'ignore'
[0.426s] Level 1:colcon.colcon_core.package_identification:_identify(log) ignored
[0.426s] Level 1:colcon.colcon_core.package_identification:_identify(src) by extensions ['ignore', 'ignore_ament_install']
[0.426s] Level 1:colcon.colcon_core.package_identification:_identify(src) by extension 'ignore'
[0.426s] Level 1:colcon.colcon_core.package_identification:_identify(src) by extension 'ignore_ament_install'
[0.426s] Level 1:colcon.colcon_core.package_identification:_identify(src) by extensions ['colcon_pkg']
[0.426s] Level 1:colcon.colcon_core.package_identification:_identify(src) by extension 'colcon_pkg'
[0.426s] Level 1:colcon.colcon_core.package_identification:_identify(src) by extensions ['colcon_meta']
[0.426s] Level 1:colcon.colcon_core.package_identification:_identify(src) by extension 'colcon_meta'
[0.426s] Level 1:colcon.colcon_core.package_identification:_identify(src) by extensions ['ros']
[0.427s] Level 1:colcon.colcon_core.package_identification:_identify(src) by extension 'ros'
[0.427s] Level 1:colcon.colcon_core.package_identification:_identify(src) by extensions ['cmake', 'python']
[0.427s] Level 1:colcon.colcon_core.package_identification:_identify(src) by extension 'cmake'
[0.427s] Level 1:colcon.colcon_core.package_identification:_identify(src) by extension 'python'
[0.427s] Level 1:colcon.colcon_core.package_identification:_identify(src) by extensions ['python_setup_py']
[0.427s] Level 1:colcon.colcon_core.package_identification:_identify(src) by extension 'python_setup_py'
[0.427s] Level 1:colcon.colcon_core.package_identification:_identify(src/amr-gazebo-pkg) by extensions ['ignore', 'ignore_ament_install']
[0.427s] Level 1:colcon.colcon_core.package_identification:_identify(src/amr-gazebo-pkg) by extension 'ignore'
[0.427s] Level 1:colcon.colcon_core.package_identification:_identify(src/amr-gazebo-pkg) by extension 'ignore_ament_install'
[0.427s] Level 1:colcon.colcon_core.package_identification:_identify(src/amr-gazebo-pkg) by extensions ['colcon_pkg']
[0.427s] Level 1:colcon.colcon_core.package_identification:_identify(src/amr-gazebo-pkg) by extension 'colcon_pkg'
[0.427s] Level 1:colcon.colcon_core.package_identification:_identify(src/amr-gazebo-pkg) by extensions ['colcon_meta']
[0.427s] Level 1:colcon.colcon_core.package_identification:_identify(src/amr-gazebo-pkg) by extension 'colcon_meta'
[0.428s] Level 1:colcon.colcon_core.package_identification:_identify(src/amr-gazebo-pkg) by extensions ['ros']
[0.428s] Level 1:colcon.colcon_core.package_identification:_identify(src/amr-gazebo-pkg) by extension 'ros'
[0.430s] DEBUG:colcon.colcon_core.package_identification:Package 'src/amr-gazebo-pkg' with type 'ros.ament_cmake' and name 'amr-gazebo-pkg'
[0.431s] Level 1:colcon.colcon_core.package_identification:_identify(src/amr-main-pkg) by extensions ['ignore', 'ignore_ament_install']
[0.431s] Level 1:colcon.colcon_core.package_identification:_identify(src/amr-main-pkg) by extension 'ignore'
[0.431s] Level 1:colcon.colcon_core.package_identification:_identify(src/amr-main-pkg) by extension 'ignore_ament_install'
[0.431s] Level 1:colcon.colcon_core.package_identification:_identify(src/amr-main-pkg) by extensions ['colcon_pkg']
[0.431s] Level 1:colcon.colcon_core.package_identification:_identify(src/amr-main-pkg) by extension 'colcon_pkg'
[0.431s] Level 1:colcon.colcon_core.package_identification:_identify(src/amr-main-pkg) by extensions ['colcon_meta']
[0.431s] Level 1:colcon.colcon_core.package_identification:_identify(src/amr-main-pkg) by extension 'colcon_meta'
[0.431s] Level 1:colcon.colcon_core.package_identification:_identify(src/amr-main-pkg) by extensions ['ros']
[0.431s] Level 1:colcon.colcon_core.package_identification:_identify(src/amr-main-pkg) by extension 'ros'
[0.432s] DEBUG:colcon.colcon_core.package_identification:Package 'src/amr-main-pkg' with type 'ros.ament_cmake' and name 'amr-main-pkg'
[0.432s] Level 1:colcon.colcon_core.package_identification:_identify(src/amr-obstacle-pkg) by extensions ['ignore', 'ignore_ament_install']
[0.432s] Level 1:colcon.colcon_core.package_identification:_identify(src/amr-obstacle-pkg) by extension 'ignore'
[0.432s] Level 1:colcon.colcon_core.package_identification:_identify(src/amr-obstacle-pkg) by extension 'ignore_ament_install'
[0.432s] Level 1:colcon.colcon_core.package_identification:_identify(src/amr-obstacle-pkg) by extensions ['colcon_pkg']
[0.432s] Level 1:colcon.colcon_core.package_identification:_identify(src/amr-obstacle-pkg) by extension 'colcon_pkg'
[0.432s] Level 1:colcon.colcon_core.package_identification:_identify(src/amr-obstacle-pkg) by extensions ['colcon_meta']
[0.432s] Level 1:colcon.colcon_core.package_identification:_identify(src/amr-obstacle-pkg) by extension 'colcon_meta'
[0.433s] Level 1:colcon.colcon_core.package_identification:_identify(src/amr-obstacle-pkg) by extensions ['ros']
[0.433s] Level 1:colcon.colcon_core.package_identification:_identify(src/amr-obstacle-pkg) by extension 'ros'
[0.433s] DEBUG:colcon.colcon_core.package_identification:Package 'src/amr-obstacle-pkg' with type 'ros.ament_cmake' and name 'amr-obstacle-pkg'
[0.434s] Level 1:colcon.colcon_core.package_identification:_identify(src/amr_msg_interfaces) by extensions ['ignore', 'ignore_ament_install']
[0.434s] Level 1:colcon.colcon_core.package_identification:_identify(src/amr_msg_interfaces) by extension 'ignore'
[0.434s] Level 1:colcon.colcon_core.package_identification:_identify(src/amr_msg_interfaces) by extension 'ignore_ament_install'
[0.434s] Level 1:colcon.colcon_core.package_identification:_identify(src/amr_msg_interfaces) by extensions ['colcon_pkg']
[0.434s] Level 1:colcon.colcon_core.package_identification:_identify(src/amr_msg_interfaces) by extension 'colcon_pkg'
[0.434s] Level 1:colcon.colcon_core.package_identification:_identify(src/amr_msg_interfaces) by extensions ['colcon_meta']
[0.434s] Level 1:colcon.colcon_core.package_identification:_identify(src/amr_msg_interfaces) by extension 'colcon_meta'
[0.434s] Level 1:colcon.colcon_core.package_identification:_identify(src/amr_msg_interfaces) by extensions ['ros']
[0.434s] Level 1:colcon.colcon_core.package_identification:_identify(src/amr_msg_interfaces) by extension 'ros'
[0.435s] DEBUG:colcon.colcon_core.package_identification:Package 'src/amr_msg_interfaces' with type 'ros.ament_cmake' and name 'amr_msg_interfaces'
[0.435s] Level 1:colcon.colcon_core.package_discovery:discover_packages(recursive) using defaults
[0.435s] Level 1:colcon.colcon_core.package_discovery:discover_packages(ignore) discover
[0.435s] Level 1:colcon.colcon_core.package_discovery:discover_packages(ignore) using defaults
[0.435s] Level 1:colcon.colcon_core.package_discovery:discover_packages(path) discover
[0.435s] Level 1:colcon.colcon_core.package_discovery:discover_packages(path) using defaults
[0.450s] Level 1:colcon.colcon_core.package_discovery:discover_packages(prefix_path) check parameters
[0.450s] Level 1:colcon.colcon_core.package_discovery:discover_packages(prefix_path) discover
[0.452s] DEBUG:colcon.colcon_installed_package_information.package_discovery:Found 4 installed packages in /home/sangjun/camel-amr-projects-UI/install
[0.453s] DEBUG:colcon.colcon_installed_package_information.package_discovery:Found 344 installed packages in /opt/ros/foxy
[0.456s] Level 1:colcon.colcon_core.package_discovery:discover_packages(prefix_path) using defaults
[0.514s] Level 5:colcon.colcon_core.verb:set package 'amr-gazebo-pkg' build argument 'cmake_args' from command line to 'None'
[0.514s] Level 5:colcon.colcon_core.verb:set package 'amr-gazebo-pkg' build argument 'cmake_target' from command line to 'None'
[0.514s] Level 5:colcon.colcon_core.verb:set package 'amr-gazebo-pkg' build argument 'cmake_target_skip_unavailable' from command line to 'False'
[0.514s] Level 5:colcon.colcon_core.verb:set package 'amr-gazebo-pkg' build argument 'cmake_clean_cache' from command line to 'False'
[0.514s] Level 5:colcon.colcon_core.verb:set package 'amr-gazebo-pkg' build argument 'cmake_clean_first' from command line to 'False'
[0.514s] Level 5:colcon.colcon_core.verb:set package 'amr-gazebo-pkg' build argument 'cmake_force_configure' from command line to 'False'
[0.514s] Level 5:colcon.colcon_core.verb:set package 'amr-gazebo-pkg' build argument 'ament_cmake_args' from command line to 'None'
[0.514s] Level 5:colcon.colcon_core.verb:set package 'amr-gazebo-pkg' build argument 'catkin_cmake_args' from command line to 'None'
[0.515s] Level 5:colcon.colcon_core.verb:set package 'amr-gazebo-pkg' build argument 'catkin_skip_building_tests' from command line to 'False'
[0.515s] DEBUG:colcon.colcon_core.verb:Building package 'amr-gazebo-pkg' with the following arguments: {'ament_cmake_args': None, 'build_base': '/home/sangjun/camel-amr-projects-UI/build/amr-gazebo-pkg', 'catkin_cmake_args': None, 'catkin_skip_building_tests': False, 'cmake_args': None, 'cmake_clean_cache': False, 'cmake_clean_first': False, 'cmake_force_configure': False, 'cmake_target': None, 'cmake_target_skip_unavailable': False, 'install_base': '/home/sangjun/camel-amr-projects-UI/install/amr-gazebo-pkg', 'merge_install': False, 'path': '/home/sangjun/camel-amr-projects-UI/src/amr-gazebo-pkg', 'symlink_install': True, 'test_result_base': None}
[0.515s] Level 5:colcon.colcon_core.verb:set package 'amr-obstacle-pkg' build argument 'cmake_args' from command line to 'None'
[0.515s] Level 5:colcon.colcon_core.verb:set package 'amr-obstacle-pkg' build argument 'cmake_target' from command line to 'None'
[0.515s] Level 5:colcon.colcon_core.verb:set package 'amr-obstacle-pkg' build argument 'cmake_target_skip_unavailable' from command line to 'False'
[0.515s] Level 5:colcon.colcon_core.verb:set package 'amr-obstacle-pkg' build argument 'cmake_clean_cache' from command line to 'False'
[0.515s] Level 5:colcon.colcon_core.verb:set package 'amr-obstacle-pkg' build argument 'cmake_clean_first' from command line to 'False'
[0.515s] Level 5:colcon.colcon_core.verb:set package 'amr-obstacle-pkg' build argument 'cmake_force_configure' from command line to 'False'
[0.515s] Level 5:colcon.colcon_core.verb:set package 'amr-obstacle-pkg' build argument 'ament_cmake_args' from command line to 'None'
[0.515s] Level 5:colcon.colcon_core.verb:set package 'amr-obstacle-pkg' build argument 'catkin_cmake_args' from command line to 'None'
[0.515s] Level 5:colcon.colcon_core.verb:set package 'amr-obstacle-pkg' build argument 'catkin_skip_building_tests' from command line to 'False'
[0.515s] DEBUG:colcon.colcon_core.verb:Building package 'amr-obstacle-pkg' with the following arguments: {'ament_cmake_args': None, 'build_base': '/home/sangjun/camel-amr-projects-UI/build/amr-obstacle-pkg', 'catkin_cmake_args': None, 'catkin_skip_building_tests': False, 'cmake_args': None, 'cmake_clean_cache': False, 'cmake_clean_first': False, 'cmake_force_configure': False, 'cmake_target': None, 'cmake_target_skip_unavailable': False, 'install_base': '/home/sangjun/camel-amr-projects-UI/install/amr-obstacle-pkg', 'merge_install': False, 'path': '/home/sangjun/camel-amr-projects-UI/src/amr-obstacle-pkg', 'symlink_install': True, 'test_result_base': None}
[0.516s] Level 5:colcon.colcon_core.verb:set package 'amr_msg_interfaces' build argument 'cmake_args' from command line to 'None'
[0.516s] Level 5:colcon.colcon_core.verb:set package 'amr_msg_interfaces' build argument 'cmake_target' from command line to 'None'
[0.516s] Level 5:colcon.colcon_core.verb:set package 'amr_msg_interfaces' build argument 'cmake_target_skip_unavailable' from command line to 'False'
[0.516s] Level 5:colcon.colcon_core.verb:set package 'amr_msg_interfaces' build argument 'cmake_clean_cache' from command line to 'False'
[0.516s] Level 5:colcon.colcon_core.verb:set package 'amr_msg_interfaces' build argument 'cmake_clean_first' from command line to 'False'
[0.516s] Level 5:colcon.colcon_core.verb:set package 'amr_msg_interfaces' build argument 'cmake_force_configure' from command line to 'False'
[0.516s] Level 5:colcon.colcon_core.verb:set package 'amr_msg_interfaces' build argument 'ament_cmake_args' from command line to 'None'
[0.516s] Level 5:colcon.colcon_core.verb:set package 'amr_msg_interfaces' build argument 'catkin_cmake_args' from command line to 'None'
[0.516s] Level 5:colcon.colcon_core.verb:set package 'amr_msg_interfaces' build argument 'catkin_skip_building_tests' from command line to 'False'
[0.516s] DEBUG:colcon.colcon_core.verb:Building package 'amr_msg_interfaces' with the following arguments: {'ament_cmake_args': None, 'build_base': '/home/sangjun/camel-amr-projects-UI/build/amr_msg_interfaces', 'catkin_cmake_args': None, 'catkin_skip_building_tests': False, 'cmake_args': None, 'cmake_clean_cache': False, 'cmake_clean_first': False, 'cmake_force_configure': False, 'cmake_target': None, 'cmake_target_skip_unavailable': False, 'install_base': '/home/sangjun/camel-amr-projects-UI/install/amr_msg_interfaces', 'merge_install': False, 'path': '/home/sangjun/camel-amr-projects-UI/src/amr_msg_interfaces', 'symlink_install': True, 'test_result_base': None}
[0.517s] Level 5:colcon.colcon_core.verb:set package 'amr-main-pkg' build argument 'cmake_args' from command line to 'None'
[0.517s] Level 5:colcon.colcon_core.verb:set package 'amr-main-pkg' build argument 'cmake_target' from command line to 'None'
[0.517s] Level 5:colcon.colcon_core.verb:set package 'amr-main-pkg' build argument 'cmake_target_skip_unavailable' from command line to 'False'
[0.517s] Level 5:colcon.colcon_core.verb:set package 'amr-main-pkg' build argument 'cmake_clean_cache' from command line to 'False'
[0.517s] Level 5:colcon.colcon_core.verb:set package 'amr-main-pkg' build argument 'cmake_clean_first' from command line to 'False'
[0.517s] Level 5:colcon.colcon_core.verb:set package 'amr-main-pkg' build argument 'cmake_force_configure' from command line to 'False'
[0.517s] Level 5:colcon.colcon_core.verb:set package 'amr-main-pkg' build argument 'ament_cmake_args' from command line to 'None'
[0.517s] Level 5:colcon.colcon_core.verb:set package 'amr-main-pkg' build argument 'catkin_cmake_args' from command line to 'None'
[0.517s] Level 5:colcon.colcon_core.verb:set package 'amr-main-pkg' build argument 'catkin_skip_building_tests' from command line to 'False'
[0.517s] DEBUG:colcon.colcon_core.verb:Building package 'amr-main-pkg' with the following arguments: {'ament_cmake_args': None, 'build_base': '/home/sangjun/camel-amr-projects-UI/build/amr-main-pkg', 'catkin_cmake_args': None, 'catkin_skip_building_tests': False, 'cmake_args': None, 'cmake_clean_cache': False, 'cmake_clean_first': False, 'cmake_force_configure': False, 'cmake_target': None, 'cmake_target_skip_unavailable': False, 'install_base': '/home/sangjun/camel-amr-projects-UI/install/amr-main-pkg', 'merge_install': False, 'path': '/home/sangjun/camel-amr-projects-UI/src/amr-main-pkg', 'symlink_install': True, 'test_result_base': None}
[0.518s] INFO:colcon.colcon_core.executor:Executing jobs using 'parallel' executor
[0.521s] DEBUG:colcon.colcon_parallel_executor.executor.parallel:run_until_complete
[0.521s] INFO:colcon.colcon_ros.task.ament_cmake.build:Building ROS package in '/home/sangjun/camel-amr-projects-UI/src/amr_msg_interfaces' with build type 'ament_cmake'
[0.521s] INFO:colcon.colcon_cmake.task.cmake.build:Building CMake package in '/home/sangjun/camel-amr-projects-UI/src/amr_msg_interfaces'
[0.525s] INFO:colcon.colcon_core.plugin_system:Skipping extension 'colcon_core.shell.bat': Not used on non-Windows systems
[0.525s] INFO:colcon.colcon_core.shell:Skip shell extension 'powershell' for command environment: Not usable outside of PowerShell
[0.525s] DEBUG:colcon.colcon_core.shell:Skip shell extension 'dsv' for command environment
[0.528s] DEBUG:colcon.colcon_core.shell:Ignoring prefix path '/home/sangjun/catkin_ws/devel'
[0.529s] DEBUG:colcon.colcon_core.shell:Ignoring prefix path '/opt/ros/noetic'
[0.531s] INFO:colcon.colcon_ros.task.ament_cmake.build:Building ROS package in '/home/sangjun/camel-amr-projects-UI/src/amr-gazebo-pkg' with build type 'ament_cmake'
[0.531s] INFO:colcon.colcon_cmake.task.cmake.build:Building CMake package in '/home/sangjun/camel-amr-projects-UI/src/amr-gazebo-pkg'
[0.532s] INFO:colcon.colcon_core.shell:Skip shell extension 'powershell' for command environment: Not usable outside of PowerShell
[0.532s] DEBUG:colcon.colcon_core.shell:Skip shell extension 'dsv' for command environment
[0.536s] DEBUG:colcon.colcon_core.shell:Ignoring prefix path '/home/sangjun/catkin_ws/devel'
[0.537s] DEBUG:colcon.colcon_core.shell:Ignoring prefix path '/opt/ros/noetic'
[0.539s] INFO:colcon.colcon_ros.task.ament_cmake.build:Building ROS package in '/home/sangjun/camel-amr-projects-UI/src/amr-obstacle-pkg' with build type 'ament_cmake'
[0.539s] INFO:colcon.colcon_cmake.task.cmake.build:Building CMake package in '/home/sangjun/camel-amr-projects-UI/src/amr-obstacle-pkg'
[0.540s] INFO:colcon.colcon_core.shell:Skip shell extension 'powershell' for command environment: Not usable outside of PowerShell
[0.540s] DEBUG:colcon.colcon_core.shell:Skip shell extension 'dsv' for command environment
[0.543s] DEBUG:colcon.colcon_core.shell:Ignoring prefix path '/home/sangjun/catkin_ws/devel'
[0.544s] DEBUG:colcon.colcon_core.shell:Ignoring prefix path '/opt/ros/noetic'
[0.552s] DEBUG:colcon.colcon_core.event_handler.log_command:Invoking command in '/home/sangjun/camel-amr-projects-UI/build/amr_msg_interfaces': CMAKE_PREFIX_PATH=/home/sangjun/camel-amr-projects-UI/install/amr-main-pkg:/home/sangjun/camel-amr-projects-UI/install/amr_msg_interfaces:/home/sangjun/camel-amr-projects-UI/install/amr-obstacle-pkg:/home/sangjun/camel-amr-projects-UI/install/amr-gazebo-pkg:/opt/ros/foxy:/home/sangjun/catkin_ws/devel:/opt/ros/noetic /usr/local/bin/cmake --build /home/sangjun/camel-amr-projects-UI/build/amr_msg_interfaces -- -j6 -l6
[0.557s] DEBUG:colcon.colcon_core.event_handler.log_command:Invoking command in '/home/sangjun/camel-amr-projects-UI/build/amr-gazebo-pkg': CMAKE_PREFIX_PATH=/home/sangjun/camel-amr-projects-UI/install/amr-main-pkg:/home/sangjun/camel-amr-projects-UI/install/amr_msg_interfaces:/home/sangjun/camel-amr-projects-UI/install/amr-obstacle-pkg:/home/sangjun/camel-amr-projects-UI/install/amr-gazebo-pkg:/opt/ros/foxy:/home/sangjun/catkin_ws/devel:/opt/ros/noetic /usr/local/bin/cmake --build /home/sangjun/camel-amr-projects-UI/build/amr-gazebo-pkg -- -j6 -l6
[0.561s] DEBUG:colcon.colcon_core.event_handler.log_command:Invoking command in '/home/sangjun/camel-amr-projects-UI/build/amr-obstacle-pkg': CMAKE_PREFIX_PATH=/home/sangjun/camel-amr-projects-UI/install/amr-main-pkg:/home/sangjun/camel-amr-projects-UI/install/amr_msg_interfaces:/home/sangjun/camel-amr-projects-UI/install/amr-obstacle-pkg:/home/sangjun/camel-amr-projects-UI/install/amr-gazebo-pkg:/opt/ros/foxy:/home/sangjun/catkin_ws/devel:/opt/ros/noetic /usr/local/bin/cmake --build /home/sangjun/camel-amr-projects-UI/build/amr-obstacle-pkg -- -j6 -l6
[0.572s] DEBUG:colcon.colcon_core.event_handler.log_command:Invoked command in '/home/sangjun/camel-amr-projects-UI/build/amr-gazebo-pkg' returned '0': CMAKE_PREFIX_PATH=/home/sangjun/camel-amr-projects-UI/install/amr-main-pkg:/home/sangjun/camel-amr-projects-UI/install/amr_msg_interfaces:/home/sangjun/camel-amr-projects-UI/install/amr-obstacle-pkg:/home/sangjun/camel-amr-projects-UI/install/amr-gazebo-pkg:/opt/ros/foxy:/home/sangjun/catkin_ws/devel:/opt/ros/noetic /usr/local/bin/cmake --build /home/sangjun/camel-amr-projects-UI/build/amr-gazebo-pkg -- -j6 -l6
[0.596s] DEBUG:colcon.colcon_core.event_handler.log_command:Invoking command in '/home/sangjun/camel-amr-projects-UI/build/amr-gazebo-pkg': CMAKE_PREFIX_PATH=/home/sangjun/camel-amr-projects-UI/install/amr-main-pkg:/home/sangjun/camel-amr-projects-UI/install/amr_msg_interfaces:/home/sangjun/camel-amr-projects-UI/install/amr-obstacle-pkg:/home/sangjun/camel-amr-projects-UI/install/amr-gazebo-pkg:/opt/ros/foxy:/home/sangjun/catkin_ws/devel:/opt/ros/noetic /usr/local/bin/cmake --install /home/sangjun/camel-amr-projects-UI/build/amr-gazebo-pkg
[0.597s] DEBUG:colcon.colcon_core.event_handler.log_command:Invoked command in '/home/sangjun/camel-amr-projects-UI/build/amr-obstacle-pkg' returned '0': CMAKE_PREFIX_PATH=/home/sangjun/camel-amr-projects-UI/install/amr-main-pkg:/home/sangjun/camel-amr-projects-UI/install/amr_msg_interfaces:/home/sangjun/camel-amr-projects-UI/install/amr-obstacle-pkg:/home/sangjun/camel-amr-projects-UI/install/amr-gazebo-pkg:/opt/ros/foxy:/home/sangjun/catkin_ws/devel:/opt/ros/noetic /usr/local/bin/cmake --build /home/sangjun/camel-amr-projects-UI/build/amr-obstacle-pkg -- -j6 -l6
[0.604s] Level 1:colcon.colcon_core.environment:create_environment_scripts_only(amr-gazebo-pkg)
[0.605s] DEBUG:colcon.colcon_core.event_handler.log_command:Invoked command in '/home/sangjun/camel-amr-projects-UI/build/amr-gazebo-pkg' returned '0': CMAKE_PREFIX_PATH=/home/sangjun/camel-amr-projects-UI/install/amr-main-pkg:/home/sangjun/camel-amr-projects-UI/install/amr_msg_interfaces:/home/sangjun/camel-amr-projects-UI/install/amr-obstacle-pkg:/home/sangjun/camel-amr-projects-UI/install/amr-gazebo-pkg:/opt/ros/foxy:/home/sangjun/catkin_ws/devel:/opt/ros/noetic /usr/local/bin/cmake --install /home/sangjun/camel-amr-projects-UI/build/amr-gazebo-pkg
[0.610s] Level 1:colcon.colcon_core.environment:checking '/home/sangjun/camel-amr-projects-UI/install/amr-gazebo-pkg' for CMake module files
[0.610s] Level 1:colcon.colcon_core.environment:checking '/home/sangjun/camel-amr-projects-UI/install/amr-gazebo-pkg' for CMake config files
[0.611s] Level 1:colcon.colcon_core.shell:create_environment_hook('amr-gazebo-pkg', 'cmake_prefix_path')
[0.612s] INFO:colcon.colcon_core.shell:Creating environment hook '/home/sangjun/camel-amr-projects-UI/install/amr-gazebo-pkg/share/amr-gazebo-pkg/hook/cmake_prefix_path.ps1'
[0.613s] INFO:colcon.colcon_core.shell:Creating environment descriptor '/home/sangjun/camel-amr-projects-UI/install/amr-gazebo-pkg/share/amr-gazebo-pkg/hook/cmake_prefix_path.dsv'
[0.613s] INFO:colcon.colcon_core.shell:Creating environment hook '/home/sangjun/camel-amr-projects-UI/install/amr-gazebo-pkg/share/amr-gazebo-pkg/hook/cmake_prefix_path.sh'
[0.614s] Level 1:colcon.colcon_core.environment:checking '/home/sangjun/camel-amr-projects-UI/install/amr-gazebo-pkg/bin'
[0.614s] Level 1:colcon.colcon_core.environment:checking '/home/sangjun/camel-amr-projects-UI/install/amr-gazebo-pkg/lib/pkgconfig/amr-gazebo-pkg.pc'
[0.614s] Level 1:colcon.colcon_core.environment:checking '/home/sangjun/camel-amr-projects-UI/install/amr-gazebo-pkg/lib/python3.8/site-packages'
[0.614s] Level 1:colcon.colcon_core.environment:checking '/home/sangjun/camel-amr-projects-UI/install/amr-gazebo-pkg/bin'
[0.615s] INFO:colcon.colcon_core.shell:Creating package script '/home/sangjun/camel-amr-projects-UI/install/amr-gazebo-pkg/share/amr-gazebo-pkg/package.ps1'
[0.616s] INFO:colcon.colcon_core.shell:Creating package descriptor '/home/sangjun/camel-amr-projects-UI/install/amr-gazebo-pkg/share/amr-gazebo-pkg/package.dsv'
[0.616s] INFO:colcon.colcon_core.shell:Creating package script '/home/sangjun/camel-amr-projects-UI/install/amr-gazebo-pkg/share/amr-gazebo-pkg/package.sh'
[0.617s] INFO:colcon.colcon_core.shell:Creating package script '/home/sangjun/camel-amr-projects-UI/install/amr-gazebo-pkg/share/amr-gazebo-pkg/package.bash'
[0.617s] INFO:colcon.colcon_core.shell:Creating package script '/home/sangjun/camel-amr-projects-UI/install/amr-gazebo-pkg/share/amr-gazebo-pkg/package.zsh'
[0.618s] Level 1:colcon.colcon_core.environment:create_file_with_runtime_dependencies(/home/sangjun/camel-amr-projects-UI/install/amr-gazebo-pkg/share/colcon-core/packages/amr-gazebo-pkg)
[0.621s] DEBUG:colcon.colcon_core.event_handler.log_command:Invoking command in '/home/sangjun/camel-amr-projects-UI/build/amr-obstacle-pkg': CMAKE_PREFIX_PATH=/home/sangjun/camel-amr-projects-UI/install/amr-main-pkg:/home/sangjun/camel-amr-projects-UI/install/amr_msg_interfaces:/home/sangjun/camel-amr-projects-UI/install/amr-obstacle-pkg:/home/sangjun/camel-amr-projects-UI/install/amr-gazebo-pkg:/opt/ros/foxy:/home/sangjun/catkin_ws/devel:/opt/ros/noetic /usr/local/bin/cmake --install /home/sangjun/camel-amr-projects-UI/build/amr-obstacle-pkg
[0.634s] Level 1:colcon.colcon_core.environment:create_environment_scripts_only(amr-gazebo-pkg)
[0.635s] Level 1:colcon.colcon_core.environment:checking '/home/sangjun/camel-amr-projects-UI/install/amr-gazebo-pkg' for CMake module files
[0.636s] Level 1:colcon.colcon_core.environment:checking '/home/sangjun/camel-amr-projects-UI/install/amr-gazebo-pkg' for CMake config files
[0.637s] Level 1:colcon.colcon_core.shell:create_environment_hook('amr-gazebo-pkg', 'cmake_prefix_path')
[0.638s] INFO:colcon.colcon_core.shell:Creating environment hook '/home/sangjun/camel-amr-projects-UI/install/amr-gazebo-pkg/share/amr-gazebo-pkg/hook/cmake_prefix_path.ps1'
[0.638s] INFO:colcon.colcon_core.shell:Creating environment descriptor '/home/sangjun/camel-amr-projects-UI/install/amr-gazebo-pkg/share/amr-gazebo-pkg/hook/cmake_prefix_path.dsv'
[0.639s] INFO:colcon.colcon_core.shell:Creating environment hook '/home/sangjun/camel-amr-projects-UI/install/amr-gazebo-pkg/share/amr-gazebo-pkg/hook/cmake_prefix_path.sh'
[0.639s] Level 1:colcon.colcon_core.environment:checking '/home/sangjun/camel-amr-projects-UI/install/amr-gazebo-pkg/bin'
[0.639s] Level 1:colcon.colcon_core.environment:checking '/home/sangjun/camel-amr-projects-UI/install/amr-gazebo-pkg/lib/pkgconfig/amr-gazebo-pkg.pc'
[0.639s] Level 1:colcon.colcon_core.environment:checking '/home/sangjun/camel-amr-projects-UI/install/amr-gazebo-pkg/lib/python3.8/site-packages'
[0.639s] Level 1:colcon.colcon_core.environment:checking '/home/sangjun/camel-amr-projects-UI/install/amr-gazebo-pkg/bin'
[0.641s] INFO:colcon.colcon_core.shell:Creating package script '/home/sangjun/camel-amr-projects-UI/install/amr-gazebo-pkg/share/amr-gazebo-pkg/package.ps1'
[0.641s] INFO:colcon.colcon_core.shell:Creating package descriptor '/home/sangjun/camel-amr-projects-UI/install/amr-gazebo-pkg/share/amr-gazebo-pkg/package.dsv'
[0.642s] INFO:colcon.colcon_core.shell:Creating package script '/home/sangjun/camel-amr-projects-UI/install/amr-gazebo-pkg/share/amr-gazebo-pkg/package.sh'
[0.642s] INFO:colcon.colcon_core.shell:Creating package script '/home/sangjun/camel-amr-projects-UI/install/amr-gazebo-pkg/share/amr-gazebo-pkg/package.bash'
[0.642s] INFO:colcon.colcon_core.shell:Creating package script '/home/sangjun/camel-amr-projects-UI/install/amr-gazebo-pkg/share/amr-gazebo-pkg/package.zsh'
[0.643s] Level 1:colcon.colcon_core.environment:create_file_with_runtime_dependencies(/home/sangjun/camel-amr-projects-UI/install/amr-gazebo-pkg/share/colcon-core/packages/amr-gazebo-pkg)
[0.644s] Level 1:colcon.colcon_core.environment:create_environment_scripts_only(amr-obstacle-pkg)
[0.645s] Level 1:colcon.colcon_core.environment:checking '/home/sangjun/camel-amr-projects-UI/install/amr-obstacle-pkg' for CMake module files
[0.646s] DEBUG:colcon.colcon_core.event_handler.log_command:Invoked command in '/home/sangjun/camel-amr-projects-UI/build/amr-obstacle-pkg' returned '0': CMAKE_PREFIX_PATH=/home/sangjun/camel-amr-projects-UI/install/amr-main-pkg:/home/sangjun/camel-amr-projects-UI/install/amr_msg_interfaces:/home/sangjun/camel-amr-projects-UI/install/amr-obstacle-pkg:/home/sangjun/camel-amr-projects-UI/install/amr-gazebo-pkg:/opt/ros/foxy:/home/sangjun/catkin_ws/devel:/opt/ros/noetic /usr/local/bin/cmake --install /home/sangjun/camel-amr-projects-UI/build/amr-obstacle-pkg
[0.646s] Level 1:colcon.colcon_core.environment:checking '/home/sangjun/camel-amr-projects-UI/install/amr-obstacle-pkg' for CMake config files
[0.647s] Level 1:colcon.colcon_core.shell:create_environment_hook('amr-obstacle-pkg', 'cmake_prefix_path')
[0.648s] INFO:colcon.colcon_core.shell:Creating environment hook '/home/sangjun/camel-amr-projects-UI/install/amr-obstacle-pkg/share/amr-obstacle-pkg/hook/cmake_prefix_path.ps1'
[0.648s] INFO:colcon.colcon_core.shell:Creating environment descriptor '/home/sangjun/camel-amr-projects-UI/install/amr-obstacle-pkg/share/amr-obstacle-pkg/hook/cmake_prefix_path.dsv'
[0.648s] INFO:colcon.colcon_core.shell:Creating environment hook '/home/sangjun/camel-amr-projects-UI/install/amr-obstacle-pkg/share/amr-obstacle-pkg/hook/cmake_prefix_path.sh'
[0.649s] Level 1:colcon.colcon_core.environment:checking '/home/sangjun/camel-amr-projects-UI/install/amr-obstacle-pkg/lib'
[0.649s] Level 1:colcon.colcon_core.environment:checking '/home/sangjun/camel-amr-projects-UI/install/amr-obstacle-pkg/bin'
[0.649s] Level 1:colcon.colcon_core.environment:checking '/home/sangjun/camel-amr-projects-UI/install/amr-obstacle-pkg/lib/pkgconfig/amr-obstacle-pkg.pc'
[0.649s] Level 1:colcon.colcon_core.environment:checking '/home/sangjun/camel-amr-projects-UI/install/amr-obstacle-pkg/lib/python3.8/site-packages'
[0.650s] Level 1:colcon.colcon_core.environment:checking '/home/sangjun/camel-amr-projects-UI/install/amr-obstacle-pkg/bin'
[0.651s] INFO:colcon.colcon_core.shell:Creating package script '/home/sangjun/camel-amr-projects-UI/install/amr-obstacle-pkg/share/amr-obstacle-pkg/package.ps1'
[0.651s] INFO:colcon.colcon_core.shell:Creating package descriptor '/home/sangjun/camel-amr-projects-UI/install/amr-obstacle-pkg/share/amr-obstacle-pkg/package.dsv'
[0.652s] INFO:colcon.colcon_core.shell:Creating package script '/home/sangjun/camel-amr-projects-UI/install/amr-obstacle-pkg/share/amr-obstacle-pkg/package.sh'
[0.652s] INFO:colcon.colcon_core.shell:Creating package script '/home/sangjun/camel-amr-projects-UI/install/amr-obstacle-pkg/share/amr-obstacle-pkg/package.bash'
[0.652s] INFO:colcon.colcon_core.shell:Creating package script '/home/sangjun/camel-amr-projects-UI/install/amr-obstacle-pkg/share/amr-obstacle-pkg/package.zsh'
[0.652s] Level 1:colcon.colcon_core.environment:create_file_with_runtime_dependencies(/home/sangjun/camel-amr-projects-UI/install/amr-obstacle-pkg/share/colcon-core/packages/amr-obstacle-pkg)
[0.656s] DEBUG:colcon.colcon_core.event_handler.log_command:Invoked command in '/home/sangjun/camel-amr-projects-UI/build/amr_msg_interfaces' returned '0': CMAKE_PREFIX_PATH=/home/sangjun/camel-amr-projects-UI/install/amr-main-pkg:/home/sangjun/camel-amr-projects-UI/install/amr_msg_interfaces:/home/sangjun/camel-amr-projects-UI/install/amr-obstacle-pkg:/home/sangjun/camel-amr-projects-UI/install/amr-gazebo-pkg:/opt/ros/foxy:/home/sangjun/catkin_ws/devel:/opt/ros/noetic /usr/local/bin/cmake --build /home/sangjun/camel-amr-projects-UI/build/amr_msg_interfaces -- -j6 -l6
[0.673s] Level 1:colcon.colcon_core.environment:create_environment_scripts_only(amr-obstacle-pkg)
[0.674s] Level 1:colcon.colcon_core.environment:checking '/home/sangjun/camel-amr-projects-UI/install/amr-obstacle-pkg' for CMake module files
[0.675s] Level 1:colcon.colcon_core.environment:checking '/home/sangjun/camel-amr-projects-UI/install/amr-obstacle-pkg' for CMake config files
[0.675s] Level 1:colcon.colcon_core.shell:create_environment_hook('amr-obstacle-pkg', 'cmake_prefix_path')
[0.676s] INFO:colcon.colcon_core.shell:Creating environment hook '/home/sangjun/camel-amr-projects-UI/install/amr-obstacle-pkg/share/amr-obstacle-pkg/hook/cmake_prefix_path.ps1'
[0.677s] INFO:colcon.colcon_core.shell:Creating environment descriptor '/home/sangjun/camel-amr-projects-UI/install/amr-obstacle-pkg/share/amr-obstacle-pkg/hook/cmake_prefix_path.dsv'
[0.677s] INFO:colcon.colcon_core.shell:Creating environment hook '/home/sangjun/camel-amr-projects-UI/install/amr-obstacle-pkg/share/amr-obstacle-pkg/hook/cmake_prefix_path.sh'
[0.677s] Level 1:colcon.colcon_core.environment:checking '/home/sangjun/camel-amr-projects-UI/install/amr-obstacle-pkg/lib'
[0.677s] Level 1:colcon.colcon_core.environment:checking '/home/sangjun/camel-amr-projects-UI/install/amr-obstacle-pkg/bin'
[0.677s] Level 1:colcon.colcon_core.environment:checking '/home/sangjun/camel-amr-projects-UI/install/amr-obstacle-pkg/lib/pkgconfig/amr-obstacle-pkg.pc'
[0.678s] Level 1:colcon.colcon_core.environment:checking '/home/sangjun/camel-amr-projects-UI/install/amr-obstacle-pkg/lib/python3.8/site-packages'
[0.678s] Level 1:colcon.colcon_core.environment:checking '/home/sangjun/camel-amr-projects-UI/install/amr-obstacle-pkg/bin'
[0.679s] INFO:colcon.colcon_core.shell:Creating package script '/home/sangjun/camel-amr-projects-UI/install/amr-obstacle-pkg/share/amr-obstacle-pkg/package.ps1'
[0.679s] INFO:colcon.colcon_core.shell:Creating package descriptor '/home/sangjun/camel-amr-projects-UI/install/amr-obstacle-pkg/share/amr-obstacle-pkg/package.dsv'
[0.679s] INFO:colcon.colcon_core.shell:Creating package script '/home/sangjun/camel-amr-projects-UI/install/amr-obstacle-pkg/share/amr-obstacle-pkg/package.sh'
[0.680s] INFO:colcon.colcon_core.shell:Creating package script '/home/sangjun/camel-amr-projects-UI/install/amr-obstacle-pkg/share/amr-obstacle-pkg/package.bash'
[0.680s] INFO:colcon.colcon_core.shell:Creating package script '/home/sangjun/camel-amr-projects-UI/install/amr-obstacle-pkg/share/amr-obstacle-pkg/package.zsh'
[0.680s] Level 1:colcon.colcon_core.environment:create_file_with_runtime_dependencies(/home/sangjun/camel-amr-projects-UI/install/amr-obstacle-pkg/share/colcon-core/packages/amr-obstacle-pkg)
[0.700s] DEBUG:colcon.colcon_core.event_handler.log_command:Invoking command in '/home/sangjun/camel-amr-projects-UI/build/amr_msg_interfaces': CMAKE_PREFIX_PATH=/home/sangjun/camel-amr-projects-UI/install/amr-main-pkg:/home/sangjun/camel-amr-projects-UI/install/amr_msg_interfaces:/home/sangjun/camel-amr-projects-UI/install/amr-obstacle-pkg:/home/sangjun/camel-amr-projects-UI/install/amr-gazebo-pkg:/opt/ros/foxy:/home/sangjun/catkin_ws/devel:/opt/ros/noetic /usr/local/bin/cmake --install /home/sangjun/camel-amr-projects-UI/build/amr_msg_interfaces
[0.748s] Level 1:colcon.colcon_core.environment:create_environment_scripts_only(amr_msg_interfaces)
[0.751s] Level 1:colcon.colcon_core.environment:checking '/home/sangjun/camel-amr-projects-UI/install/amr_msg_interfaces' for CMake module files
[0.752s] DEBUG:colcon.colcon_core.event_handler.log_command:Invoked command in '/home/sangjun/camel-amr-projects-UI/build/amr_msg_interfaces' returned '0': CMAKE_PREFIX_PATH=/home/sangjun/camel-amr-projects-UI/install/amr-main-pkg:/home/sangjun/camel-amr-projects-UI/install/amr_msg_interfaces:/home/sangjun/camel-amr-projects-UI/install/amr-obstacle-pkg:/home/sangjun/camel-amr-projects-UI/install/amr-gazebo-pkg:/opt/ros/foxy:/home/sangjun/catkin_ws/devel:/opt/ros/noetic /usr/local/bin/cmake --install /home/sangjun/camel-amr-projects-UI/build/amr_msg_interfaces
[0.752s] Level 1:colcon.colcon_core.environment:checking '/home/sangjun/camel-amr-projects-UI/install/amr_msg_interfaces' for CMake config files
[0.753s] Level 1:colcon.colcon_core.shell:create_environment_hook('amr_msg_interfaces', 'cmake_prefix_path')
[0.754s] INFO:colcon.colcon_core.shell:Creating environment hook '/home/sangjun/camel-amr-projects-UI/install/amr_msg_interfaces/share/amr_msg_interfaces/hook/cmake_prefix_path.ps1'
[0.754s] INFO:colcon.colcon_core.shell:Creating environment descriptor '/home/sangjun/camel-amr-projects-UI/install/amr_msg_interfaces/share/amr_msg_interfaces/hook/cmake_prefix_path.dsv'
[0.754s] INFO:colcon.colcon_core.shell:Creating environment hook '/home/sangjun/camel-amr-projects-UI/install/amr_msg_interfaces/share/amr_msg_interfaces/hook/cmake_prefix_path.sh'
[0.755s] Level 1:colcon.colcon_core.environment:checking '/home/sangjun/camel-amr-projects-UI/install/amr_msg_interfaces/lib'
[0.755s] Level 1:colcon.colcon_core.shell:create_environment_hook('amr_msg_interfaces', 'ld_library_path_lib')
[0.756s] INFO:colcon.colcon_core.shell:Creating environment hook '/home/sangjun/camel-amr-projects-UI/install/amr_msg_interfaces/share/amr_msg_interfaces/hook/ld_library_path_lib.ps1'
[0.756s] INFO:colcon.colcon_core.shell:Creating environment descriptor '/home/sangjun/camel-amr-projects-UI/install/amr_msg_interfaces/share/amr_msg_interfaces/hook/ld_library_path_lib.dsv'
[0.756s] INFO:colcon.colcon_core.shell:Creating environment hook '/home/sangjun/camel-amr-projects-UI/install/amr_msg_interfaces/share/amr_msg_interfaces/hook/ld_library_path_lib.sh'
[0.756s] Level 1:colcon.colcon_core.environment:checking '/home/sangjun/camel-amr-projects-UI/install/amr_msg_interfaces/bin'
[0.756s] Level 1:colcon.colcon_core.environment:checking '/home/sangjun/camel-amr-projects-UI/install/amr_msg_interfaces/lib/pkgconfig/amr_msg_interfaces.pc'
[0.757s] Level 1:colcon.colcon_core.environment:checking '/home/sangjun/camel-amr-projects-UI/install/amr_msg_interfaces/lib/python3.8/site-packages'
[0.757s] Level 1:colcon.colcon_core.shell:create_environment_hook('amr_msg_interfaces', 'pythonpath')
[0.758s] INFO:colcon.colcon_core.shell:Creating environment hook '/home/sangjun/camel-amr-projects-UI/install/amr_msg_interfaces/share/amr_msg_interfaces/hook/pythonpath.ps1'
[0.758s] INFO:colcon.colcon_core.shell:Creating environment descriptor '/home/sangjun/camel-amr-projects-UI/install/amr_msg_interfaces/share/amr_msg_interfaces/hook/pythonpath.dsv'
[0.758s] INFO:colcon.colcon_core.shell:Creating environment hook '/home/sangjun/camel-amr-projects-UI/install/amr_msg_interfaces/share/amr_msg_interfaces/hook/pythonpath.sh'
[0.758s] Level 1:colcon.colcon_core.environment:checking '/home/sangjun/camel-amr-projects-UI/install/amr_msg_interfaces/bin'
[0.759s] INFO:colcon.colcon_core.shell:Creating package script '/home/sangjun/camel-amr-projects-UI/install/amr_msg_interfaces/share/amr_msg_interfaces/package.ps1'
[0.760s] INFO:colcon.colcon_core.shell:Creating package descriptor '/home/sangjun/camel-amr-projects-UI/install/amr_msg_interfaces/share/amr_msg_interfaces/package.dsv'
[0.760s] INFO:colcon.colcon_core.shell:Creating package script '/home/sangjun/camel-amr-projects-UI/install/amr_msg_interfaces/share/amr_msg_interfaces/package.sh'
[0.760s] INFO:colcon.colcon_core.shell:Creating package script '/home/sangjun/camel-amr-projects-UI/install/amr_msg_interfaces/share/amr_msg_interfaces/package.bash'
[0.760s] INFO:colcon.colcon_core.shell:Creating package script '/home/sangjun/camel-amr-projects-UI/install/amr_msg_interfaces/share/amr_msg_interfaces/package.zsh'
[0.761s] Level 1:colcon.colcon_core.environment:create_file_with_runtime_dependencies(/home/sangjun/camel-amr-projects-UI/install/amr_msg_interfaces/share/colcon-core/packages/amr_msg_interfaces)
[0.818s] Level 1:colcon.colcon_core.environment:create_environment_scripts_only(amr_msg_interfaces)
[0.821s] Level 1:colcon.colcon_core.environment:checking '/home/sangjun/camel-amr-projects-UI/install/amr_msg_interfaces' for CMake module files
[0.822s] Level 1:colcon.colcon_core.environment:checking '/home/sangjun/camel-amr-projects-UI/install/amr_msg_interfaces' for CMake config files
[0.823s] Level 1:colcon.colcon_core.shell:create_environment_hook('amr_msg_interfaces', 'cmake_prefix_path')
[0.824s] INFO:colcon.colcon_core.shell:Creating environment hook '/home/sangjun/camel-amr-projects-UI/install/amr_msg_interfaces/share/amr_msg_interfaces/hook/cmake_prefix_path.ps1'
[0.825s] INFO:colcon.colcon_core.shell:Creating environment descriptor '/home/sangjun/camel-amr-projects-UI/install/amr_msg_interfaces/share/amr_msg_interfaces/hook/cmake_prefix_path.dsv'
[0.825s] INFO:colcon.colcon_core.shell:Creating environment hook '/home/sangjun/camel-amr-projects-UI/install/amr_msg_interfaces/share/amr_msg_interfaces/hook/cmake_prefix_path.sh'
[0.826s] Level 1:colcon.colcon_core.environment:checking '/home/sangjun/camel-amr-projects-UI/install/amr_msg_interfaces/lib'
[0.826s] Level 1:colcon.colcon_core.shell:create_environment_hook('amr_msg_interfaces', 'ld_library_path_lib')
[0.827s] INFO:colcon.colcon_core.shell:Creating environment hook '/home/sangjun/camel-amr-projects-UI/install/amr_msg_interfaces/share/amr_msg_interfaces/hook/ld_library_path_lib.ps1'
[0.828s] INFO:colcon.colcon_core.shell:Creating environment descriptor '/home/sangjun/camel-amr-projects-UI/install/amr_msg_interfaces/share/amr_msg_interfaces/hook/ld_library_path_lib.dsv'
[0.828s] INFO:colcon.colcon_core.shell:Creating environment hook '/home/sangjun/camel-amr-projects-UI/install/amr_msg_interfaces/share/amr_msg_interfaces/hook/ld_library_path_lib.sh'
[0.828s] Level 1:colcon.colcon_core.environment:checking '/home/sangjun/camel-amr-projects-UI/install/amr_msg_interfaces/bin'
[0.828s] Level 1:colcon.colcon_core.environment:checking '/home/sangjun/camel-amr-projects-UI/install/amr_msg_interfaces/lib/pkgconfig/amr_msg_interfaces.pc'
[0.829s] Level 1:colcon.colcon_core.environment:checking '/home/sangjun/camel-amr-projects-UI/install/amr_msg_interfaces/lib/python3.8/site-packages'
[0.829s] Level 1:colcon.colcon_core.shell:create_environment_hook('amr_msg_interfaces', 'pythonpath')
[0.830s] INFO:colcon.colcon_core.shell:Creating environment hook '/home/sangjun/camel-amr-projects-UI/install/amr_msg_interfaces/share/amr_msg_interfaces/hook/pythonpath.ps1'
[0.830s] INFO:colcon.colcon_core.shell:Creating environment descriptor '/home/sangjun/camel-amr-projects-UI/install/amr_msg_interfaces/share/amr_msg_interfaces/hook/pythonpath.dsv'
[0.831s] INFO:colcon.colcon_core.shell:Creating environment hook '/home/sangjun/camel-amr-projects-UI/install/amr_msg_interfaces/share/amr_msg_interfaces/hook/pythonpath.sh'
[0.831s] Level 1:colcon.colcon_core.environment:checking '/home/sangjun/camel-amr-projects-UI/install/amr_msg_interfaces/bin'
[0.832s] INFO:colcon.colcon_core.shell:Creating package script '/home/sangjun/camel-amr-projects-UI/install/amr_msg_interfaces/share/amr_msg_interfaces/package.ps1'
[0.833s] INFO:colcon.colcon_core.shell:Creating package descriptor '/home/sangjun/camel-amr-projects-UI/install/amr_msg_interfaces/share/amr_msg_interfaces/package.dsv'
[0.833s] INFO:colcon.colcon_core.shell:Creating package script '/home/sangjun/camel-amr-projects-UI/install/amr_msg_interfaces/share/amr_msg_interfaces/package.sh'
[0.833s] INFO:colcon.colcon_core.shell:Creating package script '/home/sangjun/camel-amr-projects-UI/install/amr_msg_interfaces/share/amr_msg_interfaces/package.bash'
[0.833s] INFO:colcon.colcon_core.shell:Creating package script '/home/sangjun/camel-amr-projects-UI/install/amr_msg_interfaces/share/amr_msg_interfaces/package.zsh'
[0.834s] Level 1:colcon.colcon_core.environment:create_file_with_runtime_dependencies(/home/sangjun/camel-amr-projects-UI/install/amr_msg_interfaces/share/colcon-core/packages/amr_msg_interfaces)
[0.834s] INFO:colcon.colcon_ros.task.ament_cmake.build:Building ROS package in '/home/sangjun/camel-amr-projects-UI/src/amr-main-pkg' with build type 'ament_cmake'
[0.834s] INFO:colcon.colcon_cmake.task.cmake.build:Building CMake package in '/home/sangjun/camel-amr-projects-UI/src/amr-main-pkg'
[0.835s] INFO:colcon.colcon_core.shell:Skip shell extension 'powershell' for command environment: Not usable outside of PowerShell
[0.835s] DEBUG:colcon.colcon_core.shell:Skip shell extension 'dsv' for command environment
[0.841s] DEBUG:colcon.colcon_core.shell:Ignoring prefix path '/home/sangjun/catkin_ws/devel'
[0.841s] DEBUG:colcon.colcon_core.shell:Ignoring prefix path '/opt/ros/noetic'
[0.852s] DEBUG:colcon.colcon_core.event_handler.log_command:Invoking command in '/home/sangjun/camel-amr-projects-UI/build/amr-main-pkg': CMAKE_PREFIX_PATH=/home/sangjun/camel-amr-projects-UI/install/amr_msg_interfaces:/home/sangjun/camel-amr-projects-UI/install/amr-main-pkg:/home/sangjun/camel-amr-projects-UI/install/amr-obstacle-pkg:/home/sangjun/camel-amr-projects-UI/install/amr-gazebo-pkg:/opt/ros/foxy:/home/sangjun/catkin_ws/devel:/opt/ros/noetic /usr/local/bin/cmake --build /home/sangjun/camel-amr-projects-UI/build/amr-main-pkg -- -j6 -l6
[9.002s] DEBUG:colcon.colcon_core.event_handler.log_command:Invoked command in '/home/sangjun/camel-amr-projects-UI/build/amr-main-pkg' returned '0': CMAKE_PREFIX_PATH=/home/sangjun/camel-amr-projects-UI/install/amr_msg_interfaces:/home/sangjun/camel-amr-projects-UI/install/amr-main-pkg:/home/sangjun/camel-amr-projects-UI/install/amr-obstacle-pkg:/home/sangjun/camel-amr-projects-UI/install/amr-gazebo-pkg:/opt/ros/foxy:/home/sangjun/catkin_ws/devel:/opt/ros/noetic /usr/local/bin/cmake --build /home/sangjun/camel-amr-projects-UI/build/amr-main-pkg -- -j6 -l6
[9.049s] DEBUG:colcon.colcon_core.event_handler.log_command:Invoking command in '/home/sangjun/camel-amr-projects-UI/build/amr-main-pkg': CMAKE_PREFIX_PATH=/home/sangjun/camel-amr-projects-UI/install/amr_msg_interfaces:/home/sangjun/camel-amr-projects-UI/install/amr-main-pkg:/home/sangjun/camel-amr-projects-UI/install/amr-obstacle-pkg:/home/sangjun/camel-amr-projects-UI/install/amr-gazebo-pkg:/opt/ros/foxy:/home/sangjun/catkin_ws/devel:/opt/ros/noetic /usr/local/bin/cmake --install /home/sangjun/camel-amr-projects-UI/build/amr-main-pkg
[9.063s] Level 1:colcon.colcon_core.environment:create_environment_scripts_only(amr-main-pkg)
[9.065s] Level 1:colcon.colcon_core.environment:checking '/home/sangjun/camel-amr-projects-UI/install/amr-main-pkg' for CMake module files
[9.065s] DEBUG:colcon.colcon_core.event_handler.log_command:Invoked command in '/home/sangjun/camel-amr-projects-UI/build/amr-main-pkg' returned '0': CMAKE_PREFIX_PATH=/home/sangjun/camel-amr-projects-UI/install/amr_msg_interfaces:/home/sangjun/camel-amr-projects-UI/install/amr-main-pkg:/home/sangjun/camel-amr-projects-UI/install/amr-obstacle-pkg:/home/sangjun/camel-amr-projects-UI/install/amr-gazebo-pkg:/opt/ros/foxy:/home/sangjun/catkin_ws/devel:/opt/ros/noetic /usr/local/bin/cmake --install /home/sangjun/camel-amr-projects-UI/build/amr-main-pkg
[9.066s] Level 1:colcon.colcon_core.environment:checking '/home/sangjun/camel-amr-projects-UI/install/amr-main-pkg' for CMake config files
[9.066s] Level 1:colcon.colcon_core.shell:create_environment_hook('amr-main-pkg', 'cmake_prefix_path')
[9.067s] INFO:colcon.colcon_core.shell:Creating environment hook '/home/sangjun/camel-amr-projects-UI/install/amr-main-pkg/share/amr-main-pkg/hook/cmake_prefix_path.ps1'
[9.067s] INFO:colcon.colcon_core.shell:Creating environment descriptor '/home/sangjun/camel-amr-projects-UI/install/amr-main-pkg/share/amr-main-pkg/hook/cmake_prefix_path.dsv'
[9.068s] INFO:colcon.colcon_core.shell:Creating environment hook '/home/sangjun/camel-amr-projects-UI/install/amr-main-pkg/share/amr-main-pkg/hook/cmake_prefix_path.sh'
[9.068s] Level 1:colcon.colcon_core.environment:checking '/home/sangjun/camel-amr-projects-UI/install/amr-main-pkg/lib'
[9.068s] Level 1:colcon.colcon_core.environment:checking '/home/sangjun/camel-amr-projects-UI/install/amr-main-pkg/bin'
[9.068s] Level 1:colcon.colcon_core.environment:checking '/home/sangjun/camel-amr-projects-UI/install/amr-main-pkg/lib/pkgconfig/amr-main-pkg.pc'
[9.069s] Level 1:colcon.colcon_core.environment:checking '/home/sangjun/camel-amr-projects-UI/install/amr-main-pkg/lib/python3.8/site-packages'
[9.069s] Level 1:colcon.colcon_core.environment:checking '/home/sangjun/camel-amr-projects-UI/install/amr-main-pkg/bin'
[9.071s] INFO:colcon.colcon_core.shell:Creating package script '/home/sangjun/camel-amr-projects-UI/install/amr-main-pkg/share/amr-main-pkg/package.ps1'
[9.071s] INFO:colcon.colcon_core.shell:Creating package descriptor '/home/sangjun/camel-amr-projects-UI/install/amr-main-pkg/share/amr-main-pkg/package.dsv'
[9.071s] INFO:colcon.colcon_core.shell:Creating package script '/home/sangjun/camel-amr-projects-UI/install/amr-main-pkg/share/amr-main-pkg/package.sh'
[9.072s] INFO:colcon.colcon_core.shell:Creating package script '/home/sangjun/camel-amr-projects-UI/install/amr-main-pkg/share/amr-main-pkg/package.bash'
[9.072s] INFO:colcon.colcon_core.shell:Creating package script '/home/sangjun/camel-amr-projects-UI/install/amr-main-pkg/share/amr-main-pkg/package.zsh'
[9.072s] Level 1:colcon.colcon_core.environment:create_file_with_runtime_dependencies(/home/sangjun/camel-amr-projects-UI/install/amr-main-pkg/share/colcon-core/packages/amr-main-pkg)
[9.112s] Level 1:colcon.colcon_core.environment:create_environment_scripts_only(amr-main-pkg)
[9.115s] Level 1:colcon.colcon_core.environment:checking '/home/sangjun/camel-amr-projects-UI/install/amr-main-pkg' for CMake module files
[9.115s] Level 1:colcon.colcon_core.environment:checking '/home/sangjun/camel-amr-projects-UI/install/amr-main-pkg' for CMake config files
[9.116s] Level 1:colcon.colcon_core.shell:create_environment_hook('amr-main-pkg', 'cmake_prefix_path')
[9.117s] INFO:colcon.colcon_core.shell:Creating environment hook '/home/sangjun/camel-amr-projects-UI/install/amr-main-pkg/share/amr-main-pkg/hook/cmake_prefix_path.ps1'
[9.117s] INFO:colcon.colcon_core.shell:Creating environment descriptor '/home/sangjun/camel-amr-projects-UI/install/amr-main-pkg/share/amr-main-pkg/hook/cmake_prefix_path.dsv'
[9.117s] INFO:colcon.colcon_core.shell:Creating environment hook '/home/sangjun/camel-amr-projects-UI/install/amr-main-pkg/share/amr-main-pkg/hook/cmake_prefix_path.sh'
[9.118s] Level 1:colcon.colcon_core.environment:checking '/home/sangjun/camel-amr-projects-UI/install/amr-main-pkg/lib'
[9.118s] Level 1:colcon.colcon_core.environment:checking '/home/sangjun/camel-amr-projects-UI/install/amr-main-pkg/bin'
[9.118s] Level 1:colcon.colcon_core.environment:checking '/home/sangjun/camel-amr-projects-UI/install/amr-main-pkg/lib/pkgconfig/amr-main-pkg.pc'
[9.118s] Level 1:colcon.colcon_core.environment:checking '/home/sangjun/camel-amr-projects-UI/install/amr-main-pkg/lib/python3.8/site-packages'
[9.118s] Level 1:colcon.colcon_core.environment:checking '/home/sangjun/camel-amr-projects-UI/install/amr-main-pkg/bin'
[9.119s] INFO:colcon.colcon_core.shell:Creating package script '/home/sangjun/camel-amr-projects-UI/install/amr-main-pkg/share/amr-main-pkg/package.ps1'
[9.120s] INFO:colcon.colcon_core.shell:Creating package descriptor '/home/sangjun/camel-amr-projects-UI/install/amr-main-pkg/share/amr-main-pkg/package.dsv'
[9.120s] INFO:colcon.colcon_core.shell:Creating package script '/home/sangjun/camel-amr-projects-UI/install/amr-main-pkg/share/amr-main-pkg/package.sh'
[9.120s] INFO:colcon.colcon_core.shell:Creating package script '/home/sangjun/camel-amr-projects-UI/install/amr-main-pkg/share/amr-main-pkg/package.bash'
[9.120s] INFO:colcon.colcon_core.shell:Creating package script '/home/sangjun/camel-amr-projects-UI/install/amr-main-pkg/share/amr-main-pkg/package.zsh'
[9.121s] Level 1:colcon.colcon_core.environment:create_file_with_runtime_dependencies(/home/sangjun/camel-amr-projects-UI/install/amr-main-pkg/share/colcon-core/packages/amr-main-pkg)
[9.121s] DEBUG:colcon.colcon_parallel_executor.executor.parallel:closing loop
[9.121s] DEBUG:colcon.colcon_parallel_executor.executor.parallel:loop closed
[9.121s] DEBUG:colcon.colcon_parallel_executor.executor.parallel:run_until_complete finished with '0'
[9.121s] DEBUG:colcon.colcon_core.event_reactor:joining thread
[9.127s] INFO:colcon.colcon_core.plugin_system:Skipping extension 'colcon_notification.desktop_notification.terminal_notifier': Not used on non-Darwin systems
[9.127s] INFO:colcon.colcon_core.plugin_system:Skipping extension 'colcon_notification.desktop_notification.win32': Not used on non-Windows systems
[9.127s] INFO:colcon.colcon_notification.desktop_notification:Sending desktop notification using 'notify2'
[9.149s] DEBUG:colcon.colcon_core.event_reactor:joined thread
[9.152s] INFO:colcon.colcon_core.shell:Creating prefix script '/home/sangjun/camel-amr-projects-UI/install/local_setup.ps1'
[9.153s] INFO:colcon.colcon_core.shell:Creating prefix util module '/home/sangjun/camel-amr-projects-UI/install/_local_setup_util_ps1.py'
[9.155s] INFO:colcon.colcon_core.shell:Creating prefix chain script '/home/sangjun/camel-amr-projects-UI/install/setup.ps1'
[9.157s] INFO:colcon.colcon_core.shell:Creating prefix script '/home/sangjun/camel-amr-projects-UI/install/local_setup.sh'
[9.157s] INFO:colcon.colcon_core.shell:Creating prefix util module '/home/sangjun/camel-amr-projects-UI/install/_local_setup_util_sh.py'
[9.158s] INFO:colcon.colcon_core.shell:Creating prefix chain script '/home/sangjun/camel-amr-projects-UI/install/setup.sh'
[9.159s] INFO:colcon.colcon_core.shell:Creating prefix script '/home/sangjun/camel-amr-projects-UI/install/local_setup.bash'
[9.160s] INFO:colcon.colcon_core.shell:Creating prefix chain script '/home/sangjun/camel-amr-projects-UI/install/setup.bash'
[9.161s] INFO:colcon.colcon_core.shell:Creating prefix script '/home/sangjun/camel-amr-projects-UI/install/local_setup.zsh'
[9.162s] INFO:colcon.colcon_core.shell:Creating prefix chain script '/home/sangjun/camel-amr-projects-UI/install/setup.zsh'
