[0.029s] Invoking command in '/home/sangjun/camel-amr-projects-V1/build/amr_msg_interfaces': CMAKE_PREFIX_PATH=/home/sangjun/camel-amr-projects-V1/install/amr_msg_interfaces:/home/sangjun/camel-amr-projects-V1/install/amr-obstacle-pkg:/home/sangjun/camel-amr-projects-V1/install/amr-gazebo-pkg:/opt/ros/foxy:/home/sangjun/catkin_ws/devel:/opt/ros/noetic /usr/local/bin/cmake /home/sangjun/camel-amr-projects-V1/src/amr_msg_interfaces -DAMENT_CMAKE_SYMLINK_INSTALL=1 -DCMAKE_INSTALL_PREFIX=/home/sangjun/camel-amr-projects-V1/install/amr_msg_interfaces
[0.076s] -- The C compiler identification is GNU 9.4.0
[0.124s] -- The CXX compiler identification is GNU 9.4.0
[0.132s] -- Detecting C compiler ABI info
[0.176s] -- Detecting C compiler ABI info - done
[0.187s] -- Check for working C compiler: /usr/bin/cc - skipped
[0.187s] -- Detecting C compile features
[0.187s] -- Detecting C compile features - done
[0.190s] -- Detecting CXX compiler ABI info
[0.233s] -- Detecting CXX compiler ABI info - done
[0.242s] -- Check for working CXX compiler: /usr/bin/c++ - skipped
[0.243s] -- Detecting CXX compile features
[0.243s] -- Detecting CXX compile features - done
[0.245s] -- Found ament_cmake: 0.9.12 (/opt/ros/foxy/share/ament_cmake/cmake)
[0.261s] -- Found PythonInterp: /usr/bin/python3 (found suitable version "3.8.10", minimum required is "3") 
[0.261s] -- Using PYTHON_EXECUTABLE: /usr/bin/python3
[0.406s] -- Override CMake install command with custom implementation using symlinks instead of copying resources
[0.432s] -- Found builtin_interfaces: 1.0.0 (/opt/ros/foxy/share/builtin_interfaces/cmake)
[0.455s] -- Using all available rosidl_typesupport_c: rosidl_typesupport_fastrtps_c;rosidl_typesupport_introspection_c
[0.460s] -- Found rosidl_adapter: 1.3.1 (/opt/ros/foxy/share/rosidl_adapter/cmake)
[0.520s] -- Found OpenSSL: /usr/lib/x86_64-linux-gnu/libcrypto.so (found version "1.1.1f")  
[0.545s] -- Found FastRTPS: /opt/ros/foxy/include  
[0.600s] -- Using all available rosidl_typesupport_cpp: rosidl_typesupport_fastrtps_cpp;rosidl_typesupport_introspection_cpp
[0.618s] -- Found rosidl_default_generators: 1.0.1 (/opt/ros/foxy/share/rosidl_default_generators/cmake)
[0.645s] -- Found PythonInterp: /usr/bin/python3 (found version "3.8.10") 
[0.733s] -- Found ament_cmake_ros: 0.9.2 (/opt/ros/foxy/share/ament_cmake_ros/cmake)
[0.819s] -- Using all available rosidl_typesupport_c: rosidl_typesupport_fastrtps_c;rosidl_typesupport_introspection_c
[0.826s] -- Using all available rosidl_typesupport_cpp: rosidl_typesupport_fastrtps_cpp;rosidl_typesupport_introspection_cpp
[0.849s] -- Found PythonInterp: /usr/bin/python3 (found suitable version "3.8.10", minimum required is "3.5") 
[0.851s] -- Found python_cmake_module: 0.8.1 (/opt/ros/foxy/share/python_cmake_module/cmake)
[0.878s] -- Found PythonLibs: /usr/lib/x86_64-linux-gnu/libpython3.8.so (found suitable version "3.8.10", minimum required is "3.5") 
[0.879s] -- Using PYTHON_EXECUTABLE: /usr/bin/python3
[0.879s] -- Using PYTHON_INCLUDE_DIRS: /usr/include/python3.8
[0.879s] -- Using PYTHON_LIBRARIES: /usr/lib/x86_64-linux-gnu/libpython3.8.so
[0.893s] -- Found PythonExtra: .so  
[0.934s] -- Configuring done
[0.956s] -- Generating done
[0.957s] -- Build files have been written to: /home/sangjun/camel-amr-projects-V1/build/amr_msg_interfaces
[0.962s] Invoked command in '/home/sangjun/camel-amr-projects-V1/build/amr_msg_interfaces' returned '0': CMAKE_PREFIX_PATH=/home/sangjun/camel-amr-projects-V1/install/amr_msg_interfaces:/home/sangjun/camel-amr-projects-V1/install/amr-obstacle-pkg:/home/sangjun/camel-amr-projects-V1/install/amr-gazebo-pkg:/opt/ros/foxy:/home/sangjun/catkin_ws/devel:/opt/ros/noetic /usr/local/bin/cmake /home/sangjun/camel-amr-projects-V1/src/amr_msg_interfaces -DAMENT_CMAKE_SYMLINK_INSTALL=1 -DCMAKE_INSTALL_PREFIX=/home/sangjun/camel-amr-projects-V1/install/amr_msg_interfaces
[0.965s] Invoking command in '/home/sangjun/camel-amr-projects-V1/build/amr_msg_interfaces': CMAKE_PREFIX_PATH=/home/sangjun/camel-amr-projects-V1/install/amr_msg_interfaces:/home/sangjun/camel-amr-projects-V1/install/amr-obstacle-pkg:/home/sangjun/camel-amr-projects-V1/install/amr-gazebo-pkg:/opt/ros/foxy:/home/sangjun/catkin_ws/devel:/opt/ros/noetic /usr/local/bin/cmake --build /home/sangjun/camel-amr-projects-V1/build/amr_msg_interfaces -- -j6 -l6
[0.984s] [  3%] [34m[1mGenerating C code for ROS interfaces[0m
[0.991s] [  6%] [34m[1mGenerating C++ code for ROS interfaces[0m
[1.158s] [  6%] Built target amr_msg_interfaces__cpp
[1.162s] [ 12%] [34m[1mGenerating C++ type support for eProsima Fast-RTPS[0m
[1.162s] [ 12%] [34m[1mGenerating C++ type support dispatch for ROS interfaces[0m
[1.163s] [ 16%] [34m[1mGenerating C++ introspection for ROS interfaces[0m
[1.197s] [ 19%] [32mBuilding C object CMakeFiles/amr_msg_interfaces__rosidl_generator_c.dir/rosidl_generator_c/amr_msg_interfaces/msg/detail/grid_map_info__functions.c.o[0m
[1.233s] [ 22%] [32m[1mLinking C shared library libamr_msg_interfaces__rosidl_generator_c.so[0m
[1.255s] [ 22%] Built target amr_msg_interfaces__rosidl_generator_c
[1.258s] [ 25%] [34m[1mGenerating C type support dispatch for ROS interfaces[0m
[1.260s] [ 29%] [34m[1mGenerating C introspection for ROS interfaces[0m
[1.397s] [ 32%] [32mBuilding CXX object CMakeFiles/amr_msg_interfaces__rosidl_typesupport_cpp.dir/rosidl_typesupport_cpp/amr_msg_interfaces/msg/grid_map_info__type_support.cpp.o[0m
[1.413s] [ 35%] [32mBuilding CXX object CMakeFiles/amr_msg_interfaces__rosidl_typesupport_introspection_cpp.dir/rosidl_typesupport_introspection_cpp/amr_msg_interfaces/msg/detail/grid_map_info__type_support.cpp.o[0m
[1.418s] [ 38%] [32mBuilding CXX object CMakeFiles/amr_msg_interfaces__rosidl_typesupport_c.dir/rosidl_typesupport_c/amr_msg_interfaces/msg/grid_map_info__type_support.cpp.o[0m
[1.421s] [ 41%] [32mBuilding C object CMakeFiles/amr_msg_interfaces__rosidl_typesupport_introspection_c.dir/rosidl_typesupport_introspection_c/amr_msg_interfaces/msg/detail/grid_map_info__type_support.c.o[0m
[1.449s] [ 48%] [32m[1mLinking CXX shared library libamr_msg_interfaces__rosidl_typesupport_c.so[0m
[1.449s] [ 48%] [32m[1mLinking C shared library libamr_msg_interfaces__rosidl_typesupport_introspection_c.so[0m
[1.453s] [ 51%] [32mBuilding CXX object CMakeFiles/amr_msg_interfaces__rosidl_typesupport_fastrtps_cpp.dir/rosidl_typesupport_fastrtps_cpp/amr_msg_interfaces/msg/detail/dds_fastrtps/grid_map_info__type_support.cpp.o[0m
[1.465s] [ 51%] Built target amr_msg_interfaces__rosidl_typesupport_introspection_c
[1.491s] [ 51%] Built target amr_msg_interfaces__rosidl_typesupport_c
[1.600s] [ 54%] [32m[1mLinking CXX shared library libamr_msg_interfaces__rosidl_typesupport_cpp.so[0m
[1.631s] [ 54%] Built target amr_msg_interfaces__rosidl_typesupport_cpp
[1.648s] [ 58%] [32m[1mLinking CXX shared library libamr_msg_interfaces__rosidl_typesupport_introspection_cpp.so[0m
[1.693s] [ 58%] Built target amr_msg_interfaces__rosidl_typesupport_introspection_cpp
[1.793s] [ 61%] [32m[1mLinking CXX shared library libamr_msg_interfaces__rosidl_typesupport_fastrtps_cpp.so[0m
[1.842s] [ 61%] Built target amr_msg_interfaces__rosidl_typesupport_fastrtps_cpp
[1.845s] [ 64%] [34m[1mGenerating C type support for eProsima Fast-RTPS[0m
[1.998s] [ 67%] [32mBuilding CXX object CMakeFiles/amr_msg_interfaces__rosidl_typesupport_fastrtps_c.dir/rosidl_typesupport_fastrtps_c/amr_msg_interfaces/msg/detail/grid_map_info__type_support_c.cpp.o[0m
[2.253s] [ 70%] [32m[1mLinking CXX shared library libamr_msg_interfaces__rosidl_typesupport_fastrtps_c.so[0m
[2.304s] [ 70%] Built target amr_msg_interfaces__rosidl_typesupport_fastrtps_c
[2.313s] [ 70%] Built target amr_msg_interfaces
[2.322s] [ 74%] [34m[1mGenerating Python code for ROS interfaces[0m
[2.599s] [ 74%] Built target amr_msg_interfaces__py
[2.605s] [ 77%] [32mBuilding C object CMakeFiles/amr_msg_interfaces__python.dir/rosidl_generator_py/amr_msg_interfaces/msg/_grid_map_info_s.c.o[0m
[2.674s] [ 80%] [32m[1mLinking C shared library rosidl_generator_py/amr_msg_interfaces/libamr_msg_interfaces__python.so[0m
[2.694s] [ 80%] Built target amr_msg_interfaces__python
[2.703s] [ 83%] [32mBuilding C object CMakeFiles/amr_msg_interfaces__rosidl_typesupport_c__pyext.dir/rosidl_generator_py/amr_msg_interfaces/_amr_msg_interfaces_s.ep.rosidl_typesupport_c.c.o[0m
[2.704s] [ 87%] [32mBuilding C object CMakeFiles/amr_msg_interfaces__rosidl_typesupport_fastrtps_c__pyext.dir/rosidl_generator_py/amr_msg_interfaces/_amr_msg_interfaces_s.ep.rosidl_typesupport_fastrtps_c.c.o[0m
[2.704s] [ 90%] [32mBuilding C object CMakeFiles/amr_msg_interfaces__rosidl_typesupport_introspection_c__pyext.dir/rosidl_generator_py/amr_msg_interfaces/_amr_msg_interfaces_s.ep.rosidl_typesupport_introspection_c.c.o[0m
[2.764s] [ 93%] [32m[1mLinking C shared library rosidl_generator_py/amr_msg_interfaces/amr_msg_interfaces_s__rosidl_typesupport_c.cpython-38-x86_64-linux-gnu.so[0m
[2.766s] [ 96%] [32m[1mLinking C shared library rosidl_generator_py/amr_msg_interfaces/amr_msg_interfaces_s__rosidl_typesupport_introspection_c.cpython-38-x86_64-linux-gnu.so[0m
[2.767s] [100%] [32m[1mLinking CXX shared library rosidl_generator_py/amr_msg_interfaces/amr_msg_interfaces_s__rosidl_typesupport_fastrtps_c.cpython-38-x86_64-linux-gnu.so[0m
[2.786s] [100%] Built target amr_msg_interfaces__rosidl_typesupport_c__pyext
[2.788s] [100%] Built target amr_msg_interfaces__rosidl_typesupport_introspection_c__pyext
[2.806s] [100%] Built target amr_msg_interfaces__rosidl_typesupport_fastrtps_c__pyext
[2.811s] Invoked command in '/home/sangjun/camel-amr-projects-V1/build/amr_msg_interfaces' returned '0': CMAKE_PREFIX_PATH=/home/sangjun/camel-amr-projects-V1/install/amr_msg_interfaces:/home/sangjun/camel-amr-projects-V1/install/amr-obstacle-pkg:/home/sangjun/camel-amr-projects-V1/install/amr-gazebo-pkg:/opt/ros/foxy:/home/sangjun/catkin_ws/devel:/opt/ros/noetic /usr/local/bin/cmake --build /home/sangjun/camel-amr-projects-V1/build/amr_msg_interfaces -- -j6 -l6
[2.842s] Invoking command in '/home/sangjun/camel-amr-projects-V1/build/amr_msg_interfaces': CMAKE_PREFIX_PATH=/home/sangjun/camel-amr-projects-V1/install/amr_msg_interfaces:/home/sangjun/camel-amr-projects-V1/install/amr-obstacle-pkg:/home/sangjun/camel-amr-projects-V1/install/amr-gazebo-pkg:/opt/ros/foxy:/home/sangjun/catkin_ws/devel:/opt/ros/noetic /usr/local/bin/cmake --install /home/sangjun/camel-amr-projects-V1/build/amr_msg_interfaces
[2.845s] -- Install configuration: ""
[2.845s] -- Execute custom install script
[2.846s] -- Symlinking: /home/sangjun/camel-amr-projects-V1/install/amr_msg_interfaces/share/ament_index/resource_index/rosidl_interfaces/amr_msg_interfaces
[2.849s] -- Symlinking: /home/sangjun/camel-amr-projects-V1/install/amr_msg_interfaces/include/amr_msg_interfaces/msg/detail/grid_map_info__functions.h
[2.852s] -- Symlinking: /home/sangjun/camel-amr-projects-V1/install/amr_msg_interfaces/include/amr_msg_interfaces/msg/detail/grid_map_info__struct.h
[2.855s] -- Symlinking: /home/sangjun/camel-amr-projects-V1/install/amr_msg_interfaces/include/amr_msg_interfaces/msg/detail/grid_map_info__type_support.h
[2.858s] -- Symlinking: /home/sangjun/camel-amr-projects-V1/install/amr_msg_interfaces/include/amr_msg_interfaces/msg/grid_map_info.h
[2.860s] -- Symlinking: /home/sangjun/camel-amr-projects-V1/install/amr_msg_interfaces/include/amr_msg_interfaces/msg/rosidl_generator_c__visibility_control.h
[2.863s] -- Symlinking: /home/sangjun/camel-amr-projects-V1/install/amr_msg_interfaces/share/amr_msg_interfaces/environment/library_path.sh
[2.865s] -- Symlinking: /home/sangjun/camel-amr-projects-V1/install/amr_msg_interfaces/share/amr_msg_interfaces/environment/library_path.dsv
[2.867s] -- Symlinking: /home/sangjun/camel-amr-projects-V1/install/amr_msg_interfaces/include/amr_msg_interfaces/msg/detail/grid_map_info__rosidl_typesupport_fastrtps_c.h
[2.870s] -- Symlinking: /home/sangjun/camel-amr-projects-V1/install/amr_msg_interfaces/include/amr_msg_interfaces/msg/rosidl_typesupport_fastrtps_c__visibility_control.h
[2.872s] -- Symlinking: /home/sangjun/camel-amr-projects-V1/install/amr_msg_interfaces/lib/libamr_msg_interfaces__rosidl_typesupport_fastrtps_c.so
[2.874s] -- Symlinking: /home/sangjun/camel-amr-projects-V1/install/amr_msg_interfaces/include/amr_msg_interfaces/msg/detail/grid_map_info__rosidl_typesupport_fastrtps_cpp.hpp
[2.876s] -- Symlinking: /home/sangjun/camel-amr-projects-V1/install/amr_msg_interfaces/include/amr_msg_interfaces/msg/rosidl_typesupport_fastrtps_cpp__visibility_control.h
[2.879s] -- Symlinking: /home/sangjun/camel-amr-projects-V1/install/amr_msg_interfaces/lib/libamr_msg_interfaces__rosidl_typesupport_fastrtps_cpp.so
[2.881s] -- Symlinking: /home/sangjun/camel-amr-projects-V1/install/amr_msg_interfaces/include/amr_msg_interfaces/msg/detail/grid_map_info__rosidl_typesupport_introspection_c.h
[2.883s] -- Symlinking: /home/sangjun/camel-amr-projects-V1/install/amr_msg_interfaces/include/amr_msg_interfaces/msg/rosidl_typesupport_introspection_c__visibility_control.h
[2.886s] -- Symlinking: /home/sangjun/camel-amr-projects-V1/install/amr_msg_interfaces/include/amr_msg_interfaces/msg/detail/grid_map_info__builder.hpp
[2.888s] -- Symlinking: /home/sangjun/camel-amr-projects-V1/install/amr_msg_interfaces/include/amr_msg_interfaces/msg/detail/grid_map_info__struct.hpp
[2.890s] -- Symlinking: /home/sangjun/camel-amr-projects-V1/install/amr_msg_interfaces/include/amr_msg_interfaces/msg/detail/grid_map_info__traits.hpp
[2.891s] -- Symlinking: /home/sangjun/camel-amr-projects-V1/install/amr_msg_interfaces/include/amr_msg_interfaces/msg/detail/grid_map_info__type_support.hpp
[2.894s] -- Symlinking: /home/sangjun/camel-amr-projects-V1/install/amr_msg_interfaces/include/amr_msg_interfaces/msg/grid_map_info.hpp
[2.896s] -- Symlinking: /home/sangjun/camel-amr-projects-V1/install/amr_msg_interfaces/include/amr_msg_interfaces/msg/rosidl_generator_cpp__visibility_control.hpp
[2.899s] -- Symlinking: /home/sangjun/camel-amr-projects-V1/install/amr_msg_interfaces/include/amr_msg_interfaces/msg/detail/grid_map_info__rosidl_typesupport_introspection_cpp.hpp
[2.901s] -- Symlinking: /home/sangjun/camel-amr-projects-V1/install/amr_msg_interfaces/share/amr_msg_interfaces/environment/pythonpath.sh
[2.903s] -- Symlinking: /home/sangjun/camel-amr-projects-V1/install/amr_msg_interfaces/share/amr_msg_interfaces/environment/pythonpath.dsv
[2.905s] -- Symlinking: /home/sangjun/camel-amr-projects-V1/install/amr_msg_interfaces/lib/python3.8/site-packages/amr_msg_interfaces/__init__.py
[2.907s] -- Symlinking: /home/sangjun/camel-amr-projects-V1/install/amr_msg_interfaces/lib/python3.8/site-packages/amr_msg_interfaces/msg/__init__.py
[2.910s] -- Symlinking: /home/sangjun/camel-amr-projects-V1/install/amr_msg_interfaces/lib/python3.8/site-packages/amr_msg_interfaces/msg/_grid_map_info.py
[2.912s] -- Symlinking: /home/sangjun/camel-amr-projects-V1/install/amr_msg_interfaces/lib/python3.8/site-packages/amr_msg_interfaces/amr_msg_interfaces_s__rosidl_typesupport_fastrtps_c.cpython-38-x86_64-linux-gnu.so
[2.915s] -- Symlinking: /home/sangjun/camel-amr-projects-V1/install/amr_msg_interfaces/lib/python3.8/site-packages/amr_msg_interfaces/amr_msg_interfaces_s__rosidl_typesupport_introspection_c.cpython-38-x86_64-linux-gnu.so
[2.917s] -- Symlinking: /home/sangjun/camel-amr-projects-V1/install/amr_msg_interfaces/lib/python3.8/site-packages/amr_msg_interfaces/amr_msg_interfaces_s__rosidl_typesupport_c.cpython-38-x86_64-linux-gnu.so
[2.920s] -- Symlinking: /home/sangjun/camel-amr-projects-V1/install/amr_msg_interfaces/lib/libamr_msg_interfaces__python.so
[2.923s] -- Symlinking: /home/sangjun/camel-amr-projects-V1/install/amr_msg_interfaces/share/amr_msg_interfaces/msg/GridMapInfo.idl
[2.927s] -- Symlinking: /home/sangjun/camel-amr-projects-V1/install/amr_msg_interfaces/share/amr_msg_interfaces/msg/GridMapInfo.msg
[2.931s] -- Symlinking: /home/sangjun/camel-amr-projects-V1/install/amr_msg_interfaces/share/ament_index/resource_index/package_run_dependencies/amr_msg_interfaces
[2.934s] -- Symlinking: /home/sangjun/camel-amr-projects-V1/install/amr_msg_interfaces/share/ament_index/resource_index/parent_prefix_path/amr_msg_interfaces
[2.937s] -- Symlinking: /home/sangjun/camel-amr-projects-V1/install/amr_msg_interfaces/share/amr_msg_interfaces/environment/ament_prefix_path.sh
[2.939s] -- Symlinking: /home/sangjun/camel-amr-projects-V1/install/amr_msg_interfaces/share/amr_msg_interfaces/environment/ament_prefix_path.dsv
[2.942s] -- Symlinking: /home/sangjun/camel-amr-projects-V1/install/amr_msg_interfaces/share/amr_msg_interfaces/environment/path.sh
[2.945s] -- Symlinking: /home/sangjun/camel-amr-projects-V1/install/amr_msg_interfaces/share/amr_msg_interfaces/environment/path.dsv
[2.948s] -- Symlinking: /home/sangjun/camel-amr-projects-V1/install/amr_msg_interfaces/share/amr_msg_interfaces/local_setup.bash
[2.951s] -- Symlinking: /home/sangjun/camel-amr-projects-V1/install/amr_msg_interfaces/share/amr_msg_interfaces/local_setup.sh
[2.954s] -- Symlinking: /home/sangjun/camel-amr-projects-V1/install/amr_msg_interfaces/share/amr_msg_interfaces/local_setup.zsh
[2.957s] -- Symlinking: /home/sangjun/camel-amr-projects-V1/install/amr_msg_interfaces/share/amr_msg_interfaces/local_setup.dsv
[2.961s] -- Symlinking: /home/sangjun/camel-amr-projects-V1/install/amr_msg_interfaces/share/amr_msg_interfaces/package.dsv
[2.964s] -- Symlinking: /home/sangjun/camel-amr-projects-V1/install/amr_msg_interfaces/share/ament_index/resource_index/packages/amr_msg_interfaces
[2.967s] -- Symlinking: /home/sangjun/camel-amr-projects-V1/install/amr_msg_interfaces/share/amr_msg_interfaces/cmake/rosidl_cmake-extras.cmake
[2.970s] -- Symlinking: /home/sangjun/camel-amr-projects-V1/install/amr_msg_interfaces/share/amr_msg_interfaces/cmake/ament_cmake_export_dependencies-extras.cmake
[2.973s] -- Symlinking: /home/sangjun/camel-amr-projects-V1/install/amr_msg_interfaces/share/amr_msg_interfaces/cmake/ament_cmake_export_libraries-extras.cmake
[2.976s] -- Symlinking: /home/sangjun/camel-amr-projects-V1/install/amr_msg_interfaces/share/amr_msg_interfaces/cmake/ament_cmake_export_targets-extras.cmake
[2.979s] -- Symlinking: /home/sangjun/camel-amr-projects-V1/install/amr_msg_interfaces/share/amr_msg_interfaces/cmake/ament_cmake_export_include_directories-extras.cmake
[2.982s] -- Symlinking: /home/sangjun/camel-amr-projects-V1/install/amr_msg_interfaces/share/amr_msg_interfaces/cmake/rosidl_cmake_export_typesupport_libraries-extras.cmake
[2.985s] -- Symlinking: /home/sangjun/camel-amr-projects-V1/install/amr_msg_interfaces/share/amr_msg_interfaces/cmake/rosidl_cmake_export_typesupport_targets-extras.cmake
[2.989s] -- Symlinking: /home/sangjun/camel-amr-projects-V1/install/amr_msg_interfaces/share/amr_msg_interfaces/cmake/amr_msg_interfacesConfig.cmake
[2.998s] -- Symlinking: /home/sangjun/camel-amr-projects-V1/install/amr_msg_interfaces/share/amr_msg_interfaces/cmake/amr_msg_interfacesConfig-version.cmake
[3.002s] -- Symlinking: /home/sangjun/camel-amr-projects-V1/install/amr_msg_interfaces/share/amr_msg_interfaces/package.xml
[3.011s] -- Installing: /home/sangjun/camel-amr-projects-V1/install/amr_msg_interfaces/lib/libamr_msg_interfaces__rosidl_generator_c.so
[3.011s] -- Set runtime path of "/home/sangjun/camel-amr-projects-V1/install/amr_msg_interfaces/lib/libamr_msg_interfaces__rosidl_generator_c.so" to ""
[3.011s] -- Installing: /home/sangjun/camel-amr-projects-V1/install/amr_msg_interfaces/lib/libamr_msg_interfaces__rosidl_typesupport_introspection_c.so
[3.012s] -- Set runtime path of "/home/sangjun/camel-amr-projects-V1/install/amr_msg_interfaces/lib/libamr_msg_interfaces__rosidl_typesupport_introspection_c.so" to ""
[3.012s] -- Installing: /home/sangjun/camel-amr-projects-V1/install/amr_msg_interfaces/lib/libamr_msg_interfaces__rosidl_typesupport_c.so
[3.012s] -- Set runtime path of "/home/sangjun/camel-amr-projects-V1/install/amr_msg_interfaces/lib/libamr_msg_interfaces__rosidl_typesupport_c.so" to ""
[3.012s] -- Installing: /home/sangjun/camel-amr-projects-V1/install/amr_msg_interfaces/lib/libamr_msg_interfaces__rosidl_typesupport_introspection_cpp.so
[3.013s] -- Set runtime path of "/home/sangjun/camel-amr-projects-V1/install/amr_msg_interfaces/lib/libamr_msg_interfaces__rosidl_typesupport_introspection_cpp.so" to ""
[3.013s] -- Installing: /home/sangjun/camel-amr-projects-V1/install/amr_msg_interfaces/lib/libamr_msg_interfaces__rosidl_typesupport_cpp.so
[3.013s] -- Set runtime path of "/home/sangjun/camel-amr-projects-V1/install/amr_msg_interfaces/lib/libamr_msg_interfaces__rosidl_typesupport_cpp.so" to ""
[3.037s] Compiling '/home/sangjun/camel-amr-projects-V1/install/amr_msg_interfaces/lib/python3.8/site-packages/amr_msg_interfaces/__init__.py'...
[3.040s] -- Installing: /home/sangjun/camel-amr-projects-V1/install/amr_msg_interfaces/share/amr_msg_interfaces/cmake/amr_msg_interfaces__rosidl_generator_cExport.cmake
[3.040s] -- Installing: /home/sangjun/camel-amr-projects-V1/install/amr_msg_interfaces/share/amr_msg_interfaces/cmake/amr_msg_interfaces__rosidl_generator_cExport-noconfig.cmake
[3.040s] -- Installing: /home/sangjun/camel-amr-projects-V1/install/amr_msg_interfaces/share/amr_msg_interfaces/cmake/amr_msg_interfaces__rosidl_typesupport_introspection_cExport.cmake
[3.040s] -- Installing: /home/sangjun/camel-amr-projects-V1/install/amr_msg_interfaces/share/amr_msg_interfaces/cmake/amr_msg_interfaces__rosidl_typesupport_introspection_cExport-noconfig.cmake
[3.040s] -- Installing: /home/sangjun/camel-amr-projects-V1/install/amr_msg_interfaces/share/amr_msg_interfaces/cmake/amr_msg_interfaces__rosidl_typesupport_cExport.cmake
[3.040s] -- Installing: /home/sangjun/camel-amr-projects-V1/install/amr_msg_interfaces/share/amr_msg_interfaces/cmake/amr_msg_interfaces__rosidl_typesupport_cExport-noconfig.cmake
[3.041s] -- Installing: /home/sangjun/camel-amr-projects-V1/install/amr_msg_interfaces/share/amr_msg_interfaces/cmake/amr_msg_interfaces__rosidl_generator_cppExport.cmake
[3.041s] -- Installing: /home/sangjun/camel-amr-projects-V1/install/amr_msg_interfaces/share/amr_msg_interfaces/cmake/amr_msg_interfaces__rosidl_typesupport_introspection_cppExport.cmake
[3.041s] -- Installing: /home/sangjun/camel-amr-projects-V1/install/amr_msg_interfaces/share/amr_msg_interfaces/cmake/amr_msg_interfaces__rosidl_typesupport_introspection_cppExport-noconfig.cmake
[3.041s] -- Installing: /home/sangjun/camel-amr-projects-V1/install/amr_msg_interfaces/share/amr_msg_interfaces/cmake/amr_msg_interfaces__rosidl_typesupport_cppExport.cmake
[3.041s] -- Installing: /home/sangjun/camel-amr-projects-V1/install/amr_msg_interfaces/share/amr_msg_interfaces/cmake/amr_msg_interfaces__rosidl_typesupport_cppExport-noconfig.cmake
[3.047s] Invoked command in '/home/sangjun/camel-amr-projects-V1/build/amr_msg_interfaces' returned '0': CMAKE_PREFIX_PATH=/home/sangjun/camel-amr-projects-V1/install/amr_msg_interfaces:/home/sangjun/camel-amr-projects-V1/install/amr-obstacle-pkg:/home/sangjun/camel-amr-projects-V1/install/amr-gazebo-pkg:/opt/ros/foxy:/home/sangjun/catkin_ws/devel:/opt/ros/noetic /usr/local/bin/cmake --install /home/sangjun/camel-amr-projects-V1/build/amr_msg_interfaces
