[0.023s] Invoking command in '/home/dongju/camel-amr-projects/build/amr_msg_interfaces': CMAKE_PREFIX_PATH=/opt/ros/foxy /usr/local/bin/cmake --build /home/dongju/camel-amr-projects/build/amr_msg_interfaces -- -j10 -l10
[0.042s] [  2%] Built target amr_msg_interfaces__cpp
[0.042s] [ 12%] Built target amr_msg_interfaces__rosidl_generator_c
[0.048s] [ 30%] Built target amr_msg_interfaces__rosidl_typesupport_c
[0.048s] [ 33%] Built target amr_msg_interfaces__rosidl_typesupport_introspection_c
[0.048s] [ 43%] Built target amr_msg_interfaces__rosidl_typesupport_fastrtps_cpp
[0.049s] [ 53%] Built target amr_msg_interfaces__rosidl_typesupport_cpp
[0.051s] [ 64%] Built target amr_msg_interfaces__rosidl_typesupport_introspection_cpp
[0.057s] [ 74%] Built target amr_msg_interfaces__rosidl_typesupport_fastrtps_c
[0.063s] [ 74%] Built target amr_msg_interfaces
[0.070s] [ 76%] Built target amr_msg_interfaces__py
[0.077s] [ 84%] Built target amr_msg_interfaces__python
[0.087s] [ 94%] Built target amr_msg_interfaces__rosidl_typesupport_c__pyext
[0.088s] [ 94%] Built target amr_msg_interfaces__rosidl_typesupport_introspection_c__pyext
[0.088s] [100%] Built target amr_msg_interfaces__rosidl_typesupport_fastrtps_c__pyext
[0.094s] Invoked command in '/home/dongju/camel-amr-projects/build/amr_msg_interfaces' returned '0': CMAKE_PREFIX_PATH=/opt/ros/foxy /usr/local/bin/cmake --build /home/dongju/camel-amr-projects/build/amr_msg_interfaces -- -j10 -l10
[0.130s] Invoking command in '/home/dongju/camel-amr-projects/build/amr_msg_interfaces': CMAKE_PREFIX_PATH=/opt/ros/foxy /usr/local/bin/cmake --install /home/dongju/camel-amr-projects/build/amr_msg_interfaces
[0.133s] -- Install configuration: ""
[0.133s] -- Up-to-date: /home/dongju/camel-amr-projects/install/amr_msg_interfaces/share/ament_index/resource_index/rosidl_interfaces/amr_msg_interfaces
[0.133s] -- Up-to-date: /home/dongju/camel-amr-projects/install/amr_msg_interfaces/include/amr_msg_interfaces
[0.133s] -- Up-to-date: /home/dongju/camel-amr-projects/install/amr_msg_interfaces/include/amr_msg_interfaces/msg
[0.134s] -- Up-to-date: /home/dongju/camel-amr-projects/install/amr_msg_interfaces/include/amr_msg_interfaces/msg/trajectory.h
[0.134s] -- Up-to-date: /home/dongju/camel-amr-projects/install/amr_msg_interfaces/include/amr_msg_interfaces/msg/rosidl_generator_c__visibility_control.h
[0.134s] -- Up-to-date: /home/dongju/camel-amr-projects/install/amr_msg_interfaces/include/amr_msg_interfaces/msg/detail
[0.134s] -- Up-to-date: /home/dongju/camel-amr-projects/install/amr_msg_interfaces/include/amr_msg_interfaces/msg/detail/trajectory__struct.h
[0.134s] -- Up-to-date: /home/dongju/camel-amr-projects/install/amr_msg_interfaces/include/amr_msg_interfaces/msg/detail/trajectory__functions.c
[0.134s] -- Up-to-date: /home/dongju/camel-amr-projects/install/amr_msg_interfaces/include/amr_msg_interfaces/msg/detail/trajectory__type_support.h
[0.134s] -- Up-to-date: /home/dongju/camel-amr-projects/install/amr_msg_interfaces/include/amr_msg_interfaces/msg/detail/grid_map_info__type_support.h
[0.134s] -- Up-to-date: /home/dongju/camel-amr-projects/install/amr_msg_interfaces/include/amr_msg_interfaces/msg/detail/grid_map_info__functions.c
[0.134s] -- Up-to-date: /home/dongju/camel-amr-projects/install/amr_msg_interfaces/include/amr_msg_interfaces/msg/detail/grid_map_info__functions.h
[0.134s] -- Up-to-date: /home/dongju/camel-amr-projects/install/amr_msg_interfaces/include/amr_msg_interfaces/msg/detail/grid_map_info__struct.h
[0.134s] -- Up-to-date: /home/dongju/camel-amr-projects/install/amr_msg_interfaces/include/amr_msg_interfaces/msg/detail/trajectory__functions.h
[0.134s] -- Up-to-date: /home/dongju/camel-amr-projects/install/amr_msg_interfaces/include/amr_msg_interfaces/msg/grid_map_info.h
[0.134s] -- Up-to-date: /home/dongju/camel-amr-projects/install/amr_msg_interfaces/share/amr_msg_interfaces/environment/library_path.sh
[0.134s] -- Up-to-date: /home/dongju/camel-amr-projects/install/amr_msg_interfaces/share/amr_msg_interfaces/environment/library_path.dsv
[0.135s] -- Up-to-date: /home/dongju/camel-amr-projects/install/amr_msg_interfaces/lib/libamr_msg_interfaces__rosidl_generator_c.so
[0.135s] -- Up-to-date: /home/dongju/camel-amr-projects/install/amr_msg_interfaces/include/amr_msg_interfaces
[0.135s] -- Up-to-date: /home/dongju/camel-amr-projects/install/amr_msg_interfaces/include/amr_msg_interfaces/msg
[0.135s] -- Up-to-date: /home/dongju/camel-amr-projects/install/amr_msg_interfaces/include/amr_msg_interfaces/msg/detail
[0.135s] -- Up-to-date: /home/dongju/camel-amr-projects/install/amr_msg_interfaces/include/amr_msg_interfaces/msg/detail/trajectory__rosidl_typesupport_fastrtps_c.h
[0.135s] -- Up-to-date: /home/dongju/camel-amr-projects/install/amr_msg_interfaces/include/amr_msg_interfaces/msg/detail/grid_map_info__rosidl_typesupport_fastrtps_c.h
[0.135s] -- Up-to-date: /home/dongju/camel-amr-projects/install/amr_msg_interfaces/include/amr_msg_interfaces/msg/rosidl_typesupport_fastrtps_c__visibility_control.h
[0.135s] -- Up-to-date: /home/dongju/camel-amr-projects/install/amr_msg_interfaces/lib/libamr_msg_interfaces__rosidl_typesupport_fastrtps_c.so
[0.135s] -- Up-to-date: /home/dongju/camel-amr-projects/install/amr_msg_interfaces/include/amr_msg_interfaces
[0.135s] -- Up-to-date: /home/dongju/camel-amr-projects/install/amr_msg_interfaces/include/amr_msg_interfaces/msg
[0.135s] -- Up-to-date: /home/dongju/camel-amr-projects/install/amr_msg_interfaces/include/amr_msg_interfaces/msg/detail
[0.135s] -- Up-to-date: /home/dongju/camel-amr-projects/install/amr_msg_interfaces/include/amr_msg_interfaces/msg/detail/grid_map_info__rosidl_typesupport_fastrtps_cpp.hpp
[0.135s] -- Up-to-date: /home/dongju/camel-amr-projects/install/amr_msg_interfaces/include/amr_msg_interfaces/msg/detail/dds_fastrtps
[0.135s] -- Up-to-date: /home/dongju/camel-amr-projects/install/amr_msg_interfaces/include/amr_msg_interfaces/msg/detail/trajectory__rosidl_typesupport_fastrtps_cpp.hpp
[0.136s] -- Up-to-date: /home/dongju/camel-amr-projects/install/amr_msg_interfaces/include/amr_msg_interfaces/msg/rosidl_typesupport_fastrtps_cpp__visibility_control.h
[0.136s] -- Up-to-date: /home/dongju/camel-amr-projects/install/amr_msg_interfaces/lib/libamr_msg_interfaces__rosidl_typesupport_fastrtps_cpp.so
[0.136s] -- Up-to-date: /home/dongju/camel-amr-projects/install/amr_msg_interfaces/include/amr_msg_interfaces
[0.136s] -- Up-to-date: /home/dongju/camel-amr-projects/install/amr_msg_interfaces/include/amr_msg_interfaces/msg
[0.136s] -- Up-to-date: /home/dongju/camel-amr-projects/install/amr_msg_interfaces/include/amr_msg_interfaces/msg/detail
[0.136s] -- Up-to-date: /home/dongju/camel-amr-projects/install/amr_msg_interfaces/include/amr_msg_interfaces/msg/detail/grid_map_info__rosidl_typesupport_introspection_c.h
[0.136s] -- Up-to-date: /home/dongju/camel-amr-projects/install/amr_msg_interfaces/include/amr_msg_interfaces/msg/detail/trajectory__type_support.c
[0.136s] -- Up-to-date: /home/dongju/camel-amr-projects/install/amr_msg_interfaces/include/amr_msg_interfaces/msg/detail/grid_map_info__type_support.c
[0.136s] -- Up-to-date: /home/dongju/camel-amr-projects/install/amr_msg_interfaces/include/amr_msg_interfaces/msg/detail/trajectory__rosidl_typesupport_introspection_c.h
[0.136s] -- Up-to-date: /home/dongju/camel-amr-projects/install/amr_msg_interfaces/include/amr_msg_interfaces/msg/rosidl_typesupport_introspection_c__visibility_control.h
[0.136s] -- Up-to-date: /home/dongju/camel-amr-projects/install/amr_msg_interfaces/lib/libamr_msg_interfaces__rosidl_typesupport_introspection_c.so
[0.136s] -- Up-to-date: /home/dongju/camel-amr-projects/install/amr_msg_interfaces/lib/libamr_msg_interfaces__rosidl_typesupport_c.so
[0.136s] -- Up-to-date: /home/dongju/camel-amr-projects/install/amr_msg_interfaces/include/amr_msg_interfaces
[0.136s] -- Up-to-date: /home/dongju/camel-amr-projects/install/amr_msg_interfaces/include/amr_msg_interfaces/msg
[0.136s] -- Up-to-date: /home/dongju/camel-amr-projects/install/amr_msg_interfaces/include/amr_msg_interfaces/msg/trajectory.hpp
[0.136s] -- Up-to-date: /home/dongju/camel-amr-projects/install/amr_msg_interfaces/include/amr_msg_interfaces/msg/rosidl_generator_cpp__visibility_control.hpp
[0.136s] -- Up-to-date: /home/dongju/camel-amr-projects/install/amr_msg_interfaces/include/amr_msg_interfaces/msg/grid_map_info.hpp
[0.136s] -- Up-to-date: /home/dongju/camel-amr-projects/install/amr_msg_interfaces/include/amr_msg_interfaces/msg/detail
[0.136s] -- Up-to-date: /home/dongju/camel-amr-projects/install/amr_msg_interfaces/include/amr_msg_interfaces/msg/detail/grid_map_info__struct.hpp
[0.137s] -- Up-to-date: /home/dongju/camel-amr-projects/install/amr_msg_interfaces/include/amr_msg_interfaces/msg/detail/grid_map_info__builder.hpp
[0.137s] -- Up-to-date: /home/dongju/camel-amr-projects/install/amr_msg_interfaces/include/amr_msg_interfaces/msg/detail/trajectory__type_support.hpp
[0.137s] -- Up-to-date: /home/dongju/camel-amr-projects/install/amr_msg_interfaces/include/amr_msg_interfaces/msg/detail/grid_map_info__type_support.hpp
[0.137s] -- Up-to-date: /home/dongju/camel-amr-projects/install/amr_msg_interfaces/include/amr_msg_interfaces/msg/detail/trajectory__traits.hpp
[0.137s] -- Up-to-date: /home/dongju/camel-amr-projects/install/amr_msg_interfaces/include/amr_msg_interfaces/msg/detail/grid_map_info__traits.hpp
[0.137s] -- Up-to-date: /home/dongju/camel-amr-projects/install/amr_msg_interfaces/include/amr_msg_interfaces/msg/detail/trajectory__builder.hpp
[0.137s] -- Up-to-date: /home/dongju/camel-amr-projects/install/amr_msg_interfaces/include/amr_msg_interfaces/msg/detail/trajectory__struct.hpp
[0.137s] -- Up-to-date: /home/dongju/camel-amr-projects/install/amr_msg_interfaces/include/amr_msg_interfaces
[0.137s] -- Up-to-date: /home/dongju/camel-amr-projects/install/amr_msg_interfaces/include/amr_msg_interfaces/msg
[0.137s] -- Up-to-date: /home/dongju/camel-amr-projects/install/amr_msg_interfaces/include/amr_msg_interfaces/msg/detail
[0.137s] -- Up-to-date: /home/dongju/camel-amr-projects/install/amr_msg_interfaces/include/amr_msg_interfaces/msg/detail/grid_map_info__rosidl_typesupport_introspection_cpp.hpp
[0.137s] -- Up-to-date: /home/dongju/camel-amr-projects/install/amr_msg_interfaces/include/amr_msg_interfaces/msg/detail/grid_map_info__type_support.cpp
[0.137s] -- Up-to-date: /home/dongju/camel-amr-projects/install/amr_msg_interfaces/include/amr_msg_interfaces/msg/detail/trajectory__type_support.cpp
[0.137s] -- Up-to-date: /home/dongju/camel-amr-projects/install/amr_msg_interfaces/include/amr_msg_interfaces/msg/detail/trajectory__rosidl_typesupport_introspection_cpp.hpp
[0.137s] -- Up-to-date: /home/dongju/camel-amr-projects/install/amr_msg_interfaces/lib/libamr_msg_interfaces__rosidl_typesupport_introspection_cpp.so
[0.137s] -- Up-to-date: /home/dongju/camel-amr-projects/install/amr_msg_interfaces/lib/libamr_msg_interfaces__rosidl_typesupport_cpp.so
[0.137s] -- Up-to-date: /home/dongju/camel-amr-projects/install/amr_msg_interfaces/share/amr_msg_interfaces/environment/pythonpath.sh
[0.137s] -- Up-to-date: /home/dongju/camel-amr-projects/install/amr_msg_interfaces/share/amr_msg_interfaces/environment/pythonpath.dsv
[0.138s] -- Up-to-date: /home/dongju/camel-amr-projects/install/amr_msg_interfaces/lib/python3.8/site-packages/amr_msg_interfaces/__init__.py
[0.160s] -- Up-to-date: /home/dongju/camel-amr-projects/install/amr_msg_interfaces/lib/python3.8/site-packages/amr_msg_interfaces/msg
[0.160s] -- Up-to-date: /home/dongju/camel-amr-projects/install/amr_msg_interfaces/lib/python3.8/site-packages/amr_msg_interfaces/msg/_trajectory_s.c
[0.160s] -- Up-to-date: /home/dongju/camel-amr-projects/install/amr_msg_interfaces/lib/python3.8/site-packages/amr_msg_interfaces/msg/__init__.py
[0.160s] -- Up-to-date: /home/dongju/camel-amr-projects/install/amr_msg_interfaces/lib/python3.8/site-packages/amr_msg_interfaces/msg/_grid_map_info_s.c
[0.160s] -- Up-to-date: /home/dongju/camel-amr-projects/install/amr_msg_interfaces/lib/python3.8/site-packages/amr_msg_interfaces/msg/_grid_map_info.py
[0.160s] -- Up-to-date: /home/dongju/camel-amr-projects/install/amr_msg_interfaces/lib/python3.8/site-packages/amr_msg_interfaces/msg/_trajectory.py
[0.160s] -- Up-to-date: /home/dongju/camel-amr-projects/install/amr_msg_interfaces/lib/python3.8/site-packages/amr_msg_interfaces/amr_msg_interfaces_s__rosidl_typesupport_fastrtps_c.cpython-38-x86_64-linux-gnu.so
[0.160s] -- Up-to-date: /home/dongju/camel-amr-projects/install/amr_msg_interfaces/lib/python3.8/site-packages/amr_msg_interfaces/amr_msg_interfaces_s__rosidl_typesupport_introspection_c.cpython-38-x86_64-linux-gnu.so
[0.160s] -- Up-to-date: /home/dongju/camel-amr-projects/install/amr_msg_interfaces/lib/python3.8/site-packages/amr_msg_interfaces/amr_msg_interfaces_s__rosidl_typesupport_c.cpython-38-x86_64-linux-gnu.so
[0.161s] -- Up-to-date: /home/dongju/camel-amr-projects/install/amr_msg_interfaces/lib/libamr_msg_interfaces__python.so
[0.161s] -- Up-to-date: /home/dongju/camel-amr-projects/install/amr_msg_interfaces/share/amr_msg_interfaces/msg/GridMapInfo.idl
[0.161s] -- Up-to-date: /home/dongju/camel-amr-projects/install/amr_msg_interfaces/share/amr_msg_interfaces/msg/Trajectory.idl
[0.161s] -- Up-to-date: /home/dongju/camel-amr-projects/install/amr_msg_interfaces/share/amr_msg_interfaces/msg/GridMapInfo.msg
[0.161s] -- Up-to-date: /home/dongju/camel-amr-projects/install/amr_msg_interfaces/share/amr_msg_interfaces/msg/Trajectory.msg
[0.161s] -- Up-to-date: /home/dongju/camel-amr-projects/install/amr_msg_interfaces/share/ament_index/resource_index/package_run_dependencies/amr_msg_interfaces
[0.161s] -- Up-to-date: /home/dongju/camel-amr-projects/install/amr_msg_interfaces/share/ament_index/resource_index/parent_prefix_path/amr_msg_interfaces
[0.161s] -- Up-to-date: /home/dongju/camel-amr-projects/install/amr_msg_interfaces/share/amr_msg_interfaces/environment/ament_prefix_path.sh
[0.161s] -- Up-to-date: /home/dongju/camel-amr-projects/install/amr_msg_interfaces/share/amr_msg_interfaces/environment/ament_prefix_path.dsv
[0.161s] -- Up-to-date: /home/dongju/camel-amr-projects/install/amr_msg_interfaces/share/amr_msg_interfaces/environment/path.sh
[0.161s] -- Up-to-date: /home/dongju/camel-amr-projects/install/amr_msg_interfaces/share/amr_msg_interfaces/environment/path.dsv
[0.161s] -- Up-to-date: /home/dongju/camel-amr-projects/install/amr_msg_interfaces/share/amr_msg_interfaces/local_setup.bash
[0.161s] -- Up-to-date: /home/dongju/camel-amr-projects/install/amr_msg_interfaces/share/amr_msg_interfaces/local_setup.sh
[0.162s] -- Up-to-date: /home/dongju/camel-amr-projects/install/amr_msg_interfaces/share/amr_msg_interfaces/local_setup.zsh
[0.162s] -- Up-to-date: /home/dongju/camel-amr-projects/install/amr_msg_interfaces/share/amr_msg_interfaces/local_setup.dsv
[0.162s] -- Installing: /home/dongju/camel-amr-projects/install/amr_msg_interfaces/share/amr_msg_interfaces/package.dsv
[0.162s] -- Up-to-date: /home/dongju/camel-amr-projects/install/amr_msg_interfaces/share/ament_index/resource_index/packages/amr_msg_interfaces
[0.162s] -- Up-to-date: /home/dongju/camel-amr-projects/install/amr_msg_interfaces/share/amr_msg_interfaces/cmake/amr_msg_interfaces__rosidl_generator_cExport.cmake
[0.162s] -- Up-to-date: /home/dongju/camel-amr-projects/install/amr_msg_interfaces/share/amr_msg_interfaces/cmake/amr_msg_interfaces__rosidl_generator_cExport-noconfig.cmake
[0.162s] -- Up-to-date: /home/dongju/camel-amr-projects/install/amr_msg_interfaces/share/amr_msg_interfaces/cmake/amr_msg_interfaces__rosidl_typesupport_introspection_cExport.cmake
[0.162s] -- Up-to-date: /home/dongju/camel-amr-projects/install/amr_msg_interfaces/share/amr_msg_interfaces/cmake/amr_msg_interfaces__rosidl_typesupport_introspection_cExport-noconfig.cmake
[0.162s] -- Up-to-date: /home/dongju/camel-amr-projects/install/amr_msg_interfaces/share/amr_msg_interfaces/cmake/amr_msg_interfaces__rosidl_typesupport_cExport.cmake
[0.162s] -- Up-to-date: /home/dongju/camel-amr-projects/install/amr_msg_interfaces/share/amr_msg_interfaces/cmake/amr_msg_interfaces__rosidl_typesupport_cExport-noconfig.cmake
[0.162s] -- Up-to-date: /home/dongju/camel-amr-projects/install/amr_msg_interfaces/share/amr_msg_interfaces/cmake/amr_msg_interfaces__rosidl_generator_cppExport.cmake
[0.162s] -- Up-to-date: /home/dongju/camel-amr-projects/install/amr_msg_interfaces/share/amr_msg_interfaces/cmake/amr_msg_interfaces__rosidl_typesupport_introspection_cppExport.cmake
[0.162s] -- Up-to-date: /home/dongju/camel-amr-projects/install/amr_msg_interfaces/share/amr_msg_interfaces/cmake/amr_msg_interfaces__rosidl_typesupport_introspection_cppExport-noconfig.cmake
[0.162s] -- Up-to-date: /home/dongju/camel-amr-projects/install/amr_msg_interfaces/share/amr_msg_interfaces/cmake/amr_msg_interfaces__rosidl_typesupport_cppExport.cmake
[0.162s] -- Up-to-date: /home/dongju/camel-amr-projects/install/amr_msg_interfaces/share/amr_msg_interfaces/cmake/amr_msg_interfaces__rosidl_typesupport_cppExport-noconfig.cmake
[0.163s] -- Up-to-date: /home/dongju/camel-amr-projects/install/amr_msg_interfaces/share/amr_msg_interfaces/cmake/rosidl_cmake-extras.cmake
[0.163s] -- Up-to-date: /home/dongju/camel-amr-projects/install/amr_msg_interfaces/share/amr_msg_interfaces/cmake/ament_cmake_export_dependencies-extras.cmake
[0.165s] -- Up-to-date: /home/dongju/camel-amr-projects/install/amr_msg_interfaces/share/amr_msg_interfaces/cmake/ament_cmake_export_libraries-extras.cmake
[0.165s] -- Up-to-date: /home/dongju/camel-amr-projects/install/amr_msg_interfaces/share/amr_msg_interfaces/cmake/ament_cmake_export_targets-extras.cmake
[0.166s] -- Up-to-date: /home/dongju/camel-amr-projects/install/amr_msg_interfaces/share/amr_msg_interfaces/cmake/ament_cmake_export_include_directories-extras.cmake
[0.166s] -- Up-to-date: /home/dongju/camel-amr-projects/install/amr_msg_interfaces/share/amr_msg_interfaces/cmake/rosidl_cmake_export_typesupport_libraries-extras.cmake
[0.166s] -- Up-to-date: /home/dongju/camel-amr-projects/install/amr_msg_interfaces/share/amr_msg_interfaces/cmake/rosidl_cmake_export_typesupport_targets-extras.cmake
[0.166s] -- Up-to-date: /home/dongju/camel-amr-projects/install/amr_msg_interfaces/share/amr_msg_interfaces/cmake/amr_msg_interfacesConfig.cmake
[0.166s] -- Up-to-date: /home/dongju/camel-amr-projects/install/amr_msg_interfaces/share/amr_msg_interfaces/cmake/amr_msg_interfacesConfig-version.cmake
[0.167s] -- Up-to-date: /home/dongju/camel-amr-projects/install/amr_msg_interfaces/share/amr_msg_interfaces/package.xml
[0.167s] Invoked command in '/home/dongju/camel-amr-projects/build/amr_msg_interfaces' returned '0': CMAKE_PREFIX_PATH=/opt/ros/foxy /usr/local/bin/cmake --install /home/dongju/camel-amr-projects/build/amr_msg_interfaces
