-- Found ament_cmake: 0.9.12 (/opt/ros/foxy/share/ament_cmake/cmake)
-- Using PYTHON_EXECUTABLE: /usr/bin/python3
-- Override CMake install command with custom implementation using symlinks instead of copying resources
-- Found amr_msg_interfaces: 0.6.0 (/home/sangjun/camel-amr-projects-V1/install/amr_msg_interfaces/share/amr_msg_interfaces/cmake)
-- Using all available rosidl_typesupport_c: rosidl_typesupport_fastrtps_c;rosidl_typesupport_introspection_c
-- Found rosidl_adapter: 1.3.1 (/opt/ros/foxy/share/rosidl_adapter/cmake)
-- Using all available rosidl_typesupport_cpp: rosidl_typesupport_fastrtps_cpp;rosidl_typesupport_introspection_cpp
-- Found rclcpp: 2.4.3 (/opt/ros/foxy/share/rclcpp/cmake)
-- Found rmw_implementation_cmake: 1.0.4 (/opt/ros/foxy/share/rmw_implementation_cmake/cmake)
-- Using RMW implementation 'rmw_fastrtps_cpp' as default
-- Found sensor_msgs: 2.0.5 (/opt/ros/foxy/share/sensor_msgs/cmake)
-- Found nav_msgs: 2.0.5 (/opt/ros/foxy/share/nav_msgs/cmake)
-- Found ament_lint_auto: 0.9.8 (/opt/ros/foxy/share/ament_lint_auto/cmake)
-- Found ament_cmake_gtest: 0.9.12 (/opt/ros/foxy/share/ament_cmake_gtest/cmake)
-- Added test 'copyright' to check source files copyright and LICENSE
-- Added test 'cppcheck' to perform static code analysis on C / C++ code
-- Configured cppcheck include dirs: /home/sangjun/camel-amr-projects-V1/src/amr-main-pkg/include
-- Configured cppcheck exclude dirs and/or files: 
-- Added test 'cpplint' to check C / C++ code against the Google style
-- Configured cpplint exclude dirs and/or files: 
-- Added test 'lint_cmake' to check CMake code style
-- Added test 'uncrustify' to check C / C++ code style
-- Configured uncrustify additional arguments: 
-- Added test 'xmllint' to check XML markup files
-- Configuring done
-- Generating done
-- Build files have been written to: /home/sangjun/camel-amr-projects-V1/build/amr-main-pkg
[35m[1mConsolidate compiler generated dependencies of target astar_lib[0m
[35m[1mConsolidate compiler generated dependencies of target visualize_lib[0m
[ 33%] Built target astar_lib
[ 66%] Built target visualize_lib
[35m[1mConsolidate compiler generated dependencies of target simulmain[0m
[ 83%] [32mBuilding CXX object CMakeFiles/simulmain.dir/src/simulmain/simul_main.cpp.o[0m
[01m[K/home/sangjun/camel-amr-projects-V1/src/amr-main-pkg/src/simulmain/simul_main.cpp:[m[K In member function ‘[01m[Kvoid ParkingNode::sub_callback(sensor_msgs::msg::LaserScan_<std::allocator<void> >::SharedPtr)[m[K’:
[01m[K/home/sangjun/camel-amr-projects-V1/src/amr-main-pkg/src/simulmain/simul_main.cpp:17:59:[m[K [01;35m[Kwarning: [m[Kunused parameter ‘[01m[Kmsg[m[K’ [[01;35m[K-Wunused-parameter[m[K]
   17 | void ParkingNode::sub_callback([01;35m[Kconst LaserScan::SharedPtr msg[m[K)
      |                                [01;35m[K~~~~~~~~~~~~~~~~~~~~~~~~~~~^~~[m[K
[100%] [32m[1mLinking CXX executable simulmain[0m
[100%] Built target simulmain
-- Install configuration: ""
-- Execute custom install script
-- Up-to-date symlink: /home/sangjun/camel-amr-projects-V1/install/amr-main-pkg/include/Variables/Variable.hpp
-- Up-to-date symlink: /home/sangjun/camel-amr-projects-V1/install/amr-main-pkg/include/Variables/mapinfo.hpp
-- Symlinking: /home/sangjun/camel-amr-projects-V1/install/amr-main-pkg/include/Visualize/Map_In_Out.hpp
-- Up-to-date symlink: /home/sangjun/camel-amr-projects-V1/install/amr-main-pkg/include/astar/Astar.hpp
-- Up-to-date symlink: /home/sangjun/camel-amr-projects-V1/install/amr-main-pkg/include/simulmain/simul_main.hpp
-- Up-to-date symlink: /home/sangjun/camel-amr-projects-V1/install/amr-main-pkg/lib/libastar_lib.a
-- Symlinking: /home/sangjun/camel-amr-projects-V1/install/amr-main-pkg/lib/libvisualize_lib.a
-- Up-to-date symlink: /home/sangjun/camel-amr-projects-V1/install/amr-main-pkg/lib/amr-main-pkg/simulmain
-- Up-to-date symlink: /home/sangjun/camel-amr-projects-V1/install/amr-main-pkg/share/amr-main-pkg/param/amr_config.yaml
-- Up-to-date symlink: /home/sangjun/camel-amr-projects-V1/install/amr-main-pkg/share/ament_index/resource_index/package_run_dependencies/amr-main-pkg
-- Up-to-date symlink: /home/sangjun/camel-amr-projects-V1/install/amr-main-pkg/share/ament_index/resource_index/parent_prefix_path/amr-main-pkg
-- Up-to-date symlink: /home/sangjun/camel-amr-projects-V1/install/amr-main-pkg/share/amr-main-pkg/environment/ament_prefix_path.sh
-- Up-to-date symlink: /home/sangjun/camel-amr-projects-V1/install/amr-main-pkg/share/amr-main-pkg/environment/ament_prefix_path.dsv
-- Up-to-date symlink: /home/sangjun/camel-amr-projects-V1/install/amr-main-pkg/share/amr-main-pkg/environment/path.sh
-- Up-to-date symlink: /home/sangjun/camel-amr-projects-V1/install/amr-main-pkg/share/amr-main-pkg/environment/path.dsv
-- Up-to-date symlink: /home/sangjun/camel-amr-projects-V1/install/amr-main-pkg/share/amr-main-pkg/local_setup.bash
-- Up-to-date symlink: /home/sangjun/camel-amr-projects-V1/install/amr-main-pkg/share/amr-main-pkg/local_setup.sh
-- Up-to-date symlink: /home/sangjun/camel-amr-projects-V1/install/amr-main-pkg/share/amr-main-pkg/local_setup.zsh
-- Up-to-date symlink: /home/sangjun/camel-amr-projects-V1/install/amr-main-pkg/share/amr-main-pkg/local_setup.dsv
-- Symlinking: /home/sangjun/camel-amr-projects-V1/install/amr-main-pkg/share/amr-main-pkg/package.dsv
-- Up-to-date symlink: /home/sangjun/camel-amr-projects-V1/install/amr-main-pkg/share/ament_index/resource_index/packages/amr-main-pkg
-- Up-to-date symlink: /home/sangjun/camel-amr-projects-V1/install/amr-main-pkg/share/amr-main-pkg/cmake/amr-main-pkgConfig.cmake
-- Up-to-date symlink: /home/sangjun/camel-amr-projects-V1/install/amr-main-pkg/share/amr-main-pkg/cmake/amr-main-pkgConfig-version.cmake
-- Up-to-date symlink: /home/sangjun/camel-amr-projects-V1/install/amr-main-pkg/share/amr-main-pkg/package.xml
