[0.027s] Invoking command in '/home/percy/camel-amr-projects/build/amr_msg_interfaces': CMAKE_PREFIX_PATH=${CMAKE_PREFIX_PATH}:/opt/ros/foxy /usr/local/bin/cmake --build /home/percy/camel-amr-projects/build/amr_msg_interfaces -- -j6 -l6
[0.052s] [  2%] Built target amr_msg_interfaces__cpp
[0.054s] [ 12%] Built target amr_msg_interfaces__rosidl_generator_c
[0.067s] [ 23%] Built target amr_msg_interfaces__rosidl_typesupport_fastrtps_cpp
[0.067s] [ 38%] Built target amr_msg_interfaces__rosidl_typesupport_introspection_c
[0.067s] [ 43%] Built target amr_msg_interfaces__rosidl_typesupport_cpp
[0.067s] [ 53%] Built target amr_msg_interfaces__rosidl_typesupport_c
[0.067s] [ 64%] Built target amr_msg_interfaces__rosidl_typesupport_introspection_cpp
[0.073s] [ 74%] Built target amr_msg_interfaces__rosidl_typesupport_fastrtps_c
[0.082s] [ 74%] Built target amr_msg_interfaces
[0.088s] [ 76%] Built target amr_msg_interfaces__py
[0.100s] [ 84%] Built target amr_msg_interfaces__python
[0.111s] [ 94%] Built target amr_msg_interfaces__rosidl_typesupport_introspection_c__pyext
[0.111s] [ 94%] Built target amr_msg_interfaces__rosidl_typesupport_fastrtps_c__pyext
[0.111s] [100%] Built target amr_msg_interfaces__rosidl_typesupport_c__pyext
[0.125s] Invoked command in '/home/percy/camel-amr-projects/build/amr_msg_interfaces' returned '0': CMAKE_PREFIX_PATH=${CMAKE_PREFIX_PATH}:/opt/ros/foxy /usr/local/bin/cmake --build /home/percy/camel-amr-projects/build/amr_msg_interfaces -- -j6 -l6
[0.169s] Invoking command in '/home/percy/camel-amr-projects/build/amr_msg_interfaces': CMAKE_PREFIX_PATH=${CMAKE_PREFIX_PATH}:/opt/ros/foxy /usr/local/bin/cmake --install /home/percy/camel-amr-projects/build/amr_msg_interfaces
[0.173s] -- Install configuration: ""
[0.173s] -- Execute custom install script
[0.174s] -- Up-to-date symlink: /home/percy/camel-amr-projects/install/amr_msg_interfaces/share/ament_index/resource_index/rosidl_interfaces/amr_msg_interfaces
[0.174s] -- Up-to-date symlink: /home/percy/camel-amr-projects/install/amr_msg_interfaces/include/amr_msg_interfaces/msg/detail/grid_map_info__functions.h
[0.174s] -- Up-to-date symlink: /home/percy/camel-amr-projects/install/amr_msg_interfaces/include/amr_msg_interfaces/msg/detail/grid_map_info__struct.h
[0.174s] -- Up-to-date symlink: /home/percy/camel-amr-projects/install/amr_msg_interfaces/include/amr_msg_interfaces/msg/detail/grid_map_info__type_support.h
[0.174s] -- Up-to-date symlink: /home/percy/camel-amr-projects/install/amr_msg_interfaces/include/amr_msg_interfaces/msg/detail/trajectory__functions.h
[0.174s] -- Up-to-date symlink: /home/percy/camel-amr-projects/install/amr_msg_interfaces/include/amr_msg_interfaces/msg/detail/trajectory__struct.h
[0.174s] -- Up-to-date symlink: /home/percy/camel-amr-projects/install/amr_msg_interfaces/include/amr_msg_interfaces/msg/detail/trajectory__type_support.h
[0.175s] -- Up-to-date symlink: /home/percy/camel-amr-projects/install/amr_msg_interfaces/include/amr_msg_interfaces/msg/grid_map_info.h
[0.175s] -- Up-to-date symlink: /home/percy/camel-amr-projects/install/amr_msg_interfaces/include/amr_msg_interfaces/msg/rosidl_generator_c__visibility_control.h
[0.175s] -- Up-to-date symlink: /home/percy/camel-amr-projects/install/amr_msg_interfaces/include/amr_msg_interfaces/msg/trajectory.h
[0.175s] -- Up-to-date symlink: /home/percy/camel-amr-projects/install/amr_msg_interfaces/share/amr_msg_interfaces/environment/library_path.sh
[0.175s] -- Up-to-date symlink: /home/percy/camel-amr-projects/install/amr_msg_interfaces/share/amr_msg_interfaces/environment/library_path.dsv
[0.175s] -- Up-to-date symlink: /home/percy/camel-amr-projects/install/amr_msg_interfaces/include/amr_msg_interfaces/msg/detail/grid_map_info__rosidl_typesupport_fastrtps_c.h
[0.175s] -- Up-to-date symlink: /home/percy/camel-amr-projects/install/amr_msg_interfaces/include/amr_msg_interfaces/msg/detail/trajectory__rosidl_typesupport_fastrtps_c.h
[0.175s] -- Up-to-date symlink: /home/percy/camel-amr-projects/install/amr_msg_interfaces/include/amr_msg_interfaces/msg/rosidl_typesupport_fastrtps_c__visibility_control.h
[0.176s] -- Up-to-date symlink: /home/percy/camel-amr-projects/install/amr_msg_interfaces/lib/libamr_msg_interfaces__rosidl_typesupport_fastrtps_c.so
[0.176s] -- Up-to-date symlink: /home/percy/camel-amr-projects/install/amr_msg_interfaces/include/amr_msg_interfaces/msg/detail/grid_map_info__rosidl_typesupport_fastrtps_cpp.hpp
[0.176s] -- Up-to-date symlink: /home/percy/camel-amr-projects/install/amr_msg_interfaces/include/amr_msg_interfaces/msg/detail/trajectory__rosidl_typesupport_fastrtps_cpp.hpp
[0.176s] -- Up-to-date symlink: /home/percy/camel-amr-projects/install/amr_msg_interfaces/include/amr_msg_interfaces/msg/rosidl_typesupport_fastrtps_cpp__visibility_control.h
[0.176s] -- Up-to-date symlink: /home/percy/camel-amr-projects/install/amr_msg_interfaces/lib/libamr_msg_interfaces__rosidl_typesupport_fastrtps_cpp.so
[0.177s] -- Up-to-date symlink: /home/percy/camel-amr-projects/install/amr_msg_interfaces/include/amr_msg_interfaces/msg/detail/grid_map_info__rosidl_typesupport_introspection_c.h
[0.177s] -- Up-to-date symlink: /home/percy/camel-amr-projects/install/amr_msg_interfaces/include/amr_msg_interfaces/msg/detail/trajectory__rosidl_typesupport_introspection_c.h
[0.177s] -- Up-to-date symlink: /home/percy/camel-amr-projects/install/amr_msg_interfaces/include/amr_msg_interfaces/msg/rosidl_typesupport_introspection_c__visibility_control.h
[0.177s] -- Up-to-date symlink: /home/percy/camel-amr-projects/install/amr_msg_interfaces/include/amr_msg_interfaces/msg/detail/grid_map_info__builder.hpp
[0.177s] -- Up-to-date symlink: /home/percy/camel-amr-projects/install/amr_msg_interfaces/include/amr_msg_interfaces/msg/detail/grid_map_info__struct.hpp
[0.177s] -- Up-to-date symlink: /home/percy/camel-amr-projects/install/amr_msg_interfaces/include/amr_msg_interfaces/msg/detail/grid_map_info__traits.hpp
[0.177s] -- Up-to-date symlink: /home/percy/camel-amr-projects/install/amr_msg_interfaces/include/amr_msg_interfaces/msg/detail/grid_map_info__type_support.hpp
[0.177s] -- Up-to-date symlink: /home/percy/camel-amr-projects/install/amr_msg_interfaces/include/amr_msg_interfaces/msg/detail/trajectory__builder.hpp
[0.177s] -- Up-to-date symlink: /home/percy/camel-amr-projects/install/amr_msg_interfaces/include/amr_msg_interfaces/msg/detail/trajectory__struct.hpp
[0.178s] -- Up-to-date symlink: /home/percy/camel-amr-projects/install/amr_msg_interfaces/include/amr_msg_interfaces/msg/detail/trajectory__traits.hpp
[0.178s] -- Up-to-date symlink: /home/percy/camel-amr-projects/install/amr_msg_interfaces/include/amr_msg_interfaces/msg/detail/trajectory__type_support.hpp
[0.178s] -- Up-to-date symlink: /home/percy/camel-amr-projects/install/amr_msg_interfaces/include/amr_msg_interfaces/msg/grid_map_info.hpp
[0.178s] -- Up-to-date symlink: /home/percy/camel-amr-projects/install/amr_msg_interfaces/include/amr_msg_interfaces/msg/rosidl_generator_cpp__visibility_control.hpp
[0.178s] -- Up-to-date symlink: /home/percy/camel-amr-projects/install/amr_msg_interfaces/include/amr_msg_interfaces/msg/trajectory.hpp
[0.178s] -- Up-to-date symlink: /home/percy/camel-amr-projects/install/amr_msg_interfaces/include/amr_msg_interfaces/msg/detail/grid_map_info__rosidl_typesupport_introspection_cpp.hpp
[0.178s] -- Up-to-date symlink: /home/percy/camel-amr-projects/install/amr_msg_interfaces/include/amr_msg_interfaces/msg/detail/trajectory__rosidl_typesupport_introspection_cpp.hpp
[0.178s] -- Up-to-date symlink: /home/percy/camel-amr-projects/install/amr_msg_interfaces/share/amr_msg_interfaces/environment/pythonpath.sh
[0.178s] -- Up-to-date symlink: /home/percy/camel-amr-projects/install/amr_msg_interfaces/share/amr_msg_interfaces/environment/pythonpath.dsv
[0.179s] -- Up-to-date symlink: /home/percy/camel-amr-projects/install/amr_msg_interfaces/lib/python3.8/site-packages/amr_msg_interfaces/__init__.py
[0.179s] -- Up-to-date symlink: /home/percy/camel-amr-projects/install/amr_msg_interfaces/lib/python3.8/site-packages/amr_msg_interfaces/msg/__init__.py
[0.179s] -- Up-to-date symlink: /home/percy/camel-amr-projects/install/amr_msg_interfaces/lib/python3.8/site-packages/amr_msg_interfaces/msg/_grid_map_info.py
[0.179s] -- Up-to-date symlink: /home/percy/camel-amr-projects/install/amr_msg_interfaces/lib/python3.8/site-packages/amr_msg_interfaces/msg/_trajectory.py
[0.180s] -- Up-to-date symlink: /home/percy/camel-amr-projects/install/amr_msg_interfaces/lib/python3.8/site-packages/amr_msg_interfaces/amr_msg_interfaces_s__rosidl_typesupport_fastrtps_c.cpython-38-x86_64-linux-gnu.so
[0.180s] -- Up-to-date symlink: /home/percy/camel-amr-projects/install/amr_msg_interfaces/lib/python3.8/site-packages/amr_msg_interfaces/amr_msg_interfaces_s__rosidl_typesupport_introspection_c.cpython-38-x86_64-linux-gnu.so
[0.180s] -- Up-to-date symlink: /home/percy/camel-amr-projects/install/amr_msg_interfaces/lib/python3.8/site-packages/amr_msg_interfaces/amr_msg_interfaces_s__rosidl_typesupport_c.cpython-38-x86_64-linux-gnu.so
[0.181s] -- Up-to-date symlink: /home/percy/camel-amr-projects/install/amr_msg_interfaces/lib/libamr_msg_interfaces__python.so
[0.181s] -- Up-to-date symlink: /home/percy/camel-amr-projects/install/amr_msg_interfaces/share/amr_msg_interfaces/msg/GridMapInfo.idl
[0.181s] -- Up-to-date symlink: /home/percy/camel-amr-projects/install/amr_msg_interfaces/share/amr_msg_interfaces/msg/Trajectory.idl
[0.182s] -- Up-to-date symlink: /home/percy/camel-amr-projects/install/amr_msg_interfaces/share/amr_msg_interfaces/msg/GridMapInfo.msg
[0.182s] -- Up-to-date symlink: /home/percy/camel-amr-projects/install/amr_msg_interfaces/share/amr_msg_interfaces/msg/Trajectory.msg
[0.182s] -- Up-to-date symlink: /home/percy/camel-amr-projects/install/amr_msg_interfaces/share/ament_index/resource_index/package_run_dependencies/amr_msg_interfaces
[0.182s] -- Up-to-date symlink: /home/percy/camel-amr-projects/install/amr_msg_interfaces/share/ament_index/resource_index/parent_prefix_path/amr_msg_interfaces
[0.183s] -- Up-to-date symlink: /home/percy/camel-amr-projects/install/amr_msg_interfaces/share/amr_msg_interfaces/environment/ament_prefix_path.sh
[0.183s] -- Up-to-date symlink: /home/percy/camel-amr-projects/install/amr_msg_interfaces/share/amr_msg_interfaces/environment/ament_prefix_path.dsv
[0.183s] -- Up-to-date symlink: /home/percy/camel-amr-projects/install/amr_msg_interfaces/share/amr_msg_interfaces/environment/path.sh
[0.183s] -- Up-to-date symlink: /home/percy/camel-amr-projects/install/amr_msg_interfaces/share/amr_msg_interfaces/environment/path.dsv
[0.183s] -- Up-to-date symlink: /home/percy/camel-amr-projects/install/amr_msg_interfaces/share/amr_msg_interfaces/local_setup.bash
[0.184s] -- Up-to-date symlink: /home/percy/camel-amr-projects/install/amr_msg_interfaces/share/amr_msg_interfaces/local_setup.sh
[0.184s] -- Up-to-date symlink: /home/percy/camel-amr-projects/install/amr_msg_interfaces/share/amr_msg_interfaces/local_setup.zsh
[0.184s] -- Up-to-date symlink: /home/percy/camel-amr-projects/install/amr_msg_interfaces/share/amr_msg_interfaces/local_setup.dsv
[0.184s] -- Symlinking: /home/percy/camel-amr-projects/install/amr_msg_interfaces/share/amr_msg_interfaces/package.dsv
[0.188s] -- Up-to-date symlink: /home/percy/camel-amr-projects/install/amr_msg_interfaces/share/ament_index/resource_index/packages/amr_msg_interfaces
[0.188s] -- Up-to-date symlink: /home/percy/camel-amr-projects/install/amr_msg_interfaces/share/amr_msg_interfaces/cmake/rosidl_cmake-extras.cmake
[0.188s] -- Up-to-date symlink: /home/percy/camel-amr-projects/install/amr_msg_interfaces/share/amr_msg_interfaces/cmake/ament_cmake_export_dependencies-extras.cmake
[0.188s] -- Up-to-date symlink: /home/percy/camel-amr-projects/install/amr_msg_interfaces/share/amr_msg_interfaces/cmake/ament_cmake_export_libraries-extras.cmake
[0.188s] -- Up-to-date symlink: /home/percy/camel-amr-projects/install/amr_msg_interfaces/share/amr_msg_interfaces/cmake/ament_cmake_export_targets-extras.cmake
[0.189s] -- Up-to-date symlink: /home/percy/camel-amr-projects/install/amr_msg_interfaces/share/amr_msg_interfaces/cmake/ament_cmake_export_include_directories-extras.cmake
[0.189s] -- Up-to-date symlink: /home/percy/camel-amr-projects/install/amr_msg_interfaces/share/amr_msg_interfaces/cmake/rosidl_cmake_export_typesupport_libraries-extras.cmake
[0.189s] -- Up-to-date symlink: /home/percy/camel-amr-projects/install/amr_msg_interfaces/share/amr_msg_interfaces/cmake/rosidl_cmake_export_typesupport_targets-extras.cmake
[0.189s] -- Up-to-date symlink: /home/percy/camel-amr-projects/install/amr_msg_interfaces/share/amr_msg_interfaces/cmake/amr_msg_interfacesConfig.cmake
[0.189s] -- Up-to-date symlink: /home/percy/camel-amr-projects/install/amr_msg_interfaces/share/amr_msg_interfaces/cmake/amr_msg_interfacesConfig-version.cmake
[0.189s] -- Up-to-date symlink: /home/percy/camel-amr-projects/install/amr_msg_interfaces/share/amr_msg_interfaces/package.xml
[0.189s] -- Up-to-date: /home/percy/camel-amr-projects/install/amr_msg_interfaces/lib/libamr_msg_interfaces__rosidl_generator_c.so
[0.189s] -- Up-to-date: /home/percy/camel-amr-projects/install/amr_msg_interfaces/lib/libamr_msg_interfaces__rosidl_typesupport_introspection_c.so
[0.190s] -- Up-to-date: /home/percy/camel-amr-projects/install/amr_msg_interfaces/lib/libamr_msg_interfaces__rosidl_typesupport_c.so
[0.190s] -- Up-to-date: /home/percy/camel-amr-projects/install/amr_msg_interfaces/lib/libamr_msg_interfaces__rosidl_typesupport_introspection_cpp.so
[0.190s] -- Up-to-date: /home/percy/camel-amr-projects/install/amr_msg_interfaces/lib/libamr_msg_interfaces__rosidl_typesupport_cpp.so
[0.215s] -- Up-to-date: /home/percy/camel-amr-projects/install/amr_msg_interfaces/share/amr_msg_interfaces/cmake/amr_msg_interfaces__rosidl_generator_cExport.cmake
[0.216s] -- Up-to-date: /home/percy/camel-amr-projects/install/amr_msg_interfaces/share/amr_msg_interfaces/cmake/amr_msg_interfaces__rosidl_generator_cExport-noconfig.cmake
[0.216s] -- Up-to-date: /home/percy/camel-amr-projects/install/amr_msg_interfaces/share/amr_msg_interfaces/cmake/amr_msg_interfaces__rosidl_typesupport_introspection_cExport.cmake
[0.216s] -- Up-to-date: /home/percy/camel-amr-projects/install/amr_msg_interfaces/share/amr_msg_interfaces/cmake/amr_msg_interfaces__rosidl_typesupport_introspection_cExport-noconfig.cmake
[0.216s] -- Up-to-date: /home/percy/camel-amr-projects/install/amr_msg_interfaces/share/amr_msg_interfaces/cmake/amr_msg_interfaces__rosidl_typesupport_cExport.cmake
[0.216s] -- Up-to-date: /home/percy/camel-amr-projects/install/amr_msg_interfaces/share/amr_msg_interfaces/cmake/amr_msg_interfaces__rosidl_typesupport_cExport-noconfig.cmake
[0.216s] -- Up-to-date: /home/percy/camel-amr-projects/install/amr_msg_interfaces/share/amr_msg_interfaces/cmake/amr_msg_interfaces__rosidl_generator_cppExport.cmake
[0.216s] -- Up-to-date: /home/percy/camel-amr-projects/install/amr_msg_interfaces/share/amr_msg_interfaces/cmake/amr_msg_interfaces__rosidl_typesupport_introspection_cppExport.cmake
[0.216s] -- Up-to-date: /home/percy/camel-amr-projects/install/amr_msg_interfaces/share/amr_msg_interfaces/cmake/amr_msg_interfaces__rosidl_typesupport_introspection_cppExport-noconfig.cmake
[0.216s] -- Up-to-date: /home/percy/camel-amr-projects/install/amr_msg_interfaces/share/amr_msg_interfaces/cmake/amr_msg_interfaces__rosidl_typesupport_cppExport.cmake
[0.216s] -- Up-to-date: /home/percy/camel-amr-projects/install/amr_msg_interfaces/share/amr_msg_interfaces/cmake/amr_msg_interfaces__rosidl_typesupport_cppExport-noconfig.cmake
[0.221s] Invoked command in '/home/percy/camel-amr-projects/build/amr_msg_interfaces' returned '0': CMAKE_PREFIX_PATH=${CMAKE_PREFIX_PATH}:/opt/ros/foxy /usr/local/bin/cmake --install /home/percy/camel-amr-projects/build/amr_msg_interfaces
