[0.012s] Invoking command in '/home/sangjun/camel-amr-projects-UI/build/amr-main-pkg': CMAKE_PREFIX_PATH=/home/sangjun/camel-amr-projects-UI/install/amr_msg_interfaces:/home/sangjun/camel-amr-projects-UI/install/amr-main-pkg:/home/sangjun/camel-amr-projects-UI/install/amr-obstacle-pkg:/home/sangjun/camel-amr-projects-UI/install/amr-gazebo-pkg:/opt/ros/foxy:/home/sangjun/catkin_ws/devel:/opt/ros/noetic /usr/local/bin/cmake --build /home/sangjun/camel-amr-projects-UI/build/amr-main-pkg -- -j6 -l6
[0.030s] -- Found ament_cmake: 0.9.12 (/opt/ros/foxy/share/ament_cmake/cmake)
[0.053s] -- Using PYTHON_EXECUTABLE: /usr/bin/python3
[0.216s] -- Override CMake install command with custom implementation using symlinks instead of copying resources
[0.221s] -- Found amr_msg_interfaces: 0.6.0 (/home/sangjun/camel-amr-projects-UI/install/amr_msg_interfaces/share/amr_msg_interfaces/cmake)
[0.237s] -- Using all available rosidl_typesupport_c: rosidl_typesupport_fastrtps_c;rosidl_typesupport_introspection_c
[0.239s] -- Found rosidl_adapter: 1.3.1 (/opt/ros/foxy/share/rosidl_adapter/cmake)
[0.337s] -- Using all available rosidl_typesupport_cpp: rosidl_typesupport_fastrtps_cpp;rosidl_typesupport_introspection_cpp
[0.364s] -- Found rclcpp: 2.4.3 (/opt/ros/foxy/share/rclcpp/cmake)
[0.386s] -- Found rmw_implementation_cmake: 1.0.4 (/opt/ros/foxy/share/rmw_implementation_cmake/cmake)
[0.387s] -- Using RMW implementation 'rmw_fastrtps_cpp' as default
[0.483s] -- Found sensor_msgs: 2.0.5 (/opt/ros/foxy/share/sensor_msgs/cmake)
[0.562s] -- Found nav_msgs: 2.0.5 (/opt/ros/foxy/share/nav_msgs/cmake)
[0.621s] -- Found ament_lint_auto: 0.9.8 (/opt/ros/foxy/share/ament_lint_auto/cmake)
[0.670s] -- Found ament_cmake_gtest: 0.9.12 (/opt/ros/foxy/share/ament_cmake_gtest/cmake)
[0.673s] -- Added test 'copyright' to check source files copyright and LICENSE
[0.675s] -- Added test 'cppcheck' to perform static code analysis on C / C++ code
[0.676s] -- Configured cppcheck include dirs: /home/sangjun/camel-amr-projects-UI/src/amr-main-pkg/include
[0.676s] -- Configured cppcheck exclude dirs and/or files: 
[0.677s] -- Added test 'cpplint' to check C / C++ code against the Google style
[0.678s] -- Configured cpplint exclude dirs and/or files: 
[0.678s] -- Added test 'lint_cmake' to check CMake code style
[0.680s] -- Added test 'uncrustify' to check C / C++ code style
[0.680s] -- Configured uncrustify additional arguments: 
[0.680s] -- Added test 'xmllint' to check XML markup files
[0.680s] -- Configuring done
[0.751s] -- Generating done
[0.756s] -- Build files have been written to: /home/sangjun/camel-amr-projects-UI/build/amr-main-pkg
[0.773s] [  3%] [34m[1mAutomatic MOC and UIC for target clusteringDynamicObs_lib[0m
[0.773s] [  7%] [34m[1mAutomatic MOC and UIC for target visualize_lib[0m
[0.773s] [ 11%] [34m[1mAutomatic MOC and UIC for target astar_lib[0m
[0.773s] [ 15%] [34m[1mAutomatic MOC and UIC for target obsDetection_lib[0m
[0.775s] [ 19%] [34m[1mAutomatic MOC and UIC for target dynamicObstacle_lib[0m
[0.783s] [ 19%] Built target dynamicObstacle_lib_autogen
[0.783s] [ 19%] Built target visualize_lib_autogen
[0.783s] [ 19%] Built target obsDetection_lib_autogen
[0.783s] [ 19%] Built target clusteringDynamicObs_lib_autogen
[0.784s] [ 19%] Built target astar_lib_autogen
[0.786s] [35m[1mConsolidate compiler generated dependencies of target dynamicObstacle_lib[0m
[0.786s] [35m[1mConsolidate compiler generated dependencies of target obsDetection_lib[0m
[0.786s] [35m[1mConsolidate compiler generated dependencies of target visualize_lib[0m
[0.787s] [35m[1mConsolidate compiler generated dependencies of target clusteringDynamicObs_lib[0m
[0.790s] [35m[1mConsolidate compiler generated dependencies of target astar_lib[0m
[0.793s] [ 30%] Built target visualize_lib
[0.793s] [ 42%] Built target obsDetection_lib
[0.794s] [ 53%] Built target dynamicObstacle_lib
[0.795s] [ 65%] Built target clusteringDynamicObs_lib
[0.796s] [ 76%] Built target astar_lib
[0.803s] [ 80%] [34m[1mAutomatic MOC and UIC for target simulmain[0m
[0.812s] [ 80%] Built target simulmain_autogen
[0.822s] [35m[1mConsolidate compiler generated dependencies of target simulmain[0m
[0.843s] [ 84%] [32m[1mLinking CXX executable simulmain[0m
[1.796s] [100%] Built target simulmain
[1.802s] Invoked command in '/home/sangjun/camel-amr-projects-UI/build/amr-main-pkg' returned '0': CMAKE_PREFIX_PATH=/home/sangjun/camel-amr-projects-UI/install/amr_msg_interfaces:/home/sangjun/camel-amr-projects-UI/install/amr-main-pkg:/home/sangjun/camel-amr-projects-UI/install/amr-obstacle-pkg:/home/sangjun/camel-amr-projects-UI/install/amr-gazebo-pkg:/opt/ros/foxy:/home/sangjun/catkin_ws/devel:/opt/ros/noetic /usr/local/bin/cmake --build /home/sangjun/camel-amr-projects-UI/build/amr-main-pkg -- -j6 -l6
[1.842s] Invoking command in '/home/sangjun/camel-amr-projects-UI/build/amr-main-pkg': CMAKE_PREFIX_PATH=/home/sangjun/camel-amr-projects-UI/install/amr_msg_interfaces:/home/sangjun/camel-amr-projects-UI/install/amr-main-pkg:/home/sangjun/camel-amr-projects-UI/install/amr-obstacle-pkg:/home/sangjun/camel-amr-projects-UI/install/amr-gazebo-pkg:/opt/ros/foxy:/home/sangjun/catkin_ws/devel:/opt/ros/noetic /usr/local/bin/cmake --install /home/sangjun/camel-amr-projects-UI/build/amr-main-pkg
[1.847s] -- Install configuration: ""
[1.848s] -- Execute custom install script
[1.848s] -- Up-to-date symlink: /home/sangjun/camel-amr-projects-UI/install/amr-main-pkg/include/ClusteringDynamicObs/ClusteringDynamicObs.hpp
[1.848s] -- Up-to-date symlink: /home/sangjun/camel-amr-projects-UI/install/amr-main-pkg/include/DynamicObstacle/DynamicObstacle.hpp
[1.849s] -- Up-to-date symlink: /home/sangjun/camel-amr-projects-UI/install/amr-main-pkg/include/ObsDetection/ObsDetection.hpp
[1.849s] -- Up-to-date symlink: /home/sangjun/camel-amr-projects-UI/install/amr-main-pkg/include/Variables/Variable.hpp
[1.849s] -- Up-to-date symlink: /home/sangjun/camel-amr-projects-UI/install/amr-main-pkg/include/Variables/mapinfo.hpp
[1.849s] -- Up-to-date symlink: /home/sangjun/camel-amr-projects-UI/install/amr-main-pkg/include/Visualize/Map_In_Out.hpp
[1.849s] -- Up-to-date symlink: /home/sangjun/camel-amr-projects-UI/install/amr-main-pkg/include/astar/Astar.hpp
[1.849s] -- Up-to-date symlink: /home/sangjun/camel-amr-projects-UI/install/amr-main-pkg/include/simulmain/simul_main.hpp
[1.850s] -- Up-to-date symlink: /home/sangjun/camel-amr-projects-UI/install/amr-main-pkg/lib/libastar_lib.a
[1.850s] -- Up-to-date symlink: /home/sangjun/camel-amr-projects-UI/install/amr-main-pkg/lib/libvisualize_lib.a
[1.850s] -- Up-to-date symlink: /home/sangjun/camel-amr-projects-UI/install/amr-main-pkg/lib/libdynamicObstacle_lib.a
[1.850s] -- Up-to-date symlink: /home/sangjun/camel-amr-projects-UI/install/amr-main-pkg/lib/libobsDetection_lib.a
[1.850s] -- Up-to-date symlink: /home/sangjun/camel-amr-projects-UI/install/amr-main-pkg/lib/libclusteringDynamicObs_lib.a
[1.851s] -- Up-to-date symlink: /home/sangjun/camel-amr-projects-UI/install/amr-main-pkg/lib/amr-main-pkg/simulmain
[1.851s] -- Up-to-date symlink: /home/sangjun/camel-amr-projects-UI/install/amr-main-pkg/share/amr-main-pkg/launch/t
[1.851s] -- Up-to-date symlink: /home/sangjun/camel-amr-projects-UI/install/amr-main-pkg/share/amr-main-pkg/param/amr_config.yaml
[1.851s] -- Up-to-date symlink: /home/sangjun/camel-amr-projects-UI/install/amr-main-pkg/share/ament_index/resource_index/package_run_dependencies/amr-main-pkg
[1.852s] -- Up-to-date symlink: /home/sangjun/camel-amr-projects-UI/install/amr-main-pkg/share/ament_index/resource_index/parent_prefix_path/amr-main-pkg
[1.852s] -- Up-to-date symlink: /home/sangjun/camel-amr-projects-UI/install/amr-main-pkg/share/amr-main-pkg/environment/ament_prefix_path.sh
[1.852s] -- Up-to-date symlink: /home/sangjun/camel-amr-projects-UI/install/amr-main-pkg/share/amr-main-pkg/environment/ament_prefix_path.dsv
[1.852s] -- Up-to-date symlink: /home/sangjun/camel-amr-projects-UI/install/amr-main-pkg/share/amr-main-pkg/environment/path.sh
[1.852s] -- Up-to-date symlink: /home/sangjun/camel-amr-projects-UI/install/amr-main-pkg/share/amr-main-pkg/environment/path.dsv
[1.853s] -- Up-to-date symlink: /home/sangjun/camel-amr-projects-UI/install/amr-main-pkg/share/amr-main-pkg/local_setup.bash
[1.853s] -- Up-to-date symlink: /home/sangjun/camel-amr-projects-UI/install/amr-main-pkg/share/amr-main-pkg/local_setup.sh
[1.853s] -- Up-to-date symlink: /home/sangjun/camel-amr-projects-UI/install/amr-main-pkg/share/amr-main-pkg/local_setup.zsh
[1.853s] -- Up-to-date symlink: /home/sangjun/camel-amr-projects-UI/install/amr-main-pkg/share/amr-main-pkg/local_setup.dsv
[1.853s] -- Symlinking: /home/sangjun/camel-amr-projects-UI/install/amr-main-pkg/share/amr-main-pkg/package.dsv
[1.855s] -- Up-to-date symlink: /home/sangjun/camel-amr-projects-UI/install/amr-main-pkg/share/ament_index/resource_index/packages/amr-main-pkg
[1.855s] -- Up-to-date symlink: /home/sangjun/camel-amr-projects-UI/install/amr-main-pkg/share/amr-main-pkg/cmake/amr-main-pkgConfig.cmake
[1.856s] -- Up-to-date symlink: /home/sangjun/camel-amr-projects-UI/install/amr-main-pkg/share/amr-main-pkg/cmake/amr-main-pkgConfig-version.cmake
[1.856s] -- Up-to-date symlink: /home/sangjun/camel-amr-projects-UI/install/amr-main-pkg/share/amr-main-pkg/package.xml
[1.858s] Invoked command in '/home/sangjun/camel-amr-projects-UI/build/amr-main-pkg' returned '0': CMAKE_PREFIX_PATH=/home/sangjun/camel-amr-projects-UI/install/amr_msg_interfaces:/home/sangjun/camel-amr-projects-UI/install/amr-main-pkg:/home/sangjun/camel-amr-projects-UI/install/amr-obstacle-pkg:/home/sangjun/camel-amr-projects-UI/install/amr-gazebo-pkg:/opt/ros/foxy:/home/sangjun/catkin_ws/devel:/opt/ros/noetic /usr/local/bin/cmake --install /home/sangjun/camel-amr-projects-UI/build/amr-main-pkg
