-- Install configuration: ""
-- Execute custom install script
-- Up-to-date symlink: /home/sangjun/camel-amr-projects-UI/install/amr-gazebo-pkg/share/amr-gazebo-pkg/launch/maze_world.launch.py
-- Up-to-date symlink: /home/sangjun/camel-amr-projects-UI/install/amr-gazebo-pkg/share/amr-gazebo-pkg/worlds/AMR_factory.world
-- Up-to-date symlink: /home/sangjun/camel-amr-projects-UI/install/amr-gazebo-pkg/share/amr-gazebo-pkg/worlds/Factory.world
-- Up-to-date symlink: /home/sangjun/camel-amr-projects-UI/install/amr-gazebo-pkg/share/amr-gazebo-pkg/worlds/simplemap.world
-- Up-to-date symlink: /home/sangjun/camel-amr-projects-UI/install/amr-gazebo-pkg/share/amr-gazebo-pkg/urdf/diffbot.gazebo
-- Up-to-date symlink: /home/sangjun/camel-amr-projects-UI/install/amr-gazebo-pkg/share/amr-gazebo-pkg/urdf/diffbot.urdf
-- Up-to-date symlink: /home/sangjun/camel-amr-projects-UI/install/amr-gazebo-pkg/share/amr-gazebo-pkg/urdf/diffbot.urdf.xacro
-- Up-to-date symlink: /home/sangjun/camel-amr-projects-UI/install/amr-gazebo-pkg/share/amr-gazebo-pkg/urdf/diffbot_amr.urdf
-- Up-to-date symlink: /home/sangjun/camel-amr-projects-UI/install/amr-gazebo-pkg/share/amr-gazebo-pkg/urdf/diffbot_amr_obstacle.urdf
-- Up-to-date symlink: /home/sangjun/camel-amr-projects-UI/install/amr-gazebo-pkg/share/amr-gazebo-pkg/rviz/diffbot.rviz
-- Up-to-date symlink: /home/sangjun/camel-amr-projects-UI/install/amr-gazebo-pkg/share/amr-gazebo-pkg/rviz/diffbot_amr.rviz
-- Up-to-date symlink: /home/sangjun/camel-amr-projects-UI/install/amr-gazebo-pkg/share/ament_index/resource_index/package_run_dependencies/amr-gazebo-pkg
-- Up-to-date symlink: /home/sangjun/camel-amr-projects-UI/install/amr-gazebo-pkg/share/ament_index/resource_index/parent_prefix_path/amr-gazebo-pkg
-- Up-to-date symlink: /home/sangjun/camel-amr-projects-UI/install/amr-gazebo-pkg/share/amr-gazebo-pkg/environment/ament_prefix_path.sh
-- Up-to-date symlink: /home/sangjun/camel-amr-projects-UI/install/amr-gazebo-pkg/share/amr-gazebo-pkg/environment/ament_prefix_path.dsv
-- Up-to-date symlink: /home/sangjun/camel-amr-projects-UI/install/amr-gazebo-pkg/share/amr-gazebo-pkg/environment/path.sh
-- Up-to-date symlink: /home/sangjun/camel-amr-projects-UI/install/amr-gazebo-pkg/share/amr-gazebo-pkg/environment/path.dsv
-- Up-to-date symlink: /home/sangjun/camel-amr-projects-UI/install/amr-gazebo-pkg/share/amr-gazebo-pkg/local_setup.bash
-- Up-to-date symlink: /home/sangjun/camel-amr-projects-UI/install/amr-gazebo-pkg/share/amr-gazebo-pkg/local_setup.sh
-- Up-to-date symlink: /home/sangjun/camel-amr-projects-UI/install/amr-gazebo-pkg/share/amr-gazebo-pkg/local_setup.zsh
-- Up-to-date symlink: /home/sangjun/camel-amr-projects-UI/install/amr-gazebo-pkg/share/amr-gazebo-pkg/local_setup.dsv
-- Symlinking: /home/sangjun/camel-amr-projects-UI/install/amr-gazebo-pkg/share/amr-gazebo-pkg/package.dsv
-- Up-to-date symlink: /home/sangjun/camel-amr-projects-UI/install/amr-gazebo-pkg/share/ament_index/resource_index/packages/amr-gazebo-pkg
-- Up-to-date symlink: /home/sangjun/camel-amr-projects-UI/install/amr-gazebo-pkg/share/amr-gazebo-pkg/cmake/amr-gazebo-pkgConfig.cmake
-- Up-to-date symlink: /home/sangjun/camel-amr-projects-UI/install/amr-gazebo-pkg/share/amr-gazebo-pkg/cmake/amr-gazebo-pkgConfig-version.cmake
-- Up-to-date symlink: /home/sangjun/camel-amr-projects-UI/install/amr-gazebo-pkg/share/amr-gazebo-pkg/package.xml
