[0.084s] Invoking command in '/home/sangjun/camel-amr-projects-V1/build/amr_msg_interfaces': CMAKE_PREFIX_PATH=/opt/ros/foxy:${CMAKE_PREFIX_PATH} /usr/local/bin/cmake --build /home/sangjun/camel-amr-projects-V1/build/amr_msg_interfaces -- -j6 -l6
[0.735s] [  2%] Built target amr_msg_interfaces__cpp
[0.895s] [ 12%] Built target amr_msg_interfaces__rosidl_generator_c
[0.895s] [ 23%] Built target amr_msg_interfaces__rosidl_typesupport_cpp
[0.898s] [ 33%] Built target amr_msg_interfaces__rosidl_typesupport_fastrtps_cpp
[0.909s] [ 43%] Built target amr_msg_interfaces__rosidl_typesupport_introspection_c
[0.929s] [ 53%] Built target amr_msg_interfaces__rosidl_typesupport_introspection_cpp
[0.962s] [ 64%] Built target amr_msg_interfaces__rosidl_typesupport_c
[0.964s] [ 74%] Built target amr_msg_interfaces__rosidl_typesupport_fastrtps_c
[0.973s] [ 74%] Built target amr_msg_interfaces
[0.983s] [ 76%] Built target amr_msg_interfaces__py
[1.041s] [ 84%] Built target amr_msg_interfaces__python
[1.051s] [ 89%] Built target amr_msg_interfaces__rosidl_typesupport_c__pyext
[1.054s] [ 94%] Built target amr_msg_interfaces__rosidl_typesupport_fastrtps_c__pyext
[1.068s] [100%] Built target amr_msg_interfaces__rosidl_typesupport_introspection_c__pyext
[1.073s] Invoked command in '/home/sangjun/camel-amr-projects-V1/build/amr_msg_interfaces' returned '0': CMAKE_PREFIX_PATH=/opt/ros/foxy:${CMAKE_PREFIX_PATH} /usr/local/bin/cmake --build /home/sangjun/camel-amr-projects-V1/build/amr_msg_interfaces -- -j6 -l6
[1.123s] Invoking command in '/home/sangjun/camel-amr-projects-V1/build/amr_msg_interfaces': CMAKE_PREFIX_PATH=/opt/ros/foxy:${CMAKE_PREFIX_PATH} /usr/local/bin/cmake --install /home/sangjun/camel-amr-projects-V1/build/amr_msg_interfaces
[1.126s] -- Install configuration: ""
[1.147s] -- Execute custom install script
[1.147s] -- Up-to-date symlink: /home/sangjun/camel-amr-projects-V1/install/amr_msg_interfaces/share/ament_index/resource_index/rosidl_interfaces/amr_msg_interfaces
[1.148s] -- Up-to-date symlink: /home/sangjun/camel-amr-projects-V1/install/amr_msg_interfaces/include/amr_msg_interfaces/msg/detail/grid_map_info__functions.h
[1.148s] -- Up-to-date symlink: /home/sangjun/camel-amr-projects-V1/install/amr_msg_interfaces/include/amr_msg_interfaces/msg/detail/grid_map_info__struct.h
[1.148s] -- Up-to-date symlink: /home/sangjun/camel-amr-projects-V1/install/amr_msg_interfaces/include/amr_msg_interfaces/msg/detail/grid_map_info__type_support.h
[1.149s] -- Up-to-date symlink: /home/sangjun/camel-amr-projects-V1/install/amr_msg_interfaces/include/amr_msg_interfaces/msg/detail/trajectory__functions.h
[1.149s] -- Up-to-date symlink: /home/sangjun/camel-amr-projects-V1/install/amr_msg_interfaces/include/amr_msg_interfaces/msg/detail/trajectory__struct.h
[1.149s] -- Up-to-date symlink: /home/sangjun/camel-amr-projects-V1/install/amr_msg_interfaces/include/amr_msg_interfaces/msg/detail/trajectory__type_support.h
[1.149s] -- Up-to-date symlink: /home/sangjun/camel-amr-projects-V1/install/amr_msg_interfaces/include/amr_msg_interfaces/msg/grid_map_info.h
[1.150s] -- Up-to-date symlink: /home/sangjun/camel-amr-projects-V1/install/amr_msg_interfaces/include/amr_msg_interfaces/msg/rosidl_generator_c__visibility_control.h
[1.150s] -- Up-to-date symlink: /home/sangjun/camel-amr-projects-V1/install/amr_msg_interfaces/include/amr_msg_interfaces/msg/trajectory.h
[1.150s] -- Up-to-date symlink: /home/sangjun/camel-amr-projects-V1/install/amr_msg_interfaces/share/amr_msg_interfaces/environment/library_path.sh
[1.150s] -- Up-to-date symlink: /home/sangjun/camel-amr-projects-V1/install/amr_msg_interfaces/share/amr_msg_interfaces/environment/library_path.dsv
[1.151s] -- Up-to-date symlink: /home/sangjun/camel-amr-projects-V1/install/amr_msg_interfaces/include/amr_msg_interfaces/msg/detail/grid_map_info__rosidl_typesupport_fastrtps_c.h
[1.151s] -- Up-to-date symlink: /home/sangjun/camel-amr-projects-V1/install/amr_msg_interfaces/include/amr_msg_interfaces/msg/detail/trajectory__rosidl_typesupport_fastrtps_c.h
[1.151s] -- Up-to-date symlink: /home/sangjun/camel-amr-projects-V1/install/amr_msg_interfaces/include/amr_msg_interfaces/msg/rosidl_typesupport_fastrtps_c__visibility_control.h
[1.152s] -- Up-to-date symlink: /home/sangjun/camel-amr-projects-V1/install/amr_msg_interfaces/lib/libamr_msg_interfaces__rosidl_typesupport_fastrtps_c.so
[1.153s] -- Up-to-date symlink: /home/sangjun/camel-amr-projects-V1/install/amr_msg_interfaces/include/amr_msg_interfaces/msg/detail/grid_map_info__rosidl_typesupport_fastrtps_cpp.hpp
[1.153s] -- Up-to-date symlink: /home/sangjun/camel-amr-projects-V1/install/amr_msg_interfaces/include/amr_msg_interfaces/msg/detail/trajectory__rosidl_typesupport_fastrtps_cpp.hpp
[1.153s] -- Up-to-date symlink: /home/sangjun/camel-amr-projects-V1/install/amr_msg_interfaces/include/amr_msg_interfaces/msg/rosidl_typesupport_fastrtps_cpp__visibility_control.h
[1.153s] -- Up-to-date symlink: /home/sangjun/camel-amr-projects-V1/install/amr_msg_interfaces/lib/libamr_msg_interfaces__rosidl_typesupport_fastrtps_cpp.so
[1.153s] -- Up-to-date symlink: /home/sangjun/camel-amr-projects-V1/install/amr_msg_interfaces/include/amr_msg_interfaces/msg/detail/grid_map_info__rosidl_typesupport_introspection_c.h
[1.153s] -- Up-to-date symlink: /home/sangjun/camel-amr-projects-V1/install/amr_msg_interfaces/include/amr_msg_interfaces/msg/detail/trajectory__rosidl_typesupport_introspection_c.h
[1.153s] -- Up-to-date symlink: /home/sangjun/camel-amr-projects-V1/install/amr_msg_interfaces/include/amr_msg_interfaces/msg/rosidl_typesupport_introspection_c__visibility_control.h
[1.154s] -- Up-to-date symlink: /home/sangjun/camel-amr-projects-V1/install/amr_msg_interfaces/include/amr_msg_interfaces/msg/detail/grid_map_info__builder.hpp
[1.154s] -- Up-to-date symlink: /home/sangjun/camel-amr-projects-V1/install/amr_msg_interfaces/include/amr_msg_interfaces/msg/detail/grid_map_info__struct.hpp
[1.154s] -- Up-to-date symlink: /home/sangjun/camel-amr-projects-V1/install/amr_msg_interfaces/include/amr_msg_interfaces/msg/detail/grid_map_info__traits.hpp
[1.154s] -- Up-to-date symlink: /home/sangjun/camel-amr-projects-V1/install/amr_msg_interfaces/include/amr_msg_interfaces/msg/detail/grid_map_info__type_support.hpp
[1.154s] -- Up-to-date symlink: /home/sangjun/camel-amr-projects-V1/install/amr_msg_interfaces/include/amr_msg_interfaces/msg/detail/trajectory__builder.hpp
[1.154s] -- Up-to-date symlink: /home/sangjun/camel-amr-projects-V1/install/amr_msg_interfaces/include/amr_msg_interfaces/msg/detail/trajectory__struct.hpp
[1.154s] -- Up-to-date symlink: /home/sangjun/camel-amr-projects-V1/install/amr_msg_interfaces/include/amr_msg_interfaces/msg/detail/trajectory__traits.hpp
[1.154s] -- Up-to-date symlink: /home/sangjun/camel-amr-projects-V1/install/amr_msg_interfaces/include/amr_msg_interfaces/msg/detail/trajectory__type_support.hpp
[1.155s] -- Up-to-date symlink: /home/sangjun/camel-amr-projects-V1/install/amr_msg_interfaces/include/amr_msg_interfaces/msg/grid_map_info.hpp
[1.155s] -- Up-to-date symlink: /home/sangjun/camel-amr-projects-V1/install/amr_msg_interfaces/include/amr_msg_interfaces/msg/rosidl_generator_cpp__visibility_control.hpp
[1.155s] -- Up-to-date symlink: /home/sangjun/camel-amr-projects-V1/install/amr_msg_interfaces/include/amr_msg_interfaces/msg/trajectory.hpp
[1.155s] -- Up-to-date symlink: /home/sangjun/camel-amr-projects-V1/install/amr_msg_interfaces/include/amr_msg_interfaces/msg/detail/grid_map_info__rosidl_typesupport_introspection_cpp.hpp
[1.155s] -- Up-to-date symlink: /home/sangjun/camel-amr-projects-V1/install/amr_msg_interfaces/include/amr_msg_interfaces/msg/detail/trajectory__rosidl_typesupport_introspection_cpp.hpp
[1.155s] -- Up-to-date symlink: /home/sangjun/camel-amr-projects-V1/install/amr_msg_interfaces/share/amr_msg_interfaces/environment/pythonpath.sh
[1.155s] -- Up-to-date symlink: /home/sangjun/camel-amr-projects-V1/install/amr_msg_interfaces/share/amr_msg_interfaces/environment/pythonpath.dsv
[1.155s] -- Up-to-date symlink: /home/sangjun/camel-amr-projects-V1/install/amr_msg_interfaces/lib/python3.8/site-packages/amr_msg_interfaces/__init__.py
[1.156s] -- Up-to-date symlink: /home/sangjun/camel-amr-projects-V1/install/amr_msg_interfaces/lib/python3.8/site-packages/amr_msg_interfaces/msg/__init__.py
[1.156s] -- Up-to-date symlink: /home/sangjun/camel-amr-projects-V1/install/amr_msg_interfaces/lib/python3.8/site-packages/amr_msg_interfaces/msg/_grid_map_info.py
[1.156s] -- Up-to-date symlink: /home/sangjun/camel-amr-projects-V1/install/amr_msg_interfaces/lib/python3.8/site-packages/amr_msg_interfaces/msg/_trajectory.py
[1.156s] -- Up-to-date symlink: /home/sangjun/camel-amr-projects-V1/install/amr_msg_interfaces/lib/python3.8/site-packages/amr_msg_interfaces/amr_msg_interfaces_s__rosidl_typesupport_fastrtps_c.cpython-38-x86_64-linux-gnu.so
[1.156s] -- Up-to-date symlink: /home/sangjun/camel-amr-projects-V1/install/amr_msg_interfaces/lib/python3.8/site-packages/amr_msg_interfaces/amr_msg_interfaces_s__rosidl_typesupport_introspection_c.cpython-38-x86_64-linux-gnu.so
[1.157s] -- Up-to-date symlink: /home/sangjun/camel-amr-projects-V1/install/amr_msg_interfaces/lib/python3.8/site-packages/amr_msg_interfaces/amr_msg_interfaces_s__rosidl_typesupport_c.cpython-38-x86_64-linux-gnu.so
[1.157s] -- Up-to-date symlink: /home/sangjun/camel-amr-projects-V1/install/amr_msg_interfaces/lib/libamr_msg_interfaces__python.so
[1.157s] -- Up-to-date symlink: /home/sangjun/camel-amr-projects-V1/install/amr_msg_interfaces/share/amr_msg_interfaces/msg/GridMapInfo.idl
[1.157s] -- Up-to-date symlink: /home/sangjun/camel-amr-projects-V1/install/amr_msg_interfaces/share/amr_msg_interfaces/msg/Trajectory.idl
[1.158s] -- Up-to-date symlink: /home/sangjun/camel-amr-projects-V1/install/amr_msg_interfaces/share/amr_msg_interfaces/msg/GridMapInfo.msg
[1.158s] -- Up-to-date symlink: /home/sangjun/camel-amr-projects-V1/install/amr_msg_interfaces/share/amr_msg_interfaces/msg/Trajectory.msg
[1.158s] -- Up-to-date symlink: /home/sangjun/camel-amr-projects-V1/install/amr_msg_interfaces/share/ament_index/resource_index/package_run_dependencies/amr_msg_interfaces
[1.158s] -- Up-to-date symlink: /home/sangjun/camel-amr-projects-V1/install/amr_msg_interfaces/share/ament_index/resource_index/parent_prefix_path/amr_msg_interfaces
[1.158s] -- Up-to-date symlink: /home/sangjun/camel-amr-projects-V1/install/amr_msg_interfaces/share/amr_msg_interfaces/environment/ament_prefix_path.sh
[1.158s] -- Up-to-date symlink: /home/sangjun/camel-amr-projects-V1/install/amr_msg_interfaces/share/amr_msg_interfaces/environment/ament_prefix_path.dsv
[1.158s] -- Up-to-date symlink: /home/sangjun/camel-amr-projects-V1/install/amr_msg_interfaces/share/amr_msg_interfaces/environment/path.sh
[1.158s] -- Up-to-date symlink: /home/sangjun/camel-amr-projects-V1/install/amr_msg_interfaces/share/amr_msg_interfaces/environment/path.dsv
[1.158s] -- Up-to-date symlink: /home/sangjun/camel-amr-projects-V1/install/amr_msg_interfaces/share/amr_msg_interfaces/local_setup.bash
[1.159s] -- Up-to-date symlink: /home/sangjun/camel-amr-projects-V1/install/amr_msg_interfaces/share/amr_msg_interfaces/local_setup.sh
[1.159s] -- Up-to-date symlink: /home/sangjun/camel-amr-projects-V1/install/amr_msg_interfaces/share/amr_msg_interfaces/local_setup.zsh
[1.159s] -- Up-to-date symlink: /home/sangjun/camel-amr-projects-V1/install/amr_msg_interfaces/share/amr_msg_interfaces/local_setup.dsv
[1.159s] -- Symlinking: /home/sangjun/camel-amr-projects-V1/install/amr_msg_interfaces/share/amr_msg_interfaces/package.dsv
[1.161s] -- Up-to-date symlink: /home/sangjun/camel-amr-projects-V1/install/amr_msg_interfaces/share/ament_index/resource_index/packages/amr_msg_interfaces
[1.161s] -- Up-to-date symlink: /home/sangjun/camel-amr-projects-V1/install/amr_msg_interfaces/share/amr_msg_interfaces/cmake/rosidl_cmake-extras.cmake
[1.162s] -- Up-to-date symlink: /home/sangjun/camel-amr-projects-V1/install/amr_msg_interfaces/share/amr_msg_interfaces/cmake/ament_cmake_export_dependencies-extras.cmake
[1.162s] -- Up-to-date symlink: /home/sangjun/camel-amr-projects-V1/install/amr_msg_interfaces/share/amr_msg_interfaces/cmake/ament_cmake_export_libraries-extras.cmake
[1.162s] -- Up-to-date symlink: /home/sangjun/camel-amr-projects-V1/install/amr_msg_interfaces/share/amr_msg_interfaces/cmake/ament_cmake_export_targets-extras.cmake
[1.162s] -- Up-to-date symlink: /home/sangjun/camel-amr-projects-V1/install/amr_msg_interfaces/share/amr_msg_interfaces/cmake/ament_cmake_export_include_directories-extras.cmake
[1.162s] -- Up-to-date symlink: /home/sangjun/camel-amr-projects-V1/install/amr_msg_interfaces/share/amr_msg_interfaces/cmake/rosidl_cmake_export_typesupport_libraries-extras.cmake
[1.162s] -- Up-to-date symlink: /home/sangjun/camel-amr-projects-V1/install/amr_msg_interfaces/share/amr_msg_interfaces/cmake/rosidl_cmake_export_typesupport_targets-extras.cmake
[1.162s] -- Up-to-date symlink: /home/sangjun/camel-amr-projects-V1/install/amr_msg_interfaces/share/amr_msg_interfaces/cmake/amr_msg_interfacesConfig.cmake
[1.162s] -- Up-to-date symlink: /home/sangjun/camel-amr-projects-V1/install/amr_msg_interfaces/share/amr_msg_interfaces/cmake/amr_msg_interfacesConfig-version.cmake
[1.163s] -- Up-to-date symlink: /home/sangjun/camel-amr-projects-V1/install/amr_msg_interfaces/share/amr_msg_interfaces/package.xml
[1.163s] -- Up-to-date: /home/sangjun/camel-amr-projects-V1/install/amr_msg_interfaces/lib/libamr_msg_interfaces__rosidl_generator_c.so
[1.163s] -- Up-to-date: /home/sangjun/camel-amr-projects-V1/install/amr_msg_interfaces/lib/libamr_msg_interfaces__rosidl_typesupport_introspection_c.so
[1.163s] -- Up-to-date: /home/sangjun/camel-amr-projects-V1/install/amr_msg_interfaces/lib/libamr_msg_interfaces__rosidl_typesupport_c.so
[1.163s] -- Up-to-date: /home/sangjun/camel-amr-projects-V1/install/amr_msg_interfaces/lib/libamr_msg_interfaces__rosidl_typesupport_introspection_cpp.so
[1.163s] -- Up-to-date: /home/sangjun/camel-amr-projects-V1/install/amr_msg_interfaces/lib/libamr_msg_interfaces__rosidl_typesupport_cpp.so
[1.258s] -- Up-to-date: /home/sangjun/camel-amr-projects-V1/install/amr_msg_interfaces/share/amr_msg_interfaces/cmake/amr_msg_interfaces__rosidl_generator_cExport.cmake
[1.258s] -- Up-to-date: /home/sangjun/camel-amr-projects-V1/install/amr_msg_interfaces/share/amr_msg_interfaces/cmake/amr_msg_interfaces__rosidl_generator_cExport-noconfig.cmake
[1.258s] -- Up-to-date: /home/sangjun/camel-amr-projects-V1/install/amr_msg_interfaces/share/amr_msg_interfaces/cmake/amr_msg_interfaces__rosidl_typesupport_introspection_cExport.cmake
[1.259s] -- Up-to-date: /home/sangjun/camel-amr-projects-V1/install/amr_msg_interfaces/share/amr_msg_interfaces/cmake/amr_msg_interfaces__rosidl_typesupport_introspection_cExport-noconfig.cmake
[1.259s] -- Up-to-date: /home/sangjun/camel-amr-projects-V1/install/amr_msg_interfaces/share/amr_msg_interfaces/cmake/amr_msg_interfaces__rosidl_typesupport_cExport.cmake
[1.259s] -- Up-to-date: /home/sangjun/camel-amr-projects-V1/install/amr_msg_interfaces/share/amr_msg_interfaces/cmake/amr_msg_interfaces__rosidl_typesupport_cExport-noconfig.cmake
[1.260s] -- Up-to-date: /home/sangjun/camel-amr-projects-V1/install/amr_msg_interfaces/share/amr_msg_interfaces/cmake/amr_msg_interfaces__rosidl_generator_cppExport.cmake
[1.260s] -- Up-to-date: /home/sangjun/camel-amr-projects-V1/install/amr_msg_interfaces/share/amr_msg_interfaces/cmake/amr_msg_interfaces__rosidl_typesupport_introspection_cppExport.cmake
[1.260s] -- Up-to-date: /home/sangjun/camel-amr-projects-V1/install/amr_msg_interfaces/share/amr_msg_interfaces/cmake/amr_msg_interfaces__rosidl_typesupport_introspection_cppExport-noconfig.cmake
[1.260s] -- Up-to-date: /home/sangjun/camel-amr-projects-V1/install/amr_msg_interfaces/share/amr_msg_interfaces/cmake/amr_msg_interfaces__rosidl_typesupport_cppExport.cmake
[1.260s] -- Up-to-date: /home/sangjun/camel-amr-projects-V1/install/amr_msg_interfaces/share/amr_msg_interfaces/cmake/amr_msg_interfaces__rosidl_typesupport_cppExport-noconfig.cmake
[1.264s] Invoked command in '/home/sangjun/camel-amr-projects-V1/build/amr_msg_interfaces' returned '0': CMAKE_PREFIX_PATH=/opt/ros/foxy:${CMAKE_PREFIX_PATH} /usr/local/bin/cmake --install /home/sangjun/camel-amr-projects-V1/build/amr_msg_interfaces
