[0.012s] Invoking command in '/home/sangjun/camel-amr-projects-V1/build/amr-main-pkg': CMAKE_PREFIX_PATH=/home/sangjun/camel-amr-projects-V1/install/amr_msg_interfaces:/home/sangjun/camel-amr-projects-V1/install/amr-main-pkg:/home/sangjun/camel-amr-projects-V1/install/amr-obstacle-pkg:/home/sangjun/camel-amr-projects-V1/install/amr-gazebo-pkg:/opt/ros/foxy:/home/sangjun/catkin_ws/devel:/opt/ros/noetic /usr/local/bin/cmake --build /home/sangjun/camel-amr-projects-V1/build/amr-main-pkg -- -j6 -l6
[0.027s] -- Found ament_cmake: 0.9.12 (/opt/ros/foxy/share/ament_cmake/cmake)
[0.049s] -- Using PYTHON_EXECUTABLE: /usr/bin/python3
[0.191s] -- Override CMake install command with custom implementation using symlinks instead of copying resources
[0.199s] -- Found amr_msg_interfaces: 0.6.0 (/home/sangjun/camel-amr-projects-V1/install/amr_msg_interfaces/share/amr_msg_interfaces/cmake)
[0.216s] -- Using all available rosidl_typesupport_c: rosidl_typesupport_fastrtps_c;rosidl_typesupport_introspection_c
[0.219s] -- Found rosidl_adapter: 1.3.1 (/opt/ros/foxy/share/rosidl_adapter/cmake)
[0.308s] -- Using all available rosidl_typesupport_cpp: rosidl_typesupport_fastrtps_cpp;rosidl_typesupport_introspection_cpp
[0.334s] -- Found rclcpp: 2.4.3 (/opt/ros/foxy/share/rclcpp/cmake)
[0.356s] -- Found rmw_implementation_cmake: 1.0.4 (/opt/ros/foxy/share/rmw_implementation_cmake/cmake)
[0.357s] -- Using RMW implementation 'rmw_fastrtps_cpp' as default
[0.450s] -- Found sensor_msgs: 2.0.5 (/opt/ros/foxy/share/sensor_msgs/cmake)
[0.526s] -- Found nav_msgs: 2.0.5 (/opt/ros/foxy/share/nav_msgs/cmake)
[0.574s] -- Found ament_lint_auto: 0.9.8 (/opt/ros/foxy/share/ament_lint_auto/cmake)
[0.621s] -- Found ament_cmake_gtest: 0.9.12 (/opt/ros/foxy/share/ament_cmake_gtest/cmake)
[0.626s] -- Added test 'copyright' to check source files copyright and LICENSE
[0.627s] -- Added test 'cppcheck' to perform static code analysis on C / C++ code
[0.628s] -- Configured cppcheck include dirs: /home/sangjun/camel-amr-projects-V1/src/amr-main-pkg/include
[0.628s] -- Configured cppcheck exclude dirs and/or files: 
[0.629s] -- Added test 'cpplint' to check C / C++ code against the Google style
[0.629s] -- Configured cpplint exclude dirs and/or files: 
[0.629s] -- Added test 'lint_cmake' to check CMake code style
[0.630s] -- Added test 'uncrustify' to check C / C++ code style
[0.630s] -- Configured uncrustify additional arguments: 
[0.630s] -- Added test 'xmllint' to check XML markup files
[0.631s] -- Configuring done
[0.638s] -- Generating done
[0.639s] -- Build files have been written to: /home/sangjun/camel-amr-projects-V1/build/amr-main-pkg
[0.650s] [35m[1mConsolidate compiler generated dependencies of target simulmain[0m
[0.660s] [ 33%] [32mBuilding CXX object CMakeFiles/simulmain.dir/src/astar/astar.cpp.o[0m
[0.662s] [ 66%] [32mBuilding CXX object CMakeFiles/simulmain.dir/src/simulmain/simul_main.cpp.o[0m
[1.588s] In file included from [01m[K/home/sangjun/camel-amr-projects-V1/src/amr-main-pkg/src/astar/astar.cpp:4[m[K:
[1.588s] [01m[K/home/sangjun/camel-amr-projects-V1/src/amr-main-pkg/include/astar/astar.hpp:39:28:[m[K [01;31m[Kerror: [m[Kredeclaration of ‘[01m[Kstd::stack<std::pair<int, int> > Astar_planning::traj[m[K’
[1.588s]    39 |     std::stack<coordinate> [01;31m[Ktraj[m[K;
[1.588s]       |                            [01;31m[K^~~~[m[K
[1.588s] [01m[K/home/sangjun/camel-amr-projects-V1/src/amr-main-pkg/include/astar/astar.hpp:33:16:[m[K [01;36m[Knote: [m[Kprevious declaration ‘[01m[KTrajectory Astar_planning::traj[m[K’
[1.588s]    33 |     Trajectory [01;36m[Ktraj[m[K;
[1.588s]       |                [01;36m[K^~~~[m[K
[1.590s] [01m[K/home/sangjun/camel-amr-projects-V1/src/amr-main-pkg/src/astar/astar.cpp:[m[K In constructor ‘[01m[KAstar_planning::Astar_planning()[m[K’:
[1.590s] [01m[K/home/sangjun/camel-amr-projects-V1/src/amr-main-pkg/src/astar/astar.cpp:12:24:[m[K [01;31m[Kerror: [m[K‘[01m[KParkingNode[m[K’ has not been declared
[1.590s]    12 |             std::bind(&[01;31m[KParkingNode[m[K::sub_callback, this, std::placeholders::_1));
[1.590s]       |                        [01;31m[K^~~~~~~~~~~[m[K
[1.593s] [01m[K/home/sangjun/camel-amr-projects-V1/src/amr-main-pkg/src/astar/astar.cpp:[m[K In member function ‘[01m[Kvoid Astar_planning::sub_callback(sensor_msgs::msg::LaserScan_<std::allocator<void> >::SharedPtr)[m[K’:
[1.593s] [01m[K/home/sangjun/camel-amr-projects-V1/src/amr-main-pkg/src/astar/astar.cpp:18:62:[m[K [01;35m[Kwarning: [m[Kunused parameter ‘[01m[Kmsg[m[K’ [[01;35m[K-Wunused-parameter[m[K]
[1.593s]    18 | void Astar_planning::sub_callback([01;35m[Kconst LaserScan::SharedPtr msg[m[K)
[1.593s]       |                                   [01;35m[K~~~~~~~~~~~~~~~~~~~~~~~~~~~^~~[m[K
[1.805s] [01m[K/home/sangjun/camel-amr-projects-V1/src/amr-main-pkg/src/simulmain/simul_main.cpp:[m[K In member function ‘[01m[Kvoid ParkingNode::sub_callback(sensor_msgs::msg::LaserScan_<std::allocator<void> >::SharedPtr)[m[K’:
[1.805s] [01m[K/home/sangjun/camel-amr-projects-V1/src/amr-main-pkg/src/simulmain/simul_main.cpp:15:59:[m[K [01;35m[Kwarning: [m[Kunused parameter ‘[01m[Kmsg[m[K’ [[01;35m[K-Wunused-parameter[m[K]
[1.805s]    15 | void ParkingNode::sub_callback([01;35m[Kconst LaserScan::SharedPtr msg[m[K) {
[1.805s]       |                                [01;35m[K~~~~~~~~~~~~~~~~~~~~~~~~~~~^~~[m[K
[2.215s] make[2]: *** [CMakeFiles/simulmain.dir/build.make:90: CMakeFiles/simulmain.dir/src/astar/astar.cpp.o] Error 1
[2.215s] make[2]: *** Waiting for unfinished jobs....
[4.167s] make[1]: *** [CMakeFiles/Makefile2:85: CMakeFiles/simulmain.dir/all] Error 2
[4.167s] make: *** [Makefile:146: all] Error 2
[4.168s] Invoked command in '/home/sangjun/camel-amr-projects-V1/build/amr-main-pkg' returned '2': CMAKE_PREFIX_PATH=/home/sangjun/camel-amr-projects-V1/install/amr_msg_interfaces:/home/sangjun/camel-amr-projects-V1/install/amr-main-pkg:/home/sangjun/camel-amr-projects-V1/install/amr-obstacle-pkg:/home/sangjun/camel-amr-projects-V1/install/amr-gazebo-pkg:/opt/ros/foxy:/home/sangjun/catkin_ws/devel:/opt/ros/noetic /usr/local/bin/cmake --build /home/sangjun/camel-amr-projects-V1/build/amr-main-pkg -- -j6 -l6
