[0.024s] Invoking command in '/home/percy/camel-amr-projects/build/amr-obstacle-pkg': CMAKE_PREFIX_PATH=${CMAKE_PREFIX_PATH}:/opt/ros/foxy /usr/local/bin/cmake --build /home/percy/camel-amr-projects/build/amr-obstacle-pkg -- -j6 -l6
[0.052s] [ 50%] Built target operate_dynamic_obstacle_node
[0.052s] [100%] Built target spawn_dynamic_obstacle_node
[0.061s] Invoked command in '/home/percy/camel-amr-projects/build/amr-obstacle-pkg' returned '0': CMAKE_PREFIX_PATH=${CMAKE_PREFIX_PATH}:/opt/ros/foxy /usr/local/bin/cmake --build /home/percy/camel-amr-projects/build/amr-obstacle-pkg -- -j6 -l6
[0.088s] Invoking command in '/home/percy/camel-amr-projects/build/amr-obstacle-pkg': CMAKE_PREFIX_PATH=${CMAKE_PREFIX_PATH}:/opt/ros/foxy /usr/local/bin/cmake --install /home/percy/camel-amr-projects/build/amr-obstacle-pkg
[0.092s] -- Install configuration: ""
[0.092s] -- Execute custom install script
[0.093s] -- Up-to-date symlink: /home/percy/camel-amr-projects/install/amr-obstacle-pkg/lib/amr-obstacle-pkg/operate_dynamic_obstacle_node
[0.093s] -- Up-to-date symlink: /home/percy/camel-amr-projects/install/amr-obstacle-pkg/lib/amr-obstacle-pkg/spawn_dynamic_obstacle_node
[0.093s] -- Up-to-date symlink: /home/percy/camel-amr-projects/install/amr-obstacle-pkg/share/amr-obstacle-pkg/launch/dynamic_obstacle.launch.py
[0.093s] -- Up-to-date symlink: /home/percy/camel-amr-projects/install/amr-obstacle-pkg/share/ament_index/resource_index/package_run_dependencies/amr-obstacle-pkg
[0.094s] -- Up-to-date symlink: /home/percy/camel-amr-projects/install/amr-obstacle-pkg/share/ament_index/resource_index/parent_prefix_path/amr-obstacle-pkg
[0.094s] -- Up-to-date symlink: /home/percy/camel-amr-projects/install/amr-obstacle-pkg/share/amr-obstacle-pkg/environment/ament_prefix_path.sh
[0.094s] -- Up-to-date symlink: /home/percy/camel-amr-projects/install/amr-obstacle-pkg/share/amr-obstacle-pkg/environment/ament_prefix_path.dsv
[0.094s] -- Up-to-date symlink: /home/percy/camel-amr-projects/install/amr-obstacle-pkg/share/amr-obstacle-pkg/environment/path.sh
[0.094s] -- Up-to-date symlink: /home/percy/camel-amr-projects/install/amr-obstacle-pkg/share/amr-obstacle-pkg/environment/path.dsv
[0.095s] -- Up-to-date symlink: /home/percy/camel-amr-projects/install/amr-obstacle-pkg/share/amr-obstacle-pkg/local_setup.bash
[0.095s] -- Up-to-date symlink: /home/percy/camel-amr-projects/install/amr-obstacle-pkg/share/amr-obstacle-pkg/local_setup.sh
[0.095s] -- Up-to-date symlink: /home/percy/camel-amr-projects/install/amr-obstacle-pkg/share/amr-obstacle-pkg/local_setup.zsh
[0.095s] -- Up-to-date symlink: /home/percy/camel-amr-projects/install/amr-obstacle-pkg/share/amr-obstacle-pkg/local_setup.dsv
[0.095s] -- Symlinking: /home/percy/camel-amr-projects/install/amr-obstacle-pkg/share/amr-obstacle-pkg/package.dsv
[0.101s] -- Up-to-date symlink: /home/percy/camel-amr-projects/install/amr-obstacle-pkg/share/ament_index/resource_index/packages/amr-obstacle-pkg
[0.101s] -- Up-to-date symlink: /home/percy/camel-amr-projects/install/amr-obstacle-pkg/share/amr-obstacle-pkg/cmake/amr-obstacle-pkgConfig.cmake
[0.101s] -- Up-to-date symlink: /home/percy/camel-amr-projects/install/amr-obstacle-pkg/share/amr-obstacle-pkg/cmake/amr-obstacle-pkgConfig-version.cmake
[0.101s] -- Up-to-date symlink: /home/percy/camel-amr-projects/install/amr-obstacle-pkg/share/amr-obstacle-pkg/package.xml
[0.110s] Invoked command in '/home/percy/camel-amr-projects/build/amr-obstacle-pkg' returned '0': CMAKE_PREFIX_PATH=${CMAKE_PREFIX_PATH}:/opt/ros/foxy /usr/local/bin/cmake --install /home/percy/camel-amr-projects/build/amr-obstacle-pkg
