[0.012s] Invoking command in '/home/sangjun/camel-amr-projects-V1/build/amr-main-pkg': CMAKE_PREFIX_PATH=/home/sangjun/camel-amr-projects-V1/install/amr_msg_interfaces:/home/sangjun/camel-amr-projects-V1/install/amr-main-pkg:/home/sangjun/camel-amr-projects-V1/install/amr-obstacle-pkg:/home/sangjun/camel-amr-projects-V1/install/amr-gazebo-pkg:/opt/ros/foxy:/home/sangjun/catkin_ws/devel:/opt/ros/noetic /usr/local/bin/cmake --build /home/sangjun/camel-amr-projects-V1/build/amr-main-pkg -- -j6 -l6
[0.029s] [35m[1mConsolidate compiler generated dependencies of target simulmain[0m
[0.042s] [ 50%] [32mBuilding CXX object CMakeFiles/simulmain.dir/src/simulmain/simul_main.cpp.o[0m
[1.164s] [01m[K/home/sangjun/camel-amr-projects-V1/src/amr-main-pkg/src/simulmain/simul_main.cpp:[m[K In member function ‘[01m[Kvoid ParkingNode::sub_callback(sensor_msgs::msg::LaserScan_<std::allocator<void> >::SharedPtr)[m[K’:
[1.164s] [01m[K/home/sangjun/camel-amr-projects-V1/src/amr-main-pkg/src/simulmain/simul_main.cpp:15:59:[m[K [01;35m[Kwarning: [m[Kunused parameter ‘[01m[Kmsg[m[K’ [[01;35m[K-Wunused-parameter[m[K]
[1.164s]    15 | void ParkingNode::sub_callback([01;35m[Kconst LaserScan::SharedPtr msg[m[K) {
[1.164s]       |                                [01;35m[K~~~~~~~~~~~~~~~~~~~~~~~~~~~^~~[m[K
[3.526s] [100%] [32m[1mLinking CXX executable simulmain[0m
[3.670s] [100%] Built target simulmain
[3.673s] Invoked command in '/home/sangjun/camel-amr-projects-V1/build/amr-main-pkg' returned '0': CMAKE_PREFIX_PATH=/home/sangjun/camel-amr-projects-V1/install/amr_msg_interfaces:/home/sangjun/camel-amr-projects-V1/install/amr-main-pkg:/home/sangjun/camel-amr-projects-V1/install/amr-obstacle-pkg:/home/sangjun/camel-amr-projects-V1/install/amr-gazebo-pkg:/opt/ros/foxy:/home/sangjun/catkin_ws/devel:/opt/ros/noetic /usr/local/bin/cmake --build /home/sangjun/camel-amr-projects-V1/build/amr-main-pkg -- -j6 -l6
[3.690s] Invoking command in '/home/sangjun/camel-amr-projects-V1/build/amr-main-pkg': CMAKE_PREFIX_PATH=/home/sangjun/camel-amr-projects-V1/install/amr_msg_interfaces:/home/sangjun/camel-amr-projects-V1/install/amr-main-pkg:/home/sangjun/camel-amr-projects-V1/install/amr-obstacle-pkg:/home/sangjun/camel-amr-projects-V1/install/amr-gazebo-pkg:/opt/ros/foxy:/home/sangjun/catkin_ws/devel:/opt/ros/noetic /usr/local/bin/cmake --install /home/sangjun/camel-amr-projects-V1/build/amr-main-pkg
[3.694s] -- Install configuration: ""
[3.694s] -- Execute custom install script
[3.695s] -- Up-to-date symlink: /home/sangjun/camel-amr-projects-V1/install/amr-main-pkg/lib/amr-main-pkg/simulmain
[3.695s] -- Up-to-date symlink: /home/sangjun/camel-amr-projects-V1/install/amr-main-pkg/share/amr-main-pkg/param/amr_config.yaml
[3.695s] -- Up-to-date symlink: /home/sangjun/camel-amr-projects-V1/install/amr-main-pkg/share/ament_index/resource_index/package_run_dependencies/amr-main-pkg
[3.696s] -- Up-to-date symlink: /home/sangjun/camel-amr-projects-V1/install/amr-main-pkg/share/ament_index/resource_index/parent_prefix_path/amr-main-pkg
[3.696s] -- Up-to-date symlink: /home/sangjun/camel-amr-projects-V1/install/amr-main-pkg/share/amr-main-pkg/environment/ament_prefix_path.sh
[3.696s] -- Up-to-date symlink: /home/sangjun/camel-amr-projects-V1/install/amr-main-pkg/share/amr-main-pkg/environment/ament_prefix_path.dsv
[3.696s] -- Up-to-date symlink: /home/sangjun/camel-amr-projects-V1/install/amr-main-pkg/share/amr-main-pkg/environment/path.sh
[3.696s] -- Up-to-date symlink: /home/sangjun/camel-amr-projects-V1/install/amr-main-pkg/share/amr-main-pkg/environment/path.dsv
[3.696s] -- Up-to-date symlink: /home/sangjun/camel-amr-projects-V1/install/amr-main-pkg/share/amr-main-pkg/local_setup.bash
[3.697s] -- Up-to-date symlink: /home/sangjun/camel-amr-projects-V1/install/amr-main-pkg/share/amr-main-pkg/local_setup.sh
[3.697s] -- Up-to-date symlink: /home/sangjun/camel-amr-projects-V1/install/amr-main-pkg/share/amr-main-pkg/local_setup.zsh
[3.697s] -- Up-to-date symlink: /home/sangjun/camel-amr-projects-V1/install/amr-main-pkg/share/amr-main-pkg/local_setup.dsv
[3.697s] -- Symlinking: /home/sangjun/camel-amr-projects-V1/install/amr-main-pkg/share/amr-main-pkg/package.dsv
[3.699s] -- Up-to-date symlink: /home/sangjun/camel-amr-projects-V1/install/amr-main-pkg/share/ament_index/resource_index/packages/amr-main-pkg
[3.699s] -- Up-to-date symlink: /home/sangjun/camel-amr-projects-V1/install/amr-main-pkg/share/amr-main-pkg/cmake/amr-main-pkgConfig.cmake
[3.700s] -- Up-to-date symlink: /home/sangjun/camel-amr-projects-V1/install/amr-main-pkg/share/amr-main-pkg/cmake/amr-main-pkgConfig-version.cmake
[3.700s] -- Up-to-date symlink: /home/sangjun/camel-amr-projects-V1/install/amr-main-pkg/share/amr-main-pkg/package.xml
[3.704s] Invoked command in '/home/sangjun/camel-amr-projects-V1/build/amr-main-pkg' returned '0': CMAKE_PREFIX_PATH=/home/sangjun/camel-amr-projects-V1/install/amr_msg_interfaces:/home/sangjun/camel-amr-projects-V1/install/amr-main-pkg:/home/sangjun/camel-amr-projects-V1/install/amr-obstacle-pkg:/home/sangjun/camel-amr-projects-V1/install/amr-gazebo-pkg:/opt/ros/foxy:/home/sangjun/catkin_ws/devel:/opt/ros/noetic /usr/local/bin/cmake --install /home/sangjun/camel-amr-projects-V1/build/amr-main-pkg
