[0.010s] Invoking command in '/home/dongju/camel-amr-projects/build/amr-main-pkg': CMAKE_PREFIX_PATH=/home/dongju/camel-amr-projects/install/amr_msg_interfaces:/home/dongju/camel-amr-projects/install/amr-main-pkg:/home/dongju/camel-amr-projects/install/amr-obstacle-pkg:/home/dongju/camel-amr-projects/install/amr-gazebo-pkg:/opt/ros/foxy LD_LIBRARY_PATH=/home/dongju/camel-amr-projects/install/amr_msg_interfaces/lib:/usr/lib/x86_64-linux-gnu/gazebo-11/plugins:/opt/ros/foxy/opt/yaml_cpp_vendor/lib:/opt/ros/foxy/opt/rviz_ogre_vendor/lib:/opt/ros/foxy/lib/x86_64-linux-gnu:/opt/ros/foxy/lib:home/dongju/raisimLib/install/lib PYTHONPATH=/home/dongju/camel-amr-projects/install/amr_msg_interfaces/lib/python3.8/site-packages:/opt/ros/foxy/lib/python3.8/site-packages:home/dongju/raisimLib/install/lib /usr/local/bin/cmake --build /home/dongju/camel-amr-projects/build/amr-main-pkg -- -j10 -l10
[0.026s] [ 11%] [34m[1mAutomatic MOC and UIC for target astar_lib[0m
[0.026s] [ 11%] [34m[1mAutomatic MOC and UIC for target clusteringDynamicObs_lib[0m
[0.026s] [ 16%] [34m[1mAutomatic MOC and UIC for target obsDetection_lib[0m
[0.032s] [ 16%] Built target obsDetection_lib_autogen
[0.032s] [ 16%] Built target astar_lib_autogen
[0.032s] [ 16%] Built target clusteringDynamicObs_lib_autogen
[0.039s] [ 33%] Built target astar_lib
[0.040s] [ 50%] Built target clusteringDynamicObs_lib
[0.048s] [ 66%] Built target obsDetection_lib
[0.054s] [ 72%] [34m[1mAutomatic MOC and UIC for target simulmain[0m
[0.060s] [ 72%] Built target simulmain_autogen
[0.079s] [100%] Built target simulmain
[0.082s] Invoked command in '/home/dongju/camel-amr-projects/build/amr-main-pkg' returned '0': CMAKE_PREFIX_PATH=/home/dongju/camel-amr-projects/install/amr_msg_interfaces:/home/dongju/camel-amr-projects/install/amr-main-pkg:/home/dongju/camel-amr-projects/install/amr-obstacle-pkg:/home/dongju/camel-amr-projects/install/amr-gazebo-pkg:/opt/ros/foxy LD_LIBRARY_PATH=/home/dongju/camel-amr-projects/install/amr_msg_interfaces/lib:/usr/lib/x86_64-linux-gnu/gazebo-11/plugins:/opt/ros/foxy/opt/yaml_cpp_vendor/lib:/opt/ros/foxy/opt/rviz_ogre_vendor/lib:/opt/ros/foxy/lib/x86_64-linux-gnu:/opt/ros/foxy/lib:home/dongju/raisimLib/install/lib PYTHONPATH=/home/dongju/camel-amr-projects/install/amr_msg_interfaces/lib/python3.8/site-packages:/opt/ros/foxy/lib/python3.8/site-packages:home/dongju/raisimLib/install/lib /usr/local/bin/cmake --build /home/dongju/camel-amr-projects/build/amr-main-pkg -- -j10 -l10
[0.107s] Invoking command in '/home/dongju/camel-amr-projects/build/amr-main-pkg': CMAKE_PREFIX_PATH=/home/dongju/camel-amr-projects/install/amr_msg_interfaces:/home/dongju/camel-amr-projects/install/amr-main-pkg:/home/dongju/camel-amr-projects/install/amr-obstacle-pkg:/home/dongju/camel-amr-projects/install/amr-gazebo-pkg:/opt/ros/foxy LD_LIBRARY_PATH=/home/dongju/camel-amr-projects/install/amr_msg_interfaces/lib:/usr/lib/x86_64-linux-gnu/gazebo-11/plugins:/opt/ros/foxy/opt/yaml_cpp_vendor/lib:/opt/ros/foxy/opt/rviz_ogre_vendor/lib:/opt/ros/foxy/lib/x86_64-linux-gnu:/opt/ros/foxy/lib:home/dongju/raisimLib/install/lib PYTHONPATH=/home/dongju/camel-amr-projects/install/amr_msg_interfaces/lib/python3.8/site-packages:/opt/ros/foxy/lib/python3.8/site-packages:home/dongju/raisimLib/install/lib /usr/local/bin/cmake --install /home/dongju/camel-amr-projects/build/amr-main-pkg
[0.111s] -- Install configuration: ""
[0.111s] -- Execute custom install script
[0.112s] -- Up-to-date symlink: /home/dongju/camel-amr-projects/install/amr-main-pkg/include/ClusteringDynamicObs/ClusteringDynamicObs.hpp
[0.112s] -- Up-to-date symlink: /home/dongju/camel-amr-projects/install/amr-main-pkg/include/ObsDetection/ObsDetection.hpp
[0.112s] -- Up-to-date symlink: /home/dongju/camel-amr-projects/install/amr-main-pkg/include/Variables/SharedMemory.h
[0.112s] -- Up-to-date symlink: /home/dongju/camel-amr-projects/install/amr-main-pkg/include/Variables/Variable.hpp
[0.112s] -- Up-to-date symlink: /home/dongju/camel-amr-projects/install/amr-main-pkg/include/Variables/mapinfo.hpp
[0.112s] -- Up-to-date symlink: /home/dongju/camel-amr-projects/install/amr-main-pkg/include/astar/Astar.hpp
[0.112s] -- Up-to-date symlink: /home/dongju/camel-amr-projects/install/amr-main-pkg/include/simulmain/simul_main.hpp
[0.113s] -- Up-to-date symlink: /home/dongju/camel-amr-projects/install/amr-main-pkg/lib/libastar_lib.a
[0.113s] -- Up-to-date symlink: /home/dongju/camel-amr-projects/install/amr-main-pkg/lib/libobsDetection_lib.a
[0.113s] -- Up-to-date symlink: /home/dongju/camel-amr-projects/install/amr-main-pkg/lib/libclusteringDynamicObs_lib.a
[0.113s] -- Up-to-date symlink: /home/dongju/camel-amr-projects/install/amr-main-pkg/lib/amr-main-pkg/simulmain
[0.114s] -- Up-to-date symlink: /home/dongju/camel-amr-projects/install/amr-main-pkg/share/amr-main-pkg/launch/t
[0.114s] -- Up-to-date symlink: /home/dongju/camel-amr-projects/install/amr-main-pkg/share/amr-main-pkg/param/amr_config.yaml
[0.114s] -- Up-to-date symlink: /home/dongju/camel-amr-projects/install/amr-main-pkg/share/ament_index/resource_index/package_run_dependencies/amr-main-pkg
[0.114s] -- Up-to-date symlink: /home/dongju/camel-amr-projects/install/amr-main-pkg/share/ament_index/resource_index/parent_prefix_path/amr-main-pkg
[0.114s] -- Up-to-date symlink: /home/dongju/camel-amr-projects/install/amr-main-pkg/share/amr-main-pkg/environment/ament_prefix_path.sh
[0.115s] -- Up-to-date symlink: /home/dongju/camel-amr-projects/install/amr-main-pkg/share/amr-main-pkg/environment/ament_prefix_path.dsv
[0.115s] -- Up-to-date symlink: /home/dongju/camel-amr-projects/install/amr-main-pkg/share/amr-main-pkg/environment/path.sh
[0.115s] -- Up-to-date symlink: /home/dongju/camel-amr-projects/install/amr-main-pkg/share/amr-main-pkg/environment/path.dsv
[0.115s] -- Up-to-date symlink: /home/dongju/camel-amr-projects/install/amr-main-pkg/share/amr-main-pkg/local_setup.bash
[0.115s] -- Up-to-date symlink: /home/dongju/camel-amr-projects/install/amr-main-pkg/share/amr-main-pkg/local_setup.sh
[0.116s] -- Up-to-date symlink: /home/dongju/camel-amr-projects/install/amr-main-pkg/share/amr-main-pkg/local_setup.zsh
[0.116s] -- Up-to-date symlink: /home/dongju/camel-amr-projects/install/amr-main-pkg/share/amr-main-pkg/local_setup.dsv
[0.116s] -- Symlinking: /home/dongju/camel-amr-projects/install/amr-main-pkg/share/amr-main-pkg/package.dsv
[0.119s] -- Up-to-date symlink: /home/dongju/camel-amr-projects/install/amr-main-pkg/share/ament_index/resource_index/packages/amr-main-pkg
[0.119s] -- Up-to-date symlink: /home/dongju/camel-amr-projects/install/amr-main-pkg/share/amr-main-pkg/cmake/amr-main-pkgConfig.cmake
[0.119s] -- Up-to-date symlink: /home/dongju/camel-amr-projects/install/amr-main-pkg/share/amr-main-pkg/cmake/amr-main-pkgConfig-version.cmake
[0.119s] -- Up-to-date symlink: /home/dongju/camel-amr-projects/install/amr-main-pkg/share/amr-main-pkg/package.xml
[0.122s] Invoked command in '/home/dongju/camel-amr-projects/build/amr-main-pkg' returned '0': CMAKE_PREFIX_PATH=/home/dongju/camel-amr-projects/install/amr_msg_interfaces:/home/dongju/camel-amr-projects/install/amr-main-pkg:/home/dongju/camel-amr-projects/install/amr-obstacle-pkg:/home/dongju/camel-amr-projects/install/amr-gazebo-pkg:/opt/ros/foxy LD_LIBRARY_PATH=/home/dongju/camel-amr-projects/install/amr_msg_interfaces/lib:/usr/lib/x86_64-linux-gnu/gazebo-11/plugins:/opt/ros/foxy/opt/yaml_cpp_vendor/lib:/opt/ros/foxy/opt/rviz_ogre_vendor/lib:/opt/ros/foxy/lib/x86_64-linux-gnu:/opt/ros/foxy/lib:home/dongju/raisimLib/install/lib PYTHONPATH=/home/dongju/camel-amr-projects/install/amr_msg_interfaces/lib/python3.8/site-packages:/opt/ros/foxy/lib/python3.8/site-packages:home/dongju/raisimLib/install/lib /usr/local/bin/cmake --install /home/dongju/camel-amr-projects/build/amr-main-pkg
