[0.009s] Invoking command in '/home/dongju/camel-amr-projects/build/amr-main-pkg': CMAKE_PREFIX_PATH=/home/dongju/camel-amr-projects/install/amr_msg_interfaces:/home/dongju/camel-amr-projects/install/amr-main-pkg:/home/dongju/camel-amr-projects/install/amr-obstacle-pkg:/home/dongju/camel-amr-projects/install/amr-gazebo-pkg:/opt/ros/foxy LD_LIBRARY_PATH=/home/dongju/camel-amr-projects/install/amr_msg_interfaces/lib:/usr/lib/x86_64-linux-gnu/gazebo-11/plugins:/opt/ros/foxy/opt/yaml_cpp_vendor/lib:/opt/ros/foxy/opt/rviz_ogre_vendor/lib:/opt/ros/foxy/lib/x86_64-linux-gnu:/opt/ros/foxy/lib:home/dongju/raisimLib/install/lib PYTHONPATH=/home/dongju/camel-amr-projects/install/amr_msg_interfaces/lib/python3.8/site-packages:/opt/ros/foxy/lib/python3.8/site-packages:home/dongju/raisimLib/install/lib /usr/local/bin/cmake --build /home/dongju/camel-amr-projects/build/amr-main-pkg -- -j10 -l10
[0.026s] [ 10%] [34m[1mAutomatic MOC and UIC for target astar_lib[0m
[0.026s] [ 10%] [34m[1mAutomatic MOC and UIC for target clusteringDynamicObs_lib[0m
[0.026s] [ 10%] [34m[1mAutomatic MOC and UIC for target obsDetection_lib[0m
[0.026s] [ 13%] [34m[1mAutomatic MOC and UIC for target visualize_lib[0m
[0.026s] [ 16%] [34m[1mAutomatic MOC and UIC for target dynamicObstacle_lib[0m
[0.027s] [ 20%] [34m[1mAutomatic MOC and UIC for target mainwindow_lib[0m
[0.032s] [ 20%] Built target visualize_lib_autogen
[0.032s] [ 20%] Built target obsDetection_lib_autogen
[0.032s] [ 20%] Built target clusteringDynamicObs_lib_autogen
[0.032s] [ 20%] Built target dynamicObstacle_lib_autogen
[0.032s] [ 20%] Built target astar_lib_autogen
[0.039s] [ 46%] Built target obsDetection_lib
[0.040s] [ 50%] Built target visualize_lib
[0.040s] [ 50%] Built target dynamicObstacle_lib
[0.040s] [ 60%] Built target clusteringDynamicObs_lib
[0.043s] 
[0.043s] AutoUic error
[0.043s] -------------
[0.044s] "SRC:/src/Amr_UI/mainwindow.cpp"
[0.044s] includes the uic file "ui_mainwindow2.h",
[0.044s] but the user interface file "mainwindow2.ui"
[0.044s] could not be found in the following directories
[0.044s]   "SRC:/src/Amr_UI"
[0.044s] 
[0.044s] make[2]: *** [CMakeFiles/mainwindow_lib_autogen.dir/build.make:71: CMakeFiles/mainwindow_lib_autogen] Error 1
[0.044s] make[1]: *** [CMakeFiles/Makefile2:473: CMakeFiles/mainwindow_lib_autogen.dir/all] Error 2
[0.044s] make[1]: *** Waiting for unfinished jobs....
[0.046s] [ 70%] Built target astar_lib
[0.047s] make: *** [Makefile:146: all] Error 2
[0.048s] Invoked command in '/home/dongju/camel-amr-projects/build/amr-main-pkg' returned '2': CMAKE_PREFIX_PATH=/home/dongju/camel-amr-projects/install/amr_msg_interfaces:/home/dongju/camel-amr-projects/install/amr-main-pkg:/home/dongju/camel-amr-projects/install/amr-obstacle-pkg:/home/dongju/camel-amr-projects/install/amr-gazebo-pkg:/opt/ros/foxy LD_LIBRARY_PATH=/home/dongju/camel-amr-projects/install/amr_msg_interfaces/lib:/usr/lib/x86_64-linux-gnu/gazebo-11/plugins:/opt/ros/foxy/opt/yaml_cpp_vendor/lib:/opt/ros/foxy/opt/rviz_ogre_vendor/lib:/opt/ros/foxy/lib/x86_64-linux-gnu:/opt/ros/foxy/lib:home/dongju/raisimLib/install/lib PYTHONPATH=/home/dongju/camel-amr-projects/install/amr_msg_interfaces/lib/python3.8/site-packages:/opt/ros/foxy/lib/python3.8/site-packages:home/dongju/raisimLib/install/lib /usr/local/bin/cmake --build /home/dongju/camel-amr-projects/build/amr-main-pkg -- -j10 -l10
