[0.007s] Invoking command in '/home/sangjun/camel-amr-projects-V1/build/amr-main-pkg': AMENT_PREFIX_PATH=/home/sangjun/camel-amr-projects-V1/install/amr_msg_interfaces CMAKE_PREFIX_PATH=/home/sangjun/camel-amr-projects-V1/install/amr_msg_interfaces:${CMAKE_PREFIX_PATH} LD_LIBRARY_PATH=/home/sangjun/camel-amr-projects-V1/install/amr_msg_interfaces/lib:${LD_LIBRARY_PATH} PYTHONPATH=/home/sangjun/camel-amr-projects-V1/install/amr_msg_interfaces/lib/python3.8/site-packages:${PYTHONPATH} /usr/local/bin/cmake --build /home/sangjun/camel-amr-projects-V1/build/amr-main-pkg -- -j6 -l6
[0.023s] [35m[1mConsolidate compiler generated dependencies of target astar_lib[0m
[0.029s] [ 20%] Built target visualize_lib
[0.029s] [ 40%] Built target dynamicObstacle_lib
[0.030s] [ 50%] [32mBuilding CXX object CMakeFiles/astar_lib.dir/src/astar/Astar.cpp.o[0m
[0.031s] [ 70%] Built target obsDetection_lib
[0.237s] [01m[K/home/sangjun/camel-amr-projects-V1/src/amr-main-pkg/src/astar/Astar.cpp:[m[K In constructor ‘[01m[KAstar_planning::Astar_planning()[m[K’:
[0.237s] [01m[K/home/sangjun/camel-amr-projects-V1/src/amr-main-pkg/src/astar/Astar.cpp:6:1:[m[K [01;31m[Kerror: [m[Kuninitialized const member in ‘[01m[Kconst int [4][m[K’ [[01;31m[K-fpermissive[m[K]
[0.237s]     6 | [01;31m[KAstar_planning[m[K::Astar_planning()
[0.237s]       | [01;31m[K^~~~~~~~~~~~~~[m[K
[0.237s] In file included from [01m[K/home/sangjun/camel-amr-projects-V1/src/amr-main-pkg/src/astar/Astar.cpp:4[m[K:
[0.237s] [01m[K/home/sangjun/camel-amr-projects-V1/src/amr-main-pkg/include/astar/Astar.hpp:35:15:[m[K [01;36m[Knote: [m[K‘[01m[Kconst int Astar_planning::Destx [4][m[K’ should be initialized
[0.238s]    35 |     const int [01;36m[KDestx[m[K[4];
[0.238s]       |               [01;36m[K^~~~~[m[K
[0.238s] [01m[K/home/sangjun/camel-amr-projects-V1/src/amr-main-pkg/src/astar/Astar.cpp:6:1:[m[K [01;31m[Kerror: [m[Kuninitialized const member in ‘[01m[Kconst int [4][m[K’ [[01;31m[K-fpermissive[m[K]
[0.238s]     6 | [01;31m[KAstar_planning[m[K::Astar_planning()
[0.238s]       | [01;31m[K^~~~~~~~~~~~~~[m[K
[0.238s] In file included from [01m[K/home/sangjun/camel-amr-projects-V1/src/amr-main-pkg/src/astar/Astar.cpp:4[m[K:
[0.238s] [01m[K/home/sangjun/camel-amr-projects-V1/src/amr-main-pkg/include/astar/Astar.hpp:36:15:[m[K [01;36m[Knote: [m[K‘[01m[Kconst int Astar_planning::Desty [4][m[K’ should be initialized
[0.238s]    36 |     const int [01;36m[KDesty[m[K[4];
[0.238s]       |               [01;36m[K^~~~~[m[K
[0.238s] [01m[K/home/sangjun/camel-amr-projects-V1/src/amr-main-pkg/src/astar/Astar.cpp:8:11:[m[K [01;31m[Kerror: [m[Kassignment of read-only member ‘[01m[KAstar_planning::Destx[m[K’
[0.238s]     8 |     [01;31m[KDestx = {90, 10, 10, 90}[m[K;
[0.238s]       |     [01;31m[K~~~~~~^~~~~~~~~~~~~~~~~~[m[K
[0.239s] [01m[K/home/sangjun/camel-amr-projects-V1/src/amr-main-pkg/src/astar/Astar.cpp:9:11:[m[K [01;31m[Kerror: [m[Kassignment of read-only member ‘[01m[KAstar_planning::Desty[m[K’
[0.239s]     9 |     [01;31m[KDesty = {10, 10, 90, 90}[m[K;
[0.239s]       |     [01;31m[K~~~~~~^~~~~~~~~~~~~~~~~~[m[K
[0.239s] [01m[K/home/sangjun/camel-amr-projects-V1/src/amr-main-pkg/src/astar/Astar.cpp:12:18:[m[K [01;35m[Kwarning: [m[Kstatement has no effect [[01;35m[K-Wunused-value[m[K]
[0.239s]    12 |     [01;35m[Kzmap[MAX][MAX][m[K;
[0.239s]       |     [01;35m[K~~~~~~~~~~~~~^[m[K
[0.240s] [01m[K/home/sangjun/camel-amr-projects-V1/src/amr-main-pkg/src/astar/Astar.cpp:[m[K At global scope:
[0.240s] [01m[K/home/sangjun/camel-amr-projects-V1/src/amr-main-pkg/src/astar/Astar.cpp:35:49:[m[K [01;31m[Kerror: [m[Kinvalid use of non-static data member ‘[01m[KAstar_planning::MAX[m[K’
[0.240s]    35 | void Astar_planning::tracePath(Cell cellDetails[[01;31m[KMAX[m[K][MAX], Pair dst) {
[0.240s]       |                                                 [01;31m[K^~~[m[K
[0.240s] In file included from [01m[K/home/sangjun/camel-amr-projects-V1/src/amr-main-pkg/src/astar/Astar.cpp:4[m[K:
[0.240s] [01m[K/home/sangjun/camel-amr-projects-V1/src/amr-main-pkg/include/astar/Astar.hpp:37:9:[m[K [01;36m[Knote: [m[Kdeclared here
[0.241s]    37 |     int [01;36m[KMAX[m[K;
[0.241s]       |         [01;36m[K^~~[m[K
[0.241s] [01m[K/home/sangjun/camel-amr-projects-V1/src/amr-main-pkg/src/astar/Astar.cpp:35:54:[m[K [01;31m[Kerror: [m[Kinvalid use of non-static data member ‘[01m[KAstar_planning::MAX[m[K’
[0.241s]    35 | void Astar_planning::tracePath(Cell cellDetails[MAX][[01;31m[KMAX[m[K], Pair dst) {
[0.241s]       |                                                      [01;31m[K^~~[m[K
[0.241s] In file included from [01m[K/home/sangjun/camel-amr-projects-V1/src/amr-main-pkg/src/astar/Astar.cpp:4[m[K:
[0.241s] [01m[K/home/sangjun/camel-amr-projects-V1/src/amr-main-pkg/include/astar/Astar.hpp:37:9:[m[K [01;36m[Knote: [m[Kdeclared here
[0.241s]    37 |     int [01;36m[KMAX[m[K;
[0.241s]       |         [01;36m[K^~~[m[K
[0.241s] [01m[K/home/sangjun/camel-amr-projects-V1/src/amr-main-pkg/src/astar/Astar.cpp:35:58:[m[K [01;31m[Kerror: [m[Kexpected ‘[01m[K)[m[K’ before ‘[01m[K,[m[K’ token
[0.241s]    35 | void Astar_planning::tracePath[34m[K([m[KCell cellDetails[MAX][MAX][01;31m[K,[m[K Pair dst) {
[0.241s]       |                               [34m[K~[m[K                          [01;31m[K^[m[K
[0.242s]       |                                                          [32m[K)[m[K
[0.242s] [01m[K/home/sangjun/camel-amr-projects-V1/src/amr-main-pkg/src/astar/Astar.cpp:35:6:[m[K [01;31m[Kerror: [m[Kno declaration matches ‘[01m[Kvoid Astar_planning::tracePath(...)[m[K’
[0.242s]    35 | void [01;31m[KAstar_planning[m[K::tracePath(Cell cellDetails[MAX][MAX], Pair dst) {
[0.242s]       |      [01;31m[K^~~~~~~~~~~~~~[m[K
[0.242s] In file included from [01m[K/home/sangjun/camel-amr-projects-V1/src/amr-main-pkg/src/astar/Astar.cpp:4[m[K:
[0.242s] [01m[K/home/sangjun/camel-amr-projects-V1/src/amr-main-pkg/include/astar/Astar.hpp:48:10:[m[K [01;36m[Knote: [m[Kcandidate is: ‘[01m[Kvoid Astar_planning::tracePath(Cell (*)[201], Pair)[m[K’
[0.242s]    48 |     void [01;36m[KtracePath[m[K(Cell cellDetails[201][201], Pair dst);
[0.242s]       |          [01;36m[K^~~~~~~~~[m[K
[0.242s] [01m[K/home/sangjun/camel-amr-projects-V1/src/amr-main-pkg/include/astar/Astar.hpp:32:7:[m[K [01;36m[Knote: [m[K‘[01m[Kclass Astar_planning[m[K’ defined here
[0.242s]    32 | class [01;36m[KAstar_planning[m[K {
[0.242s]       |       [01;36m[K^~~~~~~~~~~~~~[m[K
[0.242s] [01m[K/home/sangjun/camel-amr-projects-V1/src/amr-main-pkg/src/astar/Astar.cpp:35:49:[m[K [01;31m[Kerror: [m[K‘[01m[Kint Astar_planning::MAX[m[K’ is private within this context
[0.243s]    35 | void Astar_planning::tracePath(Cell cellDetails[[01;31m[KMAX[m[K][MAX], Pair dst) {
[0.243s]       |                                                 [01;31m[K^~~[m[K
[0.243s] In file included from [01m[K/home/sangjun/camel-amr-projects-V1/src/amr-main-pkg/src/astar/Astar.cpp:4[m[K:
[0.243s] [01m[K/home/sangjun/camel-amr-projects-V1/src/amr-main-pkg/include/astar/Astar.hpp:37:9:[m[K [01;36m[Knote: [m[Kdeclared private here
[0.243s]    37 |     int [01;36m[KMAX[m[K;
[0.243s]       |         [01;36m[K^~~[m[K
[0.243s] [01m[K/home/sangjun/camel-amr-projects-V1/src/amr-main-pkg/src/astar/Astar.cpp:35:65:[m[K [01;31m[Kerror: [m[Kexpected initializer before ‘[01m[Kdst[m[K’
[0.243s]    35 | void Astar_planning::tracePath(Cell cellDetails[MAX][MAX], Pair [01;31m[Kdst[m[K) {
[0.243s]       |                                                                 [01;31m[K^~~[m[K
[0.243s] [01m[K/home/sangjun/camel-amr-projects-V1/src/amr-main-pkg/src/astar/Astar.cpp:[m[K In member function ‘[01m[Kbool Astar_planning::aStarSearch(std::vector<std::vector<int> >&, Pair, Pair)[m[K’:
[0.243s] [01m[K/home/sangjun/camel-amr-projects-V1/src/amr-main-pkg/src/astar/Astar.cpp:60:10:[m[K [01;35m[Kwarning: [m[KISO C++ forbids variable length array ‘[01m[KclosedList[m[K’ [[01;35m[K-Wvla[m[K]
[0.243s]    60 |     bool [01;35m[KclosedList[m[K[MAX][MAX];
[0.244s]       |          [01;35m[K^~~~~~~~~~[m[K
[0.244s] [01m[K/home/sangjun/camel-amr-projects-V1/src/amr-main-pkg/src/astar/Astar.cpp:60:10:[m[K [01;35m[Kwarning: [m[KISO C++ forbids variable length array ‘[01m[KclosedList[m[K’ [[01;35m[K-Wvla[m[K]
[0.244s] [01m[K/home/sangjun/camel-amr-projects-V1/src/amr-main-pkg/src/astar/Astar.cpp:63:10:[m[K [01;35m[Kwarning: [m[KISO C++ forbids variable length array ‘[01m[KcellDetails[m[K’ [[01;35m[K-Wvla[m[K]
[0.244s]    63 |     Cell [01;35m[KcellDetails[m[K[MAX][MAX];
[0.244s]       |          [01;35m[K^~~~~~~~~~~[m[K
[0.244s] [01m[K/home/sangjun/camel-amr-projects-V1/src/amr-main-pkg/src/astar/Astar.cpp:63:10:[m[K [01;35m[Kwarning: [m[KISO C++ forbids variable length array ‘[01m[KcellDetails[m[K’ [[01;35m[K-Wvla[m[K]
[0.250s] [01m[K/home/sangjun/camel-amr-projects-V1/src/amr-main-pkg/src/astar/Astar.cpp:92:26:[m[K [01;31m[Kerror: [m[K‘[01m[Kdy1[m[K’ was not declared in this scope; did you mean ‘[01m[Ky1[m[K’?
[0.250s]    92 |             int ny = y + [01;31m[Kdy1[m[K[i];
[0.250s]       |                          [01;31m[K^~~[m[K
[0.250s]       |                          [32m[Ky1[m[K
[0.250s] [01m[K/home/sangjun/camel-amr-projects-V1/src/amr-main-pkg/src/astar/Astar.cpp:93:26:[m[K [01;31m[Kerror: [m[K‘[01m[Kdx1[m[K’ was not declared in this scope
[0.250s]    93 |             int nx = x + [01;31m[Kdx1[m[K[i];
[0.250s]       |                          [01;31m[K^~~[m[K
[0.250s] [01m[K/home/sangjun/camel-amr-projects-V1/src/amr-main-pkg/src/astar/Astar.cpp:99:31:[m[K [01;31m[Kerror: [m[Kcannot convert ‘[01m[KCell [((Astar_planning*)this)->Astar_planning::MAX][((Astar_planning*)this)->Astar_planning::MAX][m[K’ to ‘[01m[KCell (*)[201][m[K’
[0.251s]    99 |                     tracePath([01;31m[KcellDetails[m[K, dst);
[0.251s]       |                               [01;31m[K^~~~~~~~~~~[m[K
[0.251s]       |                               [01;31m[K|[m[K
[0.251s]       |                               [01;31m[KCell [((Astar_planning*)this)->Astar_planning::MAX][((Astar_planning*)this)->Astar_planning::MAX][m[K
[0.251s] In file included from [01m[K/home/sangjun/camel-amr-projects-V1/src/amr-main-pkg/src/astar/Astar.cpp:4[m[K:
[0.251s] [01m[K/home/sangjun/camel-amr-projects-V1/src/amr-main-pkg/include/astar/Astar.hpp:48:25:[m[K [01;36m[Knote: [m[K  initializing argument 1 of ‘[01m[Kvoid Astar_planning::tracePath(Cell (*)[201], Pair)[m[K’
[0.251s]    48 |     void tracePath([01;36m[KCell cellDetails[201][201][m[K, Pair dst);
[0.251s]       |                    [01;36m[K~~~~~^~~~~~~~~~~~~~~~~~~~~[m[K
[0.252s] [01m[K/home/sangjun/camel-amr-projects-V1/src/amr-main-pkg/src/astar/Astar.cpp:121:26:[m[K [01;31m[Kerror: [m[K‘[01m[Kdy2[m[K’ was not declared in this scope
[0.252s]   121 |             int ny = y + [01;31m[Kdy2[m[K[i];
[0.252s]       |                          [01;31m[K^~~[m[K
[0.252s] [01m[K/home/sangjun/camel-amr-projects-V1/src/amr-main-pkg/src/astar/Astar.cpp:122:26:[m[K [01;31m[Kerror: [m[K‘[01m[Kdx2[m[K’ was not declared in this scope
[0.252s]   122 |             int nx = x + [01;31m[Kdx2[m[K[i];
[0.252s]       |                          [01;31m[K^~~[m[K
[0.252s] [01m[K/home/sangjun/camel-amr-projects-V1/src/amr-main-pkg/src/astar/Astar.cpp:128:31:[m[K [01;31m[Kerror: [m[Kcannot convert ‘[01m[KCell [((Astar_planning*)this)->Astar_planning::MAX][((Astar_planning*)this)->Astar_planning::MAX][m[K’ to ‘[01m[KCell (*)[201][m[K’
[0.252s]   128 |                     tracePath([01;31m[KcellDetails[m[K, dst);
[0.252s]       |                               [01;31m[K^~~~~~~~~~~[m[K
[0.253s]       |                               [01;31m[K|[m[K
[0.253s]       |                               [01;31m[KCell [((Astar_planning*)this)->Astar_planning::MAX][((Astar_planning*)this)->Astar_planning::MAX][m[K
[0.253s] In file included from [01m[K/home/sangjun/camel-amr-projects-V1/src/amr-main-pkg/src/astar/Astar.cpp:4[m[K:
[0.253s] [01m[K/home/sangjun/camel-amr-projects-V1/src/amr-main-pkg/include/astar/Astar.hpp:48:25:[m[K [01;36m[Knote: [m[K  initializing argument 1 of ‘[01m[Kvoid Astar_planning::tracePath(Cell (*)[201], Pair)[m[K’
[0.253s]    48 |     void tracePath([01;36m[KCell cellDetails[201][201][m[K, Pair dst);
[0.253s]       |                    [01;36m[K~~~~~^~~~~~~~~~~~~~~~~~~~~[m[K
[0.255s] [01m[K/home/sangjun/camel-amr-projects-V1/src/amr-main-pkg/src/astar/Astar.cpp:[m[K In member function ‘[01m[Kvoid Astar_planning::PrintMap()[m[K’:
[0.255s] [01m[K/home/sangjun/camel-amr-projects-V1/src/amr-main-pkg/src/astar/Astar.cpp:159:26:[m[K [01;31m[Kerror: [m[K‘[01m[KClusteringMatrix[m[K’ was not declared in this scope
[0.255s]   159 |             std::cout << [01;31m[KClusteringMatrix[m[K[i][j];
[0.255s]       |                          [01;31m[K^~~~~~~~~~~~~~~~[m[K
[0.256s] [01m[K/home/sangjun/camel-amr-projects-V1/src/amr-main-pkg/src/astar/Astar.cpp:[m[K In member function ‘[01m[Kvoid Astar_planning::startAstar(int, int)[m[K’:
[0.256s] [01m[K/home/sangjun/camel-amr-projects-V1/src/amr-main-pkg/src/astar/Astar.cpp:167:5:[m[K [01;31m[Kerror: [m[K‘[01m[KMapmatrix[m[K’ was not declared in this scope
[0.256s]   167 |     [01;31m[KMapmatrix[m[K[Startx][Starty] = 2;
[0.256s]       |     [01;31m[K^~~~~~~~~[m[K
[0.256s] [01m[K/home/sangjun/camel-amr-projects-V1/src/amr-main-pkg/src/astar/Astar.cpp:168:21:[m[K [01;31m[Kerror: [m[K‘[01m[Kcount[m[K’ was not declared in this scope
[0.256s]   168 |     Mapmatrix[Destx[[01;31m[Kcount[m[K]][Desty[count]] = 3;
[0.257s]       |                     [01;31m[K^~~~~[m[K
[0.297s] make[2]: *** [CMakeFiles/astar_lib.dir/build.make:76: CMakeFiles/astar_lib.dir/src/astar/Astar.cpp.o] Error 1
[0.298s] make[1]: *** [CMakeFiles/Makefile2:145: CMakeFiles/astar_lib.dir/all] Error 2
[0.298s] make: *** [Makefile:146: all] Error 2
[0.299s] Invoked command in '/home/sangjun/camel-amr-projects-V1/build/amr-main-pkg' returned '2': AMENT_PREFIX_PATH=/home/sangjun/camel-amr-projects-V1/install/amr_msg_interfaces CMAKE_PREFIX_PATH=/home/sangjun/camel-amr-projects-V1/install/amr_msg_interfaces:${CMAKE_PREFIX_PATH} LD_LIBRARY_PATH=/home/sangjun/camel-amr-projects-V1/install/amr_msg_interfaces/lib:${LD_LIBRARY_PATH} PYTHONPATH=/home/sangjun/camel-amr-projects-V1/install/amr_msg_interfaces/lib/python3.8/site-packages:${PYTHONPATH} /usr/local/bin/cmake --build /home/sangjun/camel-amr-projects-V1/build/amr-main-pkg -- -j6 -l6
