-- Found ament_cmake: 0.9.12 (/opt/ros/foxy/share/ament_cmake/cmake)
-- Using PYTHON_EXECUTABLE: /usr/bin/python3
-- Override CMake install command with custom implementation using symlinks instead of copying resources
-- Found builtin_interfaces: 1.0.0 (/opt/ros/foxy/share/builtin_interfaces/cmake)
-- Using all available rosidl_typesupport_c: rosidl_typesupport_fastrtps_c;rosidl_typesupport_introspection_c
-- Found rosidl_adapter: 1.3.1 (/opt/ros/foxy/share/rosidl_adapter/cmake)
-- Using all available rosidl_typesupport_cpp: rosidl_typesupport_fastrtps_cpp;rosidl_typesupport_introspection_cpp
-- Found rosidl_default_generators: 1.0.1 (/opt/ros/foxy/share/rosidl_default_generators/cmake)
-- Found PythonInterp: /usr/bin/python3 (found version "3.8.10") 
-- Found ament_cmake_ros: 0.9.2 (/opt/ros/foxy/share/ament_cmake_ros/cmake)
-- Using all available rosidl_typesupport_c: rosidl_typesupport_fastrtps_c;rosidl_typesupport_introspection_c
-- Using all available rosidl_typesupport_cpp: rosidl_typesupport_fastrtps_cpp;rosidl_typesupport_introspection_cpp
-- Found PythonInterp: /usr/bin/python3 (found suitable version "3.8.10", minimum required is "3.5") 
-- Found python_cmake_module: 0.8.1 (/opt/ros/foxy/share/python_cmake_module/cmake)
-- Using PYTHON_EXECUTABLE: /usr/bin/python3
-- Using PYTHON_INCLUDE_DIRS: /usr/include/python3.8
-- Using PYTHON_LIBRARIES: /usr/lib/x86_64-linux-gnu/libpython3.8.so
-- Configuring done
-- Generating done
-- Build files have been written to: /home/sangjun/camel-amr-projects-V1/build/amr_msg_interfaces
[  2%] [34m[1mGenerating C code for ROS interfaces[0m
[  5%] [34m[1mGenerating C++ code for ROS interfaces[0m
[  5%] Built target amr_msg_interfaces__cpp
[ 10%] [34m[1mGenerating C++ type support dispatch for ROS interfaces[0m
[ 10%] [34m[1mGenerating C++ type support for eProsima Fast-RTPS[0m
[ 12%] [34m[1mGenerating C++ introspection for ROS interfaces[0m
[35m[1mConsolidate compiler generated dependencies of target amr_msg_interfaces__rosidl_generator_c[0m
[ 15%] [32mBuilding C object CMakeFiles/amr_msg_interfaces__rosidl_generator_c.dir/rosidl_generator_c/amr_msg_interfaces/msg/detail/grid_map_info__functions.c.o[0m
[ 17%] [32mBuilding C object CMakeFiles/amr_msg_interfaces__rosidl_generator_c.dir/rosidl_generator_c/amr_msg_interfaces/msg/detail/trajectory__functions.c.o[0m
[ 20%] [32m[1mLinking C shared library libamr_msg_interfaces__rosidl_generator_c.so[0m
[ 20%] Built target amr_msg_interfaces__rosidl_generator_c
[ 23%] [34m[1mGenerating C type support dispatch for ROS interfaces[0m
[ 25%] [34m[1mGenerating C introspection for ROS interfaces[0m
[35m[1mConsolidate compiler generated dependencies of target amr_msg_interfaces__rosidl_typesupport_introspection_cpp[0m
[ 28%] [32mBuilding CXX object CMakeFiles/amr_msg_interfaces__rosidl_typesupport_introspection_cpp.dir/rosidl_typesupport_introspection_cpp/amr_msg_interfaces/msg/detail/trajectory__type_support.cpp.o[0m
[ 30%] [32mBuilding CXX object CMakeFiles/amr_msg_interfaces__rosidl_typesupport_introspection_cpp.dir/rosidl_typesupport_introspection_cpp/amr_msg_interfaces/msg/detail/grid_map_info__type_support.cpp.o[0m
[35m[1mConsolidate compiler generated dependencies of target amr_msg_interfaces__rosidl_typesupport_cpp[0m
[ 33%] [32mBuilding CXX object CMakeFiles/amr_msg_interfaces__rosidl_typesupport_cpp.dir/rosidl_typesupport_cpp/amr_msg_interfaces/msg/grid_map_info__type_support.cpp.o[0m
[35m[1mConsolidate compiler generated dependencies of target amr_msg_interfaces__rosidl_typesupport_fastrtps_cpp[0m
[ 35%] [32mBuilding CXX object CMakeFiles/amr_msg_interfaces__rosidl_typesupport_fastrtps_cpp.dir/rosidl_typesupport_fastrtps_cpp/amr_msg_interfaces/msg/detail/dds_fastrtps/grid_map_info__type_support.cpp.o[0m
[35m[1mConsolidate compiler generated dependencies of target amr_msg_interfaces__rosidl_typesupport_c[0m
[ 38%] [32mBuilding CXX object CMakeFiles/amr_msg_interfaces__rosidl_typesupport_c.dir/rosidl_typesupport_c/amr_msg_interfaces/msg/grid_map_info__type_support.cpp.o[0m
[ 41%] [32mBuilding CXX object CMakeFiles/amr_msg_interfaces__rosidl_typesupport_c.dir/rosidl_typesupport_c/amr_msg_interfaces/msg/trajectory__type_support.cpp.o[0m
[35m[1mConsolidate compiler generated dependencies of target amr_msg_interfaces__rosidl_typesupport_introspection_c[0m
[ 43%] [32mBuilding C object CMakeFiles/amr_msg_interfaces__rosidl_typesupport_introspection_c.dir/rosidl_typesupport_introspection_c/amr_msg_interfaces/msg/detail/grid_map_info__type_support.c.o[0m
[ 46%] [32m[1mLinking CXX shared library libamr_msg_interfaces__rosidl_typesupport_c.so[0m
[ 48%] [32mBuilding C object CMakeFiles/amr_msg_interfaces__rosidl_typesupport_introspection_c.dir/rosidl_typesupport_introspection_c/amr_msg_interfaces/msg/detail/trajectory__type_support.c.o[0m
[ 51%] [32mBuilding CXX object CMakeFiles/amr_msg_interfaces__rosidl_typesupport_cpp.dir/rosidl_typesupport_cpp/amr_msg_interfaces/msg/trajectory__type_support.cpp.o[0m
[ 51%] Built target amr_msg_interfaces__rosidl_typesupport_c
[ 53%] [32mBuilding CXX object CMakeFiles/amr_msg_interfaces__rosidl_typesupport_fastrtps_cpp.dir/rosidl_typesupport_fastrtps_cpp/amr_msg_interfaces/msg/detail/dds_fastrtps/trajectory__type_support.cpp.o[0m
[ 56%] [32m[1mLinking C shared library libamr_msg_interfaces__rosidl_typesupport_introspection_c.so[0m
[ 56%] Built target amr_msg_interfaces__rosidl_typesupport_introspection_c
[ 58%] [32m[1mLinking CXX shared library libamr_msg_interfaces__rosidl_typesupport_introspection_cpp.so[0m
[ 58%] Built target amr_msg_interfaces__rosidl_typesupport_introspection_cpp
[ 61%] [32m[1mLinking CXX shared library libamr_msg_interfaces__rosidl_typesupport_cpp.so[0m
[ 61%] Built target amr_msg_interfaces__rosidl_typesupport_cpp
[ 64%] [32m[1mLinking CXX shared library libamr_msg_interfaces__rosidl_typesupport_fastrtps_cpp.so[0m
[ 64%] Built target amr_msg_interfaces__rosidl_typesupport_fastrtps_cpp
[ 66%] [34m[1mGenerating C type support for eProsima Fast-RTPS[0m
[35m[1mConsolidate compiler generated dependencies of target amr_msg_interfaces__rosidl_typesupport_fastrtps_c[0m
[ 69%] [32mBuilding CXX object CMakeFiles/amr_msg_interfaces__rosidl_typesupport_fastrtps_c.dir/rosidl_typesupport_fastrtps_c/amr_msg_interfaces/msg/detail/grid_map_info__type_support_c.cpp.o[0m
[ 71%] [32mBuilding CXX object CMakeFiles/amr_msg_interfaces__rosidl_typesupport_fastrtps_c.dir/rosidl_typesupport_fastrtps_c/amr_msg_interfaces/msg/detail/trajectory__type_support_c.cpp.o[0m
[ 74%] [32m[1mLinking CXX shared library libamr_msg_interfaces__rosidl_typesupport_fastrtps_c.so[0m
[ 74%] Built target amr_msg_interfaces__rosidl_typesupport_fastrtps_c
[ 74%] Built target amr_msg_interfaces
[ 76%] [34m[1mGenerating Python code for ROS interfaces[0m
[ 76%] Built target amr_msg_interfaces__py
[35m[1mConsolidate compiler generated dependencies of target amr_msg_interfaces__python[0m
[ 79%] [32mBuilding C object CMakeFiles/amr_msg_interfaces__python.dir/rosidl_generator_py/amr_msg_interfaces/msg/_grid_map_info_s.c.o[0m
[ 82%] [32mBuilding C object CMakeFiles/amr_msg_interfaces__python.dir/rosidl_generator_py/amr_msg_interfaces/msg/_trajectory_s.c.o[0m
[ 84%] [32m[1mLinking C shared library rosidl_generator_py/amr_msg_interfaces/libamr_msg_interfaces__python.so[0m
[ 84%] Built target amr_msg_interfaces__python
[35m[1mConsolidate compiler generated dependencies of target amr_msg_interfaces__rosidl_typesupport_c__pyext[0m
[35m[1mConsolidate compiler generated dependencies of target amr_msg_interfaces__rosidl_typesupport_introspection_c__pyext[0m
[35m[1mConsolidate compiler generated dependencies of target amr_msg_interfaces__rosidl_typesupport_fastrtps_c__pyext[0m
[ 87%] [32mBuilding C object CMakeFiles/amr_msg_interfaces__rosidl_typesupport_c__pyext.dir/rosidl_generator_py/amr_msg_interfaces/_amr_msg_interfaces_s.ep.rosidl_typesupport_c.c.o[0m
[ 89%] [32mBuilding C object CMakeFiles/amr_msg_interfaces__rosidl_typesupport_introspection_c__pyext.dir/rosidl_generator_py/amr_msg_interfaces/_amr_msg_interfaces_s.ep.rosidl_typesupport_introspection_c.c.o[0m
[ 92%] [32mBuilding C object CMakeFiles/amr_msg_interfaces__rosidl_typesupport_fastrtps_c__pyext.dir/rosidl_generator_py/amr_msg_interfaces/_amr_msg_interfaces_s.ep.rosidl_typesupport_fastrtps_c.c.o[0m
[ 97%] [32m[1mLinking C shared library rosidl_generator_py/amr_msg_interfaces/amr_msg_interfaces_s__rosidl_typesupport_introspection_c.cpython-38-x86_64-linux-gnu.so[0m
[ 97%] [32m[1mLinking C shared library rosidl_generator_py/amr_msg_interfaces/amr_msg_interfaces_s__rosidl_typesupport_c.cpython-38-x86_64-linux-gnu.so[0m
[100%] [32m[1mLinking CXX shared library rosidl_generator_py/amr_msg_interfaces/amr_msg_interfaces_s__rosidl_typesupport_fastrtps_c.cpython-38-x86_64-linux-gnu.so[0m
[100%] Built target amr_msg_interfaces__rosidl_typesupport_c__pyext
[100%] Built target amr_msg_interfaces__rosidl_typesupport_introspection_c__pyext
[100%] Built target amr_msg_interfaces__rosidl_typesupport_fastrtps_c__pyext
-- Install configuration: ""
-- Execute custom install script
-- Up-to-date symlink: /home/sangjun/camel-amr-projects-V1/install/amr_msg_interfaces/share/ament_index/resource_index/rosidl_interfaces/amr_msg_interfaces
-- Up-to-date symlink: /home/sangjun/camel-amr-projects-V1/install/amr_msg_interfaces/include/amr_msg_interfaces/msg/detail/grid_map_info__functions.h
-- Up-to-date symlink: /home/sangjun/camel-amr-projects-V1/install/amr_msg_interfaces/include/amr_msg_interfaces/msg/detail/grid_map_info__struct.h
-- Up-to-date symlink: /home/sangjun/camel-amr-projects-V1/install/amr_msg_interfaces/include/amr_msg_interfaces/msg/detail/grid_map_info__type_support.h
-- Symlinking: /home/sangjun/camel-amr-projects-V1/install/amr_msg_interfaces/include/amr_msg_interfaces/msg/detail/trajectory__functions.h
-- Symlinking: /home/sangjun/camel-amr-projects-V1/install/amr_msg_interfaces/include/amr_msg_interfaces/msg/detail/trajectory__struct.h
-- Symlinking: /home/sangjun/camel-amr-projects-V1/install/amr_msg_interfaces/include/amr_msg_interfaces/msg/detail/trajectory__type_support.h
-- Up-to-date symlink: /home/sangjun/camel-amr-projects-V1/install/amr_msg_interfaces/include/amr_msg_interfaces/msg/grid_map_info.h
-- Up-to-date symlink: /home/sangjun/camel-amr-projects-V1/install/amr_msg_interfaces/include/amr_msg_interfaces/msg/rosidl_generator_c__visibility_control.h
-- Symlinking: /home/sangjun/camel-amr-projects-V1/install/amr_msg_interfaces/include/amr_msg_interfaces/msg/trajectory.h
-- Up-to-date symlink: /home/sangjun/camel-amr-projects-V1/install/amr_msg_interfaces/share/amr_msg_interfaces/environment/library_path.sh
-- Up-to-date symlink: /home/sangjun/camel-amr-projects-V1/install/amr_msg_interfaces/share/amr_msg_interfaces/environment/library_path.dsv
-- Up-to-date symlink: /home/sangjun/camel-amr-projects-V1/install/amr_msg_interfaces/include/amr_msg_interfaces/msg/detail/grid_map_info__rosidl_typesupport_fastrtps_c.h
-- Symlinking: /home/sangjun/camel-amr-projects-V1/install/amr_msg_interfaces/include/amr_msg_interfaces/msg/detail/trajectory__rosidl_typesupport_fastrtps_c.h
-- Up-to-date symlink: /home/sangjun/camel-amr-projects-V1/install/amr_msg_interfaces/include/amr_msg_interfaces/msg/rosidl_typesupport_fastrtps_c__visibility_control.h
-- Up-to-date symlink: /home/sangjun/camel-amr-projects-V1/install/amr_msg_interfaces/lib/libamr_msg_interfaces__rosidl_typesupport_fastrtps_c.so
-- Up-to-date symlink: /home/sangjun/camel-amr-projects-V1/install/amr_msg_interfaces/include/amr_msg_interfaces/msg/detail/grid_map_info__rosidl_typesupport_fastrtps_cpp.hpp
-- Symlinking: /home/sangjun/camel-amr-projects-V1/install/amr_msg_interfaces/include/amr_msg_interfaces/msg/detail/trajectory__rosidl_typesupport_fastrtps_cpp.hpp
-- Up-to-date symlink: /home/sangjun/camel-amr-projects-V1/install/amr_msg_interfaces/include/amr_msg_interfaces/msg/rosidl_typesupport_fastrtps_cpp__visibility_control.h
-- Up-to-date symlink: /home/sangjun/camel-amr-projects-V1/install/amr_msg_interfaces/lib/libamr_msg_interfaces__rosidl_typesupport_fastrtps_cpp.so
-- Up-to-date symlink: /home/sangjun/camel-amr-projects-V1/install/amr_msg_interfaces/include/amr_msg_interfaces/msg/detail/grid_map_info__rosidl_typesupport_introspection_c.h
-- Symlinking: /home/sangjun/camel-amr-projects-V1/install/amr_msg_interfaces/include/amr_msg_interfaces/msg/detail/trajectory__rosidl_typesupport_introspection_c.h
-- Up-to-date symlink: /home/sangjun/camel-amr-projects-V1/install/amr_msg_interfaces/include/amr_msg_interfaces/msg/rosidl_typesupport_introspection_c__visibility_control.h
-- Up-to-date symlink: /home/sangjun/camel-amr-projects-V1/install/amr_msg_interfaces/include/amr_msg_interfaces/msg/detail/grid_map_info__builder.hpp
-- Up-to-date symlink: /home/sangjun/camel-amr-projects-V1/install/amr_msg_interfaces/include/amr_msg_interfaces/msg/detail/grid_map_info__struct.hpp
-- Up-to-date symlink: /home/sangjun/camel-amr-projects-V1/install/amr_msg_interfaces/include/amr_msg_interfaces/msg/detail/grid_map_info__traits.hpp
-- Up-to-date symlink: /home/sangjun/camel-amr-projects-V1/install/amr_msg_interfaces/include/amr_msg_interfaces/msg/detail/grid_map_info__type_support.hpp
-- Symlinking: /home/sangjun/camel-amr-projects-V1/install/amr_msg_interfaces/include/amr_msg_interfaces/msg/detail/trajectory__builder.hpp
-- Symlinking: /home/sangjun/camel-amr-projects-V1/install/amr_msg_interfaces/include/amr_msg_interfaces/msg/detail/trajectory__struct.hpp
-- Symlinking: /home/sangjun/camel-amr-projects-V1/install/amr_msg_interfaces/include/amr_msg_interfaces/msg/detail/trajectory__traits.hpp
-- Symlinking: /home/sangjun/camel-amr-projects-V1/install/amr_msg_interfaces/include/amr_msg_interfaces/msg/detail/trajectory__type_support.hpp
-- Up-to-date symlink: /home/sangjun/camel-amr-projects-V1/install/amr_msg_interfaces/include/amr_msg_interfaces/msg/grid_map_info.hpp
-- Up-to-date symlink: /home/sangjun/camel-amr-projects-V1/install/amr_msg_interfaces/include/amr_msg_interfaces/msg/rosidl_generator_cpp__visibility_control.hpp
-- Symlinking: /home/sangjun/camel-amr-projects-V1/install/amr_msg_interfaces/include/amr_msg_interfaces/msg/trajectory.hpp
-- Up-to-date symlink: /home/sangjun/camel-amr-projects-V1/install/amr_msg_interfaces/include/amr_msg_interfaces/msg/detail/grid_map_info__rosidl_typesupport_introspection_cpp.hpp
-- Symlinking: /home/sangjun/camel-amr-projects-V1/install/amr_msg_interfaces/include/amr_msg_interfaces/msg/detail/trajectory__rosidl_typesupport_introspection_cpp.hpp
-- Up-to-date symlink: /home/sangjun/camel-amr-projects-V1/install/amr_msg_interfaces/share/amr_msg_interfaces/environment/pythonpath.sh
-- Up-to-date symlink: /home/sangjun/camel-amr-projects-V1/install/amr_msg_interfaces/share/amr_msg_interfaces/environment/pythonpath.dsv
-- Up-to-date symlink: /home/sangjun/camel-amr-projects-V1/install/amr_msg_interfaces/lib/python3.8/site-packages/amr_msg_interfaces/__init__.py
-- Up-to-date symlink: /home/sangjun/camel-amr-projects-V1/install/amr_msg_interfaces/lib/python3.8/site-packages/amr_msg_interfaces/msg/__init__.py
-- Up-to-date symlink: /home/sangjun/camel-amr-projects-V1/install/amr_msg_interfaces/lib/python3.8/site-packages/amr_msg_interfaces/msg/_grid_map_info.py
-- Symlinking: /home/sangjun/camel-amr-projects-V1/install/amr_msg_interfaces/lib/python3.8/site-packages/amr_msg_interfaces/msg/_trajectory.py
-- Up-to-date symlink: /home/sangjun/camel-amr-projects-V1/install/amr_msg_interfaces/lib/python3.8/site-packages/amr_msg_interfaces/amr_msg_interfaces_s__rosidl_typesupport_fastrtps_c.cpython-38-x86_64-linux-gnu.so
-- Up-to-date symlink: /home/sangjun/camel-amr-projects-V1/install/amr_msg_interfaces/lib/python3.8/site-packages/amr_msg_interfaces/amr_msg_interfaces_s__rosidl_typesupport_introspection_c.cpython-38-x86_64-linux-gnu.so
-- Up-to-date symlink: /home/sangjun/camel-amr-projects-V1/install/amr_msg_interfaces/lib/python3.8/site-packages/amr_msg_interfaces/amr_msg_interfaces_s__rosidl_typesupport_c.cpython-38-x86_64-linux-gnu.so
-- Up-to-date symlink: /home/sangjun/camel-amr-projects-V1/install/amr_msg_interfaces/lib/libamr_msg_interfaces__python.so
-- Up-to-date symlink: /home/sangjun/camel-amr-projects-V1/install/amr_msg_interfaces/share/amr_msg_interfaces/msg/GridMapInfo.idl
-- Symlinking: /home/sangjun/camel-amr-projects-V1/install/amr_msg_interfaces/share/amr_msg_interfaces/msg/Trajectory.idl
-- Up-to-date symlink: /home/sangjun/camel-amr-projects-V1/install/amr_msg_interfaces/share/amr_msg_interfaces/msg/GridMapInfo.msg
-- Symlinking: /home/sangjun/camel-amr-projects-V1/install/amr_msg_interfaces/share/amr_msg_interfaces/msg/Trajectory.msg
-- Up-to-date symlink: /home/sangjun/camel-amr-projects-V1/install/amr_msg_interfaces/share/ament_index/resource_index/package_run_dependencies/amr_msg_interfaces
-- Up-to-date symlink: /home/sangjun/camel-amr-projects-V1/install/amr_msg_interfaces/share/ament_index/resource_index/parent_prefix_path/amr_msg_interfaces
-- Up-to-date symlink: /home/sangjun/camel-amr-projects-V1/install/amr_msg_interfaces/share/amr_msg_interfaces/environment/ament_prefix_path.sh
-- Up-to-date symlink: /home/sangjun/camel-amr-projects-V1/install/amr_msg_interfaces/share/amr_msg_interfaces/environment/ament_prefix_path.dsv
-- Up-to-date symlink: /home/sangjun/camel-amr-projects-V1/install/amr_msg_interfaces/share/amr_msg_interfaces/environment/path.sh
-- Up-to-date symlink: /home/sangjun/camel-amr-projects-V1/install/amr_msg_interfaces/share/amr_msg_interfaces/environment/path.dsv
-- Up-to-date symlink: /home/sangjun/camel-amr-projects-V1/install/amr_msg_interfaces/share/amr_msg_interfaces/local_setup.bash
-- Up-to-date symlink: /home/sangjun/camel-amr-projects-V1/install/amr_msg_interfaces/share/amr_msg_interfaces/local_setup.sh
-- Up-to-date symlink: /home/sangjun/camel-amr-projects-V1/install/amr_msg_interfaces/share/amr_msg_interfaces/local_setup.zsh
-- Up-to-date symlink: /home/sangjun/camel-amr-projects-V1/install/amr_msg_interfaces/share/amr_msg_interfaces/local_setup.dsv
-- Symlinking: /home/sangjun/camel-amr-projects-V1/install/amr_msg_interfaces/share/amr_msg_interfaces/package.dsv
-- Up-to-date symlink: /home/sangjun/camel-amr-projects-V1/install/amr_msg_interfaces/share/ament_index/resource_index/packages/amr_msg_interfaces
-- Up-to-date symlink: /home/sangjun/camel-amr-projects-V1/install/amr_msg_interfaces/share/amr_msg_interfaces/cmake/rosidl_cmake-extras.cmake
-- Up-to-date symlink: /home/sangjun/camel-amr-projects-V1/install/amr_msg_interfaces/share/amr_msg_interfaces/cmake/ament_cmake_export_dependencies-extras.cmake
-- Up-to-date symlink: /home/sangjun/camel-amr-projects-V1/install/amr_msg_interfaces/share/amr_msg_interfaces/cmake/ament_cmake_export_libraries-extras.cmake
-- Up-to-date symlink: /home/sangjun/camel-amr-projects-V1/install/amr_msg_interfaces/share/amr_msg_interfaces/cmake/ament_cmake_export_targets-extras.cmake
-- Up-to-date symlink: /home/sangjun/camel-amr-projects-V1/install/amr_msg_interfaces/share/amr_msg_interfaces/cmake/ament_cmake_export_include_directories-extras.cmake
-- Up-to-date symlink: /home/sangjun/camel-amr-projects-V1/install/amr_msg_interfaces/share/amr_msg_interfaces/cmake/rosidl_cmake_export_typesupport_libraries-extras.cmake
-- Up-to-date symlink: /home/sangjun/camel-amr-projects-V1/install/amr_msg_interfaces/share/amr_msg_interfaces/cmake/rosidl_cmake_export_typesupport_targets-extras.cmake
-- Up-to-date symlink: /home/sangjun/camel-amr-projects-V1/install/amr_msg_interfaces/share/amr_msg_interfaces/cmake/amr_msg_interfacesConfig.cmake
-- Up-to-date symlink: /home/sangjun/camel-amr-projects-V1/install/amr_msg_interfaces/share/amr_msg_interfaces/cmake/amr_msg_interfacesConfig-version.cmake
-- Up-to-date symlink: /home/sangjun/camel-amr-projects-V1/install/amr_msg_interfaces/share/amr_msg_interfaces/package.xml
-- Installing: /home/sangjun/camel-amr-projects-V1/install/amr_msg_interfaces/lib/libamr_msg_interfaces__rosidl_generator_c.so
-- Set runtime path of "/home/sangjun/camel-amr-projects-V1/install/amr_msg_interfaces/lib/libamr_msg_interfaces__rosidl_generator_c.so" to ""
-- Installing: /home/sangjun/camel-amr-projects-V1/install/amr_msg_interfaces/lib/libamr_msg_interfaces__rosidl_typesupport_introspection_c.so
-- Set runtime path of "/home/sangjun/camel-amr-projects-V1/install/amr_msg_interfaces/lib/libamr_msg_interfaces__rosidl_typesupport_introspection_c.so" to ""
-- Installing: /home/sangjun/camel-amr-projects-V1/install/amr_msg_interfaces/lib/libamr_msg_interfaces__rosidl_typesupport_c.so
-- Set runtime path of "/home/sangjun/camel-amr-projects-V1/install/amr_msg_interfaces/lib/libamr_msg_interfaces__rosidl_typesupport_c.so" to ""
-- Installing: /home/sangjun/camel-amr-projects-V1/install/amr_msg_interfaces/lib/libamr_msg_interfaces__rosidl_typesupport_introspection_cpp.so
-- Set runtime path of "/home/sangjun/camel-amr-projects-V1/install/amr_msg_interfaces/lib/libamr_msg_interfaces__rosidl_typesupport_introspection_cpp.so" to ""
-- Installing: /home/sangjun/camel-amr-projects-V1/install/amr_msg_interfaces/lib/libamr_msg_interfaces__rosidl_typesupport_cpp.so
-- Set runtime path of "/home/sangjun/camel-amr-projects-V1/install/amr_msg_interfaces/lib/libamr_msg_interfaces__rosidl_typesupport_cpp.so" to ""
Compiling '/home/sangjun/camel-amr-projects-V1/install/amr_msg_interfaces/lib/python3.8/site-packages/amr_msg_interfaces/__init__.py'...
-- Up-to-date: /home/sangjun/camel-amr-projects-V1/install/amr_msg_interfaces/share/amr_msg_interfaces/cmake/amr_msg_interfaces__rosidl_generator_cExport.cmake
-- Up-to-date: /home/sangjun/camel-amr-projects-V1/install/amr_msg_interfaces/share/amr_msg_interfaces/cmake/amr_msg_interfaces__rosidl_generator_cExport-noconfig.cmake
-- Up-to-date: /home/sangjun/camel-amr-projects-V1/install/amr_msg_interfaces/share/amr_msg_interfaces/cmake/amr_msg_interfaces__rosidl_typesupport_introspection_cExport.cmake
-- Up-to-date: /home/sangjun/camel-amr-projects-V1/install/amr_msg_interfaces/share/amr_msg_interfaces/cmake/amr_msg_interfaces__rosidl_typesupport_introspection_cExport-noconfig.cmake
-- Up-to-date: /home/sangjun/camel-amr-projects-V1/install/amr_msg_interfaces/share/amr_msg_interfaces/cmake/amr_msg_interfaces__rosidl_typesupport_cExport.cmake
-- Up-to-date: /home/sangjun/camel-amr-projects-V1/install/amr_msg_interfaces/share/amr_msg_interfaces/cmake/amr_msg_interfaces__rosidl_typesupport_cExport-noconfig.cmake
-- Up-to-date: /home/sangjun/camel-amr-projects-V1/install/amr_msg_interfaces/share/amr_msg_interfaces/cmake/amr_msg_interfaces__rosidl_generator_cppExport.cmake
-- Up-to-date: /home/sangjun/camel-amr-projects-V1/install/amr_msg_interfaces/share/amr_msg_interfaces/cmake/amr_msg_interfaces__rosidl_typesupport_introspection_cppExport.cmake
-- Up-to-date: /home/sangjun/camel-amr-projects-V1/install/amr_msg_interfaces/share/amr_msg_interfaces/cmake/amr_msg_interfaces__rosidl_typesupport_introspection_cppExport-noconfig.cmake
-- Up-to-date: /home/sangjun/camel-amr-projects-V1/install/amr_msg_interfaces/share/amr_msg_interfaces/cmake/amr_msg_interfaces__rosidl_typesupport_cppExport.cmake
-- Up-to-date: /home/sangjun/camel-amr-projects-V1/install/amr_msg_interfaces/share/amr_msg_interfaces/cmake/amr_msg_interfaces__rosidl_typesupport_cppExport-noconfig.cmake
