[ 10%] [34m[1mAutomatic MOC and UIC for target visualize_lib[0m
[ 10%] [34m[1mAutomatic MOC and UIC for target dynamicObstacle_lib[0m
[ 10%] [34m[1mAutomatic MOC and UIC for target obsDetection_lib[0m
[ 16%] [34m[1mAutomatic MOC and UIC for target mainwindow_lib[0m
[ 16%] [34m[1mAutomatic MOC and UIC for target astar_lib[0m
[ 20%] [34m[1mAutomatic MOC and UIC for target clusteringDynamicObs_lib[0m
[ 20%] Built target obsDetection_lib_autogen
[ 20%] Built target clusteringDynamicObs_lib_autogen
[ 20%] Built target dynamicObstacle_lib_autogen
[ 20%] Built target visualize_lib_autogen
[ 20%] Built target astar_lib_autogen
[ 46%] Built target dynamicObstacle_lib
[ 50%] Built target visualize_lib
[ 50%] Built target clusteringDynamicObs_lib
[ 60%] Built target astar_lib
[ 70%] Built target obsDetection_lib
[ 73%] [34m[1mAutomatic MOC and UIC for target simulmain[0m
[ 73%] Built target simulmain_autogen
[ 76%] [32mBuilding CXX object CMakeFiles/simulmain.dir/simulmain_autogen/mocs_compilation.cpp.o[0m
[ 80%] [32mBuilding CXX object CMakeFiles/simulmain.dir/src/Amr_UI/qcustomplot.cpp.o[0m
[ 83%] [32mBuilding CXX object CMakeFiles/simulmain.dir/src/simulmain/simul_main.cpp.o[0m
[ 83%] Built target mainwindow_lib_autogen
[ 93%] [32mBuilding CXX object CMakeFiles/mainwindow_lib.dir/src/Amr_UI/mainwindow.cpp.o[0m
[ 93%] [32mBuilding CXX object CMakeFiles/mainwindow_lib.dir/mainwindow_lib_autogen/mocs_compilation.cpp.o[0m
[ 93%] [32mBuilding CXX object CMakeFiles/mainwindow_lib.dir/src/Amr_UI/qcustomplot.cpp.o[0m
[ 96%] [32m[1mLinking CXX static library libmainwindow_lib.a[0m
[ 96%] Built target mainwindow_lib
