[ 10%] [34m[1mAutomatic MOC and UIC for target visualize_lib[0m
[ 10%] [34m[1mAutomatic MOC and UIC for target dynamicObstacle_lib[0m
[ 10%] [34m[1mAutomatic MOC and UIC for target obsDetection_lib[0m
[ 16%] [34m[1mAutomatic MOC and UIC for target mainwindow_lib[0m
[ 16%] [34m[1mAutomatic MOC and UIC for target astar_lib[0m
[ 20%] [34m[1mAutomatic MOC and UIC for target clusteringDynamicObs_lib[0m
[ 20%] Built target obsDetection_lib_autogen
[ 20%] Built target clusteringDynamicObs_lib_autogen
[ 20%] Built target dynamicObstacle_lib_autogen
[ 20%] Built target visualize_lib_autogen
[ 20%] Built target astar_lib_autogen
[ 46%] Built target dynamicObstacle_lib
[ 50%] Built target visualize_lib
[ 50%] Built target clusteringDynamicObs_lib
[ 60%] Built target astar_lib
[ 70%] Built target obsDetection_lib
[ 73%] [34m[1mAutomatic MOC and UIC for target simulmain[0m
[ 73%] Built target simulmain_autogen
[ 76%] [32mBuilding CXX object CMakeFiles/simulmain.dir/simulmain_autogen/mocs_compilation.cpp.o[0m
[ 80%] [32mBuilding CXX object CMakeFiles/simulmain.dir/src/Amr_UI/qcustomplot.cpp.o[0m
[ 83%] [32mBuilding CXX object CMakeFiles/simulmain.dir/src/simulmain/simul_main.cpp.o[0m
[01m[K/home/dongju/camel-amr-projects/src/amr-main-pkg/src/simulmain/simul_main.cpp:5:10:[m[K [01;31m[Kfatal error: [m[KAmr_UI/mainwindow.h: No such file or directory
    5 | #include [01;31m[K"Amr_UI/mainwindow.h"[m[K
      |          [01;31m[K^~~~~~~~~~~~~~~~~~~~~[m[K
compilation terminated.
make[2]: *** [CMakeFiles/simulmain.dir/build.make:90: CMakeFiles/simulmain.dir/src/simulmain/simul_main.cpp.o] Error 1
make[2]: *** Waiting for unfinished jobs....
[ 83%] Built target mainwindow_lib_autogen
[ 93%] [32mBuilding CXX object CMakeFiles/mainwindow_lib.dir/src/Amr_UI/mainwindow.cpp.o[0m
[ 93%] [32mBuilding CXX object CMakeFiles/mainwindow_lib.dir/mainwindow_lib_autogen/mocs_compilation.cpp.o[0m
[ 93%] [32mBuilding CXX object CMakeFiles/mainwindow_lib.dir/src/Amr_UI/qcustomplot.cpp.o[0m
In file included from [01m[K/usr/include/x86_64-linux-gnu/qt5/QtGui/qevent.h:50[m[K,
                 from [01m[K/usr/include/x86_64-linux-gnu/qt5/QtGui/QPaintEvent:1[m[K,
                 from [01m[K/home/dongju/camel-amr-projects/src/amr-main-pkg/src/Amr_UI/qcustomplot.hpp:61[m[K,
                 from [01m[K/home/dongju/camel-amr-projects/src/amr-main-pkg/src/Amr_UI/qcustomplot.cpp:29[m[K:
[01m[K/usr/include/x86_64-linux-gnu/qt5/QtCore/qvariant.h:[m[K In constructor ‘[01m[KQVariant::QVariant(QVariant&&)[m[K’:
[01m[K/usr/include/x86_64-linux-gnu/qt5/QtCore/qvariant.h:275:25:[m[K [01;35m[Kwarning: [m[Kimplicitly-declared ‘[01m[Kconstexpr QVariant::Private& QVariant::Private::operator=(const QVariant::Private&)[m[K’ is deprecated [[01;35m[K-Wdeprecated-copy[m[K]
  275 |     { other.d = Private([01;35m[K)[m[K; }
      |                         [01;35m[K^[m[K
[01m[K/usr/include/x86_64-linux-gnu/qt5/QtCore/qvariant.h:401:16:[m[K [01;36m[Knote: [m[Kbecause ‘[01m[KQVariant::Private[m[K’ has user-provided ‘[01m[KQVariant::Private::Private(const QVariant::Private&)[m[K’
  401 |         inline [01;36m[KPrivate[m[K(const Private &other) Q_DECL_NOTHROW
      |                [01;36m[K^~~~~~~[m[K
In file included from [01m[K/usr/include/x86_64-linux-gnu/qt5/QtCore/QVariant:1[m[K,
                 from [01m[K/home/dongju/camel-amr-projects/build/amr-main-pkg/mainwindow_lib_autogen/include/ui_mainwindow2.h:12[m[K,
                 from [01m[K/home/dongju/camel-amr-projects/src/amr-main-pkg/src/Amr_UI/mainwindow.cpp:6[m[K:
[01m[K/usr/include/x86_64-linux-gnu/qt5/QtCore/qvariant.h:[m[K In constructor ‘[01m[KQVariant::QVariant(QVariant&&)[m[K’:
[01m[K/usr/include/x86_64-linux-gnu/qt5/QtCore/qvariant.h:275:25:[m[K [01;35m[Kwarning: [m[Kimplicitly-declared ‘[01m[Kconstexpr QVariant::Private& QVariant::Private::operator=(const QVariant::Private&)[m[K’ is deprecated [[01;35m[K-Wdeprecated-copy[m[K]
  275 |     { other.d = Private([01;35m[K)[m[K; }
      |                         [01;35m[K^[m[K
[01m[K/usr/include/x86_64-linux-gnu/qt5/QtCore/qvariant.h:401:16:[m[K [01;36m[Knote: [m[Kbecause ‘[01m[KQVariant::Private[m[K’ has user-provided ‘[01m[KQVariant::Private::Private(const QVariant::Private&)[m[K’
  401 |         inline [01;36m[KPrivate[m[K(const Private &other) Q_DECL_NOTHROW
      |                [01;36m[K^~~~~~~[m[K
In file included from [01m[K/usr/include/x86_64-linux-gnu/qt5/QtGui/qevent.h:50[m[K,
                 from [01m[K/usr/include/x86_64-linux-gnu/qt5/QtGui/QPaintEvent:1[m[K,
                 from [01m[K/home/dongju/camel-amr-projects/build/amr-main-pkg/mainwindow_lib_autogen/YFTHPEQBWW/../../../../src/amr-main-pkg/src/Amr_UI/qcustomplot.hpp:61[m[K,
                 from [01m[K/home/dongju/camel-amr-projects/build/amr-main-pkg/mainwindow_lib_autogen/YFTHPEQBWW/moc_qcustomplot.cpp:9[m[K,
                 from [01m[K/home/dongju/camel-amr-projects/build/amr-main-pkg/mainwindow_lib_autogen/mocs_compilation.cpp:3[m[K:
[01m[K/usr/include/x86_64-linux-gnu/qt5/QtCore/qvariant.h:[m[K In constructor ‘[01m[KQVariant::QVariant(QVariant&&)[m[K’:
[01m[K/usr/include/x86_64-linux-gnu/qt5/QtCore/qvariant.h:275:25:[m[K [01;35m[Kwarning: [m[Kimplicitly-declared ‘[01m[Kconstexpr QVariant::Private& QVariant::Private::operator=(const QVariant::Private&)[m[K’ is deprecated [[01;35m[K-Wdeprecated-copy[m[K]
  275 |     { other.d = Private([01;35m[K)[m[K; }
      |                         [01;35m[K^[m[K
[01m[K/usr/include/x86_64-linux-gnu/qt5/QtCore/qvariant.h:401:16:[m[K [01;36m[Knote: [m[Kbecause ‘[01m[KQVariant::Private[m[K’ has user-provided ‘[01m[KQVariant::Private::Private(const QVariant::Private&)[m[K’
  401 |         inline [01;36m[KPrivate[m[K(const Private &other) Q_DECL_NOTHROW
      |                [01;36m[K^~~~~~~[m[K
In file included from [01m[K/usr/include/x86_64-linux-gnu/qt5/QtWidgets/qabstractitemdelegate.h:45[m[K,
                 from [01m[K/usr/include/x86_64-linux-gnu/qt5/QtWidgets/QtWidgets:9[m[K,
                 from [01m[K/usr/include/x86_64-linux-gnu/qt5/QtPrintSupport/QtPrintSupportDepends:5[m[K,
                 from [01m[K/usr/include/x86_64-linux-gnu/qt5/QtPrintSupport/QtPrintSupport:3[m[K,
                 from [01m[K/home/dongju/camel-amr-projects/src/amr-main-pkg/src/Amr_UI/qcustomplot.hpp:102[m[K,
                 from [01m[K/home/dongju/camel-amr-projects/src/amr-main-pkg/src/Amr_UI/qcustomplot.cpp:29[m[K:
[01m[K/usr/include/x86_64-linux-gnu/qt5/QtWidgets/qstyleoption.h:[m[K In copy constructor ‘[01m[KQStyleOptionFocusRect::QStyleOptionFocusRect(const QStyleOptionFocusRect&)[m[K’:
[01m[K/usr/include/x86_64-linux-gnu/qt5/QtWidgets/qstyleoption.h:120:103:[m[K [01;35m[Kwarning: [m[Kimplicitly-declared ‘[01m[KQStyleOptionFocusRect& QStyleOptionFocusRect::operator=(const QStyleOptionFocusRect&)[m[K’ is deprecated [[01;35m[K-Wdeprecated-copy[m[K]
  120 |     QStyleOptionFocusRect(const QStyleOptionFocusRect &other) : QStyleOption(Version, Type) { *this = [01;35m[Kother[m[K; }
      |                                                                                                       [01;35m[K^~~~~[m[K
[01m[K/usr/include/x86_64-linux-gnu/qt5/QtWidgets/qstyleoption.h:120:5:[m[K [01;36m[Knote: [m[Kbecause ‘[01m[KQStyleOptionFocusRect[m[K’ has user-provided ‘[01m[KQStyleOptionFocusRect::QStyleOptionFocusRect(const QStyleOptionFocusRect&)[m[K’
  120 |     [01;36m[KQStyleOptionFocusRect[m[K(const QStyleOptionFocusRect &other) : QStyleOption(Version, Type) { *this = other; }
      |     [01;36m[K^~~~~~~~~~~~~~~~~~~~~[m[K
[01m[K/usr/include/x86_64-linux-gnu/qt5/QtWidgets/qstyleoption.h:[m[K In copy constructor ‘[01m[KQStyleOptionFrame::QStyleOptionFrame(const QStyleOptionFrame&)[m[K’:
[01m[K/usr/include/x86_64-linux-gnu/qt5/QtWidgets/qstyleoption.h:144:95:[m[K [01;35m[Kwarning: [m[Kimplicitly-declared ‘[01m[KQStyleOptionFrame& QStyleOptionFrame::operator=(const QStyleOptionFrame&)[m[K’ is deprecated [[01;35m[K-Wdeprecated-copy[m[K]
  144 |     QStyleOptionFrame(const QStyleOptionFrame &other) : QStyleOption(Version, Type) { *this = [01;35m[Kother[m[K; }
      |                                                                                               [01;35m[K^~~~~[m[K
[01m[K/usr/include/x86_64-linux-gnu/qt5/QtWidgets/qstyleoption.h:144:5:[m[K [01;36m[Knote: [m[Kbecause ‘[01m[KQStyleOptionFrame[m[K’ has user-provided ‘[01m[KQStyleOptionFrame::QStyleOptionFrame(const QStyleOptionFrame&)[m[K’
  144 |     [01;36m[KQStyleOptionFrame[m[K(const QStyleOptionFrame &other) : QStyleOption(Version, Type) { *this = other; }
      |     [01;36m[K^~~~~~~~~~~~~~~~~[m[K
[01m[K/usr/include/x86_64-linux-gnu/qt5/QtWidgets/qstyleoption.h:[m[K In copy constructor ‘[01m[KQStyleOptionTabWidgetFrame::QStyleOptionTabWidgetFrame(const QStyleOptionTabWidgetFrame&)[m[K’:
[01m[K/usr/include/x86_64-linux-gnu/qt5/QtWidgets/qstyleoption.h:173:49:[m[K [01;35m[Kwarning: [m[Kimplicitly-declared ‘[01m[KQStyleOptionTabWidgetFrame& QStyleOptionTabWidgetFrame::operator=(const QStyleOptionTabWidgetFrame&)[m[K’ is deprecated [[01;35m[K-Wdeprecated-copy[m[K]
  173 |         : QStyleOption(Version, Type) { *this = [01;35m[Kother[m[K; }
      |                                                 [01;35m[K^~~~~[m[K
[01m[K/usr/include/x86_64-linux-gnu/qt5/QtWidgets/qstyleoption.h:172:12:[m[K [01;36m[Knote: [m[Kbecause ‘[01m[KQStyleOptionTabWidgetFrame[m[K’ has user-provided ‘[01m[KQStyleOptionTabWidgetFrame::QStyleOptionTabWidgetFrame(const QStyleOptionTabWidgetFrame&)[m[K’
  172 |     inline [01;36m[KQStyleOptionTabWidgetFrame[m[K(const QStyleOptionTabWidgetFrame &other)
      |            [01;36m[K^~~~~~~~~~~~~~~~~~~~~~~~~~[m[K
[01m[K/usr/include/x86_64-linux-gnu/qt5/QtWidgets/qstyleoption.h:[m[K In copy constructor ‘[01m[KQStyleOptionTabBarBase::QStyleOptionTabBarBase(const QStyleOptionTabBarBase&)[m[K’:
[01m[K/usr/include/x86_64-linux-gnu/qt5/QtWidgets/qstyleoption.h:196:105:[m[K [01;35m[Kwarning: [m[Kimplicitly-declared ‘[01m[KQStyleOptionTabBarBase& QStyleOptionTabBarBase::operator=(const QStyleOptionTabBarBase&)[m[K’ is deprecated [[01;35m[K-Wdeprecated-copy[m[K]
  196 |     QStyleOptionTabBarBase(const QStyleOptionTabBarBase &other) : QStyleOption(Version, Type) { *this = [01;35m[Kother[m[K; }
      |                                                                                                         [01;35m[K^~~~~[m[K
[01m[K/usr/include/x86_64-linux-gnu/qt5/QtWidgets/qstyleoption.h:196:5:[m[K [01;36m[Knote: [m[Kbecause ‘[01m[KQStyleOptionTabBarBase[m[K’ has user-provided ‘[01m[KQStyleOptionTabBarBase::QStyleOptionTabBarBase(const QStyleOptionTabBarBase&)[m[K’
  196 |     [01;36m[KQStyleOptionTabBarBase[m[K(const QStyleOptionTabBarBase &other) : QStyleOption(Version, Type) { *this = other; }
      |     [01;36m[K^~~~~~~~~~~~~~~~~~~~~~[m[K
[01m[K/usr/include/x86_64-linux-gnu/qt5/QtWidgets/qstyleoption.h:[m[K In copy constructor ‘[01m[KQStyleOptionHeader::QStyleOptionHeader(const QStyleOptionHeader&)[m[K’:
[01m[K/usr/include/x86_64-linux-gnu/qt5/QtWidgets/qstyleoption.h:227:97:[m[K [01;35m[Kwarning: [m[Kimplicitly-declared ‘[01m[KQStyleOptionHeader& QStyleOptionHeader::operator=(const QStyleOptionHeader&)[m[K’ is deprecated [[01;35m[K-Wdeprecated-copy[m[K]
  227 |     QStyleOptionHeader(const QStyleOptionHeader &other) : QStyleOption(Version, Type) { *this = [01;35m[Kother[m[K; }
      |                                                                                                 [01;35m[K^~~~~[m[K
[01m[K/usr/include/x86_64-linux-gnu/qt5/QtWidgets/qstyleoption.h:227:5:[m[K [01;36m[Knote: [m[Kbecause ‘[01m[KQStyleOptionHeader[m[K’ has user-provided ‘[01m[KQStyleOptionHeader::QStyleOptionHeader(const QStyleOptionHeader&)[m[K’
  227 |     [01;36m[KQStyleOptionHeader[m[K(const QStyleOptionHeader &other) : QStyleOption(Version, Type) { *this = other; }
      |     [01;36m[K^~~~~~~~~~~~~~~~~~[m[K
[01m[K/usr/include/x86_64-linux-gnu/qt5/QtWidgets/qstyleoption.h:[m[K In copy constructor ‘[01m[KQStyleOptionButton::QStyleOptionButton(const QStyleOptionButton&)[m[K’:
[01m[K/usr/include/x86_64-linux-gnu/qt5/QtWidgets/qstyleoption.h:249:97:[m[K [01;35m[Kwarning: [m[Kimplicitly-declared ‘[01m[KQStyleOptionButton& QStyleOptionButton::operator=(const QStyleOptionButton&)[m[K’ is deprecated [[01;35m[K-Wdeprecated-copy[m[K]
  249 |     QStyleOptionButton(const QStyleOptionButton &other) : QStyleOption(Version, Type) { *this = [01;35m[Kother[m[K; }
      |                                                                                                 [01;35m[K^~~~~[m[K
[01m[K/usr/include/x86_64-linux-gnu/qt5/QtWidgets/qstyleoption.h:249:5:[m[K [01;36m[Knote: [m[Kbecause ‘[01m[KQStyleOptionButton[m[K’ has user-provided ‘[01m[KQStyleOptionButton::QStyleOptionButton(const QStyleOptionButton&)[m[K’
  249 |     [01;36m[KQStyleOptionButton[m[K(const QStyleOptionButton &other) : QStyleOption(Version, Type) { *this = other; }
      |     [01;36m[K^~~~~~~~~~~~~~~~~~[m[K
[01m[K/usr/include/x86_64-linux-gnu/qt5/QtWidgets/qstyleoption.h:[m[K In copy constructor ‘[01m[KQStyleOptionTab::QStyleOptionTab(const QStyleOptionTab&)[m[K’:
[01m[K/usr/include/x86_64-linux-gnu/qt5/QtWidgets/qstyleoption.h:286:91:[m[K [01;35m[Kwarning: [m[Kimplicitly-declared ‘[01m[KQStyleOptionTab& QStyleOptionTab::operator=(const QStyleOptionTab&)[m[K’ is deprecated [[01;35m[K-Wdeprecated-copy[m[K]
  286 |     QStyleOptionTab(const QStyleOptionTab &other) : QStyleOption(Version, Type) { *this = [01;35m[Kother[m[K; }
      |                                                                                           [01;35m[K^~~~~[m[K
[01m[K/usr/include/x86_64-linux-gnu/qt5/QtWidgets/qstyleoption.h:286:5:[m[K [01;36m[Knote: [m[Kbecause ‘[01m[KQStyleOptionTab[m[K’ has user-provided ‘[01m[KQStyleOptionTab::QStyleOptionTab(const QStyleOptionTab&)[m[K’
  286 |     [01;36m[KQStyleOptionTab[m[K(const QStyleOptionTab &other) : QStyleOption(Version, Type) { *this = other; }
      |     [01;36m[K^~~~~~~~~~~~~~~[m[K
[01m[K/usr/include/x86_64-linux-gnu/qt5/QtWidgets/qstyleoption.h:[m[K In copy constructor ‘[01m[KQStyleOptionToolBar::QStyleOptionToolBar(const QStyleOptionToolBar&)[m[K’:
[01m[K/usr/include/x86_64-linux-gnu/qt5/QtWidgets/qstyleoption.h:316:99:[m[K [01;35m[Kwarning: [m[Kimplicitly-declared ‘[01m[KQStyleOptionToolBar& QStyleOptionToolBar::operator=(const QStyleOptionToolBar&)[m[K’ is deprecated [[01;35m[K-Wdeprecated-copy[m[K]
  316 |     QStyleOptionToolBar(const QStyleOptionToolBar &other) : QStyleOption(Version, Type) { *this = [01;35m[Kother[m[K; }
      |                                                                                                   [01;35m[K^~~~~[m[K
[01m[K/usr/include/x86_64-linux-gnu/qt5/QtWidgets/qstyleoption.h:316:5:[m[K [01;36m[Knote: [m[Kbecause ‘[01m[KQStyleOptionToolBar[m[K’ has user-provided ‘[01m[KQStyleOptionToolBar::QStyleOptionToolBar(const QStyleOptionToolBar&)[m[K’
  316 |     [01;36m[KQStyleOptionToolBar[m[K(const QStyleOptionToolBar &other) : QStyleOption(Version, Type) { *this = other; }
      |     [01;36m[K^~~~~~~~~~~~~~~~~~~[m[K
[01m[K/usr/include/x86_64-linux-gnu/qt5/QtWidgets/qstyleoption.h:[m[K In copy constructor ‘[01m[KQStyleOptionProgressBar::QStyleOptionProgressBar(const QStyleOptionProgressBar&)[m[K’:
[01m[K/usr/include/x86_64-linux-gnu/qt5/QtWidgets/qstyleoption.h:343:107:[m[K [01;35m[Kwarning: [m[Kimplicitly-declared ‘[01m[KQStyleOptionProgressBar& QStyleOptionProgressBar::operator=(const QStyleOptionProgressBar&)[m[K’ is deprecated [[01;35m[K-Wdeprecated-copy[m[K]
  343 |     QStyleOptionProgressBar(const QStyleOptionProgressBar &other) : QStyleOption(Version, Type) { *this = [01;35m[Kother[m[K; }
      |                                                                                                           [01;35m[K^~~~~[m[K
[01m[K/usr/include/x86_64-linux-gnu/qt5/QtWidgets/qstyleoption.h:343:5:[m[K [01;36m[Knote: [m[Kbecause ‘[01m[KQStyleOptionProgressBar[m[K’ has user-provided ‘[01m[KQStyleOptionProgressBar::QStyleOptionProgressBar(const QStyleOptionProgressBar&)[m[K’
  343 |     [01;36m[KQStyleOptionProgressBar[m[K(const QStyleOptionProgressBar &other) : QStyleOption(Version, Type) { *this = other; }
      |     [01;36m[K^~~~~~~~~~~~~~~~~~~~~~~[m[K
[01m[K/usr/include/x86_64-linux-gnu/qt5/QtWidgets/qstyleoption.h:[m[K In copy constructor ‘[01m[KQStyleOptionMenuItem::QStyleOptionMenuItem(const QStyleOptionMenuItem&)[m[K’:
[01m[K/usr/include/x86_64-linux-gnu/qt5/QtWidgets/qstyleoption.h:373:101:[m[K [01;35m[Kwarning: [m[Kimplicitly-declared ‘[01m[KQStyleOptionMenuItem& QStyleOptionMenuItem::operator=(const QStyleOptionMenuItem&)[m[K’ is deprecated [[01;35m[K-Wdeprecated-copy[m[K]
  373 |     QStyleOptionMenuItem(const QStyleOptionMenuItem &other) : QStyleOption(Version, Type) { *this = [01;35m[Kother[m[K; }
      |                                                                                                     [01;35m[K^~~~~[m[K
[01m[K/usr/include/x86_64-linux-gnu/qt5/QtWidgets/qstyleoption.h:373:5:[m[K [01;36m[Knote: [m[Kbecause ‘[01m[KQStyleOptionMenuItem[m[K’ has user-provided ‘[01m[KQStyleOptionMenuItem::QStyleOptionMenuItem(const QStyleOptionMenuItem&)[m[K’
  373 |     [01;36m[KQStyleOptionMenuItem[m[K(const QStyleOptionMenuItem &other) : QStyleOption(Version, Type) { *this = other; }
      |     [01;36m[K^~~~~~~~~~~~~~~~~~~~[m[K
[01m[K/usr/include/x86_64-linux-gnu/qt5/QtWidgets/qstyleoption.h:[m[K In copy constructor ‘[01m[KQStyleOptionDockWidget::QStyleOptionDockWidget(const QStyleOptionDockWidget&)[m[K’:
[01m[K/usr/include/x86_64-linux-gnu/qt5/QtWidgets/qstyleoption.h:392:105:[m[K [01;35m[Kwarning: [m[Kimplicitly-declared ‘[01m[KQStyleOptionDockWidget& QStyleOptionDockWidget::operator=(const QStyleOptionDockWidget&)[m[K’ is deprecated [[01;35m[K-Wdeprecated-copy[m[K]
  392 |     QStyleOptionDockWidget(const QStyleOptionDockWidget &other) : QStyleOption(Version, Type) { *this = [01;35m[Kother[m[K; }
      |                                                                                                         [01;35m[K^~~~~[m[K
[01m[K/usr/include/x86_64-linux-gnu/qt5/QtWidgets/qstyleoption.h:392:5:[m[K [01;36m[Knote: [m[Kbecause ‘[01m[KQStyleOptionDockWidget[m[K’ has user-provided ‘[01m[KQStyleOptionDockWidget::QStyleOptionDockWidget(const QStyleOptionDockWidget&)[m[K’
  392 |     [01;36m[KQStyleOptionDockWidget[m[K(const QStyleOptionDockWidget &other) : QStyleOption(Version, Type) { *this = other; }
      |     [01;36m[K^~~~~~~~~~~~~~~~~~~~~~[m[K
[01m[K/usr/include/x86_64-linux-gnu/qt5/QtWidgets/qstyleoption.h:[m[K In copy constructor ‘[01m[KQStyleOptionViewItem::QStyleOptionViewItem(const QStyleOptionViewItem&)[m[K’:
[01m[K/usr/include/x86_64-linux-gnu/qt5/QtWidgets/qstyleoption.h:443:101:[m[K [01;35m[Kwarning: [m[Kimplicitly-declared ‘[01m[KQStyleOptionViewItem& QStyleOptionViewItem::operator=(const QStyleOptionViewItem&)[m[K’ is deprecated [[01;35m[K-Wdeprecated-copy[m[K]
  443 |     QStyleOptionViewItem(const QStyleOptionViewItem &other) : QStyleOption(Version, Type) { *this = [01;35m[Kother[m[K; }
      |                                                                                                     [01;35m[K^~~~~[m[K
[01m[K/usr/include/x86_64-linux-gnu/qt5/QtWidgets/qstyleoption.h:443:5:[m[K [01;36m[Knote: [m[Kbecause ‘[01m[KQStyleOptionViewItem[m[K’ has user-provided ‘[01m[KQStyleOptionViewItem::QStyleOptionViewItem(const QStyleOptionViewItem&)[m[K’
  443 |     [01;36m[KQStyleOptionViewItem[m[K(const QStyleOptionViewItem &other) : QStyleOption(Version, Type) { *this = other; }
      |     [01;36m[K^~~~~~~~~~~~~~~~~~~~[m[K
[01m[K/usr/include/x86_64-linux-gnu/qt5/QtWidgets/qstyleoption.h:[m[K In copy constructor ‘[01m[KQStyleOptionToolBox::QStyleOptionToolBox(const QStyleOptionToolBox&)[m[K’:
[01m[K/usr/include/x86_64-linux-gnu/qt5/QtWidgets/qstyleoption.h:473:99:[m[K [01;35m[Kwarning: [m[Kimplicitly-declared ‘[01m[KQStyleOptionToolBox& QStyleOptionToolBox::operator=(const QStyleOptionToolBox&)[m[K’ is deprecated [[01;35m[K-Wdeprecated-copy[m[K]
  473 |     QStyleOptionToolBox(const QStyleOptionToolBox &other) : QStyleOption(Version, Type) { *this = [01;35m[Kother[m[K; }
      |                                                                                                   [01;35m[K^~~~~[m[K
[01m[K/usr/include/x86_64-linux-gnu/qt5/QtWidgets/qstyleoption.h:473:5:[m[K [01;36m[Knote: [m[Kbecause ‘[01m[KQStyleOptionToolBox[m[K’ has user-provided ‘[01m[KQStyleOptionToolBox::QStyleOptionToolBox(const QStyleOptionToolBox&)[m[K’
  473 |     [01;36m[KQStyleOptionToolBox[m[K(const QStyleOptionToolBox &other) : QStyleOption(Version, Type) { *this = other; }
      |     [01;36m[K^~~~~~~~~~~~~~~~~~~[m[K
[01m[K/usr/include/x86_64-linux-gnu/qt5/QtWidgets/qstyleoption.h:[m[K In copy constructor ‘[01m[KQStyleOptionRubberBand::QStyleOptionRubberBand(const QStyleOptionRubberBand&)[m[K’:
[01m[K/usr/include/x86_64-linux-gnu/qt5/QtWidgets/qstyleoption.h:492:105:[m[K [01;35m[Kwarning: [m[Kimplicitly-declared ‘[01m[KQStyleOptionRubberBand& QStyleOptionRubberBand::operator=(const QStyleOptionRubberBand&)[m[K’ is deprecated [[01;35m[K-Wdeprecated-copy[m[K]
  492 |     QStyleOptionRubberBand(const QStyleOptionRubberBand &other) : QStyleOption(Version, Type) { *this = [01;35m[Kother[m[K; }
      |                                                                                                         [01;35m[K^~~~~[m[K
[01m[K/usr/include/x86_64-linux-gnu/qt5/QtWidgets/qstyleoption.h:492:5:[m[K [01;36m[Knote: [m[Kbecause ‘[01m[KQStyleOptionRubberBand[m[K’ has user-provided ‘[01m[KQStyleOptionRubberBand::QStyleOptionRubberBand(const QStyleOptionRubberBand&)[m[K’
  492 |     [01;36m[KQStyleOptionRubberBand[m[K(const QStyleOptionRubberBand &other) : QStyleOption(Version, Type) { *this = other; }
      |     [01;36m[K^~~~~~~~~~~~~~~~~~~~~~[m[K
[01m[K/usr/include/x86_64-linux-gnu/qt5/QtWidgets/qstyleoption.h:[m[K In copy constructor ‘[01m[KQStyleOptionComplex::QStyleOptionComplex(const QStyleOptionComplex&)[m[K’:
[01m[K/usr/include/x86_64-linux-gnu/qt5/QtWidgets/qstyleoption.h:510:99:[m[K [01;35m[Kwarning: [m[Kimplicitly-declared ‘[01m[KQStyleOptionComplex& QStyleOptionComplex::operator=(const QStyleOptionComplex&)[m[K’ is deprecated [[01;35m[K-Wdeprecated-copy[m[K]
  510 |     QStyleOptionComplex(const QStyleOptionComplex &other) : QStyleOption(Version, Type) { *this = [01;35m[Kother[m[K; }
      |                                                                                                   [01;35m[K^~~~~[m[K
[01m[K/usr/include/x86_64-linux-gnu/qt5/QtWidgets/qstyleoption.h:510:5:[m[K [01;36m[Knote: [m[Kbecause ‘[01m[KQStyleOptionComplex[m[K’ has user-provided ‘[01m[KQStyleOptionComplex::QStyleOptionComplex(const QStyleOptionComplex&)[m[K’
  510 |     [01;36m[KQStyleOptionComplex[m[K(const QStyleOptionComplex &other) : QStyleOption(Version, Type) { *this = other; }
      |     [01;36m[K^~~~~~~~~~~~~~~~~~~[m[K
[01m[K/usr/include/x86_64-linux-gnu/qt5/QtWidgets/qstyleoption.h:[m[K In copy constructor ‘[01m[KQStyleOptionSlider::QStyleOptionSlider(const QStyleOptionSlider&)[m[K’:
[01m[K/usr/include/x86_64-linux-gnu/qt5/QtWidgets/qstyleoption.h:534:104:[m[K [01;35m[Kwarning: [m[Kimplicitly-declared ‘[01m[KQStyleOptionSlider& QStyleOptionSlider::operator=(const QStyleOptionSlider&)[m[K’ is deprecated [[01;35m[K-Wdeprecated-copy[m[K]
  534 |     QStyleOptionSlider(const QStyleOptionSlider &other) : QStyleOptionComplex(Version, Type) { *this = [01;35m[Kother[m[K; }
      |                                                                                                        [01;35m[K^~~~~[m[K
[01m[K/usr/include/x86_64-linux-gnu/qt5/QtWidgets/qstyleoption.h:534:5:[m[K [01;36m[Knote: [m[Kbecause ‘[01m[KQStyleOptionSlider[m[K’ has user-provided ‘[01m[KQStyleOptionSlider::QStyleOptionSlider(const QStyleOptionSlider&)[m[K’
  534 |     [01;36m[KQStyleOptionSlider[m[K(const QStyleOptionSlider &other) : QStyleOptionComplex(Version, Type) { *this = other; }
      |     [01;36m[K^~~~~~~~~~~~~~~~~~[m[K
[01m[K/usr/include/x86_64-linux-gnu/qt5/QtWidgets/qstyleoption.h:[m[K In member function ‘[01m[KQStyleOptionSlider& QStyleOptionSlider::operator=(const QStyleOptionSlider&)[m[K’:
[01m[K/usr/include/x86_64-linux-gnu/qt5/QtWidgets/qstyleoption.h:514:24:[m[K [01;35m[Kwarning: [m[Kimplicitly-declared ‘[01m[KQStyleOptionComplex& QStyleOptionComplex::operator=(const QStyleOptionComplex&)[m[K’ is deprecated [[01;35m[K-Wdeprecated-copy[m[K]
  514 | class Q_WIDGETS_EXPORT [01;35m[KQStyleOptionSlider[m[K : public QStyleOptionComplex
      |                        [01;35m[K^~~~~~~~~~~~~~~~~~[m[K
[01m[K/usr/include/x86_64-linux-gnu/qt5/QtWidgets/qstyleoption.h:510:5:[m[K [01;36m[Knote: [m[Kbecause ‘[01m[KQStyleOptionComplex[m[K’ has user-provided ‘[01m[KQStyleOptionComplex::QStyleOptionComplex(const QStyleOptionComplex&)[m[K’
  510 |     [01;36m[KQStyleOptionComplex[m[K(const QStyleOptionComplex &other) : QStyleOption(Version, Type) { *this = other; }
      |     [01;36m[K^~~~~~~~~~~~~~~~~~~[m[K
[01m[K/usr/include/x86_64-linux-gnu/qt5/QtWidgets/qstyleoption.h:[m[K In copy constructor ‘[01m[KQStyleOptionSlider::QStyleOptionSlider(const QStyleOptionSlider&)[m[K’:
[01m[K/usr/include/x86_64-linux-gnu/qt5/QtWidgets/qstyleoption.h:534:104:[m[K [01;36m[Knote: [m[Ksynthesized method ‘[01m[KQStyleOptionSlider& QStyleOptionSlider::operator=(const QStyleOptionSlider&)[m[K’ first required here
  534 |     QStyleOptionSlider(const QStyleOptionSlider &other) : QStyleOptionComplex(Version, Type) { *this = [01;36m[Kother[m[K; }
      |                                                                                                        [01;36m[K^~~~~[m[K
[01m[K/usr/include/x86_64-linux-gnu/qt5/QtWidgets/qstyleoption.h:[m[K In copy constructor ‘[01m[KQStyleOptionSpinBox::QStyleOptionSpinBox(const QStyleOptionSpinBox&)[m[K’:
[01m[K/usr/include/x86_64-linux-gnu/qt5/QtWidgets/qstyleoption.h:553:106:[m[K [01;35m[Kwarning: [m[Kimplicitly-declared ‘[01m[KQStyleOptionSpinBox& QStyleOptionSpinBox::operator=(const QStyleOptionSpinBox&)[m[K’ is deprecated [[01;35m[K-Wdeprecated-copy[m[K]
  553 |     QStyleOptionSpinBox(const QStyleOptionSpinBox &other) : QStyleOptionComplex(Version, Type) { *this = [01;35m[Kother[m[K; }
      |                                                                                                          [01;35m[K^~~~~[m[K
[01m[K/usr/include/x86_64-linux-gnu/qt5/QtWidgets/qstyleoption.h:553:5:[m[K [01;36m[Knote: [m[Kbecause ‘[01m[KQStyleOptionSpinBox[m[K’ has user-provided ‘[01m[KQStyleOptionSpinBox::QStyleOptionSpinBox(const QStyleOptionSpinBox&)[m[K’
  553 |     [01;36m[KQStyleOptionSpinBox[m[K(const QStyleOptionSpinBox &other) : QStyleOptionComplex(Version, Type) { *this = other; }
      |     [01;36m[K^~~~~~~~~~~~~~~~~~~[m[K
[01m[K/usr/include/x86_64-linux-gnu/qt5/QtWidgets/qstyleoption.h:[m[K In member function ‘[01m[KQStyleOptionSpinBox& QStyleOptionSpinBox::operator=(const QStyleOptionSpinBox&)[m[K’:
[01m[K/usr/include/x86_64-linux-gnu/qt5/QtWidgets/qstyleoption.h:542:24:[m[K [01;35m[Kwarning: [m[Kimplicitly-declared ‘[01m[KQStyleOptionComplex& QStyleOptionComplex::operator=(const QStyleOptionComplex&)[m[K’ is deprecated [[01;35m[K-Wdeprecated-copy[m[K]
  542 | class Q_WIDGETS_EXPORT [01;35m[KQStyleOptionSpinBox[m[K : public QStyleOptionComplex
      |                        [01;35m[K^~~~~~~~~~~~~~~~~~~[m[K
[01m[K/usr/include/x86_64-linux-gnu/qt5/QtWidgets/qstyleoption.h:510:5:[m[K [01;36m[Knote: [m[Kbecause ‘[01m[KQStyleOptionComplex[m[K’ has user-provided ‘[01m[KQStyleOptionComplex::QStyleOptionComplex(const QStyleOptionComplex&)[m[K’
  510 |     [01;36m[KQStyleOptionComplex[m[K(const QStyleOptionComplex &other) : QStyleOption(Version, Type) { *this = other; }
      |     [01;36m[K^~~~~~~~~~~~~~~~~~~[m[K
[01m[K/usr/include/x86_64-linux-gnu/qt5/QtWidgets/qstyleoption.h:[m[K In copy constructor ‘[01m[KQStyleOptionSpinBox::QStyleOptionSpinBox(const QStyleOptionSpinBox&)[m[K’:
[01m[K/usr/include/x86_64-linux-gnu/qt5/QtWidgets/qstyleoption.h:553:106:[m[K [01;36m[Knote: [m[Ksynthesized method ‘[01m[KQStyleOptionSpinBox& QStyleOptionSpinBox::operator=(const QStyleOptionSpinBox&)[m[K’ first required here
  553 |     QStyleOptionSpinBox(const QStyleOptionSpinBox &other) : QStyleOptionComplex(Version, Type) { *this = [01;36m[Kother[m[K; }
      |                                                                                                          [01;36m[K^~~~~[m[K
[01m[K/usr/include/x86_64-linux-gnu/qt5/QtWidgets/qstyleoption.h:[m[K In copy constructor ‘[01m[KQStyleOptionToolButton::QStyleOptionToolButton(const QStyleOptionToolButton&)[m[K’:
[01m[K/usr/include/x86_64-linux-gnu/qt5/QtWidgets/qstyleoption.h:580:112:[m[K [01;35m[Kwarning: [m[Kimplicitly-declared ‘[01m[KQStyleOptionToolButton& QStyleOptionToolButton::operator=(const QStyleOptionToolButton&)[m[K’ is deprecated [[01;35m[K-Wdeprecated-copy[m[K]
  580 |     QStyleOptionToolButton(const QStyleOptionToolButton &other) : QStyleOptionComplex(Version, Type) { *this = [01;35m[Kother[m[K; }
      |                                                                                                                [01;35m[K^~~~~[m[K
[01m[K/usr/include/x86_64-linux-gnu/qt5/QtWidgets/qstyleoption.h:580:5:[m[K [01;36m[Knote: [m[Kbecause ‘[01m[KQStyleOptionToolButton[m[K’ has user-provided ‘[01m[KQStyleOptionToolButton::QStyleOptionToolButton(const QStyleOptionToolButton&)[m[K’
  580 |     [01;36m[KQStyleOptionToolButton[m[K(const QStyleOptionToolButton &other) : QStyleOptionComplex(Version, Type) { *this = other; }
      |     [01;36m[K^~~~~~~~~~~~~~~~~~~~~~[m[K
[01m[K/usr/include/x86_64-linux-gnu/qt5/QtWidgets/qstyleoption.h:[m[K In member function ‘[01m[KQStyleOptionToolButton& QStyleOptionToolButton::operator=(const QStyleOptionToolButton&)[m[K’:
[01m[K/usr/include/x86_64-linux-gnu/qt5/QtWidgets/qstyleoption.h:560:24:[m[K [01;35m[Kwarning: [m[Kimplicitly-declared ‘[01m[KQStyleOptionComplex& QStyleOptionComplex::operator=(const QStyleOptionComplex&)[m[K’ is deprecated [[01;35m[K-Wdeprecated-copy[m[K]
  560 | class Q_WIDGETS_EXPORT [01;35m[KQStyleOptionToolButton[m[K : public QStyleOptionComplex
      |                        [01;35m[K^~~~~~~~~~~~~~~~~~~~~~[m[K
[01m[K/usr/include/x86_64-linux-gnu/qt5/QtWidgets/qstyleoption.h:510:5:[m[K [01;36m[Knote: [m[Kbecause ‘[01m[KQStyleOptionComplex[m[K’ has user-provided ‘[01m[KQStyleOptionComplex::QStyleOptionComplex(const QStyleOptionComplex&)[m[K’
  510 |     [01;36m[KQStyleOptionComplex[m[K(const QStyleOptionComplex &other) : QStyleOption(Version, Type) { *this = other; }
      |     [01;36m[K^~~~~~~~~~~~~~~~~~~[m[K
[01m[K/usr/include/x86_64-linux-gnu/qt5/QtWidgets/qstyleoption.h:[m[K In copy constructor ‘[01m[KQStyleOptionToolButton::QStyleOptionToolButton(const QStyleOptionToolButton&)[m[K’:
[01m[K/usr/include/x86_64-linux-gnu/qt5/QtWidgets/qstyleoption.h:580:112:[m[K [01;36m[Knote: [m[Ksynthesized method ‘[01m[KQStyleOptionToolButton& QStyleOptionToolButton::operator=(const QStyleOptionToolButton&)[m[K’ first required here
  580 |     QStyleOptionToolButton(const QStyleOptionToolButton &other) : QStyleOptionComplex(Version, Type) { *this = [01;36m[Kother[m[K; }
      |                                                                                                                [01;36m[K^~~~~[m[K
[01m[K/usr/include/x86_64-linux-gnu/qt5/QtWidgets/qstyleoption.h:[m[K In copy constructor ‘[01m[KQStyleOptionComboBox::QStyleOptionComboBox(const QStyleOptionComboBox&)[m[K’:
[01m[K/usr/include/x86_64-linux-gnu/qt5/QtWidgets/qstyleoption.h:602:108:[m[K [01;35m[Kwarning: [m[Kimplicitly-declared ‘[01m[KQStyleOptionComboBox& QStyleOptionComboBox::operator=(const QStyleOptionComboBox&)[m[K’ is deprecated [[01;35m[K-Wdeprecated-copy[m[K]
  602 |     QStyleOptionComboBox(const QStyleOptionComboBox &other) : QStyleOptionComplex(Version, Type) { *this = [01;35m[Kother[m[K; }
      |                                                                                                            [01;35m[K^~~~~[m[K
[01m[K/usr/include/x86_64-linux-gnu/qt5/QtWidgets/qstyleoption.h:602:5:[m[K [01;36m[Knote: [m[Kbecause ‘[01m[KQStyleOptionComboBox[m[K’ has user-provided ‘[01m[KQStyleOptionComboBox::QStyleOptionComboBox(const QStyleOptionComboBox&)[m[K’
  602 |     [01;36m[KQStyleOptionComboBox[m[K(const QStyleOptionComboBox &other) : QStyleOptionComplex(Version, Type) { *this = other; }
      |     [01;36m[K^~~~~~~~~~~~~~~~~~~~[m[K
[01m[K/usr/include/x86_64-linux-gnu/qt5/QtWidgets/qstyleoption.h:[m[K In member function ‘[01m[KQStyleOptionComboBox& QStyleOptionComboBox::operator=(const QStyleOptionComboBox&)[m[K’:
[01m[K/usr/include/x86_64-linux-gnu/qt5/QtWidgets/qstyleoption.h:588:24:[m[K [01;35m[Kwarning: [m[Kimplicitly-declared ‘[01m[KQStyleOptionComplex& QStyleOptionComplex::operator=(const QStyleOptionComplex&)[m[K’ is deprecated [[01;35m[K-Wdeprecated-copy[m[K]
  588 | class Q_WIDGETS_EXPORT [01;35m[KQStyleOptionComboBox[m[K : public QStyleOptionComplex
      |                        [01;35m[K^~~~~~~~~~~~~~~~~~~~[m[K
[01m[K/usr/include/x86_64-linux-gnu/qt5/QtWidgets/qstyleoption.h:510:5:[m[K [01;36m[Knote: [m[Kbecause ‘[01m[KQStyleOptionComplex[m[K’ has user-provided ‘[01m[KQStyleOptionComplex::QStyleOptionComplex(const QStyleOptionComplex&)[m[K’
  510 |     [01;36m[KQStyleOptionComplex[m[K(const QStyleOptionComplex &other) : QStyleOption(Version, Type) { *this = other; }
      |     [01;36m[K^~~~~~~~~~~~~~~~~~~[m[K
[01m[K/usr/include/x86_64-linux-gnu/qt5/QtWidgets/qstyleoption.h:[m[K In copy constructor ‘[01m[KQStyleOptionComboBox::QStyleOptionComboBox(const QStyleOptionComboBox&)[m[K’:
[01m[K/usr/include/x86_64-linux-gnu/qt5/QtWidgets/qstyleoption.h:602:108:[m[K [01;36m[Knote: [m[Ksynthesized method ‘[01m[KQStyleOptionComboBox& QStyleOptionComboBox::operator=(const QStyleOptionComboBox&)[m[K’ first required here
  602 |     QStyleOptionComboBox(const QStyleOptionComboBox &other) : QStyleOptionComplex(Version, Type) { *this = [01;36m[Kother[m[K; }
      |                                                                                                            [01;36m[K^~~~~[m[K
[01m[K/usr/include/x86_64-linux-gnu/qt5/QtWidgets/qstyleoption.h:[m[K In copy constructor ‘[01m[KQStyleOptionTitleBar::QStyleOptionTitleBar(const QStyleOptionTitleBar&)[m[K’:
[01m[K/usr/include/x86_64-linux-gnu/qt5/QtWidgets/qstyleoption.h:620:108:[m[K [01;35m[Kwarning: [m[Kimplicitly-declared ‘[01m[KQStyleOptionTitleBar& QStyleOptionTitleBar::operator=(const QStyleOptionTitleBar&)[m[K’ is deprecated [[01;35m[K-Wdeprecated-copy[m[K]
  620 |     QStyleOptionTitleBar(const QStyleOptionTitleBar &other) : QStyleOptionComplex(Version, Type) { *this = [01;35m[Kother[m[K; }
      |                                                                                                            [01;35m[K^~~~~[m[K
[01m[K/usr/include/x86_64-linux-gnu/qt5/QtWidgets/qstyleoption.h:620:5:[m[K [01;36m[Knote: [m[Kbecause ‘[01m[KQStyleOptionTitleBar[m[K’ has user-provided ‘[01m[KQStyleOptionTitleBar::QStyleOptionTitleBar(const QStyleOptionTitleBar&)[m[K’
  620 |     [01;36m[KQStyleOptionTitleBar[m[K(const QStyleOptionTitleBar &other) : QStyleOptionComplex(Version, Type) { *this = other; }
      |     [01;36m[K^~~~~~~~~~~~~~~~~~~~[m[K
[01m[K/usr/include/x86_64-linux-gnu/qt5/QtWidgets/qstyleoption.h:[m[K In member function ‘[01m[KQStyleOptionTitleBar& QStyleOptionTitleBar::operator=(const QStyleOptionTitleBar&)[m[K’:
[01m[K/usr/include/x86_64-linux-gnu/qt5/QtWidgets/qstyleoption.h:608:24:[m[K [01;35m[Kwarning: [m[Kimplicitly-declared ‘[01m[KQStyleOptionComplex& QStyleOptionComplex::operator=(const QStyleOptionComplex&)[m[K’ is deprecated [[01;35m[K-Wdeprecated-copy[m[K]
  608 | class Q_WIDGETS_EXPORT [01;35m[KQStyleOptionTitleBar[m[K : public QStyleOptionComplex
      |                        [01;35m[K^~~~~~~~~~~~~~~~~~~~[m[K
[01m[K/usr/include/x86_64-linux-gnu/qt5/QtWidgets/qstyleoption.h:510:5:[m[K [01;36m[Knote: [m[Kbecause ‘[01m[KQStyleOptionComplex[m[K’ has user-provided ‘[01m[KQStyleOptionComplex::QStyleOptionComplex(const QStyleOptionComplex&)[m[K’
  510 |     [01;36m[KQStyleOptionComplex[m[K(const QStyleOptionComplex &other) : QStyleOption(Version, Type) { *this = other; }
      |     [01;36m[K^~~~~~~~~~~~~~~~~~~[m[K
[01m[K/usr/include/x86_64-linux-gnu/qt5/QtWidgets/qstyleoption.h:[m[K In copy constructor ‘[01m[KQStyleOptionTitleBar::QStyleOptionTitleBar(const QStyleOptionTitleBar&)[m[K’:
[01m[K/usr/include/x86_64-linux-gnu/qt5/QtWidgets/qstyleoption.h:620:108:[m[K [01;36m[Knote: [m[Ksynthesized method ‘[01m[KQStyleOptionTitleBar& QStyleOptionTitleBar::operator=(const QStyleOptionTitleBar&)[m[K’ first required here
  620 |     QStyleOptionTitleBar(const QStyleOptionTitleBar &other) : QStyleOptionComplex(Version, Type) { *this = [01;36m[Kother[m[K; }
      |                                                                                                            [01;36m[K^~~~~[m[K
[01m[K/usr/include/x86_64-linux-gnu/qt5/QtWidgets/qstyleoption.h:[m[K In copy constructor ‘[01m[KQStyleOptionGroupBox::QStyleOptionGroupBox(const QStyleOptionGroupBox&)[m[K’:
[01m[K/usr/include/x86_64-linux-gnu/qt5/QtWidgets/qstyleoption.h:640:108:[m[K [01;35m[Kwarning: [m[Kimplicitly-declared ‘[01m[KQStyleOptionGroupBox& QStyleOptionGroupBox::operator=(const QStyleOptionGroupBox&)[m[K’ is deprecated [[01;35m[K-Wdeprecated-copy[m[K]
  640 |     QStyleOptionGroupBox(const QStyleOptionGroupBox &other) : QStyleOptionComplex(Version, Type) { *this = [01;35m[Kother[m[K; }
      |                                                                                                            [01;35m[K^~~~~[m[K
[01m[K/usr/include/x86_64-linux-gnu/qt5/QtWidgets/qstyleoption.h:640:5:[m[K [01;36m[Knote: [m[Kbecause ‘[01m[KQStyleOptionGroupBox[m[K’ has user-provided ‘[01m[KQStyleOptionGroupBox::QStyleOptionGroupBox(const QStyleOptionGroupBox&)[m[K’
  640 |     [01;36m[KQStyleOptionGroupBox[m[K(const QStyleOptionGroupBox &other) : QStyleOptionComplex(Version, Type) { *this = other; }
      |     [01;36m[K^~~~~~~~~~~~~~~~~~~~[m[K
[01m[K/usr/include/x86_64-linux-gnu/qt5/QtWidgets/qstyleoption.h:[m[K In member function ‘[01m[KQStyleOptionGroupBox& QStyleOptionGroupBox::operator=(const QStyleOptionGroupBox&)[m[K’:
[01m[K/usr/include/x86_64-linux-gnu/qt5/QtWidgets/qstyleoption.h:626:24:[m[K [01;35m[Kwarning: [m[Kimplicitly-declared ‘[01m[KQStyleOptionComplex& QStyleOptionComplex::operator=(const QStyleOptionComplex&)[m[K’ is deprecated [[01;35m[K-Wdeprecated-copy[m[K]
  626 | class Q_WIDGETS_EXPORT [01;35m[KQStyleOptionGroupBox[m[K : public QStyleOptionComplex
      |                        [01;35m[K^~~~~~~~~~~~~~~~~~~~[m[K
[01m[K/usr/include/x86_64-linux-gnu/qt5/QtWidgets/qstyleoption.h:510:5:[m[K [01;36m[Knote: [m[Kbecause ‘[01m[KQStyleOptionComplex[m[K’ has user-provided ‘[01m[KQStyleOptionComplex::QStyleOptionComplex(const QStyleOptionComplex&)[m[K’
  510 |     [01;36m[KQStyleOptionComplex[m[K(const QStyleOptionComplex &other) : QStyleOption(Version, Type) { *this = other; }
      |     [01;36m[K^~~~~~~~~~~~~~~~~~~[m[K
[01m[K/usr/include/x86_64-linux-gnu/qt5/QtWidgets/qstyleoption.h:[m[K In copy constructor ‘[01m[KQStyleOptionGroupBox::QStyleOptionGroupBox(const QStyleOptionGroupBox&)[m[K’:
[01m[K/usr/include/x86_64-linux-gnu/qt5/QtWidgets/qstyleoption.h:640:108:[m[K [01;36m[Knote: [m[Ksynthesized method ‘[01m[KQStyleOptionGroupBox& QStyleOptionGroupBox::operator=(const QStyleOptionGroupBox&)[m[K’ first required here
  640 |     QStyleOptionGroupBox(const QStyleOptionGroupBox &other) : QStyleOptionComplex(Version, Type) { *this = [01;36m[Kother[m[K; }
      |                                                                                                            [01;36m[K^~~~~[m[K
[01m[K/usr/include/x86_64-linux-gnu/qt5/QtWidgets/qstyleoption.h:[m[K In copy constructor ‘[01m[KQStyleOptionSizeGrip::QStyleOptionSizeGrip(const QStyleOptionSizeGrip&)[m[K’:
[01m[K/usr/include/x86_64-linux-gnu/qt5/QtWidgets/qstyleoption.h:654:108:[m[K [01;35m[Kwarning: [m[Kimplicitly-declared ‘[01m[KQStyleOptionSizeGrip& QStyleOptionSizeGrip::operator=(const QStyleOptionSizeGrip&)[m[K’ is deprecated [[01;35m[K-Wdeprecated-copy[m[K]
  654 |     QStyleOptionSizeGrip(const QStyleOptionSizeGrip &other) : QStyleOptionComplex(Version, Type) { *this = [01;35m[Kother[m[K; }
      |                                                                                                            [01;35m[K^~~~~[m[K
[01m[K/usr/include/x86_64-linux-gnu/qt5/QtWidgets/qstyleoption.h:654:5:[m[K [01;36m[Knote: [m[Kbecause ‘[01m[KQStyleOptionSizeGrip[m[K’ has user-provided ‘[01m[KQStyleOptionSizeGrip::QStyleOptionSizeGrip(const QStyleOptionSizeGrip&)[m[K’
  654 |     [01;36m[KQStyleOptionSizeGrip[m[K(const QStyleOptionSizeGrip &other) : QStyleOptionComplex(Version, Type) { *this = other; }
      |     [01;36m[K^~~~~~~~~~~~~~~~~~~~[m[K
[01m[K/usr/include/x86_64-linux-gnu/qt5/QtWidgets/qstyleoption.h:[m[K In member function ‘[01m[KQStyleOptionSizeGrip& QStyleOptionSizeGrip::operator=(const QStyleOptionSizeGrip&)[m[K’:
[01m[K/usr/include/x86_64-linux-gnu/qt5/QtWidgets/qstyleoption.h:645:24:[m[K [01;35m[Kwarning: [m[Kimplicitly-declared ‘[01m[KQStyleOptionComplex& QStyleOptionComplex::operator=(const QStyleOptionComplex&)[m[K’ is deprecated [[01;35m[K-Wdeprecated-copy[m[K]
  645 | class Q_WIDGETS_EXPORT [01;35m[KQStyleOptionSizeGrip[m[K : public QStyleOptionComplex
      |                        [01;35m[K^~~~~~~~~~~~~~~~~~~~[m[K
[01m[K/usr/include/x86_64-linux-gnu/qt5/QtWidgets/qstyleoption.h:510:5:[m[K [01;36m[Knote: [m[Kbecause ‘[01m[KQStyleOptionComplex[m[K’ has user-provided ‘[01m[KQStyleOptionComplex::QStyleOptionComplex(const QStyleOptionComplex&)[m[K’
  510 |     [01;36m[KQStyleOptionComplex[m[K(const QStyleOptionComplex &other) : QStyleOption(Version, Type) { *this = other; }
      |     [01;36m[K^~~~~~~~~~~~~~~~~~~[m[K
[01m[K/usr/include/x86_64-linux-gnu/qt5/QtWidgets/qstyleoption.h:[m[K In copy constructor ‘[01m[KQStyleOptionSizeGrip::QStyleOptionSizeGrip(const QStyleOptionSizeGrip&)[m[K’:
[01m[K/usr/include/x86_64-linux-gnu/qt5/QtWidgets/qstyleoption.h:654:108:[m[K [01;36m[Knote: [m[Ksynthesized method ‘[01m[KQStyleOptionSizeGrip& QStyleOptionSizeGrip::operator=(const QStyleOptionSizeGrip&)[m[K’ first required here
  654 |     QStyleOptionSizeGrip(const QStyleOptionSizeGrip &other) : QStyleOptionComplex(Version, Type) { *this = [01;36m[Kother[m[K; }
      |                                                                                                            [01;36m[K^~~~~[m[K
[01m[K/usr/include/x86_64-linux-gnu/qt5/QtWidgets/qstyleoption.h:[m[K In copy constructor ‘[01m[KQStyleOptionGraphicsItem::QStyleOptionGraphicsItem(const QStyleOptionGraphicsItem&)[m[K’:
[01m[K/usr/include/x86_64-linux-gnu/qt5/QtWidgets/qstyleoption.h:670:109:[m[K [01;35m[Kwarning: [m[Kimplicitly-declared ‘[01m[KQStyleOptionGraphicsItem& QStyleOptionGraphicsItem::operator=(const QStyleOptionGraphicsItem&)[m[K’ is deprecated [[01;35m[K-Wdeprecated-copy[m[K]
  670 |     QStyleOptionGraphicsItem(const QStyleOptionGraphicsItem &other) : QStyleOption(Version, Type) { *this = [01;35m[Kother[m[K; }
      |                                                                                                             [01;35m[K^~~~~[m[K
[01m[K/usr/include/x86_64-linux-gnu/qt5/QtWidgets/qstyleoption.h:670:5:[m[K [01;36m[Knote: [m[Kbecause ‘[01m[KQStyleOptionGraphicsItem[m[K’ has user-provided ‘[01m[KQStyleOptionGraphicsItem::QStyleOptionGraphicsItem(const QStyleOptionGraphicsItem&)[m[K’
  670 |     [01;36m[KQStyleOptionGraphicsItem[m[K(const QStyleOptionGraphicsItem &other) : QStyleOption(Version, Type) { *this = other; }
      |     [01;36m[K^~~~~~~~~~~~~~~~~~~~~~~~[m[K
In file included from [01m[K/usr/include/x86_64-linux-gnu/qt5/QtWidgets/qabstractitemdelegate.h:45[m[K,
                 from [01m[K/usr/include/x86_64-linux-gnu/qt5/QtWidgets/QtWidgets:9[m[K,
                 from [01m[K/usr/include/x86_64-linux-gnu/qt5/QtPrintSupport/QtPrintSupportDepends:5[m[K,
                 from [01m[K/usr/include/x86_64-linux-gnu/qt5/QtPrintSupport/QtPrintSupport:3[m[K,
                 from [01m[K/home/dongju/camel-amr-projects/build/amr-main-pkg/mainwindow_lib_autogen/YFTHPEQBWW/../../../../src/amr-main-pkg/src/Amr_UI/qcustomplot.hpp:102[m[K,
                 from [01m[K/home/dongju/camel-amr-projects/build/amr-main-pkg/mainwindow_lib_autogen/YFTHPEQBWW/moc_qcustomplot.cpp:9[m[K,
                 from [01m[K/home/dongju/camel-amr-projects/build/amr-main-pkg/mainwindow_lib_autogen/mocs_compilation.cpp:3[m[K:
[01m[K/usr/include/x86_64-linux-gnu/qt5/QtWidgets/qstyleoption.h:[m[K In copy constructor ‘[01m[KQStyleOptionFocusRect::QStyleOptionFocusRect(const QStyleOptionFocusRect&)[m[K’:
[01m[K/usr/include/x86_64-linux-gnu/qt5/QtWidgets/qstyleoption.h:120:103:[m[K [01;35m[Kwarning: [m[Kimplicitly-declared ‘[01m[KQStyleOptionFocusRect& QStyleOptionFocusRect::operator=(const QStyleOptionFocusRect&)[m[K’ is deprecated [[01;35m[K-Wdeprecated-copy[m[K]
  120 |     QStyleOptionFocusRect(const QStyleOptionFocusRect &other) : QStyleOption(Version, Type) { *this = [01;35m[Kother[m[K; }
      |                                                                                                       [01;35m[K^~~~~[m[K
[01m[K/usr/include/x86_64-linux-gnu/qt5/QtWidgets/qstyleoption.h:120:5:[m[K [01;36m[Knote: [m[Kbecause ‘[01m[KQStyleOptionFocusRect[m[K’ has user-provided ‘[01m[KQStyleOptionFocusRect::QStyleOptionFocusRect(const QStyleOptionFocusRect&)[m[K’
  120 |     [01;36m[KQStyleOptionFocusRect[m[K(const QStyleOptionFocusRect &other) : QStyleOption(Version, Type) { *this = other; }
      |     [01;36m[K^~~~~~~~~~~~~~~~~~~~~[m[K
[01m[K/usr/include/x86_64-linux-gnu/qt5/QtWidgets/qstyleoption.h:[m[K In copy constructor ‘[01m[KQStyleOptionFrame::QStyleOptionFrame(const QStyleOptionFrame&)[m[K’:
[01m[K/usr/include/x86_64-linux-gnu/qt5/QtWidgets/qstyleoption.h:144:95:[m[K [01;35m[Kwarning: [m[Kimplicitly-declared ‘[01m[KQStyleOptionFrame& QStyleOptionFrame::operator=(const QStyleOptionFrame&)[m[K’ is deprecated [[01;35m[K-Wdeprecated-copy[m[K]
  144 |     QStyleOptionFrame(const QStyleOptionFrame &other) : QStyleOption(Version, Type) { *this = [01;35m[Kother[m[K; }
      |                                                                                               [01;35m[K^~~~~[m[K
[01m[K/usr/include/x86_64-linux-gnu/qt5/QtWidgets/qstyleoption.h:144:5:[m[K [01;36m[Knote: [m[Kbecause ‘[01m[KQStyleOptionFrame[m[K’ has user-provided ‘[01m[KQStyleOptionFrame::QStyleOptionFrame(const QStyleOptionFrame&)[m[K’
  144 |     [01;36m[KQStyleOptionFrame[m[K(const QStyleOptionFrame &other) : QStyleOption(Version, Type) { *this = other; }
      |     [01;36m[K^~~~~~~~~~~~~~~~~[m[K
[01m[K/usr/include/x86_64-linux-gnu/qt5/QtWidgets/qstyleoption.h:[m[K In copy constructor ‘[01m[KQStyleOptionTabWidgetFrame::QStyleOptionTabWidgetFrame(const QStyleOptionTabWidgetFrame&)[m[K’:
[01m[K/usr/include/x86_64-linux-gnu/qt5/QtWidgets/qstyleoption.h:173:49:[m[K [01;35m[Kwarning: [m[Kimplicitly-declared ‘[01m[KQStyleOptionTabWidgetFrame& QStyleOptionTabWidgetFrame::operator=(const QStyleOptionTabWidgetFrame&)[m[K’ is deprecated [[01;35m[K-Wdeprecated-copy[m[K]
  173 |         : QStyleOption(Version, Type) { *this = [01;35m[Kother[m[K; }
      |                                                 [01;35m[K^~~~~[m[K
[01m[K/usr/include/x86_64-linux-gnu/qt5/QtWidgets/qstyleoption.h:172:12:[m[K [01;36m[Knote: [m[Kbecause ‘[01m[KQStyleOptionTabWidgetFrame[m[K’ has user-provided ‘[01m[KQStyleOptionTabWidgetFrame::QStyleOptionTabWidgetFrame(const QStyleOptionTabWidgetFrame&)[m[K’
  172 |     inline [01;36m[KQStyleOptionTabWidgetFrame[m[K(const QStyleOptionTabWidgetFrame &other)
      |            [01;36m[K^~~~~~~~~~~~~~~~~~~~~~~~~~[m[K
[01m[K/usr/include/x86_64-linux-gnu/qt5/QtWidgets/qstyleoption.h:[m[K In copy constructor ‘[01m[KQStyleOptionTabBarBase::QStyleOptionTabBarBase(const QStyleOptionTabBarBase&)[m[K’:
[01m[K/usr/include/x86_64-linux-gnu/qt5/QtWidgets/qstyleoption.h:196:105:[m[K [01;35m[Kwarning: [m[Kimplicitly-declared ‘[01m[KQStyleOptionTabBarBase& QStyleOptionTabBarBase::operator=(const QStyleOptionTabBarBase&)[m[K’ is deprecated [[01;35m[K-Wdeprecated-copy[m[K]
  196 |     QStyleOptionTabBarBase(const QStyleOptionTabBarBase &other) : QStyleOption(Version, Type) { *this = [01;35m[Kother[m[K; }
      |                                                                                                         [01;35m[K^~~~~[m[K
[01m[K/usr/include/x86_64-linux-gnu/qt5/QtWidgets/qstyleoption.h:196:5:[m[K [01;36m[Knote: [m[Kbecause ‘[01m[KQStyleOptionTabBarBase[m[K’ has user-provided ‘[01m[KQStyleOptionTabBarBase::QStyleOptionTabBarBase(const QStyleOptionTabBarBase&)[m[K’
  196 |     [01;36m[KQStyleOptionTabBarBase[m[K(const QStyleOptionTabBarBase &other) : QStyleOption(Version, Type) { *this = other; }
      |     [01;36m[K^~~~~~~~~~~~~~~~~~~~~~[m[K
[01m[K/usr/include/x86_64-linux-gnu/qt5/QtWidgets/qstyleoption.h:[m[K In copy constructor ‘[01m[KQStyleOptionHeader::QStyleOptionHeader(const QStyleOptionHeader&)[m[K’:
[01m[K/usr/include/x86_64-linux-gnu/qt5/QtWidgets/qstyleoption.h:227:97:[m[K [01;35m[Kwarning: [m[Kimplicitly-declared ‘[01m[KQStyleOptionHeader& QStyleOptionHeader::operator=(const QStyleOptionHeader&)[m[K’ is deprecated [[01;35m[K-Wdeprecated-copy[m[K]
  227 |     QStyleOptionHeader(const QStyleOptionHeader &other) : QStyleOption(Version, Type) { *this = [01;35m[Kother[m[K; }
      |                                                                                                 [01;35m[K^~~~~[m[K
[01m[K/usr/include/x86_64-linux-gnu/qt5/QtWidgets/qstyleoption.h:227:5:[m[K [01;36m[Knote: [m[Kbecause ‘[01m[KQStyleOptionHeader[m[K’ has user-provided ‘[01m[KQStyleOptionHeader::QStyleOptionHeader(const QStyleOptionHeader&)[m[K’
  227 |     [01;36m[KQStyleOptionHeader[m[K(const QStyleOptionHeader &other) : QStyleOption(Version, Type) { *this = other; }
      |     [01;36m[K^~~~~~~~~~~~~~~~~~[m[K
[01m[K/usr/include/x86_64-linux-gnu/qt5/QtWidgets/qstyleoption.h:[m[K In copy constructor ‘[01m[KQStyleOptionButton::QStyleOptionButton(const QStyleOptionButton&)[m[K’:
[01m[K/usr/include/x86_64-linux-gnu/qt5/QtWidgets/qstyleoption.h:249:97:[m[K [01;35m[Kwarning: [m[Kimplicitly-declared ‘[01m[KQStyleOptionButton& QStyleOptionButton::operator=(const QStyleOptionButton&)[m[K’ is deprecated [[01;35m[K-Wdeprecated-copy[m[K]
  249 |     QStyleOptionButton(const QStyleOptionButton &other) : QStyleOption(Version, Type) { *this = [01;35m[Kother[m[K; }
      |                                                                                                 [01;35m[K^~~~~[m[K
[01m[K/usr/include/x86_64-linux-gnu/qt5/QtWidgets/qstyleoption.h:249:5:[m[K [01;36m[Knote: [m[Kbecause ‘[01m[KQStyleOptionButton[m[K’ has user-provided ‘[01m[KQStyleOptionButton::QStyleOptionButton(const QStyleOptionButton&)[m[K’
  249 |     [01;36m[KQStyleOptionButton[m[K(const QStyleOptionButton &other) : QStyleOption(Version, Type) { *this = other; }
      |     [01;36m[K^~~~~~~~~~~~~~~~~~[m[K
[01m[K/usr/include/x86_64-linux-gnu/qt5/QtWidgets/qstyleoption.h:[m[K In copy constructor ‘[01m[KQStyleOptionTab::QStyleOptionTab(const QStyleOptionTab&)[m[K’:
[01m[K/usr/include/x86_64-linux-gnu/qt5/QtWidgets/qstyleoption.h:286:91:[m[K [01;35m[Kwarning: [m[Kimplicitly-declared ‘[01m[KQStyleOptionTab& QStyleOptionTab::operator=(const QStyleOptionTab&)[m[K’ is deprecated [[01;35m[K-Wdeprecated-copy[m[K]
  286 |     QStyleOptionTab(const QStyleOptionTab &other) : QStyleOption(Version, Type) { *this = [01;35m[Kother[m[K; }
      |                                                                                           [01;35m[K^~~~~[m[K
[01m[K/usr/include/x86_64-linux-gnu/qt5/QtWidgets/qstyleoption.h:286:5:[m[K [01;36m[Knote: [m[Kbecause ‘[01m[KQStyleOptionTab[m[K’ has user-provided ‘[01m[KQStyleOptionTab::QStyleOptionTab(const QStyleOptionTab&)[m[K’
  286 |     [01;36m[KQStyleOptionTab[m[K(const QStyleOptionTab &other) : QStyleOption(Version, Type) { *this = other; }
      |     [01;36m[K^~~~~~~~~~~~~~~[m[K
[01m[K/usr/include/x86_64-linux-gnu/qt5/QtWidgets/qstyleoption.h:[m[K In copy constructor ‘[01m[KQStyleOptionToolBar::QStyleOptionToolBar(const QStyleOptionToolBar&)[m[K’:
[01m[K/usr/include/x86_64-linux-gnu/qt5/QtWidgets/qstyleoption.h:316:99:[m[K [01;35m[Kwarning: [m[Kimplicitly-declared ‘[01m[KQStyleOptionToolBar& QStyleOptionToolBar::operator=(const QStyleOptionToolBar&)[m[K’ is deprecated [[01;35m[K-Wdeprecated-copy[m[K]
  316 |     QStyleOptionToolBar(const QStyleOptionToolBar &other) : QStyleOption(Version, Type) { *this = [01;35m[Kother[m[K; }
      |                                                                                                   [01;35m[K^~~~~[m[K
[01m[K/usr/include/x86_64-linux-gnu/qt5/QtWidgets/qstyleoption.h:316:5:[m[K [01;36m[Knote: [m[Kbecause ‘[01m[KQStyleOptionToolBar[m[K’ has user-provided ‘[01m[KQStyleOptionToolBar::QStyleOptionToolBar(const QStyleOptionToolBar&)[m[K’
  316 |     [01;36m[KQStyleOptionToolBar[m[K(const QStyleOptionToolBar &other) : QStyleOption(Version, Type) { *this = other; }
      |     [01;36m[K^~~~~~~~~~~~~~~~~~~[m[K
[01m[K/usr/include/x86_64-linux-gnu/qt5/QtWidgets/qstyleoption.h:[m[K In copy constructor ‘[01m[KQStyleOptionProgressBar::QStyleOptionProgressBar(const QStyleOptionProgressBar&)[m[K’:
[01m[K/usr/include/x86_64-linux-gnu/qt5/QtWidgets/qstyleoption.h:343:107:[m[K [01;35m[Kwarning: [m[Kimplicitly-declared ‘[01m[KQStyleOptionProgressBar& QStyleOptionProgressBar::operator=(const QStyleOptionProgressBar&)[m[K’ is deprecated [[01;35m[K-Wdeprecated-copy[m[K]
  343 |     QStyleOptionProgressBar(const QStyleOptionProgressBar &other) : QStyleOption(Version, Type) { *this = [01;35m[Kother[m[K; }
      |                                                                                                           [01;35m[K^~~~~[m[K
[01m[K/usr/include/x86_64-linux-gnu/qt5/QtWidgets/qstyleoption.h:343:5:[m[K [01;36m[Knote: [m[Kbecause ‘[01m[KQStyleOptionProgressBar[m[K’ has user-provided ‘[01m[KQStyleOptionProgressBar::QStyleOptionProgressBar(const QStyleOptionProgressBar&)[m[K’
  343 |     [01;36m[KQStyleOptionProgressBar[m[K(const QStyleOptionProgressBar &other) : QStyleOption(Version, Type) { *this = other; }
      |     [01;36m[K^~~~~~~~~~~~~~~~~~~~~~~[m[K
[01m[K/usr/include/x86_64-linux-gnu/qt5/QtWidgets/qstyleoption.h:[m[K In copy constructor ‘[01m[KQStyleOptionMenuItem::QStyleOptionMenuItem(const QStyleOptionMenuItem&)[m[K’:
[01m[K/usr/include/x86_64-linux-gnu/qt5/QtWidgets/qstyleoption.h:373:101:[m[K [01;35m[Kwarning: [m[Kimplicitly-declared ‘[01m[KQStyleOptionMenuItem& QStyleOptionMenuItem::operator=(const QStyleOptionMenuItem&)[m[K’ is deprecated [[01;35m[K-Wdeprecated-copy[m[K]
  373 |     QStyleOptionMenuItem(const QStyleOptionMenuItem &other) : QStyleOption(Version, Type) { *this = [01;35m[Kother[m[K; }
      |                                                                                                     [01;35m[K^~~~~[m[K
[01m[K/usr/include/x86_64-linux-gnu/qt5/QtWidgets/qstyleoption.h:373:5:[m[K [01;36m[Knote: [m[Kbecause ‘[01m[KQStyleOptionMenuItem[m[K’ has user-provided ‘[01m[KQStyleOptionMenuItem::QStyleOptionMenuItem(const QStyleOptionMenuItem&)[m[K’
  373 |     [01;36m[KQStyleOptionMenuItem[m[K(const QStyleOptionMenuItem &other) : QStyleOption(Version, Type) { *this = other; }
      |     [01;36m[K^~~~~~~~~~~~~~~~~~~~[m[K
[01m[K/usr/include/x86_64-linux-gnu/qt5/QtWidgets/qstyleoption.h:[m[K In copy constructor ‘[01m[KQStyleOptionDockWidget::QStyleOptionDockWidget(const QStyleOptionDockWidget&)[m[K’:
[01m[K/usr/include/x86_64-linux-gnu/qt5/QtWidgets/qstyleoption.h:392:105:[m[K [01;35m[Kwarning: [m[Kimplicitly-declared ‘[01m[KQStyleOptionDockWidget& QStyleOptionDockWidget::operator=(const QStyleOptionDockWidget&)[m[K’ is deprecated [[01;35m[K-Wdeprecated-copy[m[K]
  392 |     QStyleOptionDockWidget(const QStyleOptionDockWidget &other) : QStyleOption(Version, Type) { *this = [01;35m[Kother[m[K; }
      |                                                                                                         [01;35m[K^~~~~[m[K
[01m[K/usr/include/x86_64-linux-gnu/qt5/QtWidgets/qstyleoption.h:392:5:[m[K [01;36m[Knote: [m[Kbecause ‘[01m[KQStyleOptionDockWidget[m[K’ has user-provided ‘[01m[KQStyleOptionDockWidget::QStyleOptionDockWidget(const QStyleOptionDockWidget&)[m[K’
  392 |     [01;36m[KQStyleOptionDockWidget[m[K(const QStyleOptionDockWidget &other) : QStyleOption(Version, Type) { *this = other; }
      |     [01;36m[K^~~~~~~~~~~~~~~~~~~~~~[m[K
[01m[K/usr/include/x86_64-linux-gnu/qt5/QtWidgets/qstyleoption.h:[m[K In copy constructor ‘[01m[KQStyleOptionViewItem::QStyleOptionViewItem(const QStyleOptionViewItem&)[m[K’:
[01m[K/usr/include/x86_64-linux-gnu/qt5/QtWidgets/qstyleoption.h:443:101:[m[K [01;35m[Kwarning: [m[Kimplicitly-declared ‘[01m[KQStyleOptionViewItem& QStyleOptionViewItem::operator=(const QStyleOptionViewItem&)[m[K’ is deprecated [[01;35m[K-Wdeprecated-copy[m[K]
  443 |     QStyleOptionViewItem(const QStyleOptionViewItem &other) : QStyleOption(Version, Type) { *this = [01;35m[Kother[m[K; }
      |                                                                                                     [01;35m[K^~~~~[m[K
[01m[K/usr/include/x86_64-linux-gnu/qt5/QtWidgets/qstyleoption.h:443:5:[m[K [01;36m[Knote: [m[Kbecause ‘[01m[KQStyleOptionViewItem[m[K’ has user-provided ‘[01m[KQStyleOptionViewItem::QStyleOptionViewItem(const QStyleOptionViewItem&)[m[K’
  443 |     [01;36m[KQStyleOptionViewItem[m[K(const QStyleOptionViewItem &other) : QStyleOption(Version, Type) { *this = other; }
      |     [01;36m[K^~~~~~~~~~~~~~~~~~~~[m[K
[01m[K/usr/include/x86_64-linux-gnu/qt5/QtWidgets/qstyleoption.h:[m[K In copy constructor ‘[01m[KQStyleOptionToolBox::QStyleOptionToolBox(const QStyleOptionToolBox&)[m[K’:
[01m[K/usr/include/x86_64-linux-gnu/qt5/QtWidgets/qstyleoption.h:473:99:[m[K [01;35m[Kwarning: [m[Kimplicitly-declared ‘[01m[KQStyleOptionToolBox& QStyleOptionToolBox::operator=(const QStyleOptionToolBox&)[m[K’ is deprecated [[01;35m[K-Wdeprecated-copy[m[K]
  473 |     QStyleOptionToolBox(const QStyleOptionToolBox &other) : QStyleOption(Version, Type) { *this = [01;35m[Kother[m[K; }
      |                                                                                                   [01;35m[K^~~~~[m[K
[01m[K/usr/include/x86_64-linux-gnu/qt5/QtWidgets/qstyleoption.h:473:5:[m[K [01;36m[Knote: [m[Kbecause ‘[01m[KQStyleOptionToolBox[m[K’ has user-provided ‘[01m[KQStyleOptionToolBox::QStyleOptionToolBox(const QStyleOptionToolBox&)[m[K’
  473 |     [01;36m[KQStyleOptionToolBox[m[K(const QStyleOptionToolBox &other) : QStyleOption(Version, Type) { *this = other; }
      |     [01;36m[K^~~~~~~~~~~~~~~~~~~[m[K
[01m[K/usr/include/x86_64-linux-gnu/qt5/QtWidgets/qstyleoption.h:[m[K In copy constructor ‘[01m[KQStyleOptionRubberBand::QStyleOptionRubberBand(const QStyleOptionRubberBand&)[m[K’:
[01m[K/usr/include/x86_64-linux-gnu/qt5/QtWidgets/qstyleoption.h:492:105:[m[K [01;35m[Kwarning: [m[Kimplicitly-declared ‘[01m[KQStyleOptionRubberBand& QStyleOptionRubberBand::operator=(const QStyleOptionRubberBand&)[m[K’ is deprecated [[01;35m[K-Wdeprecated-copy[m[K]
  492 |     QStyleOptionRubberBand(const QStyleOptionRubberBand &other) : QStyleOption(Version, Type) { *this = [01;35m[Kother[m[K; }
      |                                                                                                         [01;35m[K^~~~~[m[K
[01m[K/usr/include/x86_64-linux-gnu/qt5/QtWidgets/qstyleoption.h:492:5:[m[K [01;36m[Knote: [m[Kbecause ‘[01m[KQStyleOptionRubberBand[m[K’ has user-provided ‘[01m[KQStyleOptionRubberBand::QStyleOptionRubberBand(const QStyleOptionRubberBand&)[m[K’
  492 |     [01;36m[KQStyleOptionRubberBand[m[K(const QStyleOptionRubberBand &other) : QStyleOption(Version, Type) { *this = other; }
      |     [01;36m[K^~~~~~~~~~~~~~~~~~~~~~[m[K
[01m[K/usr/include/x86_64-linux-gnu/qt5/QtWidgets/qstyleoption.h:[m[K In copy constructor ‘[01m[KQStyleOptionComplex::QStyleOptionComplex(const QStyleOptionComplex&)[m[K’:
[01m[K/usr/include/x86_64-linux-gnu/qt5/QtWidgets/qstyleoption.h:510:99:[m[K [01;35m[Kwarning: [m[Kimplicitly-declared ‘[01m[KQStyleOptionComplex& QStyleOptionComplex::operator=(const QStyleOptionComplex&)[m[K’ is deprecated [[01;35m[K-Wdeprecated-copy[m[K]
  510 |     QStyleOptionComplex(const QStyleOptionComplex &other) : QStyleOption(Version, Type) { *this = [01;35m[Kother[m[K; }
      |                                                                                                   [01;35m[K^~~~~[m[K
[01m[K/usr/include/x86_64-linux-gnu/qt5/QtWidgets/qstyleoption.h:510:5:[m[K [01;36m[Knote: [m[Kbecause ‘[01m[KQStyleOptionComplex[m[K’ has user-provided ‘[01m[KQStyleOptionComplex::QStyleOptionComplex(const QStyleOptionComplex&)[m[K’
  510 |     [01;36m[KQStyleOptionComplex[m[K(const QStyleOptionComplex &other) : QStyleOption(Version, Type) { *this = other; }
      |     [01;36m[K^~~~~~~~~~~~~~~~~~~[m[K
[01m[K/usr/include/x86_64-linux-gnu/qt5/QtWidgets/qstyleoption.h:[m[K In copy constructor ‘[01m[KQStyleOptionSlider::QStyleOptionSlider(const QStyleOptionSlider&)[m[K’:
[01m[K/usr/include/x86_64-linux-gnu/qt5/QtWidgets/qstyleoption.h:534:104:[m[K [01;35m[Kwarning: [m[Kimplicitly-declared ‘[01m[KQStyleOptionSlider& QStyleOptionSlider::operator=(const QStyleOptionSlider&)[m[K’ is deprecated [[01;35m[K-Wdeprecated-copy[m[K]
  534 |     QStyleOptionSlider(const QStyleOptionSlider &other) : QStyleOptionComplex(Version, Type) { *this = [01;35m[Kother[m[K; }
      |                                                                                                        [01;35m[K^~~~~[m[K
[01m[K/usr/include/x86_64-linux-gnu/qt5/QtWidgets/qstyleoption.h:534:5:[m[K [01;36m[Knote: [m[Kbecause ‘[01m[KQStyleOptionSlider[m[K’ has user-provided ‘[01m[KQStyleOptionSlider::QStyleOptionSlider(const QStyleOptionSlider&)[m[K’
  534 |     [01;36m[KQStyleOptionSlider[m[K(const QStyleOptionSlider &other) : QStyleOptionComplex(Version, Type) { *this = other; }
      |     [01;36m[K^~~~~~~~~~~~~~~~~~[m[K
[01m[K/usr/include/x86_64-linux-gnu/qt5/QtWidgets/qstyleoption.h:[m[K In member function ‘[01m[KQStyleOptionSlider& QStyleOptionSlider::operator=(const QStyleOptionSlider&)[m[K’:
[01m[K/usr/include/x86_64-linux-gnu/qt5/QtWidgets/qstyleoption.h:514:24:[m[K [01;35m[Kwarning: [m[Kimplicitly-declared ‘[01m[KQStyleOptionComplex& QStyleOptionComplex::operator=(const QStyleOptionComplex&)[m[K’ is deprecated [[01;35m[K-Wdeprecated-copy[m[K]
  514 | class Q_WIDGETS_EXPORT [01;35m[KQStyleOptionSlider[m[K : public QStyleOptionComplex
      |                        [01;35m[K^~~~~~~~~~~~~~~~~~[m[K
[01m[K/usr/include/x86_64-linux-gnu/qt5/QtWidgets/qstyleoption.h:510:5:[m[K [01;36m[Knote: [m[Kbecause ‘[01m[KQStyleOptionComplex[m[K’ has user-provided ‘[01m[KQStyleOptionComplex::QStyleOptionComplex(const QStyleOptionComplex&)[m[K’
  510 |     [01;36m[KQStyleOptionComplex[m[K(const QStyleOptionComplex &other) : QStyleOption(Version, Type) { *this = other; }
      |     [01;36m[K^~~~~~~~~~~~~~~~~~~[m[K
[01m[K/usr/include/x86_64-linux-gnu/qt5/QtWidgets/qstyleoption.h:[m[K In copy constructor ‘[01m[KQStyleOptionSlider::QStyleOptionSlider(const QStyleOptionSlider&)[m[K’:
[01m[K/usr/include/x86_64-linux-gnu/qt5/QtWidgets/qstyleoption.h:534:104:[m[K [01;36m[Knote: [m[Ksynthesized method ‘[01m[KQStyleOptionSlider& QStyleOptionSlider::operator=(const QStyleOptionSlider&)[m[K’ first required here
  534 |     QStyleOptionSlider(const QStyleOptionSlider &other) : QStyleOptionComplex(Version, Type) { *this = [01;36m[Kother[m[K; }
      |                                                                                                        [01;36m[K^~~~~[m[K
[01m[K/usr/include/x86_64-linux-gnu/qt5/QtWidgets/qstyleoption.h:[m[K In copy constructor ‘[01m[KQStyleOptionSpinBox::QStyleOptionSpinBox(const QStyleOptionSpinBox&)[m[K’:
[01m[K/usr/include/x86_64-linux-gnu/qt5/QtWidgets/qstyleoption.h:553:106:[m[K [01;35m[Kwarning: [m[Kimplicitly-declared ‘[01m[KQStyleOptionSpinBox& QStyleOptionSpinBox::operator=(const QStyleOptionSpinBox&)[m[K’ is deprecated [[01;35m[K-Wdeprecated-copy[m[K]
  553 |     QStyleOptionSpinBox(const QStyleOptionSpinBox &other) : QStyleOptionComplex(Version, Type) { *this = [01;35m[Kother[m[K; }
      |                                                                                                          [01;35m[K^~~~~[m[K
[01m[K/usr/include/x86_64-linux-gnu/qt5/QtWidgets/qstyleoption.h:553:5:[m[K [01;36m[Knote: [m[Kbecause ‘[01m[KQStyleOptionSpinBox[m[K’ has user-provided ‘[01m[KQStyleOptionSpinBox::QStyleOptionSpinBox(const QStyleOptionSpinBox&)[m[K’
  553 |     [01;36m[KQStyleOptionSpinBox[m[K(const QStyleOptionSpinBox &other) : QStyleOptionComplex(Version, Type) { *this = other; }
      |     [01;36m[K^~~~~~~~~~~~~~~~~~~[m[K
[01m[K/usr/include/x86_64-linux-gnu/qt5/QtWidgets/qstyleoption.h:[m[K In member function ‘[01m[KQStyleOptionSpinBox& QStyleOptionSpinBox::operator=(const QStyleOptionSpinBox&)[m[K’:
[01m[K/usr/include/x86_64-linux-gnu/qt5/QtWidgets/qstyleoption.h:542:24:[m[K [01;35m[Kwarning: [m[Kimplicitly-declared ‘[01m[KQStyleOptionComplex& QStyleOptionComplex::operator=(const QStyleOptionComplex&)[m[K’ is deprecated [[01;35m[K-Wdeprecated-copy[m[K]
  542 | class Q_WIDGETS_EXPORT [01;35m[KQStyleOptionSpinBox[m[K : public QStyleOptionComplex
      |                        [01;35m[K^~~~~~~~~~~~~~~~~~~[m[K
[01m[K/usr/include/x86_64-linux-gnu/qt5/QtWidgets/qstyleoption.h:510:5:[m[K [01;36m[Knote: [m[Kbecause ‘[01m[KQStyleOptionComplex[m[K’ has user-provided ‘[01m[KQStyleOptionComplex::QStyleOptionComplex(const QStyleOptionComplex&)[m[K’
  510 |     [01;36m[KQStyleOptionComplex[m[K(const QStyleOptionComplex &other) : QStyleOption(Version, Type) { *this = other; }
      |     [01;36m[K^~~~~~~~~~~~~~~~~~~[m[K
[01m[K/usr/include/x86_64-linux-gnu/qt5/QtWidgets/qstyleoption.h:[m[K In copy constructor ‘[01m[KQStyleOptionSpinBox::QStyleOptionSpinBox(const QStyleOptionSpinBox&)[m[K’:
[01m[K/usr/include/x86_64-linux-gnu/qt5/QtWidgets/qstyleoption.h:553:106:[m[K [01;36m[Knote: [m[Ksynthesized method ‘[01m[KQStyleOptionSpinBox& QStyleOptionSpinBox::operator=(const QStyleOptionSpinBox&)[m[K’ first required here
  553 |     QStyleOptionSpinBox(const QStyleOptionSpinBox &other) : QStyleOptionComplex(Version, Type) { *this = [01;36m[Kother[m[K; }
      |                                                                                                          [01;36m[K^~~~~[m[K
[01m[K/usr/include/x86_64-linux-gnu/qt5/QtWidgets/qstyleoption.h:[m[K In copy constructor ‘[01m[KQStyleOptionToolButton::QStyleOptionToolButton(const QStyleOptionToolButton&)[m[K’:
[01m[K/usr/include/x86_64-linux-gnu/qt5/QtWidgets/qstyleoption.h:580:112:[m[K [01;35m[Kwarning: [m[Kimplicitly-declared ‘[01m[KQStyleOptionToolButton& QStyleOptionToolButton::operator=(const QStyleOptionToolButton&)[m[K’ is deprecated [[01;35m[K-Wdeprecated-copy[m[K]
  580 |     QStyleOptionToolButton(const QStyleOptionToolButton &other) : QStyleOptionComplex(Version, Type) { *this = [01;35m[Kother[m[K; }
      |                                                                                                                [01;35m[K^~~~~[m[K
[01m[K/usr/include/x86_64-linux-gnu/qt5/QtWidgets/qstyleoption.h:580:5:[m[K [01;36m[Knote: [m[Kbecause ‘[01m[KQStyleOptionToolButton[m[K’ has user-provided ‘[01m[KQStyleOptionToolButton::QStyleOptionToolButton(const QStyleOptionToolButton&)[m[K’
  580 |     [01;36m[KQStyleOptionToolButton[m[K(const QStyleOptionToolButton &other) : QStyleOptionComplex(Version, Type) { *this = other; }
      |     [01;36m[K^~~~~~~~~~~~~~~~~~~~~~[m[K
[01m[K/usr/include/x86_64-linux-gnu/qt5/QtWidgets/qstyleoption.h:[m[K In member function ‘[01m[KQStyleOptionToolButton& QStyleOptionToolButton::operator=(const QStyleOptionToolButton&)[m[K’:
[01m[K/usr/include/x86_64-linux-gnu/qt5/QtWidgets/qstyleoption.h:560:24:[m[K [01;35m[Kwarning: [m[Kimplicitly-declared ‘[01m[KQStyleOptionComplex& QStyleOptionComplex::operator=(const QStyleOptionComplex&)[m[K’ is deprecated [[01;35m[K-Wdeprecated-copy[m[K]
  560 | class Q_WIDGETS_EXPORT [01;35m[KQStyleOptionToolButton[m[K : public QStyleOptionComplex
      |                        [01;35m[K^~~~~~~~~~~~~~~~~~~~~~[m[K
[01m[K/usr/include/x86_64-linux-gnu/qt5/QtWidgets/qstyleoption.h:510:5:[m[K [01;36m[Knote: [m[Kbecause ‘[01m[KQStyleOptionComplex[m[K’ has user-provided ‘[01m[KQStyleOptionComplex::QStyleOptionComplex(const QStyleOptionComplex&)[m[K’
  510 |     [01;36m[KQStyleOptionComplex[m[K(const QStyleOptionComplex &other) : QStyleOption(Version, Type) { *this = other; }
      |     [01;36m[K^~~~~~~~~~~~~~~~~~~[m[K
[01m[K/usr/include/x86_64-linux-gnu/qt5/QtWidgets/qstyleoption.h:[m[K In copy constructor ‘[01m[KQStyleOptionToolButton::QStyleOptionToolButton(const QStyleOptionToolButton&)[m[K’:
[01m[K/usr/include/x86_64-linux-gnu/qt5/QtWidgets/qstyleoption.h:580:112:[m[K [01;36m[Knote: [m[Ksynthesized method ‘[01m[KQStyleOptionToolButton& QStyleOptionToolButton::operator=(const QStyleOptionToolButton&)[m[K’ first required here
  580 |     QStyleOptionToolButton(const QStyleOptionToolButton &other) : QStyleOptionComplex(Version, Type) { *this = [01;36m[Kother[m[K; }
      |                                                                                                                [01;36m[K^~~~~[m[K
[01m[K/usr/include/x86_64-linux-gnu/qt5/QtWidgets/qstyleoption.h:[m[K In copy constructor ‘[01m[KQStyleOptionComboBox::QStyleOptionComboBox(const QStyleOptionComboBox&)[m[K’:
[01m[K/usr/include/x86_64-linux-gnu/qt5/QtWidgets/qstyleoption.h:602:108:[m[K [01;35m[Kwarning: [m[Kimplicitly-declared ‘[01m[KQStyleOptionComboBox& QStyleOptionComboBox::operator=(const QStyleOptionComboBox&)[m[K’ is deprecated [[01;35m[K-Wdeprecated-copy[m[K]
  602 |     QStyleOptionComboBox(const QStyleOptionComboBox &other) : QStyleOptionComplex(Version, Type) { *this = [01;35m[Kother[m[K; }
      |                                                                                                            [01;35m[K^~~~~[m[K
[01m[K/usr/include/x86_64-linux-gnu/qt5/QtWidgets/qstyleoption.h:602:5:[m[K [01;36m[Knote: [m[Kbecause ‘[01m[KQStyleOptionComboBox[m[K’ has user-provided ‘[01m[KQStyleOptionComboBox::QStyleOptionComboBox(const QStyleOptionComboBox&)[m[K’
  602 |     [01;36m[KQStyleOptionComboBox[m[K(const QStyleOptionComboBox &other) : QStyleOptionComplex(Version, Type) { *this = other; }
      |     [01;36m[K^~~~~~~~~~~~~~~~~~~~[m[K
[01m[K/usr/include/x86_64-linux-gnu/qt5/QtWidgets/qstyleoption.h:[m[K In member function ‘[01m[KQStyleOptionComboBox& QStyleOptionComboBox::operator=(const QStyleOptionComboBox&)[m[K’:
[01m[K/usr/include/x86_64-linux-gnu/qt5/QtWidgets/qstyleoption.h:588:24:[m[K [01;35m[Kwarning: [m[Kimplicitly-declared ‘[01m[KQStyleOptionComplex& QStyleOptionComplex::operator=(const QStyleOptionComplex&)[m[K’ is deprecated [[01;35m[K-Wdeprecated-copy[m[K]
  588 | class Q_WIDGETS_EXPORT [01;35m[KQStyleOptionComboBox[m[K : public QStyleOptionComplex
      |                        [01;35m[K^~~~~~~~~~~~~~~~~~~~[m[K
[01m[K/usr/include/x86_64-linux-gnu/qt5/QtWidgets/qstyleoption.h:510:5:[m[K [01;36m[Knote: [m[Kbecause ‘[01m[KQStyleOptionComplex[m[K’ has user-provided ‘[01m[KQStyleOptionComplex::QStyleOptionComplex(const QStyleOptionComplex&)[m[K’
  510 |     [01;36m[KQStyleOptionComplex[m[K(const QStyleOptionComplex &other) : QStyleOption(Version, Type) { *this = other; }
      |     [01;36m[K^~~~~~~~~~~~~~~~~~~[m[K
[01m[K/usr/include/x86_64-linux-gnu/qt5/QtWidgets/qstyleoption.h:[m[K In copy constructor ‘[01m[KQStyleOptionComboBox::QStyleOptionComboBox(const QStyleOptionComboBox&)[m[K’:
[01m[K/usr/include/x86_64-linux-gnu/qt5/QtWidgets/qstyleoption.h:602:108:[m[K [01;36m[Knote: [m[Ksynthesized method ‘[01m[KQStyleOptionComboBox& QStyleOptionComboBox::operator=(const QStyleOptionComboBox&)[m[K’ first required here
  602 |     QStyleOptionComboBox(const QStyleOptionComboBox &other) : QStyleOptionComplex(Version, Type) { *this = [01;36m[Kother[m[K; }
      |                                                                                                            [01;36m[K^~~~~[m[K
[01m[K/usr/include/x86_64-linux-gnu/qt5/QtWidgets/qstyleoption.h:[m[K In copy constructor ‘[01m[KQStyleOptionTitleBar::QStyleOptionTitleBar(const QStyleOptionTitleBar&)[m[K’:
[01m[K/usr/include/x86_64-linux-gnu/qt5/QtWidgets/qstyleoption.h:620:108:[m[K [01;35m[Kwarning: [m[Kimplicitly-declared ‘[01m[KQStyleOptionTitleBar& QStyleOptionTitleBar::operator=(const QStyleOptionTitleBar&)[m[K’ is deprecated [[01;35m[K-Wdeprecated-copy[m[K]
  620 |     QStyleOptionTitleBar(const QStyleOptionTitleBar &other) : QStyleOptionComplex(Version, Type) { *this = [01;35m[Kother[m[K; }
      |                                                                                                            [01;35m[K^~~~~[m[K
[01m[K/usr/include/x86_64-linux-gnu/qt5/QtWidgets/qstyleoption.h:620:5:[m[K [01;36m[Knote: [m[Kbecause ‘[01m[KQStyleOptionTitleBar[m[K’ has user-provided ‘[01m[KQStyleOptionTitleBar::QStyleOptionTitleBar(const QStyleOptionTitleBar&)[m[K’
  620 |     [01;36m[KQStyleOptionTitleBar[m[K(const QStyleOptionTitleBar &other) : QStyleOptionComplex(Version, Type) { *this = other; }
      |     [01;36m[K^~~~~~~~~~~~~~~~~~~~[m[K
[01m[K/usr/include/x86_64-linux-gnu/qt5/QtWidgets/qstyleoption.h:[m[K In member function ‘[01m[KQStyleOptionTitleBar& QStyleOptionTitleBar::operator=(const QStyleOptionTitleBar&)[m[K’:
[01m[K/usr/include/x86_64-linux-gnu/qt5/QtWidgets/qstyleoption.h:608:24:[m[K [01;35m[Kwarning: [m[Kimplicitly-declared ‘[01m[KQStyleOptionComplex& QStyleOptionComplex::operator=(const QStyleOptionComplex&)[m[K’ is deprecated [[01;35m[K-Wdeprecated-copy[m[K]
  608 | class Q_WIDGETS_EXPORT [01;35m[KQStyleOptionTitleBar[m[K : public QStyleOptionComplex
      |                        [01;35m[K^~~~~~~~~~~~~~~~~~~~[m[K
[01m[K/usr/include/x86_64-linux-gnu/qt5/QtWidgets/qstyleoption.h:510:5:[m[K [01;36m[Knote: [m[Kbecause ‘[01m[KQStyleOptionComplex[m[K’ has user-provided ‘[01m[KQStyleOptionComplex::QStyleOptionComplex(const QStyleOptionComplex&)[m[K’
  510 |     [01;36m[KQStyleOptionComplex[m[K(const QStyleOptionComplex &other) : QStyleOption(Version, Type) { *this = other; }
      |     [01;36m[K^~~~~~~~~~~~~~~~~~~[m[K
[01m[K/usr/include/x86_64-linux-gnu/qt5/QtWidgets/qstyleoption.h:[m[K In copy constructor ‘[01m[KQStyleOptionTitleBar::QStyleOptionTitleBar(const QStyleOptionTitleBar&)[m[K’:
[01m[K/usr/include/x86_64-linux-gnu/qt5/QtWidgets/qstyleoption.h:620:108:[m[K [01;36m[Knote: [m[Ksynthesized method ‘[01m[KQStyleOptionTitleBar& QStyleOptionTitleBar::operator=(const QStyleOptionTitleBar&)[m[K’ first required here
  620 |     QStyleOptionTitleBar(const QStyleOptionTitleBar &other) : QStyleOptionComplex(Version, Type) { *this = [01;36m[Kother[m[K; }
      |                                                                                                            [01;36m[K^~~~~[m[K
[01m[K/usr/include/x86_64-linux-gnu/qt5/QtWidgets/qstyleoption.h:[m[K In copy constructor ‘[01m[KQStyleOptionGroupBox::QStyleOptionGroupBox(const QStyleOptionGroupBox&)[m[K’:
[01m[K/usr/include/x86_64-linux-gnu/qt5/QtWidgets/qstyleoption.h:640:108:[m[K [01;35m[Kwarning: [m[Kimplicitly-declared ‘[01m[KQStyleOptionGroupBox& QStyleOptionGroupBox::operator=(const QStyleOptionGroupBox&)[m[K’ is deprecated [[01;35m[K-Wdeprecated-copy[m[K]
  640 |     QStyleOptionGroupBox(const QStyleOptionGroupBox &other) : QStyleOptionComplex(Version, Type) { *this = [01;35m[Kother[m[K; }
      |                                                                                                            [01;35m[K^~~~~[m[K
[01m[K/usr/include/x86_64-linux-gnu/qt5/QtWidgets/qstyleoption.h:640:5:[m[K [01;36m[Knote: [m[Kbecause ‘[01m[KQStyleOptionGroupBox[m[K’ has user-provided ‘[01m[KQStyleOptionGroupBox::QStyleOptionGroupBox(const QStyleOptionGroupBox&)[m[K’
  640 |     [01;36m[KQStyleOptionGroupBox[m[K(const QStyleOptionGroupBox &other) : QStyleOptionComplex(Version, Type) { *this = other; }
      |     [01;36m[K^~~~~~~~~~~~~~~~~~~~[m[K
[01m[K/usr/include/x86_64-linux-gnu/qt5/QtWidgets/qstyleoption.h:[m[K In member function ‘[01m[KQStyleOptionGroupBox& QStyleOptionGroupBox::operator=(const QStyleOptionGroupBox&)[m[K’:
[01m[K/usr/include/x86_64-linux-gnu/qt5/QtWidgets/qstyleoption.h:626:24:[m[K [01;35m[Kwarning: [m[Kimplicitly-declared ‘[01m[KQStyleOptionComplex& QStyleOptionComplex::operator=(const QStyleOptionComplex&)[m[K’ is deprecated [[01;35m[K-Wdeprecated-copy[m[K]
  626 | class Q_WIDGETS_EXPORT [01;35m[KQStyleOptionGroupBox[m[K : public QStyleOptionComplex
      |                        [01;35m[K^~~~~~~~~~~~~~~~~~~~[m[K
[01m[K/usr/include/x86_64-linux-gnu/qt5/QtWidgets/qstyleoption.h:510:5:[m[K [01;36m[Knote: [m[Kbecause ‘[01m[KQStyleOptionComplex[m[K’ has user-provided ‘[01m[KQStyleOptionComplex::QStyleOptionComplex(const QStyleOptionComplex&)[m[K’
  510 |     [01;36m[KQStyleOptionComplex[m[K(const QStyleOptionComplex &other) : QStyleOption(Version, Type) { *this = other; }
      |     [01;36m[K^~~~~~~~~~~~~~~~~~~[m[K
[01m[K/usr/include/x86_64-linux-gnu/qt5/QtWidgets/qstyleoption.h:[m[K In copy constructor ‘[01m[KQStyleOptionGroupBox::QStyleOptionGroupBox(const QStyleOptionGroupBox&)[m[K’:
[01m[K/usr/include/x86_64-linux-gnu/qt5/QtWidgets/qstyleoption.h:640:108:[m[K [01;36m[Knote: [m[Ksynthesized method ‘[01m[KQStyleOptionGroupBox& QStyleOptionGroupBox::operator=(const QStyleOptionGroupBox&)[m[K’ first required here
  640 |     QStyleOptionGroupBox(const QStyleOptionGroupBox &other) : QStyleOptionComplex(Version, Type) { *this = [01;36m[Kother[m[K; }
      |                                                                                                            [01;36m[K^~~~~[m[K
[01m[K/usr/include/x86_64-linux-gnu/qt5/QtWidgets/qstyleoption.h:[m[K In copy constructor ‘[01m[KQStyleOptionSizeGrip::QStyleOptionSizeGrip(const QStyleOptionSizeGrip&)[m[K’:
[01m[K/usr/include/x86_64-linux-gnu/qt5/QtWidgets/qstyleoption.h:654:108:[m[K [01;35m[Kwarning: [m[Kimplicitly-declared ‘[01m[KQStyleOptionSizeGrip& QStyleOptionSizeGrip::operator=(const QStyleOptionSizeGrip&)[m[K’ is deprecated [[01;35m[K-Wdeprecated-copy[m[K]
  654 |     QStyleOptionSizeGrip(const QStyleOptionSizeGrip &other) : QStyleOptionComplex(Version, Type) { *this = [01;35m[Kother[m[K; }
      |                                                                                                            [01;35m[K^~~~~[m[K
[01m[K/usr/include/x86_64-linux-gnu/qt5/QtWidgets/qstyleoption.h:654:5:[m[K [01;36m[Knote: [m[Kbecause ‘[01m[KQStyleOptionSizeGrip[m[K’ has user-provided ‘[01m[KQStyleOptionSizeGrip::QStyleOptionSizeGrip(const QStyleOptionSizeGrip&)[m[K’
  654 |     [01;36m[KQStyleOptionSizeGrip[m[K(const QStyleOptionSizeGrip &other) : QStyleOptionComplex(Version, Type) { *this = other; }
      |     [01;36m[K^~~~~~~~~~~~~~~~~~~~[m[K
[01m[K/usr/include/x86_64-linux-gnu/qt5/QtWidgets/qstyleoption.h:[m[K In member function ‘[01m[KQStyleOptionSizeGrip& QStyleOptionSizeGrip::operator=(const QStyleOptionSizeGrip&)[m[K’:
[01m[K/usr/include/x86_64-linux-gnu/qt5/QtWidgets/qstyleoption.h:645:24:[m[K [01;35m[Kwarning: [m[Kimplicitly-declared ‘[01m[KQStyleOptionComplex& QStyleOptionComplex::operator=(const QStyleOptionComplex&)[m[K’ is deprecated [[01;35m[K-Wdeprecated-copy[m[K]
  645 | class Q_WIDGETS_EXPORT [01;35m[KQStyleOptionSizeGrip[m[K : public QStyleOptionComplex
      |                        [01;35m[K^~~~~~~~~~~~~~~~~~~~[m[K
[01m[K/usr/include/x86_64-linux-gnu/qt5/QtWidgets/qstyleoption.h:510:5:[m[K [01;36m[Knote: [m[Kbecause ‘[01m[KQStyleOptionComplex[m[K’ has user-provided ‘[01m[KQStyleOptionComplex::QStyleOptionComplex(const QStyleOptionComplex&)[m[K’
  510 |     [01;36m[KQStyleOptionComplex[m[K(const QStyleOptionComplex &other) : QStyleOption(Version, Type) { *this = other; }
      |     [01;36m[K^~~~~~~~~~~~~~~~~~~[m[K
[01m[K/usr/include/x86_64-linux-gnu/qt5/QtWidgets/qstyleoption.h:[m[K In copy constructor ‘[01m[KQStyleOptionSizeGrip::QStyleOptionSizeGrip(const QStyleOptionSizeGrip&)[m[K’:
[01m[K/usr/include/x86_64-linux-gnu/qt5/QtWidgets/qstyleoption.h:654:108:[m[K [01;36m[Knote: [m[Ksynthesized method ‘[01m[KQStyleOptionSizeGrip& QStyleOptionSizeGrip::operator=(const QStyleOptionSizeGrip&)[m[K’ first required here
  654 |     QStyleOptionSizeGrip(const QStyleOptionSizeGrip &other) : QStyleOptionComplex(Version, Type) { *this = [01;36m[Kother[m[K; }
      |                                                                                                            [01;36m[K^~~~~[m[K
[01m[K/usr/include/x86_64-linux-gnu/qt5/QtWidgets/qstyleoption.h:[m[K In copy constructor ‘[01m[KQStyleOptionGraphicsItem::QStyleOptionGraphicsItem(const QStyleOptionGraphicsItem&)[m[K’:
[01m[K/usr/include/x86_64-linux-gnu/qt5/QtWidgets/qstyleoption.h:670:109:[m[K [01;35m[Kwarning: [m[Kimplicitly-declared ‘[01m[KQStyleOptionGraphicsItem& QStyleOptionGraphicsItem::operator=(const QStyleOptionGraphicsItem&)[m[K’ is deprecated [[01;35m[K-Wdeprecated-copy[m[K]
  670 |     QStyleOptionGraphicsItem(const QStyleOptionGraphicsItem &other) : QStyleOption(Version, Type) { *this = [01;35m[Kother[m[K; }
      |                                                                                                             [01;35m[K^~~~~[m[K
[01m[K/usr/include/x86_64-linux-gnu/qt5/QtWidgets/qstyleoption.h:670:5:[m[K [01;36m[Knote: [m[Kbecause ‘[01m[KQStyleOptionGraphicsItem[m[K’ has user-provided ‘[01m[KQStyleOptionGraphicsItem::QStyleOptionGraphicsItem(const QStyleOptionGraphicsItem&)[m[K’
  670 |     [01;36m[KQStyleOptionGraphicsItem[m[K(const QStyleOptionGraphicsItem &other) : QStyleOption(Version, Type) { *this = other; }
      |     [01;36m[K^~~~~~~~~~~~~~~~~~~~~~~~[m[K
In file included from [01m[K/usr/include/x86_64-linux-gnu/qt5/QtCore/qobject.h:49[m[K,
                 from [01m[K/usr/include/x86_64-linux-gnu/qt5/QtCore/QObject:1[m[K,
                 from [01m[K/home/dongju/camel-amr-projects/src/amr-main-pkg/src/Amr_UI/qcustomplot.hpp:55[m[K,
                 from [01m[K/home/dongju/camel-amr-projects/src/amr-main-pkg/src/Amr_UI/qcustomplot.cpp:29[m[K:
/usr/include/x86_64-linux-gnu/qt5/QtCore/qlist.h: In instantiation of ‘[01m[KQList<T>::iterator QList<T>::erase(QList<T>::iterator) [with T = QSharedPointer<QCPAbstractPaintBuffer>][m[K’:
[01m[K/usr/include/x86_64-linux-gnu/qt5/QtCore/qlist.h:354:54:[m[K   required from ‘[01m[Kvoid QList<T>::removeLast() [with T = QSharedPointer<QCPAbstractPaintBuffer>][m[K’
[01m[K/home/dongju/camel-amr-projects/src/amr-main-pkg/src/Amr_UI/qcustomplot.cpp:15850:34:[m[K   required from here
[01m[K/usr/include/x86_64-linux-gnu/qt5/QtCore/qlist.h:536:12:[m[K [01;35m[Kwarning: [m[Kimplicitly-declared ‘[01m[Kconstexpr QList<QSharedPointer<QCPAbstractPaintBuffer> >::iterator& QList<QSharedPointer<QCPAbstractPaintBuffer> >::iterator::operator=(const QList<QSharedPointer<QCPAbstractPaintBuffer> >::iterator&)[m[K’ is deprecated [[01;35m[K-Wdeprecated-copy[m[K]
  536 |         it = begin(); // implies detach()
[01m[K/usr/include/x86_64-linux-gnu/qt5/QtCore/qlist.h:239:16:[m[K [01;36m[Knote: [m[Kbecause ‘[01m[KQList<QSharedPointer<QCPAbstractPaintBuffer> >::iterator[m[K’ has user-provided ‘[01m[KQList<T>::iterator::iterator(const QList<T>::iterator&) [with T = QSharedPointer<QCPAbstractPaintBuffer>][m[K’
  239 |         inline [01;36m[Kiterator[m[K(const iterator &o) Q_DECL_NOTHROW : i(o.i){}
      |                [01;36m[K^~~~~~~~[m[K
[01m[K/home/dongju/camel-amr-projects/src/amr-main-pkg/src/Amr_UI/qcustomplot.cpp:[m[K In member function ‘[01m[KQPointF QCPLabelPainterPrivate::getAnchorPos(const QPointF&)[m[K’:
[01m[K/home/dongju/camel-amr-projects/src/amr-main-pkg/src/Amr_UI/qcustomplot.cpp:5752:13:[m[K [01;35m[Kwarning: [m[Kthis statement may fall through [[01;35m[K-Wimplicit-fallthrough=[m[K]
 5752 |             [01;35m[Kswitch[m[K (mAnchorSide)
      |             [01;35m[K^~~~~~[m[K
[01m[K/home/dongju/camel-amr-projects/src/amr-main-pkg/src/Amr_UI/qcustomplot.cpp:5764:9:[m[K [01;36m[Knote: [m[Khere
 5764 |         [01;36m[Kcase[m[K amSkewedUpright:
      |         [01;36m[K^~~~[m[K
[01m[K/home/dongju/camel-amr-projects/src/amr-main-pkg/src/Amr_UI/qcustomplot.cpp:[m[K In member function ‘[01m[KQPointF QCPLabelPainterPrivate::getAnchorPos(const QPointF&)[m[K’:
[01m[K/home/dongju/camel-amr-projects/src/amr-main-pkg/src/Amr_UI/qcustomplot.cpp:5752:13:[m[K [01;35m[Kwarning: [m[Kthis statement may fall through [[01;35m[K-Wimplicit-fallthrough=[m[K]
 5752 |             [01;35m[Kswitch[m[K (mAnchorSide)
      |             [01;35m[K^~~~~~[m[K
[01m[K/home/dongju/camel-amr-projects/src/amr-main-pkg/src/Amr_UI/qcustomplot.cpp:5764:9:[m[K [01;36m[Knote: [m[Khere
 5764 |         [01;36m[Kcase[m[K amSkewedUpright:
      |         [01;36m[K^~~~[m[K
make[1]: *** [CMakeFiles/Makefile2:317: CMakeFiles/simulmain.dir/all] Error 2
make[1]: *** Waiting for unfinished jobs....
[ 96%] [32m[1mLinking CXX static library libmainwindow_lib.a[0m
[ 96%] Built target mainwindow_lib
make: *** [Makefile:146: all] Error 2
