[0.019s] Invoking command in '/home/dongju/camel-amr-projects/build/amr-gazebo-pkg': CMAKE_PREFIX_PATH=${CMAKE_PREFIX_PATH}:/opt/ros/foxy /usr/local/bin/cmake /home/dongju/camel-amr-projects/src/amr-gazebo-pkg -DCMAKE_EXPORT_COMPILE_COMMANDS=1 -DCMAKE_INSTALL_PREFIX=/home/dongju/camel-amr-projects/install/amr-gazebo-pkg
[0.066s] -- The C compiler identification is GNU 9.4.0
[0.111s] -- The CXX compiler identification is GNU 9.4.0
[0.122s] -- Detecting C compiler ABI info
[0.167s] -- Detecting C compiler ABI info - done
[0.175s] -- Check for working C compiler: /usr/bin/cc - skipped
[0.176s] -- Detecting C compile features
[0.176s] -- Detecting C compile features - done
[0.180s] -- Detecting CXX compiler ABI info
[0.230s] -- Detecting CXX compiler ABI info - done
[0.238s] -- Check for working CXX compiler: /usr/bin/c++ - skipped
[0.238s] -- Detecting CXX compile features
[0.239s] -- Detecting CXX compile features - done
[0.241s] -- Found ament_cmake: 0.9.12 (/opt/ros/foxy/share/ament_cmake/cmake)
[0.264s] -- Found PythonInterp: /usr/bin/python3 (found suitable version "3.8.10", minimum required is "3") 
[0.264s] -- Using PYTHON_EXECUTABLE: /usr/bin/python3
[0.441s] -- Found rclcpp: 2.4.3 (/opt/ros/foxy/share/rclcpp/cmake)
[0.483s] -- Using all available rosidl_typesupport_c: rosidl_typesupport_fastrtps_c;rosidl_typesupport_introspection_c
[0.488s] -- Found rosidl_adapter: 1.3.1 (/opt/ros/foxy/share/rosidl_adapter/cmake)
[0.537s] -- Found OpenSSL: /usr/lib/x86_64-linux-gnu/libcrypto.so (found version "1.1.1f")  
[0.561s] -- Found FastRTPS: /opt/ros/foxy/include  
[0.629s] -- Using all available rosidl_typesupport_cpp: rosidl_typesupport_fastrtps_cpp;rosidl_typesupport_introspection_cpp
[0.685s] -- Found rmw_implementation_cmake: 1.0.4 (/opt/ros/foxy/share/rmw_implementation_cmake/cmake)
[0.688s] -- Using RMW implementation 'rmw_fastrtps_cpp' as default
[0.689s] -- Performing Test CMAKE_HAVE_LIBC_PTHREAD
[0.738s] -- Performing Test CMAKE_HAVE_LIBC_PTHREAD - Failed
[0.738s] -- Looking for pthread_create in pthreads
[0.772s] -- Looking for pthread_create in pthreads - not found
[0.773s] -- Looking for pthread_create in pthread
[0.817s] -- Looking for pthread_create in pthread - found
[0.818s] -- Found Threads: TRUE  
[0.948s] -- Found ament_lint_auto: 0.9.8 (/opt/ros/foxy/share/ament_lint_auto/cmake)
[1.019s] -- Added test 'copyright' to check source files copyright and LICENSE
[1.022s] -- Added test 'flake8' to check Python code syntax and style conventions
[1.023s] -- Added test 'lint_cmake' to check CMake code style
[1.023s] -- Added test 'pep257' to check Python code against some of the style conventions in PEP 257
[1.025s] -- Added test 'xmllint' to check XML markup files
[1.026s] -- Configuring done (1.0s)
[1.029s] -- Generating done (0.0s)
[1.030s] [33mCMake Warning:
[1.030s]   Manually-specified variables were not used by the project:
[1.030s] 
[1.030s]     CMAKE_EXPORT_COMPILE_COMMANDS
[1.030s] 
[1.030s] [0m
[1.030s] -- Build files have been written to: /home/dongju/camel-amr-projects/build/amr-gazebo-pkg
[1.035s] Invoked command in '/home/dongju/camel-amr-projects/build/amr-gazebo-pkg' returned '0': CMAKE_PREFIX_PATH=${CMAKE_PREFIX_PATH}:/opt/ros/foxy /usr/local/bin/cmake /home/dongju/camel-amr-projects/src/amr-gazebo-pkg -DCMAKE_EXPORT_COMPILE_COMMANDS=1 -DCMAKE_INSTALL_PREFIX=/home/dongju/camel-amr-projects/install/amr-gazebo-pkg
[1.037s] Invoking command in '/home/dongju/camel-amr-projects/build/amr-gazebo-pkg': CMAKE_PREFIX_PATH=${CMAKE_PREFIX_PATH}:/opt/ros/foxy /usr/local/bin/cmake --build /home/dongju/camel-amr-projects/build/amr-gazebo-pkg -- -j10 -l10
[1.051s] Invoked command in '/home/dongju/camel-amr-projects/build/amr-gazebo-pkg' returned '0': CMAKE_PREFIX_PATH=${CMAKE_PREFIX_PATH}:/opt/ros/foxy /usr/local/bin/cmake --build /home/dongju/camel-amr-projects/build/amr-gazebo-pkg -- -j10 -l10
[1.067s] Invoking command in '/home/dongju/camel-amr-projects/build/amr-gazebo-pkg': CMAKE_PREFIX_PATH=${CMAKE_PREFIX_PATH}:/opt/ros/foxy /usr/local/bin/cmake --install /home/dongju/camel-amr-projects/build/amr-gazebo-pkg
[1.071s] -- Install configuration: ""
[1.071s] -- Installing: /home/dongju/camel-amr-projects/install/amr-gazebo-pkg/share/amr-gazebo-pkg/launch
[1.071s] -- Installing: /home/dongju/camel-amr-projects/install/amr-gazebo-pkg/share/amr-gazebo-pkg/launch/maze_world.launch.py
[1.071s] -- Installing: /home/dongju/camel-amr-projects/install/amr-gazebo-pkg/share/amr-gazebo-pkg/worlds
[1.071s] -- Installing: /home/dongju/camel-amr-projects/install/amr-gazebo-pkg/share/amr-gazebo-pkg/worlds/Factory.world
[1.071s] -- Installing: /home/dongju/camel-amr-projects/install/amr-gazebo-pkg/share/amr-gazebo-pkg/worlds/simplemap.world
[1.071s] -- Installing: /home/dongju/camel-amr-projects/install/amr-gazebo-pkg/share/amr-gazebo-pkg/worlds/AMR_factory.world
[1.072s] -- Installing: /home/dongju/camel-amr-projects/install/amr-gazebo-pkg/share/amr-gazebo-pkg/urdf
[1.072s] -- Installing: /home/dongju/camel-amr-projects/install/amr-gazebo-pkg/share/amr-gazebo-pkg/urdf/diffbot.gazebo
[1.072s] -- Installing: /home/dongju/camel-amr-projects/install/amr-gazebo-pkg/share/amr-gazebo-pkg/urdf/diffbot_amr.urdf
[1.072s] -- Installing: /home/dongju/camel-amr-projects/install/amr-gazebo-pkg/share/amr-gazebo-pkg/urdf/diffbot.urdf.xacro
[1.073s] -- Installing: /home/dongju/camel-amr-projects/install/amr-gazebo-pkg/share/amr-gazebo-pkg/urdf/diffbot.urdf
[1.074s] -- Installing: /home/dongju/camel-amr-projects/install/amr-gazebo-pkg/share/amr-gazebo-pkg/urdf/diffbot_amr_obstacle.urdf
[1.074s] -- Installing: /home/dongju/camel-amr-projects/install/amr-gazebo-pkg/share/amr-gazebo-pkg/rviz
[1.074s] -- Installing: /home/dongju/camel-amr-projects/install/amr-gazebo-pkg/share/amr-gazebo-pkg/rviz/diffbot_amr.rviz
[1.074s] -- Installing: /home/dongju/camel-amr-projects/install/amr-gazebo-pkg/share/amr-gazebo-pkg/rviz/diffbot.rviz
[1.075s] -- Installing: /home/dongju/camel-amr-projects/install/amr-gazebo-pkg/share/ament_index/resource_index/package_run_dependencies/amr-gazebo-pkg
[1.075s] -- Installing: /home/dongju/camel-amr-projects/install/amr-gazebo-pkg/share/ament_index/resource_index/parent_prefix_path/amr-gazebo-pkg
[1.075s] -- Installing: /home/dongju/camel-amr-projects/install/amr-gazebo-pkg/share/amr-gazebo-pkg/environment/ament_prefix_path.sh
[1.075s] -- Installing: /home/dongju/camel-amr-projects/install/amr-gazebo-pkg/share/amr-gazebo-pkg/environment/ament_prefix_path.dsv
[1.075s] -- Installing: /home/dongju/camel-amr-projects/install/amr-gazebo-pkg/share/amr-gazebo-pkg/environment/path.sh
[1.075s] -- Installing: /home/dongju/camel-amr-projects/install/amr-gazebo-pkg/share/amr-gazebo-pkg/environment/path.dsv
[1.075s] -- Installing: /home/dongju/camel-amr-projects/install/amr-gazebo-pkg/share/amr-gazebo-pkg/local_setup.bash
[1.076s] -- Installing: /home/dongju/camel-amr-projects/install/amr-gazebo-pkg/share/amr-gazebo-pkg/local_setup.sh
[1.076s] -- Installing: /home/dongju/camel-amr-projects/install/amr-gazebo-pkg/share/amr-gazebo-pkg/local_setup.zsh
[1.076s] -- Installing: /home/dongju/camel-amr-projects/install/amr-gazebo-pkg/share/amr-gazebo-pkg/local_setup.dsv
[1.076s] -- Installing: /home/dongju/camel-amr-projects/install/amr-gazebo-pkg/share/amr-gazebo-pkg/package.dsv
[1.076s] -- Installing: /home/dongju/camel-amr-projects/install/amr-gazebo-pkg/share/ament_index/resource_index/packages/amr-gazebo-pkg
[1.076s] -- Installing: /home/dongju/camel-amr-projects/install/amr-gazebo-pkg/share/amr-gazebo-pkg/cmake/amr-gazebo-pkgConfig.cmake
[1.076s] -- Installing: /home/dongju/camel-amr-projects/install/amr-gazebo-pkg/share/amr-gazebo-pkg/cmake/amr-gazebo-pkgConfig-version.cmake
[1.076s] -- Installing: /home/dongju/camel-amr-projects/install/amr-gazebo-pkg/share/amr-gazebo-pkg/package.xml
[1.078s] Invoked command in '/home/dongju/camel-amr-projects/build/amr-gazebo-pkg' returned '0': CMAKE_PREFIX_PATH=${CMAKE_PREFIX_PATH}:/opt/ros/foxy /usr/local/bin/cmake --install /home/dongju/camel-amr-projects/build/amr-gazebo-pkg
