[0.008s] Invoking command in '/home/dongju/camel-amr-projects/build/amr-main-pkg': AMENT_PREFIX_PATH=/home/dongju/camel-amr-projects/install/amr_msg_interfaces:${AMENT_PREFIX_PATH} CMAKE_PREFIX_PATH=/home/dongju/camel-amr-projects/install/amr_msg_interfaces:/opt/ros/foxy LD_LIBRARY_PATH=/home/dongju/camel-amr-projects/install/amr_msg_interfaces/lib:/usr/lib/x86_64-linux-gnu/gazebo-11/plugins:/opt/ros/foxy/opt/yaml_cpp_vendor/lib:/opt/ros/foxy/opt/rviz_ogre_vendor/lib:/opt/ros/foxy/lib/x86_64-linux-gnu:/opt/ros/foxy/lib:home/dongju/raisimLib/install/lib PYTHONPATH=/home/dongju/camel-amr-projects/install/amr_msg_interfaces/lib/python3.8/site-packages:/opt/ros/foxy/lib/python3.8/site-packages:home/dongju/raisimLib/install/lib /usr/local/bin/cmake --build /home/dongju/camel-amr-projects/build/amr-main-pkg -- -j10 -l10
[0.019s] -- Found ament_cmake: 0.9.12 (/opt/ros/foxy/share/ament_cmake/cmake)
[0.036s] -- Using PYTHON_EXECUTABLE: /usr/bin/python3
[0.179s] -- Found amr_msg_interfaces: 0.6.0 (/home/dongju/camel-amr-projects/install/amr_msg_interfaces/share/amr_msg_interfaces/cmake)
[0.195s] -- Using all available rosidl_typesupport_c: rosidl_typesupport_fastrtps_c;rosidl_typesupport_introspection_c
[0.197s] -- Found rosidl_adapter: 1.3.1 (/opt/ros/foxy/share/rosidl_adapter/cmake)
[0.286s] -- Using all available rosidl_typesupport_cpp: rosidl_typesupport_fastrtps_cpp;rosidl_typesupport_introspection_cpp
[0.315s] -- Found rclcpp: 2.4.3 (/opt/ros/foxy/share/rclcpp/cmake)
[0.341s] -- Found rmw_implementation_cmake: 1.0.4 (/opt/ros/foxy/share/rmw_implementation_cmake/cmake)
[0.342s] -- Using RMW implementation 'rmw_fastrtps_cpp' as default
[0.441s] -- Found sensor_msgs: 2.0.5 (/opt/ros/foxy/share/sensor_msgs/cmake)
[0.521s] -- Found nav_msgs: 2.0.5 (/opt/ros/foxy/share/nav_msgs/cmake)
[0.582s] -- Found ament_lint_auto: 0.9.8 (/opt/ros/foxy/share/ament_lint_auto/cmake)
[0.633s] -- Found ament_cmake_gtest: 0.9.12 (/opt/ros/foxy/share/ament_cmake_gtest/cmake)
[0.636s] -- Added test 'copyright' to check source files copyright and LICENSE
[0.639s] -- Added test 'cppcheck' to perform static code analysis on C / C++ code
[0.641s] -- Configured cppcheck include dirs: /home/dongju/camel-amr-projects/src/amr-main-pkg/include
[0.641s] -- Configured cppcheck exclude dirs and/or files: 
[0.643s] -- Added test 'cpplint' to check C / C++ code against the Google style
[0.643s] -- Configured cpplint exclude dirs and/or files: 
[0.644s] -- Added test 'lint_cmake' to check CMake code style
[0.646s] -- Added test 'uncrustify' to check C / C++ code style
[0.646s] -- Configured uncrustify additional arguments: 
[0.647s] -- Added test 'xmllint' to check XML markup files
[0.648s] -- Configuring done (0.6s)
[0.709s] -- Generating done (0.0s)
[0.712s] -- Build files have been written to: /home/dongju/camel-amr-projects/build/amr-main-pkg
[0.729s] [ 16%] [34m[1mAutomatic MOC and UIC for target clusteringDynamicObs_lib[0m
[0.729s] [ 16%] [34m[1mAutomatic MOC and UIC for target obsDetection_lib[0m
[0.729s] [ 16%] [34m[1mAutomatic MOC and UIC for target astar_lib[0m
[0.735s] [ 16%] Built target obsDetection_lib_autogen
[0.735s] [ 16%] Built target clusteringDynamicObs_lib_autogen
[0.735s] [ 16%] Built target astar_lib_autogen
[0.745s] [ 33%] Built target clusteringDynamicObs_lib
[0.745s] [ 55%] Built target obsDetection_lib
[0.753s] [ 72%] Built target astar_lib
[0.759s] [ 77%] [34m[1mAutomatic MOC and UIC for target simulmain[0m
[0.765s] [ 77%] Built target simulmain_autogen
[0.791s] [ 83%] [32mBuilding CXX object CMakeFiles/simulmain.dir/simulmain_autogen/mocs_compilation.cpp.o[0m
[0.791s] [ 88%] [32mBuilding CXX object CMakeFiles/simulmain.dir/src/simulmain/simul_main.cpp.o[0m
[0.792s] [ 94%] [32mBuilding CXX object CMakeFiles/simulmain.dir/src/Amr_UI/mainwindow.cpp.o[0m
[3.196s] [01m[K/home/dongju/camel-amr-projects/src/amr-main-pkg/src/simulmain/simul_main.cpp:[m[K In member function ‘[01m[Kvoid ParkingNode::sub_callback(sensor_msgs::msg::LaserScan_<std::allocator<void> >::SharedPtr)[m[K’:
[3.196s] [01m[K/home/dongju/camel-amr-projects/src/amr-main-pkg/src/simulmain/simul_main.cpp:59:22:[m[K [01;35m[Kwarning: [m[Kcomparison of integer expressions of different signedness: ‘[01m[Kint[m[K’ and ‘[01m[Kstd::vector<std::pair<int, int> >::size_type[m[K’ {aka ‘[01m[Klong unsigned int[m[K’} [[01;35m[K-Wsign-compare[m[K]
[3.197s]    59 |     for(int i = 0; [01;35m[Ki < PATH.size()[m[K; i++){
[3.197s]       |                    [01;35m[K~~^~~~~~~~~~~~~[m[K
[3.202s] [01m[K/home/dongju/camel-amr-projects/src/amr-main-pkg/src/simulmain/simul_main.cpp:92:31:[m[K [01;35m[Kwarning: [m[Kcomparison of integer expressions of different signedness: ‘[01m[Kint[m[K’ and ‘[01m[Kstd::vector<std::pair<int, int> >::size_type[m[K’ {aka ‘[01m[Klong unsigned int[m[K’} [[01;35m[K-Wsign-compare[m[K]
[3.202s]    92 |             for (int i = 0; [01;35m[Ki < P_C.SafeLocation.size()[m[K; i++) {
[3.202s]       |                             [01;35m[K~~^~~~~~~~~~~~~~~~~~~~~~~~~[m[K
[7.586s] [100%] [32m[1mLinking CXX executable simulmain[0m
[8.289s] [100%] Built target simulmain
[8.292s] Invoked command in '/home/dongju/camel-amr-projects/build/amr-main-pkg' returned '0': AMENT_PREFIX_PATH=/home/dongju/camel-amr-projects/install/amr_msg_interfaces:${AMENT_PREFIX_PATH} CMAKE_PREFIX_PATH=/home/dongju/camel-amr-projects/install/amr_msg_interfaces:/opt/ros/foxy LD_LIBRARY_PATH=/home/dongju/camel-amr-projects/install/amr_msg_interfaces/lib:/usr/lib/x86_64-linux-gnu/gazebo-11/plugins:/opt/ros/foxy/opt/yaml_cpp_vendor/lib:/opt/ros/foxy/opt/rviz_ogre_vendor/lib:/opt/ros/foxy/lib/x86_64-linux-gnu:/opt/ros/foxy/lib:home/dongju/raisimLib/install/lib PYTHONPATH=/home/dongju/camel-amr-projects/install/amr_msg_interfaces/lib/python3.8/site-packages:/opt/ros/foxy/lib/python3.8/site-packages:home/dongju/raisimLib/install/lib /usr/local/bin/cmake --build /home/dongju/camel-amr-projects/build/amr-main-pkg -- -j10 -l10
[8.315s] Invoking command in '/home/dongju/camel-amr-projects/build/amr-main-pkg': AMENT_PREFIX_PATH=/home/dongju/camel-amr-projects/install/amr_msg_interfaces:${AMENT_PREFIX_PATH} CMAKE_PREFIX_PATH=/home/dongju/camel-amr-projects/install/amr_msg_interfaces:/opt/ros/foxy LD_LIBRARY_PATH=/home/dongju/camel-amr-projects/install/amr_msg_interfaces/lib:/usr/lib/x86_64-linux-gnu/gazebo-11/plugins:/opt/ros/foxy/opt/yaml_cpp_vendor/lib:/opt/ros/foxy/opt/rviz_ogre_vendor/lib:/opt/ros/foxy/lib/x86_64-linux-gnu:/opt/ros/foxy/lib:home/dongju/raisimLib/install/lib PYTHONPATH=/home/dongju/camel-amr-projects/install/amr_msg_interfaces/lib/python3.8/site-packages:/opt/ros/foxy/lib/python3.8/site-packages:home/dongju/raisimLib/install/lib /usr/local/bin/cmake --install /home/dongju/camel-amr-projects/build/amr-main-pkg
[8.317s] -- Install configuration: ""
[8.317s] -- Up-to-date: /home/dongju/camel-amr-projects/install/amr-main-pkg/include
[8.318s] -- Up-to-date: /home/dongju/camel-amr-projects/install/amr-main-pkg/include/ObsDetection
[8.318s] -- Up-to-date: /home/dongju/camel-amr-projects/install/amr-main-pkg/include/ObsDetection/ObsDetection.hpp
[8.318s] -- Up-to-date: /home/dongju/camel-amr-projects/install/amr-main-pkg/include/ObsDetection/PathChanger.hpp
[8.318s] -- Up-to-date: /home/dongju/camel-amr-projects/install/amr-main-pkg/include/astar
[8.318s] -- Up-to-date: /home/dongju/camel-amr-projects/install/amr-main-pkg/include/astar/Astar.hpp
[8.318s] -- Up-to-date: /home/dongju/camel-amr-projects/install/amr-main-pkg/include/Variables
[8.318s] -- Up-to-date: /home/dongju/camel-amr-projects/install/amr-main-pkg/include/Variables/Variable.hpp
[8.318s] -- Up-to-date: /home/dongju/camel-amr-projects/install/amr-main-pkg/include/Variables/mapinfo.hpp
[8.318s] -- Up-to-date: /home/dongju/camel-amr-projects/install/amr-main-pkg/include/Variables/SharedMemory.h
[8.318s] -- Up-to-date: /home/dongju/camel-amr-projects/install/amr-main-pkg/include/ClusteringDynamicObs
[8.318s] -- Up-to-date: /home/dongju/camel-amr-projects/install/amr-main-pkg/include/ClusteringDynamicObs/ClusteringDynamicObs.hpp
[8.318s] -- Up-to-date: /home/dongju/camel-amr-projects/install/amr-main-pkg/include/simulmain
[8.318s] -- Installing: /home/dongju/camel-amr-projects/install/amr-main-pkg/include/simulmain/simul_main.hpp
[8.318s] -- Up-to-date: /home/dongju/camel-amr-projects/install/amr-main-pkg/lib/libastar_lib.a
[8.318s] -- Up-to-date: /home/dongju/camel-amr-projects/install/amr-main-pkg/lib/libobsDetection_lib.a
[8.318s] -- Up-to-date: /home/dongju/camel-amr-projects/install/amr-main-pkg/lib/libclusteringDynamicObs_lib.a
[8.318s] -- Installing: /home/dongju/camel-amr-projects/install/amr-main-pkg/lib/amr-main-pkg/simulmain
[8.322s] -- Set runtime path of "/home/dongju/camel-amr-projects/install/amr-main-pkg/lib/amr-main-pkg/simulmain" to ""
[8.322s] -- Up-to-date: /home/dongju/camel-amr-projects/install/amr-main-pkg/share/amr-main-pkg/launch
[8.322s] -- Up-to-date: /home/dongju/camel-amr-projects/install/amr-main-pkg/share/amr-main-pkg/launch/t
[8.322s] -- Up-to-date: /home/dongju/camel-amr-projects/install/amr-main-pkg/share/amr-main-pkg/param
[8.322s] -- Up-to-date: /home/dongju/camel-amr-projects/install/amr-main-pkg/share/amr-main-pkg/param/amr_config.yaml
[8.322s] -- Up-to-date: /home/dongju/camel-amr-projects/install/amr-main-pkg/share/ament_index/resource_index/package_run_dependencies/amr-main-pkg
[8.322s] -- Installing: /home/dongju/camel-amr-projects/install/amr-main-pkg/share/ament_index/resource_index/parent_prefix_path/amr-main-pkg
[8.322s] -- Up-to-date: /home/dongju/camel-amr-projects/install/amr-main-pkg/share/amr-main-pkg/environment/ament_prefix_path.sh
[8.322s] -- Installing: /home/dongju/camel-amr-projects/install/amr-main-pkg/share/amr-main-pkg/environment/ament_prefix_path.dsv
[8.322s] -- Up-to-date: /home/dongju/camel-amr-projects/install/amr-main-pkg/share/amr-main-pkg/environment/path.sh
[8.323s] -- Installing: /home/dongju/camel-amr-projects/install/amr-main-pkg/share/amr-main-pkg/environment/path.dsv
[8.323s] -- Up-to-date: /home/dongju/camel-amr-projects/install/amr-main-pkg/share/amr-main-pkg/local_setup.bash
[8.323s] -- Up-to-date: /home/dongju/camel-amr-projects/install/amr-main-pkg/share/amr-main-pkg/local_setup.sh
[8.323s] -- Up-to-date: /home/dongju/camel-amr-projects/install/amr-main-pkg/share/amr-main-pkg/local_setup.zsh
[8.323s] -- Installing: /home/dongju/camel-amr-projects/install/amr-main-pkg/share/amr-main-pkg/local_setup.dsv
[8.323s] -- Installing: /home/dongju/camel-amr-projects/install/amr-main-pkg/share/amr-main-pkg/package.dsv
[8.323s] -- Up-to-date: /home/dongju/camel-amr-projects/install/amr-main-pkg/share/ament_index/resource_index/packages/amr-main-pkg
[8.325s] -- Up-to-date: /home/dongju/camel-amr-projects/install/amr-main-pkg/share/amr-main-pkg/cmake/amr-main-pkgConfig.cmake
[8.326s] -- Up-to-date: /home/dongju/camel-amr-projects/install/amr-main-pkg/share/amr-main-pkg/cmake/amr-main-pkgConfig-version.cmake
[8.326s] -- Up-to-date: /home/dongju/camel-amr-projects/install/amr-main-pkg/share/amr-main-pkg/package.xml
[8.326s] Invoked command in '/home/dongju/camel-amr-projects/build/amr-main-pkg' returned '0': AMENT_PREFIX_PATH=/home/dongju/camel-amr-projects/install/amr_msg_interfaces:${AMENT_PREFIX_PATH} CMAKE_PREFIX_PATH=/home/dongju/camel-amr-projects/install/amr_msg_interfaces:/opt/ros/foxy LD_LIBRARY_PATH=/home/dongju/camel-amr-projects/install/amr_msg_interfaces/lib:/usr/lib/x86_64-linux-gnu/gazebo-11/plugins:/opt/ros/foxy/opt/yaml_cpp_vendor/lib:/opt/ros/foxy/opt/rviz_ogre_vendor/lib:/opt/ros/foxy/lib/x86_64-linux-gnu:/opt/ros/foxy/lib:home/dongju/raisimLib/install/lib PYTHONPATH=/home/dongju/camel-amr-projects/install/amr_msg_interfaces/lib/python3.8/site-packages:/opt/ros/foxy/lib/python3.8/site-packages:home/dongju/raisimLib/install/lib /usr/local/bin/cmake --install /home/dongju/camel-amr-projects/build/amr-main-pkg
