[0.017s] Invoking command in '/home/sangjun/camel-amr-projects-V1/build/amr-obstacle-pkg': /usr/local/bin/cmake --build /home/sangjun/camel-amr-projects-V1/build/amr-obstacle-pkg -- -j6 -l6
[0.042s] [ 50%] Built target operate_dynamic_obstacle_node
[0.043s] [100%] Built target spawn_dynamic_obstacle_node
[0.046s] Invoked command in '/home/sangjun/camel-amr-projects-V1/build/amr-obstacle-pkg' returned '0': /usr/local/bin/cmake --build /home/sangjun/camel-amr-projects-V1/build/amr-obstacle-pkg -- -j6 -l6
[0.075s] Invoking command in '/home/sangjun/camel-amr-projects-V1/build/amr-obstacle-pkg': /usr/local/bin/cmake --install /home/sangjun/camel-amr-projects-V1/build/amr-obstacle-pkg
[0.078s] -- Install configuration: ""
[0.078s] -- Execute custom install script
[0.078s] -- Up-to-date symlink: /home/sangjun/camel-amr-projects-V1/install/amr-obstacle-pkg/lib/amr-obstacle-pkg/operate_dynamic_obstacle_node
[0.079s] -- Up-to-date symlink: /home/sangjun/camel-amr-projects-V1/install/amr-obstacle-pkg/lib/amr-obstacle-pkg/spawn_dynamic_obstacle_node
[0.079s] -- Up-to-date symlink: /home/sangjun/camel-amr-projects-V1/install/amr-obstacle-pkg/share/amr-obstacle-pkg/launch/dynamic_obstacle.launch.py
[0.079s] -- Up-to-date symlink: /home/sangjun/camel-amr-projects-V1/install/amr-obstacle-pkg/share/ament_index/resource_index/package_run_dependencies/amr-obstacle-pkg
[0.079s] -- Up-to-date symlink: /home/sangjun/camel-amr-projects-V1/install/amr-obstacle-pkg/share/ament_index/resource_index/parent_prefix_path/amr-obstacle-pkg
[0.080s] -- Up-to-date symlink: /home/sangjun/camel-amr-projects-V1/install/amr-obstacle-pkg/share/amr-obstacle-pkg/environment/ament_prefix_path.sh
[0.081s] -- Up-to-date symlink: /home/sangjun/camel-amr-projects-V1/install/amr-obstacle-pkg/share/amr-obstacle-pkg/environment/ament_prefix_path.dsv
[0.082s] -- Up-to-date symlink: /home/sangjun/camel-amr-projects-V1/install/amr-obstacle-pkg/share/amr-obstacle-pkg/environment/path.sh
[0.085s] -- Up-to-date symlink: /home/sangjun/camel-amr-projects-V1/install/amr-obstacle-pkg/share/amr-obstacle-pkg/environment/path.dsv
[0.088s] -- Up-to-date symlink: /home/sangjun/camel-amr-projects-V1/install/amr-obstacle-pkg/share/amr-obstacle-pkg/local_setup.bash
[0.088s] -- Up-to-date symlink: /home/sangjun/camel-amr-projects-V1/install/amr-obstacle-pkg/share/amr-obstacle-pkg/local_setup.sh
[0.088s] -- Up-to-date symlink: /home/sangjun/camel-amr-projects-V1/install/amr-obstacle-pkg/share/amr-obstacle-pkg/local_setup.zsh
[0.088s] -- Up-to-date symlink: /home/sangjun/camel-amr-projects-V1/install/amr-obstacle-pkg/share/amr-obstacle-pkg/local_setup.dsv
[0.088s] -- Symlinking: /home/sangjun/camel-amr-projects-V1/install/amr-obstacle-pkg/share/amr-obstacle-pkg/package.dsv
[0.088s] -- Up-to-date symlink: /home/sangjun/camel-amr-projects-V1/install/amr-obstacle-pkg/share/ament_index/resource_index/packages/amr-obstacle-pkg
[0.088s] -- Up-to-date symlink: /home/sangjun/camel-amr-projects-V1/install/amr-obstacle-pkg/share/amr-obstacle-pkg/cmake/amr-obstacle-pkgConfig.cmake
[0.088s] -- Up-to-date symlink: /home/sangjun/camel-amr-projects-V1/install/amr-obstacle-pkg/share/amr-obstacle-pkg/cmake/amr-obstacle-pkgConfig-version.cmake
[0.088s] -- Up-to-date symlink: /home/sangjun/camel-amr-projects-V1/install/amr-obstacle-pkg/share/amr-obstacle-pkg/package.xml
[0.098s] Invoked command in '/home/sangjun/camel-amr-projects-V1/build/amr-obstacle-pkg' returned '0': /usr/local/bin/cmake --install /home/sangjun/camel-amr-projects-V1/build/amr-obstacle-pkg
