[0.013s] Invoking command in '/home/sangjun/camel-amr-projects-UI/build/amr-main-pkg': CMAKE_PREFIX_PATH=/home/sangjun/camel-amr-projects-UI/install/amr_msg_interfaces:/home/sangjun/camel-amr-projects-UI/install/amr-main-pkg:/home/sangjun/camel-amr-projects-UI/install/amr-obstacle-pkg:/home/sangjun/camel-amr-projects-UI/install/amr-gazebo-pkg:/opt/ros/foxy:/home/sangjun/catkin_ws/devel:/opt/ros/noetic /usr/local/bin/cmake --build /home/sangjun/camel-amr-projects-UI/build/amr-main-pkg -- -j6 -l6
[0.035s] [  3%] [34m[1mAutomatic MOC and UIC for target astar_lib[0m
[0.037s] [  7%] [34m[1mAutomatic MOC and UIC for target dynamicObstacle_lib[0m
[0.038s] [ 11%] [34m[1mAutomatic MOC and UIC for target visualize_lib[0m
[0.040s] [ 15%] [34m[1mAutomatic MOC and UIC for target obsDetection_lib[0m
[0.040s] [ 19%] [34m[1mAutomatic MOC and UIC for target clusteringDynamicObs_lib[0m
[0.048s] [ 19%] Built target dynamicObstacle_lib_autogen
[0.048s] [ 19%] Built target astar_lib_autogen
[0.048s] [ 19%] Built target obsDetection_lib_autogen
[0.048s] [ 19%] Built target clusteringDynamicObs_lib_autogen
[0.051s] [ 19%] Built target visualize_lib_autogen
[0.055s] [ 30%] Built target astar_lib
[0.055s] [ 42%] Built target obsDetection_lib
[0.055s] [ 53%] Built target dynamicObstacle_lib
[0.059s] [ 65%] Built target visualize_lib
[0.060s] [ 76%] Built target clusteringDynamicObs_lib
[0.065s] [ 80%] [34m[1mAutomatic MOC and UIC for target simulmain[0m
[0.073s] [ 80%] Built target simulmain_autogen
[0.082s] [35m[1mConsolidate compiler generated dependencies of target simulmain[0m
[0.097s] [ 84%] [32mBuilding CXX object CMakeFiles/simulmain.dir/src/simulmain/mainwindow.cpp.o[0m
[0.819s] [ 88%] [32m[1mLinking CXX executable simulmain[0m
[1.463s] [100%] Built target simulmain
[1.468s] Invoked command in '/home/sangjun/camel-amr-projects-UI/build/amr-main-pkg' returned '0': CMAKE_PREFIX_PATH=/home/sangjun/camel-amr-projects-UI/install/amr_msg_interfaces:/home/sangjun/camel-amr-projects-UI/install/amr-main-pkg:/home/sangjun/camel-amr-projects-UI/install/amr-obstacle-pkg:/home/sangjun/camel-amr-projects-UI/install/amr-gazebo-pkg:/opt/ros/foxy:/home/sangjun/catkin_ws/devel:/opt/ros/noetic /usr/local/bin/cmake --build /home/sangjun/camel-amr-projects-UI/build/amr-main-pkg -- -j6 -l6
[1.507s] Invoking command in '/home/sangjun/camel-amr-projects-UI/build/amr-main-pkg': CMAKE_PREFIX_PATH=/home/sangjun/camel-amr-projects-UI/install/amr_msg_interfaces:/home/sangjun/camel-amr-projects-UI/install/amr-main-pkg:/home/sangjun/camel-amr-projects-UI/install/amr-obstacle-pkg:/home/sangjun/camel-amr-projects-UI/install/amr-gazebo-pkg:/opt/ros/foxy:/home/sangjun/catkin_ws/devel:/opt/ros/noetic /usr/local/bin/cmake --install /home/sangjun/camel-amr-projects-UI/build/amr-main-pkg
[1.509s] -- Install configuration: ""
[1.510s] -- Execute custom install script
[1.510s] -- Up-to-date symlink: /home/sangjun/camel-amr-projects-UI/install/amr-main-pkg/include/ClusteringDynamicObs/ClusteringDynamicObs.hpp
[1.510s] -- Up-to-date symlink: /home/sangjun/camel-amr-projects-UI/install/amr-main-pkg/include/DynamicObstacle/DynamicObstacle.hpp
[1.510s] -- Up-to-date symlink: /home/sangjun/camel-amr-projects-UI/install/amr-main-pkg/include/ObsDetection/ObsDetection.hpp
[1.511s] -- Up-to-date symlink: /home/sangjun/camel-amr-projects-UI/install/amr-main-pkg/include/Variables/Variable.hpp
[1.511s] -- Up-to-date symlink: /home/sangjun/camel-amr-projects-UI/install/amr-main-pkg/include/Variables/mapinfo.hpp
[1.511s] -- Up-to-date symlink: /home/sangjun/camel-amr-projects-UI/install/amr-main-pkg/include/Visualize/Map_In_Out.hpp
[1.511s] -- Up-to-date symlink: /home/sangjun/camel-amr-projects-UI/install/amr-main-pkg/include/astar/Astar.hpp
[1.511s] -- Up-to-date symlink: /home/sangjun/camel-amr-projects-UI/install/amr-main-pkg/include/simulmain/simul_main.hpp
[1.511s] -- Up-to-date symlink: /home/sangjun/camel-amr-projects-UI/install/amr-main-pkg/lib/libastar_lib.a
[1.511s] -- Up-to-date symlink: /home/sangjun/camel-amr-projects-UI/install/amr-main-pkg/lib/libvisualize_lib.a
[1.511s] -- Up-to-date symlink: /home/sangjun/camel-amr-projects-UI/install/amr-main-pkg/lib/libdynamicObstacle_lib.a
[1.511s] -- Up-to-date symlink: /home/sangjun/camel-amr-projects-UI/install/amr-main-pkg/lib/libobsDetection_lib.a
[1.511s] -- Up-to-date symlink: /home/sangjun/camel-amr-projects-UI/install/amr-main-pkg/lib/libclusteringDynamicObs_lib.a
[1.512s] -- Up-to-date symlink: /home/sangjun/camel-amr-projects-UI/install/amr-main-pkg/lib/amr-main-pkg/simulmain
[1.512s] -- Up-to-date symlink: /home/sangjun/camel-amr-projects-UI/install/amr-main-pkg/share/amr-main-pkg/launch/t
[1.512s] -- Up-to-date symlink: /home/sangjun/camel-amr-projects-UI/install/amr-main-pkg/share/amr-main-pkg/param/amr_config.yaml
[1.512s] -- Up-to-date symlink: /home/sangjun/camel-amr-projects-UI/install/amr-main-pkg/share/ament_index/resource_index/package_run_dependencies/amr-main-pkg
[1.512s] -- Up-to-date symlink: /home/sangjun/camel-amr-projects-UI/install/amr-main-pkg/share/ament_index/resource_index/parent_prefix_path/amr-main-pkg
[1.512s] -- Up-to-date symlink: /home/sangjun/camel-amr-projects-UI/install/amr-main-pkg/share/amr-main-pkg/environment/ament_prefix_path.sh
[1.512s] -- Up-to-date symlink: /home/sangjun/camel-amr-projects-UI/install/amr-main-pkg/share/amr-main-pkg/environment/ament_prefix_path.dsv
[1.513s] -- Up-to-date symlink: /home/sangjun/camel-amr-projects-UI/install/amr-main-pkg/share/amr-main-pkg/environment/path.sh
[1.513s] -- Up-to-date symlink: /home/sangjun/camel-amr-projects-UI/install/amr-main-pkg/share/amr-main-pkg/environment/path.dsv
[1.513s] -- Up-to-date symlink: /home/sangjun/camel-amr-projects-UI/install/amr-main-pkg/share/amr-main-pkg/local_setup.bash
[1.513s] -- Up-to-date symlink: /home/sangjun/camel-amr-projects-UI/install/amr-main-pkg/share/amr-main-pkg/local_setup.sh
[1.513s] -- Up-to-date symlink: /home/sangjun/camel-amr-projects-UI/install/amr-main-pkg/share/amr-main-pkg/local_setup.zsh
[1.513s] -- Up-to-date symlink: /home/sangjun/camel-amr-projects-UI/install/amr-main-pkg/share/amr-main-pkg/local_setup.dsv
[1.513s] -- Symlinking: /home/sangjun/camel-amr-projects-UI/install/amr-main-pkg/share/amr-main-pkg/package.dsv
[1.516s] -- Up-to-date symlink: /home/sangjun/camel-amr-projects-UI/install/amr-main-pkg/share/ament_index/resource_index/packages/amr-main-pkg
[1.516s] -- Up-to-date symlink: /home/sangjun/camel-amr-projects-UI/install/amr-main-pkg/share/amr-main-pkg/cmake/amr-main-pkgConfig.cmake
[1.517s] -- Up-to-date symlink: /home/sangjun/camel-amr-projects-UI/install/amr-main-pkg/share/amr-main-pkg/cmake/amr-main-pkgConfig-version.cmake
[1.517s] -- Up-to-date symlink: /home/sangjun/camel-amr-projects-UI/install/amr-main-pkg/share/amr-main-pkg/package.xml
[1.521s] Invoked command in '/home/sangjun/camel-amr-projects-UI/build/amr-main-pkg' returned '0': CMAKE_PREFIX_PATH=/home/sangjun/camel-amr-projects-UI/install/amr_msg_interfaces:/home/sangjun/camel-amr-projects-UI/install/amr-main-pkg:/home/sangjun/camel-amr-projects-UI/install/amr-obstacle-pkg:/home/sangjun/camel-amr-projects-UI/install/amr-gazebo-pkg:/opt/ros/foxy:/home/sangjun/catkin_ws/devel:/opt/ros/noetic /usr/local/bin/cmake --install /home/sangjun/camel-amr-projects-UI/build/amr-main-pkg
