[0.271s] DEBUG:colcon:Command line arguments: ['/usr/bin/colcon', 'build', '--symlink-install']
[0.271s] DEBUG:colcon:Parsed command line arguments: Namespace(allow_overriding=[], ament_cmake_args=None, base_paths=['.'], build_base='build', catkin_cmake_args=None, catkin_skip_building_tests=False, cmake_args=None, cmake_clean_cache=False, cmake_clean_first=False, cmake_force_configure=False, cmake_target=None, cmake_target_skip_unavailable=False, continue_on_error=False, event_handlers=None, executor='parallel', ignore_user_meta=False, install_base='install', log_base=None, log_level=None, main=<bound method BuildVerb.main of <colcon_core.verb.build.BuildVerb object at 0x7f7d9830f280>>, merge_install=False, metas=['./colcon.meta'], packages_above=None, packages_above_and_dependencies=None, packages_above_depth=None, packages_end=None, packages_ignore=None, packages_ignore_regex=None, packages_select=None, packages_select_build_failed=False, packages_select_by_dep=None, packages_select_regex=None, packages_select_test_failures=False, packages_skip=None, packages_skip_build_finished=False, packages_skip_by_dep=None, packages_skip_regex=None, packages_skip_test_passed=False, packages_skip_up_to=None, packages_start=None, packages_up_to=None, packages_up_to_regex=None, parallel_workers=6, paths=None, symlink_install=True, test_result_base=None, verb_extension=<colcon_core.verb.build.BuildVerb object at 0x7f7d9830f280>, verb_name='build', verb_parser=<colcon_defaults.argument_parser.defaults.DefaultArgumentsDecorator object at 0x7f7d9830f7c0>)
[0.292s] Level 1:colcon.colcon_core.package_discovery:discover_packages(colcon_meta) check parameters
[0.292s] Level 1:colcon.colcon_core.package_discovery:discover_packages(recursive) check parameters
[0.292s] Level 1:colcon.colcon_core.package_discovery:discover_packages(ignore) check parameters
[0.292s] Level 1:colcon.colcon_core.package_discovery:discover_packages(path) check parameters
[0.292s] Level 1:colcon.colcon_core.package_discovery:discover_packages(colcon_meta) discover
[0.292s] Level 1:colcon.colcon_core.package_discovery:discover_packages(recursive) discover
[0.292s] INFO:colcon.colcon_core.package_discovery:Crawling recursively for packages in '/home/sangjun/camel-amr-projects-V1'
[0.292s] Level 1:colcon.colcon_core.package_identification:_identify(.) by extensions ['ignore', 'ignore_ament_install']
[0.292s] Level 1:colcon.colcon_core.package_identification:_identify(.) by extension 'ignore'
[0.292s] Level 1:colcon.colcon_core.package_identification:_identify(.) by extension 'ignore_ament_install'
[0.292s] Level 1:colcon.colcon_core.package_identification:_identify(.) by extensions ['colcon_pkg']
[0.292s] Level 1:colcon.colcon_core.package_identification:_identify(.) by extension 'colcon_pkg'
[0.292s] Level 1:colcon.colcon_core.package_identification:_identify(.) by extensions ['colcon_meta']
[0.292s] Level 1:colcon.colcon_core.package_identification:_identify(.) by extension 'colcon_meta'
[0.292s] Level 1:colcon.colcon_core.package_identification:_identify(.) by extensions ['ros']
[0.292s] Level 1:colcon.colcon_core.package_identification:_identify(.) by extension 'ros'
[0.314s] Level 1:colcon.colcon_core.package_identification:_identify(.) by extensions ['cmake', 'python']
[0.314s] Level 1:colcon.colcon_core.package_identification:_identify(.) by extension 'cmake'
[0.314s] Level 1:colcon.colcon_core.package_identification:_identify(.) by extension 'python'
[0.314s] Level 1:colcon.colcon_core.package_identification:_identify(.) by extensions ['python_setup_py']
[0.314s] Level 1:colcon.colcon_core.package_identification:_identify(.) by extension 'python_setup_py'
[0.314s] Level 1:colcon.colcon_core.package_identification:_identify(build) by extensions ['ignore', 'ignore_ament_install']
[0.314s] Level 1:colcon.colcon_core.package_identification:_identify(build) by extension 'ignore'
[0.314s] Level 1:colcon.colcon_core.package_identification:_identify(build) ignored
[0.315s] Level 1:colcon.colcon_core.package_identification:_identify(install) by extensions ['ignore', 'ignore_ament_install']
[0.315s] Level 1:colcon.colcon_core.package_identification:_identify(install) by extension 'ignore'
[0.315s] Level 1:colcon.colcon_core.package_identification:_identify(install) ignored
[0.315s] Level 1:colcon.colcon_core.package_identification:_identify(log) by extensions ['ignore', 'ignore_ament_install']
[0.315s] Level 1:colcon.colcon_core.package_identification:_identify(log) by extension 'ignore'
[0.315s] Level 1:colcon.colcon_core.package_identification:_identify(log) ignored
[0.315s] Level 1:colcon.colcon_core.package_identification:_identify(src) by extensions ['ignore', 'ignore_ament_install']
[0.315s] Level 1:colcon.colcon_core.package_identification:_identify(src) by extension 'ignore'
[0.315s] Level 1:colcon.colcon_core.package_identification:_identify(src) by extension 'ignore_ament_install'
[0.315s] Level 1:colcon.colcon_core.package_identification:_identify(src) by extensions ['colcon_pkg']
[0.315s] Level 1:colcon.colcon_core.package_identification:_identify(src) by extension 'colcon_pkg'
[0.315s] Level 1:colcon.colcon_core.package_identification:_identify(src) by extensions ['colcon_meta']
[0.315s] Level 1:colcon.colcon_core.package_identification:_identify(src) by extension 'colcon_meta'
[0.315s] Level 1:colcon.colcon_core.package_identification:_identify(src) by extensions ['ros']
[0.315s] Level 1:colcon.colcon_core.package_identification:_identify(src) by extension 'ros'
[0.315s] Level 1:colcon.colcon_core.package_identification:_identify(src) by extensions ['cmake', 'python']
[0.315s] Level 1:colcon.colcon_core.package_identification:_identify(src) by extension 'cmake'
[0.316s] Level 1:colcon.colcon_core.package_identification:_identify(src) by extension 'python'
[0.316s] Level 1:colcon.colcon_core.package_identification:_identify(src) by extensions ['python_setup_py']
[0.316s] Level 1:colcon.colcon_core.package_identification:_identify(src) by extension 'python_setup_py'
[0.316s] Level 1:colcon.colcon_core.package_identification:_identify(src/amr-gazebo-pkg) by extensions ['ignore', 'ignore_ament_install']
[0.316s] Level 1:colcon.colcon_core.package_identification:_identify(src/amr-gazebo-pkg) by extension 'ignore'
[0.316s] Level 1:colcon.colcon_core.package_identification:_identify(src/amr-gazebo-pkg) by extension 'ignore_ament_install'
[0.316s] Level 1:colcon.colcon_core.package_identification:_identify(src/amr-gazebo-pkg) by extensions ['colcon_pkg']
[0.316s] Level 1:colcon.colcon_core.package_identification:_identify(src/amr-gazebo-pkg) by extension 'colcon_pkg'
[0.316s] Level 1:colcon.colcon_core.package_identification:_identify(src/amr-gazebo-pkg) by extensions ['colcon_meta']
[0.316s] Level 1:colcon.colcon_core.package_identification:_identify(src/amr-gazebo-pkg) by extension 'colcon_meta'
[0.316s] Level 1:colcon.colcon_core.package_identification:_identify(src/amr-gazebo-pkg) by extensions ['ros']
[0.316s] Level 1:colcon.colcon_core.package_identification:_identify(src/amr-gazebo-pkg) by extension 'ros'
[0.318s] DEBUG:colcon.colcon_core.package_identification:Package 'src/amr-gazebo-pkg' with type 'ros.ament_cmake' and name 'amr-gazebo-pkg'
[0.318s] Level 1:colcon.colcon_core.package_identification:_identify(src/amr-main-pkg) by extensions ['ignore', 'ignore_ament_install']
[0.318s] Level 1:colcon.colcon_core.package_identification:_identify(src/amr-main-pkg) by extension 'ignore'
[0.319s] Level 1:colcon.colcon_core.package_identification:_identify(src/amr-main-pkg) by extension 'ignore_ament_install'
[0.319s] Level 1:colcon.colcon_core.package_identification:_identify(src/amr-main-pkg) by extensions ['colcon_pkg']
[0.319s] Level 1:colcon.colcon_core.package_identification:_identify(src/amr-main-pkg) by extension 'colcon_pkg'
[0.319s] Level 1:colcon.colcon_core.package_identification:_identify(src/amr-main-pkg) by extensions ['colcon_meta']
[0.319s] Level 1:colcon.colcon_core.package_identification:_identify(src/amr-main-pkg) by extension 'colcon_meta'
[0.319s] Level 1:colcon.colcon_core.package_identification:_identify(src/amr-main-pkg) by extensions ['ros']
[0.319s] Level 1:colcon.colcon_core.package_identification:_identify(src/amr-main-pkg) by extension 'ros'
[0.319s] DEBUG:colcon.colcon_core.package_identification:Package 'src/amr-main-pkg' with type 'ros.ament_cmake' and name 'amr-main-pkg'
[0.320s] Level 1:colcon.colcon_core.package_identification:_identify(src/amr-obstacle-pkg) by extensions ['ignore', 'ignore_ament_install']
[0.320s] Level 1:colcon.colcon_core.package_identification:_identify(src/amr-obstacle-pkg) by extension 'ignore'
[0.320s] Level 1:colcon.colcon_core.package_identification:_identify(src/amr-obstacle-pkg) by extension 'ignore_ament_install'
[0.320s] Level 1:colcon.colcon_core.package_identification:_identify(src/amr-obstacle-pkg) by extensions ['colcon_pkg']
[0.320s] Level 1:colcon.colcon_core.package_identification:_identify(src/amr-obstacle-pkg) by extension 'colcon_pkg'
[0.320s] Level 1:colcon.colcon_core.package_identification:_identify(src/amr-obstacle-pkg) by extensions ['colcon_meta']
[0.320s] Level 1:colcon.colcon_core.package_identification:_identify(src/amr-obstacle-pkg) by extension 'colcon_meta'
[0.320s] Level 1:colcon.colcon_core.package_identification:_identify(src/amr-obstacle-pkg) by extensions ['ros']
[0.320s] Level 1:colcon.colcon_core.package_identification:_identify(src/amr-obstacle-pkg) by extension 'ros'
[0.321s] DEBUG:colcon.colcon_core.package_identification:Package 'src/amr-obstacle-pkg' with type 'ros.ament_cmake' and name 'amr-obstacle-pkg'
[0.321s] Level 1:colcon.colcon_core.package_identification:_identify(src/amr_msg_interfaces) by extensions ['ignore', 'ignore_ament_install']
[0.321s] Level 1:colcon.colcon_core.package_identification:_identify(src/amr_msg_interfaces) by extension 'ignore'
[0.321s] Level 1:colcon.colcon_core.package_identification:_identify(src/amr_msg_interfaces) by extension 'ignore_ament_install'
[0.321s] Level 1:colcon.colcon_core.package_identification:_identify(src/amr_msg_interfaces) by extensions ['colcon_pkg']
[0.321s] Level 1:colcon.colcon_core.package_identification:_identify(src/amr_msg_interfaces) by extension 'colcon_pkg'
[0.321s] Level 1:colcon.colcon_core.package_identification:_identify(src/amr_msg_interfaces) by extensions ['colcon_meta']
[0.321s] Level 1:colcon.colcon_core.package_identification:_identify(src/amr_msg_interfaces) by extension 'colcon_meta'
[0.321s] Level 1:colcon.colcon_core.package_identification:_identify(src/amr_msg_interfaces) by extensions ['ros']
[0.321s] Level 1:colcon.colcon_core.package_identification:_identify(src/amr_msg_interfaces) by extension 'ros'
[0.321s] DEBUG:colcon.colcon_core.package_identification:Package 'src/amr_msg_interfaces' with type 'ros.ament_cmake' and name 'amr_msg_interfaces'
[0.321s] Level 1:colcon.colcon_core.package_discovery:discover_packages(recursive) using defaults
[0.321s] Level 1:colcon.colcon_core.package_discovery:discover_packages(ignore) discover
[0.321s] Level 1:colcon.colcon_core.package_discovery:discover_packages(ignore) using defaults
[0.321s] Level 1:colcon.colcon_core.package_discovery:discover_packages(path) discover
[0.321s] Level 1:colcon.colcon_core.package_discovery:discover_packages(path) using defaults
[0.342s] Level 1:colcon.colcon_core.package_discovery:discover_packages(prefix_path) check parameters
[0.342s] Level 1:colcon.colcon_core.package_discovery:discover_packages(prefix_path) discover
[0.345s] DEBUG:colcon.colcon_installed_package_information.package_discovery:Found 4 installed packages in /home/sangjun/camel-amr-projects-V1/install
[0.347s] DEBUG:colcon.colcon_installed_package_information.package_discovery:Found 344 installed packages in /opt/ros/foxy
[0.351s] Level 1:colcon.colcon_core.package_discovery:discover_packages(prefix_path) using defaults
[0.432s] Level 5:colcon.colcon_core.verb:set package 'amr-gazebo-pkg' build argument 'cmake_args' from command line to 'None'
[0.432s] Level 5:colcon.colcon_core.verb:set package 'amr-gazebo-pkg' build argument 'cmake_target' from command line to 'None'
[0.432s] Level 5:colcon.colcon_core.verb:set package 'amr-gazebo-pkg' build argument 'cmake_target_skip_unavailable' from command line to 'False'
[0.432s] Level 5:colcon.colcon_core.verb:set package 'amr-gazebo-pkg' build argument 'cmake_clean_cache' from command line to 'False'
[0.432s] Level 5:colcon.colcon_core.verb:set package 'amr-gazebo-pkg' build argument 'cmake_clean_first' from command line to 'False'
[0.432s] Level 5:colcon.colcon_core.verb:set package 'amr-gazebo-pkg' build argument 'cmake_force_configure' from command line to 'False'
[0.432s] Level 5:colcon.colcon_core.verb:set package 'amr-gazebo-pkg' build argument 'ament_cmake_args' from command line to 'None'
[0.432s] Level 5:colcon.colcon_core.verb:set package 'amr-gazebo-pkg' build argument 'catkin_cmake_args' from command line to 'None'
[0.432s] Level 5:colcon.colcon_core.verb:set package 'amr-gazebo-pkg' build argument 'catkin_skip_building_tests' from command line to 'False'
[0.432s] DEBUG:colcon.colcon_core.verb:Building package 'amr-gazebo-pkg' with the following arguments: {'ament_cmake_args': None, 'build_base': '/home/sangjun/camel-amr-projects-V1/build/amr-gazebo-pkg', 'catkin_cmake_args': None, 'catkin_skip_building_tests': False, 'cmake_args': None, 'cmake_clean_cache': False, 'cmake_clean_first': False, 'cmake_force_configure': False, 'cmake_target': None, 'cmake_target_skip_unavailable': False, 'install_base': '/home/sangjun/camel-amr-projects-V1/install/amr-gazebo-pkg', 'merge_install': False, 'path': '/home/sangjun/camel-amr-projects-V1/src/amr-gazebo-pkg', 'symlink_install': True, 'test_result_base': None}
[0.433s] Level 5:colcon.colcon_core.verb:set package 'amr-obstacle-pkg' build argument 'cmake_args' from command line to 'None'
[0.433s] Level 5:colcon.colcon_core.verb:set package 'amr-obstacle-pkg' build argument 'cmake_target' from command line to 'None'
[0.433s] Level 5:colcon.colcon_core.verb:set package 'amr-obstacle-pkg' build argument 'cmake_target_skip_unavailable' from command line to 'False'
[0.433s] Level 5:colcon.colcon_core.verb:set package 'amr-obstacle-pkg' build argument 'cmake_clean_cache' from command line to 'False'
[0.433s] Level 5:colcon.colcon_core.verb:set package 'amr-obstacle-pkg' build argument 'cmake_clean_first' from command line to 'False'
[0.433s] Level 5:colcon.colcon_core.verb:set package 'amr-obstacle-pkg' build argument 'cmake_force_configure' from command line to 'False'
[0.433s] Level 5:colcon.colcon_core.verb:set package 'amr-obstacle-pkg' build argument 'ament_cmake_args' from command line to 'None'
[0.433s] Level 5:colcon.colcon_core.verb:set package 'amr-obstacle-pkg' build argument 'catkin_cmake_args' from command line to 'None'
[0.433s] Level 5:colcon.colcon_core.verb:set package 'amr-obstacle-pkg' build argument 'catkin_skip_building_tests' from command line to 'False'
[0.433s] DEBUG:colcon.colcon_core.verb:Building package 'amr-obstacle-pkg' with the following arguments: {'ament_cmake_args': None, 'build_base': '/home/sangjun/camel-amr-projects-V1/build/amr-obstacle-pkg', 'catkin_cmake_args': None, 'catkin_skip_building_tests': False, 'cmake_args': None, 'cmake_clean_cache': False, 'cmake_clean_first': False, 'cmake_force_configure': False, 'cmake_target': None, 'cmake_target_skip_unavailable': False, 'install_base': '/home/sangjun/camel-amr-projects-V1/install/amr-obstacle-pkg', 'merge_install': False, 'path': '/home/sangjun/camel-amr-projects-V1/src/amr-obstacle-pkg', 'symlink_install': True, 'test_result_base': None}
[0.434s] Level 5:colcon.colcon_core.verb:set package 'amr_msg_interfaces' build argument 'cmake_args' from command line to 'None'
[0.434s] Level 5:colcon.colcon_core.verb:set package 'amr_msg_interfaces' build argument 'cmake_target' from command line to 'None'
[0.434s] Level 5:colcon.colcon_core.verb:set package 'amr_msg_interfaces' build argument 'cmake_target_skip_unavailable' from command line to 'False'
[0.434s] Level 5:colcon.colcon_core.verb:set package 'amr_msg_interfaces' build argument 'cmake_clean_cache' from command line to 'False'
[0.434s] Level 5:colcon.colcon_core.verb:set package 'amr_msg_interfaces' build argument 'cmake_clean_first' from command line to 'False'
[0.434s] Level 5:colcon.colcon_core.verb:set package 'amr_msg_interfaces' build argument 'cmake_force_configure' from command line to 'False'
[0.434s] Level 5:colcon.colcon_core.verb:set package 'amr_msg_interfaces' build argument 'ament_cmake_args' from command line to 'None'
[0.434s] Level 5:colcon.colcon_core.verb:set package 'amr_msg_interfaces' build argument 'catkin_cmake_args' from command line to 'None'
[0.434s] Level 5:colcon.colcon_core.verb:set package 'amr_msg_interfaces' build argument 'catkin_skip_building_tests' from command line to 'False'
[0.434s] DEBUG:colcon.colcon_core.verb:Building package 'amr_msg_interfaces' with the following arguments: {'ament_cmake_args': None, 'build_base': '/home/sangjun/camel-amr-projects-V1/build/amr_msg_interfaces', 'catkin_cmake_args': None, 'catkin_skip_building_tests': False, 'cmake_args': None, 'cmake_clean_cache': False, 'cmake_clean_first': False, 'cmake_force_configure': False, 'cmake_target': None, 'cmake_target_skip_unavailable': False, 'install_base': '/home/sangjun/camel-amr-projects-V1/install/amr_msg_interfaces', 'merge_install': False, 'path': '/home/sangjun/camel-amr-projects-V1/src/amr_msg_interfaces', 'symlink_install': True, 'test_result_base': None}
[0.435s] Level 5:colcon.colcon_core.verb:set package 'amr-main-pkg' build argument 'cmake_args' from command line to 'None'
[0.435s] Level 5:colcon.colcon_core.verb:set package 'amr-main-pkg' build argument 'cmake_target' from command line to 'None'
[0.435s] Level 5:colcon.colcon_core.verb:set package 'amr-main-pkg' build argument 'cmake_target_skip_unavailable' from command line to 'False'
[0.435s] Level 5:colcon.colcon_core.verb:set package 'amr-main-pkg' build argument 'cmake_clean_cache' from command line to 'False'
[0.436s] Level 5:colcon.colcon_core.verb:set package 'amr-main-pkg' build argument 'cmake_clean_first' from command line to 'False'
[0.436s] Level 5:colcon.colcon_core.verb:set package 'amr-main-pkg' build argument 'cmake_force_configure' from command line to 'False'
[0.436s] Level 5:colcon.colcon_core.verb:set package 'amr-main-pkg' build argument 'ament_cmake_args' from command line to 'None'
[0.436s] Level 5:colcon.colcon_core.verb:set package 'amr-main-pkg' build argument 'catkin_cmake_args' from command line to 'None'
[0.436s] Level 5:colcon.colcon_core.verb:set package 'amr-main-pkg' build argument 'catkin_skip_building_tests' from command line to 'False'
[0.436s] DEBUG:colcon.colcon_core.verb:Building package 'amr-main-pkg' with the following arguments: {'ament_cmake_args': None, 'build_base': '/home/sangjun/camel-amr-projects-V1/build/amr-main-pkg', 'catkin_cmake_args': None, 'catkin_skip_building_tests': False, 'cmake_args': None, 'cmake_clean_cache': False, 'cmake_clean_first': False, 'cmake_force_configure': False, 'cmake_target': None, 'cmake_target_skip_unavailable': False, 'install_base': '/home/sangjun/camel-amr-projects-V1/install/amr-main-pkg', 'merge_install': False, 'path': '/home/sangjun/camel-amr-projects-V1/src/amr-main-pkg', 'symlink_install': True, 'test_result_base': None}
[0.436s] INFO:colcon.colcon_core.executor:Executing jobs using 'parallel' executor
[0.440s] DEBUG:colcon.colcon_parallel_executor.executor.parallel:run_until_complete
[0.440s] INFO:colcon.colcon_ros.task.ament_cmake.build:Building ROS package in '/home/sangjun/camel-amr-projects-V1/src/amr_msg_interfaces' with build type 'ament_cmake'
[0.440s] INFO:colcon.colcon_cmake.task.cmake.build:Building CMake package in '/home/sangjun/camel-amr-projects-V1/src/amr_msg_interfaces'
[0.444s] INFO:colcon.colcon_core.plugin_system:Skipping extension 'colcon_core.shell.bat': Not used on non-Windows systems
[0.444s] INFO:colcon.colcon_core.shell:Skip shell extension 'powershell' for command environment: Not usable outside of PowerShell
[0.444s] DEBUG:colcon.colcon_core.shell:Skip shell extension 'dsv' for command environment
[0.448s] DEBUG:colcon.colcon_core.shell:Ignoring prefix path '/home/sangjun/catkin_ws/devel'
[0.449s] DEBUG:colcon.colcon_core.shell:Ignoring prefix path '/opt/ros/noetic'
[0.451s] INFO:colcon.colcon_ros.task.ament_cmake.build:Building ROS package in '/home/sangjun/camel-amr-projects-V1/src/amr-gazebo-pkg' with build type 'ament_cmake'
[0.452s] INFO:colcon.colcon_cmake.task.cmake.build:Building CMake package in '/home/sangjun/camel-amr-projects-V1/src/amr-gazebo-pkg'
[0.454s] INFO:colcon.colcon_core.shell:Skip shell extension 'powershell' for command environment: Not usable outside of PowerShell
[0.454s] DEBUG:colcon.colcon_core.shell:Skip shell extension 'dsv' for command environment
[0.460s] DEBUG:colcon.colcon_core.shell:Ignoring prefix path '/home/sangjun/catkin_ws/devel'
[0.461s] DEBUG:colcon.colcon_core.shell:Ignoring prefix path '/opt/ros/noetic'
[0.464s] INFO:colcon.colcon_ros.task.ament_cmake.build:Building ROS package in '/home/sangjun/camel-amr-projects-V1/src/amr-obstacle-pkg' with build type 'ament_cmake'
[0.464s] INFO:colcon.colcon_cmake.task.cmake.build:Building CMake package in '/home/sangjun/camel-amr-projects-V1/src/amr-obstacle-pkg'
[0.466s] INFO:colcon.colcon_core.shell:Skip shell extension 'powershell' for command environment: Not usable outside of PowerShell
[0.466s] DEBUG:colcon.colcon_core.shell:Skip shell extension 'dsv' for command environment
[0.473s] DEBUG:colcon.colcon_core.shell:Ignoring prefix path '/home/sangjun/catkin_ws/devel'
[0.474s] DEBUG:colcon.colcon_core.shell:Ignoring prefix path '/opt/ros/noetic'
[0.482s] DEBUG:colcon.colcon_core.event_handler.log_command:Invoking command in '/home/sangjun/camel-amr-projects-V1/build/amr_msg_interfaces': CMAKE_PREFIX_PATH=/home/sangjun/camel-amr-projects-V1/install/amr-main-pkg:/home/sangjun/camel-amr-projects-V1/install/amr_msg_interfaces:/home/sangjun/camel-amr-projects-V1/install/amr-obstacle-pkg:/home/sangjun/camel-amr-projects-V1/install/amr-gazebo-pkg:/opt/ros/foxy:/home/sangjun/catkin_ws/devel:/opt/ros/noetic /usr/local/bin/cmake --build /home/sangjun/camel-amr-projects-V1/build/amr_msg_interfaces -- -j6 -l6
[0.486s] DEBUG:colcon.colcon_core.event_handler.log_command:Invoking command in '/home/sangjun/camel-amr-projects-V1/build/amr-gazebo-pkg': CMAKE_PREFIX_PATH=/home/sangjun/camel-amr-projects-V1/install/amr-main-pkg:/home/sangjun/camel-amr-projects-V1/install/amr_msg_interfaces:/home/sangjun/camel-amr-projects-V1/install/amr-obstacle-pkg:/home/sangjun/camel-amr-projects-V1/install/amr-gazebo-pkg:/opt/ros/foxy:/home/sangjun/catkin_ws/devel:/opt/ros/noetic /usr/local/bin/cmake --build /home/sangjun/camel-amr-projects-V1/build/amr-gazebo-pkg -- -j6 -l6
[0.497s] DEBUG:colcon.colcon_core.event_handler.log_command:Invoking command in '/home/sangjun/camel-amr-projects-V1/build/amr-obstacle-pkg': CMAKE_PREFIX_PATH=/home/sangjun/camel-amr-projects-V1/install/amr-main-pkg:/home/sangjun/camel-amr-projects-V1/install/amr_msg_interfaces:/home/sangjun/camel-amr-projects-V1/install/amr-obstacle-pkg:/home/sangjun/camel-amr-projects-V1/install/amr-gazebo-pkg:/opt/ros/foxy:/home/sangjun/catkin_ws/devel:/opt/ros/noetic /usr/local/bin/cmake --build /home/sangjun/camel-amr-projects-V1/build/amr-obstacle-pkg -- -j6 -l6
[0.509s] DEBUG:colcon.colcon_core.event_handler.log_command:Invoked command in '/home/sangjun/camel-amr-projects-V1/build/amr-gazebo-pkg' returned '0': CMAKE_PREFIX_PATH=/home/sangjun/camel-amr-projects-V1/install/amr-main-pkg:/home/sangjun/camel-amr-projects-V1/install/amr_msg_interfaces:/home/sangjun/camel-amr-projects-V1/install/amr-obstacle-pkg:/home/sangjun/camel-amr-projects-V1/install/amr-gazebo-pkg:/opt/ros/foxy:/home/sangjun/catkin_ws/devel:/opt/ros/noetic /usr/local/bin/cmake --build /home/sangjun/camel-amr-projects-V1/build/amr-gazebo-pkg -- -j6 -l6
[0.534s] DEBUG:colcon.colcon_core.event_handler.log_command:Invoking command in '/home/sangjun/camel-amr-projects-V1/build/amr-gazebo-pkg': CMAKE_PREFIX_PATH=/home/sangjun/camel-amr-projects-V1/install/amr-main-pkg:/home/sangjun/camel-amr-projects-V1/install/amr_msg_interfaces:/home/sangjun/camel-amr-projects-V1/install/amr-obstacle-pkg:/home/sangjun/camel-amr-projects-V1/install/amr-gazebo-pkg:/opt/ros/foxy:/home/sangjun/catkin_ws/devel:/opt/ros/noetic /usr/local/bin/cmake --install /home/sangjun/camel-amr-projects-V1/build/amr-gazebo-pkg
[0.543s] Level 1:colcon.colcon_core.environment:create_environment_scripts_only(amr-gazebo-pkg)
[0.546s] DEBUG:colcon.colcon_core.event_handler.log_command:Invoked command in '/home/sangjun/camel-amr-projects-V1/build/amr-obstacle-pkg' returned '0': CMAKE_PREFIX_PATH=/home/sangjun/camel-amr-projects-V1/install/amr-main-pkg:/home/sangjun/camel-amr-projects-V1/install/amr_msg_interfaces:/home/sangjun/camel-amr-projects-V1/install/amr-obstacle-pkg:/home/sangjun/camel-amr-projects-V1/install/amr-gazebo-pkg:/opt/ros/foxy:/home/sangjun/catkin_ws/devel:/opt/ros/noetic /usr/local/bin/cmake --build /home/sangjun/camel-amr-projects-V1/build/amr-obstacle-pkg -- -j6 -l6
[0.546s] DEBUG:colcon.colcon_core.event_handler.log_command:Invoked command in '/home/sangjun/camel-amr-projects-V1/build/amr-gazebo-pkg' returned '0': CMAKE_PREFIX_PATH=/home/sangjun/camel-amr-projects-V1/install/amr-main-pkg:/home/sangjun/camel-amr-projects-V1/install/amr_msg_interfaces:/home/sangjun/camel-amr-projects-V1/install/amr-obstacle-pkg:/home/sangjun/camel-amr-projects-V1/install/amr-gazebo-pkg:/opt/ros/foxy:/home/sangjun/catkin_ws/devel:/opt/ros/noetic /usr/local/bin/cmake --install /home/sangjun/camel-amr-projects-V1/build/amr-gazebo-pkg
[0.551s] Level 1:colcon.colcon_core.environment:checking '/home/sangjun/camel-amr-projects-V1/install/amr-gazebo-pkg' for CMake module files
[0.551s] Level 1:colcon.colcon_core.environment:checking '/home/sangjun/camel-amr-projects-V1/install/amr-gazebo-pkg' for CMake config files
[0.552s] Level 1:colcon.colcon_core.shell:create_environment_hook('amr-gazebo-pkg', 'cmake_prefix_path')
[0.553s] INFO:colcon.colcon_core.shell:Creating environment hook '/home/sangjun/camel-amr-projects-V1/install/amr-gazebo-pkg/share/amr-gazebo-pkg/hook/cmake_prefix_path.ps1'
[0.554s] INFO:colcon.colcon_core.shell:Creating environment descriptor '/home/sangjun/camel-amr-projects-V1/install/amr-gazebo-pkg/share/amr-gazebo-pkg/hook/cmake_prefix_path.dsv'
[0.554s] INFO:colcon.colcon_core.shell:Creating environment hook '/home/sangjun/camel-amr-projects-V1/install/amr-gazebo-pkg/share/amr-gazebo-pkg/hook/cmake_prefix_path.sh'
[0.555s] Level 1:colcon.colcon_core.environment:checking '/home/sangjun/camel-amr-projects-V1/install/amr-gazebo-pkg/bin'
[0.555s] Level 1:colcon.colcon_core.environment:checking '/home/sangjun/camel-amr-projects-V1/install/amr-gazebo-pkg/lib/pkgconfig/amr-gazebo-pkg.pc'
[0.555s] Level 1:colcon.colcon_core.environment:checking '/home/sangjun/camel-amr-projects-V1/install/amr-gazebo-pkg/lib/python3.8/site-packages'
[0.555s] Level 1:colcon.colcon_core.environment:checking '/home/sangjun/camel-amr-projects-V1/install/amr-gazebo-pkg/bin'
[0.557s] INFO:colcon.colcon_core.shell:Creating package script '/home/sangjun/camel-amr-projects-V1/install/amr-gazebo-pkg/share/amr-gazebo-pkg/package.ps1'
[0.558s] INFO:colcon.colcon_core.shell:Creating package descriptor '/home/sangjun/camel-amr-projects-V1/install/amr-gazebo-pkg/share/amr-gazebo-pkg/package.dsv'
[0.558s] INFO:colcon.colcon_core.shell:Creating package script '/home/sangjun/camel-amr-projects-V1/install/amr-gazebo-pkg/share/amr-gazebo-pkg/package.sh'
[0.559s] INFO:colcon.colcon_core.shell:Creating package script '/home/sangjun/camel-amr-projects-V1/install/amr-gazebo-pkg/share/amr-gazebo-pkg/package.bash'
[0.560s] INFO:colcon.colcon_core.shell:Creating package script '/home/sangjun/camel-amr-projects-V1/install/amr-gazebo-pkg/share/amr-gazebo-pkg/package.zsh'
[0.561s] Level 1:colcon.colcon_core.environment:create_file_with_runtime_dependencies(/home/sangjun/camel-amr-projects-V1/install/amr-gazebo-pkg/share/colcon-core/packages/amr-gazebo-pkg)
[0.565s] DEBUG:colcon.colcon_core.event_handler.log_command:Invoking command in '/home/sangjun/camel-amr-projects-V1/build/amr-obstacle-pkg': CMAKE_PREFIX_PATH=/home/sangjun/camel-amr-projects-V1/install/amr-main-pkg:/home/sangjun/camel-amr-projects-V1/install/amr_msg_interfaces:/home/sangjun/camel-amr-projects-V1/install/amr-obstacle-pkg:/home/sangjun/camel-amr-projects-V1/install/amr-gazebo-pkg:/opt/ros/foxy:/home/sangjun/catkin_ws/devel:/opt/ros/noetic /usr/local/bin/cmake --install /home/sangjun/camel-amr-projects-V1/build/amr-obstacle-pkg
[0.576s] Level 1:colcon.colcon_core.environment:create_environment_scripts_only(amr-gazebo-pkg)
[0.577s] Level 1:colcon.colcon_core.environment:checking '/home/sangjun/camel-amr-projects-V1/install/amr-gazebo-pkg' for CMake module files
[0.578s] Level 1:colcon.colcon_core.environment:checking '/home/sangjun/camel-amr-projects-V1/install/amr-gazebo-pkg' for CMake config files
[0.579s] Level 1:colcon.colcon_core.shell:create_environment_hook('amr-gazebo-pkg', 'cmake_prefix_path')
[0.580s] INFO:colcon.colcon_core.shell:Creating environment hook '/home/sangjun/camel-amr-projects-V1/install/amr-gazebo-pkg/share/amr-gazebo-pkg/hook/cmake_prefix_path.ps1'
[0.581s] INFO:colcon.colcon_core.shell:Creating environment descriptor '/home/sangjun/camel-amr-projects-V1/install/amr-gazebo-pkg/share/amr-gazebo-pkg/hook/cmake_prefix_path.dsv'
[0.581s] INFO:colcon.colcon_core.shell:Creating environment hook '/home/sangjun/camel-amr-projects-V1/install/amr-gazebo-pkg/share/amr-gazebo-pkg/hook/cmake_prefix_path.sh'
[0.582s] Level 1:colcon.colcon_core.environment:checking '/home/sangjun/camel-amr-projects-V1/install/amr-gazebo-pkg/bin'
[0.582s] Level 1:colcon.colcon_core.environment:checking '/home/sangjun/camel-amr-projects-V1/install/amr-gazebo-pkg/lib/pkgconfig/amr-gazebo-pkg.pc'
[0.582s] Level 1:colcon.colcon_core.environment:checking '/home/sangjun/camel-amr-projects-V1/install/amr-gazebo-pkg/lib/python3.8/site-packages'
[0.582s] Level 1:colcon.colcon_core.environment:checking '/home/sangjun/camel-amr-projects-V1/install/amr-gazebo-pkg/bin'
[0.584s] INFO:colcon.colcon_core.shell:Creating package script '/home/sangjun/camel-amr-projects-V1/install/amr-gazebo-pkg/share/amr-gazebo-pkg/package.ps1'
[0.584s] INFO:colcon.colcon_core.shell:Creating package descriptor '/home/sangjun/camel-amr-projects-V1/install/amr-gazebo-pkg/share/amr-gazebo-pkg/package.dsv'
[0.585s] INFO:colcon.colcon_core.shell:Creating package script '/home/sangjun/camel-amr-projects-V1/install/amr-gazebo-pkg/share/amr-gazebo-pkg/package.sh'
[0.585s] INFO:colcon.colcon_core.shell:Creating package script '/home/sangjun/camel-amr-projects-V1/install/amr-gazebo-pkg/share/amr-gazebo-pkg/package.bash'
[0.585s] INFO:colcon.colcon_core.shell:Creating package script '/home/sangjun/camel-amr-projects-V1/install/amr-gazebo-pkg/share/amr-gazebo-pkg/package.zsh'
[0.586s] Level 1:colcon.colcon_core.environment:create_file_with_runtime_dependencies(/home/sangjun/camel-amr-projects-V1/install/amr-gazebo-pkg/share/colcon-core/packages/amr-gazebo-pkg)
[0.587s] Level 1:colcon.colcon_core.environment:create_environment_scripts_only(amr-obstacle-pkg)
[0.588s] DEBUG:colcon.colcon_core.event_handler.log_command:Invoked command in '/home/sangjun/camel-amr-projects-V1/build/amr-obstacle-pkg' returned '0': CMAKE_PREFIX_PATH=/home/sangjun/camel-amr-projects-V1/install/amr-main-pkg:/home/sangjun/camel-amr-projects-V1/install/amr_msg_interfaces:/home/sangjun/camel-amr-projects-V1/install/amr-obstacle-pkg:/home/sangjun/camel-amr-projects-V1/install/amr-gazebo-pkg:/opt/ros/foxy:/home/sangjun/catkin_ws/devel:/opt/ros/noetic /usr/local/bin/cmake --install /home/sangjun/camel-amr-projects-V1/build/amr-obstacle-pkg
[0.591s] Level 1:colcon.colcon_core.environment:checking '/home/sangjun/camel-amr-projects-V1/install/amr-obstacle-pkg' for CMake module files
[0.592s] Level 1:colcon.colcon_core.environment:checking '/home/sangjun/camel-amr-projects-V1/install/amr-obstacle-pkg' for CMake config files
[0.592s] Level 1:colcon.colcon_core.shell:create_environment_hook('amr-obstacle-pkg', 'cmake_prefix_path')
[0.594s] INFO:colcon.colcon_core.shell:Creating environment hook '/home/sangjun/camel-amr-projects-V1/install/amr-obstacle-pkg/share/amr-obstacle-pkg/hook/cmake_prefix_path.ps1'
[0.595s] INFO:colcon.colcon_core.shell:Creating environment descriptor '/home/sangjun/camel-amr-projects-V1/install/amr-obstacle-pkg/share/amr-obstacle-pkg/hook/cmake_prefix_path.dsv'
[0.595s] INFO:colcon.colcon_core.shell:Creating environment hook '/home/sangjun/camel-amr-projects-V1/install/amr-obstacle-pkg/share/amr-obstacle-pkg/hook/cmake_prefix_path.sh'
[0.595s] Level 1:colcon.colcon_core.environment:checking '/home/sangjun/camel-amr-projects-V1/install/amr-obstacle-pkg/lib'
[0.595s] Level 1:colcon.colcon_core.environment:checking '/home/sangjun/camel-amr-projects-V1/install/amr-obstacle-pkg/bin'
[0.595s] Level 1:colcon.colcon_core.environment:checking '/home/sangjun/camel-amr-projects-V1/install/amr-obstacle-pkg/lib/pkgconfig/amr-obstacle-pkg.pc'
[0.596s] Level 1:colcon.colcon_core.environment:checking '/home/sangjun/camel-amr-projects-V1/install/amr-obstacle-pkg/lib/python3.8/site-packages'
[0.596s] Level 1:colcon.colcon_core.environment:checking '/home/sangjun/camel-amr-projects-V1/install/amr-obstacle-pkg/bin'
[0.597s] INFO:colcon.colcon_core.shell:Creating package script '/home/sangjun/camel-amr-projects-V1/install/amr-obstacle-pkg/share/amr-obstacle-pkg/package.ps1'
[0.598s] INFO:colcon.colcon_core.shell:Creating package descriptor '/home/sangjun/camel-amr-projects-V1/install/amr-obstacle-pkg/share/amr-obstacle-pkg/package.dsv'
[0.598s] INFO:colcon.colcon_core.shell:Creating package script '/home/sangjun/camel-amr-projects-V1/install/amr-obstacle-pkg/share/amr-obstacle-pkg/package.sh'
[0.598s] INFO:colcon.colcon_core.shell:Creating package script '/home/sangjun/camel-amr-projects-V1/install/amr-obstacle-pkg/share/amr-obstacle-pkg/package.bash'
[0.598s] INFO:colcon.colcon_core.shell:Creating package script '/home/sangjun/camel-amr-projects-V1/install/amr-obstacle-pkg/share/amr-obstacle-pkg/package.zsh'
[0.599s] Level 1:colcon.colcon_core.environment:create_file_with_runtime_dependencies(/home/sangjun/camel-amr-projects-V1/install/amr-obstacle-pkg/share/colcon-core/packages/amr-obstacle-pkg)
[0.602s] DEBUG:colcon.colcon_core.event_handler.log_command:Invoked command in '/home/sangjun/camel-amr-projects-V1/build/amr_msg_interfaces' returned '0': CMAKE_PREFIX_PATH=/home/sangjun/camel-amr-projects-V1/install/amr-main-pkg:/home/sangjun/camel-amr-projects-V1/install/amr_msg_interfaces:/home/sangjun/camel-amr-projects-V1/install/amr-obstacle-pkg:/home/sangjun/camel-amr-projects-V1/install/amr-gazebo-pkg:/opt/ros/foxy:/home/sangjun/catkin_ws/devel:/opt/ros/noetic /usr/local/bin/cmake --build /home/sangjun/camel-amr-projects-V1/build/amr_msg_interfaces -- -j6 -l6
[0.618s] Level 1:colcon.colcon_core.environment:create_environment_scripts_only(amr-obstacle-pkg)
[0.620s] Level 1:colcon.colcon_core.environment:checking '/home/sangjun/camel-amr-projects-V1/install/amr-obstacle-pkg' for CMake module files
[0.620s] Level 1:colcon.colcon_core.environment:checking '/home/sangjun/camel-amr-projects-V1/install/amr-obstacle-pkg' for CMake config files
[0.620s] Level 1:colcon.colcon_core.shell:create_environment_hook('amr-obstacle-pkg', 'cmake_prefix_path')
[0.622s] INFO:colcon.colcon_core.shell:Creating environment hook '/home/sangjun/camel-amr-projects-V1/install/amr-obstacle-pkg/share/amr-obstacle-pkg/hook/cmake_prefix_path.ps1'
[0.622s] INFO:colcon.colcon_core.shell:Creating environment descriptor '/home/sangjun/camel-amr-projects-V1/install/amr-obstacle-pkg/share/amr-obstacle-pkg/hook/cmake_prefix_path.dsv'
[0.622s] INFO:colcon.colcon_core.shell:Creating environment hook '/home/sangjun/camel-amr-projects-V1/install/amr-obstacle-pkg/share/amr-obstacle-pkg/hook/cmake_prefix_path.sh'
[0.623s] Level 1:colcon.colcon_core.environment:checking '/home/sangjun/camel-amr-projects-V1/install/amr-obstacle-pkg/lib'
[0.623s] Level 1:colcon.colcon_core.environment:checking '/home/sangjun/camel-amr-projects-V1/install/amr-obstacle-pkg/bin'
[0.623s] Level 1:colcon.colcon_core.environment:checking '/home/sangjun/camel-amr-projects-V1/install/amr-obstacle-pkg/lib/pkgconfig/amr-obstacle-pkg.pc'
[0.623s] Level 1:colcon.colcon_core.environment:checking '/home/sangjun/camel-amr-projects-V1/install/amr-obstacle-pkg/lib/python3.8/site-packages'
[0.623s] Level 1:colcon.colcon_core.environment:checking '/home/sangjun/camel-amr-projects-V1/install/amr-obstacle-pkg/bin'
[0.624s] INFO:colcon.colcon_core.shell:Creating package script '/home/sangjun/camel-amr-projects-V1/install/amr-obstacle-pkg/share/amr-obstacle-pkg/package.ps1'
[0.625s] INFO:colcon.colcon_core.shell:Creating package descriptor '/home/sangjun/camel-amr-projects-V1/install/amr-obstacle-pkg/share/amr-obstacle-pkg/package.dsv'
[0.625s] INFO:colcon.colcon_core.shell:Creating package script '/home/sangjun/camel-amr-projects-V1/install/amr-obstacle-pkg/share/amr-obstacle-pkg/package.sh'
[0.626s] INFO:colcon.colcon_core.shell:Creating package script '/home/sangjun/camel-amr-projects-V1/install/amr-obstacle-pkg/share/amr-obstacle-pkg/package.bash'
[0.626s] INFO:colcon.colcon_core.shell:Creating package script '/home/sangjun/camel-amr-projects-V1/install/amr-obstacle-pkg/share/amr-obstacle-pkg/package.zsh'
[0.626s] Level 1:colcon.colcon_core.environment:create_file_with_runtime_dependencies(/home/sangjun/camel-amr-projects-V1/install/amr-obstacle-pkg/share/colcon-core/packages/amr-obstacle-pkg)
[0.662s] DEBUG:colcon.colcon_core.event_handler.log_command:Invoking command in '/home/sangjun/camel-amr-projects-V1/build/amr_msg_interfaces': CMAKE_PREFIX_PATH=/home/sangjun/camel-amr-projects-V1/install/amr-main-pkg:/home/sangjun/camel-amr-projects-V1/install/amr_msg_interfaces:/home/sangjun/camel-amr-projects-V1/install/amr-obstacle-pkg:/home/sangjun/camel-amr-projects-V1/install/amr-gazebo-pkg:/opt/ros/foxy:/home/sangjun/catkin_ws/devel:/opt/ros/noetic /usr/local/bin/cmake --install /home/sangjun/camel-amr-projects-V1/build/amr_msg_interfaces
[0.708s] Level 1:colcon.colcon_core.environment:create_environment_scripts_only(amr_msg_interfaces)
[0.711s] Level 1:colcon.colcon_core.environment:checking '/home/sangjun/camel-amr-projects-V1/install/amr_msg_interfaces' for CMake module files
[0.711s] DEBUG:colcon.colcon_core.event_handler.log_command:Invoked command in '/home/sangjun/camel-amr-projects-V1/build/amr_msg_interfaces' returned '0': CMAKE_PREFIX_PATH=/home/sangjun/camel-amr-projects-V1/install/amr-main-pkg:/home/sangjun/camel-amr-projects-V1/install/amr_msg_interfaces:/home/sangjun/camel-amr-projects-V1/install/amr-obstacle-pkg:/home/sangjun/camel-amr-projects-V1/install/amr-gazebo-pkg:/opt/ros/foxy:/home/sangjun/catkin_ws/devel:/opt/ros/noetic /usr/local/bin/cmake --install /home/sangjun/camel-amr-projects-V1/build/amr_msg_interfaces
[0.712s] Level 1:colcon.colcon_core.environment:checking '/home/sangjun/camel-amr-projects-V1/install/amr_msg_interfaces' for CMake config files
[0.713s] Level 1:colcon.colcon_core.shell:create_environment_hook('amr_msg_interfaces', 'cmake_prefix_path')
[0.714s] INFO:colcon.colcon_core.shell:Creating environment hook '/home/sangjun/camel-amr-projects-V1/install/amr_msg_interfaces/share/amr_msg_interfaces/hook/cmake_prefix_path.ps1'
[0.717s] INFO:colcon.colcon_core.shell:Creating environment descriptor '/home/sangjun/camel-amr-projects-V1/install/amr_msg_interfaces/share/amr_msg_interfaces/hook/cmake_prefix_path.dsv'
[0.717s] INFO:colcon.colcon_core.shell:Creating environment hook '/home/sangjun/camel-amr-projects-V1/install/amr_msg_interfaces/share/amr_msg_interfaces/hook/cmake_prefix_path.sh'
[0.717s] Level 1:colcon.colcon_core.environment:checking '/home/sangjun/camel-amr-projects-V1/install/amr_msg_interfaces/lib'
[0.718s] Level 1:colcon.colcon_core.shell:create_environment_hook('amr_msg_interfaces', 'ld_library_path_lib')
[0.719s] INFO:colcon.colcon_core.shell:Creating environment hook '/home/sangjun/camel-amr-projects-V1/install/amr_msg_interfaces/share/amr_msg_interfaces/hook/ld_library_path_lib.ps1'
[0.720s] INFO:colcon.colcon_core.shell:Creating environment descriptor '/home/sangjun/camel-amr-projects-V1/install/amr_msg_interfaces/share/amr_msg_interfaces/hook/ld_library_path_lib.dsv'
[0.720s] INFO:colcon.colcon_core.shell:Creating environment hook '/home/sangjun/camel-amr-projects-V1/install/amr_msg_interfaces/share/amr_msg_interfaces/hook/ld_library_path_lib.sh'
[0.720s] Level 1:colcon.colcon_core.environment:checking '/home/sangjun/camel-amr-projects-V1/install/amr_msg_interfaces/bin'
[0.720s] Level 1:colcon.colcon_core.environment:checking '/home/sangjun/camel-amr-projects-V1/install/amr_msg_interfaces/lib/pkgconfig/amr_msg_interfaces.pc'
[0.720s] Level 1:colcon.colcon_core.environment:checking '/home/sangjun/camel-amr-projects-V1/install/amr_msg_interfaces/lib/python3.8/site-packages'
[0.720s] Level 1:colcon.colcon_core.shell:create_environment_hook('amr_msg_interfaces', 'pythonpath')
[0.722s] INFO:colcon.colcon_core.shell:Creating environment hook '/home/sangjun/camel-amr-projects-V1/install/amr_msg_interfaces/share/amr_msg_interfaces/hook/pythonpath.ps1'
[0.722s] INFO:colcon.colcon_core.shell:Creating environment descriptor '/home/sangjun/camel-amr-projects-V1/install/amr_msg_interfaces/share/amr_msg_interfaces/hook/pythonpath.dsv'
[0.723s] INFO:colcon.colcon_core.shell:Creating environment hook '/home/sangjun/camel-amr-projects-V1/install/amr_msg_interfaces/share/amr_msg_interfaces/hook/pythonpath.sh'
[0.723s] Level 1:colcon.colcon_core.environment:checking '/home/sangjun/camel-amr-projects-V1/install/amr_msg_interfaces/bin'
[0.725s] INFO:colcon.colcon_core.shell:Creating package script '/home/sangjun/camel-amr-projects-V1/install/amr_msg_interfaces/share/amr_msg_interfaces/package.ps1'
[0.725s] INFO:colcon.colcon_core.shell:Creating package descriptor '/home/sangjun/camel-amr-projects-V1/install/amr_msg_interfaces/share/amr_msg_interfaces/package.dsv'
[0.726s] INFO:colcon.colcon_core.shell:Creating package script '/home/sangjun/camel-amr-projects-V1/install/amr_msg_interfaces/share/amr_msg_interfaces/package.sh'
[0.726s] INFO:colcon.colcon_core.shell:Creating package script '/home/sangjun/camel-amr-projects-V1/install/amr_msg_interfaces/share/amr_msg_interfaces/package.bash'
[0.726s] INFO:colcon.colcon_core.shell:Creating package script '/home/sangjun/camel-amr-projects-V1/install/amr_msg_interfaces/share/amr_msg_interfaces/package.zsh'
[0.727s] Level 1:colcon.colcon_core.environment:create_file_with_runtime_dependencies(/home/sangjun/camel-amr-projects-V1/install/amr_msg_interfaces/share/colcon-core/packages/amr_msg_interfaces)
[0.766s] Level 1:colcon.colcon_core.environment:create_environment_scripts_only(amr_msg_interfaces)
[0.768s] Level 1:colcon.colcon_core.environment:checking '/home/sangjun/camel-amr-projects-V1/install/amr_msg_interfaces' for CMake module files
[0.768s] Level 1:colcon.colcon_core.environment:checking '/home/sangjun/camel-amr-projects-V1/install/amr_msg_interfaces' for CMake config files
[0.769s] Level 1:colcon.colcon_core.shell:create_environment_hook('amr_msg_interfaces', 'cmake_prefix_path')
[0.770s] INFO:colcon.colcon_core.shell:Creating environment hook '/home/sangjun/camel-amr-projects-V1/install/amr_msg_interfaces/share/amr_msg_interfaces/hook/cmake_prefix_path.ps1'
[0.771s] INFO:colcon.colcon_core.shell:Creating environment descriptor '/home/sangjun/camel-amr-projects-V1/install/amr_msg_interfaces/share/amr_msg_interfaces/hook/cmake_prefix_path.dsv'
[0.771s] INFO:colcon.colcon_core.shell:Creating environment hook '/home/sangjun/camel-amr-projects-V1/install/amr_msg_interfaces/share/amr_msg_interfaces/hook/cmake_prefix_path.sh'
[0.772s] Level 1:colcon.colcon_core.environment:checking '/home/sangjun/camel-amr-projects-V1/install/amr_msg_interfaces/lib'
[0.772s] Level 1:colcon.colcon_core.shell:create_environment_hook('amr_msg_interfaces', 'ld_library_path_lib')
[0.774s] INFO:colcon.colcon_core.shell:Creating environment hook '/home/sangjun/camel-amr-projects-V1/install/amr_msg_interfaces/share/amr_msg_interfaces/hook/ld_library_path_lib.ps1'
[0.775s] INFO:colcon.colcon_core.shell:Creating environment descriptor '/home/sangjun/camel-amr-projects-V1/install/amr_msg_interfaces/share/amr_msg_interfaces/hook/ld_library_path_lib.dsv'
[0.775s] INFO:colcon.colcon_core.shell:Creating environment hook '/home/sangjun/camel-amr-projects-V1/install/amr_msg_interfaces/share/amr_msg_interfaces/hook/ld_library_path_lib.sh'
[0.775s] Level 1:colcon.colcon_core.environment:checking '/home/sangjun/camel-amr-projects-V1/install/amr_msg_interfaces/bin'
[0.775s] Level 1:colcon.colcon_core.environment:checking '/home/sangjun/camel-amr-projects-V1/install/amr_msg_interfaces/lib/pkgconfig/amr_msg_interfaces.pc'
[0.775s] Level 1:colcon.colcon_core.environment:checking '/home/sangjun/camel-amr-projects-V1/install/amr_msg_interfaces/lib/python3.8/site-packages'
[0.775s] Level 1:colcon.colcon_core.shell:create_environment_hook('amr_msg_interfaces', 'pythonpath')
[0.777s] INFO:colcon.colcon_core.shell:Creating environment hook '/home/sangjun/camel-amr-projects-V1/install/amr_msg_interfaces/share/amr_msg_interfaces/hook/pythonpath.ps1'
[0.777s] INFO:colcon.colcon_core.shell:Creating environment descriptor '/home/sangjun/camel-amr-projects-V1/install/amr_msg_interfaces/share/amr_msg_interfaces/hook/pythonpath.dsv'
[0.777s] INFO:colcon.colcon_core.shell:Creating environment hook '/home/sangjun/camel-amr-projects-V1/install/amr_msg_interfaces/share/amr_msg_interfaces/hook/pythonpath.sh'
[0.777s] Level 1:colcon.colcon_core.environment:checking '/home/sangjun/camel-amr-projects-V1/install/amr_msg_interfaces/bin'
[0.779s] INFO:colcon.colcon_core.shell:Creating package script '/home/sangjun/camel-amr-projects-V1/install/amr_msg_interfaces/share/amr_msg_interfaces/package.ps1'
[0.780s] INFO:colcon.colcon_core.shell:Creating package descriptor '/home/sangjun/camel-amr-projects-V1/install/amr_msg_interfaces/share/amr_msg_interfaces/package.dsv'
[0.780s] INFO:colcon.colcon_core.shell:Creating package script '/home/sangjun/camel-amr-projects-V1/install/amr_msg_interfaces/share/amr_msg_interfaces/package.sh'
[0.780s] INFO:colcon.colcon_core.shell:Creating package script '/home/sangjun/camel-amr-projects-V1/install/amr_msg_interfaces/share/amr_msg_interfaces/package.bash'
[0.781s] INFO:colcon.colcon_core.shell:Creating package script '/home/sangjun/camel-amr-projects-V1/install/amr_msg_interfaces/share/amr_msg_interfaces/package.zsh'
[0.781s] Level 1:colcon.colcon_core.environment:create_file_with_runtime_dependencies(/home/sangjun/camel-amr-projects-V1/install/amr_msg_interfaces/share/colcon-core/packages/amr_msg_interfaces)
[0.781s] INFO:colcon.colcon_ros.task.ament_cmake.build:Building ROS package in '/home/sangjun/camel-amr-projects-V1/src/amr-main-pkg' with build type 'ament_cmake'
[0.781s] INFO:colcon.colcon_cmake.task.cmake.build:Building CMake package in '/home/sangjun/camel-amr-projects-V1/src/amr-main-pkg'
[0.783s] INFO:colcon.colcon_core.shell:Skip shell extension 'powershell' for command environment: Not usable outside of PowerShell
[0.783s] DEBUG:colcon.colcon_core.shell:Skip shell extension 'dsv' for command environment
[0.788s] DEBUG:colcon.colcon_core.shell:Ignoring prefix path '/home/sangjun/catkin_ws/devel'
[0.788s] DEBUG:colcon.colcon_core.shell:Ignoring prefix path '/opt/ros/noetic'
[0.797s] DEBUG:colcon.colcon_core.event_handler.log_command:Invoking command in '/home/sangjun/camel-amr-projects-V1/build/amr-main-pkg': CMAKE_PREFIX_PATH=/home/sangjun/camel-amr-projects-V1/install/amr_msg_interfaces:/home/sangjun/camel-amr-projects-V1/install/amr-main-pkg:/home/sangjun/camel-amr-projects-V1/install/amr-obstacle-pkg:/home/sangjun/camel-amr-projects-V1/install/amr-gazebo-pkg:/opt/ros/foxy:/home/sangjun/catkin_ws/devel:/opt/ros/noetic /usr/local/bin/cmake --build /home/sangjun/camel-amr-projects-V1/build/amr-main-pkg -- -j6 -l6
[6.836s] DEBUG:colcon.colcon_core.event_handler.log_command:Invoked command in '/home/sangjun/camel-amr-projects-V1/build/amr-main-pkg' returned '0': CMAKE_PREFIX_PATH=/home/sangjun/camel-amr-projects-V1/install/amr_msg_interfaces:/home/sangjun/camel-amr-projects-V1/install/amr-main-pkg:/home/sangjun/camel-amr-projects-V1/install/amr-obstacle-pkg:/home/sangjun/camel-amr-projects-V1/install/amr-gazebo-pkg:/opt/ros/foxy:/home/sangjun/catkin_ws/devel:/opt/ros/noetic /usr/local/bin/cmake --build /home/sangjun/camel-amr-projects-V1/build/amr-main-pkg -- -j6 -l6
[6.860s] DEBUG:colcon.colcon_core.event_handler.log_command:Invoking command in '/home/sangjun/camel-amr-projects-V1/build/amr-main-pkg': CMAKE_PREFIX_PATH=/home/sangjun/camel-amr-projects-V1/install/amr_msg_interfaces:/home/sangjun/camel-amr-projects-V1/install/amr-main-pkg:/home/sangjun/camel-amr-projects-V1/install/amr-obstacle-pkg:/home/sangjun/camel-amr-projects-V1/install/amr-gazebo-pkg:/opt/ros/foxy:/home/sangjun/catkin_ws/devel:/opt/ros/noetic /usr/local/bin/cmake --install /home/sangjun/camel-amr-projects-V1/build/amr-main-pkg
[6.875s] Level 1:colcon.colcon_core.environment:create_environment_scripts_only(amr-main-pkg)
[6.879s] Level 1:colcon.colcon_core.environment:checking '/home/sangjun/camel-amr-projects-V1/install/amr-main-pkg' for CMake module files
[6.879s] DEBUG:colcon.colcon_core.event_handler.log_command:Invoked command in '/home/sangjun/camel-amr-projects-V1/build/amr-main-pkg' returned '0': CMAKE_PREFIX_PATH=/home/sangjun/camel-amr-projects-V1/install/amr_msg_interfaces:/home/sangjun/camel-amr-projects-V1/install/amr-main-pkg:/home/sangjun/camel-amr-projects-V1/install/amr-obstacle-pkg:/home/sangjun/camel-amr-projects-V1/install/amr-gazebo-pkg:/opt/ros/foxy:/home/sangjun/catkin_ws/devel:/opt/ros/noetic /usr/local/bin/cmake --install /home/sangjun/camel-amr-projects-V1/build/amr-main-pkg
[6.880s] Level 1:colcon.colcon_core.environment:checking '/home/sangjun/camel-amr-projects-V1/install/amr-main-pkg' for CMake config files
[6.880s] Level 1:colcon.colcon_core.shell:create_environment_hook('amr-main-pkg', 'cmake_prefix_path')
[6.882s] INFO:colcon.colcon_core.shell:Creating environment hook '/home/sangjun/camel-amr-projects-V1/install/amr-main-pkg/share/amr-main-pkg/hook/cmake_prefix_path.ps1'
[6.883s] INFO:colcon.colcon_core.shell:Creating environment descriptor '/home/sangjun/camel-amr-projects-V1/install/amr-main-pkg/share/amr-main-pkg/hook/cmake_prefix_path.dsv'
[6.883s] INFO:colcon.colcon_core.shell:Creating environment hook '/home/sangjun/camel-amr-projects-V1/install/amr-main-pkg/share/amr-main-pkg/hook/cmake_prefix_path.sh'
[6.883s] Level 1:colcon.colcon_core.environment:checking '/home/sangjun/camel-amr-projects-V1/install/amr-main-pkg/lib'
[6.883s] Level 1:colcon.colcon_core.environment:checking '/home/sangjun/camel-amr-projects-V1/install/amr-main-pkg/bin'
[6.883s] Level 1:colcon.colcon_core.environment:checking '/home/sangjun/camel-amr-projects-V1/install/amr-main-pkg/lib/pkgconfig/amr-main-pkg.pc'
[6.883s] Level 1:colcon.colcon_core.environment:checking '/home/sangjun/camel-amr-projects-V1/install/amr-main-pkg/lib/python3.8/site-packages'
[6.884s] Level 1:colcon.colcon_core.environment:checking '/home/sangjun/camel-amr-projects-V1/install/amr-main-pkg/bin'
[6.885s] INFO:colcon.colcon_core.shell:Creating package script '/home/sangjun/camel-amr-projects-V1/install/amr-main-pkg/share/amr-main-pkg/package.ps1'
[6.885s] INFO:colcon.colcon_core.shell:Creating package descriptor '/home/sangjun/camel-amr-projects-V1/install/amr-main-pkg/share/amr-main-pkg/package.dsv'
[6.885s] INFO:colcon.colcon_core.shell:Creating package script '/home/sangjun/camel-amr-projects-V1/install/amr-main-pkg/share/amr-main-pkg/package.sh'
[6.885s] INFO:colcon.colcon_core.shell:Creating package script '/home/sangjun/camel-amr-projects-V1/install/amr-main-pkg/share/amr-main-pkg/package.bash'
[6.886s] INFO:colcon.colcon_core.shell:Creating package script '/home/sangjun/camel-amr-projects-V1/install/amr-main-pkg/share/amr-main-pkg/package.zsh'
[6.886s] Level 1:colcon.colcon_core.environment:create_file_with_runtime_dependencies(/home/sangjun/camel-amr-projects-V1/install/amr-main-pkg/share/colcon-core/packages/amr-main-pkg)
[6.910s] Level 1:colcon.colcon_core.environment:create_environment_scripts_only(amr-main-pkg)
[6.913s] Level 1:colcon.colcon_core.environment:checking '/home/sangjun/camel-amr-projects-V1/install/amr-main-pkg' for CMake module files
[6.914s] Level 1:colcon.colcon_core.environment:checking '/home/sangjun/camel-amr-projects-V1/install/amr-main-pkg' for CMake config files
[6.915s] Level 1:colcon.colcon_core.shell:create_environment_hook('amr-main-pkg', 'cmake_prefix_path')
[6.917s] INFO:colcon.colcon_core.shell:Creating environment hook '/home/sangjun/camel-amr-projects-V1/install/amr-main-pkg/share/amr-main-pkg/hook/cmake_prefix_path.ps1'
[6.918s] INFO:colcon.colcon_core.shell:Creating environment descriptor '/home/sangjun/camel-amr-projects-V1/install/amr-main-pkg/share/amr-main-pkg/hook/cmake_prefix_path.dsv'
[6.918s] INFO:colcon.colcon_core.shell:Creating environment hook '/home/sangjun/camel-amr-projects-V1/install/amr-main-pkg/share/amr-main-pkg/hook/cmake_prefix_path.sh'
[6.919s] Level 1:colcon.colcon_core.environment:checking '/home/sangjun/camel-amr-projects-V1/install/amr-main-pkg/lib'
[6.919s] Level 1:colcon.colcon_core.environment:checking '/home/sangjun/camel-amr-projects-V1/install/amr-main-pkg/bin'
[6.919s] Level 1:colcon.colcon_core.environment:checking '/home/sangjun/camel-amr-projects-V1/install/amr-main-pkg/lib/pkgconfig/amr-main-pkg.pc'
[6.919s] Level 1:colcon.colcon_core.environment:checking '/home/sangjun/camel-amr-projects-V1/install/amr-main-pkg/lib/python3.8/site-packages'
[6.919s] Level 1:colcon.colcon_core.environment:checking '/home/sangjun/camel-amr-projects-V1/install/amr-main-pkg/bin'
[6.920s] INFO:colcon.colcon_core.shell:Creating package script '/home/sangjun/camel-amr-projects-V1/install/amr-main-pkg/share/amr-main-pkg/package.ps1'
[6.921s] INFO:colcon.colcon_core.shell:Creating package descriptor '/home/sangjun/camel-amr-projects-V1/install/amr-main-pkg/share/amr-main-pkg/package.dsv'
[6.921s] INFO:colcon.colcon_core.shell:Creating package script '/home/sangjun/camel-amr-projects-V1/install/amr-main-pkg/share/amr-main-pkg/package.sh'
[6.921s] INFO:colcon.colcon_core.shell:Creating package script '/home/sangjun/camel-amr-projects-V1/install/amr-main-pkg/share/amr-main-pkg/package.bash'
[6.921s] INFO:colcon.colcon_core.shell:Creating package script '/home/sangjun/camel-amr-projects-V1/install/amr-main-pkg/share/amr-main-pkg/package.zsh'
[6.922s] Level 1:colcon.colcon_core.environment:create_file_with_runtime_dependencies(/home/sangjun/camel-amr-projects-V1/install/amr-main-pkg/share/colcon-core/packages/amr-main-pkg)
[6.922s] DEBUG:colcon.colcon_parallel_executor.executor.parallel:closing loop
[6.922s] DEBUG:colcon.colcon_parallel_executor.executor.parallel:loop closed
[6.922s] DEBUG:colcon.colcon_parallel_executor.executor.parallel:run_until_complete finished with '0'
[6.922s] DEBUG:colcon.colcon_core.event_reactor:joining thread
[6.929s] INFO:colcon.colcon_core.plugin_system:Skipping extension 'colcon_notification.desktop_notification.terminal_notifier': Not used on non-Darwin systems
[6.929s] INFO:colcon.colcon_core.plugin_system:Skipping extension 'colcon_notification.desktop_notification.win32': Not used on non-Windows systems
[6.929s] INFO:colcon.colcon_notification.desktop_notification:Sending desktop notification using 'notify2'
[6.942s] DEBUG:colcon.colcon_core.event_reactor:joined thread
[6.943s] INFO:colcon.colcon_core.shell:Creating prefix script '/home/sangjun/camel-amr-projects-V1/install/local_setup.ps1'
[6.943s] INFO:colcon.colcon_core.shell:Creating prefix util module '/home/sangjun/camel-amr-projects-V1/install/_local_setup_util_ps1.py'
[6.944s] INFO:colcon.colcon_core.shell:Creating prefix chain script '/home/sangjun/camel-amr-projects-V1/install/setup.ps1'
[6.945s] INFO:colcon.colcon_core.shell:Creating prefix script '/home/sangjun/camel-amr-projects-V1/install/local_setup.sh'
[6.946s] INFO:colcon.colcon_core.shell:Creating prefix util module '/home/sangjun/camel-amr-projects-V1/install/_local_setup_util_sh.py'
[6.946s] INFO:colcon.colcon_core.shell:Creating prefix chain script '/home/sangjun/camel-amr-projects-V1/install/setup.sh'
[6.948s] INFO:colcon.colcon_core.shell:Creating prefix script '/home/sangjun/camel-amr-projects-V1/install/local_setup.bash'
[6.948s] INFO:colcon.colcon_core.shell:Creating prefix chain script '/home/sangjun/camel-amr-projects-V1/install/setup.bash'
[6.950s] INFO:colcon.colcon_core.shell:Creating prefix script '/home/sangjun/camel-amr-projects-V1/install/local_setup.zsh'
[6.950s] INFO:colcon.colcon_core.shell:Creating prefix chain script '/home/sangjun/camel-amr-projects-V1/install/setup.zsh'
