[0.010s] Invoking command in '/home/sangjun/camel-amr-projects-V1/build/amr-main-pkg': AMENT_PREFIX_PATH=/home/sangjun/camel-amr-projects-V1/install/amr_msg_interfaces CMAKE_PREFIX_PATH=/home/sangjun/camel-amr-projects-V1/install/amr_msg_interfaces:${CMAKE_PREFIX_PATH} LD_LIBRARY_PATH=/home/sangjun/camel-amr-projects-V1/install/amr_msg_interfaces/lib:${LD_LIBRARY_PATH} PYTHONPATH=/home/sangjun/camel-amr-projects-V1/install/amr_msg_interfaces/lib/python3.8/site-packages:${PYTHONPATH} /usr/local/bin/cmake --build /home/sangjun/camel-amr-projects-V1/build/amr-main-pkg -- -j6 -l6
[0.026s] [35m[1mConsolidate compiler generated dependencies of target astar_lib[0m
[0.031s] [ 10%] [32mBuilding CXX object CMakeFiles/astar_lib.dir/src/astar/Astar.cpp.o[0m
[0.032s] [ 30%] Built target dynamicObstacle_lib
[0.035s] [ 50%] Built target visualize_lib
[0.035s] [ 70%] Built target obsDetection_lib
[0.251s] [01m[K/home/sangjun/camel-amr-projects-V1/src/amr-main-pkg/src/astar/Astar.cpp:47:52:[m[K [01;31m[Kerror: [m[Karray bound is not an integer constant before ‘[01m[K][m[K’ token
[0.252s]    47 | void Astar_planning::tracePath(Cell cellDetails[MAX[01;31m[K][m[K[MAX], Pair dst) {
[0.252s]       |                                                    [01;31m[K^[m[K
[0.252s] [01m[K/home/sangjun/camel-amr-projects-V1/src/amr-main-pkg/src/astar/Astar.cpp:47:57:[m[K [01;31m[Kerror: [m[Karray bound is not an integer constant before ‘[01m[K][m[K’ token
[0.252s]    47 | void Astar_planning::tracePath(Cell cellDetails[MAX][MAX[01;31m[K][m[K, Pair dst) {
[0.252s]       |                                                         [01;31m[K^[m[K
[0.252s] [01m[K/home/sangjun/camel-amr-projects-V1/src/amr-main-pkg/src/astar/Astar.cpp:47:58:[m[K [01;31m[Kerror: [m[Kexpected ‘[01m[K)[m[K’ before ‘[01m[K,[m[K’ token
[0.252s]    47 | void Astar_planning::tracePath[34m[K([m[KCell cellDetails[MAX][MAX][01;31m[K,[m[K Pair dst) {
[0.252s]       |                               [34m[K~[m[K                          [01;31m[K^[m[K
[0.252s]       |                                                          [32m[K)[m[K
[0.252s] [01m[K/home/sangjun/camel-amr-projects-V1/src/amr-main-pkg/src/astar/Astar.cpp:47:6:[m[K [01;31m[Kerror: [m[Kno declaration matches ‘[01m[Kvoid Astar_planning::tracePath(...)[m[K’
[0.253s]    47 | void [01;31m[KAstar_planning[m[K::tracePath(Cell cellDetails[MAX][MAX], Pair dst) {
[0.253s]       |      [01;31m[K^~~~~~~~~~~~~~[m[K
[0.253s] In file included from [01m[K/home/sangjun/camel-amr-projects-V1/src/amr-main-pkg/src/astar/Astar.cpp:4[m[K:
[0.253s] [01m[K/home/sangjun/camel-amr-projects-V1/src/amr-main-pkg/include/astar/Astar.hpp:47:10:[m[K [01;36m[Knote: [m[Kcandidate is: ‘[01m[Kvoid Astar_planning::tracePath(Cell (*)[201], Pair)[m[K’
[0.253s]    47 |     void [01;36m[KtracePath[m[K(Cell cellDetails[201][201], Pair dst);
[0.253s]       |          [01;36m[K^~~~~~~~~[m[K
[0.253s] [01m[K/home/sangjun/camel-amr-projects-V1/src/amr-main-pkg/include/astar/Astar.hpp:32:7:[m[K [01;36m[Knote: [m[K‘[01m[Kclass Astar_planning[m[K’ defined here
[0.253s]    32 | class [01;36m[KAstar_planning[m[K {
[0.253s]       |       [01;36m[K^~~~~~~~~~~~~~[m[K
[0.253s] [01m[K/home/sangjun/camel-amr-projects-V1/src/amr-main-pkg/src/astar/Astar.cpp:47:65:[m[K [01;31m[Kerror: [m[Kexpected initializer before ‘[01m[Kdst[m[K’
[0.253s]    47 | void Astar_planning::tracePath(Cell cellDetails[MAX][MAX], Pair [01;31m[Kdst[m[K) {
[0.253s]       |                                                                 [01;31m[K^~~[m[K
[0.254s] [01m[K/home/sangjun/camel-amr-projects-V1/src/amr-main-pkg/src/astar/Astar.cpp:[m[K In member function ‘[01m[Kbool Astar_planning::aStarSearch(std::vector<std::vector<int> >&, Pair, Pair)[m[K’:
[0.254s] [01m[K/home/sangjun/camel-amr-projects-V1/src/amr-main-pkg/src/astar/Astar.cpp:72:10:[m[K [01;35m[Kwarning: [m[KISO C++ forbids variable length array ‘[01m[KclosedList[m[K’ [[01;35m[K-Wvla[m[K]
[0.254s]    72 |     bool [01;35m[KclosedList[m[K[MAX][MAX];
[0.254s]       |          [01;35m[K^~~~~~~~~~[m[K
[0.254s] [01m[K/home/sangjun/camel-amr-projects-V1/src/amr-main-pkg/src/astar/Astar.cpp:72:10:[m[K [01;35m[Kwarning: [m[KISO C++ forbids variable length array ‘[01m[KclosedList[m[K’ [[01;35m[K-Wvla[m[K]
[0.254s] [01m[K/home/sangjun/camel-amr-projects-V1/src/amr-main-pkg/src/astar/Astar.cpp:75:10:[m[K [01;35m[Kwarning: [m[KISO C++ forbids variable length array ‘[01m[KcellDetails[m[K’ [[01;35m[K-Wvla[m[K]
[0.254s]    75 |     Cell [01;35m[KcellDetails[m[K[MAX][MAX];
[0.254s]       |          [01;35m[K^~~~~~~~~~~[m[K
[0.254s] [01m[K/home/sangjun/camel-amr-projects-V1/src/amr-main-pkg/src/astar/Astar.cpp:75:10:[m[K [01;35m[Kwarning: [m[KISO C++ forbids variable length array ‘[01m[KcellDetails[m[K’ [[01;35m[K-Wvla[m[K]
[0.261s] [01m[K/home/sangjun/camel-amr-projects-V1/src/amr-main-pkg/src/astar/Astar.cpp:111:31:[m[K [01;31m[Kerror: [m[Kcannot convert ‘[01m[KCell [MAX][MAX][m[K’ to ‘[01m[KCell (*)[201][m[K’
[0.261s]   111 |                     tracePath([01;31m[KcellDetails[m[K, dst);
[0.261s]       |                               [01;31m[K^~~~~~~~~~~[m[K
[0.261s]       |                               [01;31m[K|[m[K
[0.261s]       |                               [01;31m[KCell [MAX][MAX][m[K
[0.261s] In file included from [01m[K/home/sangjun/camel-amr-projects-V1/src/amr-main-pkg/src/astar/Astar.cpp:4[m[K:
[0.261s] [01m[K/home/sangjun/camel-amr-projects-V1/src/amr-main-pkg/include/astar/Astar.hpp:47:25:[m[K [01;36m[Knote: [m[K  initializing argument 1 of ‘[01m[Kvoid Astar_planning::tracePath(Cell (*)[201], Pair)[m[K’
[0.262s]    47 |     void tracePath([01;36m[KCell cellDetails[201][201][m[K, Pair dst);
[0.262s]       |                    [01;36m[K~~~~~^~~~~~~~~~~~~~~~~~~~~[m[K
[0.262s] [01m[K/home/sangjun/camel-amr-projects-V1/src/amr-main-pkg/src/astar/Astar.cpp:140:31:[m[K [01;31m[Kerror: [m[Kcannot convert ‘[01m[KCell [MAX][MAX][m[K’ to ‘[01m[KCell (*)[201][m[K’
[0.262s]   140 |                     tracePath([01;31m[KcellDetails[m[K, dst);
[0.263s]       |                               [01;31m[K^~~~~~~~~~~[m[K
[0.263s]       |                               [01;31m[K|[m[K
[0.263s]       |                               [01;31m[KCell [MAX][MAX][m[K
[0.263s] In file included from [01m[K/home/sangjun/camel-amr-projects-V1/src/amr-main-pkg/src/astar/Astar.cpp:4[m[K:
[0.263s] [01m[K/home/sangjun/camel-amr-projects-V1/src/amr-main-pkg/include/astar/Astar.hpp:47:25:[m[K [01;36m[Knote: [m[K  initializing argument 1 of ‘[01m[Kvoid Astar_planning::tracePath(Cell (*)[201], Pair)[m[K’
[0.263s]    47 |     void tracePath([01;36m[KCell cellDetails[201][201][m[K, Pair dst);
[0.263s]       |                    [01;36m[K~~~~~^~~~~~~~~~~~~~~~~~~~~[m[K
[0.265s] [01m[K/home/sangjun/camel-amr-projects-V1/src/amr-main-pkg/src/astar/Astar.cpp:[m[K In member function ‘[01m[Kvoid Astar_planning::PrintMap()[m[K’:
[0.265s] [01m[K/home/sangjun/camel-amr-projects-V1/src/amr-main-pkg/src/astar/Astar.cpp:171:26:[m[K [01;31m[Kerror: [m[K‘[01m[KClusteringMatrix[m[K’ was not declared in this scope
[0.266s]   171 |             std::cout << [01;31m[KClusteringMatrix[m[K[i][j];
[0.266s]       |                          [01;31m[K^~~~~~~~~~~~~~~~[m[K
[0.266s] [01m[K/home/sangjun/camel-amr-projects-V1/src/amr-main-pkg/src/astar/Astar.cpp:[m[K In member function ‘[01m[Kvoid Astar_planning::startAstar(int, int)[m[K’:
[0.267s] [01m[K/home/sangjun/camel-amr-projects-V1/src/amr-main-pkg/src/astar/Astar.cpp:179:5:[m[K [01;31m[Kerror: [m[K‘[01m[KMapmatrix[m[K’ was not declared in this scope
[0.267s]   179 |     [01;31m[KMapmatrix[m[K[Startx][Starty] = 2;
[0.267s]       |     [01;31m[K^~~~~~~~~[m[K
[0.267s] [01m[K/home/sangjun/camel-amr-projects-V1/src/amr-main-pkg/src/astar/Astar.cpp:180:21:[m[K [01;31m[Kerror: [m[K‘[01m[Kcount[m[K’ was not declared in this scope
[0.267s]   180 |     Mapmatrix[Destx[[01;31m[Kcount[m[K]][Desty[count]] = 3;
[0.267s]       |                     [01;31m[K^~~~~[m[K
[0.308s] make[2]: *** [CMakeFiles/astar_lib.dir/build.make:76: CMakeFiles/astar_lib.dir/src/astar/Astar.cpp.o] Error 1
[0.308s] make[1]: *** [CMakeFiles/Makefile2:145: CMakeFiles/astar_lib.dir/all] Error 2
[0.308s] make: *** [Makefile:146: all] Error 2
[0.309s] Invoked command in '/home/sangjun/camel-amr-projects-V1/build/amr-main-pkg' returned '2': AMENT_PREFIX_PATH=/home/sangjun/camel-amr-projects-V1/install/amr_msg_interfaces CMAKE_PREFIX_PATH=/home/sangjun/camel-amr-projects-V1/install/amr_msg_interfaces:${CMAKE_PREFIX_PATH} LD_LIBRARY_PATH=/home/sangjun/camel-amr-projects-V1/install/amr_msg_interfaces/lib:${LD_LIBRARY_PATH} PYTHONPATH=/home/sangjun/camel-amr-projects-V1/install/amr_msg_interfaces/lib/python3.8/site-packages:${PYTHONPATH} /usr/local/bin/cmake --build /home/sangjun/camel-amr-projects-V1/build/amr-main-pkg -- -j6 -l6
