In file included from [01m[K/home/dongju/camel-amr-projects/src/amr-main-pkg/src/astar/Astar.cpp:4[m[K:
[01m[K/home/dongju/camel-amr-projects/src/amr-main-pkg/include/astar/Astar.hpp:[m[K In constructor ‘[01m[KAstar_planning::Astar_planning()[m[K’:
[01m[K/home/dongju/camel-amr-projects/src/amr-main-pkg/include/astar/Astar.hpp:38:35:[m[K [01;35m[Kwarning: [m[K‘[01m[KAstar_planning::Mapmatrix[m[K’ will be initialized after [[01;35m[K-Wreorder[m[K]
   38 |     std::vector<std::vector<int>> [01;35m[KMapmatrix[m[K;
      |                                   [01;35m[K^~~~~~~~~[m[K
[01m[K/home/dongju/camel-amr-projects/src/amr-main-pkg/include/astar/Astar.hpp:29:9:[m[K [01;35m[Kwarning: [m[K  ‘[01m[Kint Astar_planning::dx1 [4][m[K’ [[01;35m[K-Wreorder[m[K]
   29 |     int [01;35m[Kdx1[m[K[4];
      |         [01;35m[K^~~[m[K
[01m[K/home/dongju/camel-amr-projects/src/amr-main-pkg/src/astar/Astar.cpp:17:1:[m[K [01;35m[Kwarning: [m[K  when initialized here [[01;35m[K-Wreorder[m[K]
   17 | [01;35m[KAstar_planning[m[K::Astar_planning()
      | [01;35m[K^~~~~~~~~~~~~~[m[K
[01m[K/home/dongju/camel-amr-projects/src/amr-main-pkg/src/ObsDetection/ObsDetection.cpp:[m[K In member function ‘[01m[Kvoid ObsDetection::SaveObsInfo(std::vector<std::pair<std::pair<int, int>, std::pair<int, int> > >&, int)[m[K’:
[01m[K/home/dongju/camel-amr-projects/src/amr-main-pkg/src/ObsDetection/ObsDetection.cpp:9:15:[m[K [01;35m[Kwarning: [m[Kcomparison of integer expressions of different signedness: ‘[01m[Kint[m[K’ and ‘[01m[Kstd::vector<std::pair<std::pair<int, int>, std::pair<int, int> > >::size_type[m[K’ {aka ‘[01m[Klong unsigned int[m[K’} [[01;35m[K-Wsign-compare[m[K]
    9 | for(int i=0; [01;35m[Ki<LidarData.size()[m[K; i++ ){
      |              [01;35m[K~^~~~~~~~~~~~~~~~~[m[K
[01m[K/home/dongju/camel-amr-projects/src/amr-main-pkg/src/ClusteringDynamicObs/ClusteringDynamicObs.cpp:[m[K In member function ‘[01m[Kvoid ClusteringDynamicObs::ClusteringDynamicObstacle(int, int)[m[K’:
[01m[K/home/dongju/camel-amr-projects/src/amr-main-pkg/src/ClusteringDynamicObs/ClusteringDynamicObs.cpp:107:24:[m[K [01;35m[Kwarning: [m[Kcomparison of integer expressions of different signedness: ‘[01m[Kint[m[K’ and ‘[01m[Kstd::vector<int>::size_type[m[K’ {aka ‘[01m[Klong unsigned int[m[K’} [[01;35m[K-Wsign-compare[m[K]
  107 |     for (int i = 0 ; [01;35m[Ki < LabelingStack.size()[m[K ; i++)
      |                      [01;35m[K~~^~~~~~~~~~~~~~~~~~~~~~[m[K
[01m[K/home/dongju/camel-amr-projects/src/amr-main-pkg/src/ObsDetection/ObsDetection.cpp:19:15:[m[K [01;35m[Kwarning: [m[Kcomparison of integer expressions of different signedness: ‘[01m[Kint[m[K’ and ‘[01m[Kstd::vector<std::pair<std::pair<int, int>, std::pair<int, int> > >::size_type[m[K’ {aka ‘[01m[Klong unsigned int[m[K’} [[01;35m[K-Wsign-compare[m[K]
   19 | for(int i=0; [01;35m[Ki<LidarData.size()[m[K; i++ ){
      |              [01;35m[K~^~~~~~~~~~~~~~~~~[m[K
[01m[K/home/dongju/camel-amr-projects/src/amr-main-pkg/src/ObsDetection/ObsDetection.cpp:20:15:[m[K [01;35m[Kwarning: [m[Kcomparison of integer expressions of different signedness: ‘[01m[Kint[m[K’ and ‘[01m[Kstd::vector<ObsDetection::obs_info>::size_type[m[K’ {aka ‘[01m[Klong unsigned int[m[K’} [[01;35m[K-Wsign-compare[m[K]
   20 | for(int j=0; [01;35m[Kj<ObsLog.size()[m[K; j++){
      |              [01;35m[K~^~~~~~~~~~~~~~[m[K
[01m[K/home/dongju/camel-amr-projects/src/amr-main-pkg/src/ClusteringDynamicObs/ClusteringDynamicObs.cpp:115:24:[m[K [01;35m[Kwarning: [m[Kcomparison of integer expressions of different signedness: ‘[01m[Kint[m[K’ and ‘[01m[Kstd::vector<std::pair<std::pair<int, int>, std::pair<int, int> > >::size_type[m[K’ {aka ‘[01m[Klong unsigned int[m[K’} [[01;35m[K-Wsign-compare[m[K]
  115 |     for (int i = 0 ; [01;35m[Ki < LabelingArray.size()[m[K ; i++)
      |                      [01;35m[K~~^~~~~~~~~~~~~~~~~~~~~~[m[K
[01m[K/home/dongju/camel-amr-projects/src/amr-main-pkg/src/ObsDetection/ObsDetection.cpp:39:15:[m[K [01;35m[Kwarning: [m[Kcomparison of integer expressions of different signedness: ‘[01m[Kint[m[K’ and ‘[01m[Kstd::vector<ObsDetection::obs_info>::size_type[m[K’ {aka ‘[01m[Klong unsigned int[m[K’} [[01;35m[K-Wsign-compare[m[K]
   39 | for(int i=0; [01;35m[Ki<ObsLog.size()[m[K; i++){
      |              [01;35m[K~^~~~~~~~~~~~~~[m[K
[01m[K/home/dongju/camel-amr-projects/src/amr-main-pkg/src/ClusteringDynamicObs/ClusteringDynamicObs.cpp:[m[K In member function ‘[01m[Kvoid ClusteringDynamicObs::ConnectObs(int, int)[m[K’:
[01m[K/home/dongju/camel-amr-projects/src/amr-main-pkg/src/ClusteringDynamicObs/ClusteringDynamicObs.cpp:144:24:[m[K [01;35m[Kwarning: [m[Kcomparison of integer expressions of different signedness: ‘[01m[Kint[m[K’ and ‘[01m[Kstd::vector<std::pair<std::pair<int, int>, std::pair<int, int> > >::size_type[m[K’ {aka ‘[01m[Klong unsigned int[m[K’} [[01;35m[K-Wsign-compare[m[K]
  144 |     for (int i = 0 ; [01;35m[Ki < LabelingArray.size()[m[K ; i++)
      |                      [01;35m[K~~^~~~~~~~~~~~~~~~~~~~~~[m[K
[01m[K/home/dongju/camel-amr-projects/src/amr-main-pkg/src/ObsDetection/ObsDetection.cpp:[m[K In member function ‘[01m[Kvoid ObsDetection::Print()[m[K’:
[01m[K/home/dongju/camel-amr-projects/src/amr-main-pkg/src/ObsDetection/ObsDetection.cpp:51:19:[m[K [01;35m[Kwarning: [m[Kcomparison of integer expressions of different signedness: ‘[01m[Kint[m[K’ and ‘[01m[Kstd::vector<ObsDetection::obs_info>::size_type[m[K’ {aka ‘[01m[Klong unsigned int[m[K’} [[01;35m[K-Wsign-compare[m[K]
   51 |     for(int i=0; [01;35m[Ki<ObsLog.size()[m[K; i++){
      |                  [01;35m[K~^~~~~~~~~~~~~~[m[K
[01m[K/home/dongju/camel-amr-projects/src/amr-main-pkg/src/ObsDetection/ObsDetection.cpp:[m[K In member function ‘[01m[Kvoid ObsDetection::Prediction()[m[K’:
[01m[K/home/dongju/camel-amr-projects/src/amr-main-pkg/src/ObsDetection/ObsDetection.cpp:73:22:[m[K [01;35m[Kwarning: [m[Kcomparison of integer expressions of different signedness: ‘[01m[Kint[m[K’ and ‘[01m[Kstd::vector<ObsDetection::obs_info>::size_type[m[K’ {aka ‘[01m[Klong unsigned int[m[K’} [[01;35m[K-Wsign-compare[m[K]
   73 |     for(int i = 0; [01;35m[Ki < ObsLog.size()[m[K; i++){
      |                    [01;35m[K~~^~~~~~~~~~~~~~~[m[K
[01m[K/home/dongju/camel-amr-projects/src/amr-main-pkg/src/ObsDetection/ObsDetection.cpp:[m[K In member function ‘[01m[Kvoid ObsDetection::Pred_Print()[m[K’:
[01m[K/home/dongju/camel-amr-projects/src/amr-main-pkg/src/ObsDetection/ObsDetection.cpp:119:19:[m[K [01;35m[Kwarning: [m[Kcomparison of integer expressions of different signedness: ‘[01m[Kint[m[K’ and ‘[01m[Kstd::vector<ObsDetection::obs_info>::size_type[m[K’ {aka ‘[01m[Klong unsigned int[m[K’} [[01;35m[K-Wsign-compare[m[K]
  119 |     for(int i=0; [01;35m[Ki<ObsPredPoint.size()[m[K; i++){
      |                  [01;35m[K~^~~~~~~~~~~~~~~~~~~~[m[K
[01m[K/home/dongju/camel-amr-projects/src/amr-main-pkg/src/Amr_UI/qcustomplot.cpp:[m[K In member function ‘[01m[KQPointF QCPLabelPainterPrivate::getAnchorPos(const QPointF&)[m[K’:
[01m[K/home/dongju/camel-amr-projects/src/amr-main-pkg/src/Amr_UI/qcustomplot.cpp:5752:1:[m[K [01;35m[Kwarning: [m[Kthis statement may fall through [[01;35m[K-Wimplicit-fallthrough=[m[K]
 5752 | [01;35m[Kswitch[m[K (mAnchorSide)
      | [01;35m[K^~~~~~[m[K
[01m[K/home/dongju/camel-amr-projects/src/amr-main-pkg/src/Amr_UI/qcustomplot.cpp:5764:1:[m[K [01;36m[Knote: [m[Khere
 5764 | [01;36m[Kcase[m[K amSkewedUpright:
      | [01;36m[K^~~~[m[K
