-- The C compiler identification is GNU 9.4.0
-- The CXX compiler identification is GNU 9.4.0
-- Detecting C compiler ABI info
-- Detecting C compiler ABI info - done
-- Check for working C compiler: /usr/bin/cc - skipped
-- Detecting C compile features
-- Detecting C compile features - done
-- Detecting CXX compiler ABI info
-- Detecting CXX compiler ABI info - done
-- Check for working CXX compiler: /usr/bin/c++ - skipped
-- Detecting CXX compile features
-- Detecting CXX compile features - done
-- Found ament_cmake: 0.9.12 (/opt/ros/foxy/share/ament_cmake/cmake)
-- Found PythonInterp: /usr/bin/python3 (found suitable version "3.8.10", minimum required is "3") 
-- Using PYTHON_EXECUTABLE: /usr/bin/python3
-- Found amr_msg_interfaces: 0.6.0 (/home/dongju/camel-amr-projects/install/amr_msg_interfaces/share/amr_msg_interfaces/cmake)
-- Using all available rosidl_typesupport_c: rosidl_typesupport_fastrtps_c;rosidl_typesupport_introspection_c
-- Found rosidl_adapter: 1.3.1 (/opt/ros/foxy/share/rosidl_adapter/cmake)
-- Found OpenSSL: /usr/lib/x86_64-linux-gnu/libcrypto.so (found version "1.1.1f")  
-- Found FastRTPS: /opt/ros/foxy/include  
-- Using all available rosidl_typesupport_cpp: rosidl_typesupport_fastrtps_cpp;rosidl_typesupport_introspection_cpp
-- Found rclcpp: 2.4.3 (/opt/ros/foxy/share/rclcpp/cmake)
-- Found rmw_implementation_cmake: 1.0.4 (/opt/ros/foxy/share/rmw_implementation_cmake/cmake)
-- Using RMW implementation 'rmw_fastrtps_cpp' as default
-- Performing Test CMAKE_HAVE_LIBC_PTHREAD
-- Performing Test CMAKE_HAVE_LIBC_PTHREAD - Failed
-- Looking for pthread_create in pthreads
-- Looking for pthread_create in pthreads - not found
-- Looking for pthread_create in pthread
-- Looking for pthread_create in pthread - found
-- Found Threads: TRUE  
-- Found sensor_msgs: 2.0.5 (/opt/ros/foxy/share/sensor_msgs/cmake)
-- Found nav_msgs: 2.0.5 (/opt/ros/foxy/share/nav_msgs/cmake)
-- Found ament_lint_auto: 0.9.8 (/opt/ros/foxy/share/ament_lint_auto/cmake)
-- Found ament_cmake_gtest: 0.9.12 (/opt/ros/foxy/share/ament_cmake_gtest/cmake)
-- Added test 'copyright' to check source files copyright and LICENSE
-- Added test 'cppcheck' to perform static code analysis on C / C++ code
-- Configured cppcheck include dirs: /home/dongju/camel-amr-projects/src/amr-main-pkg/include
-- Configured cppcheck exclude dirs and/or files: 
-- Added test 'cpplint' to check C / C++ code against the Google style
-- Configured cpplint exclude dirs and/or files: 
-- Added test 'lint_cmake' to check CMake code style
-- Added test 'uncrustify' to check C / C++ code style
-- Configured uncrustify additional arguments: 
-- Added test 'xmllint' to check XML markup files
-- Configuring done (1.0s)
-- Generating done (0.0s)
-- Build files have been written to: /home/dongju/camel-amr-projects/build/amr-main-pkg
[ 16%] [34m[1mAutomatic MOC and UIC for target obsDetection_lib[0m
[ 16%] [34m[1mAutomatic MOC and UIC for target astar_lib[0m
[ 16%] [34m[1mAutomatic MOC and UIC for target clusteringDynamicObs_lib[0m
[ 16%] Built target clusteringDynamicObs_lib_autogen
[ 16%] Built target astar_lib_autogen
[ 16%] Built target obsDetection_lib_autogen
[ 27%] [32mBuilding CXX object CMakeFiles/obsDetection_lib.dir/obsDetection_lib_autogen/mocs_compilation.cpp.o[0m
[ 27%] [32mBuilding CXX object CMakeFiles/clusteringDynamicObs_lib.dir/src/ClusteringDynamicObs/ClusteringDynamicObs.cpp.o[0m
[ 33%] [32mBuilding CXX object CMakeFiles/astar_lib.dir/astar_lib_autogen/mocs_compilation.cpp.o[0m
[ 38%] [32mBuilding CXX object CMakeFiles/clusteringDynamicObs_lib.dir/clusteringDynamicObs_lib_autogen/mocs_compilation.cpp.o[0m
[ 50%] [32mBuilding CXX object CMakeFiles/astar_lib.dir/src/astar/Astar.cpp.o[0m
[ 50%] [32mBuilding CXX object CMakeFiles/obsDetection_lib.dir/src/ObsDetection/ObsDetection.cpp.o[0m
In file included from [01m[K/home/dongju/camel-amr-projects/src/amr-main-pkg/src/astar/Astar.cpp:4[m[K:
[01m[K/home/dongju/camel-amr-projects/src/amr-main-pkg/include/astar/Astar.hpp:[m[K In constructor ‘[01m[KAstar_planning::Astar_planning()[m[K’:
[01m[K/home/dongju/camel-amr-projects/src/amr-main-pkg/include/astar/Astar.hpp:38:35:[m[K [01;35m[Kwarning: [m[K‘[01m[KAstar_planning::Mapmatrix[m[K’ will be initialized after [[01;35m[K-Wreorder[m[K]
   38 |     std::vector<std::vector<int>> [01;35m[KMapmatrix[m[K;
      |                                   [01;35m[K^~~~~~~~~[m[K
[01m[K/home/dongju/camel-amr-projects/src/amr-main-pkg/include/astar/Astar.hpp:29:9:[m[K [01;35m[Kwarning: [m[K  ‘[01m[Kint Astar_planning::dx1 [4][m[K’ [[01;35m[K-Wreorder[m[K]
   29 |     int [01;35m[Kdx1[m[K[4];
      |         [01;35m[K^~~[m[K
[01m[K/home/dongju/camel-amr-projects/src/amr-main-pkg/src/astar/Astar.cpp:17:1:[m[K [01;35m[Kwarning: [m[K  when initialized here [[01;35m[K-Wreorder[m[K]
   17 | [01;35m[KAstar_planning[m[K::Astar_planning()
      | [01;35m[K^~~~~~~~~~~~~~[m[K
[ 55%] [32m[1mLinking CXX static library libastar_lib.a[0m
[ 55%] Built target astar_lib
[01m[K/home/dongju/camel-amr-projects/src/amr-main-pkg/src/ObsDetection/ObsDetection.cpp:[m[K In member function ‘[01m[Kvoid ObsDetection::SaveObsInfo(std::vector<std::pair<std::pair<int, int>, std::pair<int, int> > >&, int)[m[K’:
[01m[K/home/dongju/camel-amr-projects/src/amr-main-pkg/src/ObsDetection/ObsDetection.cpp:9:15:[m[K [01;35m[Kwarning: [m[Kcomparison of integer expressions of different signedness: ‘[01m[Kint[m[K’ and ‘[01m[Kstd::vector<std::pair<std::pair<int, int>, std::pair<int, int> > >::size_type[m[K’ {aka ‘[01m[Klong unsigned int[m[K’} [[01;35m[K-Wsign-compare[m[K]
    9 | for(int i=0; [01;35m[Ki<LidarData.size()[m[K; i++ ){
      |              [01;35m[K~^~~~~~~~~~~~~~~~~[m[K
[01m[K/home/dongju/camel-amr-projects/src/amr-main-pkg/src/ClusteringDynamicObs/ClusteringDynamicObs.cpp:[m[K In member function ‘[01m[Kvoid ClusteringDynamicObs::ClusteringDynamicObstacle(int, int)[m[K’:
[01m[K/home/dongju/camel-amr-projects/src/amr-main-pkg/src/ClusteringDynamicObs/ClusteringDynamicObs.cpp:107:24:[m[K [01;35m[Kwarning: [m[Kcomparison of integer expressions of different signedness: ‘[01m[Kint[m[K’ and ‘[01m[Kstd::vector<int>::size_type[m[K’ {aka ‘[01m[Klong unsigned int[m[K’} [[01;35m[K-Wsign-compare[m[K]
  107 |     for (int i = 0 ; [01;35m[Ki < LabelingStack.size()[m[K ; i++)
      |                      [01;35m[K~~^~~~~~~~~~~~~~~~~~~~~~[m[K
[01m[K/home/dongju/camel-amr-projects/src/amr-main-pkg/src/ObsDetection/ObsDetection.cpp:19:15:[m[K [01;35m[Kwarning: [m[Kcomparison of integer expressions of different signedness: ‘[01m[Kint[m[K’ and ‘[01m[Kstd::vector<std::pair<std::pair<int, int>, std::pair<int, int> > >::size_type[m[K’ {aka ‘[01m[Klong unsigned int[m[K’} [[01;35m[K-Wsign-compare[m[K]
   19 | for(int i=0; [01;35m[Ki<LidarData.size()[m[K; i++ ){
      |              [01;35m[K~^~~~~~~~~~~~~~~~~[m[K
[01m[K/home/dongju/camel-amr-projects/src/amr-main-pkg/src/ObsDetection/ObsDetection.cpp:20:15:[m[K [01;35m[Kwarning: [m[Kcomparison of integer expressions of different signedness: ‘[01m[Kint[m[K’ and ‘[01m[Kstd::vector<ObsDetection::obs_info>::size_type[m[K’ {aka ‘[01m[Klong unsigned int[m[K’} [[01;35m[K-Wsign-compare[m[K]
   20 | for(int j=0; [01;35m[Kj<ObsLog.size()[m[K; j++){
      |              [01;35m[K~^~~~~~~~~~~~~~[m[K
[01m[K/home/dongju/camel-amr-projects/src/amr-main-pkg/src/ClusteringDynamicObs/ClusteringDynamicObs.cpp:115:24:[m[K [01;35m[Kwarning: [m[Kcomparison of integer expressions of different signedness: ‘[01m[Kint[m[K’ and ‘[01m[Kstd::vector<std::pair<std::pair<int, int>, std::pair<int, int> > >::size_type[m[K’ {aka ‘[01m[Klong unsigned int[m[K’} [[01;35m[K-Wsign-compare[m[K]
  115 |     for (int i = 0 ; [01;35m[Ki < LabelingArray.size()[m[K ; i++)
      |                      [01;35m[K~~^~~~~~~~~~~~~~~~~~~~~~[m[K
[01m[K/home/dongju/camel-amr-projects/src/amr-main-pkg/src/ObsDetection/ObsDetection.cpp:39:15:[m[K [01;35m[Kwarning: [m[Kcomparison of integer expressions of different signedness: ‘[01m[Kint[m[K’ and ‘[01m[Kstd::vector<ObsDetection::obs_info>::size_type[m[K’ {aka ‘[01m[Klong unsigned int[m[K’} [[01;35m[K-Wsign-compare[m[K]
   39 | for(int i=0; [01;35m[Ki<ObsLog.size()[m[K; i++){
      |              [01;35m[K~^~~~~~~~~~~~~~[m[K
[01m[K/home/dongju/camel-amr-projects/src/amr-main-pkg/src/ClusteringDynamicObs/ClusteringDynamicObs.cpp:[m[K In member function ‘[01m[Kvoid ClusteringDynamicObs::ConnectObs(int, int)[m[K’:
[01m[K/home/dongju/camel-amr-projects/src/amr-main-pkg/src/ClusteringDynamicObs/ClusteringDynamicObs.cpp:144:24:[m[K [01;35m[Kwarning: [m[Kcomparison of integer expressions of different signedness: ‘[01m[Kint[m[K’ and ‘[01m[Kstd::vector<std::pair<std::pair<int, int>, std::pair<int, int> > >::size_type[m[K’ {aka ‘[01m[Klong unsigned int[m[K’} [[01;35m[K-Wsign-compare[m[K]
  144 |     for (int i = 0 ; [01;35m[Ki < LabelingArray.size()[m[K ; i++)
      |                      [01;35m[K~~^~~~~~~~~~~~~~~~~~~~~~[m[K
[01m[K/home/dongju/camel-amr-projects/src/amr-main-pkg/src/ObsDetection/ObsDetection.cpp:[m[K In member function ‘[01m[Kvoid ObsDetection::Print()[m[K’:
[01m[K/home/dongju/camel-amr-projects/src/amr-main-pkg/src/ObsDetection/ObsDetection.cpp:51:19:[m[K [01;35m[Kwarning: [m[Kcomparison of integer expressions of different signedness: ‘[01m[Kint[m[K’ and ‘[01m[Kstd::vector<ObsDetection::obs_info>::size_type[m[K’ {aka ‘[01m[Klong unsigned int[m[K’} [[01;35m[K-Wsign-compare[m[K]
   51 |     for(int i=0; [01;35m[Ki<ObsLog.size()[m[K; i++){
      |                  [01;35m[K~^~~~~~~~~~~~~~[m[K
[01m[K/home/dongju/camel-amr-projects/src/amr-main-pkg/src/ObsDetection/ObsDetection.cpp:[m[K In member function ‘[01m[Kvoid ObsDetection::Prediction()[m[K’:
[01m[K/home/dongju/camel-amr-projects/src/amr-main-pkg/src/ObsDetection/ObsDetection.cpp:73:22:[m[K [01;35m[Kwarning: [m[Kcomparison of integer expressions of different signedness: ‘[01m[Kint[m[K’ and ‘[01m[Kstd::vector<ObsDetection::obs_info>::size_type[m[K’ {aka ‘[01m[Klong unsigned int[m[K’} [[01;35m[K-Wsign-compare[m[K]
   73 |     for(int i = 0; [01;35m[Ki < ObsLog.size()[m[K; i++){
      |                    [01;35m[K~~^~~~~~~~~~~~~~~[m[K
[01m[K/home/dongju/camel-amr-projects/src/amr-main-pkg/src/ObsDetection/ObsDetection.cpp:[m[K In member function ‘[01m[Kvoid ObsDetection::Pred_Print()[m[K’:
[01m[K/home/dongju/camel-amr-projects/src/amr-main-pkg/src/ObsDetection/ObsDetection.cpp:119:19:[m[K [01;35m[Kwarning: [m[Kcomparison of integer expressions of different signedness: ‘[01m[Kint[m[K’ and ‘[01m[Kstd::vector<ObsDetection::obs_info>::size_type[m[K’ {aka ‘[01m[Klong unsigned int[m[K’} [[01;35m[K-Wsign-compare[m[K]
  119 |     for(int i=0; [01;35m[Ki<ObsPredPoint.size()[m[K; i++){
      |                  [01;35m[K~^~~~~~~~~~~~~~~~~~~~[m[K
[ 61%] [32m[1mLinking CXX static library libclusteringDynamicObs_lib.a[0m
[ 61%] Built target clusteringDynamicObs_lib
[ 66%] [32m[1mLinking CXX static library libobsDetection_lib.a[0m
[ 66%] Built target obsDetection_lib
[ 72%] [34m[1mAutomatic MOC and UIC for target simulmain[0m
[ 72%] Built target simulmain_autogen
[ 83%] [32mBuilding CXX object CMakeFiles/simulmain.dir/src/simulmain/simul_main.cpp.o[0m
[ 83%] [32mBuilding CXX object CMakeFiles/simulmain.dir/simulmain_autogen/mocs_compilation.cpp.o[0m
[ 88%] [32mBuilding CXX object CMakeFiles/simulmain.dir/src/Amr_UI/mainwindow.cpp.o[0m
[ 94%] [32mBuilding CXX object CMakeFiles/simulmain.dir/src/Amr_UI/qcustomplot.cpp.o[0m
[01m[K/home/dongju/camel-amr-projects/src/amr-main-pkg/src/Amr_UI/qcustomplot.cpp:[m[K In member function ‘[01m[KQPointF QCPLabelPainterPrivate::getAnchorPos(const QPointF&)[m[K’:
[01m[K/home/dongju/camel-amr-projects/src/amr-main-pkg/src/Amr_UI/qcustomplot.cpp:5752:1:[m[K [01;35m[Kwarning: [m[Kthis statement may fall through [[01;35m[K-Wimplicit-fallthrough=[m[K]
 5752 | [01;35m[Kswitch[m[K (mAnchorSide)
      | [01;35m[K^~~~~~[m[K
[01m[K/home/dongju/camel-amr-projects/src/amr-main-pkg/src/Amr_UI/qcustomplot.cpp:5764:1:[m[K [01;36m[Knote: [m[Khere
 5764 | [01;36m[Kcase[m[K amSkewedUpright:
      | [01;36m[K^~~~[m[K
[100%] [32m[1mLinking CXX executable simulmain[0m
[100%] Built target simulmain
-- Install configuration: ""
-- Installing: /home/dongju/camel-amr-projects/install/amr-main-pkg/include
-- Installing: /home/dongju/camel-amr-projects/install/amr-main-pkg/include/ObsDetection
-- Installing: /home/dongju/camel-amr-projects/install/amr-main-pkg/include/ObsDetection/ObsDetection.hpp
-- Installing: /home/dongju/camel-amr-projects/install/amr-main-pkg/include/astar
-- Installing: /home/dongju/camel-amr-projects/install/amr-main-pkg/include/astar/Astar.hpp
-- Installing: /home/dongju/camel-amr-projects/install/amr-main-pkg/include/Variables
-- Installing: /home/dongju/camel-amr-projects/install/amr-main-pkg/include/Variables/Variable.hpp
-- Installing: /home/dongju/camel-amr-projects/install/amr-main-pkg/include/Variables/mapinfo.hpp
-- Installing: /home/dongju/camel-amr-projects/install/amr-main-pkg/include/Variables/SharedMemory.h
-- Installing: /home/dongju/camel-amr-projects/install/amr-main-pkg/include/ClusteringDynamicObs
-- Installing: /home/dongju/camel-amr-projects/install/amr-main-pkg/include/ClusteringDynamicObs/ClusteringDynamicObs.hpp
-- Installing: /home/dongju/camel-amr-projects/install/amr-main-pkg/include/simulmain
-- Installing: /home/dongju/camel-amr-projects/install/amr-main-pkg/include/simulmain/simul_main.hpp
-- Installing: /home/dongju/camel-amr-projects/install/amr-main-pkg/lib/libastar_lib.a
-- Installing: /home/dongju/camel-amr-projects/install/amr-main-pkg/lib/libobsDetection_lib.a
-- Installing: /home/dongju/camel-amr-projects/install/amr-main-pkg/lib/libclusteringDynamicObs_lib.a
-- Installing: /home/dongju/camel-amr-projects/install/amr-main-pkg/lib/amr-main-pkg/simulmain
-- Set runtime path of "/home/dongju/camel-amr-projects/install/amr-main-pkg/lib/amr-main-pkg/simulmain" to ""
-- Installing: /home/dongju/camel-amr-projects/install/amr-main-pkg/share/amr-main-pkg/launch
-- Installing: /home/dongju/camel-amr-projects/install/amr-main-pkg/share/amr-main-pkg/launch/t
-- Installing: /home/dongju/camel-amr-projects/install/amr-main-pkg/share/amr-main-pkg/param
-- Installing: /home/dongju/camel-amr-projects/install/amr-main-pkg/share/amr-main-pkg/param/amr_config.yaml
-- Installing: /home/dongju/camel-amr-projects/install/amr-main-pkg/share/ament_index/resource_index/package_run_dependencies/amr-main-pkg
-- Installing: /home/dongju/camel-amr-projects/install/amr-main-pkg/share/ament_index/resource_index/parent_prefix_path/amr-main-pkg
-- Installing: /home/dongju/camel-amr-projects/install/amr-main-pkg/share/amr-main-pkg/environment/ament_prefix_path.sh
-- Installing: /home/dongju/camel-amr-projects/install/amr-main-pkg/share/amr-main-pkg/environment/ament_prefix_path.dsv
-- Installing: /home/dongju/camel-amr-projects/install/amr-main-pkg/share/amr-main-pkg/environment/path.sh
-- Installing: /home/dongju/camel-amr-projects/install/amr-main-pkg/share/amr-main-pkg/environment/path.dsv
-- Installing: /home/dongju/camel-amr-projects/install/amr-main-pkg/share/amr-main-pkg/local_setup.bash
-- Installing: /home/dongju/camel-amr-projects/install/amr-main-pkg/share/amr-main-pkg/local_setup.sh
-- Installing: /home/dongju/camel-amr-projects/install/amr-main-pkg/share/amr-main-pkg/local_setup.zsh
-- Installing: /home/dongju/camel-amr-projects/install/amr-main-pkg/share/amr-main-pkg/local_setup.dsv
-- Installing: /home/dongju/camel-amr-projects/install/amr-main-pkg/share/amr-main-pkg/package.dsv
-- Installing: /home/dongju/camel-amr-projects/install/amr-main-pkg/share/ament_index/resource_index/packages/amr-main-pkg
-- Installing: /home/dongju/camel-amr-projects/install/amr-main-pkg/share/amr-main-pkg/cmake/amr-main-pkgConfig.cmake
-- Installing: /home/dongju/camel-amr-projects/install/amr-main-pkg/share/amr-main-pkg/cmake/amr-main-pkgConfig-version.cmake
-- Installing: /home/dongju/camel-amr-projects/install/amr-main-pkg/share/amr-main-pkg/package.xml
