[0.012s] Invoking command in '/home/sangjun/camel-amr-projects-UI/build/amr-main-pkg': CMAKE_PREFIX_PATH=/home/sangjun/camel-amr-projects-UI/install/amr_msg_interfaces:/home/sangjun/camel-amr-projects-UI/install/amr-main-pkg:/home/sangjun/camel-amr-projects-UI/install/amr-obstacle-pkg:/home/sangjun/camel-amr-projects-UI/install/amr-gazebo-pkg:/opt/ros/foxy:/home/sangjun/catkin_ws/devel:/opt/ros/noetic /usr/local/bin/cmake --build /home/sangjun/camel-amr-projects-UI/build/amr-main-pkg -- -j6 -l6
[0.036s] [  3%] [34m[1mAutomatic MOC and UIC for target astar_lib[0m
[0.036s] [  7%] [34m[1mAutomatic MOC and UIC for target clusteringDynamicObs_lib[0m
[0.037s] [ 11%] [34m[1mAutomatic MOC and UIC for target visualize_lib[0m
[0.038s] [ 15%] [34m[1mAutomatic MOC and UIC for target dynamicObstacle_lib[0m
[0.038s] [ 19%] [34m[1mAutomatic MOC and UIC for target obsDetection_lib[0m
[0.044s] [ 19%] Built target dynamicObstacle_lib_autogen
[0.045s] [ 19%] Built target astar_lib_autogen
[0.045s] [ 19%] Built target obsDetection_lib_autogen
[0.047s] [ 19%] Built target visualize_lib_autogen
[0.047s] [ 19%] Built target clusteringDynamicObs_lib_autogen
[0.054s] [ 30%] Built target visualize_lib
[0.054s] [ 42%] Built target obsDetection_lib
[0.055s] [ 53%] Built target astar_lib
[0.055s] [ 65%] Built target dynamicObstacle_lib
[0.058s] [ 76%] Built target clusteringDynamicObs_lib
[0.065s] [ 80%] [34m[1mAutomatic MOC and UIC for target simulmain[0m
[0.071s] [ 80%] Built target simulmain_autogen
[0.079s] [35m[1mConsolidate compiler generated dependencies of target simulmain[0m
[0.097s] [ 84%] [32mBuilding CXX object CMakeFiles/simulmain.dir/src/simulmain/mainwindow.cpp.o[0m
[0.699s] In file included from [01m[K/home/sangjun/camel-amr-projects-UI/src/amr-main-pkg/src/simulmain/mainwindow.cpp:2[m[K:
[0.699s] [01m[K/home/sangjun/camel-amr-projects-UI/src/amr-main-pkg/src/simulmain/ui_mainwindow.h:[m[K In member function ‘[01m[Kvoid Ui_MainWindow::retranslateUi(QMainWindow*)[m[K’:
[0.699s] [01m[K/home/sangjun/camel-amr-projects-UI/src/amr-main-pkg/src/simulmain/ui_mainwindow.h:76:9:[m[K [01;31m[Kerror: [m[K‘[01m[KpushButton[m[K’ was not declared in this scope; did you mean ‘[01m[KQPushButton[m[K’?
[0.699s]    76 |         [01;31m[KpushButton[m[K->setText(QApplication::translate("MainWindow", "Chsafdasfeck", nullptr));
[0.699s]       |         [01;31m[K^~~~~~~~~~[m[K
[0.699s]       |         [32m[KQPushButton[m[K
[0.789s] make[2]: *** [CMakeFiles/simulmain.dir/build.make:118: CMakeFiles/simulmain.dir/src/simulmain/mainwindow.cpp.o] Error 1
[0.789s] make[1]: *** [CMakeFiles/Makefile2:184: CMakeFiles/simulmain.dir/all] Error 2
[0.789s] make: *** [Makefile:146: all] Error 2
[0.791s] Invoked command in '/home/sangjun/camel-amr-projects-UI/build/amr-main-pkg' returned '2': CMAKE_PREFIX_PATH=/home/sangjun/camel-amr-projects-UI/install/amr_msg_interfaces:/home/sangjun/camel-amr-projects-UI/install/amr-main-pkg:/home/sangjun/camel-amr-projects-UI/install/amr-obstacle-pkg:/home/sangjun/camel-amr-projects-UI/install/amr-gazebo-pkg:/opt/ros/foxy:/home/sangjun/catkin_ws/devel:/opt/ros/noetic /usr/local/bin/cmake --build /home/sangjun/camel-amr-projects-UI/build/amr-main-pkg -- -j6 -l6
