[0.020s] Invoking command in '/home/percy/camel-amr-projects/build/amr-gazebo-pkg': CMAKE_PREFIX_PATH=${CMAKE_PREFIX_PATH}:/opt/ros/foxy /usr/local/bin/cmake --build /home/percy/camel-amr-projects/build/amr-gazebo-pkg -- -j6 -l6
[0.040s] Invoked command in '/home/percy/camel-amr-projects/build/amr-gazebo-pkg' returned '0': CMAKE_PREFIX_PATH=${CMAKE_PREFIX_PATH}:/opt/ros/foxy /usr/local/bin/cmake --build /home/percy/camel-amr-projects/build/amr-gazebo-pkg -- -j6 -l6
[0.063s] Invoking command in '/home/percy/camel-amr-projects/build/amr-gazebo-pkg': CMAKE_PREFIX_PATH=${CMAKE_PREFIX_PATH}:/opt/ros/foxy /usr/local/bin/cmake --install /home/percy/camel-amr-projects/build/amr-gazebo-pkg
[0.077s] -- Install configuration: ""
[0.078s] -- Execute custom install script
[0.078s] -- Up-to-date symlink: /home/percy/camel-amr-projects/install/amr-gazebo-pkg/share/amr-gazebo-pkg/launch/maze_world.launch.py
[0.078s] -- Up-to-date symlink: /home/percy/camel-amr-projects/install/amr-gazebo-pkg/share/amr-gazebo-pkg/worlds/AMR_factory.world
[0.078s] -- Up-to-date symlink: /home/percy/camel-amr-projects/install/amr-gazebo-pkg/share/amr-gazebo-pkg/worlds/Factory.world
[0.078s] -- Up-to-date symlink: /home/percy/camel-amr-projects/install/amr-gazebo-pkg/share/amr-gazebo-pkg/worlds/simplemap.world
[0.078s] -- Up-to-date symlink: /home/percy/camel-amr-projects/install/amr-gazebo-pkg/share/amr-gazebo-pkg/urdf/diffbot.gazebo
[0.078s] -- Up-to-date symlink: /home/percy/camel-amr-projects/install/amr-gazebo-pkg/share/amr-gazebo-pkg/urdf/diffbot.urdf
[0.078s] -- Up-to-date symlink: /home/percy/camel-amr-projects/install/amr-gazebo-pkg/share/amr-gazebo-pkg/urdf/diffbot.urdf.xacro
[0.078s] -- Up-to-date symlink: /home/percy/camel-amr-projects/install/amr-gazebo-pkg/share/amr-gazebo-pkg/urdf/diffbot_amr.urdf
[0.078s] -- Up-to-date symlink: /home/percy/camel-amr-projects/install/amr-gazebo-pkg/share/amr-gazebo-pkg/urdf/diffbot_amr_obstacle.urdf
[0.079s] -- Up-to-date symlink: /home/percy/camel-amr-projects/install/amr-gazebo-pkg/share/amr-gazebo-pkg/rviz/diffbot.rviz
[0.079s] -- Up-to-date symlink: /home/percy/camel-amr-projects/install/amr-gazebo-pkg/share/amr-gazebo-pkg/rviz/diffbot_amr.rviz
[0.079s] -- Up-to-date symlink: /home/percy/camel-amr-projects/install/amr-gazebo-pkg/share/ament_index/resource_index/package_run_dependencies/amr-gazebo-pkg
[0.080s] -- Up-to-date symlink: /home/percy/camel-amr-projects/install/amr-gazebo-pkg/share/ament_index/resource_index/parent_prefix_path/amr-gazebo-pkg
[0.080s] -- Up-to-date symlink: /home/percy/camel-amr-projects/install/amr-gazebo-pkg/share/amr-gazebo-pkg/environment/ament_prefix_path.sh
[0.080s] -- Up-to-date symlink: /home/percy/camel-amr-projects/install/amr-gazebo-pkg/share/amr-gazebo-pkg/environment/ament_prefix_path.dsv
[0.080s] -- Up-to-date symlink: /home/percy/camel-amr-projects/install/amr-gazebo-pkg/share/amr-gazebo-pkg/environment/path.sh
[0.080s] -- Up-to-date symlink: /home/percy/camel-amr-projects/install/amr-gazebo-pkg/share/amr-gazebo-pkg/environment/path.dsv
[0.080s] -- Up-to-date symlink: /home/percy/camel-amr-projects/install/amr-gazebo-pkg/share/amr-gazebo-pkg/local_setup.bash
[0.080s] -- Up-to-date symlink: /home/percy/camel-amr-projects/install/amr-gazebo-pkg/share/amr-gazebo-pkg/local_setup.sh
[0.081s] -- Up-to-date symlink: /home/percy/camel-amr-projects/install/amr-gazebo-pkg/share/amr-gazebo-pkg/local_setup.zsh
[0.081s] -- Up-to-date symlink: /home/percy/camel-amr-projects/install/amr-gazebo-pkg/share/amr-gazebo-pkg/local_setup.dsv
[0.081s] -- Symlinking: /home/percy/camel-amr-projects/install/amr-gazebo-pkg/share/amr-gazebo-pkg/package.dsv
[0.082s] -- Up-to-date symlink: /home/percy/camel-amr-projects/install/amr-gazebo-pkg/share/ament_index/resource_index/packages/amr-gazebo-pkg
[0.082s] -- Up-to-date symlink: /home/percy/camel-amr-projects/install/amr-gazebo-pkg/share/amr-gazebo-pkg/cmake/amr-gazebo-pkgConfig.cmake
[0.083s] -- Up-to-date symlink: /home/percy/camel-amr-projects/install/amr-gazebo-pkg/share/amr-gazebo-pkg/cmake/amr-gazebo-pkgConfig-version.cmake
[0.083s] -- Up-to-date symlink: /home/percy/camel-amr-projects/install/amr-gazebo-pkg/share/amr-gazebo-pkg/package.xml
[0.087s] Invoked command in '/home/percy/camel-amr-projects/build/amr-gazebo-pkg' returned '0': CMAKE_PREFIX_PATH=${CMAKE_PREFIX_PATH}:/opt/ros/foxy /usr/local/bin/cmake --install /home/percy/camel-amr-projects/build/amr-gazebo-pkg
