[0.303s] DEBUG:colcon:Command line arguments: ['/usr/bin/colcon', 'build', '--symlink-install']
[0.303s] DEBUG:colcon:Parsed command line arguments: Namespace(allow_overriding=[], ament_cmake_args=None, base_paths=['.'], build_base='build', catkin_cmake_args=None, catkin_skip_building_tests=False, cmake_args=None, cmake_clean_cache=False, cmake_clean_first=False, cmake_force_configure=False, cmake_target=None, cmake_target_skip_unavailable=False, continue_on_error=False, event_handlers=None, executor='parallel', ignore_user_meta=False, install_base='install', log_base=None, log_level=None, main=<bound method BuildVerb.main of <colcon_core.verb.build.BuildVerb object at 0x7ff5fc728100>>, merge_install=False, metas=['./colcon.meta'], packages_above=None, packages_above_and_dependencies=None, packages_above_depth=None, packages_end=None, packages_ignore=None, packages_ignore_regex=None, packages_select=None, packages_select_build_failed=False, packages_select_by_dep=None, packages_select_regex=None, packages_select_test_failures=False, packages_skip=None, packages_skip_build_finished=False, packages_skip_by_dep=None, packages_skip_regex=None, packages_skip_test_passed=False, packages_skip_up_to=None, packages_start=None, packages_up_to=None, packages_up_to_regex=None, parallel_workers=6, paths=None, symlink_install=True, test_result_base=None, verb_extension=<colcon_core.verb.build.BuildVerb object at 0x7ff5fc728100>, verb_name='build', verb_parser=<colcon_defaults.argument_parser.defaults.DefaultArgumentsDecorator object at 0x7ff5fc728640>)
[0.321s] Level 1:colcon.colcon_core.package_discovery:discover_packages(colcon_meta) check parameters
[0.321s] Level 1:colcon.colcon_core.package_discovery:discover_packages(recursive) check parameters
[0.321s] Level 1:colcon.colcon_core.package_discovery:discover_packages(ignore) check parameters
[0.321s] Level 1:colcon.colcon_core.package_discovery:discover_packages(path) check parameters
[0.321s] Level 1:colcon.colcon_core.package_discovery:discover_packages(colcon_meta) discover
[0.321s] Level 1:colcon.colcon_core.package_discovery:discover_packages(recursive) discover
[0.322s] INFO:colcon.colcon_core.package_discovery:Crawling recursively for packages in '/home/sangjun/camel-amr-projects-UI'
[0.322s] Level 1:colcon.colcon_core.package_identification:_identify(.) by extensions ['ignore', 'ignore_ament_install']
[0.322s] Level 1:colcon.colcon_core.package_identification:_identify(.) by extension 'ignore'
[0.322s] Level 1:colcon.colcon_core.package_identification:_identify(.) by extension 'ignore_ament_install'
[0.322s] Level 1:colcon.colcon_core.package_identification:_identify(.) by extensions ['colcon_pkg']
[0.322s] Level 1:colcon.colcon_core.package_identification:_identify(.) by extension 'colcon_pkg'
[0.322s] Level 1:colcon.colcon_core.package_identification:_identify(.) by extensions ['colcon_meta']
[0.322s] Level 1:colcon.colcon_core.package_identification:_identify(.) by extension 'colcon_meta'
[0.322s] Level 1:colcon.colcon_core.package_identification:_identify(.) by extensions ['ros']
[0.322s] Level 1:colcon.colcon_core.package_identification:_identify(.) by extension 'ros'
[0.335s] Level 1:colcon.colcon_core.package_identification:_identify(.) by extensions ['cmake', 'python']
[0.335s] Level 1:colcon.colcon_core.package_identification:_identify(.) by extension 'cmake'
[0.335s] Level 1:colcon.colcon_core.package_identification:_identify(.) by extension 'python'
[0.335s] Level 1:colcon.colcon_core.package_identification:_identify(.) by extensions ['python_setup_py']
[0.335s] Level 1:colcon.colcon_core.package_identification:_identify(.) by extension 'python_setup_py'
[0.335s] Level 1:colcon.colcon_core.package_identification:_identify(build) by extensions ['ignore', 'ignore_ament_install']
[0.335s] Level 1:colcon.colcon_core.package_identification:_identify(build) by extension 'ignore'
[0.335s] Level 1:colcon.colcon_core.package_identification:_identify(build) ignored
[0.335s] Level 1:colcon.colcon_core.package_identification:_identify(install) by extensions ['ignore', 'ignore_ament_install']
[0.336s] Level 1:colcon.colcon_core.package_identification:_identify(install) by extension 'ignore'
[0.336s] Level 1:colcon.colcon_core.package_identification:_identify(install) ignored
[0.336s] Level 1:colcon.colcon_core.package_identification:_identify(log) by extensions ['ignore', 'ignore_ament_install']
[0.336s] Level 1:colcon.colcon_core.package_identification:_identify(log) by extension 'ignore'
[0.336s] Level 1:colcon.colcon_core.package_identification:_identify(log) ignored
[0.336s] Level 1:colcon.colcon_core.package_identification:_identify(src) by extensions ['ignore', 'ignore_ament_install']
[0.336s] Level 1:colcon.colcon_core.package_identification:_identify(src) by extension 'ignore'
[0.336s] Level 1:colcon.colcon_core.package_identification:_identify(src) by extension 'ignore_ament_install'
[0.336s] Level 1:colcon.colcon_core.package_identification:_identify(src) by extensions ['colcon_pkg']
[0.336s] Level 1:colcon.colcon_core.package_identification:_identify(src) by extension 'colcon_pkg'
[0.336s] Level 1:colcon.colcon_core.package_identification:_identify(src) by extensions ['colcon_meta']
[0.336s] Level 1:colcon.colcon_core.package_identification:_identify(src) by extension 'colcon_meta'
[0.336s] Level 1:colcon.colcon_core.package_identification:_identify(src) by extensions ['ros']
[0.336s] Level 1:colcon.colcon_core.package_identification:_identify(src) by extension 'ros'
[0.336s] Level 1:colcon.colcon_core.package_identification:_identify(src) by extensions ['cmake', 'python']
[0.336s] Level 1:colcon.colcon_core.package_identification:_identify(src) by extension 'cmake'
[0.336s] Level 1:colcon.colcon_core.package_identification:_identify(src) by extension 'python'
[0.336s] Level 1:colcon.colcon_core.package_identification:_identify(src) by extensions ['python_setup_py']
[0.336s] Level 1:colcon.colcon_core.package_identification:_identify(src) by extension 'python_setup_py'
[0.336s] Level 1:colcon.colcon_core.package_identification:_identify(src/amr-gazebo-pkg) by extensions ['ignore', 'ignore_ament_install']
[0.336s] Level 1:colcon.colcon_core.package_identification:_identify(src/amr-gazebo-pkg) by extension 'ignore'
[0.336s] Level 1:colcon.colcon_core.package_identification:_identify(src/amr-gazebo-pkg) by extension 'ignore_ament_install'
[0.336s] Level 1:colcon.colcon_core.package_identification:_identify(src/amr-gazebo-pkg) by extensions ['colcon_pkg']
[0.336s] Level 1:colcon.colcon_core.package_identification:_identify(src/amr-gazebo-pkg) by extension 'colcon_pkg'
[0.336s] Level 1:colcon.colcon_core.package_identification:_identify(src/amr-gazebo-pkg) by extensions ['colcon_meta']
[0.336s] Level 1:colcon.colcon_core.package_identification:_identify(src/amr-gazebo-pkg) by extension 'colcon_meta'
[0.336s] Level 1:colcon.colcon_core.package_identification:_identify(src/amr-gazebo-pkg) by extensions ['ros']
[0.336s] Level 1:colcon.colcon_core.package_identification:_identify(src/amr-gazebo-pkg) by extension 'ros'
[0.338s] DEBUG:colcon.colcon_core.package_identification:Package 'src/amr-gazebo-pkg' with type 'ros.ament_cmake' and name 'amr-gazebo-pkg'
[0.338s] Level 1:colcon.colcon_core.package_identification:_identify(src/amr-main-pkg) by extensions ['ignore', 'ignore_ament_install']
[0.338s] Level 1:colcon.colcon_core.package_identification:_identify(src/amr-main-pkg) by extension 'ignore'
[0.338s] Level 1:colcon.colcon_core.package_identification:_identify(src/amr-main-pkg) by extension 'ignore_ament_install'
[0.338s] Level 1:colcon.colcon_core.package_identification:_identify(src/amr-main-pkg) by extensions ['colcon_pkg']
[0.338s] Level 1:colcon.colcon_core.package_identification:_identify(src/amr-main-pkg) by extension 'colcon_pkg'
[0.339s] Level 1:colcon.colcon_core.package_identification:_identify(src/amr-main-pkg) by extensions ['colcon_meta']
[0.339s] Level 1:colcon.colcon_core.package_identification:_identify(src/amr-main-pkg) by extension 'colcon_meta'
[0.339s] Level 1:colcon.colcon_core.package_identification:_identify(src/amr-main-pkg) by extensions ['ros']
[0.339s] Level 1:colcon.colcon_core.package_identification:_identify(src/amr-main-pkg) by extension 'ros'
[0.339s] DEBUG:colcon.colcon_core.package_identification:Package 'src/amr-main-pkg' with type 'ros.ament_cmake' and name 'amr-main-pkg'
[0.339s] Level 1:colcon.colcon_core.package_identification:_identify(src/amr-obstacle-pkg) by extensions ['ignore', 'ignore_ament_install']
[0.339s] Level 1:colcon.colcon_core.package_identification:_identify(src/amr-obstacle-pkg) by extension 'ignore'
[0.339s] Level 1:colcon.colcon_core.package_identification:_identify(src/amr-obstacle-pkg) by extension 'ignore_ament_install'
[0.339s] Level 1:colcon.colcon_core.package_identification:_identify(src/amr-obstacle-pkg) by extensions ['colcon_pkg']
[0.339s] Level 1:colcon.colcon_core.package_identification:_identify(src/amr-obstacle-pkg) by extension 'colcon_pkg'
[0.339s] Level 1:colcon.colcon_core.package_identification:_identify(src/amr-obstacle-pkg) by extensions ['colcon_meta']
[0.339s] Level 1:colcon.colcon_core.package_identification:_identify(src/amr-obstacle-pkg) by extension 'colcon_meta'
[0.339s] Level 1:colcon.colcon_core.package_identification:_identify(src/amr-obstacle-pkg) by extensions ['ros']
[0.340s] Level 1:colcon.colcon_core.package_identification:_identify(src/amr-obstacle-pkg) by extension 'ros'
[0.340s] DEBUG:colcon.colcon_core.package_identification:Package 'src/amr-obstacle-pkg' with type 'ros.ament_cmake' and name 'amr-obstacle-pkg'
[0.340s] Level 1:colcon.colcon_core.package_identification:_identify(src/amr_msg_interfaces) by extensions ['ignore', 'ignore_ament_install']
[0.340s] Level 1:colcon.colcon_core.package_identification:_identify(src/amr_msg_interfaces) by extension 'ignore'
[0.340s] Level 1:colcon.colcon_core.package_identification:_identify(src/amr_msg_interfaces) by extension 'ignore_ament_install'
[0.340s] Level 1:colcon.colcon_core.package_identification:_identify(src/amr_msg_interfaces) by extensions ['colcon_pkg']
[0.340s] Level 1:colcon.colcon_core.package_identification:_identify(src/amr_msg_interfaces) by extension 'colcon_pkg'
[0.340s] Level 1:colcon.colcon_core.package_identification:_identify(src/amr_msg_interfaces) by extensions ['colcon_meta']
[0.340s] Level 1:colcon.colcon_core.package_identification:_identify(src/amr_msg_interfaces) by extension 'colcon_meta'
[0.340s] Level 1:colcon.colcon_core.package_identification:_identify(src/amr_msg_interfaces) by extensions ['ros']
[0.340s] Level 1:colcon.colcon_core.package_identification:_identify(src/amr_msg_interfaces) by extension 'ros'
[0.341s] DEBUG:colcon.colcon_core.package_identification:Package 'src/amr_msg_interfaces' with type 'ros.ament_cmake' and name 'amr_msg_interfaces'
[0.341s] Level 1:colcon.colcon_core.package_discovery:discover_packages(recursive) using defaults
[0.341s] Level 1:colcon.colcon_core.package_discovery:discover_packages(ignore) discover
[0.341s] Level 1:colcon.colcon_core.package_discovery:discover_packages(ignore) using defaults
[0.341s] Level 1:colcon.colcon_core.package_discovery:discover_packages(path) discover
[0.341s] Level 1:colcon.colcon_core.package_discovery:discover_packages(path) using defaults
[0.373s] Level 1:colcon.colcon_core.package_discovery:discover_packages(prefix_path) check parameters
[0.373s] Level 1:colcon.colcon_core.package_discovery:discover_packages(prefix_path) discover
[0.375s] DEBUG:colcon.colcon_installed_package_information.package_discovery:Found 4 installed packages in /home/sangjun/camel-amr-projects-UI/install
[0.376s] DEBUG:colcon.colcon_installed_package_information.package_discovery:Found 344 installed packages in /opt/ros/foxy
[0.379s] Level 1:colcon.colcon_core.package_discovery:discover_packages(prefix_path) using defaults
[0.434s] Level 5:colcon.colcon_core.verb:set package 'amr-gazebo-pkg' build argument 'cmake_args' from command line to 'None'
[0.434s] Level 5:colcon.colcon_core.verb:set package 'amr-gazebo-pkg' build argument 'cmake_target' from command line to 'None'
[0.434s] Level 5:colcon.colcon_core.verb:set package 'amr-gazebo-pkg' build argument 'cmake_target_skip_unavailable' from command line to 'False'
[0.434s] Level 5:colcon.colcon_core.verb:set package 'amr-gazebo-pkg' build argument 'cmake_clean_cache' from command line to 'False'
[0.434s] Level 5:colcon.colcon_core.verb:set package 'amr-gazebo-pkg' build argument 'cmake_clean_first' from command line to 'False'
[0.434s] Level 5:colcon.colcon_core.verb:set package 'amr-gazebo-pkg' build argument 'cmake_force_configure' from command line to 'False'
[0.434s] Level 5:colcon.colcon_core.verb:set package 'amr-gazebo-pkg' build argument 'ament_cmake_args' from command line to 'None'
[0.434s] Level 5:colcon.colcon_core.verb:set package 'amr-gazebo-pkg' build argument 'catkin_cmake_args' from command line to 'None'
[0.434s] Level 5:colcon.colcon_core.verb:set package 'amr-gazebo-pkg' build argument 'catkin_skip_building_tests' from command line to 'False'
[0.434s] DEBUG:colcon.colcon_core.verb:Building package 'amr-gazebo-pkg' with the following arguments: {'ament_cmake_args': None, 'build_base': '/home/sangjun/camel-amr-projects-UI/build/amr-gazebo-pkg', 'catkin_cmake_args': None, 'catkin_skip_building_tests': False, 'cmake_args': None, 'cmake_clean_cache': False, 'cmake_clean_first': False, 'cmake_force_configure': False, 'cmake_target': None, 'cmake_target_skip_unavailable': False, 'install_base': '/home/sangjun/camel-amr-projects-UI/install/amr-gazebo-pkg', 'merge_install': False, 'path': '/home/sangjun/camel-amr-projects-UI/src/amr-gazebo-pkg', 'symlink_install': True, 'test_result_base': None}
[0.435s] Level 5:colcon.colcon_core.verb:set package 'amr-obstacle-pkg' build argument 'cmake_args' from command line to 'None'
[0.435s] Level 5:colcon.colcon_core.verb:set package 'amr-obstacle-pkg' build argument 'cmake_target' from command line to 'None'
[0.435s] Level 5:colcon.colcon_core.verb:set package 'amr-obstacle-pkg' build argument 'cmake_target_skip_unavailable' from command line to 'False'
[0.435s] Level 5:colcon.colcon_core.verb:set package 'amr-obstacle-pkg' build argument 'cmake_clean_cache' from command line to 'False'
[0.435s] Level 5:colcon.colcon_core.verb:set package 'amr-obstacle-pkg' build argument 'cmake_clean_first' from command line to 'False'
[0.435s] Level 5:colcon.colcon_core.verb:set package 'amr-obstacle-pkg' build argument 'cmake_force_configure' from command line to 'False'
[0.435s] Level 5:colcon.colcon_core.verb:set package 'amr-obstacle-pkg' build argument 'ament_cmake_args' from command line to 'None'
[0.435s] Level 5:colcon.colcon_core.verb:set package 'amr-obstacle-pkg' build argument 'catkin_cmake_args' from command line to 'None'
[0.435s] Level 5:colcon.colcon_core.verb:set package 'amr-obstacle-pkg' build argument 'catkin_skip_building_tests' from command line to 'False'
[0.435s] DEBUG:colcon.colcon_core.verb:Building package 'amr-obstacle-pkg' with the following arguments: {'ament_cmake_args': None, 'build_base': '/home/sangjun/camel-amr-projects-UI/build/amr-obstacle-pkg', 'catkin_cmake_args': None, 'catkin_skip_building_tests': False, 'cmake_args': None, 'cmake_clean_cache': False, 'cmake_clean_first': False, 'cmake_force_configure': False, 'cmake_target': None, 'cmake_target_skip_unavailable': False, 'install_base': '/home/sangjun/camel-amr-projects-UI/install/amr-obstacle-pkg', 'merge_install': False, 'path': '/home/sangjun/camel-amr-projects-UI/src/amr-obstacle-pkg', 'symlink_install': True, 'test_result_base': None}
[0.436s] Level 5:colcon.colcon_core.verb:set package 'amr_msg_interfaces' build argument 'cmake_args' from command line to 'None'
[0.436s] Level 5:colcon.colcon_core.verb:set package 'amr_msg_interfaces' build argument 'cmake_target' from command line to 'None'
[0.436s] Level 5:colcon.colcon_core.verb:set package 'amr_msg_interfaces' build argument 'cmake_target_skip_unavailable' from command line to 'False'
[0.436s] Level 5:colcon.colcon_core.verb:set package 'amr_msg_interfaces' build argument 'cmake_clean_cache' from command line to 'False'
[0.436s] Level 5:colcon.colcon_core.verb:set package 'amr_msg_interfaces' build argument 'cmake_clean_first' from command line to 'False'
[0.436s] Level 5:colcon.colcon_core.verb:set package 'amr_msg_interfaces' build argument 'cmake_force_configure' from command line to 'False'
[0.436s] Level 5:colcon.colcon_core.verb:set package 'amr_msg_interfaces' build argument 'ament_cmake_args' from command line to 'None'
[0.436s] Level 5:colcon.colcon_core.verb:set package 'amr_msg_interfaces' build argument 'catkin_cmake_args' from command line to 'None'
[0.436s] Level 5:colcon.colcon_core.verb:set package 'amr_msg_interfaces' build argument 'catkin_skip_building_tests' from command line to 'False'
[0.436s] DEBUG:colcon.colcon_core.verb:Building package 'amr_msg_interfaces' with the following arguments: {'ament_cmake_args': None, 'build_base': '/home/sangjun/camel-amr-projects-UI/build/amr_msg_interfaces', 'catkin_cmake_args': None, 'catkin_skip_building_tests': False, 'cmake_args': None, 'cmake_clean_cache': False, 'cmake_clean_first': False, 'cmake_force_configure': False, 'cmake_target': None, 'cmake_target_skip_unavailable': False, 'install_base': '/home/sangjun/camel-amr-projects-UI/install/amr_msg_interfaces', 'merge_install': False, 'path': '/home/sangjun/camel-amr-projects-UI/src/amr_msg_interfaces', 'symlink_install': True, 'test_result_base': None}
[0.437s] Level 5:colcon.colcon_core.verb:set package 'amr-main-pkg' build argument 'cmake_args' from command line to 'None'
[0.437s] Level 5:colcon.colcon_core.verb:set package 'amr-main-pkg' build argument 'cmake_target' from command line to 'None'
[0.437s] Level 5:colcon.colcon_core.verb:set package 'amr-main-pkg' build argument 'cmake_target_skip_unavailable' from command line to 'False'
[0.437s] Level 5:colcon.colcon_core.verb:set package 'amr-main-pkg' build argument 'cmake_clean_cache' from command line to 'False'
[0.437s] Level 5:colcon.colcon_core.verb:set package 'amr-main-pkg' build argument 'cmake_clean_first' from command line to 'False'
[0.437s] Level 5:colcon.colcon_core.verb:set package 'amr-main-pkg' build argument 'cmake_force_configure' from command line to 'False'
[0.437s] Level 5:colcon.colcon_core.verb:set package 'amr-main-pkg' build argument 'ament_cmake_args' from command line to 'None'
[0.437s] Level 5:colcon.colcon_core.verb:set package 'amr-main-pkg' build argument 'catkin_cmake_args' from command line to 'None'
[0.437s] Level 5:colcon.colcon_core.verb:set package 'amr-main-pkg' build argument 'catkin_skip_building_tests' from command line to 'False'
[0.437s] DEBUG:colcon.colcon_core.verb:Building package 'amr-main-pkg' with the following arguments: {'ament_cmake_args': None, 'build_base': '/home/sangjun/camel-amr-projects-UI/build/amr-main-pkg', 'catkin_cmake_args': None, 'catkin_skip_building_tests': False, 'cmake_args': None, 'cmake_clean_cache': False, 'cmake_clean_first': False, 'cmake_force_configure': False, 'cmake_target': None, 'cmake_target_skip_unavailable': False, 'install_base': '/home/sangjun/camel-amr-projects-UI/install/amr-main-pkg', 'merge_install': False, 'path': '/home/sangjun/camel-amr-projects-UI/src/amr-main-pkg', 'symlink_install': True, 'test_result_base': None}
[0.437s] INFO:colcon.colcon_core.executor:Executing jobs using 'parallel' executor
[0.440s] DEBUG:colcon.colcon_parallel_executor.executor.parallel:run_until_complete
[0.440s] INFO:colcon.colcon_ros.task.ament_cmake.build:Building ROS package in '/home/sangjun/camel-amr-projects-UI/src/amr_msg_interfaces' with build type 'ament_cmake'
[0.440s] INFO:colcon.colcon_cmake.task.cmake.build:Building CMake package in '/home/sangjun/camel-amr-projects-UI/src/amr_msg_interfaces'
[0.444s] INFO:colcon.colcon_core.plugin_system:Skipping extension 'colcon_core.shell.bat': Not used on non-Windows systems
[0.444s] INFO:colcon.colcon_core.shell:Skip shell extension 'powershell' for command environment: Not usable outside of PowerShell
[0.444s] DEBUG:colcon.colcon_core.shell:Skip shell extension 'dsv' for command environment
[0.447s] DEBUG:colcon.colcon_core.shell:Ignoring prefix path '/home/sangjun/catkin_ws/devel'
[0.448s] DEBUG:colcon.colcon_core.shell:Ignoring prefix path '/opt/ros/noetic'
[0.450s] INFO:colcon.colcon_ros.task.ament_cmake.build:Building ROS package in '/home/sangjun/camel-amr-projects-UI/src/amr-gazebo-pkg' with build type 'ament_cmake'
[0.450s] INFO:colcon.colcon_cmake.task.cmake.build:Building CMake package in '/home/sangjun/camel-amr-projects-UI/src/amr-gazebo-pkg'
[0.452s] INFO:colcon.colcon_core.shell:Skip shell extension 'powershell' for command environment: Not usable outside of PowerShell
[0.452s] DEBUG:colcon.colcon_core.shell:Skip shell extension 'dsv' for command environment
[0.455s] DEBUG:colcon.colcon_core.shell:Ignoring prefix path '/home/sangjun/catkin_ws/devel'
[0.456s] DEBUG:colcon.colcon_core.shell:Ignoring prefix path '/opt/ros/noetic'
[0.458s] INFO:colcon.colcon_ros.task.ament_cmake.build:Building ROS package in '/home/sangjun/camel-amr-projects-UI/src/amr-obstacle-pkg' with build type 'ament_cmake'
[0.458s] INFO:colcon.colcon_cmake.task.cmake.build:Building CMake package in '/home/sangjun/camel-amr-projects-UI/src/amr-obstacle-pkg'
[0.460s] INFO:colcon.colcon_core.shell:Skip shell extension 'powershell' for command environment: Not usable outside of PowerShell
[0.460s] DEBUG:colcon.colcon_core.shell:Skip shell extension 'dsv' for command environment
[0.466s] DEBUG:colcon.colcon_core.shell:Ignoring prefix path '/home/sangjun/catkin_ws/devel'
[0.467s] DEBUG:colcon.colcon_core.shell:Ignoring prefix path '/opt/ros/noetic'
[0.475s] DEBUG:colcon.colcon_core.event_handler.log_command:Invoking command in '/home/sangjun/camel-amr-projects-UI/build/amr_msg_interfaces': CMAKE_PREFIX_PATH=/home/sangjun/camel-amr-projects-UI/install/amr-main-pkg:/home/sangjun/camel-amr-projects-UI/install/amr_msg_interfaces:/home/sangjun/camel-amr-projects-UI/install/amr-obstacle-pkg:/home/sangjun/camel-amr-projects-UI/install/amr-gazebo-pkg:/opt/ros/foxy:/home/sangjun/catkin_ws/devel:/opt/ros/noetic /usr/local/bin/cmake --build /home/sangjun/camel-amr-projects-UI/build/amr_msg_interfaces -- -j6 -l6
[0.480s] DEBUG:colcon.colcon_core.event_handler.log_command:Invoking command in '/home/sangjun/camel-amr-projects-UI/build/amr-gazebo-pkg': CMAKE_PREFIX_PATH=/home/sangjun/camel-amr-projects-UI/install/amr-main-pkg:/home/sangjun/camel-amr-projects-UI/install/amr_msg_interfaces:/home/sangjun/camel-amr-projects-UI/install/amr-obstacle-pkg:/home/sangjun/camel-amr-projects-UI/install/amr-gazebo-pkg:/opt/ros/foxy:/home/sangjun/catkin_ws/devel:/opt/ros/noetic /usr/local/bin/cmake --build /home/sangjun/camel-amr-projects-UI/build/amr-gazebo-pkg -- -j6 -l6
[0.484s] DEBUG:colcon.colcon_core.event_handler.log_command:Invoking command in '/home/sangjun/camel-amr-projects-UI/build/amr-obstacle-pkg': CMAKE_PREFIX_PATH=/home/sangjun/camel-amr-projects-UI/install/amr-main-pkg:/home/sangjun/camel-amr-projects-UI/install/amr_msg_interfaces:/home/sangjun/camel-amr-projects-UI/install/amr-obstacle-pkg:/home/sangjun/camel-amr-projects-UI/install/amr-gazebo-pkg:/opt/ros/foxy:/home/sangjun/catkin_ws/devel:/opt/ros/noetic /usr/local/bin/cmake --build /home/sangjun/camel-amr-projects-UI/build/amr-obstacle-pkg -- -j6 -l6
[0.506s] DEBUG:colcon.colcon_core.event_handler.log_command:Invoked command in '/home/sangjun/camel-amr-projects-UI/build/amr-gazebo-pkg' returned '0': CMAKE_PREFIX_PATH=/home/sangjun/camel-amr-projects-UI/install/amr-main-pkg:/home/sangjun/camel-amr-projects-UI/install/amr_msg_interfaces:/home/sangjun/camel-amr-projects-UI/install/amr-obstacle-pkg:/home/sangjun/camel-amr-projects-UI/install/amr-gazebo-pkg:/opt/ros/foxy:/home/sangjun/catkin_ws/devel:/opt/ros/noetic /usr/local/bin/cmake --build /home/sangjun/camel-amr-projects-UI/build/amr-gazebo-pkg -- -j6 -l6
[0.525s] DEBUG:colcon.colcon_core.event_handler.log_command:Invoking command in '/home/sangjun/camel-amr-projects-UI/build/amr-gazebo-pkg': CMAKE_PREFIX_PATH=/home/sangjun/camel-amr-projects-UI/install/amr-main-pkg:/home/sangjun/camel-amr-projects-UI/install/amr_msg_interfaces:/home/sangjun/camel-amr-projects-UI/install/amr-obstacle-pkg:/home/sangjun/camel-amr-projects-UI/install/amr-gazebo-pkg:/opt/ros/foxy:/home/sangjun/catkin_ws/devel:/opt/ros/noetic /usr/local/bin/cmake --install /home/sangjun/camel-amr-projects-UI/build/amr-gazebo-pkg
[0.530s] DEBUG:colcon.colcon_core.event_handler.log_command:Invoked command in '/home/sangjun/camel-amr-projects-UI/build/amr-obstacle-pkg' returned '0': CMAKE_PREFIX_PATH=/home/sangjun/camel-amr-projects-UI/install/amr-main-pkg:/home/sangjun/camel-amr-projects-UI/install/amr_msg_interfaces:/home/sangjun/camel-amr-projects-UI/install/amr-obstacle-pkg:/home/sangjun/camel-amr-projects-UI/install/amr-gazebo-pkg:/opt/ros/foxy:/home/sangjun/catkin_ws/devel:/opt/ros/noetic /usr/local/bin/cmake --build /home/sangjun/camel-amr-projects-UI/build/amr-obstacle-pkg -- -j6 -l6
[0.540s] Level 1:colcon.colcon_core.environment:create_environment_scripts_only(amr-gazebo-pkg)
[0.541s] DEBUG:colcon.colcon_core.event_handler.log_command:Invoked command in '/home/sangjun/camel-amr-projects-UI/build/amr-gazebo-pkg' returned '0': CMAKE_PREFIX_PATH=/home/sangjun/camel-amr-projects-UI/install/amr-main-pkg:/home/sangjun/camel-amr-projects-UI/install/amr_msg_interfaces:/home/sangjun/camel-amr-projects-UI/install/amr-obstacle-pkg:/home/sangjun/camel-amr-projects-UI/install/amr-gazebo-pkg:/opt/ros/foxy:/home/sangjun/catkin_ws/devel:/opt/ros/noetic /usr/local/bin/cmake --install /home/sangjun/camel-amr-projects-UI/build/amr-gazebo-pkg
[0.544s] Level 1:colcon.colcon_core.environment:checking '/home/sangjun/camel-amr-projects-UI/install/amr-gazebo-pkg' for CMake module files
[0.545s] Level 1:colcon.colcon_core.environment:checking '/home/sangjun/camel-amr-projects-UI/install/amr-gazebo-pkg' for CMake config files
[0.545s] Level 1:colcon.colcon_core.shell:create_environment_hook('amr-gazebo-pkg', 'cmake_prefix_path')
[0.546s] INFO:colcon.colcon_core.shell:Creating environment hook '/home/sangjun/camel-amr-projects-UI/install/amr-gazebo-pkg/share/amr-gazebo-pkg/hook/cmake_prefix_path.ps1'
[0.547s] INFO:colcon.colcon_core.shell:Creating environment descriptor '/home/sangjun/camel-amr-projects-UI/install/amr-gazebo-pkg/share/amr-gazebo-pkg/hook/cmake_prefix_path.dsv'
[0.547s] INFO:colcon.colcon_core.shell:Creating environment hook '/home/sangjun/camel-amr-projects-UI/install/amr-gazebo-pkg/share/amr-gazebo-pkg/hook/cmake_prefix_path.sh'
[0.548s] Level 1:colcon.colcon_core.environment:checking '/home/sangjun/camel-amr-projects-UI/install/amr-gazebo-pkg/bin'
[0.548s] Level 1:colcon.colcon_core.environment:checking '/home/sangjun/camel-amr-projects-UI/install/amr-gazebo-pkg/lib/pkgconfig/amr-gazebo-pkg.pc'
[0.548s] Level 1:colcon.colcon_core.environment:checking '/home/sangjun/camel-amr-projects-UI/install/amr-gazebo-pkg/lib/python3.8/site-packages'
[0.548s] Level 1:colcon.colcon_core.environment:checking '/home/sangjun/camel-amr-projects-UI/install/amr-gazebo-pkg/bin'
[0.550s] INFO:colcon.colcon_core.shell:Creating package script '/home/sangjun/camel-amr-projects-UI/install/amr-gazebo-pkg/share/amr-gazebo-pkg/package.ps1'
[0.551s] INFO:colcon.colcon_core.shell:Creating package descriptor '/home/sangjun/camel-amr-projects-UI/install/amr-gazebo-pkg/share/amr-gazebo-pkg/package.dsv'
[0.551s] INFO:colcon.colcon_core.shell:Creating package script '/home/sangjun/camel-amr-projects-UI/install/amr-gazebo-pkg/share/amr-gazebo-pkg/package.sh'
[0.552s] INFO:colcon.colcon_core.shell:Creating package script '/home/sangjun/camel-amr-projects-UI/install/amr-gazebo-pkg/share/amr-gazebo-pkg/package.bash'
[0.553s] INFO:colcon.colcon_core.shell:Creating package script '/home/sangjun/camel-amr-projects-UI/install/amr-gazebo-pkg/share/amr-gazebo-pkg/package.zsh'
[0.553s] Level 1:colcon.colcon_core.environment:create_file_with_runtime_dependencies(/home/sangjun/camel-amr-projects-UI/install/amr-gazebo-pkg/share/colcon-core/packages/amr-gazebo-pkg)
[0.559s] DEBUG:colcon.colcon_core.event_handler.log_command:Invoking command in '/home/sangjun/camel-amr-projects-UI/build/amr-obstacle-pkg': CMAKE_PREFIX_PATH=/home/sangjun/camel-amr-projects-UI/install/amr-main-pkg:/home/sangjun/camel-amr-projects-UI/install/amr_msg_interfaces:/home/sangjun/camel-amr-projects-UI/install/amr-obstacle-pkg:/home/sangjun/camel-amr-projects-UI/install/amr-gazebo-pkg:/opt/ros/foxy:/home/sangjun/catkin_ws/devel:/opt/ros/noetic /usr/local/bin/cmake --install /home/sangjun/camel-amr-projects-UI/build/amr-obstacle-pkg
[0.568s] Level 1:colcon.colcon_core.environment:create_environment_scripts_only(amr-gazebo-pkg)
[0.570s] Level 1:colcon.colcon_core.environment:checking '/home/sangjun/camel-amr-projects-UI/install/amr-gazebo-pkg' for CMake module files
[0.571s] Level 1:colcon.colcon_core.environment:checking '/home/sangjun/camel-amr-projects-UI/install/amr-gazebo-pkg' for CMake config files
[0.572s] Level 1:colcon.colcon_core.shell:create_environment_hook('amr-gazebo-pkg', 'cmake_prefix_path')
[0.573s] INFO:colcon.colcon_core.shell:Creating environment hook '/home/sangjun/camel-amr-projects-UI/install/amr-gazebo-pkg/share/amr-gazebo-pkg/hook/cmake_prefix_path.ps1'
[0.574s] INFO:colcon.colcon_core.shell:Creating environment descriptor '/home/sangjun/camel-amr-projects-UI/install/amr-gazebo-pkg/share/amr-gazebo-pkg/hook/cmake_prefix_path.dsv'
[0.574s] INFO:colcon.colcon_core.shell:Creating environment hook '/home/sangjun/camel-amr-projects-UI/install/amr-gazebo-pkg/share/amr-gazebo-pkg/hook/cmake_prefix_path.sh'
[0.575s] Level 1:colcon.colcon_core.environment:checking '/home/sangjun/camel-amr-projects-UI/install/amr-gazebo-pkg/bin'
[0.575s] Level 1:colcon.colcon_core.environment:checking '/home/sangjun/camel-amr-projects-UI/install/amr-gazebo-pkg/lib/pkgconfig/amr-gazebo-pkg.pc'
[0.575s] Level 1:colcon.colcon_core.environment:checking '/home/sangjun/camel-amr-projects-UI/install/amr-gazebo-pkg/lib/python3.8/site-packages'
[0.575s] Level 1:colcon.colcon_core.environment:checking '/home/sangjun/camel-amr-projects-UI/install/amr-gazebo-pkg/bin'
[0.577s] INFO:colcon.colcon_core.shell:Creating package script '/home/sangjun/camel-amr-projects-UI/install/amr-gazebo-pkg/share/amr-gazebo-pkg/package.ps1'
[0.578s] INFO:colcon.colcon_core.shell:Creating package descriptor '/home/sangjun/camel-amr-projects-UI/install/amr-gazebo-pkg/share/amr-gazebo-pkg/package.dsv'
[0.578s] INFO:colcon.colcon_core.shell:Creating package script '/home/sangjun/camel-amr-projects-UI/install/amr-gazebo-pkg/share/amr-gazebo-pkg/package.sh'
[0.578s] INFO:colcon.colcon_core.shell:Creating package script '/home/sangjun/camel-amr-projects-UI/install/amr-gazebo-pkg/share/amr-gazebo-pkg/package.bash'
[0.579s] INFO:colcon.colcon_core.shell:Creating package script '/home/sangjun/camel-amr-projects-UI/install/amr-gazebo-pkg/share/amr-gazebo-pkg/package.zsh'
[0.579s] Level 1:colcon.colcon_core.environment:create_file_with_runtime_dependencies(/home/sangjun/camel-amr-projects-UI/install/amr-gazebo-pkg/share/colcon-core/packages/amr-gazebo-pkg)
[0.580s] Level 1:colcon.colcon_core.environment:create_environment_scripts_only(amr-obstacle-pkg)
[0.582s] Level 1:colcon.colcon_core.environment:checking '/home/sangjun/camel-amr-projects-UI/install/amr-obstacle-pkg' for CMake module files
[0.582s] DEBUG:colcon.colcon_core.event_handler.log_command:Invoked command in '/home/sangjun/camel-amr-projects-UI/build/amr-obstacle-pkg' returned '0': CMAKE_PREFIX_PATH=/home/sangjun/camel-amr-projects-UI/install/amr-main-pkg:/home/sangjun/camel-amr-projects-UI/install/amr_msg_interfaces:/home/sangjun/camel-amr-projects-UI/install/amr-obstacle-pkg:/home/sangjun/camel-amr-projects-UI/install/amr-gazebo-pkg:/opt/ros/foxy:/home/sangjun/catkin_ws/devel:/opt/ros/noetic /usr/local/bin/cmake --install /home/sangjun/camel-amr-projects-UI/build/amr-obstacle-pkg
[0.583s] Level 1:colcon.colcon_core.environment:checking '/home/sangjun/camel-amr-projects-UI/install/amr-obstacle-pkg' for CMake config files
[0.583s] Level 1:colcon.colcon_core.shell:create_environment_hook('amr-obstacle-pkg', 'cmake_prefix_path')
[0.584s] INFO:colcon.colcon_core.shell:Creating environment hook '/home/sangjun/camel-amr-projects-UI/install/amr-obstacle-pkg/share/amr-obstacle-pkg/hook/cmake_prefix_path.ps1'
[0.584s] INFO:colcon.colcon_core.shell:Creating environment descriptor '/home/sangjun/camel-amr-projects-UI/install/amr-obstacle-pkg/share/amr-obstacle-pkg/hook/cmake_prefix_path.dsv'
[0.584s] INFO:colcon.colcon_core.shell:Creating environment hook '/home/sangjun/camel-amr-projects-UI/install/amr-obstacle-pkg/share/amr-obstacle-pkg/hook/cmake_prefix_path.sh'
[0.585s] Level 1:colcon.colcon_core.environment:checking '/home/sangjun/camel-amr-projects-UI/install/amr-obstacle-pkg/lib'
[0.585s] Level 1:colcon.colcon_core.environment:checking '/home/sangjun/camel-amr-projects-UI/install/amr-obstacle-pkg/bin'
[0.585s] Level 1:colcon.colcon_core.environment:checking '/home/sangjun/camel-amr-projects-UI/install/amr-obstacle-pkg/lib/pkgconfig/amr-obstacle-pkg.pc'
[0.585s] Level 1:colcon.colcon_core.environment:checking '/home/sangjun/camel-amr-projects-UI/install/amr-obstacle-pkg/lib/python3.8/site-packages'
[0.585s] Level 1:colcon.colcon_core.environment:checking '/home/sangjun/camel-amr-projects-UI/install/amr-obstacle-pkg/bin'
[0.586s] INFO:colcon.colcon_core.shell:Creating package script '/home/sangjun/camel-amr-projects-UI/install/amr-obstacle-pkg/share/amr-obstacle-pkg/package.ps1'
[0.586s] INFO:colcon.colcon_core.shell:Creating package descriptor '/home/sangjun/camel-amr-projects-UI/install/amr-obstacle-pkg/share/amr-obstacle-pkg/package.dsv'
[0.587s] INFO:colcon.colcon_core.shell:Creating package script '/home/sangjun/camel-amr-projects-UI/install/amr-obstacle-pkg/share/amr-obstacle-pkg/package.sh'
[0.587s] INFO:colcon.colcon_core.shell:Creating package script '/home/sangjun/camel-amr-projects-UI/install/amr-obstacle-pkg/share/amr-obstacle-pkg/package.bash'
[0.587s] INFO:colcon.colcon_core.shell:Creating package script '/home/sangjun/camel-amr-projects-UI/install/amr-obstacle-pkg/share/amr-obstacle-pkg/package.zsh'
[0.587s] Level 1:colcon.colcon_core.environment:create_file_with_runtime_dependencies(/home/sangjun/camel-amr-projects-UI/install/amr-obstacle-pkg/share/colcon-core/packages/amr-obstacle-pkg)
[0.591s] DEBUG:colcon.colcon_core.event_handler.log_command:Invoked command in '/home/sangjun/camel-amr-projects-UI/build/amr_msg_interfaces' returned '0': CMAKE_PREFIX_PATH=/home/sangjun/camel-amr-projects-UI/install/amr-main-pkg:/home/sangjun/camel-amr-projects-UI/install/amr_msg_interfaces:/home/sangjun/camel-amr-projects-UI/install/amr-obstacle-pkg:/home/sangjun/camel-amr-projects-UI/install/amr-gazebo-pkg:/opt/ros/foxy:/home/sangjun/catkin_ws/devel:/opt/ros/noetic /usr/local/bin/cmake --build /home/sangjun/camel-amr-projects-UI/build/amr_msg_interfaces -- -j6 -l6
[0.608s] Level 1:colcon.colcon_core.environment:create_environment_scripts_only(amr-obstacle-pkg)
[0.611s] Level 1:colcon.colcon_core.environment:checking '/home/sangjun/camel-amr-projects-UI/install/amr-obstacle-pkg' for CMake module files
[0.611s] Level 1:colcon.colcon_core.environment:checking '/home/sangjun/camel-amr-projects-UI/install/amr-obstacle-pkg' for CMake config files
[0.611s] Level 1:colcon.colcon_core.shell:create_environment_hook('amr-obstacle-pkg', 'cmake_prefix_path')
[0.613s] INFO:colcon.colcon_core.shell:Creating environment hook '/home/sangjun/camel-amr-projects-UI/install/amr-obstacle-pkg/share/amr-obstacle-pkg/hook/cmake_prefix_path.ps1'
[0.613s] INFO:colcon.colcon_core.shell:Creating environment descriptor '/home/sangjun/camel-amr-projects-UI/install/amr-obstacle-pkg/share/amr-obstacle-pkg/hook/cmake_prefix_path.dsv'
[0.613s] INFO:colcon.colcon_core.shell:Creating environment hook '/home/sangjun/camel-amr-projects-UI/install/amr-obstacle-pkg/share/amr-obstacle-pkg/hook/cmake_prefix_path.sh'
[0.614s] Level 1:colcon.colcon_core.environment:checking '/home/sangjun/camel-amr-projects-UI/install/amr-obstacle-pkg/lib'
[0.614s] Level 1:colcon.colcon_core.environment:checking '/home/sangjun/camel-amr-projects-UI/install/amr-obstacle-pkg/bin'
[0.614s] Level 1:colcon.colcon_core.environment:checking '/home/sangjun/camel-amr-projects-UI/install/amr-obstacle-pkg/lib/pkgconfig/amr-obstacle-pkg.pc'
[0.614s] Level 1:colcon.colcon_core.environment:checking '/home/sangjun/camel-amr-projects-UI/install/amr-obstacle-pkg/lib/python3.8/site-packages'
[0.614s] Level 1:colcon.colcon_core.environment:checking '/home/sangjun/camel-amr-projects-UI/install/amr-obstacle-pkg/bin'
[0.615s] INFO:colcon.colcon_core.shell:Creating package script '/home/sangjun/camel-amr-projects-UI/install/amr-obstacle-pkg/share/amr-obstacle-pkg/package.ps1'
[0.616s] INFO:colcon.colcon_core.shell:Creating package descriptor '/home/sangjun/camel-amr-projects-UI/install/amr-obstacle-pkg/share/amr-obstacle-pkg/package.dsv'
[0.616s] INFO:colcon.colcon_core.shell:Creating package script '/home/sangjun/camel-amr-projects-UI/install/amr-obstacle-pkg/share/amr-obstacle-pkg/package.sh'
[0.616s] INFO:colcon.colcon_core.shell:Creating package script '/home/sangjun/camel-amr-projects-UI/install/amr-obstacle-pkg/share/amr-obstacle-pkg/package.bash'
[0.616s] INFO:colcon.colcon_core.shell:Creating package script '/home/sangjun/camel-amr-projects-UI/install/amr-obstacle-pkg/share/amr-obstacle-pkg/package.zsh'
[0.617s] Level 1:colcon.colcon_core.environment:create_file_with_runtime_dependencies(/home/sangjun/camel-amr-projects-UI/install/amr-obstacle-pkg/share/colcon-core/packages/amr-obstacle-pkg)
[0.635s] DEBUG:colcon.colcon_core.event_handler.log_command:Invoking command in '/home/sangjun/camel-amr-projects-UI/build/amr_msg_interfaces': CMAKE_PREFIX_PATH=/home/sangjun/camel-amr-projects-UI/install/amr-main-pkg:/home/sangjun/camel-amr-projects-UI/install/amr_msg_interfaces:/home/sangjun/camel-amr-projects-UI/install/amr-obstacle-pkg:/home/sangjun/camel-amr-projects-UI/install/amr-gazebo-pkg:/opt/ros/foxy:/home/sangjun/catkin_ws/devel:/opt/ros/noetic /usr/local/bin/cmake --install /home/sangjun/camel-amr-projects-UI/build/amr_msg_interfaces
[0.686s] Level 1:colcon.colcon_core.environment:create_environment_scripts_only(amr_msg_interfaces)
[0.690s] Level 1:colcon.colcon_core.environment:checking '/home/sangjun/camel-amr-projects-UI/install/amr_msg_interfaces' for CMake module files
[0.691s] DEBUG:colcon.colcon_core.event_handler.log_command:Invoked command in '/home/sangjun/camel-amr-projects-UI/build/amr_msg_interfaces' returned '0': CMAKE_PREFIX_PATH=/home/sangjun/camel-amr-projects-UI/install/amr-main-pkg:/home/sangjun/camel-amr-projects-UI/install/amr_msg_interfaces:/home/sangjun/camel-amr-projects-UI/install/amr-obstacle-pkg:/home/sangjun/camel-amr-projects-UI/install/amr-gazebo-pkg:/opt/ros/foxy:/home/sangjun/catkin_ws/devel:/opt/ros/noetic /usr/local/bin/cmake --install /home/sangjun/camel-amr-projects-UI/build/amr_msg_interfaces
[0.692s] Level 1:colcon.colcon_core.environment:checking '/home/sangjun/camel-amr-projects-UI/install/amr_msg_interfaces' for CMake config files
[0.692s] Level 1:colcon.colcon_core.shell:create_environment_hook('amr_msg_interfaces', 'cmake_prefix_path')
[0.694s] INFO:colcon.colcon_core.shell:Creating environment hook '/home/sangjun/camel-amr-projects-UI/install/amr_msg_interfaces/share/amr_msg_interfaces/hook/cmake_prefix_path.ps1'
[0.695s] INFO:colcon.colcon_core.shell:Creating environment descriptor '/home/sangjun/camel-amr-projects-UI/install/amr_msg_interfaces/share/amr_msg_interfaces/hook/cmake_prefix_path.dsv'
[0.695s] INFO:colcon.colcon_core.shell:Creating environment hook '/home/sangjun/camel-amr-projects-UI/install/amr_msg_interfaces/share/amr_msg_interfaces/hook/cmake_prefix_path.sh'
[0.696s] Level 1:colcon.colcon_core.environment:checking '/home/sangjun/camel-amr-projects-UI/install/amr_msg_interfaces/lib'
[0.696s] Level 1:colcon.colcon_core.shell:create_environment_hook('amr_msg_interfaces', 'ld_library_path_lib')
[0.697s] INFO:colcon.colcon_core.shell:Creating environment hook '/home/sangjun/camel-amr-projects-UI/install/amr_msg_interfaces/share/amr_msg_interfaces/hook/ld_library_path_lib.ps1'
[0.698s] INFO:colcon.colcon_core.shell:Creating environment descriptor '/home/sangjun/camel-amr-projects-UI/install/amr_msg_interfaces/share/amr_msg_interfaces/hook/ld_library_path_lib.dsv'
[0.698s] INFO:colcon.colcon_core.shell:Creating environment hook '/home/sangjun/camel-amr-projects-UI/install/amr_msg_interfaces/share/amr_msg_interfaces/hook/ld_library_path_lib.sh'
[0.698s] Level 1:colcon.colcon_core.environment:checking '/home/sangjun/camel-amr-projects-UI/install/amr_msg_interfaces/bin'
[0.698s] Level 1:colcon.colcon_core.environment:checking '/home/sangjun/camel-amr-projects-UI/install/amr_msg_interfaces/lib/pkgconfig/amr_msg_interfaces.pc'
[0.699s] Level 1:colcon.colcon_core.environment:checking '/home/sangjun/camel-amr-projects-UI/install/amr_msg_interfaces/lib/python3.8/site-packages'
[0.699s] Level 1:colcon.colcon_core.shell:create_environment_hook('amr_msg_interfaces', 'pythonpath')
[0.700s] INFO:colcon.colcon_core.shell:Creating environment hook '/home/sangjun/camel-amr-projects-UI/install/amr_msg_interfaces/share/amr_msg_interfaces/hook/pythonpath.ps1'
[0.700s] INFO:colcon.colcon_core.shell:Creating environment descriptor '/home/sangjun/camel-amr-projects-UI/install/amr_msg_interfaces/share/amr_msg_interfaces/hook/pythonpath.dsv'
[0.701s] INFO:colcon.colcon_core.shell:Creating environment hook '/home/sangjun/camel-amr-projects-UI/install/amr_msg_interfaces/share/amr_msg_interfaces/hook/pythonpath.sh'
[0.701s] Level 1:colcon.colcon_core.environment:checking '/home/sangjun/camel-amr-projects-UI/install/amr_msg_interfaces/bin'
[0.702s] INFO:colcon.colcon_core.shell:Creating package script '/home/sangjun/camel-amr-projects-UI/install/amr_msg_interfaces/share/amr_msg_interfaces/package.ps1'
[0.702s] INFO:colcon.colcon_core.shell:Creating package descriptor '/home/sangjun/camel-amr-projects-UI/install/amr_msg_interfaces/share/amr_msg_interfaces/package.dsv'
[0.703s] INFO:colcon.colcon_core.shell:Creating package script '/home/sangjun/camel-amr-projects-UI/install/amr_msg_interfaces/share/amr_msg_interfaces/package.sh'
[0.703s] INFO:colcon.colcon_core.shell:Creating package script '/home/sangjun/camel-amr-projects-UI/install/amr_msg_interfaces/share/amr_msg_interfaces/package.bash'
[0.703s] INFO:colcon.colcon_core.shell:Creating package script '/home/sangjun/camel-amr-projects-UI/install/amr_msg_interfaces/share/amr_msg_interfaces/package.zsh'
[0.703s] Level 1:colcon.colcon_core.environment:create_file_with_runtime_dependencies(/home/sangjun/camel-amr-projects-UI/install/amr_msg_interfaces/share/colcon-core/packages/amr_msg_interfaces)
[0.756s] Level 1:colcon.colcon_core.environment:create_environment_scripts_only(amr_msg_interfaces)
[0.758s] Level 1:colcon.colcon_core.environment:checking '/home/sangjun/camel-amr-projects-UI/install/amr_msg_interfaces' for CMake module files
[0.759s] Level 1:colcon.colcon_core.environment:checking '/home/sangjun/camel-amr-projects-UI/install/amr_msg_interfaces' for CMake config files
[0.760s] Level 1:colcon.colcon_core.shell:create_environment_hook('amr_msg_interfaces', 'cmake_prefix_path')
[0.761s] INFO:colcon.colcon_core.shell:Creating environment hook '/home/sangjun/camel-amr-projects-UI/install/amr_msg_interfaces/share/amr_msg_interfaces/hook/cmake_prefix_path.ps1'
[0.762s] INFO:colcon.colcon_core.shell:Creating environment descriptor '/home/sangjun/camel-amr-projects-UI/install/amr_msg_interfaces/share/amr_msg_interfaces/hook/cmake_prefix_path.dsv'
[0.762s] INFO:colcon.colcon_core.shell:Creating environment hook '/home/sangjun/camel-amr-projects-UI/install/amr_msg_interfaces/share/amr_msg_interfaces/hook/cmake_prefix_path.sh'
[0.762s] Level 1:colcon.colcon_core.environment:checking '/home/sangjun/camel-amr-projects-UI/install/amr_msg_interfaces/lib'
[0.762s] Level 1:colcon.colcon_core.shell:create_environment_hook('amr_msg_interfaces', 'ld_library_path_lib')
[0.763s] INFO:colcon.colcon_core.shell:Creating environment hook '/home/sangjun/camel-amr-projects-UI/install/amr_msg_interfaces/share/amr_msg_interfaces/hook/ld_library_path_lib.ps1'
[0.764s] INFO:colcon.colcon_core.shell:Creating environment descriptor '/home/sangjun/camel-amr-projects-UI/install/amr_msg_interfaces/share/amr_msg_interfaces/hook/ld_library_path_lib.dsv'
[0.764s] INFO:colcon.colcon_core.shell:Creating environment hook '/home/sangjun/camel-amr-projects-UI/install/amr_msg_interfaces/share/amr_msg_interfaces/hook/ld_library_path_lib.sh'
[0.764s] Level 1:colcon.colcon_core.environment:checking '/home/sangjun/camel-amr-projects-UI/install/amr_msg_interfaces/bin'
[0.764s] Level 1:colcon.colcon_core.environment:checking '/home/sangjun/camel-amr-projects-UI/install/amr_msg_interfaces/lib/pkgconfig/amr_msg_interfaces.pc'
[0.764s] Level 1:colcon.colcon_core.environment:checking '/home/sangjun/camel-amr-projects-UI/install/amr_msg_interfaces/lib/python3.8/site-packages'
[0.764s] Level 1:colcon.colcon_core.shell:create_environment_hook('amr_msg_interfaces', 'pythonpath')
[0.765s] INFO:colcon.colcon_core.shell:Creating environment hook '/home/sangjun/camel-amr-projects-UI/install/amr_msg_interfaces/share/amr_msg_interfaces/hook/pythonpath.ps1'
[0.765s] INFO:colcon.colcon_core.shell:Creating environment descriptor '/home/sangjun/camel-amr-projects-UI/install/amr_msg_interfaces/share/amr_msg_interfaces/hook/pythonpath.dsv'
[0.766s] INFO:colcon.colcon_core.shell:Creating environment hook '/home/sangjun/camel-amr-projects-UI/install/amr_msg_interfaces/share/amr_msg_interfaces/hook/pythonpath.sh'
[0.766s] Level 1:colcon.colcon_core.environment:checking '/home/sangjun/camel-amr-projects-UI/install/amr_msg_interfaces/bin'
[0.767s] INFO:colcon.colcon_core.shell:Creating package script '/home/sangjun/camel-amr-projects-UI/install/amr_msg_interfaces/share/amr_msg_interfaces/package.ps1'
[0.767s] INFO:colcon.colcon_core.shell:Creating package descriptor '/home/sangjun/camel-amr-projects-UI/install/amr_msg_interfaces/share/amr_msg_interfaces/package.dsv'
[0.768s] INFO:colcon.colcon_core.shell:Creating package script '/home/sangjun/camel-amr-projects-UI/install/amr_msg_interfaces/share/amr_msg_interfaces/package.sh'
[0.768s] INFO:colcon.colcon_core.shell:Creating package script '/home/sangjun/camel-amr-projects-UI/install/amr_msg_interfaces/share/amr_msg_interfaces/package.bash'
[0.768s] INFO:colcon.colcon_core.shell:Creating package script '/home/sangjun/camel-amr-projects-UI/install/amr_msg_interfaces/share/amr_msg_interfaces/package.zsh'
[0.768s] Level 1:colcon.colcon_core.environment:create_file_with_runtime_dependencies(/home/sangjun/camel-amr-projects-UI/install/amr_msg_interfaces/share/colcon-core/packages/amr_msg_interfaces)
[0.769s] INFO:colcon.colcon_ros.task.ament_cmake.build:Building ROS package in '/home/sangjun/camel-amr-projects-UI/src/amr-main-pkg' with build type 'ament_cmake'
[0.769s] INFO:colcon.colcon_cmake.task.cmake.build:Building CMake package in '/home/sangjun/camel-amr-projects-UI/src/amr-main-pkg'
[0.770s] INFO:colcon.colcon_core.shell:Skip shell extension 'powershell' for command environment: Not usable outside of PowerShell
[0.770s] DEBUG:colcon.colcon_core.shell:Skip shell extension 'dsv' for command environment
[0.774s] DEBUG:colcon.colcon_core.shell:Ignoring prefix path '/home/sangjun/catkin_ws/devel'
[0.774s] DEBUG:colcon.colcon_core.shell:Ignoring prefix path '/opt/ros/noetic'
[0.785s] DEBUG:colcon.colcon_core.event_handler.log_command:Invoking command in '/home/sangjun/camel-amr-projects-UI/build/amr-main-pkg': CMAKE_PREFIX_PATH=/home/sangjun/camel-amr-projects-UI/install/amr_msg_interfaces:/home/sangjun/camel-amr-projects-UI/install/amr-main-pkg:/home/sangjun/camel-amr-projects-UI/install/amr-obstacle-pkg:/home/sangjun/camel-amr-projects-UI/install/amr-gazebo-pkg:/opt/ros/foxy:/home/sangjun/catkin_ws/devel:/opt/ros/noetic /usr/local/bin/cmake --build /home/sangjun/camel-amr-projects-UI/build/amr-main-pkg -- -j6 -l6
[10.702s] DEBUG:colcon.colcon_core.event_handler.log_command:Invoked command in '/home/sangjun/camel-amr-projects-UI/build/amr-main-pkg' returned '2': CMAKE_PREFIX_PATH=/home/sangjun/camel-amr-projects-UI/install/amr_msg_interfaces:/home/sangjun/camel-amr-projects-UI/install/amr-main-pkg:/home/sangjun/camel-amr-projects-UI/install/amr-obstacle-pkg:/home/sangjun/camel-amr-projects-UI/install/amr-gazebo-pkg:/opt/ros/foxy:/home/sangjun/catkin_ws/devel:/opt/ros/noetic /usr/local/bin/cmake --build /home/sangjun/camel-amr-projects-UI/build/amr-main-pkg -- -j6 -l6
[10.776s] Level 1:colcon.colcon_core.environment:create_environment_scripts_only(amr-main-pkg)
[10.779s] Level 1:colcon.colcon_core.environment:checking '/home/sangjun/camel-amr-projects-UI/install/amr-main-pkg' for CMake module files
[10.779s] Level 1:colcon.colcon_core.environment:checking '/home/sangjun/camel-amr-projects-UI/install/amr-main-pkg' for CMake config files
[10.780s] Level 1:colcon.colcon_core.shell:create_environment_hook('amr-main-pkg', 'cmake_prefix_path')
[10.782s] INFO:colcon.colcon_core.shell:Creating environment hook '/home/sangjun/camel-amr-projects-UI/install/amr-main-pkg/share/amr-main-pkg/hook/cmake_prefix_path.ps1'
[10.782s] INFO:colcon.colcon_core.shell:Creating environment descriptor '/home/sangjun/camel-amr-projects-UI/install/amr-main-pkg/share/amr-main-pkg/hook/cmake_prefix_path.dsv'
[10.783s] INFO:colcon.colcon_core.shell:Creating environment hook '/home/sangjun/camel-amr-projects-UI/install/amr-main-pkg/share/amr-main-pkg/hook/cmake_prefix_path.sh'
[10.783s] Level 1:colcon.colcon_core.environment:checking '/home/sangjun/camel-amr-projects-UI/install/amr-main-pkg/lib'
[10.783s] Level 1:colcon.colcon_core.environment:checking '/home/sangjun/camel-amr-projects-UI/install/amr-main-pkg/bin'
[10.783s] Level 1:colcon.colcon_core.environment:checking '/home/sangjun/camel-amr-projects-UI/install/amr-main-pkg/lib/pkgconfig/amr-main-pkg.pc'
[10.783s] Level 1:colcon.colcon_core.environment:checking '/home/sangjun/camel-amr-projects-UI/install/amr-main-pkg/lib/python3.8/site-packages'
[10.783s] Level 1:colcon.colcon_core.environment:checking '/home/sangjun/camel-amr-projects-UI/install/amr-main-pkg/bin'
[10.784s] INFO:colcon.colcon_core.shell:Creating package script '/home/sangjun/camel-amr-projects-UI/install/amr-main-pkg/share/amr-main-pkg/package.ps1'
[10.785s] INFO:colcon.colcon_core.shell:Creating package descriptor '/home/sangjun/camel-amr-projects-UI/install/amr-main-pkg/share/amr-main-pkg/package.dsv'
[10.785s] INFO:colcon.colcon_core.shell:Creating package script '/home/sangjun/camel-amr-projects-UI/install/amr-main-pkg/share/amr-main-pkg/package.sh'
[10.785s] INFO:colcon.colcon_core.shell:Creating package script '/home/sangjun/camel-amr-projects-UI/install/amr-main-pkg/share/amr-main-pkg/package.bash'
[10.785s] INFO:colcon.colcon_core.shell:Creating package script '/home/sangjun/camel-amr-projects-UI/install/amr-main-pkg/share/amr-main-pkg/package.zsh'
[10.786s] Level 1:colcon.colcon_core.environment:create_file_with_runtime_dependencies(/home/sangjun/camel-amr-projects-UI/install/amr-main-pkg/share/colcon-core/packages/amr-main-pkg)
[10.796s] DEBUG:colcon.colcon_parallel_executor.executor.parallel:closing loop
[10.797s] DEBUG:colcon.colcon_parallel_executor.executor.parallel:loop closed
[10.797s] DEBUG:colcon.colcon_parallel_executor.executor.parallel:run_until_complete finished with '2'
[10.797s] DEBUG:colcon.colcon_core.event_reactor:joining thread
[10.826s] INFO:colcon.colcon_core.plugin_system:Skipping extension 'colcon_notification.desktop_notification.terminal_notifier': Not used on non-Darwin systems
[10.826s] INFO:colcon.colcon_core.plugin_system:Skipping extension 'colcon_notification.desktop_notification.win32': Not used on non-Windows systems
[10.826s] INFO:colcon.colcon_notification.desktop_notification:Sending desktop notification using 'notify2'
[10.856s] DEBUG:colcon.colcon_core.event_reactor:joined thread
[10.858s] INFO:colcon.colcon_core.shell:Creating prefix script '/home/sangjun/camel-amr-projects-UI/install/local_setup.ps1'
[10.859s] INFO:colcon.colcon_core.shell:Creating prefix util module '/home/sangjun/camel-amr-projects-UI/install/_local_setup_util_ps1.py'
[10.861s] INFO:colcon.colcon_core.shell:Creating prefix chain script '/home/sangjun/camel-amr-projects-UI/install/setup.ps1'
[10.863s] INFO:colcon.colcon_core.shell:Creating prefix script '/home/sangjun/camel-amr-projects-UI/install/local_setup.sh'
[10.864s] INFO:colcon.colcon_core.shell:Creating prefix util module '/home/sangjun/camel-amr-projects-UI/install/_local_setup_util_sh.py'
[10.865s] INFO:colcon.colcon_core.shell:Creating prefix chain script '/home/sangjun/camel-amr-projects-UI/install/setup.sh'
[10.867s] INFO:colcon.colcon_core.shell:Creating prefix script '/home/sangjun/camel-amr-projects-UI/install/local_setup.bash'
[10.867s] INFO:colcon.colcon_core.shell:Creating prefix chain script '/home/sangjun/camel-amr-projects-UI/install/setup.bash'
[10.868s] INFO:colcon.colcon_core.shell:Creating prefix script '/home/sangjun/camel-amr-projects-UI/install/local_setup.zsh'
[10.868s] INFO:colcon.colcon_core.shell:Creating prefix chain script '/home/sangjun/camel-amr-projects-UI/install/setup.zsh'
