[0.015s] Invoking command in '/home/dongju/camel-amr-projects/build/amr-obstacle-pkg': CMAKE_PREFIX_PATH=${CMAKE_PREFIX_PATH}:/opt/ros/foxy /usr/local/bin/cmake /home/dongju/camel-amr-projects/src/amr-obstacle-pkg -DCMAKE_EXPORT_COMPILE_COMMANDS=1 -DCMAKE_INSTALL_PREFIX=/home/dongju/camel-amr-projects/install/amr-obstacle-pkg
[0.060s] -- The C compiler identification is GNU 9.4.0
[0.114s] -- The CXX compiler identification is GNU 9.4.0
[0.121s] -- Detecting C compiler ABI info
[0.161s] -- Detecting C compiler ABI info - done
[0.169s] -- Check for working C compiler: /usr/bin/cc - skipped
[0.169s] -- Detecting C compile features
[0.170s] -- Detecting C compile features - done
[0.173s] -- Detecting CXX compiler ABI info
[0.223s] -- Detecting CXX compiler ABI info - done
[0.232s] -- Check for working CXX compiler: /usr/bin/c++ - skipped
[0.232s] -- Detecting CXX compile features
[0.232s] -- Detecting CXX compile features - done
[0.235s] -- Found ament_cmake: 0.9.12 (/opt/ros/foxy/share/ament_cmake/cmake)
[0.257s] -- Found PythonInterp: /usr/bin/python3 (found suitable version "3.8.10", minimum required is "3") 
[0.257s] -- Using PYTHON_EXECUTABLE: /usr/bin/python3
[0.434s] -- Found rclcpp: 2.4.3 (/opt/ros/foxy/share/rclcpp/cmake)
[0.477s] -- Using all available rosidl_typesupport_c: rosidl_typesupport_fastrtps_c;rosidl_typesupport_introspection_c
[0.482s] -- Found rosidl_adapter: 1.3.1 (/opt/ros/foxy/share/rosidl_adapter/cmake)
[0.531s] -- Found OpenSSL: /usr/lib/x86_64-linux-gnu/libcrypto.so (found version "1.1.1f")  
[0.555s] -- Found FastRTPS: /opt/ros/foxy/include  
[0.622s] -- Using all available rosidl_typesupport_cpp: rosidl_typesupport_fastrtps_cpp;rosidl_typesupport_introspection_cpp
[0.678s] -- Found rmw_implementation_cmake: 1.0.4 (/opt/ros/foxy/share/rmw_implementation_cmake/cmake)
[0.681s] -- Using RMW implementation 'rmw_fastrtps_cpp' as default
[0.683s] -- Performing Test CMAKE_HAVE_LIBC_PTHREAD
[0.730s] -- Performing Test CMAKE_HAVE_LIBC_PTHREAD - Failed
[0.730s] -- Looking for pthread_create in pthreads
[0.766s] -- Looking for pthread_create in pthreads - not found
[0.766s] -- Looking for pthread_create in pthread
[0.811s] -- Looking for pthread_create in pthread - found
[0.812s] -- Found Threads: TRUE  
[0.942s] -- Found gazebo_msgs: 3.5.3 (/opt/ros/foxy/share/gazebo_msgs/cmake)
[1.168s] -- Found nav_msgs: 2.0.5 (/opt/ros/foxy/share/nav_msgs/cmake)
[1.225s] -- Found sensor_msgs: 2.0.5 (/opt/ros/foxy/share/sensor_msgs/cmake)
[1.281s] -- Found ament_index_cpp: 1.1.0 (/opt/ros/foxy/share/ament_index_cpp/cmake)
[1.284s] -- Found ament_lint_auto: 0.9.8 (/opt/ros/foxy/share/ament_lint_auto/cmake)
[1.360s] -- Added test 'copyright' to check source files copyright and LICENSE
[1.361s] -- Added test 'cppcheck' to perform static code analysis on C / C++ code
[1.361s] -- Configured cppcheck include dirs: 
[1.361s] -- Configured cppcheck exclude dirs and/or files: 
[1.362s] -- Added test 'cpplint' to check C / C++ code against the Google style
[1.362s] -- Configured cpplint exclude dirs and/or files: 
[1.362s] -- Added test 'flake8' to check Python code syntax and style conventions
[1.363s] -- Added test 'lint_cmake' to check CMake code style
[1.363s] -- Added test 'pep257' to check Python code against some of the style conventions in PEP 257
[1.364s] -- Added test 'uncrustify' to check C / C++ code style
[1.364s] -- Configured uncrustify additional arguments: 
[1.364s] -- Added test 'xmllint' to check XML markup files
[1.365s] -- Configuring done (1.3s)
[1.378s] -- Generating done (0.0s)
[1.379s] -- Build files have been written to: /home/dongju/camel-amr-projects/build/amr-obstacle-pkg
[1.387s] Invoked command in '/home/dongju/camel-amr-projects/build/amr-obstacle-pkg' returned '0': CMAKE_PREFIX_PATH=${CMAKE_PREFIX_PATH}:/opt/ros/foxy /usr/local/bin/cmake /home/dongju/camel-amr-projects/src/amr-obstacle-pkg -DCMAKE_EXPORT_COMPILE_COMMANDS=1 -DCMAKE_INSTALL_PREFIX=/home/dongju/camel-amr-projects/install/amr-obstacle-pkg
[1.389s] Invoking command in '/home/dongju/camel-amr-projects/build/amr-obstacle-pkg': CMAKE_PREFIX_PATH=${CMAKE_PREFIX_PATH}:/opt/ros/foxy /usr/local/bin/cmake --build /home/dongju/camel-amr-projects/build/amr-obstacle-pkg -- -j10 -l10
[1.408s] [ 25%] [32mBuilding CXX object CMakeFiles/operate_dynamic_obstacle_node.dir/src/operate_dynamic_obstacle.cpp.o[0m
[1.411s] [ 50%] [32mBuilding CXX object CMakeFiles/spawn_dynamic_obstacle_node.dir/src/spawn_dynamic_obstacle.cpp.o[0m
[2.584s] [01m[K/home/dongju/camel-amr-projects/src/amr-obstacle-pkg/src/operate_dynamic_obstacle.cpp:[m[K In member function ‘[01m[Kvoid RobotController::odom_callback(nav_msgs::msg::Odometry_<std::allocator<void> >::SharedPtr)[m[K’:
[2.584s] [01m[K/home/dongju/camel-amr-projects/src/amr-obstacle-pkg/src/operate_dynamic_obstacle.cpp:62:27:[m[K [01;35m[Kwarning: [m[Kcomparison of integer expressions of different signedness: ‘[01m[Kint[m[K’ and ‘[01m[Kstd::vector<std::shared_ptr<rclcpp::Publisher<geometry_msgs::msg::Twist_<std::allocator<void> > > > >::size_type[m[K’ {aka ‘[01m[Klong unsigned int[m[K’} [[01;35m[K-Wsign-compare[m[K]
[2.584s]    62 |         for (int i = 0; [01;35m[Ki < velocity_publishers_.size()[m[K; ++i) {
[2.584s]       |                         [01;35m[K~~^~~~~~~~~~~~~~~~~~~~~~~~~~~~~[m[K
[3.743s] [ 75%] [32m[1mLinking CXX executable spawn_dynamic_obstacle_node[0m
[3.882s] [ 75%] Built target spawn_dynamic_obstacle_node
[5.662s] [100%] [32m[1mLinking CXX executable operate_dynamic_obstacle_node[0m
[5.844s] [100%] Built target operate_dynamic_obstacle_node
[5.847s] Invoked command in '/home/dongju/camel-amr-projects/build/amr-obstacle-pkg' returned '0': CMAKE_PREFIX_PATH=${CMAKE_PREFIX_PATH}:/opt/ros/foxy /usr/local/bin/cmake --build /home/dongju/camel-amr-projects/build/amr-obstacle-pkg -- -j10 -l10
[5.861s] Invoking command in '/home/dongju/camel-amr-projects/build/amr-obstacle-pkg': CMAKE_PREFIX_PATH=${CMAKE_PREFIX_PATH}:/opt/ros/foxy /usr/local/bin/cmake --install /home/dongju/camel-amr-projects/build/amr-obstacle-pkg
[5.864s] -- Install configuration: ""
[5.864s] -- Installing: /home/dongju/camel-amr-projects/install/amr-obstacle-pkg/lib/amr-obstacle-pkg/operate_dynamic_obstacle_node
[5.865s] -- Set runtime path of "/home/dongju/camel-amr-projects/install/amr-obstacle-pkg/lib/amr-obstacle-pkg/operate_dynamic_obstacle_node" to ""
[5.866s] -- Installing: /home/dongju/camel-amr-projects/install/amr-obstacle-pkg/lib/amr-obstacle-pkg/spawn_dynamic_obstacle_node
[5.866s] -- Set runtime path of "/home/dongju/camel-amr-projects/install/amr-obstacle-pkg/lib/amr-obstacle-pkg/spawn_dynamic_obstacle_node" to ""
[5.866s] -- Installing: /home/dongju/camel-amr-projects/install/amr-obstacle-pkg/share/amr-obstacle-pkg/launch
[5.866s] -- Installing: /home/dongju/camel-amr-projects/install/amr-obstacle-pkg/share/amr-obstacle-pkg/launch/dynamic_obstacle.launch.py
[5.866s] -- Installing: /home/dongju/camel-amr-projects/install/amr-obstacle-pkg/share/ament_index/resource_index/package_run_dependencies/amr-obstacle-pkg
[5.866s] -- Installing: /home/dongju/camel-amr-projects/install/amr-obstacle-pkg/share/ament_index/resource_index/parent_prefix_path/amr-obstacle-pkg
[5.866s] -- Installing: /home/dongju/camel-amr-projects/install/amr-obstacle-pkg/share/amr-obstacle-pkg/environment/ament_prefix_path.sh
[5.866s] -- Installing: /home/dongju/camel-amr-projects/install/amr-obstacle-pkg/share/amr-obstacle-pkg/environment/ament_prefix_path.dsv
[5.866s] -- Installing: /home/dongju/camel-amr-projects/install/amr-obstacle-pkg/share/amr-obstacle-pkg/environment/path.sh
[5.867s] -- Installing: /home/dongju/camel-amr-projects/install/amr-obstacle-pkg/share/amr-obstacle-pkg/environment/path.dsv
[5.867s] -- Installing: /home/dongju/camel-amr-projects/install/amr-obstacle-pkg/share/amr-obstacle-pkg/local_setup.bash
[5.867s] -- Installing: /home/dongju/camel-amr-projects/install/amr-obstacle-pkg/share/amr-obstacle-pkg/local_setup.sh
[5.867s] -- Installing: /home/dongju/camel-amr-projects/install/amr-obstacle-pkg/share/amr-obstacle-pkg/local_setup.zsh
[5.867s] -- Installing: /home/dongju/camel-amr-projects/install/amr-obstacle-pkg/share/amr-obstacle-pkg/local_setup.dsv
[5.867s] -- Installing: /home/dongju/camel-amr-projects/install/amr-obstacle-pkg/share/amr-obstacle-pkg/package.dsv
[5.867s] -- Installing: /home/dongju/camel-amr-projects/install/amr-obstacle-pkg/share/ament_index/resource_index/packages/amr-obstacle-pkg
[5.867s] -- Installing: /home/dongju/camel-amr-projects/install/amr-obstacle-pkg/share/amr-obstacle-pkg/cmake/amr-obstacle-pkgConfig.cmake
[5.867s] -- Installing: /home/dongju/camel-amr-projects/install/amr-obstacle-pkg/share/amr-obstacle-pkg/cmake/amr-obstacle-pkgConfig-version.cmake
[5.867s] -- Installing: /home/dongju/camel-amr-projects/install/amr-obstacle-pkg/share/amr-obstacle-pkg/package.xml
[5.870s] Invoked command in '/home/dongju/camel-amr-projects/build/amr-obstacle-pkg' returned '0': CMAKE_PREFIX_PATH=${CMAKE_PREFIX_PATH}:/opt/ros/foxy /usr/local/bin/cmake --install /home/dongju/camel-amr-projects/build/amr-obstacle-pkg
