[0.025s] Invoking command in '/home/dongju/camel-amr-projects/build/amr_msg_interfaces': CMAKE_PREFIX_PATH=${CMAKE_PREFIX_PATH}:/opt/ros/foxy /usr/local/bin/cmake /home/dongju/camel-amr-projects/src/amr_msg_interfaces -DCMAKE_EXPORT_COMPILE_COMMANDS=1 -DCMAKE_INSTALL_PREFIX=/home/dongju/camel-amr-projects/install/amr_msg_interfaces
[0.038s] -- Found ament_cmake: 0.9.12 (/opt/ros/foxy/share/ament_cmake/cmake)
[0.059s] -- Found PythonInterp: /usr/bin/python3 (found suitable version "3.8.10", minimum required is "3") 
[0.059s] -- Using PYTHON_EXECUTABLE: /usr/bin/python3
[0.208s] -- Override CMake install command with custom implementation using symlinks instead of copying resources
[0.226s] -- Found builtin_interfaces: 1.0.0 (/opt/ros/foxy/share/builtin_interfaces/cmake)
[0.256s] -- Using all available rosidl_typesupport_c: rosidl_typesupport_fastrtps_c;rosidl_typesupport_introspection_c
[0.262s] -- Found rosidl_adapter: 1.3.1 (/opt/ros/foxy/share/rosidl_adapter/cmake)
[0.368s] -- Using all available rosidl_typesupport_cpp: rosidl_typesupport_fastrtps_cpp;rosidl_typesupport_introspection_cpp
[0.392s] -- Found rosidl_default_generators: 1.0.1 (/opt/ros/foxy/share/rosidl_default_generators/cmake)
[0.417s] -- Found PythonInterp: /usr/bin/python3 (found version "3.8.10") 
[0.518s] -- Found ament_cmake_ros: 0.9.2 (/opt/ros/foxy/share/ament_cmake_ros/cmake)
[0.607s] -- Using all available rosidl_typesupport_c: rosidl_typesupport_fastrtps_c;rosidl_typesupport_introspection_c
[0.619s] -- Using all available rosidl_typesupport_cpp: rosidl_typesupport_fastrtps_cpp;rosidl_typesupport_introspection_cpp
[0.638s] -- Found PythonInterp: /usr/bin/python3 (found suitable version "3.8.10", minimum required is "3.5") 
[0.638s] -- Found python_cmake_module: 0.8.1 (/opt/ros/foxy/share/python_cmake_module/cmake)
[0.658s] -- Using PYTHON_EXECUTABLE: /usr/bin/python3
[0.659s] -- Using PYTHON_INCLUDE_DIRS: /usr/include/python3.8
[0.659s] -- Using PYTHON_LIBRARIES: /usr/lib/x86_64-linux-gnu/libpython3.8.so
[0.682s] -- Configuring done (0.7s)
[0.712s] -- Generating done (0.0s)
[0.715s] -- Build files have been written to: /home/dongju/camel-amr-projects/build/amr_msg_interfaces
[0.720s] Invoked command in '/home/dongju/camel-amr-projects/build/amr_msg_interfaces' returned '0': CMAKE_PREFIX_PATH=${CMAKE_PREFIX_PATH}:/opt/ros/foxy /usr/local/bin/cmake /home/dongju/camel-amr-projects/src/amr_msg_interfaces -DCMAKE_EXPORT_COMPILE_COMMANDS=1 -DCMAKE_INSTALL_PREFIX=/home/dongju/camel-amr-projects/install/amr_msg_interfaces
[0.722s] Invoking command in '/home/dongju/camel-amr-projects/build/amr_msg_interfaces': CMAKE_PREFIX_PATH=${CMAKE_PREFIX_PATH}:/opt/ros/foxy /usr/local/bin/cmake --build /home/dongju/camel-amr-projects/build/amr_msg_interfaces -- -j10 -l10
[0.738s] [  2%] Built target amr_msg_interfaces__cpp
[0.740s] [ 12%] Built target amr_msg_interfaces__rosidl_generator_c
[0.748s] [ 23%] Built target amr_msg_interfaces__rosidl_typesupport_c
[0.748s] [ 33%] Built target amr_msg_interfaces__rosidl_typesupport_introspection_cpp
[0.748s] [ 46%] Built target amr_msg_interfaces__rosidl_typesupport_fastrtps_cpp
[0.749s] [ 53%] Built target amr_msg_interfaces__rosidl_typesupport_introspection_c
[0.749s] [ 64%] Built target amr_msg_interfaces__rosidl_typesupport_cpp
[0.759s] [ 74%] Built target amr_msg_interfaces__rosidl_typesupport_fastrtps_c
[0.765s] [ 74%] Built target amr_msg_interfaces
[0.771s] [ 76%] Built target amr_msg_interfaces__py
[0.780s] [ 84%] Built target amr_msg_interfaces__python
[0.789s] [100%] Built target amr_msg_interfaces__rosidl_typesupport_fastrtps_c__pyext
[0.789s] [100%] Built target amr_msg_interfaces__rosidl_typesupport_introspection_c__pyext
[0.789s] [100%] Built target amr_msg_interfaces__rosidl_typesupport_c__pyext
[0.793s] Invoked command in '/home/dongju/camel-amr-projects/build/amr_msg_interfaces' returned '0': CMAKE_PREFIX_PATH=${CMAKE_PREFIX_PATH}:/opt/ros/foxy /usr/local/bin/cmake --build /home/dongju/camel-amr-projects/build/amr_msg_interfaces -- -j10 -l10
[0.829s] Invoking command in '/home/dongju/camel-amr-projects/build/amr_msg_interfaces': CMAKE_PREFIX_PATH=${CMAKE_PREFIX_PATH}:/opt/ros/foxy /usr/local/bin/cmake --install /home/dongju/camel-amr-projects/build/amr_msg_interfaces
[0.831s] -- Install configuration: ""
[0.832s] -- Execute custom install script
[0.832s] -- Up-to-date symlink: /home/dongju/camel-amr-projects/install/amr_msg_interfaces/share/ament_index/resource_index/rosidl_interfaces/amr_msg_interfaces
[0.832s] -- Up-to-date symlink: /home/dongju/camel-amr-projects/install/amr_msg_interfaces/include/amr_msg_interfaces/msg/detail/grid_map_info__functions.h
[0.832s] -- Up-to-date symlink: /home/dongju/camel-amr-projects/install/amr_msg_interfaces/include/amr_msg_interfaces/msg/detail/grid_map_info__struct.h
[0.832s] -- Up-to-date symlink: /home/dongju/camel-amr-projects/install/amr_msg_interfaces/include/amr_msg_interfaces/msg/detail/grid_map_info__type_support.h
[0.833s] -- Up-to-date symlink: /home/dongju/camel-amr-projects/install/amr_msg_interfaces/include/amr_msg_interfaces/msg/detail/trajectory__functions.h
[0.833s] -- Up-to-date symlink: /home/dongju/camel-amr-projects/install/amr_msg_interfaces/include/amr_msg_interfaces/msg/detail/trajectory__struct.h
[0.833s] -- Up-to-date symlink: /home/dongju/camel-amr-projects/install/amr_msg_interfaces/include/amr_msg_interfaces/msg/detail/trajectory__type_support.h
[0.833s] -- Up-to-date symlink: /home/dongju/camel-amr-projects/install/amr_msg_interfaces/include/amr_msg_interfaces/msg/grid_map_info.h
[0.833s] -- Up-to-date symlink: /home/dongju/camel-amr-projects/install/amr_msg_interfaces/include/amr_msg_interfaces/msg/rosidl_generator_c__visibility_control.h
[0.833s] -- Up-to-date symlink: /home/dongju/camel-amr-projects/install/amr_msg_interfaces/include/amr_msg_interfaces/msg/trajectory.h
[0.833s] -- Up-to-date symlink: /home/dongju/camel-amr-projects/install/amr_msg_interfaces/share/amr_msg_interfaces/environment/library_path.sh
[0.833s] -- Up-to-date symlink: /home/dongju/camel-amr-projects/install/amr_msg_interfaces/share/amr_msg_interfaces/environment/library_path.dsv
[0.834s] -- Up-to-date symlink: /home/dongju/camel-amr-projects/install/amr_msg_interfaces/include/amr_msg_interfaces/msg/detail/grid_map_info__rosidl_typesupport_fastrtps_c.h
[0.834s] -- Up-to-date symlink: /home/dongju/camel-amr-projects/install/amr_msg_interfaces/include/amr_msg_interfaces/msg/detail/trajectory__rosidl_typesupport_fastrtps_c.h
[0.834s] -- Up-to-date symlink: /home/dongju/camel-amr-projects/install/amr_msg_interfaces/include/amr_msg_interfaces/msg/rosidl_typesupport_fastrtps_c__visibility_control.h
[0.834s] -- Up-to-date symlink: /home/dongju/camel-amr-projects/install/amr_msg_interfaces/lib/libamr_msg_interfaces__rosidl_typesupport_fastrtps_c.so
[0.834s] -- Up-to-date symlink: /home/dongju/camel-amr-projects/install/amr_msg_interfaces/include/amr_msg_interfaces/msg/detail/grid_map_info__rosidl_typesupport_fastrtps_cpp.hpp
[0.834s] -- Up-to-date symlink: /home/dongju/camel-amr-projects/install/amr_msg_interfaces/include/amr_msg_interfaces/msg/detail/trajectory__rosidl_typesupport_fastrtps_cpp.hpp
[0.834s] -- Up-to-date symlink: /home/dongju/camel-amr-projects/install/amr_msg_interfaces/include/amr_msg_interfaces/msg/rosidl_typesupport_fastrtps_cpp__visibility_control.h
[0.835s] -- Up-to-date symlink: /home/dongju/camel-amr-projects/install/amr_msg_interfaces/lib/libamr_msg_interfaces__rosidl_typesupport_fastrtps_cpp.so
[0.835s] -- Up-to-date symlink: /home/dongju/camel-amr-projects/install/amr_msg_interfaces/include/amr_msg_interfaces/msg/detail/grid_map_info__rosidl_typesupport_introspection_c.h
[0.835s] -- Up-to-date symlink: /home/dongju/camel-amr-projects/install/amr_msg_interfaces/include/amr_msg_interfaces/msg/detail/trajectory__rosidl_typesupport_introspection_c.h
[0.835s] -- Up-to-date symlink: /home/dongju/camel-amr-projects/install/amr_msg_interfaces/include/amr_msg_interfaces/msg/rosidl_typesupport_introspection_c__visibility_control.h
[0.835s] -- Up-to-date symlink: /home/dongju/camel-amr-projects/install/amr_msg_interfaces/include/amr_msg_interfaces/msg/detail/grid_map_info__builder.hpp
[0.836s] -- Up-to-date symlink: /home/dongju/camel-amr-projects/install/amr_msg_interfaces/include/amr_msg_interfaces/msg/detail/grid_map_info__struct.hpp
[0.836s] -- Up-to-date symlink: /home/dongju/camel-amr-projects/install/amr_msg_interfaces/include/amr_msg_interfaces/msg/detail/grid_map_info__traits.hpp
[0.836s] -- Up-to-date symlink: /home/dongju/camel-amr-projects/install/amr_msg_interfaces/include/amr_msg_interfaces/msg/detail/grid_map_info__type_support.hpp
[0.836s] -- Up-to-date symlink: /home/dongju/camel-amr-projects/install/amr_msg_interfaces/include/amr_msg_interfaces/msg/detail/trajectory__builder.hpp
[0.836s] -- Up-to-date symlink: /home/dongju/camel-amr-projects/install/amr_msg_interfaces/include/amr_msg_interfaces/msg/detail/trajectory__struct.hpp
[0.836s] -- Up-to-date symlink: /home/dongju/camel-amr-projects/install/amr_msg_interfaces/include/amr_msg_interfaces/msg/detail/trajectory__traits.hpp
[0.836s] -- Up-to-date symlink: /home/dongju/camel-amr-projects/install/amr_msg_interfaces/include/amr_msg_interfaces/msg/detail/trajectory__type_support.hpp
[0.836s] -- Up-to-date symlink: /home/dongju/camel-amr-projects/install/amr_msg_interfaces/include/amr_msg_interfaces/msg/grid_map_info.hpp
[0.836s] -- Up-to-date symlink: /home/dongju/camel-amr-projects/install/amr_msg_interfaces/include/amr_msg_interfaces/msg/rosidl_generator_cpp__visibility_control.hpp
[0.836s] -- Up-to-date symlink: /home/dongju/camel-amr-projects/install/amr_msg_interfaces/include/amr_msg_interfaces/msg/trajectory.hpp
[0.837s] -- Up-to-date symlink: /home/dongju/camel-amr-projects/install/amr_msg_interfaces/include/amr_msg_interfaces/msg/detail/grid_map_info__rosidl_typesupport_introspection_cpp.hpp
[0.837s] -- Up-to-date symlink: /home/dongju/camel-amr-projects/install/amr_msg_interfaces/include/amr_msg_interfaces/msg/detail/trajectory__rosidl_typesupport_introspection_cpp.hpp
[0.837s] -- Up-to-date symlink: /home/dongju/camel-amr-projects/install/amr_msg_interfaces/share/amr_msg_interfaces/environment/pythonpath.sh
[0.837s] -- Up-to-date symlink: /home/dongju/camel-amr-projects/install/amr_msg_interfaces/share/amr_msg_interfaces/environment/pythonpath.dsv
[0.837s] -- Up-to-date symlink: /home/dongju/camel-amr-projects/install/amr_msg_interfaces/lib/python3.8/site-packages/amr_msg_interfaces/__init__.py
[0.837s] -- Up-to-date symlink: /home/dongju/camel-amr-projects/install/amr_msg_interfaces/lib/python3.8/site-packages/amr_msg_interfaces/msg/__init__.py
[0.837s] -- Up-to-date symlink: /home/dongju/camel-amr-projects/install/amr_msg_interfaces/lib/python3.8/site-packages/amr_msg_interfaces/msg/_grid_map_info.py
[0.837s] -- Up-to-date symlink: /home/dongju/camel-amr-projects/install/amr_msg_interfaces/lib/python3.8/site-packages/amr_msg_interfaces/msg/_trajectory.py
[0.838s] -- Up-to-date symlink: /home/dongju/camel-amr-projects/install/amr_msg_interfaces/lib/python3.8/site-packages/amr_msg_interfaces/amr_msg_interfaces_s__rosidl_typesupport_fastrtps_c.cpython-38-x86_64-linux-gnu.so
[0.838s] -- Up-to-date symlink: /home/dongju/camel-amr-projects/install/amr_msg_interfaces/lib/python3.8/site-packages/amr_msg_interfaces/amr_msg_interfaces_s__rosidl_typesupport_introspection_c.cpython-38-x86_64-linux-gnu.so
[0.838s] -- Up-to-date symlink: /home/dongju/camel-amr-projects/install/amr_msg_interfaces/lib/python3.8/site-packages/amr_msg_interfaces/amr_msg_interfaces_s__rosidl_typesupport_c.cpython-38-x86_64-linux-gnu.so
[0.838s] -- Up-to-date symlink: /home/dongju/camel-amr-projects/install/amr_msg_interfaces/lib/libamr_msg_interfaces__python.so
[0.838s] -- Up-to-date symlink: /home/dongju/camel-amr-projects/install/amr_msg_interfaces/share/amr_msg_interfaces/msg/GridMapInfo.idl
[0.838s] -- Up-to-date symlink: /home/dongju/camel-amr-projects/install/amr_msg_interfaces/share/amr_msg_interfaces/msg/Trajectory.idl
[0.839s] -- Up-to-date symlink: /home/dongju/camel-amr-projects/install/amr_msg_interfaces/share/amr_msg_interfaces/msg/GridMapInfo.msg
[0.839s] -- Up-to-date symlink: /home/dongju/camel-amr-projects/install/amr_msg_interfaces/share/amr_msg_interfaces/msg/Trajectory.msg
[0.839s] -- Up-to-date symlink: /home/dongju/camel-amr-projects/install/amr_msg_interfaces/share/ament_index/resource_index/package_run_dependencies/amr_msg_interfaces
[0.839s] -- Up-to-date symlink: /home/dongju/camel-amr-projects/install/amr_msg_interfaces/share/ament_index/resource_index/parent_prefix_path/amr_msg_interfaces
[0.839s] -- Up-to-date symlink: /home/dongju/camel-amr-projects/install/amr_msg_interfaces/share/amr_msg_interfaces/environment/ament_prefix_path.sh
[0.839s] -- Up-to-date symlink: /home/dongju/camel-amr-projects/install/amr_msg_interfaces/share/amr_msg_interfaces/environment/ament_prefix_path.dsv
[0.839s] -- Up-to-date symlink: /home/dongju/camel-amr-projects/install/amr_msg_interfaces/share/amr_msg_interfaces/environment/path.sh
[0.840s] -- Up-to-date symlink: /home/dongju/camel-amr-projects/install/amr_msg_interfaces/share/amr_msg_interfaces/environment/path.dsv
[0.840s] -- Up-to-date symlink: /home/dongju/camel-amr-projects/install/amr_msg_interfaces/share/amr_msg_interfaces/local_setup.bash
[0.840s] -- Up-to-date symlink: /home/dongju/camel-amr-projects/install/amr_msg_interfaces/share/amr_msg_interfaces/local_setup.sh
[0.840s] -- Up-to-date symlink: /home/dongju/camel-amr-projects/install/amr_msg_interfaces/share/amr_msg_interfaces/local_setup.zsh
[0.840s] -- Up-to-date symlink: /home/dongju/camel-amr-projects/install/amr_msg_interfaces/share/amr_msg_interfaces/local_setup.dsv
[0.840s] -- Symlinking: /home/dongju/camel-amr-projects/install/amr_msg_interfaces/share/amr_msg_interfaces/package.dsv
[0.843s] -- Up-to-date symlink: /home/dongju/camel-amr-projects/install/amr_msg_interfaces/share/ament_index/resource_index/packages/amr_msg_interfaces
[0.843s] -- Up-to-date symlink: /home/dongju/camel-amr-projects/install/amr_msg_interfaces/share/amr_msg_interfaces/cmake/rosidl_cmake-extras.cmake
[0.843s] -- Up-to-date symlink: /home/dongju/camel-amr-projects/install/amr_msg_interfaces/share/amr_msg_interfaces/cmake/ament_cmake_export_dependencies-extras.cmake
[0.843s] -- Up-to-date symlink: /home/dongju/camel-amr-projects/install/amr_msg_interfaces/share/amr_msg_interfaces/cmake/ament_cmake_export_libraries-extras.cmake
[0.843s] -- Up-to-date symlink: /home/dongju/camel-amr-projects/install/amr_msg_interfaces/share/amr_msg_interfaces/cmake/ament_cmake_export_targets-extras.cmake
[0.843s] -- Up-to-date symlink: /home/dongju/camel-amr-projects/install/amr_msg_interfaces/share/amr_msg_interfaces/cmake/ament_cmake_export_include_directories-extras.cmake
[0.843s] -- Up-to-date symlink: /home/dongju/camel-amr-projects/install/amr_msg_interfaces/share/amr_msg_interfaces/cmake/rosidl_cmake_export_typesupport_libraries-extras.cmake
[0.843s] -- Up-to-date symlink: /home/dongju/camel-amr-projects/install/amr_msg_interfaces/share/amr_msg_interfaces/cmake/rosidl_cmake_export_typesupport_targets-extras.cmake
[0.844s] -- Up-to-date symlink: /home/dongju/camel-amr-projects/install/amr_msg_interfaces/share/amr_msg_interfaces/cmake/amr_msg_interfacesConfig.cmake
[0.844s] -- Up-to-date symlink: /home/dongju/camel-amr-projects/install/amr_msg_interfaces/share/amr_msg_interfaces/cmake/amr_msg_interfacesConfig-version.cmake
[0.844s] -- Up-to-date symlink: /home/dongju/camel-amr-projects/install/amr_msg_interfaces/share/amr_msg_interfaces/package.xml
[0.844s] -- Up-to-date: /home/dongju/camel-amr-projects/install/amr_msg_interfaces/lib/libamr_msg_interfaces__rosidl_generator_c.so
[0.844s] -- Up-to-date: /home/dongju/camel-amr-projects/install/amr_msg_interfaces/lib/libamr_msg_interfaces__rosidl_typesupport_introspection_c.so
[0.844s] -- Up-to-date: /home/dongju/camel-amr-projects/install/amr_msg_interfaces/lib/libamr_msg_interfaces__rosidl_typesupport_c.so
[0.844s] -- Up-to-date: /home/dongju/camel-amr-projects/install/amr_msg_interfaces/lib/libamr_msg_interfaces__rosidl_typesupport_introspection_cpp.so
[0.845s] -- Up-to-date: /home/dongju/camel-amr-projects/install/amr_msg_interfaces/lib/libamr_msg_interfaces__rosidl_typesupport_cpp.so
[0.868s] Compiling '/home/dongju/camel-amr-projects/install/amr_msg_interfaces/lib/python3.8/site-packages/amr_msg_interfaces/__init__.py'...
[0.871s] -- Up-to-date: /home/dongju/camel-amr-projects/install/amr_msg_interfaces/share/amr_msg_interfaces/cmake/amr_msg_interfaces__rosidl_generator_cExport.cmake
[0.871s] -- Up-to-date: /home/dongju/camel-amr-projects/install/amr_msg_interfaces/share/amr_msg_interfaces/cmake/amr_msg_interfaces__rosidl_generator_cExport-noconfig.cmake
[0.871s] -- Up-to-date: /home/dongju/camel-amr-projects/install/amr_msg_interfaces/share/amr_msg_interfaces/cmake/amr_msg_interfaces__rosidl_typesupport_introspection_cExport.cmake
[0.872s] -- Up-to-date: /home/dongju/camel-amr-projects/install/amr_msg_interfaces/share/amr_msg_interfaces/cmake/amr_msg_interfaces__rosidl_typesupport_introspection_cExport-noconfig.cmake
[0.872s] -- Up-to-date: /home/dongju/camel-amr-projects/install/amr_msg_interfaces/share/amr_msg_interfaces/cmake/amr_msg_interfaces__rosidl_typesupport_cExport.cmake
[0.872s] -- Up-to-date: /home/dongju/camel-amr-projects/install/amr_msg_interfaces/share/amr_msg_interfaces/cmake/amr_msg_interfaces__rosidl_typesupport_cExport-noconfig.cmake
[0.872s] -- Up-to-date: /home/dongju/camel-amr-projects/install/amr_msg_interfaces/share/amr_msg_interfaces/cmake/amr_msg_interfaces__rosidl_generator_cppExport.cmake
[0.872s] -- Up-to-date: /home/dongju/camel-amr-projects/install/amr_msg_interfaces/share/amr_msg_interfaces/cmake/amr_msg_interfaces__rosidl_typesupport_introspection_cppExport.cmake
[0.872s] -- Up-to-date: /home/dongju/camel-amr-projects/install/amr_msg_interfaces/share/amr_msg_interfaces/cmake/amr_msg_interfaces__rosidl_typesupport_introspection_cppExport-noconfig.cmake
[0.872s] -- Up-to-date: /home/dongju/camel-amr-projects/install/amr_msg_interfaces/share/amr_msg_interfaces/cmake/amr_msg_interfaces__rosidl_typesupport_cppExport.cmake
[0.873s] -- Up-to-date: /home/dongju/camel-amr-projects/install/amr_msg_interfaces/share/amr_msg_interfaces/cmake/amr_msg_interfaces__rosidl_typesupport_cppExport-noconfig.cmake
[0.875s] Invoked command in '/home/dongju/camel-amr-projects/build/amr_msg_interfaces' returned '0': CMAKE_PREFIX_PATH=${CMAKE_PREFIX_PATH}:/opt/ros/foxy /usr/local/bin/cmake --install /home/dongju/camel-amr-projects/build/amr_msg_interfaces
