[ 16%] Built target astar_lib
[ 33%] Built target visualize_lib
[35m[1mConsolidate compiler generated dependencies of target clusteringDynamicObs_lib[0m
[ 50%] Built target obsDetection_lib
[ 66%] Built target dynamicObstacle_lib
[ 83%] Built target clusteringDynamicObs_lib
[35m[1mConsolidate compiler generated dependencies of target simulmain[0m
[ 91%] [32mBuilding CXX object CMakeFiles/simulmain.dir/src/simulmain/simul_main.cpp.o[0m
[01m[K/home/sangjun/camel-amr-projects-V1/src/amr-main-pkg/src/simulmain/simul_main.cpp:[m[K In member function ‘[01m[Kvoid ParkingNode::sub_callback(sensor_msgs::msg::LaserScan_<std::allocator<void> >::SharedPtr)[m[K’:
[01m[K/home/sangjun/camel-amr-projects-V1/src/amr-main-pkg/src/simulmain/simul_main.cpp:53:43:[m[K [01;31m[Kerror: [m[K‘[01m[Kstd::chrono::milliseconds ClusteringDynamicObs::duration[m[K’ is private within this context
   53 |     std::cout << "Cycle time: "<< Cluster.[01;31m[Kduration[m[K.count() << std::endl;
      |                                           [01;31m[K^~~~~~~~[m[K
In file included from [01m[K/home/sangjun/camel-amr-projects-V1/src/amr-main-pkg/include/simulmain/simul_main.hpp:25[m[K,
                 from [01m[K/home/sangjun/camel-amr-projects-V1/src/amr-main-pkg/src/simulmain/simul_main.cpp:4[m[K:
[01m[K/home/sangjun/camel-amr-projects-V1/src/amr-main-pkg/include/ClusteringDynamicObs/ClusteringDynamicObs.hpp:30:31:[m[K [01;36m[Knote: [m[Kdeclared private here
   30 |     std::chrono::milliseconds [01;36m[Kduration[m[K;
      |                               [01;36m[K^~~~~~~~[m[K
make[2]: *** [CMakeFiles/simulmain.dir/build.make:76: CMakeFiles/simulmain.dir/src/simulmain/simul_main.cpp.o] Error 1
make[1]: *** [CMakeFiles/Makefile2:177: CMakeFiles/simulmain.dir/all] Error 2
make: *** [Makefile:146: all] Error 2
