[0.022s] Invoking command in '/home/sangjun/camel-amr-projects-UI/build/amr-gazebo-pkg': CMAKE_PREFIX_PATH=/opt/ros/foxy:${CMAKE_PREFIX_PATH} /usr/local/bin/cmake /home/sangjun/camel-amr-projects-UI/src/amr-gazebo-pkg -DAMENT_CMAKE_SYMLINK_INSTALL=1 -DCMAKE_INSTALL_PREFIX=/home/sangjun/camel-amr-projects-UI/install/amr-gazebo-pkg
[0.060s] -- The C compiler identification is GNU 9.4.0
[0.097s] -- The CXX compiler identification is GNU 9.4.0
[0.103s] -- Detecting C compiler ABI info
[0.144s] -- Detecting C compiler ABI info - done
[0.154s] -- Check for working C compiler: /usr/bin/cc - skipped
[0.155s] -- Detecting C compile features
[0.155s] -- Detecting C compile features - done
[0.157s] -- Detecting CXX compiler ABI info
[0.204s] -- Detecting CXX compiler ABI info - done
[0.215s] -- Check for working CXX compiler: /usr/bin/c++ - skipped
[0.215s] -- Detecting CXX compile features
[0.215s] -- Detecting CXX compile features - done
[0.217s] -- Found ament_cmake: 0.9.12 (/opt/ros/foxy/share/ament_cmake/cmake)
[0.234s] -- Found PythonInterp: /usr/bin/python3 (found suitable version "3.8.10", minimum required is "3") 
[0.234s] -- Using PYTHON_EXECUTABLE: /usr/bin/python3
[0.375s] -- Override CMake install command with custom implementation using symlinks instead of copying resources
[0.393s] -- Found rclcpp: 2.4.3 (/opt/ros/foxy/share/rclcpp/cmake)
[0.424s] -- Using all available rosidl_typesupport_c: rosidl_typesupport_fastrtps_c;rosidl_typesupport_introspection_c
[0.429s] -- Found rosidl_adapter: 1.3.1 (/opt/ros/foxy/share/rosidl_adapter/cmake)
[0.483s] -- Found OpenSSL: /usr/lib/x86_64-linux-gnu/libcrypto.so (found version "1.1.1f")  
[0.508s] -- Found FastRTPS: /opt/ros/foxy/include  
[0.564s] -- Using all available rosidl_typesupport_cpp: rosidl_typesupport_fastrtps_cpp;rosidl_typesupport_introspection_cpp
[0.600s] -- Found rmw_implementation_cmake: 1.0.4 (/opt/ros/foxy/share/rmw_implementation_cmake/cmake)
[0.601s] -- Using RMW implementation 'rmw_fastrtps_cpp' as default
[0.602s] -- Looking for pthread.h
[0.643s] -- Looking for pthread.h - found
[0.644s] -- Performing Test CMAKE_HAVE_LIBC_PTHREAD
[0.684s] -- Performing Test CMAKE_HAVE_LIBC_PTHREAD - Failed
[0.684s] -- Looking for pthread_create in pthreads
[0.718s] -- Looking for pthread_create in pthreads - not found
[0.718s] -- Looking for pthread_create in pthread
[0.761s] -- Looking for pthread_create in pthread - found
[0.762s] -- Found Threads: TRUE  
[0.866s] -- Found ament_lint_auto: 0.9.8 (/opt/ros/foxy/share/ament_lint_auto/cmake)
[0.928s] -- Added test 'copyright' to check source files copyright and LICENSE
[0.930s] -- Added test 'flake8' to check Python code syntax and style conventions
[0.930s] -- Added test 'lint_cmake' to check CMake code style
[0.930s] -- Added test 'pep257' to check Python code against some of the style conventions in PEP 257
[0.931s] -- Added test 'xmllint' to check XML markup files
[0.932s] -- Configuring done
[0.934s] -- Generating done
[0.935s] -- Build files have been written to: /home/sangjun/camel-amr-projects-UI/build/amr-gazebo-pkg
[0.940s] Invoked command in '/home/sangjun/camel-amr-projects-UI/build/amr-gazebo-pkg' returned '0': CMAKE_PREFIX_PATH=/opt/ros/foxy:${CMAKE_PREFIX_PATH} /usr/local/bin/cmake /home/sangjun/camel-amr-projects-UI/src/amr-gazebo-pkg -DAMENT_CMAKE_SYMLINK_INSTALL=1 -DCMAKE_INSTALL_PREFIX=/home/sangjun/camel-amr-projects-UI/install/amr-gazebo-pkg
[0.943s] Invoking command in '/home/sangjun/camel-amr-projects-UI/build/amr-gazebo-pkg': CMAKE_PREFIX_PATH=/opt/ros/foxy:${CMAKE_PREFIX_PATH} /usr/local/bin/cmake --build /home/sangjun/camel-amr-projects-UI/build/amr-gazebo-pkg -- -j6 -l6
[0.959s] Invoked command in '/home/sangjun/camel-amr-projects-UI/build/amr-gazebo-pkg' returned '0': CMAKE_PREFIX_PATH=/opt/ros/foxy:${CMAKE_PREFIX_PATH} /usr/local/bin/cmake --build /home/sangjun/camel-amr-projects-UI/build/amr-gazebo-pkg -- -j6 -l6
[0.980s] Invoking command in '/home/sangjun/camel-amr-projects-UI/build/amr-gazebo-pkg': CMAKE_PREFIX_PATH=/opt/ros/foxy:${CMAKE_PREFIX_PATH} /usr/local/bin/cmake --install /home/sangjun/camel-amr-projects-UI/build/amr-gazebo-pkg
[0.983s] -- Install configuration: ""
[0.984s] -- Execute custom install script
[0.984s] -- Symlinking: /home/sangjun/camel-amr-projects-UI/install/amr-gazebo-pkg/share/amr-gazebo-pkg/launch/maze_world.launch.py
[0.987s] -- Symlinking: /home/sangjun/camel-amr-projects-UI/install/amr-gazebo-pkg/share/amr-gazebo-pkg/worlds/AMR_factory.world
[0.990s] -- Symlinking: /home/sangjun/camel-amr-projects-UI/install/amr-gazebo-pkg/share/amr-gazebo-pkg/worlds/Factory.world
[0.993s] -- Symlinking: /home/sangjun/camel-amr-projects-UI/install/amr-gazebo-pkg/share/amr-gazebo-pkg/worlds/simplemap.world
[0.997s] -- Symlinking: /home/sangjun/camel-amr-projects-UI/install/amr-gazebo-pkg/share/amr-gazebo-pkg/urdf/diffbot.gazebo
[1.001s] -- Symlinking: /home/sangjun/camel-amr-projects-UI/install/amr-gazebo-pkg/share/amr-gazebo-pkg/urdf/diffbot.urdf
[1.004s] -- Symlinking: /home/sangjun/camel-amr-projects-UI/install/amr-gazebo-pkg/share/amr-gazebo-pkg/urdf/diffbot.urdf.xacro
[1.006s] -- Symlinking: /home/sangjun/camel-amr-projects-UI/install/amr-gazebo-pkg/share/amr-gazebo-pkg/urdf/diffbot_amr.urdf
[1.008s] -- Symlinking: /home/sangjun/camel-amr-projects-UI/install/amr-gazebo-pkg/share/amr-gazebo-pkg/urdf/diffbot_amr_obstacle.urdf
[1.010s] -- Symlinking: /home/sangjun/camel-amr-projects-UI/install/amr-gazebo-pkg/share/amr-gazebo-pkg/rviz/diffbot.rviz
[1.012s] -- Symlinking: /home/sangjun/camel-amr-projects-UI/install/amr-gazebo-pkg/share/amr-gazebo-pkg/rviz/diffbot_amr.rviz
[1.014s] -- Symlinking: /home/sangjun/camel-amr-projects-UI/install/amr-gazebo-pkg/share/ament_index/resource_index/package_run_dependencies/amr-gazebo-pkg
[1.017s] -- Symlinking: /home/sangjun/camel-amr-projects-UI/install/amr-gazebo-pkg/share/ament_index/resource_index/parent_prefix_path/amr-gazebo-pkg
[1.019s] -- Symlinking: /home/sangjun/camel-amr-projects-UI/install/amr-gazebo-pkg/share/amr-gazebo-pkg/environment/ament_prefix_path.sh
[1.021s] -- Symlinking: /home/sangjun/camel-amr-projects-UI/install/amr-gazebo-pkg/share/amr-gazebo-pkg/environment/ament_prefix_path.dsv
[1.023s] -- Symlinking: /home/sangjun/camel-amr-projects-UI/install/amr-gazebo-pkg/share/amr-gazebo-pkg/environment/path.sh
[1.025s] -- Symlinking: /home/sangjun/camel-amr-projects-UI/install/amr-gazebo-pkg/share/amr-gazebo-pkg/environment/path.dsv
[1.027s] -- Symlinking: /home/sangjun/camel-amr-projects-UI/install/amr-gazebo-pkg/share/amr-gazebo-pkg/local_setup.bash
[1.030s] -- Symlinking: /home/sangjun/camel-amr-projects-UI/install/amr-gazebo-pkg/share/amr-gazebo-pkg/local_setup.sh
[1.031s] -- Symlinking: /home/sangjun/camel-amr-projects-UI/install/amr-gazebo-pkg/share/amr-gazebo-pkg/local_setup.zsh
[1.033s] -- Symlinking: /home/sangjun/camel-amr-projects-UI/install/amr-gazebo-pkg/share/amr-gazebo-pkg/local_setup.dsv
[1.035s] -- Symlinking: /home/sangjun/camel-amr-projects-UI/install/amr-gazebo-pkg/share/amr-gazebo-pkg/package.dsv
[1.037s] -- Symlinking: /home/sangjun/camel-amr-projects-UI/install/amr-gazebo-pkg/share/ament_index/resource_index/packages/amr-gazebo-pkg
[1.039s] -- Symlinking: /home/sangjun/camel-amr-projects-UI/install/amr-gazebo-pkg/share/amr-gazebo-pkg/cmake/amr-gazebo-pkgConfig.cmake
[1.041s] -- Symlinking: /home/sangjun/camel-amr-projects-UI/install/amr-gazebo-pkg/share/amr-gazebo-pkg/cmake/amr-gazebo-pkgConfig-version.cmake
[1.043s] -- Symlinking: /home/sangjun/camel-amr-projects-UI/install/amr-gazebo-pkg/share/amr-gazebo-pkg/package.xml
[1.047s] Invoked command in '/home/sangjun/camel-amr-projects-UI/build/amr-gazebo-pkg' returned '0': CMAKE_PREFIX_PATH=/opt/ros/foxy:${CMAKE_PREFIX_PATH} /usr/local/bin/cmake --install /home/sangjun/camel-amr-projects-UI/build/amr-gazebo-pkg
