[0.249s] DEBUG:colcon:Command line arguments: ['/usr/bin/colcon', 'build', '--symlink-install']
[0.249s] DEBUG:colcon:Parsed command line arguments: Namespace(allow_overriding=[], ament_cmake_args=None, base_paths=['.'], build_base='build', catkin_cmake_args=None, catkin_skip_building_tests=False, cmake_args=None, cmake_clean_cache=False, cmake_clean_first=False, cmake_force_configure=False, cmake_target=None, cmake_target_skip_unavailable=False, continue_on_error=False, event_handlers=None, executor='parallel', ignore_user_meta=False, install_base='install', log_base=None, log_level=None, main=<bound method BuildVerb.main of <colcon_core.verb.build.BuildVerb object at 0x7f8696259c40>>, merge_install=False, metas=['./colcon.meta'], packages_above=None, packages_above_and_dependencies=None, packages_above_depth=None, packages_end=None, packages_ignore=None, packages_ignore_regex=None, packages_select=None, packages_select_build_failed=False, packages_select_by_dep=None, packages_select_regex=None, packages_select_test_failures=False, packages_skip=None, packages_skip_build_finished=False, packages_skip_by_dep=None, packages_skip_regex=None, packages_skip_test_passed=False, packages_skip_up_to=None, packages_start=None, packages_up_to=None, packages_up_to_regex=None, parallel_workers=10, paths=None, symlink_install=True, test_result_base=None, verb_extension=<colcon_core.verb.build.BuildVerb object at 0x7f8696259c40>, verb_name='build', verb_parser=<colcon_defaults.argument_parser.defaults.DefaultArgumentsDecorator object at 0x7f86962671f0>)
[0.270s] Level 1:colcon.colcon_core.package_discovery:discover_packages(colcon_meta) check parameters
[0.270s] Level 1:colcon.colcon_core.package_discovery:discover_packages(recursive) check parameters
[0.271s] Level 1:colcon.colcon_core.package_discovery:discover_packages(ignore) check parameters
[0.271s] Level 1:colcon.colcon_core.package_discovery:discover_packages(path) check parameters
[0.271s] Level 1:colcon.colcon_core.package_discovery:discover_packages(colcon_meta) discover
[0.271s] Level 1:colcon.colcon_core.package_discovery:discover_packages(recursive) discover
[0.271s] INFO:colcon.colcon_core.package_discovery:Crawling recursively for packages in '/home/dongju/camel-amr-projects'
[0.271s] Level 1:colcon.colcon_core.package_identification:_identify(.) by extensions ['ignore', 'ignore_ament_install']
[0.271s] Level 1:colcon.colcon_core.package_identification:_identify(.) by extension 'ignore'
[0.271s] Level 1:colcon.colcon_core.package_identification:_identify(.) by extension 'ignore_ament_install'
[0.271s] Level 1:colcon.colcon_core.package_identification:_identify(.) by extensions ['colcon_pkg']
[0.271s] Level 1:colcon.colcon_core.package_identification:_identify(.) by extension 'colcon_pkg'
[0.271s] Level 1:colcon.colcon_core.package_identification:_identify(.) by extensions ['colcon_meta']
[0.271s] Level 1:colcon.colcon_core.package_identification:_identify(.) by extension 'colcon_meta'
[0.271s] Level 1:colcon.colcon_core.package_identification:_identify(.) by extensions ['ros']
[0.271s] Level 1:colcon.colcon_core.package_identification:_identify(.) by extension 'ros'
[0.285s] Level 1:colcon.colcon_core.package_identification:_identify(.) by extensions ['cmake', 'python']
[0.285s] Level 1:colcon.colcon_core.package_identification:_identify(.) by extension 'cmake'
[0.285s] Level 1:colcon.colcon_core.package_identification:_identify(.) by extension 'python'
[0.285s] Level 1:colcon.colcon_core.package_identification:_identify(.) by extensions ['python_setup_py']
[0.285s] Level 1:colcon.colcon_core.package_identification:_identify(.) by extension 'python_setup_py'
[0.285s] Level 1:colcon.colcon_core.package_identification:_identify(build) by extensions ['ignore', 'ignore_ament_install']
[0.286s] Level 1:colcon.colcon_core.package_identification:_identify(build) by extension 'ignore'
[0.286s] Level 1:colcon.colcon_core.package_identification:_identify(build) ignored
[0.286s] Level 1:colcon.colcon_core.package_identification:_identify(install) by extensions ['ignore', 'ignore_ament_install']
[0.286s] Level 1:colcon.colcon_core.package_identification:_identify(install) by extension 'ignore'
[0.286s] Level 1:colcon.colcon_core.package_identification:_identify(install) ignored
[0.286s] Level 1:colcon.colcon_core.package_identification:_identify(log) by extensions ['ignore', 'ignore_ament_install']
[0.286s] Level 1:colcon.colcon_core.package_identification:_identify(log) by extension 'ignore'
[0.286s] Level 1:colcon.colcon_core.package_identification:_identify(log) ignored
[0.286s] Level 1:colcon.colcon_core.package_identification:_identify(src) by extensions ['ignore', 'ignore_ament_install']
[0.286s] Level 1:colcon.colcon_core.package_identification:_identify(src) by extension 'ignore'
[0.286s] Level 1:colcon.colcon_core.package_identification:_identify(src) by extension 'ignore_ament_install'
[0.286s] Level 1:colcon.colcon_core.package_identification:_identify(src) by extensions ['colcon_pkg']
[0.286s] Level 1:colcon.colcon_core.package_identification:_identify(src) by extension 'colcon_pkg'
[0.286s] Level 1:colcon.colcon_core.package_identification:_identify(src) by extensions ['colcon_meta']
[0.286s] Level 1:colcon.colcon_core.package_identification:_identify(src) by extension 'colcon_meta'
[0.286s] Level 1:colcon.colcon_core.package_identification:_identify(src) by extensions ['ros']
[0.286s] Level 1:colcon.colcon_core.package_identification:_identify(src) by extension 'ros'
[0.287s] Level 1:colcon.colcon_core.package_identification:_identify(src) by extensions ['cmake', 'python']
[0.287s] Level 1:colcon.colcon_core.package_identification:_identify(src) by extension 'cmake'
[0.287s] Level 1:colcon.colcon_core.package_identification:_identify(src) by extension 'python'
[0.287s] Level 1:colcon.colcon_core.package_identification:_identify(src) by extensions ['python_setup_py']
[0.287s] Level 1:colcon.colcon_core.package_identification:_identify(src) by extension 'python_setup_py'
[0.287s] Level 1:colcon.colcon_core.package_identification:_identify(src/amr-gazebo-pkg) by extensions ['ignore', 'ignore_ament_install']
[0.287s] Level 1:colcon.colcon_core.package_identification:_identify(src/amr-gazebo-pkg) by extension 'ignore'
[0.287s] Level 1:colcon.colcon_core.package_identification:_identify(src/amr-gazebo-pkg) by extension 'ignore_ament_install'
[0.287s] Level 1:colcon.colcon_core.package_identification:_identify(src/amr-gazebo-pkg) by extensions ['colcon_pkg']
[0.287s] Level 1:colcon.colcon_core.package_identification:_identify(src/amr-gazebo-pkg) by extension 'colcon_pkg'
[0.287s] Level 1:colcon.colcon_core.package_identification:_identify(src/amr-gazebo-pkg) by extensions ['colcon_meta']
[0.287s] Level 1:colcon.colcon_core.package_identification:_identify(src/amr-gazebo-pkg) by extension 'colcon_meta'
[0.287s] Level 1:colcon.colcon_core.package_identification:_identify(src/amr-gazebo-pkg) by extensions ['ros']
[0.287s] Level 1:colcon.colcon_core.package_identification:_identify(src/amr-gazebo-pkg) by extension 'ros'
[0.289s] DEBUG:colcon.colcon_core.package_identification:Package 'src/amr-gazebo-pkg' with type 'ros.ament_cmake' and name 'amr-gazebo-pkg'
[0.289s] Level 1:colcon.colcon_core.package_identification:_identify(src/amr-main-pkg) by extensions ['ignore', 'ignore_ament_install']
[0.289s] Level 1:colcon.colcon_core.package_identification:_identify(src/amr-main-pkg) by extension 'ignore'
[0.289s] Level 1:colcon.colcon_core.package_identification:_identify(src/amr-main-pkg) by extension 'ignore_ament_install'
[0.289s] Level 1:colcon.colcon_core.package_identification:_identify(src/amr-main-pkg) by extensions ['colcon_pkg']
[0.289s] Level 1:colcon.colcon_core.package_identification:_identify(src/amr-main-pkg) by extension 'colcon_pkg'
[0.289s] Level 1:colcon.colcon_core.package_identification:_identify(src/amr-main-pkg) by extensions ['colcon_meta']
[0.289s] Level 1:colcon.colcon_core.package_identification:_identify(src/amr-main-pkg) by extension 'colcon_meta'
[0.289s] Level 1:colcon.colcon_core.package_identification:_identify(src/amr-main-pkg) by extensions ['ros']
[0.290s] Level 1:colcon.colcon_core.package_identification:_identify(src/amr-main-pkg) by extension 'ros'
[0.290s] DEBUG:colcon.colcon_core.package_identification:Package 'src/amr-main-pkg' with type 'ros.ament_cmake' and name 'amr-main-pkg'
[0.290s] Level 1:colcon.colcon_core.package_identification:_identify(src/amr-obstacle-pkg) by extensions ['ignore', 'ignore_ament_install']
[0.290s] Level 1:colcon.colcon_core.package_identification:_identify(src/amr-obstacle-pkg) by extension 'ignore'
[0.290s] Level 1:colcon.colcon_core.package_identification:_identify(src/amr-obstacle-pkg) by extension 'ignore_ament_install'
[0.290s] Level 1:colcon.colcon_core.package_identification:_identify(src/amr-obstacle-pkg) by extensions ['colcon_pkg']
[0.290s] Level 1:colcon.colcon_core.package_identification:_identify(src/amr-obstacle-pkg) by extension 'colcon_pkg'
[0.291s] Level 1:colcon.colcon_core.package_identification:_identify(src/amr-obstacle-pkg) by extensions ['colcon_meta']
[0.291s] Level 1:colcon.colcon_core.package_identification:_identify(src/amr-obstacle-pkg) by extension 'colcon_meta'
[0.291s] Level 1:colcon.colcon_core.package_identification:_identify(src/amr-obstacle-pkg) by extensions ['ros']
[0.291s] Level 1:colcon.colcon_core.package_identification:_identify(src/amr-obstacle-pkg) by extension 'ros'
[0.291s] DEBUG:colcon.colcon_core.package_identification:Package 'src/amr-obstacle-pkg' with type 'ros.ament_cmake' and name 'amr-obstacle-pkg'
[0.291s] Level 1:colcon.colcon_core.package_identification:_identify(src/amr_msg_interfaces) by extensions ['ignore', 'ignore_ament_install']
[0.291s] Level 1:colcon.colcon_core.package_identification:_identify(src/amr_msg_interfaces) by extension 'ignore'
[0.291s] Level 1:colcon.colcon_core.package_identification:_identify(src/amr_msg_interfaces) by extension 'ignore_ament_install'
[0.291s] Level 1:colcon.colcon_core.package_identification:_identify(src/amr_msg_interfaces) by extensions ['colcon_pkg']
[0.292s] Level 1:colcon.colcon_core.package_identification:_identify(src/amr_msg_interfaces) by extension 'colcon_pkg'
[0.292s] Level 1:colcon.colcon_core.package_identification:_identify(src/amr_msg_interfaces) by extensions ['colcon_meta']
[0.292s] Level 1:colcon.colcon_core.package_identification:_identify(src/amr_msg_interfaces) by extension 'colcon_meta'
[0.292s] Level 1:colcon.colcon_core.package_identification:_identify(src/amr_msg_interfaces) by extensions ['ros']
[0.292s] Level 1:colcon.colcon_core.package_identification:_identify(src/amr_msg_interfaces) by extension 'ros'
[0.292s] DEBUG:colcon.colcon_core.package_identification:Package 'src/amr_msg_interfaces' with type 'ros.ament_cmake' and name 'amr_msg_interfaces'
[0.292s] Level 1:colcon.colcon_core.package_discovery:discover_packages(recursive) using defaults
[0.292s] Level 1:colcon.colcon_core.package_discovery:discover_packages(ignore) discover
[0.292s] Level 1:colcon.colcon_core.package_discovery:discover_packages(ignore) using defaults
[0.292s] Level 1:colcon.colcon_core.package_discovery:discover_packages(path) discover
[0.292s] Level 1:colcon.colcon_core.package_discovery:discover_packages(path) using defaults
[0.308s] Level 1:colcon.colcon_core.package_discovery:discover_packages(prefix_path) check parameters
[0.308s] Level 1:colcon.colcon_core.package_discovery:discover_packages(prefix_path) discover
[0.311s] DEBUG:colcon.colcon_installed_package_information.package_discovery:Found 4 installed packages in /home/dongju/camel-amr-projects/install
[0.312s] DEBUG:colcon.colcon_installed_package_information.package_discovery:Found 307 installed packages in /opt/ros/foxy
[0.313s] Level 1:colcon.colcon_core.package_discovery:discover_packages(prefix_path) using defaults
[0.377s] Level 5:colcon.colcon_core.verb:set package 'amr-gazebo-pkg' build argument 'cmake_args' from command line to 'None'
[0.378s] Level 5:colcon.colcon_core.verb:set package 'amr-gazebo-pkg' build argument 'cmake_target' from command line to 'None'
[0.378s] Level 5:colcon.colcon_core.verb:set package 'amr-gazebo-pkg' build argument 'cmake_target_skip_unavailable' from command line to 'False'
[0.378s] Level 5:colcon.colcon_core.verb:set package 'amr-gazebo-pkg' build argument 'cmake_clean_cache' from command line to 'False'
[0.378s] Level 5:colcon.colcon_core.verb:set package 'amr-gazebo-pkg' build argument 'cmake_clean_first' from command line to 'False'
[0.378s] Level 5:colcon.colcon_core.verb:set package 'amr-gazebo-pkg' build argument 'cmake_force_configure' from command line to 'False'
[0.378s] Level 5:colcon.colcon_core.verb:set package 'amr-gazebo-pkg' build argument 'ament_cmake_args' from command line to 'None'
[0.378s] Level 5:colcon.colcon_core.verb:set package 'amr-gazebo-pkg' build argument 'catkin_cmake_args' from command line to 'None'
[0.378s] Level 5:colcon.colcon_core.verb:set package 'amr-gazebo-pkg' build argument 'catkin_skip_building_tests' from command line to 'False'
[0.378s] DEBUG:colcon.colcon_core.verb:Building package 'amr-gazebo-pkg' with the following arguments: {'ament_cmake_args': None, 'build_base': '/home/dongju/camel-amr-projects/build/amr-gazebo-pkg', 'catkin_cmake_args': None, 'catkin_skip_building_tests': False, 'cmake_args': None, 'cmake_clean_cache': False, 'cmake_clean_first': False, 'cmake_force_configure': False, 'cmake_target': None, 'cmake_target_skip_unavailable': False, 'install_base': '/home/dongju/camel-amr-projects/install/amr-gazebo-pkg', 'merge_install': False, 'path': '/home/dongju/camel-amr-projects/src/amr-gazebo-pkg', 'symlink_install': True, 'test_result_base': None}
[0.379s] Level 5:colcon.colcon_core.verb:set package 'amr-obstacle-pkg' build argument 'cmake_args' from command line to 'None'
[0.379s] Level 5:colcon.colcon_core.verb:set package 'amr-obstacle-pkg' build argument 'cmake_target' from command line to 'None'
[0.379s] Level 5:colcon.colcon_core.verb:set package 'amr-obstacle-pkg' build argument 'cmake_target_skip_unavailable' from command line to 'False'
[0.379s] Level 5:colcon.colcon_core.verb:set package 'amr-obstacle-pkg' build argument 'cmake_clean_cache' from command line to 'False'
[0.379s] Level 5:colcon.colcon_core.verb:set package 'amr-obstacle-pkg' build argument 'cmake_clean_first' from command line to 'False'
[0.379s] Level 5:colcon.colcon_core.verb:set package 'amr-obstacle-pkg' build argument 'cmake_force_configure' from command line to 'False'
[0.379s] Level 5:colcon.colcon_core.verb:set package 'amr-obstacle-pkg' build argument 'ament_cmake_args' from command line to 'None'
[0.379s] Level 5:colcon.colcon_core.verb:set package 'amr-obstacle-pkg' build argument 'catkin_cmake_args' from command line to 'None'
[0.379s] Level 5:colcon.colcon_core.verb:set package 'amr-obstacle-pkg' build argument 'catkin_skip_building_tests' from command line to 'False'
[0.379s] DEBUG:colcon.colcon_core.verb:Building package 'amr-obstacle-pkg' with the following arguments: {'ament_cmake_args': None, 'build_base': '/home/dongju/camel-amr-projects/build/amr-obstacle-pkg', 'catkin_cmake_args': None, 'catkin_skip_building_tests': False, 'cmake_args': None, 'cmake_clean_cache': False, 'cmake_clean_first': False, 'cmake_force_configure': False, 'cmake_target': None, 'cmake_target_skip_unavailable': False, 'install_base': '/home/dongju/camel-amr-projects/install/amr-obstacle-pkg', 'merge_install': False, 'path': '/home/dongju/camel-amr-projects/src/amr-obstacle-pkg', 'symlink_install': True, 'test_result_base': None}
[0.380s] Level 5:colcon.colcon_core.verb:set package 'amr_msg_interfaces' build argument 'cmake_args' from command line to 'None'
[0.380s] Level 5:colcon.colcon_core.verb:set package 'amr_msg_interfaces' build argument 'cmake_target' from command line to 'None'
[0.380s] Level 5:colcon.colcon_core.verb:set package 'amr_msg_interfaces' build argument 'cmake_target_skip_unavailable' from command line to 'False'
[0.380s] Level 5:colcon.colcon_core.verb:set package 'amr_msg_interfaces' build argument 'cmake_clean_cache' from command line to 'False'
[0.380s] Level 5:colcon.colcon_core.verb:set package 'amr_msg_interfaces' build argument 'cmake_clean_first' from command line to 'False'
[0.380s] Level 5:colcon.colcon_core.verb:set package 'amr_msg_interfaces' build argument 'cmake_force_configure' from command line to 'False'
[0.380s] Level 5:colcon.colcon_core.verb:set package 'amr_msg_interfaces' build argument 'ament_cmake_args' from command line to 'None'
[0.380s] Level 5:colcon.colcon_core.verb:set package 'amr_msg_interfaces' build argument 'catkin_cmake_args' from command line to 'None'
[0.380s] Level 5:colcon.colcon_core.verb:set package 'amr_msg_interfaces' build argument 'catkin_skip_building_tests' from command line to 'False'
[0.380s] DEBUG:colcon.colcon_core.verb:Building package 'amr_msg_interfaces' with the following arguments: {'ament_cmake_args': None, 'build_base': '/home/dongju/camel-amr-projects/build/amr_msg_interfaces', 'catkin_cmake_args': None, 'catkin_skip_building_tests': False, 'cmake_args': None, 'cmake_clean_cache': False, 'cmake_clean_first': False, 'cmake_force_configure': False, 'cmake_target': None, 'cmake_target_skip_unavailable': False, 'install_base': '/home/dongju/camel-amr-projects/install/amr_msg_interfaces', 'merge_install': False, 'path': '/home/dongju/camel-amr-projects/src/amr_msg_interfaces', 'symlink_install': True, 'test_result_base': None}
[0.381s] Level 5:colcon.colcon_core.verb:set package 'amr-main-pkg' build argument 'cmake_args' from command line to 'None'
[0.381s] Level 5:colcon.colcon_core.verb:set package 'amr-main-pkg' build argument 'cmake_target' from command line to 'None'
[0.381s] Level 5:colcon.colcon_core.verb:set package 'amr-main-pkg' build argument 'cmake_target_skip_unavailable' from command line to 'False'
[0.381s] Level 5:colcon.colcon_core.verb:set package 'amr-main-pkg' build argument 'cmake_clean_cache' from command line to 'False'
[0.381s] Level 5:colcon.colcon_core.verb:set package 'amr-main-pkg' build argument 'cmake_clean_first' from command line to 'False'
[0.381s] Level 5:colcon.colcon_core.verb:set package 'amr-main-pkg' build argument 'cmake_force_configure' from command line to 'False'
[0.381s] Level 5:colcon.colcon_core.verb:set package 'amr-main-pkg' build argument 'ament_cmake_args' from command line to 'None'
[0.381s] Level 5:colcon.colcon_core.verb:set package 'amr-main-pkg' build argument 'catkin_cmake_args' from command line to 'None'
[0.381s] Level 5:colcon.colcon_core.verb:set package 'amr-main-pkg' build argument 'catkin_skip_building_tests' from command line to 'False'
[0.381s] DEBUG:colcon.colcon_core.verb:Building package 'amr-main-pkg' with the following arguments: {'ament_cmake_args': None, 'build_base': '/home/dongju/camel-amr-projects/build/amr-main-pkg', 'catkin_cmake_args': None, 'catkin_skip_building_tests': False, 'cmake_args': None, 'cmake_clean_cache': False, 'cmake_clean_first': False, 'cmake_force_configure': False, 'cmake_target': None, 'cmake_target_skip_unavailable': False, 'install_base': '/home/dongju/camel-amr-projects/install/amr-main-pkg', 'merge_install': False, 'path': '/home/dongju/camel-amr-projects/src/amr-main-pkg', 'symlink_install': True, 'test_result_base': None}
[0.382s] INFO:colcon.colcon_core.executor:Executing jobs using 'parallel' executor
[0.385s] DEBUG:colcon.colcon_parallel_executor.executor.parallel:run_until_complete
[0.385s] INFO:colcon.colcon_ros.task.ament_cmake.build:Building ROS package in '/home/dongju/camel-amr-projects/src/amr_msg_interfaces' with build type 'ament_cmake'
[0.385s] INFO:colcon.colcon_cmake.task.cmake.build:Building CMake package in '/home/dongju/camel-amr-projects/src/amr_msg_interfaces'
[0.388s] INFO:colcon.colcon_core.plugin_system:Skipping extension 'colcon_core.shell.bat': Not used on non-Windows systems
[0.388s] INFO:colcon.colcon_core.shell:Skip shell extension 'powershell' for command environment: Not usable outside of PowerShell
[0.388s] DEBUG:colcon.colcon_core.shell:Skip shell extension 'dsv' for command environment
[0.393s] INFO:colcon.colcon_ros.task.ament_cmake.build:Building ROS package in '/home/dongju/camel-amr-projects/src/amr-gazebo-pkg' with build type 'ament_cmake'
[0.393s] INFO:colcon.colcon_cmake.task.cmake.build:Building CMake package in '/home/dongju/camel-amr-projects/src/amr-gazebo-pkg'
[0.394s] INFO:colcon.colcon_core.shell:Skip shell extension 'powershell' for command environment: Not usable outside of PowerShell
[0.395s] DEBUG:colcon.colcon_core.shell:Skip shell extension 'dsv' for command environment
[0.399s] INFO:colcon.colcon_ros.task.ament_cmake.build:Building ROS package in '/home/dongju/camel-amr-projects/src/amr-obstacle-pkg' with build type 'ament_cmake'
[0.399s] INFO:colcon.colcon_cmake.task.cmake.build:Building CMake package in '/home/dongju/camel-amr-projects/src/amr-obstacle-pkg'
[0.400s] INFO:colcon.colcon_core.shell:Skip shell extension 'powershell' for command environment: Not usable outside of PowerShell
[0.401s] DEBUG:colcon.colcon_core.shell:Skip shell extension 'dsv' for command environment
[0.410s] DEBUG:colcon.colcon_core.event_handler.log_command:Invoking command in '/home/dongju/camel-amr-projects/build/amr_msg_interfaces': CMAKE_PREFIX_PATH=${CMAKE_PREFIX_PATH}:/opt/ros/foxy /usr/local/bin/cmake --build /home/dongju/camel-amr-projects/build/amr_msg_interfaces -- -j10 -l10
[0.414s] DEBUG:colcon.colcon_core.event_handler.log_command:Invoking command in '/home/dongju/camel-amr-projects/build/amr-gazebo-pkg': CMAKE_PREFIX_PATH=${CMAKE_PREFIX_PATH}:/opt/ros/foxy /usr/local/bin/cmake --build /home/dongju/camel-amr-projects/build/amr-gazebo-pkg -- -j10 -l10
[0.417s] DEBUG:colcon.colcon_core.event_handler.log_command:Invoking command in '/home/dongju/camel-amr-projects/build/amr-obstacle-pkg': CMAKE_PREFIX_PATH=${CMAKE_PREFIX_PATH}:/opt/ros/foxy /usr/local/bin/cmake --build /home/dongju/camel-amr-projects/build/amr-obstacle-pkg -- -j10 -l10
[0.426s] DEBUG:colcon.colcon_core.event_handler.log_command:Invoked command in '/home/dongju/camel-amr-projects/build/amr-gazebo-pkg' returned '0': CMAKE_PREFIX_PATH=${CMAKE_PREFIX_PATH}:/opt/ros/foxy /usr/local/bin/cmake --build /home/dongju/camel-amr-projects/build/amr-gazebo-pkg -- -j10 -l10
[0.444s] DEBUG:colcon.colcon_core.event_handler.log_command:Invoking command in '/home/dongju/camel-amr-projects/build/amr-gazebo-pkg': CMAKE_PREFIX_PATH=${CMAKE_PREFIX_PATH}:/opt/ros/foxy /usr/local/bin/cmake --install /home/dongju/camel-amr-projects/build/amr-gazebo-pkg
[0.446s] DEBUG:colcon.colcon_core.event_handler.log_command:Invoked command in '/home/dongju/camel-amr-projects/build/amr-obstacle-pkg' returned '0': CMAKE_PREFIX_PATH=${CMAKE_PREFIX_PATH}:/opt/ros/foxy /usr/local/bin/cmake --build /home/dongju/camel-amr-projects/build/amr-obstacle-pkg -- -j10 -l10
[0.453s] Level 1:colcon.colcon_core.environment:create_environment_scripts_only(amr-gazebo-pkg)
[0.453s] DEBUG:colcon.colcon_core.event_handler.log_command:Invoked command in '/home/dongju/camel-amr-projects/build/amr-gazebo-pkg' returned '0': CMAKE_PREFIX_PATH=${CMAKE_PREFIX_PATH}:/opt/ros/foxy /usr/local/bin/cmake --install /home/dongju/camel-amr-projects/build/amr-gazebo-pkg
[0.458s] Level 1:colcon.colcon_core.environment:checking '/home/dongju/camel-amr-projects/install/amr-gazebo-pkg' for CMake module files
[0.458s] Level 1:colcon.colcon_core.environment:checking '/home/dongju/camel-amr-projects/install/amr-gazebo-pkg' for CMake config files
[0.458s] Level 1:colcon.colcon_core.shell:create_environment_hook('amr-gazebo-pkg', 'cmake_prefix_path')
[0.460s] INFO:colcon.colcon_core.shell:Creating environment hook '/home/dongju/camel-amr-projects/install/amr-gazebo-pkg/share/amr-gazebo-pkg/hook/cmake_prefix_path.ps1'
[0.460s] INFO:colcon.colcon_core.shell:Creating environment descriptor '/home/dongju/camel-amr-projects/install/amr-gazebo-pkg/share/amr-gazebo-pkg/hook/cmake_prefix_path.dsv'
[0.460s] INFO:colcon.colcon_core.shell:Creating environment hook '/home/dongju/camel-amr-projects/install/amr-gazebo-pkg/share/amr-gazebo-pkg/hook/cmake_prefix_path.sh'
[0.461s] Level 1:colcon.colcon_core.environment:checking '/home/dongju/camel-amr-projects/install/amr-gazebo-pkg/bin'
[0.461s] Level 1:colcon.colcon_core.environment:checking '/home/dongju/camel-amr-projects/install/amr-gazebo-pkg/lib/pkgconfig/amr-gazebo-pkg.pc'
[0.461s] Level 1:colcon.colcon_core.environment:checking '/home/dongju/camel-amr-projects/install/amr-gazebo-pkg/lib/python3.8/site-packages'
[0.461s] Level 1:colcon.colcon_core.environment:checking '/home/dongju/camel-amr-projects/install/amr-gazebo-pkg/bin'
[0.463s] INFO:colcon.colcon_core.shell:Creating package script '/home/dongju/camel-amr-projects/install/amr-gazebo-pkg/share/amr-gazebo-pkg/package.ps1'
[0.463s] INFO:colcon.colcon_core.shell:Creating package descriptor '/home/dongju/camel-amr-projects/install/amr-gazebo-pkg/share/amr-gazebo-pkg/package.dsv'
[0.464s] INFO:colcon.colcon_core.shell:Creating package script '/home/dongju/camel-amr-projects/install/amr-gazebo-pkg/share/amr-gazebo-pkg/package.sh'
[0.464s] INFO:colcon.colcon_core.shell:Creating package script '/home/dongju/camel-amr-projects/install/amr-gazebo-pkg/share/amr-gazebo-pkg/package.bash'
[0.465s] INFO:colcon.colcon_core.shell:Creating package script '/home/dongju/camel-amr-projects/install/amr-gazebo-pkg/share/amr-gazebo-pkg/package.zsh'
[0.465s] Level 1:colcon.colcon_core.environment:create_file_with_runtime_dependencies(/home/dongju/camel-amr-projects/install/amr-gazebo-pkg/share/colcon-core/packages/amr-gazebo-pkg)
[0.470s] DEBUG:colcon.colcon_core.event_handler.log_command:Invoking command in '/home/dongju/camel-amr-projects/build/amr-obstacle-pkg': CMAKE_PREFIX_PATH=${CMAKE_PREFIX_PATH}:/opt/ros/foxy /usr/local/bin/cmake --install /home/dongju/camel-amr-projects/build/amr-obstacle-pkg
[0.477s] Level 1:colcon.colcon_core.environment:create_environment_scripts_only(amr-gazebo-pkg)
[0.479s] Level 1:colcon.colcon_core.environment:checking '/home/dongju/camel-amr-projects/install/amr-gazebo-pkg' for CMake module files
[0.480s] Level 1:colcon.colcon_core.environment:checking '/home/dongju/camel-amr-projects/install/amr-gazebo-pkg' for CMake config files
[0.480s] Level 1:colcon.colcon_core.shell:create_environment_hook('amr-gazebo-pkg', 'cmake_prefix_path')
[0.481s] INFO:colcon.colcon_core.shell:Creating environment hook '/home/dongju/camel-amr-projects/install/amr-gazebo-pkg/share/amr-gazebo-pkg/hook/cmake_prefix_path.ps1'
[0.482s] INFO:colcon.colcon_core.shell:Creating environment descriptor '/home/dongju/camel-amr-projects/install/amr-gazebo-pkg/share/amr-gazebo-pkg/hook/cmake_prefix_path.dsv'
[0.482s] INFO:colcon.colcon_core.shell:Creating environment hook '/home/dongju/camel-amr-projects/install/amr-gazebo-pkg/share/amr-gazebo-pkg/hook/cmake_prefix_path.sh'
[0.482s] Level 1:colcon.colcon_core.environment:checking '/home/dongju/camel-amr-projects/install/amr-gazebo-pkg/bin'
[0.482s] Level 1:colcon.colcon_core.environment:checking '/home/dongju/camel-amr-projects/install/amr-gazebo-pkg/lib/pkgconfig/amr-gazebo-pkg.pc'
[0.482s] Level 1:colcon.colcon_core.environment:checking '/home/dongju/camel-amr-projects/install/amr-gazebo-pkg/lib/python3.8/site-packages'
[0.483s] Level 1:colcon.colcon_core.environment:checking '/home/dongju/camel-amr-projects/install/amr-gazebo-pkg/bin'
[0.484s] INFO:colcon.colcon_core.shell:Creating package script '/home/dongju/camel-amr-projects/install/amr-gazebo-pkg/share/amr-gazebo-pkg/package.ps1'
[0.484s] INFO:colcon.colcon_core.shell:Creating package descriptor '/home/dongju/camel-amr-projects/install/amr-gazebo-pkg/share/amr-gazebo-pkg/package.dsv'
[0.485s] INFO:colcon.colcon_core.shell:Creating package script '/home/dongju/camel-amr-projects/install/amr-gazebo-pkg/share/amr-gazebo-pkg/package.sh'
[0.485s] INFO:colcon.colcon_core.shell:Creating package script '/home/dongju/camel-amr-projects/install/amr-gazebo-pkg/share/amr-gazebo-pkg/package.bash'
[0.485s] INFO:colcon.colcon_core.shell:Creating package script '/home/dongju/camel-amr-projects/install/amr-gazebo-pkg/share/amr-gazebo-pkg/package.zsh'
[0.485s] Level 1:colcon.colcon_core.environment:create_file_with_runtime_dependencies(/home/dongju/camel-amr-projects/install/amr-gazebo-pkg/share/colcon-core/packages/amr-gazebo-pkg)
[0.486s] Level 1:colcon.colcon_core.environment:create_environment_scripts_only(amr-obstacle-pkg)
[0.488s] Level 1:colcon.colcon_core.environment:checking '/home/dongju/camel-amr-projects/install/amr-obstacle-pkg' for CMake module files
[0.489s] DEBUG:colcon.colcon_core.event_handler.log_command:Invoked command in '/home/dongju/camel-amr-projects/build/amr-obstacle-pkg' returned '0': CMAKE_PREFIX_PATH=${CMAKE_PREFIX_PATH}:/opt/ros/foxy /usr/local/bin/cmake --install /home/dongju/camel-amr-projects/build/amr-obstacle-pkg
[0.489s] Level 1:colcon.colcon_core.environment:checking '/home/dongju/camel-amr-projects/install/amr-obstacle-pkg' for CMake config files
[0.489s] Level 1:colcon.colcon_core.shell:create_environment_hook('amr-obstacle-pkg', 'cmake_prefix_path')
[0.490s] INFO:colcon.colcon_core.shell:Creating environment hook '/home/dongju/camel-amr-projects/install/amr-obstacle-pkg/share/amr-obstacle-pkg/hook/cmake_prefix_path.ps1'
[0.490s] INFO:colcon.colcon_core.shell:Creating environment descriptor '/home/dongju/camel-amr-projects/install/amr-obstacle-pkg/share/amr-obstacle-pkg/hook/cmake_prefix_path.dsv'
[0.491s] INFO:colcon.colcon_core.shell:Creating environment hook '/home/dongju/camel-amr-projects/install/amr-obstacle-pkg/share/amr-obstacle-pkg/hook/cmake_prefix_path.sh'
[0.491s] Level 1:colcon.colcon_core.environment:checking '/home/dongju/camel-amr-projects/install/amr-obstacle-pkg/lib'
[0.491s] Level 1:colcon.colcon_core.environment:checking '/home/dongju/camel-amr-projects/install/amr-obstacle-pkg/bin'
[0.491s] Level 1:colcon.colcon_core.environment:checking '/home/dongju/camel-amr-projects/install/amr-obstacle-pkg/lib/pkgconfig/amr-obstacle-pkg.pc'
[0.491s] Level 1:colcon.colcon_core.environment:checking '/home/dongju/camel-amr-projects/install/amr-obstacle-pkg/lib/python3.8/site-packages'
[0.492s] Level 1:colcon.colcon_core.environment:checking '/home/dongju/camel-amr-projects/install/amr-obstacle-pkg/bin'
[0.493s] INFO:colcon.colcon_core.shell:Creating package script '/home/dongju/camel-amr-projects/install/amr-obstacle-pkg/share/amr-obstacle-pkg/package.ps1'
[0.493s] INFO:colcon.colcon_core.shell:Creating package descriptor '/home/dongju/camel-amr-projects/install/amr-obstacle-pkg/share/amr-obstacle-pkg/package.dsv'
[0.493s] INFO:colcon.colcon_core.shell:Creating package script '/home/dongju/camel-amr-projects/install/amr-obstacle-pkg/share/amr-obstacle-pkg/package.sh'
[0.494s] INFO:colcon.colcon_core.shell:Creating package script '/home/dongju/camel-amr-projects/install/amr-obstacle-pkg/share/amr-obstacle-pkg/package.bash'
[0.494s] INFO:colcon.colcon_core.shell:Creating package script '/home/dongju/camel-amr-projects/install/amr-obstacle-pkg/share/amr-obstacle-pkg/package.zsh'
[0.494s] Level 1:colcon.colcon_core.environment:create_file_with_runtime_dependencies(/home/dongju/camel-amr-projects/install/amr-obstacle-pkg/share/colcon-core/packages/amr-obstacle-pkg)
[0.496s] DEBUG:colcon.colcon_core.event_handler.log_command:Invoked command in '/home/dongju/camel-amr-projects/build/amr_msg_interfaces' returned '0': CMAKE_PREFIX_PATH=${CMAKE_PREFIX_PATH}:/opt/ros/foxy /usr/local/bin/cmake --build /home/dongju/camel-amr-projects/build/amr_msg_interfaces -- -j10 -l10
[0.508s] Level 1:colcon.colcon_core.environment:create_environment_scripts_only(amr-obstacle-pkg)
[0.510s] Level 1:colcon.colcon_core.environment:checking '/home/dongju/camel-amr-projects/install/amr-obstacle-pkg' for CMake module files
[0.510s] Level 1:colcon.colcon_core.environment:checking '/home/dongju/camel-amr-projects/install/amr-obstacle-pkg' for CMake config files
[0.510s] Level 1:colcon.colcon_core.shell:create_environment_hook('amr-obstacle-pkg', 'cmake_prefix_path')
[0.512s] INFO:colcon.colcon_core.shell:Creating environment hook '/home/dongju/camel-amr-projects/install/amr-obstacle-pkg/share/amr-obstacle-pkg/hook/cmake_prefix_path.ps1'
[0.512s] INFO:colcon.colcon_core.shell:Creating environment descriptor '/home/dongju/camel-amr-projects/install/amr-obstacle-pkg/share/amr-obstacle-pkg/hook/cmake_prefix_path.dsv'
[0.512s] INFO:colcon.colcon_core.shell:Creating environment hook '/home/dongju/camel-amr-projects/install/amr-obstacle-pkg/share/amr-obstacle-pkg/hook/cmake_prefix_path.sh'
[0.513s] Level 1:colcon.colcon_core.environment:checking '/home/dongju/camel-amr-projects/install/amr-obstacle-pkg/lib'
[0.513s] Level 1:colcon.colcon_core.environment:checking '/home/dongju/camel-amr-projects/install/amr-obstacle-pkg/bin'
[0.513s] Level 1:colcon.colcon_core.environment:checking '/home/dongju/camel-amr-projects/install/amr-obstacle-pkg/lib/pkgconfig/amr-obstacle-pkg.pc'
[0.513s] Level 1:colcon.colcon_core.environment:checking '/home/dongju/camel-amr-projects/install/amr-obstacle-pkg/lib/python3.8/site-packages'
[0.514s] Level 1:colcon.colcon_core.environment:checking '/home/dongju/camel-amr-projects/install/amr-obstacle-pkg/bin'
[0.515s] INFO:colcon.colcon_core.shell:Creating package script '/home/dongju/camel-amr-projects/install/amr-obstacle-pkg/share/amr-obstacle-pkg/package.ps1'
[0.516s] INFO:colcon.colcon_core.shell:Creating package descriptor '/home/dongju/camel-amr-projects/install/amr-obstacle-pkg/share/amr-obstacle-pkg/package.dsv'
[0.516s] INFO:colcon.colcon_core.shell:Creating package script '/home/dongju/camel-amr-projects/install/amr-obstacle-pkg/share/amr-obstacle-pkg/package.sh'
[0.517s] INFO:colcon.colcon_core.shell:Creating package script '/home/dongju/camel-amr-projects/install/amr-obstacle-pkg/share/amr-obstacle-pkg/package.bash'
[0.517s] INFO:colcon.colcon_core.shell:Creating package script '/home/dongju/camel-amr-projects/install/amr-obstacle-pkg/share/amr-obstacle-pkg/package.zsh'
[0.517s] Level 1:colcon.colcon_core.environment:create_file_with_runtime_dependencies(/home/dongju/camel-amr-projects/install/amr-obstacle-pkg/share/colcon-core/packages/amr-obstacle-pkg)
[0.532s] DEBUG:colcon.colcon_core.event_handler.log_command:Invoking command in '/home/dongju/camel-amr-projects/build/amr_msg_interfaces': CMAKE_PREFIX_PATH=${CMAKE_PREFIX_PATH}:/opt/ros/foxy /usr/local/bin/cmake --install /home/dongju/camel-amr-projects/build/amr_msg_interfaces
[0.575s] Level 1:colcon.colcon_core.environment:create_environment_scripts_only(amr_msg_interfaces)
[0.577s] Level 1:colcon.colcon_core.environment:checking '/home/dongju/camel-amr-projects/install/amr_msg_interfaces' for CMake module files
[0.577s] DEBUG:colcon.colcon_core.event_handler.log_command:Invoked command in '/home/dongju/camel-amr-projects/build/amr_msg_interfaces' returned '0': CMAKE_PREFIX_PATH=${CMAKE_PREFIX_PATH}:/opt/ros/foxy /usr/local/bin/cmake --install /home/dongju/camel-amr-projects/build/amr_msg_interfaces
[0.577s] Level 1:colcon.colcon_core.environment:checking '/home/dongju/camel-amr-projects/install/amr_msg_interfaces' for CMake config files
[0.578s] Level 1:colcon.colcon_core.shell:create_environment_hook('amr_msg_interfaces', 'cmake_prefix_path')
[0.579s] INFO:colcon.colcon_core.shell:Creating environment hook '/home/dongju/camel-amr-projects/install/amr_msg_interfaces/share/amr_msg_interfaces/hook/cmake_prefix_path.ps1'
[0.579s] INFO:colcon.colcon_core.shell:Creating environment descriptor '/home/dongju/camel-amr-projects/install/amr_msg_interfaces/share/amr_msg_interfaces/hook/cmake_prefix_path.dsv'
[0.580s] INFO:colcon.colcon_core.shell:Creating environment hook '/home/dongju/camel-amr-projects/install/amr_msg_interfaces/share/amr_msg_interfaces/hook/cmake_prefix_path.sh'
[0.580s] Level 1:colcon.colcon_core.environment:checking '/home/dongju/camel-amr-projects/install/amr_msg_interfaces/lib'
[0.580s] Level 1:colcon.colcon_core.shell:create_environment_hook('amr_msg_interfaces', 'ld_library_path_lib')
[0.581s] INFO:colcon.colcon_core.shell:Creating environment hook '/home/dongju/camel-amr-projects/install/amr_msg_interfaces/share/amr_msg_interfaces/hook/ld_library_path_lib.ps1'
[0.581s] INFO:colcon.colcon_core.shell:Creating environment descriptor '/home/dongju/camel-amr-projects/install/amr_msg_interfaces/share/amr_msg_interfaces/hook/ld_library_path_lib.dsv'
[0.582s] INFO:colcon.colcon_core.shell:Creating environment hook '/home/dongju/camel-amr-projects/install/amr_msg_interfaces/share/amr_msg_interfaces/hook/ld_library_path_lib.sh'
[0.582s] Level 1:colcon.colcon_core.environment:checking '/home/dongju/camel-amr-projects/install/amr_msg_interfaces/bin'
[0.582s] Level 1:colcon.colcon_core.environment:checking '/home/dongju/camel-amr-projects/install/amr_msg_interfaces/lib/pkgconfig/amr_msg_interfaces.pc'
[0.582s] Level 1:colcon.colcon_core.environment:checking '/home/dongju/camel-amr-projects/install/amr_msg_interfaces/lib/python3.8/site-packages'
[0.582s] Level 1:colcon.colcon_core.shell:create_environment_hook('amr_msg_interfaces', 'pythonpath')
[0.583s] INFO:colcon.colcon_core.shell:Creating environment hook '/home/dongju/camel-amr-projects/install/amr_msg_interfaces/share/amr_msg_interfaces/hook/pythonpath.ps1'
[0.584s] INFO:colcon.colcon_core.shell:Creating environment descriptor '/home/dongju/camel-amr-projects/install/amr_msg_interfaces/share/amr_msg_interfaces/hook/pythonpath.dsv'
[0.584s] INFO:colcon.colcon_core.shell:Creating environment hook '/home/dongju/camel-amr-projects/install/amr_msg_interfaces/share/amr_msg_interfaces/hook/pythonpath.sh'
[0.584s] Level 1:colcon.colcon_core.environment:checking '/home/dongju/camel-amr-projects/install/amr_msg_interfaces/bin'
[0.585s] INFO:colcon.colcon_core.shell:Creating package script '/home/dongju/camel-amr-projects/install/amr_msg_interfaces/share/amr_msg_interfaces/package.ps1'
[0.586s] INFO:colcon.colcon_core.shell:Creating package descriptor '/home/dongju/camel-amr-projects/install/amr_msg_interfaces/share/amr_msg_interfaces/package.dsv'
[0.586s] INFO:colcon.colcon_core.shell:Creating package script '/home/dongju/camel-amr-projects/install/amr_msg_interfaces/share/amr_msg_interfaces/package.sh'
[0.587s] INFO:colcon.colcon_core.shell:Creating package script '/home/dongju/camel-amr-projects/install/amr_msg_interfaces/share/amr_msg_interfaces/package.bash'
[0.587s] INFO:colcon.colcon_core.shell:Creating package script '/home/dongju/camel-amr-projects/install/amr_msg_interfaces/share/amr_msg_interfaces/package.zsh'
[0.587s] Level 1:colcon.colcon_core.environment:create_file_with_runtime_dependencies(/home/dongju/camel-amr-projects/install/amr_msg_interfaces/share/colcon-core/packages/amr_msg_interfaces)
[0.623s] Level 1:colcon.colcon_core.environment:create_environment_scripts_only(amr_msg_interfaces)
[0.625s] Level 1:colcon.colcon_core.environment:checking '/home/dongju/camel-amr-projects/install/amr_msg_interfaces' for CMake module files
[0.625s] Level 1:colcon.colcon_core.environment:checking '/home/dongju/camel-amr-projects/install/amr_msg_interfaces' for CMake config files
[0.626s] Level 1:colcon.colcon_core.shell:create_environment_hook('amr_msg_interfaces', 'cmake_prefix_path')
[0.627s] INFO:colcon.colcon_core.shell:Creating environment hook '/home/dongju/camel-amr-projects/install/amr_msg_interfaces/share/amr_msg_interfaces/hook/cmake_prefix_path.ps1'
[0.627s] INFO:colcon.colcon_core.shell:Creating environment descriptor '/home/dongju/camel-amr-projects/install/amr_msg_interfaces/share/amr_msg_interfaces/hook/cmake_prefix_path.dsv'
[0.627s] INFO:colcon.colcon_core.shell:Creating environment hook '/home/dongju/camel-amr-projects/install/amr_msg_interfaces/share/amr_msg_interfaces/hook/cmake_prefix_path.sh'
[0.628s] Level 1:colcon.colcon_core.environment:checking '/home/dongju/camel-amr-projects/install/amr_msg_interfaces/lib'
[0.628s] Level 1:colcon.colcon_core.shell:create_environment_hook('amr_msg_interfaces', 'ld_library_path_lib')
[0.629s] INFO:colcon.colcon_core.shell:Creating environment hook '/home/dongju/camel-amr-projects/install/amr_msg_interfaces/share/amr_msg_interfaces/hook/ld_library_path_lib.ps1'
[0.629s] INFO:colcon.colcon_core.shell:Creating environment descriptor '/home/dongju/camel-amr-projects/install/amr_msg_interfaces/share/amr_msg_interfaces/hook/ld_library_path_lib.dsv'
[0.629s] INFO:colcon.colcon_core.shell:Creating environment hook '/home/dongju/camel-amr-projects/install/amr_msg_interfaces/share/amr_msg_interfaces/hook/ld_library_path_lib.sh'
[0.630s] Level 1:colcon.colcon_core.environment:checking '/home/dongju/camel-amr-projects/install/amr_msg_interfaces/bin'
[0.630s] Level 1:colcon.colcon_core.environment:checking '/home/dongju/camel-amr-projects/install/amr_msg_interfaces/lib/pkgconfig/amr_msg_interfaces.pc'
[0.630s] Level 1:colcon.colcon_core.environment:checking '/home/dongju/camel-amr-projects/install/amr_msg_interfaces/lib/python3.8/site-packages'
[0.630s] Level 1:colcon.colcon_core.shell:create_environment_hook('amr_msg_interfaces', 'pythonpath')
[0.631s] INFO:colcon.colcon_core.shell:Creating environment hook '/home/dongju/camel-amr-projects/install/amr_msg_interfaces/share/amr_msg_interfaces/hook/pythonpath.ps1'
[0.631s] INFO:colcon.colcon_core.shell:Creating environment descriptor '/home/dongju/camel-amr-projects/install/amr_msg_interfaces/share/amr_msg_interfaces/hook/pythonpath.dsv'
[0.632s] INFO:colcon.colcon_core.shell:Creating environment hook '/home/dongju/camel-amr-projects/install/amr_msg_interfaces/share/amr_msg_interfaces/hook/pythonpath.sh'
[0.632s] Level 1:colcon.colcon_core.environment:checking '/home/dongju/camel-amr-projects/install/amr_msg_interfaces/bin'
[0.633s] INFO:colcon.colcon_core.shell:Creating package script '/home/dongju/camel-amr-projects/install/amr_msg_interfaces/share/amr_msg_interfaces/package.ps1'
[0.634s] INFO:colcon.colcon_core.shell:Creating package descriptor '/home/dongju/camel-amr-projects/install/amr_msg_interfaces/share/amr_msg_interfaces/package.dsv'
[0.634s] INFO:colcon.colcon_core.shell:Creating package script '/home/dongju/camel-amr-projects/install/amr_msg_interfaces/share/amr_msg_interfaces/package.sh'
[0.634s] INFO:colcon.colcon_core.shell:Creating package script '/home/dongju/camel-amr-projects/install/amr_msg_interfaces/share/amr_msg_interfaces/package.bash'
[0.635s] INFO:colcon.colcon_core.shell:Creating package script '/home/dongju/camel-amr-projects/install/amr_msg_interfaces/share/amr_msg_interfaces/package.zsh'
[0.635s] Level 1:colcon.colcon_core.environment:create_file_with_runtime_dependencies(/home/dongju/camel-amr-projects/install/amr_msg_interfaces/share/colcon-core/packages/amr_msg_interfaces)
[0.635s] INFO:colcon.colcon_ros.task.ament_cmake.build:Building ROS package in '/home/dongju/camel-amr-projects/src/amr-main-pkg' with build type 'ament_cmake'
[0.635s] INFO:colcon.colcon_cmake.task.cmake.build:Building CMake package in '/home/dongju/camel-amr-projects/src/amr-main-pkg'
[0.637s] INFO:colcon.colcon_core.shell:Skip shell extension 'powershell' for command environment: Not usable outside of PowerShell
[0.637s] DEBUG:colcon.colcon_core.shell:Skip shell extension 'dsv' for command environment
[0.646s] DEBUG:colcon.colcon_core.event_handler.log_command:Invoking command in '/home/dongju/camel-amr-projects/build/amr-main-pkg': CMAKE_PREFIX_PATH=/home/dongju/camel-amr-projects/install/amr_msg_interfaces:/home/dongju/camel-amr-projects/install/amr-main-pkg:/home/dongju/camel-amr-projects/install/amr-obstacle-pkg:/home/dongju/camel-amr-projects/install/amr-gazebo-pkg:/opt/ros/foxy LD_LIBRARY_PATH=/home/dongju/camel-amr-projects/install/amr_msg_interfaces/lib:/usr/lib/x86_64-linux-gnu/gazebo-11/plugins:/opt/ros/foxy/opt/yaml_cpp_vendor/lib:/opt/ros/foxy/opt/rviz_ogre_vendor/lib:/opt/ros/foxy/lib/x86_64-linux-gnu:/opt/ros/foxy/lib:home/dongju/raisimLib/install/lib PYTHONPATH=/home/dongju/camel-amr-projects/install/amr_msg_interfaces/lib/python3.8/site-packages:/opt/ros/foxy/lib/python3.8/site-packages:home/dongju/raisimLib/install/lib /usr/local/bin/cmake --build /home/dongju/camel-amr-projects/build/amr-main-pkg -- -j10 -l10
[6.882s] DEBUG:colcon.colcon_core.event_handler.log_command:Invoked command in '/home/dongju/camel-amr-projects/build/amr-main-pkg' returned '2': CMAKE_PREFIX_PATH=/home/dongju/camel-amr-projects/install/amr_msg_interfaces:/home/dongju/camel-amr-projects/install/amr-main-pkg:/home/dongju/camel-amr-projects/install/amr-obstacle-pkg:/home/dongju/camel-amr-projects/install/amr-gazebo-pkg:/opt/ros/foxy LD_LIBRARY_PATH=/home/dongju/camel-amr-projects/install/amr_msg_interfaces/lib:/usr/lib/x86_64-linux-gnu/gazebo-11/plugins:/opt/ros/foxy/opt/yaml_cpp_vendor/lib:/opt/ros/foxy/opt/rviz_ogre_vendor/lib:/opt/ros/foxy/lib/x86_64-linux-gnu:/opt/ros/foxy/lib:home/dongju/raisimLib/install/lib PYTHONPATH=/home/dongju/camel-amr-projects/install/amr_msg_interfaces/lib/python3.8/site-packages:/opt/ros/foxy/lib/python3.8/site-packages:home/dongju/raisimLib/install/lib /usr/local/bin/cmake --build /home/dongju/camel-amr-projects/build/amr-main-pkg -- -j10 -l10
[6.911s] Level 1:colcon.colcon_core.environment:create_environment_scripts_only(amr-main-pkg)
[6.913s] Level 1:colcon.colcon_core.environment:checking '/home/dongju/camel-amr-projects/install/amr-main-pkg' for CMake module files
[6.913s] Level 1:colcon.colcon_core.environment:checking '/home/dongju/camel-amr-projects/install/amr-main-pkg' for CMake config files
[6.914s] Level 1:colcon.colcon_core.shell:create_environment_hook('amr-main-pkg', 'cmake_prefix_path')
[6.915s] INFO:colcon.colcon_core.shell:Creating environment hook '/home/dongju/camel-amr-projects/install/amr-main-pkg/share/amr-main-pkg/hook/cmake_prefix_path.ps1'
[6.915s] INFO:colcon.colcon_core.shell:Creating environment descriptor '/home/dongju/camel-amr-projects/install/amr-main-pkg/share/amr-main-pkg/hook/cmake_prefix_path.dsv'
[6.915s] INFO:colcon.colcon_core.shell:Creating environment hook '/home/dongju/camel-amr-projects/install/amr-main-pkg/share/amr-main-pkg/hook/cmake_prefix_path.sh'
[6.916s] Level 1:colcon.colcon_core.environment:checking '/home/dongju/camel-amr-projects/install/amr-main-pkg/lib'
[6.916s] Level 1:colcon.colcon_core.environment:checking '/home/dongju/camel-amr-projects/install/amr-main-pkg/bin'
[6.916s] Level 1:colcon.colcon_core.environment:checking '/home/dongju/camel-amr-projects/install/amr-main-pkg/lib/pkgconfig/amr-main-pkg.pc'
[6.916s] Level 1:colcon.colcon_core.environment:checking '/home/dongju/camel-amr-projects/install/amr-main-pkg/lib/python3.8/site-packages'
[6.916s] Level 1:colcon.colcon_core.environment:checking '/home/dongju/camel-amr-projects/install/amr-main-pkg/bin'
[6.918s] INFO:colcon.colcon_core.shell:Creating package script '/home/dongju/camel-amr-projects/install/amr-main-pkg/share/amr-main-pkg/package.ps1'
[6.918s] INFO:colcon.colcon_core.shell:Creating package descriptor '/home/dongju/camel-amr-projects/install/amr-main-pkg/share/amr-main-pkg/package.dsv'
[6.918s] INFO:colcon.colcon_core.shell:Creating package script '/home/dongju/camel-amr-projects/install/amr-main-pkg/share/amr-main-pkg/package.sh'
[6.919s] INFO:colcon.colcon_core.shell:Creating package script '/home/dongju/camel-amr-projects/install/amr-main-pkg/share/amr-main-pkg/package.bash'
[6.919s] INFO:colcon.colcon_core.shell:Creating package script '/home/dongju/camel-amr-projects/install/amr-main-pkg/share/amr-main-pkg/package.zsh'
[6.919s] Level 1:colcon.colcon_core.environment:create_file_with_runtime_dependencies(/home/dongju/camel-amr-projects/install/amr-main-pkg/share/colcon-core/packages/amr-main-pkg)
[6.929s] DEBUG:colcon.colcon_parallel_executor.executor.parallel:closing loop
[6.929s] DEBUG:colcon.colcon_parallel_executor.executor.parallel:loop closed
[6.930s] DEBUG:colcon.colcon_parallel_executor.executor.parallel:run_until_complete finished with '2'
[6.930s] DEBUG:colcon.colcon_core.event_reactor:joining thread
[6.936s] INFO:colcon.colcon_core.plugin_system:Skipping extension 'colcon_notification.desktop_notification.terminal_notifier': Not used on non-Darwin systems
[6.936s] INFO:colcon.colcon_core.plugin_system:Skipping extension 'colcon_notification.desktop_notification.win32': Not used on non-Windows systems
[6.936s] INFO:colcon.colcon_notification.desktop_notification:Sending desktop notification using 'notify2'
[6.948s] DEBUG:colcon.colcon_core.event_reactor:joined thread
[6.949s] INFO:colcon.colcon_core.shell:Creating prefix script '/home/dongju/camel-amr-projects/install/local_setup.ps1'
[6.950s] INFO:colcon.colcon_core.shell:Creating prefix util module '/home/dongju/camel-amr-projects/install/_local_setup_util_ps1.py'
[6.951s] INFO:colcon.colcon_core.shell:Creating prefix chain script '/home/dongju/camel-amr-projects/install/setup.ps1'
[6.952s] INFO:colcon.colcon_core.shell:Creating prefix script '/home/dongju/camel-amr-projects/install/local_setup.sh'
[6.952s] INFO:colcon.colcon_core.shell:Creating prefix util module '/home/dongju/camel-amr-projects/install/_local_setup_util_sh.py'
[6.952s] INFO:colcon.colcon_core.shell:Creating prefix chain script '/home/dongju/camel-amr-projects/install/setup.sh'
[6.954s] INFO:colcon.colcon_core.shell:Creating prefix script '/home/dongju/camel-amr-projects/install/local_setup.bash'
[6.954s] INFO:colcon.colcon_core.shell:Creating prefix chain script '/home/dongju/camel-amr-projects/install/setup.bash'
[6.955s] INFO:colcon.colcon_core.shell:Creating prefix script '/home/dongju/camel-amr-projects/install/local_setup.zsh'
[6.955s] INFO:colcon.colcon_core.shell:Creating prefix chain script '/home/dongju/camel-amr-projects/install/setup.zsh'
