[0.008s] Invoking command in '/home/dongju/camel-amr-projects/build/amr-main-pkg': CMAKE_PREFIX_PATH=/home/dongju/camel-amr-projects/install/amr_msg_interfaces:/home/dongju/camel-amr-projects/install/amr-main-pkg:/home/dongju/camel-amr-projects/install/amr-obstacle-pkg:/home/dongju/camel-amr-projects/install/amr-gazebo-pkg:/opt/ros/foxy LD_LIBRARY_PATH=/home/dongju/camel-amr-projects/install/amr_msg_interfaces/lib:/usr/lib/x86_64-linux-gnu/gazebo-11/plugins:/opt/ros/foxy/opt/yaml_cpp_vendor/lib:/opt/ros/foxy/opt/rviz_ogre_vendor/lib:/opt/ros/foxy/lib/x86_64-linux-gnu:/opt/ros/foxy/lib:home/dongju/raisimLib/install/lib PYTHONPATH=/home/dongju/camel-amr-projects/install/amr_msg_interfaces/lib/python3.8/site-packages:/opt/ros/foxy/lib/python3.8/site-packages:home/dongju/raisimLib/install/lib /usr/local/bin/cmake --build /home/dongju/camel-amr-projects/build/amr-main-pkg -- -j10 -l10
[0.025s] [ 11%] [34m[1mAutomatic MOC and UIC for target astar_lib[0m
[0.025s] [ 11%] [34m[1mAutomatic MOC and UIC for target obsDetection_lib[0m
[0.025s] [ 16%] [34m[1mAutomatic MOC and UIC for target clusteringDynamicObs_lib[0m
[0.031s] [ 16%] Built target astar_lib_autogen
[0.031s] [ 16%] Built target clusteringDynamicObs_lib_autogen
[0.031s] [ 16%] Built target obsDetection_lib_autogen
[0.038s] [ 33%] Built target clusteringDynamicObs_lib
[0.045s] [ 50%] Built target astar_lib
[0.046s] [ 66%] Built target obsDetection_lib
[0.051s] [ 72%] [34m[1mAutomatic MOC and UIC for target simulmain[0m
[0.294s] [ 72%] Built target simulmain_autogen
[0.326s] [ 77%] [32mBuilding CXX object CMakeFiles/simulmain.dir/simulmain_autogen/mocs_compilation.cpp.o[0m
[0.326s] [ 83%] [32mBuilding CXX object CMakeFiles/simulmain.dir/src/simulmain/simul_main.cpp.o[0m
[0.326s] [ 88%] [32mBuilding CXX object CMakeFiles/simulmain.dir/src/Amr_UI/mainwindow.cpp.o[0m
[2.702s] [01m[K/home/dongju/camel-amr-projects/src/amr-main-pkg/src/Amr_UI/mainwindow.cpp:[m[K In constructor ‘[01m[KMainWindow::MainWindow(QWidget*)[m[K’:
[2.702s] [01m[K/home/dongju/camel-amr-projects/src/amr-main-pkg/src/Amr_UI/mainwindow.cpp:12:1:[m[K [01;31m[Kerror: [m[Kuninitialized reference member in ‘[01m[Kclass QSize&[m[K’ [[01;31m[K-fpermissive[m[K]
[2.702s]    12 | [01;31m[KMainWindow[m[K::MainWindow(QWidget* parent)
[2.702s]       | [01;31m[K^~~~~~~~~~[m[K
[2.702s] In file included from [01m[K/home/dongju/camel-amr-projects/src/amr-main-pkg/src/Amr_UI/mainwindow.cpp:5[m[K:
[2.702s] [01m[K/home/dongju/camel-amr-projects/src/amr-main-pkg/src/Amr_UI/mainwindow.h:49:12:[m[K [01;36m[Knote: [m[K‘[01m[KQSize& MainWindow::frameSize[m[K’ should be initialized
[2.702s]    49 |     QSize &[01;36m[KframeSize[m[K;
[2.702s]       |            [01;36m[K^~~~~~~~~[m[K
[2.702s] [01m[K/home/dongju/camel-amr-projects/src/amr-main-pkg/src/Amr_UI/mainwindow.cpp:12:1:[m[K [01;31m[Kerror: [m[Kuninitialized reference member in ‘[01m[Kdouble&[m[K’ [[01;31m[K-fpermissive[m[K]
[2.703s]    12 | [01;31m[KMainWindow[m[K::MainWindow(QWidget* parent)
[2.703s]       | [01;31m[K^~~~~~~~~~[m[K
[2.703s] In file included from [01m[K/home/dongju/camel-amr-projects/src/amr-main-pkg/src/Amr_UI/mainwindow.cpp:5[m[K:
[2.703s] [01m[K/home/dongju/camel-amr-projects/src/amr-main-pkg/src/Amr_UI/mainwindow.h:50:13:[m[K [01;36m[Knote: [m[K‘[01m[Kdouble& MainWindow::scaling_x[m[K’ should be initialized
[2.703s]    50 |     double &[01;36m[Kscaling_x[m[K;
[2.703s]       |             [01;36m[K^~~~~~~~~[m[K
[2.703s] [01m[K/home/dongju/camel-amr-projects/src/amr-main-pkg/src/Amr_UI/mainwindow.cpp:12:1:[m[K [01;31m[Kerror: [m[Kuninitialized reference member in ‘[01m[Kdouble&[m[K’ [[01;31m[K-fpermissive[m[K]
[2.703s]    12 | [01;31m[KMainWindow[m[K::MainWindow(QWidget* parent)
[2.703s]       | [01;31m[K^~~~~~~~~~[m[K
[2.703s] In file included from [01m[K/home/dongju/camel-amr-projects/src/amr-main-pkg/src/Amr_UI/mainwindow.cpp:5[m[K:
[2.703s] [01m[K/home/dongju/camel-amr-projects/src/amr-main-pkg/src/Amr_UI/mainwindow.h:51:13:[m[K [01;36m[Knote: [m[K‘[01m[Kdouble& MainWindow::scaling_y[m[K’ should be initialized
[2.703s]    51 |     double &[01;36m[Kscaling_y[m[K;
[2.703s]       |             [01;36m[K^~~~~~~~~[m[K
[2.703s] [01m[K/home/dongju/camel-amr-projects/src/amr-main-pkg/src/Amr_UI/mainwindow.cpp:12:1:[m[K [01;31m[Kerror: [m[Kuninitialized reference member in ‘[01m[Kdouble&[m[K’ [[01;31m[K-fpermissive[m[K]
[2.703s]    12 | [01;31m[KMainWindow[m[K::MainWindow(QWidget* parent)
[2.703s]       | [01;31m[K^~~~~~~~~~[m[K
[2.703s] In file included from [01m[K/home/dongju/camel-amr-projects/src/amr-main-pkg/src/Amr_UI/mainwindow.cpp:5[m[K:
[2.703s] [01m[K/home/dongju/camel-amr-projects/src/amr-main-pkg/src/Amr_UI/mainwindow.h:52:13:[m[K [01;36m[Knote: [m[K‘[01m[Kdouble& MainWindow::add_x[m[K’ should be initialized
[2.703s]    52 |     double &[01;36m[Kadd_x[m[K, &add_y;
[2.704s]       |             [01;36m[K^~~~~[m[K
[2.704s] [01m[K/home/dongju/camel-amr-projects/src/amr-main-pkg/src/Amr_UI/mainwindow.cpp:12:1:[m[K [01;31m[Kerror: [m[Kuninitialized reference member in ‘[01m[Kdouble&[m[K’ [[01;31m[K-fpermissive[m[K]
[2.704s]    12 | [01;31m[KMainWindow[m[K::MainWindow(QWidget* parent)
[2.704s]       | [01;31m[K^~~~~~~~~~[m[K
[2.704s] In file included from [01m[K/home/dongju/camel-amr-projects/src/amr-main-pkg/src/Amr_UI/mainwindow.cpp:5[m[K:
[2.704s] [01m[K/home/dongju/camel-amr-projects/src/amr-main-pkg/src/Amr_UI/mainwindow.h:52:21:[m[K [01;36m[Knote: [m[K‘[01m[Kdouble& MainWindow::add_y[m[K’ should be initialized
[2.704s]    52 |     double &add_x, &[01;36m[Kadd_y[m[K;
[2.704s]       |                     [01;36m[K^~~~~[m[K
[3.114s] make[2]: *** [CMakeFiles/simulmain.dir/build.make:104: CMakeFiles/simulmain.dir/src/Amr_UI/mainwindow.cpp.o] Error 1
[3.114s] make[2]: *** Waiting for unfinished jobs....
[6.903s] make[1]: *** [CMakeFiles/Makefile2:228: CMakeFiles/simulmain.dir/all] Error 2
[6.903s] make: *** [Makefile:146: all] Error 2
[6.904s] Invoked command in '/home/dongju/camel-amr-projects/build/amr-main-pkg' returned '2': CMAKE_PREFIX_PATH=/home/dongju/camel-amr-projects/install/amr_msg_interfaces:/home/dongju/camel-amr-projects/install/amr-main-pkg:/home/dongju/camel-amr-projects/install/amr-obstacle-pkg:/home/dongju/camel-amr-projects/install/amr-gazebo-pkg:/opt/ros/foxy LD_LIBRARY_PATH=/home/dongju/camel-amr-projects/install/amr_msg_interfaces/lib:/usr/lib/x86_64-linux-gnu/gazebo-11/plugins:/opt/ros/foxy/opt/yaml_cpp_vendor/lib:/opt/ros/foxy/opt/rviz_ogre_vendor/lib:/opt/ros/foxy/lib/x86_64-linux-gnu:/opt/ros/foxy/lib:home/dongju/raisimLib/install/lib PYTHONPATH=/home/dongju/camel-amr-projects/install/amr_msg_interfaces/lib/python3.8/site-packages:/opt/ros/foxy/lib/python3.8/site-packages:home/dongju/raisimLib/install/lib /usr/local/bin/cmake --build /home/dongju/camel-amr-projects/build/amr-main-pkg -- -j10 -l10
