[35m[1mConsolidate compiler generated dependencies of target astar_lib[0m
[ 20%] Built target dynamicObstacle_lib
[ 40%] Built target visualize_lib
[ 60%] Built target obsDetection_lib
[ 70%] [32mBuilding CXX object CMakeFiles/astar_lib.dir/src/astar/Astar.cpp.o[0m
In file included from [01m[K/home/sangjun/camel-amr-projects-V1/src/amr-main-pkg/src/astar/Astar.cpp:4[m[K:
[01m[K/home/sangjun/camel-amr-projects-V1/src/amr-main-pkg/include/astar/Astar.hpp:29:42:[m[K [01;31m[Kerror: [m[K‘[01m[KPair[m[K’ has not been declared
   29 |     bool isDestination(int row, int col, [01;31m[KPair[m[K dst);
      |                                          [01;31m[K^~~~[m[K
[01m[K/home/sangjun/camel-amr-projects-V1/src/amr-main-pkg/include/astar/Astar.hpp:32:40:[m[K [01;31m[Kerror: [m[K‘[01m[KPair[m[K’ has not been declared
   32 |     double GethValue(int row, int col, [01;31m[KPair[m[K dst);
      |                                        [01;31m[K^~~~[m[K
[01m[K/home/sangjun/camel-amr-projects-V1/src/amr-main-pkg/include/astar/Astar.hpp:33:20:[m[K [01;31m[Kerror: [m[K‘[01m[KCell[m[K’ has not been declared
   33 |     void tracePath([01;31m[KCell[m[K cellDetails[201][201], Pair dst);
      |                    [01;31m[K^~~~[m[K
[01m[K/home/sangjun/camel-amr-projects-V1/src/amr-main-pkg/include/astar/Astar.hpp:33:48:[m[K [01;31m[Kerror: [m[K‘[01m[KPair[m[K’ has not been declared
   33 |     void tracePath(Cell cellDetails[201][201], [01;31m[KPair[m[K dst);
      |                                                [01;31m[K^~~~[m[K
[01m[K/home/sangjun/camel-amr-projects-V1/src/amr-main-pkg/include/astar/Astar.hpp:34:58:[m[K [01;31m[Kerror: [m[K‘[01m[KPair[m[K’ has not been declared
   34 |     bool aStarSearch(std::vector<std::vector<int>>& map, [01;31m[KPair[m[K src, Pair dst);
      |                                                          [01;31m[K^~~~[m[K
[01m[K/home/sangjun/camel-amr-projects-V1/src/amr-main-pkg/include/astar/Astar.hpp:34:68:[m[K [01;31m[Kerror: [m[K‘[01m[KPair[m[K’ has not been declared
   34 |     bool aStarSearch(std::vector<std::vector<int>>& map, Pair src, [01;31m[KPair[m[K dst);
      |                                                                    [01;31m[K^~~~[m[K
[01m[K/home/sangjun/camel-amr-projects-V1/src/amr-main-pkg/src/astar/Astar.cpp:44:6:[m[K [01;31m[Kerror: [m[Kno declaration matches ‘[01m[Kbool Astar_planning::isDestination(int, int, Pair)[m[K’
   44 | bool [01;31m[KAstar_planning[m[K::isDestination(int row, int col, Pair dst) {
      |      [01;31m[K^~~~~~~~~~~~~~[m[K
In file included from [01m[K/home/sangjun/camel-amr-projects-V1/src/amr-main-pkg/src/astar/Astar.cpp:4[m[K:
[01m[K/home/sangjun/camel-amr-projects-V1/src/amr-main-pkg/include/astar/Astar.hpp:29:10:[m[K [01;36m[Knote: [m[Kcandidate is: ‘[01m[Kbool Astar_planning::isDestination(int, int, int)[m[K’
   29 |     bool [01;36m[KisDestination[m[K(int row, int col, Pair dst);
      |          [01;36m[K^~~~~~~~~~~~~[m[K
[01m[K/home/sangjun/camel-amr-projects-V1/src/amr-main-pkg/include/astar/Astar.hpp:18:7:[m[K [01;36m[Knote: [m[K‘[01m[Kclass Astar_planning[m[K’ defined here
   18 | class [01;36m[KAstar_planning[m[K {
      |       [01;36m[K^~~~~~~~~~~~~~[m[K
[01m[K/home/sangjun/camel-amr-projects-V1/src/amr-main-pkg/src/astar/Astar.cpp:57:8:[m[K [01;31m[Kerror: [m[Kno declaration matches ‘[01m[Kdouble Astar_planning::GethValue(int, int, Pair)[m[K’
   57 | double [01;31m[KAstar_planning[m[K::GethValue(int row, int col, Pair dst) {
      |        [01;31m[K^~~~~~~~~~~~~~[m[K
In file included from [01m[K/home/sangjun/camel-amr-projects-V1/src/amr-main-pkg/src/astar/Astar.cpp:4[m[K:
[01m[K/home/sangjun/camel-amr-projects-V1/src/amr-main-pkg/include/astar/Astar.hpp:32:12:[m[K [01;36m[Knote: [m[Kcandidate is: ‘[01m[Kdouble Astar_planning::GethValue(int, int, int)[m[K’
   32 |     double [01;36m[KGethValue[m[K(int row, int col, Pair dst);
      |            [01;36m[K^~~~~~~~~[m[K
[01m[K/home/sangjun/camel-amr-projects-V1/src/amr-main-pkg/include/astar/Astar.hpp:18:7:[m[K [01;36m[Knote: [m[K‘[01m[Kclass Astar_planning[m[K’ defined here
   18 | class [01;36m[KAstar_planning[m[K {
      |       [01;36m[K^~~~~~~~~~~~~~[m[K
[01m[K/home/sangjun/camel-amr-projects-V1/src/amr-main-pkg/src/astar/Astar.cpp:61:52:[m[K [01;31m[Kerror: [m[Karray bound is not an integer constant before ‘[01m[K][m[K’ token
   61 | void Astar_planning::tracePath(Cell cellDetails[MAX[01;31m[K][m[K[MAX], Pair dst) {
      |                                                    [01;31m[K^[m[K
[01m[K/home/sangjun/camel-amr-projects-V1/src/amr-main-pkg/src/astar/Astar.cpp:61:57:[m[K [01;31m[Kerror: [m[Karray bound is not an integer constant before ‘[01m[K][m[K’ token
   61 | void Astar_planning::tracePath(Cell cellDetails[MAX][MAX[01;31m[K][m[K, Pair dst) {
      |                                                         [01;31m[K^[m[K
[01m[K/home/sangjun/camel-amr-projects-V1/src/amr-main-pkg/src/astar/Astar.cpp:61:58:[m[K [01;31m[Kerror: [m[Kexpected ‘[01m[K)[m[K’ before ‘[01m[K,[m[K’ token
   61 | void Astar_planning::tracePath[34m[K([m[KCell cellDetails[MAX][MAX][01;31m[K,[m[K Pair dst) {
      |                               [34m[K~[m[K                          [01;31m[K^[m[K
      |                                                          [32m[K)[m[K
[01m[K/home/sangjun/camel-amr-projects-V1/src/amr-main-pkg/src/astar/Astar.cpp:61:6:[m[K [01;31m[Kerror: [m[Kno declaration matches ‘[01m[Kvoid Astar_planning::tracePath(...)[m[K’
   61 | void [01;31m[KAstar_planning[m[K::tracePath(Cell cellDetails[MAX][MAX], Pair dst) {
      |      [01;31m[K^~~~~~~~~~~~~~[m[K
In file included from [01m[K/home/sangjun/camel-amr-projects-V1/src/amr-main-pkg/src/astar/Astar.cpp:4[m[K:
[01m[K/home/sangjun/camel-amr-projects-V1/src/amr-main-pkg/include/astar/Astar.hpp:33:10:[m[K [01;36m[Knote: [m[Kcandidate is: ‘[01m[Kvoid Astar_planning::tracePath(int (*)[201], int)[m[K’
   33 |     void [01;36m[KtracePath[m[K(Cell cellDetails[201][201], Pair dst);
      |          [01;36m[K^~~~~~~~~[m[K
[01m[K/home/sangjun/camel-amr-projects-V1/src/amr-main-pkg/include/astar/Astar.hpp:18:7:[m[K [01;36m[Knote: [m[K‘[01m[Kclass Astar_planning[m[K’ defined here
   18 | class [01;36m[KAstar_planning[m[K {
      |       [01;36m[K^~~~~~~~~~~~~~[m[K
[01m[K/home/sangjun/camel-amr-projects-V1/src/amr-main-pkg/src/astar/Astar.cpp:61:65:[m[K [01;31m[Kerror: [m[Kexpected initializer before ‘[01m[Kdst[m[K’
   61 | void Astar_planning::tracePath(Cell cellDetails[MAX][MAX], Pair [01;31m[Kdst[m[K) {
      |                                                                 [01;31m[K^~~[m[K
[01m[K/home/sangjun/camel-amr-projects-V1/src/amr-main-pkg/src/astar/Astar.cpp:81:6:[m[K [01;31m[Kerror: [m[Kno declaration matches ‘[01m[Kbool Astar_planning::aStarSearch(std::vector<std::vector<int> >&, Pair, Pair)[m[K’
   81 | bool [01;31m[KAstar_planning[m[K::aStarSearch(std::vector<std::vector<int>>& map, Pair src, Pair dst) {
      |      [01;31m[K^~~~~~~~~~~~~~[m[K
In file included from [01m[K/home/sangjun/camel-amr-projects-V1/src/amr-main-pkg/src/astar/Astar.cpp:4[m[K:
[01m[K/home/sangjun/camel-amr-projects-V1/src/amr-main-pkg/include/astar/Astar.hpp:34:10:[m[K [01;36m[Knote: [m[Kcandidate is: ‘[01m[Kbool Astar_planning::aStarSearch(std::vector<std::vector<int> >&, int, int)[m[K’
   34 |     bool [01;36m[KaStarSearch[m[K(std::vector<std::vector<int>>& map, Pair src, Pair dst);
      |          [01;36m[K^~~~~~~~~~~[m[K
[01m[K/home/sangjun/camel-amr-projects-V1/src/amr-main-pkg/include/astar/Astar.hpp:18:7:[m[K [01;36m[Knote: [m[K‘[01m[Kclass Astar_planning[m[K’ defined here
   18 | class [01;36m[KAstar_planning[m[K {
      |       [01;36m[K^~~~~~~~~~~~~~[m[K
[01m[K/home/sangjun/camel-amr-projects-V1/src/amr-main-pkg/src/astar/Astar.cpp:[m[K In member function ‘[01m[Kvoid Astar_planning::PrintMap()[m[K’:
[01m[K/home/sangjun/camel-amr-projects-V1/src/amr-main-pkg/src/astar/Astar.cpp:185:26:[m[K [01;31m[Kerror: [m[K‘[01m[KClusteringMatrix[m[K’ was not declared in this scope
  185 |             std::cout << [01;31m[KClusteringMatrix[m[K[i][j];
      |                          [01;31m[K^~~~~~~~~~~~~~~~[m[K
[01m[K/home/sangjun/camel-amr-projects-V1/src/amr-main-pkg/src/astar/Astar.cpp:[m[K In member function ‘[01m[Kvoid Astar_planning::startAstar(int, int)[m[K’:
[01m[K/home/sangjun/camel-amr-projects-V1/src/amr-main-pkg/src/astar/Astar.cpp:193:5:[m[K [01;31m[Kerror: [m[K‘[01m[KMapmatrix[m[K’ was not declared in this scope
  193 |     [01;31m[KMapmatrix[m[K[Startx][Starty] = 2;
      |     [01;31m[K^~~~~~~~~[m[K
[01m[K/home/sangjun/camel-amr-projects-V1/src/amr-main-pkg/src/astar/Astar.cpp:194:21:[m[K [01;31m[Kerror: [m[K‘[01m[Kcount[m[K’ was not declared in this scope
  194 |     Mapmatrix[Destx[[01;31m[Kcount[m[K]][Desty[count]] = 3;
      |                     [01;31m[K^~~~~[m[K
make[2]: *** [CMakeFiles/astar_lib.dir/build.make:76: CMakeFiles/astar_lib.dir/src/astar/Astar.cpp.o] Error 1
make[1]: *** [CMakeFiles/Makefile2:145: CMakeFiles/astar_lib.dir/all] Error 2
make: *** [Makefile:146: all] Error 2
