[0.255s] DEBUG:colcon:Command line arguments: ['/usr/bin/colcon', 'build', '--symlink-install']
[0.255s] DEBUG:colcon:Parsed command line arguments: Namespace(allow_overriding=[], ament_cmake_args=None, base_paths=['.'], build_base='build', catkin_cmake_args=None, catkin_skip_building_tests=False, cmake_args=None, cmake_clean_cache=False, cmake_clean_first=False, cmake_force_configure=False, cmake_target=None, cmake_target_skip_unavailable=False, continue_on_error=False, event_handlers=None, executor='parallel', ignore_user_meta=False, install_base='install', log_base=None, log_level=None, main=<bound method BuildVerb.main of <colcon_core.verb.build.BuildVerb object at 0x7fd54d1c60a0>>, merge_install=False, metas=['./colcon.meta'], packages_above=None, packages_above_and_dependencies=None, packages_above_depth=None, packages_end=None, packages_ignore=None, packages_ignore_regex=None, packages_select=None, packages_select_build_failed=False, packages_select_by_dep=None, packages_select_regex=None, packages_select_test_failures=False, packages_skip=None, packages_skip_build_finished=False, packages_skip_by_dep=None, packages_skip_regex=None, packages_skip_test_passed=False, packages_skip_up_to=None, packages_start=None, packages_up_to=None, packages_up_to_regex=None, parallel_workers=6, paths=None, symlink_install=True, test_result_base=None, verb_extension=<colcon_core.verb.build.BuildVerb object at 0x7fd54d1c60a0>, verb_name='build', verb_parser=<colcon_defaults.argument_parser.defaults.DefaultArgumentsDecorator object at 0x7fd54d1c6550>)
[0.274s] Level 1:colcon.colcon_core.package_discovery:discover_packages(colcon_meta) check parameters
[0.274s] Level 1:colcon.colcon_core.package_discovery:discover_packages(recursive) check parameters
[0.274s] Level 1:colcon.colcon_core.package_discovery:discover_packages(ignore) check parameters
[0.274s] Level 1:colcon.colcon_core.package_discovery:discover_packages(path) check parameters
[0.274s] Level 1:colcon.colcon_core.package_discovery:discover_packages(colcon_meta) discover
[0.274s] Level 1:colcon.colcon_core.package_discovery:discover_packages(recursive) discover
[0.274s] INFO:colcon.colcon_core.package_discovery:Crawling recursively for packages in '/home/sangjun/camel-amr-projects-V1'
[0.274s] Level 1:colcon.colcon_core.package_identification:_identify(.) by extensions ['ignore', 'ignore_ament_install']
[0.274s] Level 1:colcon.colcon_core.package_identification:_identify(.) by extension 'ignore'
[0.274s] Level 1:colcon.colcon_core.package_identification:_identify(.) by extension 'ignore_ament_install'
[0.274s] Level 1:colcon.colcon_core.package_identification:_identify(.) by extensions ['colcon_pkg']
[0.274s] Level 1:colcon.colcon_core.package_identification:_identify(.) by extension 'colcon_pkg'
[0.275s] Level 1:colcon.colcon_core.package_identification:_identify(.) by extensions ['colcon_meta']
[0.275s] Level 1:colcon.colcon_core.package_identification:_identify(.) by extension 'colcon_meta'
[0.275s] Level 1:colcon.colcon_core.package_identification:_identify(.) by extensions ['ros']
[0.275s] Level 1:colcon.colcon_core.package_identification:_identify(.) by extension 'ros'
[0.288s] Level 1:colcon.colcon_core.package_identification:_identify(.) by extensions ['cmake', 'python']
[0.288s] Level 1:colcon.colcon_core.package_identification:_identify(.) by extension 'cmake'
[0.288s] Level 1:colcon.colcon_core.package_identification:_identify(.) by extension 'python'
[0.288s] Level 1:colcon.colcon_core.package_identification:_identify(.) by extensions ['python_setup_py']
[0.288s] Level 1:colcon.colcon_core.package_identification:_identify(.) by extension 'python_setup_py'
[0.288s] Level 1:colcon.colcon_core.package_identification:_identify(build) by extensions ['ignore', 'ignore_ament_install']
[0.288s] Level 1:colcon.colcon_core.package_identification:_identify(build) by extension 'ignore'
[0.288s] Level 1:colcon.colcon_core.package_identification:_identify(build) ignored
[0.288s] Level 1:colcon.colcon_core.package_identification:_identify(install) by extensions ['ignore', 'ignore_ament_install']
[0.289s] Level 1:colcon.colcon_core.package_identification:_identify(install) by extension 'ignore'
[0.289s] Level 1:colcon.colcon_core.package_identification:_identify(install) ignored
[0.289s] Level 1:colcon.colcon_core.package_identification:_identify(log) by extensions ['ignore', 'ignore_ament_install']
[0.289s] Level 1:colcon.colcon_core.package_identification:_identify(log) by extension 'ignore'
[0.289s] Level 1:colcon.colcon_core.package_identification:_identify(log) ignored
[0.289s] Level 1:colcon.colcon_core.package_identification:_identify(src) by extensions ['ignore', 'ignore_ament_install']
[0.289s] Level 1:colcon.colcon_core.package_identification:_identify(src) by extension 'ignore'
[0.289s] Level 1:colcon.colcon_core.package_identification:_identify(src) by extension 'ignore_ament_install'
[0.289s] Level 1:colcon.colcon_core.package_identification:_identify(src) by extensions ['colcon_pkg']
[0.289s] Level 1:colcon.colcon_core.package_identification:_identify(src) by extension 'colcon_pkg'
[0.289s] Level 1:colcon.colcon_core.package_identification:_identify(src) by extensions ['colcon_meta']
[0.289s] Level 1:colcon.colcon_core.package_identification:_identify(src) by extension 'colcon_meta'
[0.289s] Level 1:colcon.colcon_core.package_identification:_identify(src) by extensions ['ros']
[0.289s] Level 1:colcon.colcon_core.package_identification:_identify(src) by extension 'ros'
[0.289s] Level 1:colcon.colcon_core.package_identification:_identify(src) by extensions ['cmake', 'python']
[0.289s] Level 1:colcon.colcon_core.package_identification:_identify(src) by extension 'cmake'
[0.289s] Level 1:colcon.colcon_core.package_identification:_identify(src) by extension 'python'
[0.289s] Level 1:colcon.colcon_core.package_identification:_identify(src) by extensions ['python_setup_py']
[0.289s] Level 1:colcon.colcon_core.package_identification:_identify(src) by extension 'python_setup_py'
[0.290s] Level 1:colcon.colcon_core.package_identification:_identify(src/amr-gazebo-pkg) by extensions ['ignore', 'ignore_ament_install']
[0.290s] Level 1:colcon.colcon_core.package_identification:_identify(src/amr-gazebo-pkg) by extension 'ignore'
[0.290s] Level 1:colcon.colcon_core.package_identification:_identify(src/amr-gazebo-pkg) by extension 'ignore_ament_install'
[0.290s] Level 1:colcon.colcon_core.package_identification:_identify(src/amr-gazebo-pkg) by extensions ['colcon_pkg']
[0.290s] Level 1:colcon.colcon_core.package_identification:_identify(src/amr-gazebo-pkg) by extension 'colcon_pkg'
[0.290s] Level 1:colcon.colcon_core.package_identification:_identify(src/amr-gazebo-pkg) by extensions ['colcon_meta']
[0.290s] Level 1:colcon.colcon_core.package_identification:_identify(src/amr-gazebo-pkg) by extension 'colcon_meta'
[0.290s] Level 1:colcon.colcon_core.package_identification:_identify(src/amr-gazebo-pkg) by extensions ['ros']
[0.290s] Level 1:colcon.colcon_core.package_identification:_identify(src/amr-gazebo-pkg) by extension 'ros'
[0.292s] DEBUG:colcon.colcon_core.package_identification:Package 'src/amr-gazebo-pkg' with type 'ros.ament_cmake' and name 'amr-gazebo-pkg'
[0.292s] Level 1:colcon.colcon_core.package_identification:_identify(src/amr-main-pkg) by extensions ['ignore', 'ignore_ament_install']
[0.292s] Level 1:colcon.colcon_core.package_identification:_identify(src/amr-main-pkg) by extension 'ignore'
[0.292s] Level 1:colcon.colcon_core.package_identification:_identify(src/amr-main-pkg) by extension 'ignore_ament_install'
[0.292s] Level 1:colcon.colcon_core.package_identification:_identify(src/amr-main-pkg) by extensions ['colcon_pkg']
[0.292s] Level 1:colcon.colcon_core.package_identification:_identify(src/amr-main-pkg) by extension 'colcon_pkg'
[0.292s] Level 1:colcon.colcon_core.package_identification:_identify(src/amr-main-pkg) by extensions ['colcon_meta']
[0.292s] Level 1:colcon.colcon_core.package_identification:_identify(src/amr-main-pkg) by extension 'colcon_meta'
[0.292s] Level 1:colcon.colcon_core.package_identification:_identify(src/amr-main-pkg) by extensions ['ros']
[0.292s] Level 1:colcon.colcon_core.package_identification:_identify(src/amr-main-pkg) by extension 'ros'
[0.293s] DEBUG:colcon.colcon_core.package_identification:Package 'src/amr-main-pkg' with type 'ros.ament_cmake' and name 'amr-main-pkg'
[0.293s] Level 1:colcon.colcon_core.package_identification:_identify(src/amr-obstacle-pkg) by extensions ['ignore', 'ignore_ament_install']
[0.293s] Level 1:colcon.colcon_core.package_identification:_identify(src/amr-obstacle-pkg) by extension 'ignore'
[0.293s] Level 1:colcon.colcon_core.package_identification:_identify(src/amr-obstacle-pkg) by extension 'ignore_ament_install'
[0.293s] Level 1:colcon.colcon_core.package_identification:_identify(src/amr-obstacle-pkg) by extensions ['colcon_pkg']
[0.293s] Level 1:colcon.colcon_core.package_identification:_identify(src/amr-obstacle-pkg) by extension 'colcon_pkg'
[0.293s] Level 1:colcon.colcon_core.package_identification:_identify(src/amr-obstacle-pkg) by extensions ['colcon_meta']
[0.293s] Level 1:colcon.colcon_core.package_identification:_identify(src/amr-obstacle-pkg) by extension 'colcon_meta'
[0.293s] Level 1:colcon.colcon_core.package_identification:_identify(src/amr-obstacle-pkg) by extensions ['ros']
[0.293s] Level 1:colcon.colcon_core.package_identification:_identify(src/amr-obstacle-pkg) by extension 'ros'
[0.294s] DEBUG:colcon.colcon_core.package_identification:Package 'src/amr-obstacle-pkg' with type 'ros.ament_cmake' and name 'amr-obstacle-pkg'
[0.294s] Level 1:colcon.colcon_core.package_identification:_identify(src/amr_msg_interfaces) by extensions ['ignore', 'ignore_ament_install']
[0.294s] Level 1:colcon.colcon_core.package_identification:_identify(src/amr_msg_interfaces) by extension 'ignore'
[0.294s] Level 1:colcon.colcon_core.package_identification:_identify(src/amr_msg_interfaces) by extension 'ignore_ament_install'
[0.294s] Level 1:colcon.colcon_core.package_identification:_identify(src/amr_msg_interfaces) by extensions ['colcon_pkg']
[0.294s] Level 1:colcon.colcon_core.package_identification:_identify(src/amr_msg_interfaces) by extension 'colcon_pkg'
[0.294s] Level 1:colcon.colcon_core.package_identification:_identify(src/amr_msg_interfaces) by extensions ['colcon_meta']
[0.294s] Level 1:colcon.colcon_core.package_identification:_identify(src/amr_msg_interfaces) by extension 'colcon_meta'
[0.294s] Level 1:colcon.colcon_core.package_identification:_identify(src/amr_msg_interfaces) by extensions ['ros']
[0.294s] Level 1:colcon.colcon_core.package_identification:_identify(src/amr_msg_interfaces) by extension 'ros'
[0.294s] DEBUG:colcon.colcon_core.package_identification:Package 'src/amr_msg_interfaces' with type 'ros.ament_cmake' and name 'amr_msg_interfaces'
[0.294s] Level 1:colcon.colcon_core.package_discovery:discover_packages(recursive) using defaults
[0.295s] Level 1:colcon.colcon_core.package_discovery:discover_packages(ignore) discover
[0.295s] Level 1:colcon.colcon_core.package_discovery:discover_packages(ignore) using defaults
[0.295s] Level 1:colcon.colcon_core.package_discovery:discover_packages(path) discover
[0.295s] Level 1:colcon.colcon_core.package_discovery:discover_packages(path) using defaults
[0.309s] Level 1:colcon.colcon_core.package_discovery:discover_packages(prefix_path) check parameters
[0.309s] Level 1:colcon.colcon_core.package_discovery:discover_packages(prefix_path) discover
[0.311s] DEBUG:colcon.colcon_installed_package_information.package_discovery:Found 4 installed packages in /home/sangjun/camel-amr-projects-V1/install
[0.312s] DEBUG:colcon.colcon_installed_package_information.package_discovery:Found 1 installed packages in /home/sangjun/ros2_test_ws/install
[0.313s] DEBUG:colcon.colcon_installed_package_information.package_discovery:Found 344 installed packages in /opt/ros/foxy
[0.315s] Level 1:colcon.colcon_core.package_discovery:discover_packages(prefix_path) using defaults
[0.374s] Level 5:colcon.colcon_core.verb:set package 'amr-gazebo-pkg' build argument 'cmake_args' from command line to 'None'
[0.374s] Level 5:colcon.colcon_core.verb:set package 'amr-gazebo-pkg' build argument 'cmake_target' from command line to 'None'
[0.374s] Level 5:colcon.colcon_core.verb:set package 'amr-gazebo-pkg' build argument 'cmake_target_skip_unavailable' from command line to 'False'
[0.374s] Level 5:colcon.colcon_core.verb:set package 'amr-gazebo-pkg' build argument 'cmake_clean_cache' from command line to 'False'
[0.374s] Level 5:colcon.colcon_core.verb:set package 'amr-gazebo-pkg' build argument 'cmake_clean_first' from command line to 'False'
[0.374s] Level 5:colcon.colcon_core.verb:set package 'amr-gazebo-pkg' build argument 'cmake_force_configure' from command line to 'False'
[0.374s] Level 5:colcon.colcon_core.verb:set package 'amr-gazebo-pkg' build argument 'ament_cmake_args' from command line to 'None'
[0.374s] Level 5:colcon.colcon_core.verb:set package 'amr-gazebo-pkg' build argument 'catkin_cmake_args' from command line to 'None'
[0.374s] Level 5:colcon.colcon_core.verb:set package 'amr-gazebo-pkg' build argument 'catkin_skip_building_tests' from command line to 'False'
[0.374s] DEBUG:colcon.colcon_core.verb:Building package 'amr-gazebo-pkg' with the following arguments: {'ament_cmake_args': None, 'build_base': '/home/sangjun/camel-amr-projects-V1/build/amr-gazebo-pkg', 'catkin_cmake_args': None, 'catkin_skip_building_tests': False, 'cmake_args': None, 'cmake_clean_cache': False, 'cmake_clean_first': False, 'cmake_force_configure': False, 'cmake_target': None, 'cmake_target_skip_unavailable': False, 'install_base': '/home/sangjun/camel-amr-projects-V1/install/amr-gazebo-pkg', 'merge_install': False, 'path': '/home/sangjun/camel-amr-projects-V1/src/amr-gazebo-pkg', 'symlink_install': True, 'test_result_base': None}
[0.375s] Level 5:colcon.colcon_core.verb:set package 'amr-obstacle-pkg' build argument 'cmake_args' from command line to 'None'
[0.375s] Level 5:colcon.colcon_core.verb:set package 'amr-obstacle-pkg' build argument 'cmake_target' from command line to 'None'
[0.375s] Level 5:colcon.colcon_core.verb:set package 'amr-obstacle-pkg' build argument 'cmake_target_skip_unavailable' from command line to 'False'
[0.375s] Level 5:colcon.colcon_core.verb:set package 'amr-obstacle-pkg' build argument 'cmake_clean_cache' from command line to 'False'
[0.375s] Level 5:colcon.colcon_core.verb:set package 'amr-obstacle-pkg' build argument 'cmake_clean_first' from command line to 'False'
[0.375s] Level 5:colcon.colcon_core.verb:set package 'amr-obstacle-pkg' build argument 'cmake_force_configure' from command line to 'False'
[0.375s] Level 5:colcon.colcon_core.verb:set package 'amr-obstacle-pkg' build argument 'ament_cmake_args' from command line to 'None'
[0.375s] Level 5:colcon.colcon_core.verb:set package 'amr-obstacle-pkg' build argument 'catkin_cmake_args' from command line to 'None'
[0.375s] Level 5:colcon.colcon_core.verb:set package 'amr-obstacle-pkg' build argument 'catkin_skip_building_tests' from command line to 'False'
[0.375s] DEBUG:colcon.colcon_core.verb:Building package 'amr-obstacle-pkg' with the following arguments: {'ament_cmake_args': None, 'build_base': '/home/sangjun/camel-amr-projects-V1/build/amr-obstacle-pkg', 'catkin_cmake_args': None, 'catkin_skip_building_tests': False, 'cmake_args': None, 'cmake_clean_cache': False, 'cmake_clean_first': False, 'cmake_force_configure': False, 'cmake_target': None, 'cmake_target_skip_unavailable': False, 'install_base': '/home/sangjun/camel-amr-projects-V1/install/amr-obstacle-pkg', 'merge_install': False, 'path': '/home/sangjun/camel-amr-projects-V1/src/amr-obstacle-pkg', 'symlink_install': True, 'test_result_base': None}
[0.376s] Level 5:colcon.colcon_core.verb:set package 'amr_msg_interfaces' build argument 'cmake_args' from command line to 'None'
[0.376s] Level 5:colcon.colcon_core.verb:set package 'amr_msg_interfaces' build argument 'cmake_target' from command line to 'None'
[0.376s] Level 5:colcon.colcon_core.verb:set package 'amr_msg_interfaces' build argument 'cmake_target_skip_unavailable' from command line to 'False'
[0.376s] Level 5:colcon.colcon_core.verb:set package 'amr_msg_interfaces' build argument 'cmake_clean_cache' from command line to 'False'
[0.376s] Level 5:colcon.colcon_core.verb:set package 'amr_msg_interfaces' build argument 'cmake_clean_first' from command line to 'False'
[0.376s] Level 5:colcon.colcon_core.verb:set package 'amr_msg_interfaces' build argument 'cmake_force_configure' from command line to 'False'
[0.376s] Level 5:colcon.colcon_core.verb:set package 'amr_msg_interfaces' build argument 'ament_cmake_args' from command line to 'None'
[0.376s] Level 5:colcon.colcon_core.verb:set package 'amr_msg_interfaces' build argument 'catkin_cmake_args' from command line to 'None'
[0.376s] Level 5:colcon.colcon_core.verb:set package 'amr_msg_interfaces' build argument 'catkin_skip_building_tests' from command line to 'False'
[0.376s] DEBUG:colcon.colcon_core.verb:Building package 'amr_msg_interfaces' with the following arguments: {'ament_cmake_args': None, 'build_base': '/home/sangjun/camel-amr-projects-V1/build/amr_msg_interfaces', 'catkin_cmake_args': None, 'catkin_skip_building_tests': False, 'cmake_args': None, 'cmake_clean_cache': False, 'cmake_clean_first': False, 'cmake_force_configure': False, 'cmake_target': None, 'cmake_target_skip_unavailable': False, 'install_base': '/home/sangjun/camel-amr-projects-V1/install/amr_msg_interfaces', 'merge_install': False, 'path': '/home/sangjun/camel-amr-projects-V1/src/amr_msg_interfaces', 'symlink_install': True, 'test_result_base': None}
[0.377s] Level 5:colcon.colcon_core.verb:set package 'amr-main-pkg' build argument 'cmake_args' from command line to 'None'
[0.377s] Level 5:colcon.colcon_core.verb:set package 'amr-main-pkg' build argument 'cmake_target' from command line to 'None'
[0.377s] Level 5:colcon.colcon_core.verb:set package 'amr-main-pkg' build argument 'cmake_target_skip_unavailable' from command line to 'False'
[0.377s] Level 5:colcon.colcon_core.verb:set package 'amr-main-pkg' build argument 'cmake_clean_cache' from command line to 'False'
[0.377s] Level 5:colcon.colcon_core.verb:set package 'amr-main-pkg' build argument 'cmake_clean_first' from command line to 'False'
[0.377s] Level 5:colcon.colcon_core.verb:set package 'amr-main-pkg' build argument 'cmake_force_configure' from command line to 'False'
[0.377s] Level 5:colcon.colcon_core.verb:set package 'amr-main-pkg' build argument 'ament_cmake_args' from command line to 'None'
[0.377s] Level 5:colcon.colcon_core.verb:set package 'amr-main-pkg' build argument 'catkin_cmake_args' from command line to 'None'
[0.377s] Level 5:colcon.colcon_core.verb:set package 'amr-main-pkg' build argument 'catkin_skip_building_tests' from command line to 'False'
[0.377s] DEBUG:colcon.colcon_core.verb:Building package 'amr-main-pkg' with the following arguments: {'ament_cmake_args': None, 'build_base': '/home/sangjun/camel-amr-projects-V1/build/amr-main-pkg', 'catkin_cmake_args': None, 'catkin_skip_building_tests': False, 'cmake_args': None, 'cmake_clean_cache': False, 'cmake_clean_first': False, 'cmake_force_configure': False, 'cmake_target': None, 'cmake_target_skip_unavailable': False, 'install_base': '/home/sangjun/camel-amr-projects-V1/install/amr-main-pkg', 'merge_install': False, 'path': '/home/sangjun/camel-amr-projects-V1/src/amr-main-pkg', 'symlink_install': True, 'test_result_base': None}
[0.377s] INFO:colcon.colcon_core.executor:Executing jobs using 'parallel' executor
[0.380s] DEBUG:colcon.colcon_parallel_executor.executor.parallel:run_until_complete
[0.380s] INFO:colcon.colcon_ros.task.ament_cmake.build:Building ROS package in '/home/sangjun/camel-amr-projects-V1/src/amr_msg_interfaces' with build type 'ament_cmake'
[0.380s] INFO:colcon.colcon_cmake.task.cmake.build:Building CMake package in '/home/sangjun/camel-amr-projects-V1/src/amr_msg_interfaces'
[0.384s] INFO:colcon.colcon_core.plugin_system:Skipping extension 'colcon_core.shell.bat': Not used on non-Windows systems
[0.384s] INFO:colcon.colcon_core.shell:Skip shell extension 'powershell' for command environment: Not usable outside of PowerShell
[0.384s] DEBUG:colcon.colcon_core.shell:Skip shell extension 'dsv' for command environment
[0.388s] DEBUG:colcon.colcon_core.shell:Ignoring prefix path '/home/sangjun/catkin_ws/devel'
[0.389s] DEBUG:colcon.colcon_core.shell:Ignoring prefix path '/opt/ros/noetic'
[0.391s] INFO:colcon.colcon_ros.task.ament_cmake.build:Building ROS package in '/home/sangjun/camel-amr-projects-V1/src/amr-gazebo-pkg' with build type 'ament_cmake'
[0.392s] INFO:colcon.colcon_cmake.task.cmake.build:Building CMake package in '/home/sangjun/camel-amr-projects-V1/src/amr-gazebo-pkg'
[0.394s] INFO:colcon.colcon_core.shell:Skip shell extension 'powershell' for command environment: Not usable outside of PowerShell
[0.394s] DEBUG:colcon.colcon_core.shell:Skip shell extension 'dsv' for command environment
[0.398s] DEBUG:colcon.colcon_core.shell:Ignoring prefix path '/home/sangjun/catkin_ws/devel'
[0.399s] DEBUG:colcon.colcon_core.shell:Ignoring prefix path '/opt/ros/noetic'
[0.401s] INFO:colcon.colcon_ros.task.ament_cmake.build:Building ROS package in '/home/sangjun/camel-amr-projects-V1/src/amr-obstacle-pkg' with build type 'ament_cmake'
[0.401s] INFO:colcon.colcon_cmake.task.cmake.build:Building CMake package in '/home/sangjun/camel-amr-projects-V1/src/amr-obstacle-pkg'
[0.402s] INFO:colcon.colcon_core.shell:Skip shell extension 'powershell' for command environment: Not usable outside of PowerShell
[0.403s] DEBUG:colcon.colcon_core.shell:Skip shell extension 'dsv' for command environment
[0.406s] DEBUG:colcon.colcon_core.shell:Ignoring prefix path '/home/sangjun/catkin_ws/devel'
[0.407s] DEBUG:colcon.colcon_core.shell:Ignoring prefix path '/opt/ros/noetic'
[0.414s] DEBUG:colcon.colcon_core.event_handler.log_command:Invoking command in '/home/sangjun/camel-amr-projects-V1/build/amr_msg_interfaces': CMAKE_PREFIX_PATH=/home/sangjun/ros2_test_ws/install/test:/home/sangjun/camel-amr-projects-V1/install/amr-main-pkg:/home/sangjun/camel-amr-projects-V1/install/amr_msg_interfaces:/home/sangjun/camel-amr-projects-V1/install/amr-obstacle-pkg:/home/sangjun/camel-amr-projects-V1/install/amr-gazebo-pkg:/opt/ros/foxy:/home/sangjun/catkin_ws/devel:/opt/ros/noetic /usr/local/bin/cmake --build /home/sangjun/camel-amr-projects-V1/build/amr_msg_interfaces -- -j6 -l6
[0.418s] DEBUG:colcon.colcon_core.event_handler.log_command:Invoking command in '/home/sangjun/camel-amr-projects-V1/build/amr-gazebo-pkg': CMAKE_PREFIX_PATH=/home/sangjun/ros2_test_ws/install/test:/home/sangjun/camel-amr-projects-V1/install/amr-main-pkg:/home/sangjun/camel-amr-projects-V1/install/amr_msg_interfaces:/home/sangjun/camel-amr-projects-V1/install/amr-obstacle-pkg:/home/sangjun/camel-amr-projects-V1/install/amr-gazebo-pkg:/opt/ros/foxy:/home/sangjun/catkin_ws/devel:/opt/ros/noetic /usr/local/bin/cmake --build /home/sangjun/camel-amr-projects-V1/build/amr-gazebo-pkg -- -j6 -l6
[0.427s] DEBUG:colcon.colcon_core.event_handler.log_command:Invoking command in '/home/sangjun/camel-amr-projects-V1/build/amr-obstacle-pkg': CMAKE_PREFIX_PATH=/home/sangjun/ros2_test_ws/install/test:/home/sangjun/camel-amr-projects-V1/install/amr-main-pkg:/home/sangjun/camel-amr-projects-V1/install/amr_msg_interfaces:/home/sangjun/camel-amr-projects-V1/install/amr-obstacle-pkg:/home/sangjun/camel-amr-projects-V1/install/amr-gazebo-pkg:/opt/ros/foxy:/home/sangjun/catkin_ws/devel:/opt/ros/noetic /usr/local/bin/cmake --build /home/sangjun/camel-amr-projects-V1/build/amr-obstacle-pkg -- -j6 -l6
[0.434s] DEBUG:colcon.colcon_core.event_handler.log_command:Invoked command in '/home/sangjun/camel-amr-projects-V1/build/amr-gazebo-pkg' returned '0': CMAKE_PREFIX_PATH=/home/sangjun/ros2_test_ws/install/test:/home/sangjun/camel-amr-projects-V1/install/amr-main-pkg:/home/sangjun/camel-amr-projects-V1/install/amr_msg_interfaces:/home/sangjun/camel-amr-projects-V1/install/amr-obstacle-pkg:/home/sangjun/camel-amr-projects-V1/install/amr-gazebo-pkg:/opt/ros/foxy:/home/sangjun/catkin_ws/devel:/opt/ros/noetic /usr/local/bin/cmake --build /home/sangjun/camel-amr-projects-V1/build/amr-gazebo-pkg -- -j6 -l6
[0.454s] DEBUG:colcon.colcon_core.event_handler.log_command:Invoked command in '/home/sangjun/camel-amr-projects-V1/build/amr-obstacle-pkg' returned '0': CMAKE_PREFIX_PATH=/home/sangjun/ros2_test_ws/install/test:/home/sangjun/camel-amr-projects-V1/install/amr-main-pkg:/home/sangjun/camel-amr-projects-V1/install/amr_msg_interfaces:/home/sangjun/camel-amr-projects-V1/install/amr-obstacle-pkg:/home/sangjun/camel-amr-projects-V1/install/amr-gazebo-pkg:/opt/ros/foxy:/home/sangjun/catkin_ws/devel:/opt/ros/noetic /usr/local/bin/cmake --build /home/sangjun/camel-amr-projects-V1/build/amr-obstacle-pkg -- -j6 -l6
[0.465s] DEBUG:colcon.colcon_core.event_handler.log_command:Invoking command in '/home/sangjun/camel-amr-projects-V1/build/amr-gazebo-pkg': CMAKE_PREFIX_PATH=/home/sangjun/ros2_test_ws/install/test:/home/sangjun/camel-amr-projects-V1/install/amr-main-pkg:/home/sangjun/camel-amr-projects-V1/install/amr_msg_interfaces:/home/sangjun/camel-amr-projects-V1/install/amr-obstacle-pkg:/home/sangjun/camel-amr-projects-V1/install/amr-gazebo-pkg:/opt/ros/foxy:/home/sangjun/catkin_ws/devel:/opt/ros/noetic /usr/local/bin/cmake --install /home/sangjun/camel-amr-projects-V1/build/amr-gazebo-pkg
[0.473s] DEBUG:colcon.colcon_core.event_handler.log_command:Invoking command in '/home/sangjun/camel-amr-projects-V1/build/amr-obstacle-pkg': CMAKE_PREFIX_PATH=/home/sangjun/ros2_test_ws/install/test:/home/sangjun/camel-amr-projects-V1/install/amr-main-pkg:/home/sangjun/camel-amr-projects-V1/install/amr_msg_interfaces:/home/sangjun/camel-amr-projects-V1/install/amr-obstacle-pkg:/home/sangjun/camel-amr-projects-V1/install/amr-gazebo-pkg:/opt/ros/foxy:/home/sangjun/catkin_ws/devel:/opt/ros/noetic /usr/local/bin/cmake --install /home/sangjun/camel-amr-projects-V1/build/amr-obstacle-pkg
[0.475s] Level 1:colcon.colcon_core.environment:create_environment_scripts_only(amr-gazebo-pkg)
[0.476s] DEBUG:colcon.colcon_core.event_handler.log_command:Invoked command in '/home/sangjun/camel-amr-projects-V1/build/amr-gazebo-pkg' returned '0': CMAKE_PREFIX_PATH=/home/sangjun/ros2_test_ws/install/test:/home/sangjun/camel-amr-projects-V1/install/amr-main-pkg:/home/sangjun/camel-amr-projects-V1/install/amr_msg_interfaces:/home/sangjun/camel-amr-projects-V1/install/amr-obstacle-pkg:/home/sangjun/camel-amr-projects-V1/install/amr-gazebo-pkg:/opt/ros/foxy:/home/sangjun/catkin_ws/devel:/opt/ros/noetic /usr/local/bin/cmake --install /home/sangjun/camel-amr-projects-V1/build/amr-gazebo-pkg
[0.482s] Level 1:colcon.colcon_core.environment:checking '/home/sangjun/camel-amr-projects-V1/install/amr-gazebo-pkg' for CMake module files
[0.482s] Level 1:colcon.colcon_core.environment:checking '/home/sangjun/camel-amr-projects-V1/install/amr-gazebo-pkg' for CMake config files
[0.482s] Level 1:colcon.colcon_core.shell:create_environment_hook('amr-gazebo-pkg', 'cmake_prefix_path')
[0.484s] INFO:colcon.colcon_core.shell:Creating environment hook '/home/sangjun/camel-amr-projects-V1/install/amr-gazebo-pkg/share/amr-gazebo-pkg/hook/cmake_prefix_path.ps1'
[0.484s] INFO:colcon.colcon_core.shell:Creating environment descriptor '/home/sangjun/camel-amr-projects-V1/install/amr-gazebo-pkg/share/amr-gazebo-pkg/hook/cmake_prefix_path.dsv'
[0.485s] INFO:colcon.colcon_core.shell:Creating environment hook '/home/sangjun/camel-amr-projects-V1/install/amr-gazebo-pkg/share/amr-gazebo-pkg/hook/cmake_prefix_path.sh'
[0.485s] Level 1:colcon.colcon_core.environment:checking '/home/sangjun/camel-amr-projects-V1/install/amr-gazebo-pkg/bin'
[0.485s] Level 1:colcon.colcon_core.environment:checking '/home/sangjun/camel-amr-projects-V1/install/amr-gazebo-pkg/lib/pkgconfig/amr-gazebo-pkg.pc'
[0.485s] Level 1:colcon.colcon_core.environment:checking '/home/sangjun/camel-amr-projects-V1/install/amr-gazebo-pkg/lib/python3.8/site-packages'
[0.485s] Level 1:colcon.colcon_core.environment:checking '/home/sangjun/camel-amr-projects-V1/install/amr-gazebo-pkg/bin'
[0.487s] INFO:colcon.colcon_core.shell:Creating package script '/home/sangjun/camel-amr-projects-V1/install/amr-gazebo-pkg/share/amr-gazebo-pkg/package.ps1'
[0.488s] INFO:colcon.colcon_core.shell:Creating package descriptor '/home/sangjun/camel-amr-projects-V1/install/amr-gazebo-pkg/share/amr-gazebo-pkg/package.dsv'
[0.488s] INFO:colcon.colcon_core.shell:Creating package script '/home/sangjun/camel-amr-projects-V1/install/amr-gazebo-pkg/share/amr-gazebo-pkg/package.sh'
[0.489s] INFO:colcon.colcon_core.shell:Creating package script '/home/sangjun/camel-amr-projects-V1/install/amr-gazebo-pkg/share/amr-gazebo-pkg/package.bash'
[0.489s] INFO:colcon.colcon_core.shell:Creating package script '/home/sangjun/camel-amr-projects-V1/install/amr-gazebo-pkg/share/amr-gazebo-pkg/package.zsh'
[0.489s] Level 1:colcon.colcon_core.environment:create_file_with_runtime_dependencies(/home/sangjun/camel-amr-projects-V1/install/amr-gazebo-pkg/share/colcon-core/packages/amr-gazebo-pkg)
[0.494s] Level 1:colcon.colcon_core.environment:create_environment_scripts_only(amr-obstacle-pkg)
[0.497s] Level 1:colcon.colcon_core.environment:checking '/home/sangjun/camel-amr-projects-V1/install/amr-obstacle-pkg' for CMake module files
[0.497s] Level 1:colcon.colcon_core.environment:checking '/home/sangjun/camel-amr-projects-V1/install/amr-obstacle-pkg' for CMake config files
[0.497s] Level 1:colcon.colcon_core.shell:create_environment_hook('amr-obstacle-pkg', 'cmake_prefix_path')
[0.499s] INFO:colcon.colcon_core.shell:Creating environment hook '/home/sangjun/camel-amr-projects-V1/install/amr-obstacle-pkg/share/amr-obstacle-pkg/hook/cmake_prefix_path.ps1'
[0.500s] DEBUG:colcon.colcon_core.event_handler.log_command:Invoked command in '/home/sangjun/camel-amr-projects-V1/build/amr-obstacle-pkg' returned '0': CMAKE_PREFIX_PATH=/home/sangjun/ros2_test_ws/install/test:/home/sangjun/camel-amr-projects-V1/install/amr-main-pkg:/home/sangjun/camel-amr-projects-V1/install/amr_msg_interfaces:/home/sangjun/camel-amr-projects-V1/install/amr-obstacle-pkg:/home/sangjun/camel-amr-projects-V1/install/amr-gazebo-pkg:/opt/ros/foxy:/home/sangjun/catkin_ws/devel:/opt/ros/noetic /usr/local/bin/cmake --install /home/sangjun/camel-amr-projects-V1/build/amr-obstacle-pkg
[0.501s] INFO:colcon.colcon_core.shell:Creating environment descriptor '/home/sangjun/camel-amr-projects-V1/install/amr-obstacle-pkg/share/amr-obstacle-pkg/hook/cmake_prefix_path.dsv'
[0.501s] INFO:colcon.colcon_core.shell:Creating environment hook '/home/sangjun/camel-amr-projects-V1/install/amr-obstacle-pkg/share/amr-obstacle-pkg/hook/cmake_prefix_path.sh'
[0.502s] Level 1:colcon.colcon_core.environment:checking '/home/sangjun/camel-amr-projects-V1/install/amr-obstacle-pkg/lib'
[0.502s] Level 1:colcon.colcon_core.environment:checking '/home/sangjun/camel-amr-projects-V1/install/amr-obstacle-pkg/bin'
[0.502s] Level 1:colcon.colcon_core.environment:checking '/home/sangjun/camel-amr-projects-V1/install/amr-obstacle-pkg/lib/pkgconfig/amr-obstacle-pkg.pc'
[0.502s] Level 1:colcon.colcon_core.environment:checking '/home/sangjun/camel-amr-projects-V1/install/amr-obstacle-pkg/lib/python3.8/site-packages'
[0.502s] Level 1:colcon.colcon_core.environment:checking '/home/sangjun/camel-amr-projects-V1/install/amr-obstacle-pkg/bin'
[0.504s] INFO:colcon.colcon_core.shell:Creating package script '/home/sangjun/camel-amr-projects-V1/install/amr-obstacle-pkg/share/amr-obstacle-pkg/package.ps1'
[0.504s] INFO:colcon.colcon_core.shell:Creating package descriptor '/home/sangjun/camel-amr-projects-V1/install/amr-obstacle-pkg/share/amr-obstacle-pkg/package.dsv'
[0.504s] INFO:colcon.colcon_core.shell:Creating package script '/home/sangjun/camel-amr-projects-V1/install/amr-obstacle-pkg/share/amr-obstacle-pkg/package.sh'
[0.505s] INFO:colcon.colcon_core.shell:Creating package script '/home/sangjun/camel-amr-projects-V1/install/amr-obstacle-pkg/share/amr-obstacle-pkg/package.bash'
[0.505s] INFO:colcon.colcon_core.shell:Creating package script '/home/sangjun/camel-amr-projects-V1/install/amr-obstacle-pkg/share/amr-obstacle-pkg/package.zsh'
[0.505s] Level 1:colcon.colcon_core.environment:create_file_with_runtime_dependencies(/home/sangjun/camel-amr-projects-V1/install/amr-obstacle-pkg/share/colcon-core/packages/amr-obstacle-pkg)
[0.509s] Level 1:colcon.colcon_core.environment:create_environment_scripts_only(amr-gazebo-pkg)
[0.510s] Level 1:colcon.colcon_core.environment:checking '/home/sangjun/camel-amr-projects-V1/install/amr-gazebo-pkg' for CMake module files
[0.511s] Level 1:colcon.colcon_core.environment:checking '/home/sangjun/camel-amr-projects-V1/install/amr-gazebo-pkg' for CMake config files
[0.511s] Level 1:colcon.colcon_core.shell:create_environment_hook('amr-gazebo-pkg', 'cmake_prefix_path')
[0.512s] INFO:colcon.colcon_core.shell:Creating environment hook '/home/sangjun/camel-amr-projects-V1/install/amr-gazebo-pkg/share/amr-gazebo-pkg/hook/cmake_prefix_path.ps1'
[0.512s] INFO:colcon.colcon_core.shell:Creating environment descriptor '/home/sangjun/camel-amr-projects-V1/install/amr-gazebo-pkg/share/amr-gazebo-pkg/hook/cmake_prefix_path.dsv'
[0.512s] INFO:colcon.colcon_core.shell:Creating environment hook '/home/sangjun/camel-amr-projects-V1/install/amr-gazebo-pkg/share/amr-gazebo-pkg/hook/cmake_prefix_path.sh'
[0.513s] Level 1:colcon.colcon_core.environment:checking '/home/sangjun/camel-amr-projects-V1/install/amr-gazebo-pkg/bin'
[0.513s] Level 1:colcon.colcon_core.environment:checking '/home/sangjun/camel-amr-projects-V1/install/amr-gazebo-pkg/lib/pkgconfig/amr-gazebo-pkg.pc'
[0.513s] Level 1:colcon.colcon_core.environment:checking '/home/sangjun/camel-amr-projects-V1/install/amr-gazebo-pkg/lib/python3.8/site-packages'
[0.513s] Level 1:colcon.colcon_core.environment:checking '/home/sangjun/camel-amr-projects-V1/install/amr-gazebo-pkg/bin'
[0.515s] INFO:colcon.colcon_core.shell:Creating package script '/home/sangjun/camel-amr-projects-V1/install/amr-gazebo-pkg/share/amr-gazebo-pkg/package.ps1'
[0.515s] INFO:colcon.colcon_core.shell:Creating package descriptor '/home/sangjun/camel-amr-projects-V1/install/amr-gazebo-pkg/share/amr-gazebo-pkg/package.dsv'
[0.516s] INFO:colcon.colcon_core.shell:Creating package script '/home/sangjun/camel-amr-projects-V1/install/amr-gazebo-pkg/share/amr-gazebo-pkg/package.sh'
[0.516s] INFO:colcon.colcon_core.shell:Creating package script '/home/sangjun/camel-amr-projects-V1/install/amr-gazebo-pkg/share/amr-gazebo-pkg/package.bash'
[0.516s] INFO:colcon.colcon_core.shell:Creating package script '/home/sangjun/camel-amr-projects-V1/install/amr-gazebo-pkg/share/amr-gazebo-pkg/package.zsh'
[0.516s] Level 1:colcon.colcon_core.environment:create_file_with_runtime_dependencies(/home/sangjun/camel-amr-projects-V1/install/amr-gazebo-pkg/share/colcon-core/packages/amr-gazebo-pkg)
[0.520s] DEBUG:colcon.colcon_core.event_handler.log_command:Invoked command in '/home/sangjun/camel-amr-projects-V1/build/amr_msg_interfaces' returned '0': CMAKE_PREFIX_PATH=/home/sangjun/ros2_test_ws/install/test:/home/sangjun/camel-amr-projects-V1/install/amr-main-pkg:/home/sangjun/camel-amr-projects-V1/install/amr_msg_interfaces:/home/sangjun/camel-amr-projects-V1/install/amr-obstacle-pkg:/home/sangjun/camel-amr-projects-V1/install/amr-gazebo-pkg:/opt/ros/foxy:/home/sangjun/catkin_ws/devel:/opt/ros/noetic /usr/local/bin/cmake --build /home/sangjun/camel-amr-projects-V1/build/amr_msg_interfaces -- -j6 -l6
[0.524s] Level 1:colcon.colcon_core.environment:create_environment_scripts_only(amr-obstacle-pkg)
[0.527s] Level 1:colcon.colcon_core.environment:checking '/home/sangjun/camel-amr-projects-V1/install/amr-obstacle-pkg' for CMake module files
[0.527s] Level 1:colcon.colcon_core.environment:checking '/home/sangjun/camel-amr-projects-V1/install/amr-obstacle-pkg' for CMake config files
[0.527s] Level 1:colcon.colcon_core.shell:create_environment_hook('amr-obstacle-pkg', 'cmake_prefix_path')
[0.528s] INFO:colcon.colcon_core.shell:Creating environment hook '/home/sangjun/camel-amr-projects-V1/install/amr-obstacle-pkg/share/amr-obstacle-pkg/hook/cmake_prefix_path.ps1'
[0.529s] INFO:colcon.colcon_core.shell:Creating environment descriptor '/home/sangjun/camel-amr-projects-V1/install/amr-obstacle-pkg/share/amr-obstacle-pkg/hook/cmake_prefix_path.dsv'
[0.529s] INFO:colcon.colcon_core.shell:Creating environment hook '/home/sangjun/camel-amr-projects-V1/install/amr-obstacle-pkg/share/amr-obstacle-pkg/hook/cmake_prefix_path.sh'
[0.529s] Level 1:colcon.colcon_core.environment:checking '/home/sangjun/camel-amr-projects-V1/install/amr-obstacle-pkg/lib'
[0.529s] Level 1:colcon.colcon_core.environment:checking '/home/sangjun/camel-amr-projects-V1/install/amr-obstacle-pkg/bin'
[0.529s] Level 1:colcon.colcon_core.environment:checking '/home/sangjun/camel-amr-projects-V1/install/amr-obstacle-pkg/lib/pkgconfig/amr-obstacle-pkg.pc'
[0.529s] Level 1:colcon.colcon_core.environment:checking '/home/sangjun/camel-amr-projects-V1/install/amr-obstacle-pkg/lib/python3.8/site-packages'
[0.530s] Level 1:colcon.colcon_core.environment:checking '/home/sangjun/camel-amr-projects-V1/install/amr-obstacle-pkg/bin'
[0.531s] INFO:colcon.colcon_core.shell:Creating package script '/home/sangjun/camel-amr-projects-V1/install/amr-obstacle-pkg/share/amr-obstacle-pkg/package.ps1'
[0.531s] INFO:colcon.colcon_core.shell:Creating package descriptor '/home/sangjun/camel-amr-projects-V1/install/amr-obstacle-pkg/share/amr-obstacle-pkg/package.dsv'
[0.531s] INFO:colcon.colcon_core.shell:Creating package script '/home/sangjun/camel-amr-projects-V1/install/amr-obstacle-pkg/share/amr-obstacle-pkg/package.sh'
[0.531s] INFO:colcon.colcon_core.shell:Creating package script '/home/sangjun/camel-amr-projects-V1/install/amr-obstacle-pkg/share/amr-obstacle-pkg/package.bash'
[0.532s] INFO:colcon.colcon_core.shell:Creating package script '/home/sangjun/camel-amr-projects-V1/install/amr-obstacle-pkg/share/amr-obstacle-pkg/package.zsh'
[0.532s] Level 1:colcon.colcon_core.environment:create_file_with_runtime_dependencies(/home/sangjun/camel-amr-projects-V1/install/amr-obstacle-pkg/share/colcon-core/packages/amr-obstacle-pkg)
[0.568s] DEBUG:colcon.colcon_core.event_handler.log_command:Invoking command in '/home/sangjun/camel-amr-projects-V1/build/amr_msg_interfaces': CMAKE_PREFIX_PATH=/home/sangjun/ros2_test_ws/install/test:/home/sangjun/camel-amr-projects-V1/install/amr-main-pkg:/home/sangjun/camel-amr-projects-V1/install/amr_msg_interfaces:/home/sangjun/camel-amr-projects-V1/install/amr-obstacle-pkg:/home/sangjun/camel-amr-projects-V1/install/amr-gazebo-pkg:/opt/ros/foxy:/home/sangjun/catkin_ws/devel:/opt/ros/noetic /usr/local/bin/cmake --install /home/sangjun/camel-amr-projects-V1/build/amr_msg_interfaces
[0.613s] Level 1:colcon.colcon_core.environment:create_environment_scripts_only(amr_msg_interfaces)
[0.616s] Level 1:colcon.colcon_core.environment:checking '/home/sangjun/camel-amr-projects-V1/install/amr_msg_interfaces' for CMake module files
[0.617s] DEBUG:colcon.colcon_core.event_handler.log_command:Invoked command in '/home/sangjun/camel-amr-projects-V1/build/amr_msg_interfaces' returned '0': CMAKE_PREFIX_PATH=/home/sangjun/ros2_test_ws/install/test:/home/sangjun/camel-amr-projects-V1/install/amr-main-pkg:/home/sangjun/camel-amr-projects-V1/install/amr_msg_interfaces:/home/sangjun/camel-amr-projects-V1/install/amr-obstacle-pkg:/home/sangjun/camel-amr-projects-V1/install/amr-gazebo-pkg:/opt/ros/foxy:/home/sangjun/catkin_ws/devel:/opt/ros/noetic /usr/local/bin/cmake --install /home/sangjun/camel-amr-projects-V1/build/amr_msg_interfaces
[0.617s] Level 1:colcon.colcon_core.environment:checking '/home/sangjun/camel-amr-projects-V1/install/amr_msg_interfaces' for CMake config files
[0.618s] Level 1:colcon.colcon_core.shell:create_environment_hook('amr_msg_interfaces', 'cmake_prefix_path')
[0.619s] INFO:colcon.colcon_core.shell:Creating environment hook '/home/sangjun/camel-amr-projects-V1/install/amr_msg_interfaces/share/amr_msg_interfaces/hook/cmake_prefix_path.ps1'
[0.620s] INFO:colcon.colcon_core.shell:Creating environment descriptor '/home/sangjun/camel-amr-projects-V1/install/amr_msg_interfaces/share/amr_msg_interfaces/hook/cmake_prefix_path.dsv'
[0.620s] INFO:colcon.colcon_core.shell:Creating environment hook '/home/sangjun/camel-amr-projects-V1/install/amr_msg_interfaces/share/amr_msg_interfaces/hook/cmake_prefix_path.sh'
[0.620s] Level 1:colcon.colcon_core.environment:checking '/home/sangjun/camel-amr-projects-V1/install/amr_msg_interfaces/lib'
[0.620s] Level 1:colcon.colcon_core.shell:create_environment_hook('amr_msg_interfaces', 'ld_library_path_lib')
[0.621s] INFO:colcon.colcon_core.shell:Creating environment hook '/home/sangjun/camel-amr-projects-V1/install/amr_msg_interfaces/share/amr_msg_interfaces/hook/ld_library_path_lib.ps1'
[0.622s] INFO:colcon.colcon_core.shell:Creating environment descriptor '/home/sangjun/camel-amr-projects-V1/install/amr_msg_interfaces/share/amr_msg_interfaces/hook/ld_library_path_lib.dsv'
[0.622s] INFO:colcon.colcon_core.shell:Creating environment hook '/home/sangjun/camel-amr-projects-V1/install/amr_msg_interfaces/share/amr_msg_interfaces/hook/ld_library_path_lib.sh'
[0.622s] Level 1:colcon.colcon_core.environment:checking '/home/sangjun/camel-amr-projects-V1/install/amr_msg_interfaces/bin'
[0.622s] Level 1:colcon.colcon_core.environment:checking '/home/sangjun/camel-amr-projects-V1/install/amr_msg_interfaces/lib/pkgconfig/amr_msg_interfaces.pc'
[0.622s] Level 1:colcon.colcon_core.environment:checking '/home/sangjun/camel-amr-projects-V1/install/amr_msg_interfaces/lib/python3.8/site-packages'
[0.622s] Level 1:colcon.colcon_core.shell:create_environment_hook('amr_msg_interfaces', 'pythonpath')
[0.623s] INFO:colcon.colcon_core.shell:Creating environment hook '/home/sangjun/camel-amr-projects-V1/install/amr_msg_interfaces/share/amr_msg_interfaces/hook/pythonpath.ps1'
[0.623s] INFO:colcon.colcon_core.shell:Creating environment descriptor '/home/sangjun/camel-amr-projects-V1/install/amr_msg_interfaces/share/amr_msg_interfaces/hook/pythonpath.dsv'
[0.624s] INFO:colcon.colcon_core.shell:Creating environment hook '/home/sangjun/camel-amr-projects-V1/install/amr_msg_interfaces/share/amr_msg_interfaces/hook/pythonpath.sh'
[0.624s] Level 1:colcon.colcon_core.environment:checking '/home/sangjun/camel-amr-projects-V1/install/amr_msg_interfaces/bin'
[0.625s] INFO:colcon.colcon_core.shell:Creating package script '/home/sangjun/camel-amr-projects-V1/install/amr_msg_interfaces/share/amr_msg_interfaces/package.ps1'
[0.625s] INFO:colcon.colcon_core.shell:Creating package descriptor '/home/sangjun/camel-amr-projects-V1/install/amr_msg_interfaces/share/amr_msg_interfaces/package.dsv'
[0.626s] INFO:colcon.colcon_core.shell:Creating package script '/home/sangjun/camel-amr-projects-V1/install/amr_msg_interfaces/share/amr_msg_interfaces/package.sh'
[0.626s] INFO:colcon.colcon_core.shell:Creating package script '/home/sangjun/camel-amr-projects-V1/install/amr_msg_interfaces/share/amr_msg_interfaces/package.bash'
[0.626s] INFO:colcon.colcon_core.shell:Creating package script '/home/sangjun/camel-amr-projects-V1/install/amr_msg_interfaces/share/amr_msg_interfaces/package.zsh'
[0.626s] Level 1:colcon.colcon_core.environment:create_file_with_runtime_dependencies(/home/sangjun/camel-amr-projects-V1/install/amr_msg_interfaces/share/colcon-core/packages/amr_msg_interfaces)
[0.678s] Level 1:colcon.colcon_core.environment:create_environment_scripts_only(amr_msg_interfaces)
[0.681s] Level 1:colcon.colcon_core.environment:checking '/home/sangjun/camel-amr-projects-V1/install/amr_msg_interfaces' for CMake module files
[0.682s] Level 1:colcon.colcon_core.environment:checking '/home/sangjun/camel-amr-projects-V1/install/amr_msg_interfaces' for CMake config files
[0.683s] Level 1:colcon.colcon_core.shell:create_environment_hook('amr_msg_interfaces', 'cmake_prefix_path')
[0.684s] INFO:colcon.colcon_core.shell:Creating environment hook '/home/sangjun/camel-amr-projects-V1/install/amr_msg_interfaces/share/amr_msg_interfaces/hook/cmake_prefix_path.ps1'
[0.684s] INFO:colcon.colcon_core.shell:Creating environment descriptor '/home/sangjun/camel-amr-projects-V1/install/amr_msg_interfaces/share/amr_msg_interfaces/hook/cmake_prefix_path.dsv'
[0.684s] INFO:colcon.colcon_core.shell:Creating environment hook '/home/sangjun/camel-amr-projects-V1/install/amr_msg_interfaces/share/amr_msg_interfaces/hook/cmake_prefix_path.sh'
[0.685s] Level 1:colcon.colcon_core.environment:checking '/home/sangjun/camel-amr-projects-V1/install/amr_msg_interfaces/lib'
[0.685s] Level 1:colcon.colcon_core.shell:create_environment_hook('amr_msg_interfaces', 'ld_library_path_lib')
[0.686s] INFO:colcon.colcon_core.shell:Creating environment hook '/home/sangjun/camel-amr-projects-V1/install/amr_msg_interfaces/share/amr_msg_interfaces/hook/ld_library_path_lib.ps1'
[0.686s] INFO:colcon.colcon_core.shell:Creating environment descriptor '/home/sangjun/camel-amr-projects-V1/install/amr_msg_interfaces/share/amr_msg_interfaces/hook/ld_library_path_lib.dsv'
[0.686s] INFO:colcon.colcon_core.shell:Creating environment hook '/home/sangjun/camel-amr-projects-V1/install/amr_msg_interfaces/share/amr_msg_interfaces/hook/ld_library_path_lib.sh'
[0.686s] Level 1:colcon.colcon_core.environment:checking '/home/sangjun/camel-amr-projects-V1/install/amr_msg_interfaces/bin'
[0.686s] Level 1:colcon.colcon_core.environment:checking '/home/sangjun/camel-amr-projects-V1/install/amr_msg_interfaces/lib/pkgconfig/amr_msg_interfaces.pc'
[0.687s] Level 1:colcon.colcon_core.environment:checking '/home/sangjun/camel-amr-projects-V1/install/amr_msg_interfaces/lib/python3.8/site-packages'
[0.687s] Level 1:colcon.colcon_core.shell:create_environment_hook('amr_msg_interfaces', 'pythonpath')
[0.688s] INFO:colcon.colcon_core.shell:Creating environment hook '/home/sangjun/camel-amr-projects-V1/install/amr_msg_interfaces/share/amr_msg_interfaces/hook/pythonpath.ps1'
[0.688s] INFO:colcon.colcon_core.shell:Creating environment descriptor '/home/sangjun/camel-amr-projects-V1/install/amr_msg_interfaces/share/amr_msg_interfaces/hook/pythonpath.dsv'
[0.688s] INFO:colcon.colcon_core.shell:Creating environment hook '/home/sangjun/camel-amr-projects-V1/install/amr_msg_interfaces/share/amr_msg_interfaces/hook/pythonpath.sh'
[0.689s] Level 1:colcon.colcon_core.environment:checking '/home/sangjun/camel-amr-projects-V1/install/amr_msg_interfaces/bin'
[0.690s] INFO:colcon.colcon_core.shell:Creating package script '/home/sangjun/camel-amr-projects-V1/install/amr_msg_interfaces/share/amr_msg_interfaces/package.ps1'
[0.690s] INFO:colcon.colcon_core.shell:Creating package descriptor '/home/sangjun/camel-amr-projects-V1/install/amr_msg_interfaces/share/amr_msg_interfaces/package.dsv'
[0.690s] INFO:colcon.colcon_core.shell:Creating package script '/home/sangjun/camel-amr-projects-V1/install/amr_msg_interfaces/share/amr_msg_interfaces/package.sh'
[0.691s] INFO:colcon.colcon_core.shell:Creating package script '/home/sangjun/camel-amr-projects-V1/install/amr_msg_interfaces/share/amr_msg_interfaces/package.bash'
[0.691s] INFO:colcon.colcon_core.shell:Creating package script '/home/sangjun/camel-amr-projects-V1/install/amr_msg_interfaces/share/amr_msg_interfaces/package.zsh'
[0.691s] Level 1:colcon.colcon_core.environment:create_file_with_runtime_dependencies(/home/sangjun/camel-amr-projects-V1/install/amr_msg_interfaces/share/colcon-core/packages/amr_msg_interfaces)
[0.692s] INFO:colcon.colcon_ros.task.ament_cmake.build:Building ROS package in '/home/sangjun/camel-amr-projects-V1/src/amr-main-pkg' with build type 'ament_cmake'
[0.692s] INFO:colcon.colcon_cmake.task.cmake.build:Building CMake package in '/home/sangjun/camel-amr-projects-V1/src/amr-main-pkg'
[0.693s] INFO:colcon.colcon_core.shell:Skip shell extension 'powershell' for command environment: Not usable outside of PowerShell
[0.693s] DEBUG:colcon.colcon_core.shell:Skip shell extension 'dsv' for command environment
[0.697s] DEBUG:colcon.colcon_core.shell:Ignoring prefix path '/home/sangjun/catkin_ws/devel'
[0.698s] DEBUG:colcon.colcon_core.shell:Ignoring prefix path '/opt/ros/noetic'
[0.708s] DEBUG:colcon.colcon_core.event_handler.log_command:Invoking command in '/home/sangjun/camel-amr-projects-V1/build/amr-main-pkg': CMAKE_PREFIX_PATH=/home/sangjun/camel-amr-projects-V1/install/amr_msg_interfaces:/home/sangjun/ros2_test_ws/install/test:/home/sangjun/camel-amr-projects-V1/install/amr-main-pkg:/home/sangjun/camel-amr-projects-V1/install/amr-obstacle-pkg:/home/sangjun/camel-amr-projects-V1/install/amr-gazebo-pkg:/opt/ros/foxy:/home/sangjun/catkin_ws/devel:/opt/ros/noetic /usr/local/bin/cmake --build /home/sangjun/camel-amr-projects-V1/build/amr-main-pkg -- -j6 -l6
[3.865s] DEBUG:colcon.colcon_core.event_handler.log_command:Invoked command in '/home/sangjun/camel-amr-projects-V1/build/amr-main-pkg' returned '2': CMAKE_PREFIX_PATH=/home/sangjun/camel-amr-projects-V1/install/amr_msg_interfaces:/home/sangjun/ros2_test_ws/install/test:/home/sangjun/camel-amr-projects-V1/install/amr-main-pkg:/home/sangjun/camel-amr-projects-V1/install/amr-obstacle-pkg:/home/sangjun/camel-amr-projects-V1/install/amr-gazebo-pkg:/opt/ros/foxy:/home/sangjun/catkin_ws/devel:/opt/ros/noetic /usr/local/bin/cmake --build /home/sangjun/camel-amr-projects-V1/build/amr-main-pkg -- -j6 -l6
[3.891s] Level 1:colcon.colcon_core.environment:create_environment_scripts_only(amr-main-pkg)
[3.894s] Level 1:colcon.colcon_core.environment:checking '/home/sangjun/camel-amr-projects-V1/install/amr-main-pkg' for CMake module files
[3.895s] Level 1:colcon.colcon_core.environment:checking '/home/sangjun/camel-amr-projects-V1/install/amr-main-pkg' for CMake config files
[3.895s] Level 1:colcon.colcon_core.shell:create_environment_hook('amr-main-pkg', 'cmake_prefix_path')
[3.897s] INFO:colcon.colcon_core.shell:Creating environment hook '/home/sangjun/camel-amr-projects-V1/install/amr-main-pkg/share/amr-main-pkg/hook/cmake_prefix_path.ps1'
[3.897s] INFO:colcon.colcon_core.shell:Creating environment descriptor '/home/sangjun/camel-amr-projects-V1/install/amr-main-pkg/share/amr-main-pkg/hook/cmake_prefix_path.dsv'
[3.898s] INFO:colcon.colcon_core.shell:Creating environment hook '/home/sangjun/camel-amr-projects-V1/install/amr-main-pkg/share/amr-main-pkg/hook/cmake_prefix_path.sh'
[3.898s] Level 1:colcon.colcon_core.environment:checking '/home/sangjun/camel-amr-projects-V1/install/amr-main-pkg/lib'
[3.898s] Level 1:colcon.colcon_core.environment:checking '/home/sangjun/camel-amr-projects-V1/install/amr-main-pkg/bin'
[3.898s] Level 1:colcon.colcon_core.environment:checking '/home/sangjun/camel-amr-projects-V1/install/amr-main-pkg/lib/pkgconfig/amr-main-pkg.pc'
[3.899s] Level 1:colcon.colcon_core.environment:checking '/home/sangjun/camel-amr-projects-V1/install/amr-main-pkg/lib/python3.8/site-packages'
[3.899s] Level 1:colcon.colcon_core.environment:checking '/home/sangjun/camel-amr-projects-V1/install/amr-main-pkg/bin'
[3.900s] INFO:colcon.colcon_core.shell:Creating package script '/home/sangjun/camel-amr-projects-V1/install/amr-main-pkg/share/amr-main-pkg/package.ps1'
[3.901s] INFO:colcon.colcon_core.shell:Creating package descriptor '/home/sangjun/camel-amr-projects-V1/install/amr-main-pkg/share/amr-main-pkg/package.dsv'
[3.901s] INFO:colcon.colcon_core.shell:Creating package script '/home/sangjun/camel-amr-projects-V1/install/amr-main-pkg/share/amr-main-pkg/package.sh'
[3.901s] INFO:colcon.colcon_core.shell:Creating package script '/home/sangjun/camel-amr-projects-V1/install/amr-main-pkg/share/amr-main-pkg/package.bash'
[3.901s] INFO:colcon.colcon_core.shell:Creating package script '/home/sangjun/camel-amr-projects-V1/install/amr-main-pkg/share/amr-main-pkg/package.zsh'
[3.902s] Level 1:colcon.colcon_core.environment:create_file_with_runtime_dependencies(/home/sangjun/camel-amr-projects-V1/install/amr-main-pkg/share/colcon-core/packages/amr-main-pkg)
[3.912s] DEBUG:colcon.colcon_parallel_executor.executor.parallel:closing loop
[3.912s] DEBUG:colcon.colcon_parallel_executor.executor.parallel:loop closed
[3.912s] DEBUG:colcon.colcon_parallel_executor.executor.parallel:run_until_complete finished with '2'
[3.912s] DEBUG:colcon.colcon_core.event_reactor:joining thread
[3.920s] INFO:colcon.colcon_core.plugin_system:Skipping extension 'colcon_notification.desktop_notification.terminal_notifier': Not used on non-Darwin systems
[3.920s] INFO:colcon.colcon_core.plugin_system:Skipping extension 'colcon_notification.desktop_notification.win32': Not used on non-Windows systems
[3.920s] INFO:colcon.colcon_notification.desktop_notification:Sending desktop notification using 'notify2'
[3.940s] DEBUG:colcon.colcon_core.event_reactor:joined thread
[3.942s] INFO:colcon.colcon_core.shell:Creating prefix script '/home/sangjun/camel-amr-projects-V1/install/local_setup.ps1'
[3.943s] INFO:colcon.colcon_core.shell:Creating prefix util module '/home/sangjun/camel-amr-projects-V1/install/_local_setup_util_ps1.py'
[3.944s] INFO:colcon.colcon_core.shell:Creating prefix chain script '/home/sangjun/camel-amr-projects-V1/install/setup.ps1'
[3.945s] INFO:colcon.colcon_core.shell:Creating prefix script '/home/sangjun/camel-amr-projects-V1/install/local_setup.sh'
[3.945s] INFO:colcon.colcon_core.shell:Creating prefix util module '/home/sangjun/camel-amr-projects-V1/install/_local_setup_util_sh.py'
[3.945s] INFO:colcon.colcon_core.shell:Creating prefix chain script '/home/sangjun/camel-amr-projects-V1/install/setup.sh'
[3.946s] INFO:colcon.colcon_core.shell:Creating prefix script '/home/sangjun/camel-amr-projects-V1/install/local_setup.bash'
[3.947s] INFO:colcon.colcon_core.shell:Creating prefix chain script '/home/sangjun/camel-amr-projects-V1/install/setup.bash'
[3.948s] INFO:colcon.colcon_core.shell:Creating prefix script '/home/sangjun/camel-amr-projects-V1/install/local_setup.zsh'
[3.948s] INFO:colcon.colcon_core.shell:Creating prefix chain script '/home/sangjun/camel-amr-projects-V1/install/setup.zsh'
