[0.030s] Invoking command in '/home/sangjun/camel-amr-projects-V1/build/amr-obstacle-pkg': CMAKE_PREFIX_PATH=/home/sangjun/ros2_test_ws/install/test:/home/sangjun/camel-amr-projects-V1/install/amr-main-pkg:/home/sangjun/camel-amr-projects-V1/install/amr_msg_interfaces:/home/sangjun/camel-amr-projects-V1/install/amr-obstacle-pkg:/home/sangjun/camel-amr-projects-V1/install/amr-gazebo-pkg:/opt/ros/foxy:/home/sangjun/catkin_ws/devel:/opt/ros/noetic /usr/local/bin/cmake --build /home/sangjun/camel-amr-projects-V1/build/amr-obstacle-pkg -- -j6 -l6
[0.063s] [ 50%] Built target operate_dynamic_obstacle_node
[0.066s] [100%] Built target spawn_dynamic_obstacle_node
[0.073s] Invoked command in '/home/sangjun/camel-amr-projects-V1/build/amr-obstacle-pkg' returned '0': CMAKE_PREFIX_PATH=/home/sangjun/ros2_test_ws/install/test:/home/sangjun/camel-amr-projects-V1/install/amr-main-pkg:/home/sangjun/camel-amr-projects-V1/install/amr_msg_interfaces:/home/sangjun/camel-amr-projects-V1/install/amr-obstacle-pkg:/home/sangjun/camel-amr-projects-V1/install/amr-gazebo-pkg:/opt/ros/foxy:/home/sangjun/catkin_ws/devel:/opt/ros/noetic /usr/local/bin/cmake --build /home/sangjun/camel-amr-projects-V1/build/amr-obstacle-pkg -- -j6 -l6
[0.099s] Invoking command in '/home/sangjun/camel-amr-projects-V1/build/amr-obstacle-pkg': CMAKE_PREFIX_PATH=/home/sangjun/ros2_test_ws/install/test:/home/sangjun/camel-amr-projects-V1/install/amr-main-pkg:/home/sangjun/camel-amr-projects-V1/install/amr_msg_interfaces:/home/sangjun/camel-amr-projects-V1/install/amr-obstacle-pkg:/home/sangjun/camel-amr-projects-V1/install/amr-gazebo-pkg:/opt/ros/foxy:/home/sangjun/catkin_ws/devel:/opt/ros/noetic /usr/local/bin/cmake --install /home/sangjun/camel-amr-projects-V1/build/amr-obstacle-pkg
[0.104s] -- Install configuration: ""
[0.104s] -- Execute custom install script
[0.104s] -- Up-to-date symlink: /home/sangjun/camel-amr-projects-V1/install/amr-obstacle-pkg/lib/amr-obstacle-pkg/operate_dynamic_obstacle_node
[0.104s] -- Up-to-date symlink: /home/sangjun/camel-amr-projects-V1/install/amr-obstacle-pkg/lib/amr-obstacle-pkg/spawn_dynamic_obstacle_node
[0.105s] -- Up-to-date symlink: /home/sangjun/camel-amr-projects-V1/install/amr-obstacle-pkg/share/amr-obstacle-pkg/launch/dynamic_obstacle.launch.py
[0.105s] -- Up-to-date symlink: /home/sangjun/camel-amr-projects-V1/install/amr-obstacle-pkg/share/ament_index/resource_index/package_run_dependencies/amr-obstacle-pkg
[0.105s] -- Up-to-date symlink: /home/sangjun/camel-amr-projects-V1/install/amr-obstacle-pkg/share/ament_index/resource_index/parent_prefix_path/amr-obstacle-pkg
[0.106s] -- Up-to-date symlink: /home/sangjun/camel-amr-projects-V1/install/amr-obstacle-pkg/share/amr-obstacle-pkg/environment/ament_prefix_path.sh
[0.106s] -- Up-to-date symlink: /home/sangjun/camel-amr-projects-V1/install/amr-obstacle-pkg/share/amr-obstacle-pkg/environment/ament_prefix_path.dsv
[0.106s] -- Up-to-date symlink: /home/sangjun/camel-amr-projects-V1/install/amr-obstacle-pkg/share/amr-obstacle-pkg/environment/path.sh
[0.106s] -- Up-to-date symlink: /home/sangjun/camel-amr-projects-V1/install/amr-obstacle-pkg/share/amr-obstacle-pkg/environment/path.dsv
[0.106s] -- Up-to-date symlink: /home/sangjun/camel-amr-projects-V1/install/amr-obstacle-pkg/share/amr-obstacle-pkg/local_setup.bash
[0.107s] -- Up-to-date symlink: /home/sangjun/camel-amr-projects-V1/install/amr-obstacle-pkg/share/amr-obstacle-pkg/local_setup.sh
[0.107s] -- Up-to-date symlink: /home/sangjun/camel-amr-projects-V1/install/amr-obstacle-pkg/share/amr-obstacle-pkg/local_setup.zsh
[0.107s] -- Up-to-date symlink: /home/sangjun/camel-amr-projects-V1/install/amr-obstacle-pkg/share/amr-obstacle-pkg/local_setup.dsv
[0.107s] -- Symlinking: /home/sangjun/camel-amr-projects-V1/install/amr-obstacle-pkg/share/amr-obstacle-pkg/package.dsv
[0.111s] -- Up-to-date symlink: /home/sangjun/camel-amr-projects-V1/install/amr-obstacle-pkg/share/ament_index/resource_index/packages/amr-obstacle-pkg
[0.111s] -- Up-to-date symlink: /home/sangjun/camel-amr-projects-V1/install/amr-obstacle-pkg/share/amr-obstacle-pkg/cmake/amr-obstacle-pkgConfig.cmake
[0.111s] -- Up-to-date symlink: /home/sangjun/camel-amr-projects-V1/install/amr-obstacle-pkg/share/amr-obstacle-pkg/cmake/amr-obstacle-pkgConfig-version.cmake
[0.111s] -- Up-to-date symlink: /home/sangjun/camel-amr-projects-V1/install/amr-obstacle-pkg/share/amr-obstacle-pkg/package.xml
[0.115s] Invoked command in '/home/sangjun/camel-amr-projects-V1/build/amr-obstacle-pkg' returned '0': CMAKE_PREFIX_PATH=/home/sangjun/ros2_test_ws/install/test:/home/sangjun/camel-amr-projects-V1/install/amr-main-pkg:/home/sangjun/camel-amr-projects-V1/install/amr_msg_interfaces:/home/sangjun/camel-amr-projects-V1/install/amr-obstacle-pkg:/home/sangjun/camel-amr-projects-V1/install/amr-gazebo-pkg:/opt/ros/foxy:/home/sangjun/catkin_ws/devel:/opt/ros/noetic /usr/local/bin/cmake --install /home/sangjun/camel-amr-projects-V1/build/amr-obstacle-pkg
