[0.008s] Invoking command in '/home/dongju/camel-amr-projects/build/amr-main-pkg': AMENT_PREFIX_PATH=/home/dongju/camel-amr-projects/install/amr_msg_interfaces:${AMENT_PREFIX_PATH} CMAKE_PREFIX_PATH=/home/dongju/camel-amr-projects/install/amr_msg_interfaces:/opt/ros/foxy LD_LIBRARY_PATH=/home/dongju/camel-amr-projects/install/amr_msg_interfaces/lib:/usr/lib/x86_64-linux-gnu/gazebo-11/plugins:/opt/ros/foxy/opt/yaml_cpp_vendor/lib:/opt/ros/foxy/opt/rviz_ogre_vendor/lib:/opt/ros/foxy/lib/x86_64-linux-gnu:/opt/ros/foxy/lib:home/dongju/raisimLib/install/lib PYTHONPATH=/home/dongju/camel-amr-projects/install/amr_msg_interfaces/lib/python3.8/site-packages:/opt/ros/foxy/lib/python3.8/site-packages:home/dongju/raisimLib/install/lib /usr/local/bin/cmake --build /home/dongju/camel-amr-projects/build/amr-main-pkg -- -j10 -l10
[0.025s] [ 16%] [34m[1mAutomatic MOC and UIC for target astar_lib[0m
[0.025s] [ 16%] [34m[1mAutomatic MOC and UIC for target clusteringDynamicObs_lib[0m
[0.025s] [ 16%] [34m[1mAutomatic MOC and UIC for target obsDetection_lib[0m
[0.031s] [ 16%] Built target obsDetection_lib_autogen
[0.031s] [ 16%] Built target astar_lib_autogen
[0.032s] [ 16%] Built target clusteringDynamicObs_lib_autogen
[0.039s] [ 33%] Built target astar_lib
[0.039s] [ 50%] Built target clusteringDynamicObs_lib
[0.047s] [ 66%] Built target obsDetection_lib
[0.053s] [ 72%] [34m[1mAutomatic MOC and UIC for target simulmain[0m
[0.059s] [ 72%] Built target simulmain_autogen
[0.091s] [ 77%] [32mBuilding CXX object CMakeFiles/simulmain.dir/src/Amr_UI/mainwindow.cpp.o[0m
[3.047s] [ 83%] [32m[1mLinking CXX executable simulmain[0m
[4.113s] [100%] Built target simulmain
[4.116s] Invoked command in '/home/dongju/camel-amr-projects/build/amr-main-pkg' returned '0': AMENT_PREFIX_PATH=/home/dongju/camel-amr-projects/install/amr_msg_interfaces:${AMENT_PREFIX_PATH} CMAKE_PREFIX_PATH=/home/dongju/camel-amr-projects/install/amr_msg_interfaces:/opt/ros/foxy LD_LIBRARY_PATH=/home/dongju/camel-amr-projects/install/amr_msg_interfaces/lib:/usr/lib/x86_64-linux-gnu/gazebo-11/plugins:/opt/ros/foxy/opt/yaml_cpp_vendor/lib:/opt/ros/foxy/opt/rviz_ogre_vendor/lib:/opt/ros/foxy/lib/x86_64-linux-gnu:/opt/ros/foxy/lib:home/dongju/raisimLib/install/lib PYTHONPATH=/home/dongju/camel-amr-projects/install/amr_msg_interfaces/lib/python3.8/site-packages:/opt/ros/foxy/lib/python3.8/site-packages:home/dongju/raisimLib/install/lib /usr/local/bin/cmake --build /home/dongju/camel-amr-projects/build/amr-main-pkg -- -j10 -l10
[4.140s] Invoking command in '/home/dongju/camel-amr-projects/build/amr-main-pkg': AMENT_PREFIX_PATH=/home/dongju/camel-amr-projects/install/amr_msg_interfaces:${AMENT_PREFIX_PATH} CMAKE_PREFIX_PATH=/home/dongju/camel-amr-projects/install/amr_msg_interfaces:/opt/ros/foxy LD_LIBRARY_PATH=/home/dongju/camel-amr-projects/install/amr_msg_interfaces/lib:/usr/lib/x86_64-linux-gnu/gazebo-11/plugins:/opt/ros/foxy/opt/yaml_cpp_vendor/lib:/opt/ros/foxy/opt/rviz_ogre_vendor/lib:/opt/ros/foxy/lib/x86_64-linux-gnu:/opt/ros/foxy/lib:home/dongju/raisimLib/install/lib PYTHONPATH=/home/dongju/camel-amr-projects/install/amr_msg_interfaces/lib/python3.8/site-packages:/opt/ros/foxy/lib/python3.8/site-packages:home/dongju/raisimLib/install/lib /usr/local/bin/cmake --install /home/dongju/camel-amr-projects/build/amr-main-pkg
[4.143s] -- Install configuration: ""
[4.144s] -- Up-to-date: /home/dongju/camel-amr-projects/install/amr-main-pkg/include
[4.144s] -- Up-to-date: /home/dongju/camel-amr-projects/install/amr-main-pkg/include/ObsDetection
[4.144s] -- Up-to-date: /home/dongju/camel-amr-projects/install/amr-main-pkg/include/ObsDetection/ObsDetection.hpp
[4.144s] -- Up-to-date: /home/dongju/camel-amr-projects/install/amr-main-pkg/include/astar
[4.144s] -- Up-to-date: /home/dongju/camel-amr-projects/install/amr-main-pkg/include/astar/Astar.hpp
[4.144s] -- Up-to-date: /home/dongju/camel-amr-projects/install/amr-main-pkg/include/Variables
[4.144s] -- Up-to-date: /home/dongju/camel-amr-projects/install/amr-main-pkg/include/Variables/Variable.hpp
[4.144s] -- Up-to-date: /home/dongju/camel-amr-projects/install/amr-main-pkg/include/Variables/mapinfo.hpp
[4.144s] -- Up-to-date: /home/dongju/camel-amr-projects/install/amr-main-pkg/include/Variables/SharedMemory.h
[4.144s] -- Up-to-date: /home/dongju/camel-amr-projects/install/amr-main-pkg/include/ClusteringDynamicObs
[4.144s] -- Up-to-date: /home/dongju/camel-amr-projects/install/amr-main-pkg/include/ClusteringDynamicObs/ClusteringDynamicObs.hpp
[4.144s] -- Up-to-date: /home/dongju/camel-amr-projects/install/amr-main-pkg/include/simulmain
[4.144s] -- Up-to-date: /home/dongju/camel-amr-projects/install/amr-main-pkg/include/simulmain/simul_main.hpp
[4.144s] -- Up-to-date: /home/dongju/camel-amr-projects/install/amr-main-pkg/lib/libastar_lib.a
[4.144s] -- Up-to-date: /home/dongju/camel-amr-projects/install/amr-main-pkg/lib/libobsDetection_lib.a
[4.144s] -- Up-to-date: /home/dongju/camel-amr-projects/install/amr-main-pkg/lib/libclusteringDynamicObs_lib.a
[4.145s] -- Installing: /home/dongju/camel-amr-projects/install/amr-main-pkg/lib/amr-main-pkg/simulmain
[4.149s] -- Set runtime path of "/home/dongju/camel-amr-projects/install/amr-main-pkg/lib/amr-main-pkg/simulmain" to ""
[4.149s] -- Up-to-date: /home/dongju/camel-amr-projects/install/amr-main-pkg/share/amr-main-pkg/launch
[4.149s] -- Up-to-date: /home/dongju/camel-amr-projects/install/amr-main-pkg/share/amr-main-pkg/launch/t
[4.149s] -- Up-to-date: /home/dongju/camel-amr-projects/install/amr-main-pkg/share/amr-main-pkg/param
[4.149s] -- Up-to-date: /home/dongju/camel-amr-projects/install/amr-main-pkg/share/amr-main-pkg/param/amr_config.yaml
[4.149s] -- Up-to-date: /home/dongju/camel-amr-projects/install/amr-main-pkg/share/ament_index/resource_index/package_run_dependencies/amr-main-pkg
[4.150s] -- Up-to-date: /home/dongju/camel-amr-projects/install/amr-main-pkg/share/ament_index/resource_index/parent_prefix_path/amr-main-pkg
[4.150s] -- Up-to-date: /home/dongju/camel-amr-projects/install/amr-main-pkg/share/amr-main-pkg/environment/ament_prefix_path.sh
[4.150s] -- Up-to-date: /home/dongju/camel-amr-projects/install/amr-main-pkg/share/amr-main-pkg/environment/ament_prefix_path.dsv
[4.150s] -- Up-to-date: /home/dongju/camel-amr-projects/install/amr-main-pkg/share/amr-main-pkg/environment/path.sh
[4.150s] -- Up-to-date: /home/dongju/camel-amr-projects/install/amr-main-pkg/share/amr-main-pkg/environment/path.dsv
[4.150s] -- Up-to-date: /home/dongju/camel-amr-projects/install/amr-main-pkg/share/amr-main-pkg/local_setup.bash
[4.150s] -- Up-to-date: /home/dongju/camel-amr-projects/install/amr-main-pkg/share/amr-main-pkg/local_setup.sh
[4.153s] -- Up-to-date: /home/dongju/camel-amr-projects/install/amr-main-pkg/share/amr-main-pkg/local_setup.zsh
[4.153s] -- Up-to-date: /home/dongju/camel-amr-projects/install/amr-main-pkg/share/amr-main-pkg/local_setup.dsv
[4.153s] -- Installing: /home/dongju/camel-amr-projects/install/amr-main-pkg/share/amr-main-pkg/package.dsv
[4.153s] -- Up-to-date: /home/dongju/camel-amr-projects/install/amr-main-pkg/share/ament_index/resource_index/packages/amr-main-pkg
[4.153s] -- Up-to-date: /home/dongju/camel-amr-projects/install/amr-main-pkg/share/amr-main-pkg/cmake/amr-main-pkgConfig.cmake
[4.154s] -- Up-to-date: /home/dongju/camel-amr-projects/install/amr-main-pkg/share/amr-main-pkg/cmake/amr-main-pkgConfig-version.cmake
[4.154s] -- Up-to-date: /home/dongju/camel-amr-projects/install/amr-main-pkg/share/amr-main-pkg/package.xml
[4.154s] Invoked command in '/home/dongju/camel-amr-projects/build/amr-main-pkg' returned '0': AMENT_PREFIX_PATH=/home/dongju/camel-amr-projects/install/amr_msg_interfaces:${AMENT_PREFIX_PATH} CMAKE_PREFIX_PATH=/home/dongju/camel-amr-projects/install/amr_msg_interfaces:/opt/ros/foxy LD_LIBRARY_PATH=/home/dongju/camel-amr-projects/install/amr_msg_interfaces/lib:/usr/lib/x86_64-linux-gnu/gazebo-11/plugins:/opt/ros/foxy/opt/yaml_cpp_vendor/lib:/opt/ros/foxy/opt/rviz_ogre_vendor/lib:/opt/ros/foxy/lib/x86_64-linux-gnu:/opt/ros/foxy/lib:home/dongju/raisimLib/install/lib PYTHONPATH=/home/dongju/camel-amr-projects/install/amr_msg_interfaces/lib/python3.8/site-packages:/opt/ros/foxy/lib/python3.8/site-packages:home/dongju/raisimLib/install/lib /usr/local/bin/cmake --install /home/dongju/camel-amr-projects/build/amr-main-pkg
