-- Found ament_cmake: 0.9.12 (/opt/ros/foxy/share/ament_cmake/cmake)
-- Using PYTHON_EXECUTABLE: /usr/bin/python3
-- Override CMake install command with custom implementation using symlinks instead of copying resources
-- Found amr_msg_interfaces: 0.6.0 (/home/sangjun/camel-amr-projects-V1/install/amr_msg_interfaces/share/amr_msg_interfaces/cmake)
-- Using all available rosidl_typesupport_c: rosidl_typesupport_fastrtps_c;rosidl_typesupport_introspection_c
-- Found rosidl_adapter: 1.3.1 (/opt/ros/foxy/share/rosidl_adapter/cmake)
-- Using all available rosidl_typesupport_cpp: rosidl_typesupport_fastrtps_cpp;rosidl_typesupport_introspection_cpp
-- Found rclcpp: 2.4.3 (/opt/ros/foxy/share/rclcpp/cmake)
-- Found rmw_implementation_cmake: 1.0.4 (/opt/ros/foxy/share/rmw_implementation_cmake/cmake)
-- Using RMW implementation 'rmw_fastrtps_cpp' as default
-- Found sensor_msgs: 2.0.5 (/opt/ros/foxy/share/sensor_msgs/cmake)
-- Found nav_msgs: 2.0.5 (/opt/ros/foxy/share/nav_msgs/cmake)
-- Found ament_lint_auto: 0.9.8 (/opt/ros/foxy/share/ament_lint_auto/cmake)
-- Found ament_cmake_gtest: 0.9.12 (/opt/ros/foxy/share/ament_cmake_gtest/cmake)
-- Added test 'copyright' to check source files copyright and LICENSE
-- Added test 'cppcheck' to perform static code analysis on C / C++ code
-- Configured cppcheck include dirs: /home/sangjun/camel-amr-projects-V1/src/amr-main-pkg/include
-- Configured cppcheck exclude dirs and/or files: 
-- Added test 'cpplint' to check C / C++ code against the Google style
-- Configured cpplint exclude dirs and/or files: 
-- Added test 'lint_cmake' to check CMake code style
-- Added test 'uncrustify' to check C / C++ code style
-- Configured uncrustify additional arguments: 
-- Added test 'xmllint' to check XML markup files
-- Configuring done
-- Generating done
-- Build files have been written to: /home/sangjun/camel-amr-projects-V1/build/amr-main-pkg
[35m[1mConsolidate compiler generated dependencies of target simulmain[0m
[35m[1mConsolidate compiler generated dependencies of target astar_lib[0m
[ 16%] [32mBuilding CXX object CMakeFiles/visualize_lib.dir/src/Visualize/Map_In_Out.cpp.o[0m
[ 50%] Built target astar_lib
[ 66%] [32mBuilding CXX object CMakeFiles/simulmain.dir/src/simulmain/simul_main.cpp.o[0m
[01m[K/home/sangjun/camel-amr-projects-V1/src/amr-main-pkg/src/Visualize/Map_In_Out.cpp:[m[K In member function ‘[01m[Kvoid Map_In_Out::Map_Input(coordinate&, coordinate&, coordinate&, int (*)[100])[m[K’:
[01m[K/home/sangjun/camel-amr-projects-V1/src/amr-main-pkg/src/Visualize/Map_In_Out.cpp:8:88:[m[K [01;35m[Kwarning: [m[Kunused parameter ‘[01m[Kmap[m[K’ [[01;35m[K-Wunused-parameter[m[K]
    8 | void Map_In_Out::Map_Input(coordinate &start, coordinate &end,coordinate& mapsize, [01;35m[Kint map[][100][m[K){
      |                                                                                    [01;35m[K~~~~^~~~~~~~~~[m[K
[ 83%] [32m[1mLinking CXX static library libvisualize_lib.a[0m
[ 83%] Built target visualize_lib
[01m[K/home/sangjun/camel-amr-projects-V1/src/amr-main-pkg/src/simulmain/simul_main.cpp:[m[K In member function ‘[01m[Kvoid ParkingNode::sub_callback(sensor_msgs::msg::LaserScan_<std::allocator<void> >::SharedPtr)[m[K’:
[01m[K/home/sangjun/camel-amr-projects-V1/src/amr-main-pkg/src/simulmain/simul_main.cpp:17:59:[m[K [01;35m[Kwarning: [m[Kunused parameter ‘[01m[Kmsg[m[K’ [[01;35m[K-Wunused-parameter[m[K]
   17 | void ParkingNode::sub_callback([01;35m[Kconst LaserScan::SharedPtr msg[m[K)
      |                                [01;35m[K~~~~~~~~~~~~~~~~~~~~~~~~~~~^~~[m[K
[100%] [32m[1mLinking CXX executable simulmain[0m
/usr/bin/ld: CMakeFiles/simulmain.dir/src/simulmain/simul_main.cpp.o: in function `ParkingNode::ParkingNode()':
simul_main.cpp:(.text+0x4f4): undefined reference to `Map_In_Out::Map_Input(std::pair<int, int>&, std::pair<int, int>&, std::pair<int, int>&, int (*) [100])'
/usr/bin/ld: CMakeFiles/simulmain.dir/src/simulmain/simul_main.cpp.o: in function `ParkingNode::sub_callback(std::shared_ptr<sensor_msgs::msg::LaserScan_<std::allocator<void> > >)':
simul_main.cpp:(.text+0x861): undefined reference to `Astar_planning::Astar(std::pair<int, int>&, std::pair<int, int>&, std::pair<int, int>&, int (*) [100])'
/usr/bin/ld: simul_main.cpp:(.text+0x8ee): undefined reference to `Map_In_Out::printMap(int (*) [100], std::stack<std::pair<int, int>, std::deque<std::pair<int, int>, std::allocator<std::pair<int, int> > > >)'
collect2: error: ld returned 1 exit status
make[2]: *** [CMakeFiles/simulmain.dir/build.make:164: simulmain] Error 1
make[1]: *** [CMakeFiles/Makefile2:115: CMakeFiles/simulmain.dir/all] Error 2
make: *** [Makefile:146: all] Error 2
