[0.016s] Invoking command in '/home/sangjun/camel-amr-projects-UI/build/amr-main-pkg': CMAKE_PREFIX_PATH=/home/sangjun/camel-amr-projects-UI/install/amr_msg_interfaces:/home/sangjun/camel-amr-projects-UI/install/amr-main-pkg:/home/sangjun/camel-amr-projects-UI/install/amr-obstacle-pkg:/home/sangjun/camel-amr-projects-UI/install/amr-gazebo-pkg:/opt/ros/foxy:/home/sangjun/catkin_ws/devel:/opt/ros/noetic /usr/local/bin/cmake --build /home/sangjun/camel-amr-projects-UI/build/amr-main-pkg -- -j6 -l6
[0.041s] [  3%] [34m[1mAutomatic MOC and UIC for target clusteringDynamicObs_lib[0m
[0.041s] [  7%] [34m[1mAutomatic MOC and UIC for target visualize_lib[0m
[0.041s] [ 11%] [34m[1mAutomatic MOC and UIC for target dynamicObstacle_lib[0m
[0.042s] [ 15%] [34m[1mAutomatic MOC and UIC for target astar_lib[0m
[0.043s] [ 19%] [34m[1mAutomatic MOC and UIC for target obsDetection_lib[0m
[0.049s] [ 19%] Built target dynamicObstacle_lib_autogen
[0.049s] [ 19%] Built target astar_lib_autogen
[0.049s] [ 19%] Built target clusteringDynamicObs_lib_autogen
[0.049s] [ 19%] Built target visualize_lib_autogen
[0.050s] [ 19%] Built target obsDetection_lib_autogen
[0.058s] [ 30%] Built target dynamicObstacle_lib
[0.058s] [ 42%] Built target astar_lib
[0.058s] [ 53%] Built target clusteringDynamicObs_lib
[0.060s] [ 65%] Built target visualize_lib
[0.061s] [ 76%] Built target obsDetection_lib
[0.068s] [ 80%] [34m[1mAutomatic MOC and UIC for target simulmain[0m
[0.167s] [ 80%] Built target simulmain_autogen
[0.176s] [35m[1mConsolidate compiler generated dependencies of target simulmain[0m
[0.198s] [ 84%] [32mBuilding CXX object CMakeFiles/simulmain.dir/simulmain_autogen/mocs_compilation.cpp.o[0m
[0.199s] [ 88%] [32mBuilding CXX object CMakeFiles/simulmain.dir/src/simulmain/mainwindow.cpp.o[0m
[0.199s] [ 92%] [32mBuilding CXX object CMakeFiles/simulmain.dir/src/simulmain/simul_main.cpp.o[0m
[6.637s] [ 96%] [32m[1mLinking CXX executable simulmain[0m
[8.160s] [100%] Built target simulmain
[8.165s] Invoked command in '/home/sangjun/camel-amr-projects-UI/build/amr-main-pkg' returned '0': CMAKE_PREFIX_PATH=/home/sangjun/camel-amr-projects-UI/install/amr_msg_interfaces:/home/sangjun/camel-amr-projects-UI/install/amr-main-pkg:/home/sangjun/camel-amr-projects-UI/install/amr-obstacle-pkg:/home/sangjun/camel-amr-projects-UI/install/amr-gazebo-pkg:/opt/ros/foxy:/home/sangjun/catkin_ws/devel:/opt/ros/noetic /usr/local/bin/cmake --build /home/sangjun/camel-amr-projects-UI/build/amr-main-pkg -- -j6 -l6
[8.212s] Invoking command in '/home/sangjun/camel-amr-projects-UI/build/amr-main-pkg': CMAKE_PREFIX_PATH=/home/sangjun/camel-amr-projects-UI/install/amr_msg_interfaces:/home/sangjun/camel-amr-projects-UI/install/amr-main-pkg:/home/sangjun/camel-amr-projects-UI/install/amr-obstacle-pkg:/home/sangjun/camel-amr-projects-UI/install/amr-gazebo-pkg:/opt/ros/foxy:/home/sangjun/catkin_ws/devel:/opt/ros/noetic /usr/local/bin/cmake --install /home/sangjun/camel-amr-projects-UI/build/amr-main-pkg
[8.216s] -- Install configuration: ""
[8.216s] -- Execute custom install script
[8.217s] -- Up-to-date symlink: /home/sangjun/camel-amr-projects-UI/install/amr-main-pkg/include/ClusteringDynamicObs/ClusteringDynamicObs.hpp
[8.217s] -- Up-to-date symlink: /home/sangjun/camel-amr-projects-UI/install/amr-main-pkg/include/DynamicObstacle/DynamicObstacle.hpp
[8.217s] -- Up-to-date symlink: /home/sangjun/camel-amr-projects-UI/install/amr-main-pkg/include/ObsDetection/ObsDetection.hpp
[8.217s] -- Up-to-date symlink: /home/sangjun/camel-amr-projects-UI/install/amr-main-pkg/include/Variables/Variable.hpp
[8.217s] -- Up-to-date symlink: /home/sangjun/camel-amr-projects-UI/install/amr-main-pkg/include/Variables/mapinfo.hpp
[8.217s] -- Up-to-date symlink: /home/sangjun/camel-amr-projects-UI/install/amr-main-pkg/include/Visualize/Map_In_Out.hpp
[8.217s] -- Up-to-date symlink: /home/sangjun/camel-amr-projects-UI/install/amr-main-pkg/include/astar/Astar.hpp
[8.218s] -- Up-to-date symlink: /home/sangjun/camel-amr-projects-UI/install/amr-main-pkg/include/simulmain/simul_main.hpp
[8.218s] -- Up-to-date symlink: /home/sangjun/camel-amr-projects-UI/install/amr-main-pkg/lib/libastar_lib.a
[8.218s] -- Up-to-date symlink: /home/sangjun/camel-amr-projects-UI/install/amr-main-pkg/lib/libvisualize_lib.a
[8.218s] -- Up-to-date symlink: /home/sangjun/camel-amr-projects-UI/install/amr-main-pkg/lib/libdynamicObstacle_lib.a
[8.218s] -- Up-to-date symlink: /home/sangjun/camel-amr-projects-UI/install/amr-main-pkg/lib/libobsDetection_lib.a
[8.219s] -- Up-to-date symlink: /home/sangjun/camel-amr-projects-UI/install/amr-main-pkg/lib/libclusteringDynamicObs_lib.a
[8.219s] -- Up-to-date symlink: /home/sangjun/camel-amr-projects-UI/install/amr-main-pkg/lib/amr-main-pkg/simulmain
[8.219s] -- Up-to-date symlink: /home/sangjun/camel-amr-projects-UI/install/amr-main-pkg/share/amr-main-pkg/launch/t
[8.220s] -- Up-to-date symlink: /home/sangjun/camel-amr-projects-UI/install/amr-main-pkg/share/amr-main-pkg/param/amr_config.yaml
[8.220s] -- Up-to-date symlink: /home/sangjun/camel-amr-projects-UI/install/amr-main-pkg/share/ament_index/resource_index/package_run_dependencies/amr-main-pkg
[8.220s] -- Up-to-date symlink: /home/sangjun/camel-amr-projects-UI/install/amr-main-pkg/share/ament_index/resource_index/parent_prefix_path/amr-main-pkg
[8.220s] -- Up-to-date symlink: /home/sangjun/camel-amr-projects-UI/install/amr-main-pkg/share/amr-main-pkg/environment/ament_prefix_path.sh
[8.220s] -- Up-to-date symlink: /home/sangjun/camel-amr-projects-UI/install/amr-main-pkg/share/amr-main-pkg/environment/ament_prefix_path.dsv
[8.221s] -- Up-to-date symlink: /home/sangjun/camel-amr-projects-UI/install/amr-main-pkg/share/amr-main-pkg/environment/path.sh
[8.221s] -- Up-to-date symlink: /home/sangjun/camel-amr-projects-UI/install/amr-main-pkg/share/amr-main-pkg/environment/path.dsv
[8.221s] -- Up-to-date symlink: /home/sangjun/camel-amr-projects-UI/install/amr-main-pkg/share/amr-main-pkg/local_setup.bash
[8.221s] -- Up-to-date symlink: /home/sangjun/camel-amr-projects-UI/install/amr-main-pkg/share/amr-main-pkg/local_setup.sh
[8.221s] -- Up-to-date symlink: /home/sangjun/camel-amr-projects-UI/install/amr-main-pkg/share/amr-main-pkg/local_setup.zsh
[8.222s] -- Up-to-date symlink: /home/sangjun/camel-amr-projects-UI/install/amr-main-pkg/share/amr-main-pkg/local_setup.dsv
[8.222s] -- Symlinking: /home/sangjun/camel-amr-projects-UI/install/amr-main-pkg/share/amr-main-pkg/package.dsv
[8.226s] -- Up-to-date symlink: /home/sangjun/camel-amr-projects-UI/install/amr-main-pkg/share/ament_index/resource_index/packages/amr-main-pkg
[8.226s] -- Up-to-date symlink: /home/sangjun/camel-amr-projects-UI/install/amr-main-pkg/share/amr-main-pkg/cmake/amr-main-pkgConfig.cmake
[8.226s] -- Up-to-date symlink: /home/sangjun/camel-amr-projects-UI/install/amr-main-pkg/share/amr-main-pkg/cmake/amr-main-pkgConfig-version.cmake
[8.226s] -- Up-to-date symlink: /home/sangjun/camel-amr-projects-UI/install/amr-main-pkg/share/amr-main-pkg/package.xml
[8.229s] Invoked command in '/home/sangjun/camel-amr-projects-UI/build/amr-main-pkg' returned '0': CMAKE_PREFIX_PATH=/home/sangjun/camel-amr-projects-UI/install/amr_msg_interfaces:/home/sangjun/camel-amr-projects-UI/install/amr-main-pkg:/home/sangjun/camel-amr-projects-UI/install/amr-obstacle-pkg:/home/sangjun/camel-amr-projects-UI/install/amr-gazebo-pkg:/opt/ros/foxy:/home/sangjun/catkin_ws/devel:/opt/ros/noetic /usr/local/bin/cmake --install /home/sangjun/camel-amr-projects-UI/build/amr-main-pkg
