[0.007s] Invoking command in '/home/dongju/camel-amr-projects/build/amr-main-pkg': AMENT_PREFIX_PATH=/home/dongju/camel-amr-projects/install/amr_msg_interfaces:${AMENT_PREFIX_PATH} CMAKE_PREFIX_PATH=/home/dongju/camel-amr-projects/install/amr_msg_interfaces:/opt/ros/foxy LD_LIBRARY_PATH=/home/dongju/camel-amr-projects/install/amr_msg_interfaces/lib:/usr/lib/x86_64-linux-gnu/gazebo-11/plugins:/opt/ros/foxy/opt/yaml_cpp_vendor/lib:/opt/ros/foxy/opt/rviz_ogre_vendor/lib:/opt/ros/foxy/lib/x86_64-linux-gnu:/opt/ros/foxy/lib:home/dongju/raisimLib/install/lib PYTHONPATH=/home/dongju/camel-amr-projects/install/amr_msg_interfaces/lib/python3.8/site-packages:/opt/ros/foxy/lib/python3.8/site-packages:home/dongju/raisimLib/install/lib /usr/local/bin/cmake /home/dongju/camel-amr-projects/src/amr-main-pkg -DAMENT_CMAKE_SYMLINK_INSTALL=1 -DCMAKE_INSTALL_PREFIX=/home/dongju/camel-amr-projects/install/amr-main-pkg
[0.042s] -- The C compiler identification is GNU 9.4.0
[0.084s] -- The CXX compiler identification is GNU 9.4.0
[0.091s] -- Detecting C compiler ABI info
[0.132s] -- Detecting C compiler ABI info - done
[0.141s] -- Check for working C compiler: /usr/bin/cc - skipped
[0.141s] -- Detecting C compile features
[0.141s] -- Detecting C compile features - done
[0.144s] -- Detecting CXX compiler ABI info
[0.192s] -- Detecting CXX compiler ABI info - done
[0.200s] -- Check for working CXX compiler: /usr/bin/c++ - skipped
[0.200s] -- Detecting CXX compile features
[0.201s] -- Detecting CXX compile features - done
[0.202s] -- Found ament_cmake: 0.9.12 (/opt/ros/foxy/share/ament_cmake/cmake)
[0.221s] -- Found PythonInterp: /usr/bin/python3 (found suitable version "3.8.10", minimum required is "3") 
[0.221s] -- Using PYTHON_EXECUTABLE: /usr/bin/python3
[0.362s] -- Override CMake install command with custom implementation using symlinks instead of copying resources
[0.378s] -- Found amr_msg_interfaces: 0.6.0 (/home/dongju/camel-amr-projects/install/amr_msg_interfaces/share/amr_msg_interfaces/cmake)
[0.400s] -- Using all available rosidl_typesupport_c: rosidl_typesupport_fastrtps_c;rosidl_typesupport_introspection_c
[0.405s] -- Found rosidl_adapter: 1.3.1 (/opt/ros/foxy/share/rosidl_adapter/cmake)
[0.452s] -- Found OpenSSL: /usr/lib/x86_64-linux-gnu/libcrypto.so (found version "1.1.1f")  
[0.476s] -- Found FastRTPS: /opt/ros/foxy/include  
[0.534s] -- Using all available rosidl_typesupport_cpp: rosidl_typesupport_fastrtps_cpp;rosidl_typesupport_introspection_cpp
[0.566s] -- Found rclcpp: 2.4.3 (/opt/ros/foxy/share/rclcpp/cmake)
[0.598s] -- Found rmw_implementation_cmake: 1.0.4 (/opt/ros/foxy/share/rmw_implementation_cmake/cmake)
[0.599s] -- Using RMW implementation 'rmw_fastrtps_cpp' as default
[0.599s] -- Performing Test CMAKE_HAVE_LIBC_PTHREAD
[0.642s] -- Performing Test CMAKE_HAVE_LIBC_PTHREAD - Failed
[0.642s] -- Looking for pthread_create in pthreads
[0.674s] -- Looking for pthread_create in pthreads - not found
[0.674s] -- Looking for pthread_create in pthread
[0.713s] -- Looking for pthread_create in pthread - found
[0.714s] -- Found Threads: TRUE  
[0.821s] -- Found sensor_msgs: 2.0.5 (/opt/ros/foxy/share/sensor_msgs/cmake)
[0.905s] -- Found nav_msgs: 2.0.5 (/opt/ros/foxy/share/nav_msgs/cmake)
[0.971s] -- Found ament_lint_auto: 0.9.8 (/opt/ros/foxy/share/ament_lint_auto/cmake)
[1.028s] -- Found ament_cmake_gtest: 0.9.12 (/opt/ros/foxy/share/ament_cmake_gtest/cmake)
[1.032s] -- Added test 'copyright' to check source files copyright and LICENSE
[1.034s] -- Added test 'cppcheck' to perform static code analysis on C / C++ code
[1.035s] -- Configured cppcheck include dirs: /home/dongju/camel-amr-projects/src/amr-main-pkg/include
[1.035s] -- Configured cppcheck exclude dirs and/or files: 
[1.036s] -- Added test 'cpplint' to check C / C++ code against the Google style
[1.036s] -- Configured cpplint exclude dirs and/or files: 
[1.037s] -- Added test 'lint_cmake' to check CMake code style
[1.039s] -- Added test 'uncrustify' to check C / C++ code style
[1.039s] -- Configured uncrustify additional arguments: 
[1.039s] -- Added test 'xmllint' to check XML markup files
[1.040s] -- Configuring done (1.0s)
[1.091s] -- Generating done (0.0s)
[1.093s] -- Build files have been written to: /home/dongju/camel-amr-projects/build/amr-main-pkg
[1.100s] Invoked command in '/home/dongju/camel-amr-projects/build/amr-main-pkg' returned '0': AMENT_PREFIX_PATH=/home/dongju/camel-amr-projects/install/amr_msg_interfaces:${AMENT_PREFIX_PATH} CMAKE_PREFIX_PATH=/home/dongju/camel-amr-projects/install/amr_msg_interfaces:/opt/ros/foxy LD_LIBRARY_PATH=/home/dongju/camel-amr-projects/install/amr_msg_interfaces/lib:/usr/lib/x86_64-linux-gnu/gazebo-11/plugins:/opt/ros/foxy/opt/yaml_cpp_vendor/lib:/opt/ros/foxy/opt/rviz_ogre_vendor/lib:/opt/ros/foxy/lib/x86_64-linux-gnu:/opt/ros/foxy/lib:home/dongju/raisimLib/install/lib PYTHONPATH=/home/dongju/camel-amr-projects/install/amr_msg_interfaces/lib/python3.8/site-packages:/opt/ros/foxy/lib/python3.8/site-packages:home/dongju/raisimLib/install/lib /usr/local/bin/cmake /home/dongju/camel-amr-projects/src/amr-main-pkg -DAMENT_CMAKE_SYMLINK_INSTALL=1 -DCMAKE_INSTALL_PREFIX=/home/dongju/camel-amr-projects/install/amr-main-pkg
[1.101s] Invoking command in '/home/dongju/camel-amr-projects/build/amr-main-pkg': AMENT_PREFIX_PATH=/home/dongju/camel-amr-projects/install/amr_msg_interfaces:${AMENT_PREFIX_PATH} CMAKE_PREFIX_PATH=/home/dongju/camel-amr-projects/install/amr_msg_interfaces:/opt/ros/foxy LD_LIBRARY_PATH=/home/dongju/camel-amr-projects/install/amr_msg_interfaces/lib:/usr/lib/x86_64-linux-gnu/gazebo-11/plugins:/opt/ros/foxy/opt/yaml_cpp_vendor/lib:/opt/ros/foxy/opt/rviz_ogre_vendor/lib:/opt/ros/foxy/lib/x86_64-linux-gnu:/opt/ros/foxy/lib:home/dongju/raisimLib/install/lib PYTHONPATH=/home/dongju/camel-amr-projects/install/amr_msg_interfaces/lib/python3.8/site-packages:/opt/ros/foxy/lib/python3.8/site-packages:home/dongju/raisimLib/install/lib /usr/local/bin/cmake --build /home/dongju/camel-amr-projects/build/amr-main-pkg -- -j10 -l10
[1.118s] [ 11%] [34m[1mAutomatic MOC and UIC for target astar_lib[0m
[1.119s] [ 11%] [34m[1mAutomatic MOC and UIC for target visualize_lib[0m
[1.119s] [ 11%] [34m[1mAutomatic MOC and UIC for target dynamicObstacle_lib[0m
[1.119s] [ 15%] [34m[1mAutomatic MOC and UIC for target clusteringDynamicObs_lib[0m
[1.119s] [ 19%] [34m[1mAutomatic MOC and UIC for target obsDetection_lib[0m
[1.130s] [ 19%] Built target astar_lib_autogen
[1.130s] [ 19%] Built target clusteringDynamicObs_lib_autogen
[1.130s] [ 19%] Built target dynamicObstacle_lib_autogen
[1.130s] [ 19%] Built target obsDetection_lib_autogen
[1.131s] [ 19%] Built target visualize_lib_autogen
[1.137s] [ 26%] [32mBuilding CXX object CMakeFiles/dynamicObstacle_lib.dir/dynamicObstacle_lib_autogen/mocs_compilation.cpp.o[0m
[1.137s] [ 26%] [32mBuilding CXX object CMakeFiles/clusteringDynamicObs_lib.dir/clusteringDynamicObs_lib_autogen/mocs_compilation.cpp.o[0m
[1.137s] [ 42%] [32mBuilding CXX object CMakeFiles/obsDetection_lib.dir/obsDetection_lib_autogen/mocs_compilation.cpp.o[0m
[1.137s] [ 42%] [32mBuilding CXX object CMakeFiles/clusteringDynamicObs_lib.dir/src/ClusteringDynamicObs/ClusteringDynamicObs.cpp.o[0m
[1.137s] [ 42%] [32mBuilding CXX object CMakeFiles/astar_lib.dir/src/astar/Astar.cpp.o[0m
[1.138s] [ 42%] [32mBuilding CXX object CMakeFiles/astar_lib.dir/astar_lib_autogen/mocs_compilation.cpp.o[0m
[1.138s] [ 46%] [32mBuilding CXX object CMakeFiles/dynamicObstacle_lib.dir/src/DynamicObstacle/DynamicObstacle.cpp.o[0m
[1.139s] [ 50%] [32mBuilding CXX object CMakeFiles/obsDetection_lib.dir/src/ObsDetection/ObsDetection.cpp.o[0m
[1.139s] [ 53%] [32mBuilding CXX object CMakeFiles/visualize_lib.dir/visualize_lib_autogen/mocs_compilation.cpp.o[0m
[1.141s] [ 57%] [32mBuilding CXX object CMakeFiles/visualize_lib.dir/src/Visualize/Map_In_Out.cpp.o[0m
[1.367s] [ 61%] [32m[1mLinking CXX static library libdynamicObstacle_lib.a[0m
[1.378s] [ 61%] Built target dynamicObstacle_lib
[1.399s] In file included from [01m[K/home/dongju/camel-amr-projects/src/amr-main-pkg/src/astar/Astar.cpp:4[m[K:
[1.399s] [01m[K/home/dongju/camel-amr-projects/src/amr-main-pkg/include/astar/Astar.hpp:[m[K In constructor ‘[01m[KAstar_planning::Astar_planning()[m[K’:
[1.400s] [01m[K/home/dongju/camel-amr-projects/src/amr-main-pkg/include/astar/Astar.hpp:38:35:[m[K [01;35m[Kwarning: [m[K‘[01m[KAstar_planning::Mapmatrix[m[K’ will be initialized after [[01;35m[K-Wreorder[m[K]
[1.400s]    38 |     std::vector<std::vector<int>> [01;35m[KMapmatrix[m[K;
[1.400s]       |                                   [01;35m[K^~~~~~~~~[m[K
[1.400s] [01m[K/home/dongju/camel-amr-projects/src/amr-main-pkg/include/astar/Astar.hpp:29:9:[m[K [01;35m[Kwarning: [m[K  ‘[01m[Kint Astar_planning::dx1 [4][m[K’ [[01;35m[K-Wreorder[m[K]
[1.400s]    29 |     int [01;35m[Kdx1[m[K[4];
[1.400s]       |         [01;35m[K^~~[m[K
[1.400s] [01m[K/home/dongju/camel-amr-projects/src/amr-main-pkg/src/astar/Astar.cpp:17:1:[m[K [01;35m[Kwarning: [m[K  when initialized here [[01;35m[K-Wreorder[m[K]
[1.400s]    17 | [01;35m[KAstar_planning[m[K::Astar_planning()
[1.400s]       | [01;35m[K^~~~~~~~~~~~~~[m[K
[1.427s] [01m[K/home/dongju/camel-amr-projects/src/amr-main-pkg/src/Visualize/Map_In_Out.cpp:[m[K In member function ‘[01m[Kvoid Map_In_Out::Map_Input(coordinate&, coordinate&, coordinate&, int (*)[100])[m[K’:
[1.427s] [01m[K/home/dongju/camel-amr-projects/src/amr-main-pkg/src/Visualize/Map_In_Out.cpp:8:88:[m[K [01;35m[Kwarning: [m[Kunused parameter ‘[01m[Kmap[m[K’ [[01;35m[K-Wunused-parameter[m[K]
[1.427s]     8 | void Map_In_Out::Map_Input(coordinate &start, coordinate &end,coordinate& mapsize, [01;35m[Kint map[][100][m[K){
[1.428s]       |                                                                                    [01;35m[K~~~~^~~~~~~~~~[m[K
[1.476s] [ 65%] [32m[1mLinking CXX static library libvisualize_lib.a[0m
[1.486s] [ 65%] Built target visualize_lib
[1.560s] [ 69%] [32m[1mLinking CXX static library libobsDetection_lib.a[0m
[1.570s] [ 69%] Built target obsDetection_lib
[1.685s] [ 73%] [32m[1mLinking CXX static library libastar_lib.a[0m
[1.696s] [ 73%] Built target astar_lib
[1.841s] [01m[K/home/dongju/camel-amr-projects/src/amr-main-pkg/src/ClusteringDynamicObs/ClusteringDynamicObs.cpp:[m[K In member function ‘[01m[Kvoid ClusteringDynamicObs::ClusteringDynamicObstacle(int, int)[m[K’:
[1.841s] [01m[K/home/dongju/camel-amr-projects/src/amr-main-pkg/src/ClusteringDynamicObs/ClusteringDynamicObs.cpp:107:24:[m[K [01;35m[Kwarning: [m[Kcomparison of integer expressions of different signedness: ‘[01m[Kint[m[K’ and ‘[01m[Kstd::vector<int>::size_type[m[K’ {aka ‘[01m[Klong unsigned int[m[K’} [[01;35m[K-Wsign-compare[m[K]
[1.841s]   107 |     for (int i = 0 ; [01;35m[Ki < LabelingStack.size()[m[K ; i++)
[1.841s]       |                      [01;35m[K~~^~~~~~~~~~~~~~~~~~~~~~[m[K
[1.844s] [01m[K/home/dongju/camel-amr-projects/src/amr-main-pkg/src/ClusteringDynamicObs/ClusteringDynamicObs.cpp:115:24:[m[K [01;35m[Kwarning: [m[Kcomparison of integer expressions of different signedness: ‘[01m[Kint[m[K’ and ‘[01m[Kstd::vector<std::pair<std::pair<int, int>, std::pair<int, int> > >::size_type[m[K’ {aka ‘[01m[Klong unsigned int[m[K’} [[01;35m[K-Wsign-compare[m[K]
[1.844s]   115 |     for (int i = 0 ; [01;35m[Ki < LabelingArray.size()[m[K ; i++)
[1.844s]       |                      [01;35m[K~~^~~~~~~~~~~~~~~~~~~~~~[m[K
[1.844s] [01m[K/home/dongju/camel-amr-projects/src/amr-main-pkg/src/ClusteringDynamicObs/ClusteringDynamicObs.cpp:[m[K In member function ‘[01m[Kvoid ClusteringDynamicObs::ConnectObs(int, int)[m[K’:
[1.844s] [01m[K/home/dongju/camel-amr-projects/src/amr-main-pkg/src/ClusteringDynamicObs/ClusteringDynamicObs.cpp:144:24:[m[K [01;35m[Kwarning: [m[Kcomparison of integer expressions of different signedness: ‘[01m[Kint[m[K’ and ‘[01m[Kstd::vector<std::pair<std::pair<int, int>, std::pair<int, int> > >::size_type[m[K’ {aka ‘[01m[Klong unsigned int[m[K’} [[01;35m[K-Wsign-compare[m[K]
[1.844s]   144 |     for (int i = 0 ; [01;35m[Ki < LabelingArray.size()[m[K ; i++)
[1.844s]       |                      [01;35m[K~~^~~~~~~~~~~~~~~~~~~~~~[m[K
[2.099s] [ 76%] [32m[1mLinking CXX static library libclusteringDynamicObs_lib.a[0m
[2.109s] [ 76%] Built target clusteringDynamicObs_lib
[2.115s] [ 80%] [34m[1mAutomatic MOC and UIC for target simulmain[0m
[2.365s] [ 80%] Built target simulmain_autogen
[2.371s] [ 88%] [32mBuilding CXX object CMakeFiles/simulmain.dir/simulmain_autogen/mocs_compilation.cpp.o[0m
[2.371s] [ 88%] [32mBuilding CXX object CMakeFiles/simulmain.dir/src/simulmain/simul_main.cpp.o[0m
[2.371s] [ 92%] [32mBuilding CXX object CMakeFiles/simulmain.dir/src/simulmain/mainwindow.cpp.o[0m
[2.371s] [ 96%] [32mBuilding CXX object CMakeFiles/simulmain.dir/src/simulmain/qcustomplot.cpp.o[0m
[5.991s] [01m[K/home/dongju/camel-amr-projects/src/amr-main-pkg/src/simulmain/qcustomplot.cpp:[m[K In member function ‘[01m[KQPointF QCPLabelPainterPrivate::getAnchorPos(const QPointF&)[m[K’:
[5.992s] [01m[K/home/dongju/camel-amr-projects/src/amr-main-pkg/src/simulmain/qcustomplot.cpp:5752:13:[m[K [01;35m[Kwarning: [m[Kthis statement may fall through [[01;35m[K-Wimplicit-fallthrough=[m[K]
[5.992s]  5752 |             [01;35m[Kswitch[m[K (mAnchorSide)
[5.992s]       |             [01;35m[K^~~~~~[m[K
[5.992s] [01m[K/home/dongju/camel-amr-projects/src/amr-main-pkg/src/simulmain/qcustomplot.cpp:5764:9:[m[K [01;36m[Knote: [m[Khere
[5.992s]  5764 |         [01;36m[Kcase[m[K amSkewedUpright:
[5.992s]       |         [01;36m[K^~~~[m[K
[10.211s] [100%] [32m[1mLinking CXX executable simulmain[0m
[10.969s] [100%] Built target simulmain
[10.973s] Invoked command in '/home/dongju/camel-amr-projects/build/amr-main-pkg' returned '0': AMENT_PREFIX_PATH=/home/dongju/camel-amr-projects/install/amr_msg_interfaces:${AMENT_PREFIX_PATH} CMAKE_PREFIX_PATH=/home/dongju/camel-amr-projects/install/amr_msg_interfaces:/opt/ros/foxy LD_LIBRARY_PATH=/home/dongju/camel-amr-projects/install/amr_msg_interfaces/lib:/usr/lib/x86_64-linux-gnu/gazebo-11/plugins:/opt/ros/foxy/opt/yaml_cpp_vendor/lib:/opt/ros/foxy/opt/rviz_ogre_vendor/lib:/opt/ros/foxy/lib/x86_64-linux-gnu:/opt/ros/foxy/lib:home/dongju/raisimLib/install/lib PYTHONPATH=/home/dongju/camel-amr-projects/install/amr_msg_interfaces/lib/python3.8/site-packages:/opt/ros/foxy/lib/python3.8/site-packages:home/dongju/raisimLib/install/lib /usr/local/bin/cmake --build /home/dongju/camel-amr-projects/build/amr-main-pkg -- -j10 -l10
[11.001s] Invoking command in '/home/dongju/camel-amr-projects/build/amr-main-pkg': AMENT_PREFIX_PATH=/home/dongju/camel-amr-projects/install/amr_msg_interfaces:${AMENT_PREFIX_PATH} CMAKE_PREFIX_PATH=/home/dongju/camel-amr-projects/install/amr_msg_interfaces:/opt/ros/foxy LD_LIBRARY_PATH=/home/dongju/camel-amr-projects/install/amr_msg_interfaces/lib:/usr/lib/x86_64-linux-gnu/gazebo-11/plugins:/opt/ros/foxy/opt/yaml_cpp_vendor/lib:/opt/ros/foxy/opt/rviz_ogre_vendor/lib:/opt/ros/foxy/lib/x86_64-linux-gnu:/opt/ros/foxy/lib:home/dongju/raisimLib/install/lib PYTHONPATH=/home/dongju/camel-amr-projects/install/amr_msg_interfaces/lib/python3.8/site-packages:/opt/ros/foxy/lib/python3.8/site-packages:home/dongju/raisimLib/install/lib /usr/local/bin/cmake --install /home/dongju/camel-amr-projects/build/amr-main-pkg
[11.003s] -- Install configuration: ""
[11.003s] -- Execute custom install script
[11.004s] -- Symlinking: /home/dongju/camel-amr-projects/install/amr-main-pkg/include/ClusteringDynamicObs/ClusteringDynamicObs.hpp
[11.006s] -- Symlinking: /home/dongju/camel-amr-projects/install/amr-main-pkg/include/DynamicObstacle/DynamicObstacle.hpp
[11.008s] -- Symlinking: /home/dongju/camel-amr-projects/install/amr-main-pkg/include/ObsDetection/ObsDetection.hpp
[11.010s] -- Symlinking: /home/dongju/camel-amr-projects/install/amr-main-pkg/include/Variables/Variable.hpp
[11.012s] -- Symlinking: /home/dongju/camel-amr-projects/install/amr-main-pkg/include/Variables/mapinfo.hpp
[11.014s] -- Symlinking: /home/dongju/camel-amr-projects/install/amr-main-pkg/include/Visualize/Map_In_Out.hpp
[11.016s] -- Symlinking: /home/dongju/camel-amr-projects/install/amr-main-pkg/include/astar/Astar.hpp
[11.018s] -- Symlinking: /home/dongju/camel-amr-projects/install/amr-main-pkg/include/simulmain/simul_main.hpp
[11.020s] -- Symlinking: /home/dongju/camel-amr-projects/install/amr-main-pkg/lib/libastar_lib.a
[11.022s] -- Symlinking: /home/dongju/camel-amr-projects/install/amr-main-pkg/lib/libvisualize_lib.a
[11.024s] -- Symlinking: /home/dongju/camel-amr-projects/install/amr-main-pkg/lib/libdynamicObstacle_lib.a
[11.025s] -- Symlinking: /home/dongju/camel-amr-projects/install/amr-main-pkg/lib/libobsDetection_lib.a
[11.027s] -- Symlinking: /home/dongju/camel-amr-projects/install/amr-main-pkg/lib/libclusteringDynamicObs_lib.a
[11.029s] -- Symlinking: /home/dongju/camel-amr-projects/install/amr-main-pkg/lib/amr-main-pkg/simulmain
[11.032s] -- Symlinking: /home/dongju/camel-amr-projects/install/amr-main-pkg/share/amr-main-pkg/launch/t
[11.034s] -- Symlinking: /home/dongju/camel-amr-projects/install/amr-main-pkg/share/amr-main-pkg/param/amr_config.yaml
[11.036s] -- Symlinking: /home/dongju/camel-amr-projects/install/amr-main-pkg/share/ament_index/resource_index/package_run_dependencies/amr-main-pkg
[11.038s] -- Symlinking: /home/dongju/camel-amr-projects/install/amr-main-pkg/share/ament_index/resource_index/parent_prefix_path/amr-main-pkg
[11.039s] -- Symlinking: /home/dongju/camel-amr-projects/install/amr-main-pkg/share/amr-main-pkg/environment/ament_prefix_path.sh
[11.042s] -- Symlinking: /home/dongju/camel-amr-projects/install/amr-main-pkg/share/amr-main-pkg/environment/ament_prefix_path.dsv
[11.044s] -- Symlinking: /home/dongju/camel-amr-projects/install/amr-main-pkg/share/amr-main-pkg/environment/path.sh
[11.046s] -- Symlinking: /home/dongju/camel-amr-projects/install/amr-main-pkg/share/amr-main-pkg/environment/path.dsv
[11.047s] -- Symlinking: /home/dongju/camel-amr-projects/install/amr-main-pkg/share/amr-main-pkg/local_setup.bash
[11.049s] -- Symlinking: /home/dongju/camel-amr-projects/install/amr-main-pkg/share/amr-main-pkg/local_setup.sh
[11.051s] -- Symlinking: /home/dongju/camel-amr-projects/install/amr-main-pkg/share/amr-main-pkg/local_setup.zsh
[11.053s] -- Symlinking: /home/dongju/camel-amr-projects/install/amr-main-pkg/share/amr-main-pkg/local_setup.dsv
[11.055s] -- Symlinking: /home/dongju/camel-amr-projects/install/amr-main-pkg/share/amr-main-pkg/package.dsv
[11.057s] -- Symlinking: /home/dongju/camel-amr-projects/install/amr-main-pkg/share/ament_index/resource_index/packages/amr-main-pkg
[11.059s] -- Symlinking: /home/dongju/camel-amr-projects/install/amr-main-pkg/share/amr-main-pkg/cmake/amr-main-pkgConfig.cmake
[11.061s] -- Symlinking: /home/dongju/camel-amr-projects/install/amr-main-pkg/share/amr-main-pkg/cmake/amr-main-pkgConfig-version.cmake
[11.063s] -- Symlinking: /home/dongju/camel-amr-projects/install/amr-main-pkg/share/amr-main-pkg/package.xml
[11.068s] Invoked command in '/home/dongju/camel-amr-projects/build/amr-main-pkg' returned '0': AMENT_PREFIX_PATH=/home/dongju/camel-amr-projects/install/amr_msg_interfaces:${AMENT_PREFIX_PATH} CMAKE_PREFIX_PATH=/home/dongju/camel-amr-projects/install/amr_msg_interfaces:/opt/ros/foxy LD_LIBRARY_PATH=/home/dongju/camel-amr-projects/install/amr_msg_interfaces/lib:/usr/lib/x86_64-linux-gnu/gazebo-11/plugins:/opt/ros/foxy/opt/yaml_cpp_vendor/lib:/opt/ros/foxy/opt/rviz_ogre_vendor/lib:/opt/ros/foxy/lib/x86_64-linux-gnu:/opt/ros/foxy/lib:home/dongju/raisimLib/install/lib PYTHONPATH=/home/dongju/camel-amr-projects/install/amr_msg_interfaces/lib/python3.8/site-packages:/opt/ros/foxy/lib/python3.8/site-packages:home/dongju/raisimLib/install/lib /usr/local/bin/cmake --install /home/dongju/camel-amr-projects/build/amr-main-pkg
